ARM GAS  C:\Users\g\AppData\Local\Temp\cciWnrh1.s 			page 1


   1              		.cpu cortex-m0
   2              		.fpu softvfp
   3              		.eabi_attribute 20, 1
   4              		.eabi_attribute 21, 1
   5              		.eabi_attribute 23, 3
   6              		.eabi_attribute 24, 1
   7              		.eabi_attribute 25, 1
   8              		.eabi_attribute 26, 1
   9              		.eabi_attribute 30, 2
  10              		.eabi_attribute 34, 0
  11              		.eabi_attribute 18, 4
  12              		.code	16
  13              		.file	"pwmISR.c"
  14              		.text
  15              	.Ltext0:
  16              		.cfi_sections	.debug_frame
  17              		.section	.text.pwmISR_Interrupt,"ax",%progbits
  18              		.align	2
  19              		.global	pwmISR_Interrupt
  20              		.code	16
  21              		.thumb_func
  22              		.type	pwmISR_Interrupt, %function
  23              	pwmISR_Interrupt:
  24              	.LFB3:
  25              		.file 1 "Generated_Source\\PSoC4\\pwmISR.c"
   1:Generated_Source\PSoC4/pwmISR.c **** /*******************************************************************************
   2:Generated_Source\PSoC4/pwmISR.c **** * File Name: pwmISR.c  
   3:Generated_Source\PSoC4/pwmISR.c **** * Version 1.70
   4:Generated_Source\PSoC4/pwmISR.c **** *
   5:Generated_Source\PSoC4/pwmISR.c **** *  Description:
   6:Generated_Source\PSoC4/pwmISR.c **** *   API for controlling the state of an interrupt.
   7:Generated_Source\PSoC4/pwmISR.c **** *
   8:Generated_Source\PSoC4/pwmISR.c **** *
   9:Generated_Source\PSoC4/pwmISR.c **** *  Note:
  10:Generated_Source\PSoC4/pwmISR.c **** *
  11:Generated_Source\PSoC4/pwmISR.c **** ********************************************************************************
  12:Generated_Source\PSoC4/pwmISR.c **** * Copyright 2008-2015, Cypress Semiconductor Corporation.  All rights reserved.
  13:Generated_Source\PSoC4/pwmISR.c **** * You may use this file only in accordance with the license, terms, conditions, 
  14:Generated_Source\PSoC4/pwmISR.c **** * disclaimers, and limitations in the end user license agreement accompanying 
  15:Generated_Source\PSoC4/pwmISR.c **** * the software package with which this file was provided.
  16:Generated_Source\PSoC4/pwmISR.c **** *******************************************************************************/
  17:Generated_Source\PSoC4/pwmISR.c **** 
  18:Generated_Source\PSoC4/pwmISR.c **** 
  19:Generated_Source\PSoC4/pwmISR.c **** #include <cydevice_trm.h>
  20:Generated_Source\PSoC4/pwmISR.c **** #include <CyLib.h>
  21:Generated_Source\PSoC4/pwmISR.c **** #include <pwmISR.h>
  22:Generated_Source\PSoC4/pwmISR.c **** #include "cyapicallbacks.h"
  23:Generated_Source\PSoC4/pwmISR.c **** 
  24:Generated_Source\PSoC4/pwmISR.c **** #if !defined(pwmISR__REMOVED) /* Check for removal by optimization */
  25:Generated_Source\PSoC4/pwmISR.c **** 
  26:Generated_Source\PSoC4/pwmISR.c **** /*******************************************************************************
  27:Generated_Source\PSoC4/pwmISR.c **** *  Place your includes, defines and code here 
  28:Generated_Source\PSoC4/pwmISR.c **** ********************************************************************************/
  29:Generated_Source\PSoC4/pwmISR.c **** /* `#START pwmISR_intc` */
  30:Generated_Source\PSoC4/pwmISR.c **** 
  31:Generated_Source\PSoC4/pwmISR.c **** /* `#END` */
  32:Generated_Source\PSoC4/pwmISR.c **** 
ARM GAS  C:\Users\g\AppData\Local\Temp\cciWnrh1.s 			page 2


  33:Generated_Source\PSoC4/pwmISR.c **** extern cyisraddress CyRamVectors[CYINT_IRQ_BASE + CY_NUM_INTERRUPTS];
  34:Generated_Source\PSoC4/pwmISR.c **** 
  35:Generated_Source\PSoC4/pwmISR.c **** /* Declared in startup, used to set unused interrupts to. */
  36:Generated_Source\PSoC4/pwmISR.c **** CY_ISR_PROTO(IntDefaultHandler);
  37:Generated_Source\PSoC4/pwmISR.c **** 
  38:Generated_Source\PSoC4/pwmISR.c **** 
  39:Generated_Source\PSoC4/pwmISR.c **** /*******************************************************************************
  40:Generated_Source\PSoC4/pwmISR.c **** * Function Name: pwmISR_Start
  41:Generated_Source\PSoC4/pwmISR.c **** ********************************************************************************
  42:Generated_Source\PSoC4/pwmISR.c **** *
  43:Generated_Source\PSoC4/pwmISR.c **** * Summary:
  44:Generated_Source\PSoC4/pwmISR.c **** *  Set up the interrupt and enable it. This function disables the interrupt, 
  45:Generated_Source\PSoC4/pwmISR.c **** *  sets the default interrupt vector, sets the priority from the value in the
  46:Generated_Source\PSoC4/pwmISR.c **** *  Design Wide Resources Interrupt Editor, then enables the interrupt to the 
  47:Generated_Source\PSoC4/pwmISR.c **** *  interrupt controller.
  48:Generated_Source\PSoC4/pwmISR.c **** *
  49:Generated_Source\PSoC4/pwmISR.c **** * Parameters:  
  50:Generated_Source\PSoC4/pwmISR.c **** *   None
  51:Generated_Source\PSoC4/pwmISR.c **** *
  52:Generated_Source\PSoC4/pwmISR.c **** * Return:
  53:Generated_Source\PSoC4/pwmISR.c **** *   None
  54:Generated_Source\PSoC4/pwmISR.c **** *
  55:Generated_Source\PSoC4/pwmISR.c **** *******************************************************************************/
  56:Generated_Source\PSoC4/pwmISR.c **** void pwmISR_Start(void)
  57:Generated_Source\PSoC4/pwmISR.c **** {
  58:Generated_Source\PSoC4/pwmISR.c ****     /* For all we know the interrupt is active. */
  59:Generated_Source\PSoC4/pwmISR.c ****     pwmISR_Disable();
  60:Generated_Source\PSoC4/pwmISR.c **** 
  61:Generated_Source\PSoC4/pwmISR.c ****     /* Set the ISR to point to the pwmISR Interrupt. */
  62:Generated_Source\PSoC4/pwmISR.c ****     pwmISR_SetVector(&pwmISR_Interrupt);
  63:Generated_Source\PSoC4/pwmISR.c **** 
  64:Generated_Source\PSoC4/pwmISR.c ****     /* Set the priority. */
  65:Generated_Source\PSoC4/pwmISR.c ****     pwmISR_SetPriority((uint8)pwmISR_INTC_PRIOR_NUMBER);
  66:Generated_Source\PSoC4/pwmISR.c **** 
  67:Generated_Source\PSoC4/pwmISR.c ****     /* Enable it. */
  68:Generated_Source\PSoC4/pwmISR.c ****     pwmISR_Enable();
  69:Generated_Source\PSoC4/pwmISR.c **** }
  70:Generated_Source\PSoC4/pwmISR.c **** 
  71:Generated_Source\PSoC4/pwmISR.c **** 
  72:Generated_Source\PSoC4/pwmISR.c **** /*******************************************************************************
  73:Generated_Source\PSoC4/pwmISR.c **** * Function Name: pwmISR_StartEx
  74:Generated_Source\PSoC4/pwmISR.c **** ********************************************************************************
  75:Generated_Source\PSoC4/pwmISR.c **** *
  76:Generated_Source\PSoC4/pwmISR.c **** * Summary:
  77:Generated_Source\PSoC4/pwmISR.c **** *  Sets up the interrupt and enables it. This function disables the interrupt,
  78:Generated_Source\PSoC4/pwmISR.c **** *  sets the interrupt vector based on the address passed in, sets the priority 
  79:Generated_Source\PSoC4/pwmISR.c **** *  from the value in the Design Wide Resources Interrupt Editor, then enables 
  80:Generated_Source\PSoC4/pwmISR.c **** *  the interrupt to the interrupt controller.
  81:Generated_Source\PSoC4/pwmISR.c **** *  
  82:Generated_Source\PSoC4/pwmISR.c **** *  When defining ISR functions, the CY_ISR and CY_ISR_PROTO macros should be 
  83:Generated_Source\PSoC4/pwmISR.c **** *  used to provide consistent definition across compilers:
  84:Generated_Source\PSoC4/pwmISR.c **** *  
  85:Generated_Source\PSoC4/pwmISR.c **** *  Function definition example:
  86:Generated_Source\PSoC4/pwmISR.c **** *   CY_ISR(MyISR)
  87:Generated_Source\PSoC4/pwmISR.c **** *   {
  88:Generated_Source\PSoC4/pwmISR.c **** *   }
  89:Generated_Source\PSoC4/pwmISR.c **** *   Function prototype example:
ARM GAS  C:\Users\g\AppData\Local\Temp\cciWnrh1.s 			page 3


  90:Generated_Source\PSoC4/pwmISR.c **** *   CY_ISR_PROTO(MyISR);
  91:Generated_Source\PSoC4/pwmISR.c **** *
  92:Generated_Source\PSoC4/pwmISR.c **** * Parameters:  
  93:Generated_Source\PSoC4/pwmISR.c **** *   address: Address of the ISR to set in the interrupt vector table.
  94:Generated_Source\PSoC4/pwmISR.c **** *
  95:Generated_Source\PSoC4/pwmISR.c **** * Return:
  96:Generated_Source\PSoC4/pwmISR.c **** *   None
  97:Generated_Source\PSoC4/pwmISR.c **** *
  98:Generated_Source\PSoC4/pwmISR.c **** *******************************************************************************/
  99:Generated_Source\PSoC4/pwmISR.c **** void pwmISR_StartEx(cyisraddress address)
 100:Generated_Source\PSoC4/pwmISR.c **** {
 101:Generated_Source\PSoC4/pwmISR.c ****     /* For all we know the interrupt is active. */
 102:Generated_Source\PSoC4/pwmISR.c ****     pwmISR_Disable();
 103:Generated_Source\PSoC4/pwmISR.c **** 
 104:Generated_Source\PSoC4/pwmISR.c ****     /* Set the ISR to point to the pwmISR Interrupt. */
 105:Generated_Source\PSoC4/pwmISR.c ****     pwmISR_SetVector(address);
 106:Generated_Source\PSoC4/pwmISR.c **** 
 107:Generated_Source\PSoC4/pwmISR.c ****     /* Set the priority. */
 108:Generated_Source\PSoC4/pwmISR.c ****     pwmISR_SetPriority((uint8)pwmISR_INTC_PRIOR_NUMBER);
 109:Generated_Source\PSoC4/pwmISR.c **** 
 110:Generated_Source\PSoC4/pwmISR.c ****     /* Enable it. */
 111:Generated_Source\PSoC4/pwmISR.c ****     pwmISR_Enable();
 112:Generated_Source\PSoC4/pwmISR.c **** }
 113:Generated_Source\PSoC4/pwmISR.c **** 
 114:Generated_Source\PSoC4/pwmISR.c **** 
 115:Generated_Source\PSoC4/pwmISR.c **** /*******************************************************************************
 116:Generated_Source\PSoC4/pwmISR.c **** * Function Name: pwmISR_Stop
 117:Generated_Source\PSoC4/pwmISR.c **** ********************************************************************************
 118:Generated_Source\PSoC4/pwmISR.c **** *
 119:Generated_Source\PSoC4/pwmISR.c **** * Summary:
 120:Generated_Source\PSoC4/pwmISR.c **** *   Disables and removes the interrupt.
 121:Generated_Source\PSoC4/pwmISR.c **** *
 122:Generated_Source\PSoC4/pwmISR.c **** * Parameters:  
 123:Generated_Source\PSoC4/pwmISR.c **** *   None
 124:Generated_Source\PSoC4/pwmISR.c **** *
 125:Generated_Source\PSoC4/pwmISR.c **** * Return:
 126:Generated_Source\PSoC4/pwmISR.c **** *   None
 127:Generated_Source\PSoC4/pwmISR.c **** *
 128:Generated_Source\PSoC4/pwmISR.c **** *******************************************************************************/
 129:Generated_Source\PSoC4/pwmISR.c **** void pwmISR_Stop(void)
 130:Generated_Source\PSoC4/pwmISR.c **** {
 131:Generated_Source\PSoC4/pwmISR.c ****     /* Disable this interrupt. */
 132:Generated_Source\PSoC4/pwmISR.c ****     pwmISR_Disable();
 133:Generated_Source\PSoC4/pwmISR.c **** 
 134:Generated_Source\PSoC4/pwmISR.c ****     /* Set the ISR to point to the passive one. */
 135:Generated_Source\PSoC4/pwmISR.c ****     pwmISR_SetVector(&IntDefaultHandler);
 136:Generated_Source\PSoC4/pwmISR.c **** }
 137:Generated_Source\PSoC4/pwmISR.c **** 
 138:Generated_Source\PSoC4/pwmISR.c **** 
 139:Generated_Source\PSoC4/pwmISR.c **** /*******************************************************************************
 140:Generated_Source\PSoC4/pwmISR.c **** * Function Name: pwmISR_Interrupt
 141:Generated_Source\PSoC4/pwmISR.c **** ********************************************************************************
 142:Generated_Source\PSoC4/pwmISR.c **** *
 143:Generated_Source\PSoC4/pwmISR.c **** * Summary:
 144:Generated_Source\PSoC4/pwmISR.c **** *   The default Interrupt Service Routine for pwmISR.
 145:Generated_Source\PSoC4/pwmISR.c **** *
 146:Generated_Source\PSoC4/pwmISR.c **** *   Add custom code between the START and END comments to keep the next version
ARM GAS  C:\Users\g\AppData\Local\Temp\cciWnrh1.s 			page 4


 147:Generated_Source\PSoC4/pwmISR.c **** *   of this file from over-writing your code.
 148:Generated_Source\PSoC4/pwmISR.c **** *
 149:Generated_Source\PSoC4/pwmISR.c **** *   Note You may use either the default ISR by using this API, or you may define
 150:Generated_Source\PSoC4/pwmISR.c **** *   your own separate ISR through ISR_StartEx().
 151:Generated_Source\PSoC4/pwmISR.c **** *
 152:Generated_Source\PSoC4/pwmISR.c **** * Parameters:  
 153:Generated_Source\PSoC4/pwmISR.c **** *   None
 154:Generated_Source\PSoC4/pwmISR.c **** *
 155:Generated_Source\PSoC4/pwmISR.c **** * Return:
 156:Generated_Source\PSoC4/pwmISR.c **** *   None
 157:Generated_Source\PSoC4/pwmISR.c **** *
 158:Generated_Source\PSoC4/pwmISR.c **** *******************************************************************************/
 159:Generated_Source\PSoC4/pwmISR.c **** CY_ISR(pwmISR_Interrupt)
 160:Generated_Source\PSoC4/pwmISR.c **** {
  26              		.loc 1 160 0
  27              		.cfi_startproc
 161:Generated_Source\PSoC4/pwmISR.c ****     #ifdef pwmISR_INTERRUPT_INTERRUPT_CALLBACK
 162:Generated_Source\PSoC4/pwmISR.c ****         pwmISR_Interrupt_InterruptCallback();
 163:Generated_Source\PSoC4/pwmISR.c ****     #endif /* pwmISR_INTERRUPT_INTERRUPT_CALLBACK */ 
 164:Generated_Source\PSoC4/pwmISR.c **** 
 165:Generated_Source\PSoC4/pwmISR.c ****     /*  Place your Interrupt code here. */
 166:Generated_Source\PSoC4/pwmISR.c ****     /* `#START pwmISR_Interrupt` */
 167:Generated_Source\PSoC4/pwmISR.c **** 
 168:Generated_Source\PSoC4/pwmISR.c ****     /* `#END` */
 169:Generated_Source\PSoC4/pwmISR.c **** }
  28              		.loc 1 169 0
  29              		@ sp needed
  30 0000 7047     		bx	lr
  31              		.cfi_endproc
  32              	.LFE3:
  33              		.size	pwmISR_Interrupt, .-pwmISR_Interrupt
  34 0002 C046     		.section	.text.pwmISR_Stop,"ax",%progbits
  35              		.align	2
  36              		.global	pwmISR_Stop
  37              		.code	16
  38              		.thumb_func
  39              		.type	pwmISR_Stop, %function
  40              	pwmISR_Stop:
  41              	.LFB2:
 130:Generated_Source\PSoC4/pwmISR.c ****     /* Disable this interrupt. */
  42              		.loc 1 130 0
  43              		.cfi_startproc
  44              	.LBB18:
  45              	.LBB19:
 170:Generated_Source\PSoC4/pwmISR.c **** 
 171:Generated_Source\PSoC4/pwmISR.c **** 
 172:Generated_Source\PSoC4/pwmISR.c **** /*******************************************************************************
 173:Generated_Source\PSoC4/pwmISR.c **** * Function Name: pwmISR_SetVector
 174:Generated_Source\PSoC4/pwmISR.c **** ********************************************************************************
 175:Generated_Source\PSoC4/pwmISR.c **** *
 176:Generated_Source\PSoC4/pwmISR.c **** * Summary:
 177:Generated_Source\PSoC4/pwmISR.c **** *   Change the ISR vector for the Interrupt. Note calling pwmISR_Start
 178:Generated_Source\PSoC4/pwmISR.c **** *   will override any effect this method would have had. To set the vector 
 179:Generated_Source\PSoC4/pwmISR.c **** *   before the component has been started use pwmISR_StartEx instead.
 180:Generated_Source\PSoC4/pwmISR.c **** * 
 181:Generated_Source\PSoC4/pwmISR.c **** *   When defining ISR functions, the CY_ISR and CY_ISR_PROTO macros should be 
 182:Generated_Source\PSoC4/pwmISR.c **** *   used to provide consistent definition across compilers:
ARM GAS  C:\Users\g\AppData\Local\Temp\cciWnrh1.s 			page 5


 183:Generated_Source\PSoC4/pwmISR.c **** *
 184:Generated_Source\PSoC4/pwmISR.c **** *   Function definition example:
 185:Generated_Source\PSoC4/pwmISR.c **** *   CY_ISR(MyISR)
 186:Generated_Source\PSoC4/pwmISR.c **** *   {
 187:Generated_Source\PSoC4/pwmISR.c **** *   }
 188:Generated_Source\PSoC4/pwmISR.c **** *
 189:Generated_Source\PSoC4/pwmISR.c **** *   Function prototype example:
 190:Generated_Source\PSoC4/pwmISR.c **** *     CY_ISR_PROTO(MyISR);
 191:Generated_Source\PSoC4/pwmISR.c **** *
 192:Generated_Source\PSoC4/pwmISR.c **** * Parameters:
 193:Generated_Source\PSoC4/pwmISR.c **** *   address: Address of the ISR to set in the interrupt vector table.
 194:Generated_Source\PSoC4/pwmISR.c **** *
 195:Generated_Source\PSoC4/pwmISR.c **** * Return:
 196:Generated_Source\PSoC4/pwmISR.c **** *   None
 197:Generated_Source\PSoC4/pwmISR.c **** *
 198:Generated_Source\PSoC4/pwmISR.c **** *******************************************************************************/
 199:Generated_Source\PSoC4/pwmISR.c **** void pwmISR_SetVector(cyisraddress address)
 200:Generated_Source\PSoC4/pwmISR.c **** {
 201:Generated_Source\PSoC4/pwmISR.c ****     CyRamVectors[CYINT_IRQ_BASE + pwmISR__INTC_NUMBER] = address;
 202:Generated_Source\PSoC4/pwmISR.c **** }
 203:Generated_Source\PSoC4/pwmISR.c **** 
 204:Generated_Source\PSoC4/pwmISR.c **** 
 205:Generated_Source\PSoC4/pwmISR.c **** /*******************************************************************************
 206:Generated_Source\PSoC4/pwmISR.c **** * Function Name: pwmISR_GetVector
 207:Generated_Source\PSoC4/pwmISR.c **** ********************************************************************************
 208:Generated_Source\PSoC4/pwmISR.c **** *
 209:Generated_Source\PSoC4/pwmISR.c **** * Summary:
 210:Generated_Source\PSoC4/pwmISR.c **** *   Gets the "address" of the current ISR vector for the Interrupt.
 211:Generated_Source\PSoC4/pwmISR.c **** *
 212:Generated_Source\PSoC4/pwmISR.c **** * Parameters:
 213:Generated_Source\PSoC4/pwmISR.c **** *   None
 214:Generated_Source\PSoC4/pwmISR.c **** *
 215:Generated_Source\PSoC4/pwmISR.c **** * Return:
 216:Generated_Source\PSoC4/pwmISR.c **** *   Address of the ISR in the interrupt vector table.
 217:Generated_Source\PSoC4/pwmISR.c **** *
 218:Generated_Source\PSoC4/pwmISR.c **** *******************************************************************************/
 219:Generated_Source\PSoC4/pwmISR.c **** cyisraddress pwmISR_GetVector(void)
 220:Generated_Source\PSoC4/pwmISR.c **** {
 221:Generated_Source\PSoC4/pwmISR.c ****     return CyRamVectors[CYINT_IRQ_BASE + pwmISR__INTC_NUMBER];
 222:Generated_Source\PSoC4/pwmISR.c **** }
 223:Generated_Source\PSoC4/pwmISR.c **** 
 224:Generated_Source\PSoC4/pwmISR.c **** 
 225:Generated_Source\PSoC4/pwmISR.c **** /*******************************************************************************
 226:Generated_Source\PSoC4/pwmISR.c **** * Function Name: pwmISR_SetPriority
 227:Generated_Source\PSoC4/pwmISR.c **** ********************************************************************************
 228:Generated_Source\PSoC4/pwmISR.c **** *
 229:Generated_Source\PSoC4/pwmISR.c **** * Summary:
 230:Generated_Source\PSoC4/pwmISR.c **** *   Sets the Priority of the Interrupt. 
 231:Generated_Source\PSoC4/pwmISR.c **** *
 232:Generated_Source\PSoC4/pwmISR.c **** *   Note calling pwmISR_Start or pwmISR_StartEx will 
 233:Generated_Source\PSoC4/pwmISR.c **** *   override any effect this API would have had. This API should only be called
 234:Generated_Source\PSoC4/pwmISR.c **** *   after pwmISR_Start or pwmISR_StartEx has been called. 
 235:Generated_Source\PSoC4/pwmISR.c **** *   To set the initial priority for the component, use the Design-Wide Resources
 236:Generated_Source\PSoC4/pwmISR.c **** *   Interrupt Editor.
 237:Generated_Source\PSoC4/pwmISR.c **** *
 238:Generated_Source\PSoC4/pwmISR.c **** *   Note This API has no effect on Non-maskable interrupt NMI).
 239:Generated_Source\PSoC4/pwmISR.c **** *
ARM GAS  C:\Users\g\AppData\Local\Temp\cciWnrh1.s 			page 6


 240:Generated_Source\PSoC4/pwmISR.c **** * Parameters:
 241:Generated_Source\PSoC4/pwmISR.c **** *   priority: Priority of the interrupt, 0 being the highest priority
 242:Generated_Source\PSoC4/pwmISR.c **** *             PSoC 3 and PSoC 5LP: Priority is from 0 to 7.
 243:Generated_Source\PSoC4/pwmISR.c **** *             PSoC 4: Priority is from 0 to 3.
 244:Generated_Source\PSoC4/pwmISR.c **** *
 245:Generated_Source\PSoC4/pwmISR.c **** * Return:
 246:Generated_Source\PSoC4/pwmISR.c **** *   None
 247:Generated_Source\PSoC4/pwmISR.c **** *
 248:Generated_Source\PSoC4/pwmISR.c **** *******************************************************************************/
 249:Generated_Source\PSoC4/pwmISR.c **** void pwmISR_SetPriority(uint8 priority)
 250:Generated_Source\PSoC4/pwmISR.c **** {
 251:Generated_Source\PSoC4/pwmISR.c **** 	uint8 interruptState;
 252:Generated_Source\PSoC4/pwmISR.c ****     uint32 priorityOffset = ((pwmISR__INTC_NUMBER % 4u) * 8u) + 6u;
 253:Generated_Source\PSoC4/pwmISR.c ****     
 254:Generated_Source\PSoC4/pwmISR.c **** 	interruptState = CyEnterCriticalSection();
 255:Generated_Source\PSoC4/pwmISR.c ****     *pwmISR_INTC_PRIOR = (*pwmISR_INTC_PRIOR & (uint32)(~pwmISR__INTC_PRIOR_MASK)) |
 256:Generated_Source\PSoC4/pwmISR.c ****                                     ((uint32)priority << priorityOffset);
 257:Generated_Source\PSoC4/pwmISR.c **** 	CyExitCriticalSection(interruptState);
 258:Generated_Source\PSoC4/pwmISR.c **** }
 259:Generated_Source\PSoC4/pwmISR.c **** 
 260:Generated_Source\PSoC4/pwmISR.c **** 
 261:Generated_Source\PSoC4/pwmISR.c **** /*******************************************************************************
 262:Generated_Source\PSoC4/pwmISR.c **** * Function Name: pwmISR_GetPriority
 263:Generated_Source\PSoC4/pwmISR.c **** ********************************************************************************
 264:Generated_Source\PSoC4/pwmISR.c **** *
 265:Generated_Source\PSoC4/pwmISR.c **** * Summary:
 266:Generated_Source\PSoC4/pwmISR.c **** *   Gets the Priority of the Interrupt.
 267:Generated_Source\PSoC4/pwmISR.c **** *
 268:Generated_Source\PSoC4/pwmISR.c **** * Parameters:
 269:Generated_Source\PSoC4/pwmISR.c **** *   None
 270:Generated_Source\PSoC4/pwmISR.c **** *
 271:Generated_Source\PSoC4/pwmISR.c **** * Return:
 272:Generated_Source\PSoC4/pwmISR.c **** *   Priority of the interrupt, 0 being the highest priority
 273:Generated_Source\PSoC4/pwmISR.c **** *    PSoC 3 and PSoC 5LP: Priority is from 0 to 7.
 274:Generated_Source\PSoC4/pwmISR.c **** *    PSoC 4: Priority is from 0 to 3.
 275:Generated_Source\PSoC4/pwmISR.c **** *
 276:Generated_Source\PSoC4/pwmISR.c **** *******************************************************************************/
 277:Generated_Source\PSoC4/pwmISR.c **** uint8 pwmISR_GetPriority(void)
 278:Generated_Source\PSoC4/pwmISR.c **** {
 279:Generated_Source\PSoC4/pwmISR.c ****     uint32 priority;
 280:Generated_Source\PSoC4/pwmISR.c **** 	uint32 priorityOffset = ((pwmISR__INTC_NUMBER % 4u) * 8u) + 6u;
 281:Generated_Source\PSoC4/pwmISR.c **** 
 282:Generated_Source\PSoC4/pwmISR.c ****     priority = (*pwmISR_INTC_PRIOR & pwmISR__INTC_PRIOR_MASK) >> priorityOffset;
 283:Generated_Source\PSoC4/pwmISR.c **** 
 284:Generated_Source\PSoC4/pwmISR.c ****     return (uint8)priority;
 285:Generated_Source\PSoC4/pwmISR.c **** }
 286:Generated_Source\PSoC4/pwmISR.c **** 
 287:Generated_Source\PSoC4/pwmISR.c **** 
 288:Generated_Source\PSoC4/pwmISR.c **** /*******************************************************************************
 289:Generated_Source\PSoC4/pwmISR.c **** * Function Name: pwmISR_Enable
 290:Generated_Source\PSoC4/pwmISR.c **** ********************************************************************************
 291:Generated_Source\PSoC4/pwmISR.c **** *
 292:Generated_Source\PSoC4/pwmISR.c **** * Summary:
 293:Generated_Source\PSoC4/pwmISR.c **** *   Enables the interrupt to the interrupt controller. Do not call this function
 294:Generated_Source\PSoC4/pwmISR.c **** *   unless ISR_Start() has been called or the functionality of the ISR_Start() 
 295:Generated_Source\PSoC4/pwmISR.c **** *   function, which sets the vector and the priority, has been called.
 296:Generated_Source\PSoC4/pwmISR.c **** *
ARM GAS  C:\Users\g\AppData\Local\Temp\cciWnrh1.s 			page 7


 297:Generated_Source\PSoC4/pwmISR.c **** * Parameters:
 298:Generated_Source\PSoC4/pwmISR.c **** *   None
 299:Generated_Source\PSoC4/pwmISR.c **** *
 300:Generated_Source\PSoC4/pwmISR.c **** * Return:
 301:Generated_Source\PSoC4/pwmISR.c **** *   None
 302:Generated_Source\PSoC4/pwmISR.c **** *
 303:Generated_Source\PSoC4/pwmISR.c **** *******************************************************************************/
 304:Generated_Source\PSoC4/pwmISR.c **** void pwmISR_Enable(void)
 305:Generated_Source\PSoC4/pwmISR.c **** {
 306:Generated_Source\PSoC4/pwmISR.c ****     /* Enable the general interrupt. */
 307:Generated_Source\PSoC4/pwmISR.c ****     *pwmISR_INTC_SET_EN = pwmISR__INTC_MASK;
 308:Generated_Source\PSoC4/pwmISR.c **** }
 309:Generated_Source\PSoC4/pwmISR.c **** 
 310:Generated_Source\PSoC4/pwmISR.c **** 
 311:Generated_Source\PSoC4/pwmISR.c **** /*******************************************************************************
 312:Generated_Source\PSoC4/pwmISR.c **** * Function Name: pwmISR_GetState
 313:Generated_Source\PSoC4/pwmISR.c **** ********************************************************************************
 314:Generated_Source\PSoC4/pwmISR.c **** *
 315:Generated_Source\PSoC4/pwmISR.c **** * Summary:
 316:Generated_Source\PSoC4/pwmISR.c **** *   Gets the state (enabled, disabled) of the Interrupt.
 317:Generated_Source\PSoC4/pwmISR.c **** *
 318:Generated_Source\PSoC4/pwmISR.c **** * Parameters:
 319:Generated_Source\PSoC4/pwmISR.c **** *   None
 320:Generated_Source\PSoC4/pwmISR.c **** *
 321:Generated_Source\PSoC4/pwmISR.c **** * Return:
 322:Generated_Source\PSoC4/pwmISR.c **** *   1 if enabled, 0 if disabled.
 323:Generated_Source\PSoC4/pwmISR.c **** *
 324:Generated_Source\PSoC4/pwmISR.c **** *******************************************************************************/
 325:Generated_Source\PSoC4/pwmISR.c **** uint8 pwmISR_GetState(void)
 326:Generated_Source\PSoC4/pwmISR.c **** {
 327:Generated_Source\PSoC4/pwmISR.c ****     /* Get the state of the general interrupt. */
 328:Generated_Source\PSoC4/pwmISR.c ****     return ((*pwmISR_INTC_SET_EN & (uint32)pwmISR__INTC_MASK) != 0u) ? 1u:0u;
 329:Generated_Source\PSoC4/pwmISR.c **** }
 330:Generated_Source\PSoC4/pwmISR.c **** 
 331:Generated_Source\PSoC4/pwmISR.c **** 
 332:Generated_Source\PSoC4/pwmISR.c **** /*******************************************************************************
 333:Generated_Source\PSoC4/pwmISR.c **** * Function Name: pwmISR_Disable
 334:Generated_Source\PSoC4/pwmISR.c **** ********************************************************************************
 335:Generated_Source\PSoC4/pwmISR.c **** *
 336:Generated_Source\PSoC4/pwmISR.c **** * Summary:
 337:Generated_Source\PSoC4/pwmISR.c **** *   Disables the Interrupt in the interrupt controller.
 338:Generated_Source\PSoC4/pwmISR.c **** *
 339:Generated_Source\PSoC4/pwmISR.c **** * Parameters:
 340:Generated_Source\PSoC4/pwmISR.c **** *   None
 341:Generated_Source\PSoC4/pwmISR.c **** *
 342:Generated_Source\PSoC4/pwmISR.c **** * Return:
 343:Generated_Source\PSoC4/pwmISR.c **** *   None
 344:Generated_Source\PSoC4/pwmISR.c **** *
 345:Generated_Source\PSoC4/pwmISR.c **** *******************************************************************************/
 346:Generated_Source\PSoC4/pwmISR.c **** void pwmISR_Disable(void)
 347:Generated_Source\PSoC4/pwmISR.c **** {
 348:Generated_Source\PSoC4/pwmISR.c ****     /* Disable the general interrupt. */
 349:Generated_Source\PSoC4/pwmISR.c ****     *pwmISR_INTC_CLR_EN = pwmISR__INTC_MASK;
  46              		.loc 1 349 0
  47 0000 8022     		mov	r2, #128
  48 0002 044B     		ldr	r3, .L3
  49 0004 5202     		lsl	r2, r2, #9
ARM GAS  C:\Users\g\AppData\Local\Temp\cciWnrh1.s 			page 8


  50 0006 1A60     		str	r2, [r3]
  51              	.LVL0:
  52              	.LBE19:
  53              	.LBE18:
  54              	.LBB20:
  55              	.LBB21:
 201:Generated_Source\PSoC4/pwmISR.c **** }
  56              		.loc 1 201 0
  57 0008 8023     		mov	r3, #128
  58 000a 0349     		ldr	r1, .L3+4
  59 000c 034A     		ldr	r2, .L3+8
  60              	.LBE21:
  61              	.LBE20:
 136:Generated_Source\PSoC4/pwmISR.c **** 
  62              		.loc 1 136 0
  63              		@ sp needed
  64              	.LBB23:
  65              	.LBB22:
 201:Generated_Source\PSoC4/pwmISR.c **** }
  66              		.loc 1 201 0
  67 000e D150     		str	r1, [r2, r3]
  68              	.LBE22:
  69              	.LBE23:
 136:Generated_Source\PSoC4/pwmISR.c **** 
  70              		.loc 1 136 0
  71 0010 7047     		bx	lr
  72              	.L4:
  73 0012 C046     		.align	2
  74              	.L3:
  75 0014 80E100E0 		.word	-536813184
  76 0018 00000000 		.word	IntDefaultHandler
  77 001c 00000000 		.word	CyRamVectors
  78              		.cfi_endproc
  79              	.LFE2:
  80              		.size	pwmISR_Stop, .-pwmISR_Stop
  81              		.section	.text.pwmISR_SetVector,"ax",%progbits
  82              		.align	2
  83              		.global	pwmISR_SetVector
  84              		.code	16
  85              		.thumb_func
  86              		.type	pwmISR_SetVector, %function
  87              	pwmISR_SetVector:
  88              	.LFB4:
 200:Generated_Source\PSoC4/pwmISR.c ****     CyRamVectors[CYINT_IRQ_BASE + pwmISR__INTC_NUMBER] = address;
  89              		.loc 1 200 0
  90              		.cfi_startproc
  91              	.LVL1:
 201:Generated_Source\PSoC4/pwmISR.c **** }
  92              		.loc 1 201 0
  93 0000 8023     		mov	r3, #128
  94 0002 014A     		ldr	r2, .L6
 202:Generated_Source\PSoC4/pwmISR.c **** 
  95              		.loc 1 202 0
  96              		@ sp needed
 201:Generated_Source\PSoC4/pwmISR.c **** }
  97              		.loc 1 201 0
  98 0004 D050     		str	r0, [r2, r3]
ARM GAS  C:\Users\g\AppData\Local\Temp\cciWnrh1.s 			page 9


 202:Generated_Source\PSoC4/pwmISR.c **** 
  99              		.loc 1 202 0
 100 0006 7047     		bx	lr
 101              	.L7:
 102              		.align	2
 103              	.L6:
 104 0008 00000000 		.word	CyRamVectors
 105              		.cfi_endproc
 106              	.LFE4:
 107              		.size	pwmISR_SetVector, .-pwmISR_SetVector
 108              		.section	.text.pwmISR_GetVector,"ax",%progbits
 109              		.align	2
 110              		.global	pwmISR_GetVector
 111              		.code	16
 112              		.thumb_func
 113              		.type	pwmISR_GetVector, %function
 114              	pwmISR_GetVector:
 115              	.LFB5:
 220:Generated_Source\PSoC4/pwmISR.c ****     return CyRamVectors[CYINT_IRQ_BASE + pwmISR__INTC_NUMBER];
 116              		.loc 1 220 0
 117              		.cfi_startproc
 221:Generated_Source\PSoC4/pwmISR.c **** }
 118              		.loc 1 221 0
 119 0000 8023     		mov	r3, #128
 120 0002 014A     		ldr	r2, .L9
 222:Generated_Source\PSoC4/pwmISR.c **** 
 121              		.loc 1 222 0
 122              		@ sp needed
 221:Generated_Source\PSoC4/pwmISR.c **** }
 123              		.loc 1 221 0
 124 0004 D058     		ldr	r0, [r2, r3]
 222:Generated_Source\PSoC4/pwmISR.c **** 
 125              		.loc 1 222 0
 126 0006 7047     		bx	lr
 127              	.L10:
 128              		.align	2
 129              	.L9:
 130 0008 00000000 		.word	CyRamVectors
 131              		.cfi_endproc
 132              	.LFE5:
 133              		.size	pwmISR_GetVector, .-pwmISR_GetVector
 134              		.section	.text.pwmISR_SetPriority,"ax",%progbits
 135              		.align	2
 136              		.global	pwmISR_SetPriority
 137              		.code	16
 138              		.thumb_func
 139              		.type	pwmISR_SetPriority, %function
 140              	pwmISR_SetPriority:
 141              	.LFB6:
 250:Generated_Source\PSoC4/pwmISR.c **** 	uint8 interruptState;
 142              		.loc 1 250 0
 143              		.cfi_startproc
 144              	.LVL2:
 145 0000 10B5     		push	{r4, lr}
 146              		.cfi_def_cfa_offset 8
 147              		.cfi_offset 4, -8
 148              		.cfi_offset 14, -4
ARM GAS  C:\Users\g\AppData\Local\Temp\cciWnrh1.s 			page 10


 250:Generated_Source\PSoC4/pwmISR.c **** 	uint8 interruptState;
 149              		.loc 1 250 0
 150 0002 041C     		mov	r4, r0
 254:Generated_Source\PSoC4/pwmISR.c ****     *pwmISR_INTC_PRIOR = (*pwmISR_INTC_PRIOR & (uint32)(~pwmISR__INTC_PRIOR_MASK)) |
 151              		.loc 1 254 0
 152 0004 FFF7FEFF 		bl	CyEnterCriticalSection
 153              	.LVL3:
 255:Generated_Source\PSoC4/pwmISR.c ****                                     ((uint32)priority << priorityOffset);
 154              		.loc 1 255 0
 155 0008 C021     		mov	r1, #192
 156 000a 044A     		ldr	r2, .L12
 256:Generated_Source\PSoC4/pwmISR.c **** 	CyExitCriticalSection(interruptState);
 157              		.loc 1 256 0
 158 000c A401     		lsl	r4, r4, #6
 255:Generated_Source\PSoC4/pwmISR.c ****                                     ((uint32)priority << priorityOffset);
 159              		.loc 1 255 0
 160 000e 1368     		ldr	r3, [r2]
 258:Generated_Source\PSoC4/pwmISR.c **** 
 161              		.loc 1 258 0
 162              		@ sp needed
 255:Generated_Source\PSoC4/pwmISR.c ****                                     ((uint32)priority << priorityOffset);
 163              		.loc 1 255 0
 164 0010 8B43     		bic	r3, r1
 165 0012 2343     		orr	r3, r4
 166 0014 1360     		str	r3, [r2]
 257:Generated_Source\PSoC4/pwmISR.c **** }
 167              		.loc 1 257 0
 168 0016 FFF7FEFF 		bl	CyExitCriticalSection
 169              	.LVL4:
 258:Generated_Source\PSoC4/pwmISR.c **** 
 170              		.loc 1 258 0
 171 001a 10BD     		pop	{r4, pc}
 172              	.L13:
 173              		.align	2
 174              	.L12:
 175 001c 10E400E0 		.word	-536812528
 176              		.cfi_endproc
 177              	.LFE6:
 178              		.size	pwmISR_SetPriority, .-pwmISR_SetPriority
 179              		.section	.text.pwmISR_Start,"ax",%progbits
 180              		.align	2
 181              		.global	pwmISR_Start
 182              		.code	16
 183              		.thumb_func
 184              		.type	pwmISR_Start, %function
 185              	pwmISR_Start:
 186              	.LFB0:
  57:Generated_Source\PSoC4/pwmISR.c ****     /* For all we know the interrupt is active. */
 187              		.loc 1 57 0
 188              		.cfi_startproc
 189 0000 10B5     		push	{r4, lr}
 190              		.cfi_def_cfa_offset 8
 191              		.cfi_offset 4, -8
 192              		.cfi_offset 14, -4
 193              	.LBB24:
 194              	.LBB25:
 195              		.loc 1 349 0
ARM GAS  C:\Users\g\AppData\Local\Temp\cciWnrh1.s 			page 11


 196 0002 8024     		mov	r4, #128
 197 0004 064B     		ldr	r3, .L15
 198 0006 6402     		lsl	r4, r4, #9
 199 0008 1C60     		str	r4, [r3]
 200              	.LVL5:
 201              	.LBE25:
 202              	.LBE24:
 203              	.LBB26:
 204              	.LBB27:
 201:Generated_Source\PSoC4/pwmISR.c **** }
 205              		.loc 1 201 0
 206 000a 8023     		mov	r3, #128
 207 000c 0549     		ldr	r1, .L15+4
 208 000e 064A     		ldr	r2, .L15+8
 209              	.LBE27:
 210              	.LBE26:
  65:Generated_Source\PSoC4/pwmISR.c **** 
 211              		.loc 1 65 0
 212 0010 0320     		mov	r0, #3
 213              	.LBB29:
 214              	.LBB28:
 201:Generated_Source\PSoC4/pwmISR.c **** }
 215              		.loc 1 201 0
 216 0012 D150     		str	r1, [r2, r3]
 217              	.LBE28:
 218              	.LBE29:
  65:Generated_Source\PSoC4/pwmISR.c **** 
 219              		.loc 1 65 0
 220 0014 FFF7FEFF 		bl	pwmISR_SetPriority
 221              	.LVL6:
 222              	.LBB30:
 223              	.LBB31:
 307:Generated_Source\PSoC4/pwmISR.c **** }
 224              		.loc 1 307 0
 225 0018 044B     		ldr	r3, .L15+12
 226              	.LBE31:
 227              	.LBE30:
  69:Generated_Source\PSoC4/pwmISR.c **** 
 228              		.loc 1 69 0
 229              		@ sp needed
 230              	.LBB33:
 231              	.LBB32:
 307:Generated_Source\PSoC4/pwmISR.c **** }
 232              		.loc 1 307 0
 233 001a 1C60     		str	r4, [r3]
 234              	.LBE32:
 235              	.LBE33:
  69:Generated_Source\PSoC4/pwmISR.c **** 
 236              		.loc 1 69 0
 237 001c 10BD     		pop	{r4, pc}
 238              	.L16:
 239 001e C046     		.align	2
 240              	.L15:
 241 0020 80E100E0 		.word	-536813184
 242 0024 00000000 		.word	pwmISR_Interrupt
 243 0028 00000000 		.word	CyRamVectors
 244 002c 00E100E0 		.word	-536813312
ARM GAS  C:\Users\g\AppData\Local\Temp\cciWnrh1.s 			page 12


 245              		.cfi_endproc
 246              	.LFE0:
 247              		.size	pwmISR_Start, .-pwmISR_Start
 248              		.section	.text.pwmISR_StartEx,"ax",%progbits
 249              		.align	2
 250              		.global	pwmISR_StartEx
 251              		.code	16
 252              		.thumb_func
 253              		.type	pwmISR_StartEx, %function
 254              	pwmISR_StartEx:
 255              	.LFB1:
 100:Generated_Source\PSoC4/pwmISR.c ****     /* For all we know the interrupt is active. */
 256              		.loc 1 100 0
 257              		.cfi_startproc
 258              	.LVL7:
 259 0000 10B5     		push	{r4, lr}
 260              		.cfi_def_cfa_offset 8
 261              		.cfi_offset 4, -8
 262              		.cfi_offset 14, -4
 263              	.LBB34:
 264              	.LBB35:
 265              		.loc 1 349 0
 266 0002 8024     		mov	r4, #128
 267 0004 054B     		ldr	r3, .L18
 268 0006 6402     		lsl	r4, r4, #9
 269 0008 1C60     		str	r4, [r3]
 270              	.LVL8:
 271              	.LBE35:
 272              	.LBE34:
 273              	.LBB36:
 274              	.LBB37:
 201:Generated_Source\PSoC4/pwmISR.c **** }
 275              		.loc 1 201 0
 276 000a 8023     		mov	r3, #128
 277 000c 044A     		ldr	r2, .L18+4
 278              	.LBE37:
 279              	.LBE36:
 112:Generated_Source\PSoC4/pwmISR.c **** 
 280              		.loc 1 112 0
 281              		@ sp needed
 282              	.LBB39:
 283              	.LBB38:
 201:Generated_Source\PSoC4/pwmISR.c **** }
 284              		.loc 1 201 0
 285 000e D050     		str	r0, [r2, r3]
 286              	.LBE38:
 287              	.LBE39:
 108:Generated_Source\PSoC4/pwmISR.c **** 
 288              		.loc 1 108 0
 289 0010 0320     		mov	r0, #3
 290              	.LVL9:
 291 0012 FFF7FEFF 		bl	pwmISR_SetPriority
 292              	.LVL10:
 293              	.LBB40:
 294              	.LBB41:
 307:Generated_Source\PSoC4/pwmISR.c **** }
 295              		.loc 1 307 0
ARM GAS  C:\Users\g\AppData\Local\Temp\cciWnrh1.s 			page 13


 296 0016 034B     		ldr	r3, .L18+8
 297 0018 1C60     		str	r4, [r3]
 298              	.LBE41:
 299              	.LBE40:
 112:Generated_Source\PSoC4/pwmISR.c **** 
 300              		.loc 1 112 0
 301 001a 10BD     		pop	{r4, pc}
 302              	.L19:
 303              		.align	2
 304              	.L18:
 305 001c 80E100E0 		.word	-536813184
 306 0020 00000000 		.word	CyRamVectors
 307 0024 00E100E0 		.word	-536813312
 308              		.cfi_endproc
 309              	.LFE1:
 310              		.size	pwmISR_StartEx, .-pwmISR_StartEx
 311              		.section	.text.pwmISR_GetPriority,"ax",%progbits
 312              		.align	2
 313              		.global	pwmISR_GetPriority
 314              		.code	16
 315              		.thumb_func
 316              		.type	pwmISR_GetPriority, %function
 317              	pwmISR_GetPriority:
 318              	.LFB7:
 278:Generated_Source\PSoC4/pwmISR.c ****     uint32 priority;
 319              		.loc 1 278 0
 320              		.cfi_startproc
 321              	.LVL11:
 282:Generated_Source\PSoC4/pwmISR.c **** 
 322              		.loc 1 282 0
 323 0000 024B     		ldr	r3, .L21
 285:Generated_Source\PSoC4/pwmISR.c **** 
 324              		.loc 1 285 0
 325              		@ sp needed
 282:Generated_Source\PSoC4/pwmISR.c **** 
 326              		.loc 1 282 0
 327 0002 1868     		ldr	r0, [r3]
 328              	.LVL12:
 329 0004 0006     		lsl	r0, r0, #24
 330              	.LVL13:
 284:Generated_Source\PSoC4/pwmISR.c **** }
 331              		.loc 1 284 0
 332 0006 800F     		lsr	r0, r0, #30
 285:Generated_Source\PSoC4/pwmISR.c **** 
 333              		.loc 1 285 0
 334 0008 7047     		bx	lr
 335              	.L22:
 336 000a C046     		.align	2
 337              	.L21:
 338 000c 10E400E0 		.word	-536812528
 339              		.cfi_endproc
 340              	.LFE7:
 341              		.size	pwmISR_GetPriority, .-pwmISR_GetPriority
 342              		.section	.text.pwmISR_Enable,"ax",%progbits
 343              		.align	2
 344              		.global	pwmISR_Enable
 345              		.code	16
ARM GAS  C:\Users\g\AppData\Local\Temp\cciWnrh1.s 			page 14


 346              		.thumb_func
 347              		.type	pwmISR_Enable, %function
 348              	pwmISR_Enable:
 349              	.LFB8:
 305:Generated_Source\PSoC4/pwmISR.c ****     /* Enable the general interrupt. */
 350              		.loc 1 305 0
 351              		.cfi_startproc
 307:Generated_Source\PSoC4/pwmISR.c **** }
 352              		.loc 1 307 0
 353 0000 8022     		mov	r2, #128
 354 0002 024B     		ldr	r3, .L24
 355 0004 5202     		lsl	r2, r2, #9
 356 0006 1A60     		str	r2, [r3]
 308:Generated_Source\PSoC4/pwmISR.c **** 
 357              		.loc 1 308 0
 358              		@ sp needed
 359 0008 7047     		bx	lr
 360              	.L25:
 361 000a C046     		.align	2
 362              	.L24:
 363 000c 00E100E0 		.word	-536813312
 364              		.cfi_endproc
 365              	.LFE8:
 366              		.size	pwmISR_Enable, .-pwmISR_Enable
 367              		.section	.text.pwmISR_GetState,"ax",%progbits
 368              		.align	2
 369              		.global	pwmISR_GetState
 370              		.code	16
 371              		.thumb_func
 372              		.type	pwmISR_GetState, %function
 373              	pwmISR_GetState:
 374              	.LFB9:
 326:Generated_Source\PSoC4/pwmISR.c ****     /* Get the state of the general interrupt. */
 375              		.loc 1 326 0
 376              		.cfi_startproc
 328:Generated_Source\PSoC4/pwmISR.c **** }
 377              		.loc 1 328 0
 378 0000 024B     		ldr	r3, .L27
 329:Generated_Source\PSoC4/pwmISR.c **** 
 379              		.loc 1 329 0
 380              		@ sp needed
 328:Generated_Source\PSoC4/pwmISR.c **** }
 381              		.loc 1 328 0
 382 0002 1868     		ldr	r0, [r3]
 383 0004 C003     		lsl	r0, r0, #15
 384 0006 C00F     		lsr	r0, r0, #31
 329:Generated_Source\PSoC4/pwmISR.c **** 
 385              		.loc 1 329 0
 386 0008 7047     		bx	lr
 387              	.L28:
 388 000a C046     		.align	2
 389              	.L27:
 390 000c 00E100E0 		.word	-536813312
 391              		.cfi_endproc
 392              	.LFE9:
 393              		.size	pwmISR_GetState, .-pwmISR_GetState
 394              		.section	.text.pwmISR_Disable,"ax",%progbits
ARM GAS  C:\Users\g\AppData\Local\Temp\cciWnrh1.s 			page 15


 395              		.align	2
 396              		.global	pwmISR_Disable
 397              		.code	16
 398              		.thumb_func
 399              		.type	pwmISR_Disable, %function
 400              	pwmISR_Disable:
 401              	.LFB10:
 347:Generated_Source\PSoC4/pwmISR.c ****     /* Disable the general interrupt. */
 402              		.loc 1 347 0
 403              		.cfi_startproc
 404              		.loc 1 349 0
 405 0000 8022     		mov	r2, #128
 406 0002 024B     		ldr	r3, .L30
 407 0004 5202     		lsl	r2, r2, #9
 408 0006 1A60     		str	r2, [r3]
 350:Generated_Source\PSoC4/pwmISR.c **** }
 409              		.loc 1 350 0
 410              		@ sp needed
 411 0008 7047     		bx	lr
 412              	.L31:
 413 000a C046     		.align	2
 414              	.L30:
 415 000c 80E100E0 		.word	-536813184
 416              		.cfi_endproc
 417              	.LFE10:
 418              		.size	pwmISR_Disable, .-pwmISR_Disable
 419              		.section	.text.pwmISR_SetPending,"ax",%progbits
 420              		.align	2
 421              		.global	pwmISR_SetPending
 422              		.code	16
 423              		.thumb_func
 424              		.type	pwmISR_SetPending, %function
 425              	pwmISR_SetPending:
 426              	.LFB11:
 351:Generated_Source\PSoC4/pwmISR.c **** 
 352:Generated_Source\PSoC4/pwmISR.c **** 
 353:Generated_Source\PSoC4/pwmISR.c **** /*******************************************************************************
 354:Generated_Source\PSoC4/pwmISR.c **** * Function Name: pwmISR_SetPending
 355:Generated_Source\PSoC4/pwmISR.c **** ********************************************************************************
 356:Generated_Source\PSoC4/pwmISR.c **** *
 357:Generated_Source\PSoC4/pwmISR.c **** * Summary:
 358:Generated_Source\PSoC4/pwmISR.c **** *   Causes the Interrupt to enter the pending state, a software method of
 359:Generated_Source\PSoC4/pwmISR.c **** *   generating the interrupt.
 360:Generated_Source\PSoC4/pwmISR.c **** *
 361:Generated_Source\PSoC4/pwmISR.c **** * Parameters:
 362:Generated_Source\PSoC4/pwmISR.c **** *   None
 363:Generated_Source\PSoC4/pwmISR.c **** *
 364:Generated_Source\PSoC4/pwmISR.c **** * Return:
 365:Generated_Source\PSoC4/pwmISR.c **** *   None
 366:Generated_Source\PSoC4/pwmISR.c **** *
 367:Generated_Source\PSoC4/pwmISR.c **** * Side Effects:
 368:Generated_Source\PSoC4/pwmISR.c **** *   If interrupts are enabled and the interrupt is set up properly, the ISR is
 369:Generated_Source\PSoC4/pwmISR.c **** *   entered (depending on the priority of this interrupt and other pending 
 370:Generated_Source\PSoC4/pwmISR.c **** *   interrupts).
 371:Generated_Source\PSoC4/pwmISR.c **** *
 372:Generated_Source\PSoC4/pwmISR.c **** *******************************************************************************/
 373:Generated_Source\PSoC4/pwmISR.c **** void pwmISR_SetPending(void)
ARM GAS  C:\Users\g\AppData\Local\Temp\cciWnrh1.s 			page 16


 374:Generated_Source\PSoC4/pwmISR.c **** {
 427              		.loc 1 374 0
 428              		.cfi_startproc
 375:Generated_Source\PSoC4/pwmISR.c ****     *pwmISR_INTC_SET_PD = pwmISR__INTC_MASK;
 429              		.loc 1 375 0
 430 0000 8022     		mov	r2, #128
 431 0002 024B     		ldr	r3, .L33
 432 0004 5202     		lsl	r2, r2, #9
 433 0006 1A60     		str	r2, [r3]
 376:Generated_Source\PSoC4/pwmISR.c **** }
 434              		.loc 1 376 0
 435              		@ sp needed
 436 0008 7047     		bx	lr
 437              	.L34:
 438 000a C046     		.align	2
 439              	.L33:
 440 000c 00E200E0 		.word	-536813056
 441              		.cfi_endproc
 442              	.LFE11:
 443              		.size	pwmISR_SetPending, .-pwmISR_SetPending
 444              		.section	.text.pwmISR_ClearPending,"ax",%progbits
 445              		.align	2
 446              		.global	pwmISR_ClearPending
 447              		.code	16
 448              		.thumb_func
 449              		.type	pwmISR_ClearPending, %function
 450              	pwmISR_ClearPending:
 451              	.LFB12:
 377:Generated_Source\PSoC4/pwmISR.c **** 
 378:Generated_Source\PSoC4/pwmISR.c **** 
 379:Generated_Source\PSoC4/pwmISR.c **** /*******************************************************************************
 380:Generated_Source\PSoC4/pwmISR.c **** * Function Name: pwmISR_ClearPending
 381:Generated_Source\PSoC4/pwmISR.c **** ********************************************************************************
 382:Generated_Source\PSoC4/pwmISR.c **** *
 383:Generated_Source\PSoC4/pwmISR.c **** * Summary:
 384:Generated_Source\PSoC4/pwmISR.c **** *   Clears a pending interrupt in the interrupt controller.
 385:Generated_Source\PSoC4/pwmISR.c **** *
 386:Generated_Source\PSoC4/pwmISR.c **** *   Note Some interrupt sources are clear-on-read and require the block 
 387:Generated_Source\PSoC4/pwmISR.c **** *   interrupt/status register to be read/cleared with the appropriate block API 
 388:Generated_Source\PSoC4/pwmISR.c **** *   (GPIO, UART, and so on). Otherwise the ISR will continue to remain in 
 389:Generated_Source\PSoC4/pwmISR.c **** *   pending state even though the interrupt itself is cleared using this API.
 390:Generated_Source\PSoC4/pwmISR.c **** *
 391:Generated_Source\PSoC4/pwmISR.c **** * Parameters:
 392:Generated_Source\PSoC4/pwmISR.c **** *   None
 393:Generated_Source\PSoC4/pwmISR.c **** *
 394:Generated_Source\PSoC4/pwmISR.c **** * Return:
 395:Generated_Source\PSoC4/pwmISR.c **** *   None
 396:Generated_Source\PSoC4/pwmISR.c **** *
 397:Generated_Source\PSoC4/pwmISR.c **** *******************************************************************************/
 398:Generated_Source\PSoC4/pwmISR.c **** void pwmISR_ClearPending(void)
 399:Generated_Source\PSoC4/pwmISR.c **** {
 452              		.loc 1 399 0
 453              		.cfi_startproc
 400:Generated_Source\PSoC4/pwmISR.c ****     *pwmISR_INTC_CLR_PD = pwmISR__INTC_MASK;
 454              		.loc 1 400 0
 455 0000 8022     		mov	r2, #128
 456 0002 024B     		ldr	r3, .L36
ARM GAS  C:\Users\g\AppData\Local\Temp\cciWnrh1.s 			page 17


 457 0004 5202     		lsl	r2, r2, #9
 458 0006 1A60     		str	r2, [r3]
 401:Generated_Source\PSoC4/pwmISR.c **** }
 459              		.loc 1 401 0
 460              		@ sp needed
 461 0008 7047     		bx	lr
 462              	.L37:
 463 000a C046     		.align	2
 464              	.L36:
 465 000c 80E200E0 		.word	-536812928
 466              		.cfi_endproc
 467              	.LFE12:
 468              		.size	pwmISR_ClearPending, .-pwmISR_ClearPending
 469              		.text
 470              	.Letext0:
 471              		.file 2 "Generated_Source\\PSoC4/cytypes.h"
 472              		.file 3 "Generated_Source\\PSoC4/CyLib.h"
 473              		.section	.debug_info,"",%progbits
 474              	.Ldebug_info0:
 475 0000 4C030000 		.4byte	0x34c
 476 0004 0400     		.2byte	0x4
 477 0006 00000000 		.4byte	.Ldebug_abbrev0
 478 000a 04       		.byte	0x4
 479 000b 01       		.uleb128 0x1
 480 000c 78000000 		.4byte	.LASF32
 481 0010 01       		.byte	0x1
 482 0011 9B020000 		.4byte	.LASF33
 483 0015 00000000 		.4byte	.LASF34
 484 0019 60000000 		.4byte	.Ldebug_ranges0+0x60
 485 001d 00000000 		.4byte	0
 486 0021 00000000 		.4byte	.Ldebug_line0
 487 0025 02       		.uleb128 0x2
 488 0026 01       		.byte	0x1
 489 0027 06       		.byte	0x6
 490 0028 BB020000 		.4byte	.LASF0
 491 002c 02       		.uleb128 0x2
 492 002d 01       		.byte	0x1
 493 002e 08       		.byte	0x8
 494 002f 3F010000 		.4byte	.LASF1
 495 0033 02       		.uleb128 0x2
 496 0034 02       		.byte	0x2
 497 0035 05       		.byte	0x5
 498 0036 62020000 		.4byte	.LASF2
 499 003a 02       		.uleb128 0x2
 500 003b 02       		.byte	0x2
 501 003c 07       		.byte	0x7
 502 003d 45000000 		.4byte	.LASF3
 503 0041 02       		.uleb128 0x2
 504 0042 04       		.byte	0x4
 505 0043 05       		.byte	0x5
 506 0044 8C020000 		.4byte	.LASF4
 507 0048 02       		.uleb128 0x2
 508 0049 04       		.byte	0x4
 509 004a 07       		.byte	0x7
 510 004b 5C010000 		.4byte	.LASF5
 511 004f 02       		.uleb128 0x2
 512 0050 08       		.byte	0x8
ARM GAS  C:\Users\g\AppData\Local\Temp\cciWnrh1.s 			page 18


 513 0051 05       		.byte	0x5
 514 0052 3C020000 		.4byte	.LASF6
 515 0056 02       		.uleb128 0x2
 516 0057 08       		.byte	0x8
 517 0058 07       		.byte	0x7
 518 0059 28010000 		.4byte	.LASF7
 519 005d 03       		.uleb128 0x3
 520 005e 04       		.byte	0x4
 521 005f 05       		.byte	0x5
 522 0060 696E7400 		.ascii	"int\000"
 523 0064 02       		.uleb128 0x2
 524 0065 04       		.byte	0x4
 525 0066 07       		.byte	0x7
 526 0067 DA010000 		.4byte	.LASF8
 527 006b 04       		.uleb128 0x4
 528 006c 6E010000 		.4byte	.LASF9
 529 0070 02       		.byte	0x2
 530 0071 9801     		.2byte	0x198
 531 0073 2C000000 		.4byte	0x2c
 532 0077 04       		.uleb128 0x4
 533 0078 BC010000 		.4byte	.LASF10
 534 007c 02       		.byte	0x2
 535 007d 9A01     		.2byte	0x19a
 536 007f 48000000 		.4byte	0x48
 537 0083 02       		.uleb128 0x2
 538 0084 04       		.byte	0x4
 539 0085 04       		.byte	0x4
 540 0086 22010000 		.4byte	.LASF11
 541 008a 02       		.uleb128 0x2
 542 008b 08       		.byte	0x8
 543 008c 04       		.byte	0x4
 544 008d 80010000 		.4byte	.LASF12
 545 0091 02       		.uleb128 0x2
 546 0092 01       		.byte	0x1
 547 0093 08       		.byte	0x8
 548 0094 4A020000 		.4byte	.LASF13
 549 0098 04       		.uleb128 0x4
 550 0099 95020000 		.4byte	.LASF14
 551 009d 02       		.byte	0x2
 552 009e 4402     		.2byte	0x244
 553 00a0 A4000000 		.4byte	0xa4
 554 00a4 05       		.uleb128 0x5
 555 00a5 77000000 		.4byte	0x77
 556 00a9 04       		.uleb128 0x4
 557 00aa 05020000 		.4byte	.LASF15
 558 00ae 02       		.byte	0x2
 559 00af 5402     		.2byte	0x254
 560 00b1 B5000000 		.4byte	0xb5
 561 00b5 06       		.uleb128 0x6
 562 00b6 04       		.byte	0x4
 563 00b7 BB000000 		.4byte	0xbb
 564 00bb 07       		.uleb128 0x7
 565 00bc 02       		.uleb128 0x2
 566 00bd 04       		.byte	0x4
 567 00be 07       		.byte	0x7
 568 00bf 20020000 		.4byte	.LASF16
 569 00c3 08       		.uleb128 0x8
ARM GAS  C:\Users\g\AppData\Local\Temp\cciWnrh1.s 			page 19


 570 00c4 87010000 		.4byte	.LASF17
 571 00c8 01       		.byte	0x1
 572 00c9 5A01     		.2byte	0x15a
 573 00cb 01       		.byte	0x1
 574 00cc 09       		.uleb128 0x9
 575 00cd 6C020000 		.4byte	.LASF35
 576 00d1 01       		.byte	0x1
 577 00d2 C7       		.byte	0xc7
 578 00d3 01       		.byte	0x1
 579 00d4 E4000000 		.4byte	0xe4
 580 00d8 0A       		.uleb128 0xa
 581 00d9 E7010000 		.4byte	.LASF26
 582 00dd 01       		.byte	0x1
 583 00de C7       		.byte	0xc7
 584 00df A9000000 		.4byte	0xa9
 585 00e3 00       		.byte	0
 586 00e4 08       		.uleb128 0x8
 587 00e5 12020000 		.4byte	.LASF18
 588 00e9 01       		.byte	0x1
 589 00ea 3001     		.2byte	0x130
 590 00ec 01       		.byte	0x1
 591 00ed 0B       		.uleb128 0xb
 592 00ee 11010000 		.4byte	.LASF29
 593 00f2 01       		.byte	0x1
 594 00f3 9F       		.byte	0x9f
 595 00f4 00000000 		.4byte	.LFB3
 596 00f8 02000000 		.4byte	.LFE3-.LFB3
 597 00fc 01       		.uleb128 0x1
 598 00fd 9C       		.byte	0x9c
 599 00fe 0C       		.uleb128 0xc
 600 00ff 74010000 		.4byte	.LASF19
 601 0103 01       		.byte	0x1
 602 0104 81       		.byte	0x81
 603 0105 00000000 		.4byte	.LFB2
 604 0109 20000000 		.4byte	.LFE2-.LFB2
 605 010d 01       		.uleb128 0x1
 606 010e 9C       		.byte	0x9c
 607 010f 38010000 		.4byte	0x138
 608 0113 0D       		.uleb128 0xd
 609 0114 C3000000 		.4byte	0xc3
 610 0118 00000000 		.4byte	.LBB18
 611 011c 08000000 		.4byte	.LBE18-.LBB18
 612 0120 01       		.byte	0x1
 613 0121 84       		.byte	0x84
 614 0122 0E       		.uleb128 0xe
 615 0123 CC000000 		.4byte	0xcc
 616 0127 08000000 		.4byte	.LBB20
 617 012b 00000000 		.4byte	.Ldebug_ranges0+0
 618 012f 01       		.byte	0x1
 619 0130 87       		.byte	0x87
 620 0131 0F       		.uleb128 0xf
 621 0132 D8000000 		.4byte	0xd8
 622 0136 00       		.byte	0
 623 0137 00       		.byte	0
 624 0138 10       		.uleb128 0x10
 625 0139 CC000000 		.4byte	0xcc
 626 013d 00000000 		.4byte	.LFB4
ARM GAS  C:\Users\g\AppData\Local\Temp\cciWnrh1.s 			page 20


 627 0141 0C000000 		.4byte	.LFE4-.LFB4
 628 0145 01       		.uleb128 0x1
 629 0146 9C       		.byte	0x9c
 630 0147 53010000 		.4byte	0x153
 631 014b 11       		.uleb128 0x11
 632 014c D8000000 		.4byte	0xd8
 633 0150 01       		.uleb128 0x1
 634 0151 50       		.byte	0x50
 635 0152 00       		.byte	0
 636 0153 12       		.uleb128 0x12
 637 0154 58000000 		.4byte	.LASF27
 638 0158 01       		.byte	0x1
 639 0159 DB       		.byte	0xdb
 640 015a A9000000 		.4byte	0xa9
 641 015e 00000000 		.4byte	.LFB5
 642 0162 0C000000 		.4byte	.LFE5-.LFB5
 643 0166 01       		.uleb128 0x1
 644 0167 9C       		.byte	0x9c
 645 0168 0C       		.uleb128 0xc
 646 0169 4F020000 		.4byte	.LASF20
 647 016d 01       		.byte	0x1
 648 016e F9       		.byte	0xf9
 649 016f 00000000 		.4byte	.LFB6
 650 0173 20000000 		.4byte	.LFE6-.LFB6
 651 0177 01       		.uleb128 0x1
 652 0178 9C       		.byte	0x9c
 653 0179 BA010000 		.4byte	0x1ba
 654 017d 13       		.uleb128 0x13
 655 017e B3010000 		.4byte	.LASF25
 656 0182 01       		.byte	0x1
 657 0183 F9       		.byte	0xf9
 658 0184 6B000000 		.4byte	0x6b
 659 0188 00000000 		.4byte	.LLST0
 660 018c 14       		.uleb128 0x14
 661 018d 4D010000 		.4byte	.LASF21
 662 0191 01       		.byte	0x1
 663 0192 FB       		.byte	0xfb
 664 0193 6B000000 		.4byte	0x6b
 665 0197 21000000 		.4byte	.LLST1
 666 019b 15       		.uleb128 0x15
 667 019c 7D020000 		.4byte	.LASF22
 668 01a0 01       		.byte	0x1
 669 01a1 FC       		.byte	0xfc
 670 01a2 77000000 		.4byte	0x77
 671 01a6 06       		.byte	0x6
 672 01a7 16       		.uleb128 0x16
 673 01a8 08000000 		.4byte	.LVL3
 674 01ac 37030000 		.4byte	0x337
 675 01b0 16       		.uleb128 0x16
 676 01b1 1A000000 		.4byte	.LVL4
 677 01b5 42030000 		.4byte	0x342
 678 01b9 00       		.byte	0
 679 01ba 0C       		.uleb128 0xc
 680 01bb 96010000 		.4byte	.LASF23
 681 01bf 01       		.byte	0x1
 682 01c0 38       		.byte	0x38
 683 01c1 00000000 		.4byte	.LFB0
ARM GAS  C:\Users\g\AppData\Local\Temp\cciWnrh1.s 			page 21


 684 01c5 30000000 		.4byte	.LFE0-.LFB0
 685 01c9 01       		.uleb128 0x1
 686 01ca 9C       		.byte	0x9c
 687 01cb 1D020000 		.4byte	0x21d
 688 01cf 0D       		.uleb128 0xd
 689 01d0 C3000000 		.4byte	0xc3
 690 01d4 02000000 		.4byte	.LBB24
 691 01d8 08000000 		.4byte	.LBE24-.LBB24
 692 01dc 01       		.byte	0x1
 693 01dd 3B       		.byte	0x3b
 694 01de 17       		.uleb128 0x17
 695 01df CC000000 		.4byte	0xcc
 696 01e3 0A000000 		.4byte	.LBB26
 697 01e7 18000000 		.4byte	.Ldebug_ranges0+0x18
 698 01eb 01       		.byte	0x1
 699 01ec 3E       		.byte	0x3e
 700 01ed FE010000 		.4byte	0x1fe
 701 01f1 11       		.uleb128 0x11
 702 01f2 D8000000 		.4byte	0xd8
 703 01f6 06       		.uleb128 0x6
 704 01f7 03       		.byte	0x3
 705 01f8 00000000 		.4byte	pwmISR_Interrupt
 706 01fc 9F       		.byte	0x9f
 707 01fd 00       		.byte	0
 708 01fe 18       		.uleb128 0x18
 709 01ff E4000000 		.4byte	0xe4
 710 0203 18000000 		.4byte	.LBB30
 711 0207 30000000 		.4byte	.Ldebug_ranges0+0x30
 712 020b 01       		.byte	0x1
 713 020c 44       		.byte	0x44
 714 020d 19       		.uleb128 0x19
 715 020e 18000000 		.4byte	.LVL6
 716 0212 68010000 		.4byte	0x168
 717 0216 1A       		.uleb128 0x1a
 718 0217 01       		.uleb128 0x1
 719 0218 50       		.byte	0x50
 720 0219 01       		.uleb128 0x1
 721 021a 33       		.byte	0x33
 722 021b 00       		.byte	0
 723 021c 00       		.byte	0
 724 021d 0C       		.uleb128 0xc
 725 021e 69000000 		.4byte	.LASF24
 726 0222 01       		.byte	0x1
 727 0223 63       		.byte	0x63
 728 0224 00000000 		.4byte	.LFB1
 729 0228 28000000 		.4byte	.LFE1-.LFB1
 730 022c 01       		.uleb128 0x1
 731 022d 9C       		.byte	0x9c
 732 022e 8C020000 		.4byte	0x28c
 733 0232 13       		.uleb128 0x13
 734 0233 E7010000 		.4byte	.LASF26
 735 0237 01       		.byte	0x1
 736 0238 63       		.byte	0x63
 737 0239 A9000000 		.4byte	0xa9
 738 023d 34000000 		.4byte	.LLST2
 739 0241 0D       		.uleb128 0xd
 740 0242 C3000000 		.4byte	0xc3
ARM GAS  C:\Users\g\AppData\Local\Temp\cciWnrh1.s 			page 22


 741 0246 02000000 		.4byte	.LBB34
 742 024a 08000000 		.4byte	.LBE34-.LBB34
 743 024e 01       		.byte	0x1
 744 024f 66       		.byte	0x66
 745 0250 17       		.uleb128 0x17
 746 0251 CC000000 		.4byte	0xcc
 747 0255 0A000000 		.4byte	.LBB36
 748 0259 48000000 		.4byte	.Ldebug_ranges0+0x48
 749 025d 01       		.byte	0x1
 750 025e 69       		.byte	0x69
 751 025f 6D020000 		.4byte	0x26d
 752 0263 1B       		.uleb128 0x1b
 753 0264 D8000000 		.4byte	0xd8
 754 0268 64000000 		.4byte	.LLST3
 755 026c 00       		.byte	0
 756 026d 0D       		.uleb128 0xd
 757 026e E4000000 		.4byte	0xe4
 758 0272 16000000 		.4byte	.LBB40
 759 0276 04000000 		.4byte	.LBE40-.LBB40
 760 027a 01       		.byte	0x1
 761 027b 6F       		.byte	0x6f
 762 027c 19       		.uleb128 0x19
 763 027d 16000000 		.4byte	.LVL10
 764 0281 68010000 		.4byte	0x168
 765 0285 1A       		.uleb128 0x1a
 766 0286 01       		.uleb128 0x1
 767 0287 50       		.byte	0x50
 768 0288 01       		.uleb128 0x1
 769 0289 33       		.byte	0x33
 770 028a 00       		.byte	0
 771 028b 00       		.byte	0
 772 028c 1C       		.uleb128 0x1c
 773 028d 29020000 		.4byte	.LASF36
 774 0291 01       		.byte	0x1
 775 0292 1501     		.2byte	0x115
 776 0294 6B000000 		.4byte	0x6b
 777 0298 00000000 		.4byte	.LFB7
 778 029c 10000000 		.4byte	.LFE7-.LFB7
 779 02a0 01       		.uleb128 0x1
 780 02a1 9C       		.byte	0x9c
 781 02a2 C4020000 		.4byte	0x2c4
 782 02a6 1D       		.uleb128 0x1d
 783 02a7 B3010000 		.4byte	.LASF25
 784 02ab 01       		.byte	0x1
 785 02ac 1701     		.2byte	0x117
 786 02ae 77000000 		.4byte	0x77
 787 02b2 94000000 		.4byte	.LLST4
 788 02b6 1E       		.uleb128 0x1e
 789 02b7 7D020000 		.4byte	.LASF22
 790 02bb 01       		.byte	0x1
 791 02bc 1801     		.2byte	0x118
 792 02be 77000000 		.4byte	0x77
 793 02c2 06       		.byte	0x6
 794 02c3 00       		.byte	0
 795 02c4 1F       		.uleb128 0x1f
 796 02c5 E4000000 		.4byte	0xe4
 797 02c9 00000000 		.4byte	.LFB8
ARM GAS  C:\Users\g\AppData\Local\Temp\cciWnrh1.s 			page 23


 798 02cd 10000000 		.4byte	.LFE8-.LFB8
 799 02d1 01       		.uleb128 0x1
 800 02d2 9C       		.byte	0x9c
 801 02d3 20       		.uleb128 0x20
 802 02d4 A3010000 		.4byte	.LASF28
 803 02d8 01       		.byte	0x1
 804 02d9 4501     		.2byte	0x145
 805 02db 6B000000 		.4byte	0x6b
 806 02df 00000000 		.4byte	.LFB9
 807 02e3 10000000 		.4byte	.LFE9-.LFB9
 808 02e7 01       		.uleb128 0x1
 809 02e8 9C       		.byte	0x9c
 810 02e9 1F       		.uleb128 0x1f
 811 02ea C3000000 		.4byte	0xc3
 812 02ee 00000000 		.4byte	.LFB10
 813 02f2 10000000 		.4byte	.LFE10-.LFB10
 814 02f6 01       		.uleb128 0x1
 815 02f7 9C       		.byte	0x9c
 816 02f8 21       		.uleb128 0x21
 817 02f9 33000000 		.4byte	.LASF30
 818 02fd 01       		.byte	0x1
 819 02fe 7501     		.2byte	0x175
 820 0300 00000000 		.4byte	.LFB11
 821 0304 10000000 		.4byte	.LFE11-.LFB11
 822 0308 01       		.uleb128 0x1
 823 0309 9C       		.byte	0x9c
 824 030a 21       		.uleb128 0x21
 825 030b C7020000 		.4byte	.LASF31
 826 030f 01       		.byte	0x1
 827 0310 8E01     		.2byte	0x18e
 828 0312 00000000 		.4byte	.LFB12
 829 0316 10000000 		.4byte	.LFE12-.LFB12
 830 031a 01       		.uleb128 0x1
 831 031b 9C       		.byte	0x9c
 832 031c 22       		.uleb128 0x22
 833 031d A9000000 		.4byte	0xa9
 834 0321 2C030000 		.4byte	0x32c
 835 0325 23       		.uleb128 0x23
 836 0326 BC000000 		.4byte	0xbc
 837 032a 2F       		.byte	0x2f
 838 032b 00       		.byte	0
 839 032c 24       		.uleb128 0x24
 840 032d 26000000 		.4byte	.LASF37
 841 0331 01       		.byte	0x1
 842 0332 21       		.byte	0x21
 843 0333 1C030000 		.4byte	0x31c
 844 0337 25       		.uleb128 0x25
 845 0338 C3010000 		.4byte	.LASF38
 846 033c 03       		.byte	0x3
 847 033d E3       		.byte	0xe3
 848 033e 6B000000 		.4byte	0x6b
 849 0342 26       		.uleb128 0x26
 850 0343 EF010000 		.4byte	.LASF39
 851 0347 03       		.byte	0x3
 852 0348 E4       		.byte	0xe4
 853 0349 27       		.uleb128 0x27
 854 034a 6B000000 		.4byte	0x6b
ARM GAS  C:\Users\g\AppData\Local\Temp\cciWnrh1.s 			page 24


 855 034e 00       		.byte	0
 856 034f 00       		.byte	0
 857              		.section	.debug_abbrev,"",%progbits
 858              	.Ldebug_abbrev0:
 859 0000 01       		.uleb128 0x1
 860 0001 11       		.uleb128 0x11
 861 0002 01       		.byte	0x1
 862 0003 25       		.uleb128 0x25
 863 0004 0E       		.uleb128 0xe
 864 0005 13       		.uleb128 0x13
 865 0006 0B       		.uleb128 0xb
 866 0007 03       		.uleb128 0x3
 867 0008 0E       		.uleb128 0xe
 868 0009 1B       		.uleb128 0x1b
 869 000a 0E       		.uleb128 0xe
 870 000b 55       		.uleb128 0x55
 871 000c 17       		.uleb128 0x17
 872 000d 11       		.uleb128 0x11
 873 000e 01       		.uleb128 0x1
 874 000f 10       		.uleb128 0x10
 875 0010 17       		.uleb128 0x17
 876 0011 00       		.byte	0
 877 0012 00       		.byte	0
 878 0013 02       		.uleb128 0x2
 879 0014 24       		.uleb128 0x24
 880 0015 00       		.byte	0
 881 0016 0B       		.uleb128 0xb
 882 0017 0B       		.uleb128 0xb
 883 0018 3E       		.uleb128 0x3e
 884 0019 0B       		.uleb128 0xb
 885 001a 03       		.uleb128 0x3
 886 001b 0E       		.uleb128 0xe
 887 001c 00       		.byte	0
 888 001d 00       		.byte	0
 889 001e 03       		.uleb128 0x3
 890 001f 24       		.uleb128 0x24
 891 0020 00       		.byte	0
 892 0021 0B       		.uleb128 0xb
 893 0022 0B       		.uleb128 0xb
 894 0023 3E       		.uleb128 0x3e
 895 0024 0B       		.uleb128 0xb
 896 0025 03       		.uleb128 0x3
 897 0026 08       		.uleb128 0x8
 898 0027 00       		.byte	0
 899 0028 00       		.byte	0
 900 0029 04       		.uleb128 0x4
 901 002a 16       		.uleb128 0x16
 902 002b 00       		.byte	0
 903 002c 03       		.uleb128 0x3
 904 002d 0E       		.uleb128 0xe
 905 002e 3A       		.uleb128 0x3a
 906 002f 0B       		.uleb128 0xb
 907 0030 3B       		.uleb128 0x3b
 908 0031 05       		.uleb128 0x5
 909 0032 49       		.uleb128 0x49
 910 0033 13       		.uleb128 0x13
 911 0034 00       		.byte	0
ARM GAS  C:\Users\g\AppData\Local\Temp\cciWnrh1.s 			page 25


 912 0035 00       		.byte	0
 913 0036 05       		.uleb128 0x5
 914 0037 35       		.uleb128 0x35
 915 0038 00       		.byte	0
 916 0039 49       		.uleb128 0x49
 917 003a 13       		.uleb128 0x13
 918 003b 00       		.byte	0
 919 003c 00       		.byte	0
 920 003d 06       		.uleb128 0x6
 921 003e 0F       		.uleb128 0xf
 922 003f 00       		.byte	0
 923 0040 0B       		.uleb128 0xb
 924 0041 0B       		.uleb128 0xb
 925 0042 49       		.uleb128 0x49
 926 0043 13       		.uleb128 0x13
 927 0044 00       		.byte	0
 928 0045 00       		.byte	0
 929 0046 07       		.uleb128 0x7
 930 0047 15       		.uleb128 0x15
 931 0048 00       		.byte	0
 932 0049 27       		.uleb128 0x27
 933 004a 19       		.uleb128 0x19
 934 004b 00       		.byte	0
 935 004c 00       		.byte	0
 936 004d 08       		.uleb128 0x8
 937 004e 2E       		.uleb128 0x2e
 938 004f 00       		.byte	0
 939 0050 3F       		.uleb128 0x3f
 940 0051 19       		.uleb128 0x19
 941 0052 03       		.uleb128 0x3
 942 0053 0E       		.uleb128 0xe
 943 0054 3A       		.uleb128 0x3a
 944 0055 0B       		.uleb128 0xb
 945 0056 3B       		.uleb128 0x3b
 946 0057 05       		.uleb128 0x5
 947 0058 27       		.uleb128 0x27
 948 0059 19       		.uleb128 0x19
 949 005a 20       		.uleb128 0x20
 950 005b 0B       		.uleb128 0xb
 951 005c 00       		.byte	0
 952 005d 00       		.byte	0
 953 005e 09       		.uleb128 0x9
 954 005f 2E       		.uleb128 0x2e
 955 0060 01       		.byte	0x1
 956 0061 3F       		.uleb128 0x3f
 957 0062 19       		.uleb128 0x19
 958 0063 03       		.uleb128 0x3
 959 0064 0E       		.uleb128 0xe
 960 0065 3A       		.uleb128 0x3a
 961 0066 0B       		.uleb128 0xb
 962 0067 3B       		.uleb128 0x3b
 963 0068 0B       		.uleb128 0xb
 964 0069 27       		.uleb128 0x27
 965 006a 19       		.uleb128 0x19
 966 006b 20       		.uleb128 0x20
 967 006c 0B       		.uleb128 0xb
 968 006d 01       		.uleb128 0x1
ARM GAS  C:\Users\g\AppData\Local\Temp\cciWnrh1.s 			page 26


 969 006e 13       		.uleb128 0x13
 970 006f 00       		.byte	0
 971 0070 00       		.byte	0
 972 0071 0A       		.uleb128 0xa
 973 0072 05       		.uleb128 0x5
 974 0073 00       		.byte	0
 975 0074 03       		.uleb128 0x3
 976 0075 0E       		.uleb128 0xe
 977 0076 3A       		.uleb128 0x3a
 978 0077 0B       		.uleb128 0xb
 979 0078 3B       		.uleb128 0x3b
 980 0079 0B       		.uleb128 0xb
 981 007a 49       		.uleb128 0x49
 982 007b 13       		.uleb128 0x13
 983 007c 00       		.byte	0
 984 007d 00       		.byte	0
 985 007e 0B       		.uleb128 0xb
 986 007f 2E       		.uleb128 0x2e
 987 0080 00       		.byte	0
 988 0081 3F       		.uleb128 0x3f
 989 0082 19       		.uleb128 0x19
 990 0083 03       		.uleb128 0x3
 991 0084 0E       		.uleb128 0xe
 992 0085 3A       		.uleb128 0x3a
 993 0086 0B       		.uleb128 0xb
 994 0087 3B       		.uleb128 0x3b
 995 0088 0B       		.uleb128 0xb
 996 0089 27       		.uleb128 0x27
 997 008a 19       		.uleb128 0x19
 998 008b 11       		.uleb128 0x11
 999 008c 01       		.uleb128 0x1
 1000 008d 12       		.uleb128 0x12
 1001 008e 06       		.uleb128 0x6
 1002 008f 40       		.uleb128 0x40
 1003 0090 18       		.uleb128 0x18
 1004 0091 9742     		.uleb128 0x2117
 1005 0093 19       		.uleb128 0x19
 1006 0094 00       		.byte	0
 1007 0095 00       		.byte	0
 1008 0096 0C       		.uleb128 0xc
 1009 0097 2E       		.uleb128 0x2e
 1010 0098 01       		.byte	0x1
 1011 0099 3F       		.uleb128 0x3f
 1012 009a 19       		.uleb128 0x19
 1013 009b 03       		.uleb128 0x3
 1014 009c 0E       		.uleb128 0xe
 1015 009d 3A       		.uleb128 0x3a
 1016 009e 0B       		.uleb128 0xb
 1017 009f 3B       		.uleb128 0x3b
 1018 00a0 0B       		.uleb128 0xb
 1019 00a1 27       		.uleb128 0x27
 1020 00a2 19       		.uleb128 0x19
 1021 00a3 11       		.uleb128 0x11
 1022 00a4 01       		.uleb128 0x1
 1023 00a5 12       		.uleb128 0x12
 1024 00a6 06       		.uleb128 0x6
 1025 00a7 40       		.uleb128 0x40
ARM GAS  C:\Users\g\AppData\Local\Temp\cciWnrh1.s 			page 27


 1026 00a8 18       		.uleb128 0x18
 1027 00a9 9742     		.uleb128 0x2117
 1028 00ab 19       		.uleb128 0x19
 1029 00ac 01       		.uleb128 0x1
 1030 00ad 13       		.uleb128 0x13
 1031 00ae 00       		.byte	0
 1032 00af 00       		.byte	0
 1033 00b0 0D       		.uleb128 0xd
 1034 00b1 1D       		.uleb128 0x1d
 1035 00b2 00       		.byte	0
 1036 00b3 31       		.uleb128 0x31
 1037 00b4 13       		.uleb128 0x13
 1038 00b5 11       		.uleb128 0x11
 1039 00b6 01       		.uleb128 0x1
 1040 00b7 12       		.uleb128 0x12
 1041 00b8 06       		.uleb128 0x6
 1042 00b9 58       		.uleb128 0x58
 1043 00ba 0B       		.uleb128 0xb
 1044 00bb 59       		.uleb128 0x59
 1045 00bc 0B       		.uleb128 0xb
 1046 00bd 00       		.byte	0
 1047 00be 00       		.byte	0
 1048 00bf 0E       		.uleb128 0xe
 1049 00c0 1D       		.uleb128 0x1d
 1050 00c1 01       		.byte	0x1
 1051 00c2 31       		.uleb128 0x31
 1052 00c3 13       		.uleb128 0x13
 1053 00c4 52       		.uleb128 0x52
 1054 00c5 01       		.uleb128 0x1
 1055 00c6 55       		.uleb128 0x55
 1056 00c7 17       		.uleb128 0x17
 1057 00c8 58       		.uleb128 0x58
 1058 00c9 0B       		.uleb128 0xb
 1059 00ca 59       		.uleb128 0x59
 1060 00cb 0B       		.uleb128 0xb
 1061 00cc 00       		.byte	0
 1062 00cd 00       		.byte	0
 1063 00ce 0F       		.uleb128 0xf
 1064 00cf 05       		.uleb128 0x5
 1065 00d0 00       		.byte	0
 1066 00d1 31       		.uleb128 0x31
 1067 00d2 13       		.uleb128 0x13
 1068 00d3 00       		.byte	0
 1069 00d4 00       		.byte	0
 1070 00d5 10       		.uleb128 0x10
 1071 00d6 2E       		.uleb128 0x2e
 1072 00d7 01       		.byte	0x1
 1073 00d8 31       		.uleb128 0x31
 1074 00d9 13       		.uleb128 0x13
 1075 00da 11       		.uleb128 0x11
 1076 00db 01       		.uleb128 0x1
 1077 00dc 12       		.uleb128 0x12
 1078 00dd 06       		.uleb128 0x6
 1079 00de 40       		.uleb128 0x40
 1080 00df 18       		.uleb128 0x18
 1081 00e0 9742     		.uleb128 0x2117
 1082 00e2 19       		.uleb128 0x19
ARM GAS  C:\Users\g\AppData\Local\Temp\cciWnrh1.s 			page 28


 1083 00e3 01       		.uleb128 0x1
 1084 00e4 13       		.uleb128 0x13
 1085 00e5 00       		.byte	0
 1086 00e6 00       		.byte	0
 1087 00e7 11       		.uleb128 0x11
 1088 00e8 05       		.uleb128 0x5
 1089 00e9 00       		.byte	0
 1090 00ea 31       		.uleb128 0x31
 1091 00eb 13       		.uleb128 0x13
 1092 00ec 02       		.uleb128 0x2
 1093 00ed 18       		.uleb128 0x18
 1094 00ee 00       		.byte	0
 1095 00ef 00       		.byte	0
 1096 00f0 12       		.uleb128 0x12
 1097 00f1 2E       		.uleb128 0x2e
 1098 00f2 00       		.byte	0
 1099 00f3 3F       		.uleb128 0x3f
 1100 00f4 19       		.uleb128 0x19
 1101 00f5 03       		.uleb128 0x3
 1102 00f6 0E       		.uleb128 0xe
 1103 00f7 3A       		.uleb128 0x3a
 1104 00f8 0B       		.uleb128 0xb
 1105 00f9 3B       		.uleb128 0x3b
 1106 00fa 0B       		.uleb128 0xb
 1107 00fb 27       		.uleb128 0x27
 1108 00fc 19       		.uleb128 0x19
 1109 00fd 49       		.uleb128 0x49
 1110 00fe 13       		.uleb128 0x13
 1111 00ff 11       		.uleb128 0x11
 1112 0100 01       		.uleb128 0x1
 1113 0101 12       		.uleb128 0x12
 1114 0102 06       		.uleb128 0x6
 1115 0103 40       		.uleb128 0x40
 1116 0104 18       		.uleb128 0x18
 1117 0105 9742     		.uleb128 0x2117
 1118 0107 19       		.uleb128 0x19
 1119 0108 00       		.byte	0
 1120 0109 00       		.byte	0
 1121 010a 13       		.uleb128 0x13
 1122 010b 05       		.uleb128 0x5
 1123 010c 00       		.byte	0
 1124 010d 03       		.uleb128 0x3
 1125 010e 0E       		.uleb128 0xe
 1126 010f 3A       		.uleb128 0x3a
 1127 0110 0B       		.uleb128 0xb
 1128 0111 3B       		.uleb128 0x3b
 1129 0112 0B       		.uleb128 0xb
 1130 0113 49       		.uleb128 0x49
 1131 0114 13       		.uleb128 0x13
 1132 0115 02       		.uleb128 0x2
 1133 0116 17       		.uleb128 0x17
 1134 0117 00       		.byte	0
 1135 0118 00       		.byte	0
 1136 0119 14       		.uleb128 0x14
 1137 011a 34       		.uleb128 0x34
 1138 011b 00       		.byte	0
 1139 011c 03       		.uleb128 0x3
ARM GAS  C:\Users\g\AppData\Local\Temp\cciWnrh1.s 			page 29


 1140 011d 0E       		.uleb128 0xe
 1141 011e 3A       		.uleb128 0x3a
 1142 011f 0B       		.uleb128 0xb
 1143 0120 3B       		.uleb128 0x3b
 1144 0121 0B       		.uleb128 0xb
 1145 0122 49       		.uleb128 0x49
 1146 0123 13       		.uleb128 0x13
 1147 0124 02       		.uleb128 0x2
 1148 0125 17       		.uleb128 0x17
 1149 0126 00       		.byte	0
 1150 0127 00       		.byte	0
 1151 0128 15       		.uleb128 0x15
 1152 0129 34       		.uleb128 0x34
 1153 012a 00       		.byte	0
 1154 012b 03       		.uleb128 0x3
 1155 012c 0E       		.uleb128 0xe
 1156 012d 3A       		.uleb128 0x3a
 1157 012e 0B       		.uleb128 0xb
 1158 012f 3B       		.uleb128 0x3b
 1159 0130 0B       		.uleb128 0xb
 1160 0131 49       		.uleb128 0x49
 1161 0132 13       		.uleb128 0x13
 1162 0133 1C       		.uleb128 0x1c
 1163 0134 0B       		.uleb128 0xb
 1164 0135 00       		.byte	0
 1165 0136 00       		.byte	0
 1166 0137 16       		.uleb128 0x16
 1167 0138 898201   		.uleb128 0x4109
 1168 013b 00       		.byte	0
 1169 013c 11       		.uleb128 0x11
 1170 013d 01       		.uleb128 0x1
 1171 013e 31       		.uleb128 0x31
 1172 013f 13       		.uleb128 0x13
 1173 0140 00       		.byte	0
 1174 0141 00       		.byte	0
 1175 0142 17       		.uleb128 0x17
 1176 0143 1D       		.uleb128 0x1d
 1177 0144 01       		.byte	0x1
 1178 0145 31       		.uleb128 0x31
 1179 0146 13       		.uleb128 0x13
 1180 0147 52       		.uleb128 0x52
 1181 0148 01       		.uleb128 0x1
 1182 0149 55       		.uleb128 0x55
 1183 014a 17       		.uleb128 0x17
 1184 014b 58       		.uleb128 0x58
 1185 014c 0B       		.uleb128 0xb
 1186 014d 59       		.uleb128 0x59
 1187 014e 0B       		.uleb128 0xb
 1188 014f 01       		.uleb128 0x1
 1189 0150 13       		.uleb128 0x13
 1190 0151 00       		.byte	0
 1191 0152 00       		.byte	0
 1192 0153 18       		.uleb128 0x18
 1193 0154 1D       		.uleb128 0x1d
 1194 0155 00       		.byte	0
 1195 0156 31       		.uleb128 0x31
 1196 0157 13       		.uleb128 0x13
ARM GAS  C:\Users\g\AppData\Local\Temp\cciWnrh1.s 			page 30


 1197 0158 52       		.uleb128 0x52
 1198 0159 01       		.uleb128 0x1
 1199 015a 55       		.uleb128 0x55
 1200 015b 17       		.uleb128 0x17
 1201 015c 58       		.uleb128 0x58
 1202 015d 0B       		.uleb128 0xb
 1203 015e 59       		.uleb128 0x59
 1204 015f 0B       		.uleb128 0xb
 1205 0160 00       		.byte	0
 1206 0161 00       		.byte	0
 1207 0162 19       		.uleb128 0x19
 1208 0163 898201   		.uleb128 0x4109
 1209 0166 01       		.byte	0x1
 1210 0167 11       		.uleb128 0x11
 1211 0168 01       		.uleb128 0x1
 1212 0169 31       		.uleb128 0x31
 1213 016a 13       		.uleb128 0x13
 1214 016b 00       		.byte	0
 1215 016c 00       		.byte	0
 1216 016d 1A       		.uleb128 0x1a
 1217 016e 8A8201   		.uleb128 0x410a
 1218 0171 00       		.byte	0
 1219 0172 02       		.uleb128 0x2
 1220 0173 18       		.uleb128 0x18
 1221 0174 9142     		.uleb128 0x2111
 1222 0176 18       		.uleb128 0x18
 1223 0177 00       		.byte	0
 1224 0178 00       		.byte	0
 1225 0179 1B       		.uleb128 0x1b
 1226 017a 05       		.uleb128 0x5
 1227 017b 00       		.byte	0
 1228 017c 31       		.uleb128 0x31
 1229 017d 13       		.uleb128 0x13
 1230 017e 02       		.uleb128 0x2
 1231 017f 17       		.uleb128 0x17
 1232 0180 00       		.byte	0
 1233 0181 00       		.byte	0
 1234 0182 1C       		.uleb128 0x1c
 1235 0183 2E       		.uleb128 0x2e
 1236 0184 01       		.byte	0x1
 1237 0185 3F       		.uleb128 0x3f
 1238 0186 19       		.uleb128 0x19
 1239 0187 03       		.uleb128 0x3
 1240 0188 0E       		.uleb128 0xe
 1241 0189 3A       		.uleb128 0x3a
 1242 018a 0B       		.uleb128 0xb
 1243 018b 3B       		.uleb128 0x3b
 1244 018c 05       		.uleb128 0x5
 1245 018d 27       		.uleb128 0x27
 1246 018e 19       		.uleb128 0x19
 1247 018f 49       		.uleb128 0x49
 1248 0190 13       		.uleb128 0x13
 1249 0191 11       		.uleb128 0x11
 1250 0192 01       		.uleb128 0x1
 1251 0193 12       		.uleb128 0x12
 1252 0194 06       		.uleb128 0x6
 1253 0195 40       		.uleb128 0x40
ARM GAS  C:\Users\g\AppData\Local\Temp\cciWnrh1.s 			page 31


 1254 0196 18       		.uleb128 0x18
 1255 0197 9742     		.uleb128 0x2117
 1256 0199 19       		.uleb128 0x19
 1257 019a 01       		.uleb128 0x1
 1258 019b 13       		.uleb128 0x13
 1259 019c 00       		.byte	0
 1260 019d 00       		.byte	0
 1261 019e 1D       		.uleb128 0x1d
 1262 019f 34       		.uleb128 0x34
 1263 01a0 00       		.byte	0
 1264 01a1 03       		.uleb128 0x3
 1265 01a2 0E       		.uleb128 0xe
 1266 01a3 3A       		.uleb128 0x3a
 1267 01a4 0B       		.uleb128 0xb
 1268 01a5 3B       		.uleb128 0x3b
 1269 01a6 05       		.uleb128 0x5
 1270 01a7 49       		.uleb128 0x49
 1271 01a8 13       		.uleb128 0x13
 1272 01a9 02       		.uleb128 0x2
 1273 01aa 17       		.uleb128 0x17
 1274 01ab 00       		.byte	0
 1275 01ac 00       		.byte	0
 1276 01ad 1E       		.uleb128 0x1e
 1277 01ae 34       		.uleb128 0x34
 1278 01af 00       		.byte	0
 1279 01b0 03       		.uleb128 0x3
 1280 01b1 0E       		.uleb128 0xe
 1281 01b2 3A       		.uleb128 0x3a
 1282 01b3 0B       		.uleb128 0xb
 1283 01b4 3B       		.uleb128 0x3b
 1284 01b5 05       		.uleb128 0x5
 1285 01b6 49       		.uleb128 0x49
 1286 01b7 13       		.uleb128 0x13
 1287 01b8 1C       		.uleb128 0x1c
 1288 01b9 0B       		.uleb128 0xb
 1289 01ba 00       		.byte	0
 1290 01bb 00       		.byte	0
 1291 01bc 1F       		.uleb128 0x1f
 1292 01bd 2E       		.uleb128 0x2e
 1293 01be 00       		.byte	0
 1294 01bf 31       		.uleb128 0x31
 1295 01c0 13       		.uleb128 0x13
 1296 01c1 11       		.uleb128 0x11
 1297 01c2 01       		.uleb128 0x1
 1298 01c3 12       		.uleb128 0x12
 1299 01c4 06       		.uleb128 0x6
 1300 01c5 40       		.uleb128 0x40
 1301 01c6 18       		.uleb128 0x18
 1302 01c7 9742     		.uleb128 0x2117
 1303 01c9 19       		.uleb128 0x19
 1304 01ca 00       		.byte	0
 1305 01cb 00       		.byte	0
 1306 01cc 20       		.uleb128 0x20
 1307 01cd 2E       		.uleb128 0x2e
 1308 01ce 00       		.byte	0
 1309 01cf 3F       		.uleb128 0x3f
 1310 01d0 19       		.uleb128 0x19
ARM GAS  C:\Users\g\AppData\Local\Temp\cciWnrh1.s 			page 32


 1311 01d1 03       		.uleb128 0x3
 1312 01d2 0E       		.uleb128 0xe
 1313 01d3 3A       		.uleb128 0x3a
 1314 01d4 0B       		.uleb128 0xb
 1315 01d5 3B       		.uleb128 0x3b
 1316 01d6 05       		.uleb128 0x5
 1317 01d7 27       		.uleb128 0x27
 1318 01d8 19       		.uleb128 0x19
 1319 01d9 49       		.uleb128 0x49
 1320 01da 13       		.uleb128 0x13
 1321 01db 11       		.uleb128 0x11
 1322 01dc 01       		.uleb128 0x1
 1323 01dd 12       		.uleb128 0x12
 1324 01de 06       		.uleb128 0x6
 1325 01df 40       		.uleb128 0x40
 1326 01e0 18       		.uleb128 0x18
 1327 01e1 9742     		.uleb128 0x2117
 1328 01e3 19       		.uleb128 0x19
 1329 01e4 00       		.byte	0
 1330 01e5 00       		.byte	0
 1331 01e6 21       		.uleb128 0x21
 1332 01e7 2E       		.uleb128 0x2e
 1333 01e8 00       		.byte	0
 1334 01e9 3F       		.uleb128 0x3f
 1335 01ea 19       		.uleb128 0x19
 1336 01eb 03       		.uleb128 0x3
 1337 01ec 0E       		.uleb128 0xe
 1338 01ed 3A       		.uleb128 0x3a
 1339 01ee 0B       		.uleb128 0xb
 1340 01ef 3B       		.uleb128 0x3b
 1341 01f0 05       		.uleb128 0x5
 1342 01f1 27       		.uleb128 0x27
 1343 01f2 19       		.uleb128 0x19
 1344 01f3 11       		.uleb128 0x11
 1345 01f4 01       		.uleb128 0x1
 1346 01f5 12       		.uleb128 0x12
 1347 01f6 06       		.uleb128 0x6
 1348 01f7 40       		.uleb128 0x40
 1349 01f8 18       		.uleb128 0x18
 1350 01f9 9742     		.uleb128 0x2117
 1351 01fb 19       		.uleb128 0x19
 1352 01fc 00       		.byte	0
 1353 01fd 00       		.byte	0
 1354 01fe 22       		.uleb128 0x22
 1355 01ff 01       		.uleb128 0x1
 1356 0200 01       		.byte	0x1
 1357 0201 49       		.uleb128 0x49
 1358 0202 13       		.uleb128 0x13
 1359 0203 01       		.uleb128 0x1
 1360 0204 13       		.uleb128 0x13
 1361 0205 00       		.byte	0
 1362 0206 00       		.byte	0
 1363 0207 23       		.uleb128 0x23
 1364 0208 21       		.uleb128 0x21
 1365 0209 00       		.byte	0
 1366 020a 49       		.uleb128 0x49
 1367 020b 13       		.uleb128 0x13
ARM GAS  C:\Users\g\AppData\Local\Temp\cciWnrh1.s 			page 33


 1368 020c 2F       		.uleb128 0x2f
 1369 020d 0B       		.uleb128 0xb
 1370 020e 00       		.byte	0
 1371 020f 00       		.byte	0
 1372 0210 24       		.uleb128 0x24
 1373 0211 34       		.uleb128 0x34
 1374 0212 00       		.byte	0
 1375 0213 03       		.uleb128 0x3
 1376 0214 0E       		.uleb128 0xe
 1377 0215 3A       		.uleb128 0x3a
 1378 0216 0B       		.uleb128 0xb
 1379 0217 3B       		.uleb128 0x3b
 1380 0218 0B       		.uleb128 0xb
 1381 0219 49       		.uleb128 0x49
 1382 021a 13       		.uleb128 0x13
 1383 021b 3F       		.uleb128 0x3f
 1384 021c 19       		.uleb128 0x19
 1385 021d 3C       		.uleb128 0x3c
 1386 021e 19       		.uleb128 0x19
 1387 021f 00       		.byte	0
 1388 0220 00       		.byte	0
 1389 0221 25       		.uleb128 0x25
 1390 0222 2E       		.uleb128 0x2e
 1391 0223 00       		.byte	0
 1392 0224 3F       		.uleb128 0x3f
 1393 0225 19       		.uleb128 0x19
 1394 0226 03       		.uleb128 0x3
 1395 0227 0E       		.uleb128 0xe
 1396 0228 3A       		.uleb128 0x3a
 1397 0229 0B       		.uleb128 0xb
 1398 022a 3B       		.uleb128 0x3b
 1399 022b 0B       		.uleb128 0xb
 1400 022c 27       		.uleb128 0x27
 1401 022d 19       		.uleb128 0x19
 1402 022e 49       		.uleb128 0x49
 1403 022f 13       		.uleb128 0x13
 1404 0230 3C       		.uleb128 0x3c
 1405 0231 19       		.uleb128 0x19
 1406 0232 00       		.byte	0
 1407 0233 00       		.byte	0
 1408 0234 26       		.uleb128 0x26
 1409 0235 2E       		.uleb128 0x2e
 1410 0236 01       		.byte	0x1
 1411 0237 3F       		.uleb128 0x3f
 1412 0238 19       		.uleb128 0x19
 1413 0239 03       		.uleb128 0x3
 1414 023a 0E       		.uleb128 0xe
 1415 023b 3A       		.uleb128 0x3a
 1416 023c 0B       		.uleb128 0xb
 1417 023d 3B       		.uleb128 0x3b
 1418 023e 0B       		.uleb128 0xb
 1419 023f 27       		.uleb128 0x27
 1420 0240 19       		.uleb128 0x19
 1421 0241 3C       		.uleb128 0x3c
 1422 0242 19       		.uleb128 0x19
 1423 0243 00       		.byte	0
 1424 0244 00       		.byte	0
ARM GAS  C:\Users\g\AppData\Local\Temp\cciWnrh1.s 			page 34


 1425 0245 27       		.uleb128 0x27
 1426 0246 05       		.uleb128 0x5
 1427 0247 00       		.byte	0
 1428 0248 49       		.uleb128 0x49
 1429 0249 13       		.uleb128 0x13
 1430 024a 00       		.byte	0
 1431 024b 00       		.byte	0
 1432 024c 00       		.byte	0
 1433              		.section	.debug_loc,"",%progbits
 1434              	.Ldebug_loc0:
 1435              	.LLST0:
 1436 0000 00000000 		.4byte	.LVL2
 1437 0004 07000000 		.4byte	.LVL3-1
 1438 0008 0100     		.2byte	0x1
 1439 000a 50       		.byte	0x50
 1440 000b 07000000 		.4byte	.LVL3-1
 1441 000f 20000000 		.4byte	.LFE6
 1442 0013 0400     		.2byte	0x4
 1443 0015 F3       		.byte	0xf3
 1444 0016 01       		.uleb128 0x1
 1445 0017 50       		.byte	0x50
 1446 0018 9F       		.byte	0x9f
 1447 0019 00000000 		.4byte	0
 1448 001d 00000000 		.4byte	0
 1449              	.LLST1:
 1450 0021 08000000 		.4byte	.LVL3
 1451 0025 19000000 		.4byte	.LVL4-1
 1452 0029 0100     		.2byte	0x1
 1453 002b 50       		.byte	0x50
 1454 002c 00000000 		.4byte	0
 1455 0030 00000000 		.4byte	0
 1456              	.LLST2:
 1457 0034 00000000 		.4byte	.LVL7
 1458 0038 12000000 		.4byte	.LVL9
 1459 003c 0100     		.2byte	0x1
 1460 003e 50       		.byte	0x50
 1461 003f 12000000 		.4byte	.LVL9
 1462 0043 15000000 		.4byte	.LVL10-1
 1463 0047 0500     		.2byte	0x5
 1464 0049 72       		.byte	0x72
 1465 004a 00       		.sleb128 0
 1466 004b 73       		.byte	0x73
 1467 004c 00       		.sleb128 0
 1468 004d 22       		.byte	0x22
 1469 004e 15000000 		.4byte	.LVL10-1
 1470 0052 28000000 		.4byte	.LFE1
 1471 0056 0400     		.2byte	0x4
 1472 0058 F3       		.byte	0xf3
 1473 0059 01       		.uleb128 0x1
 1474 005a 50       		.byte	0x50
 1475 005b 9F       		.byte	0x9f
 1476 005c 00000000 		.4byte	0
 1477 0060 00000000 		.4byte	0
 1478              	.LLST3:
 1479 0064 0A000000 		.4byte	.LVL8
 1480 0068 12000000 		.4byte	.LVL9
 1481 006c 0100     		.2byte	0x1
ARM GAS  C:\Users\g\AppData\Local\Temp\cciWnrh1.s 			page 35


 1482 006e 50       		.byte	0x50
 1483 006f 12000000 		.4byte	.LVL9
 1484 0073 15000000 		.4byte	.LVL10-1
 1485 0077 0500     		.2byte	0x5
 1486 0079 72       		.byte	0x72
 1487 007a 00       		.sleb128 0
 1488 007b 73       		.byte	0x73
 1489 007c 00       		.sleb128 0
 1490 007d 22       		.byte	0x22
 1491 007e 15000000 		.4byte	.LVL10-1
 1492 0082 28000000 		.4byte	.LFE1
 1493 0086 0400     		.2byte	0x4
 1494 0088 F3       		.byte	0xf3
 1495 0089 01       		.uleb128 0x1
 1496 008a 50       		.byte	0x50
 1497 008b 9F       		.byte	0x9f
 1498 008c 00000000 		.4byte	0
 1499 0090 00000000 		.4byte	0
 1500              	.LLST4:
 1501 0094 04000000 		.4byte	.LVL12
 1502 0098 06000000 		.4byte	.LVL13
 1503 009c 0800     		.2byte	0x8
 1504 009e 70       		.byte	0x70
 1505 009f 00       		.sleb128 0
 1506 00a0 08       		.byte	0x8
 1507 00a1 C0       		.byte	0xc0
 1508 00a2 1A       		.byte	0x1a
 1509 00a3 36       		.byte	0x36
 1510 00a4 25       		.byte	0x25
 1511 00a5 9F       		.byte	0x9f
 1512 00a6 00000000 		.4byte	0
 1513 00aa 00000000 		.4byte	0
 1514              		.section	.debug_aranges,"",%progbits
 1515 0000 7C000000 		.4byte	0x7c
 1516 0004 0200     		.2byte	0x2
 1517 0006 00000000 		.4byte	.Ldebug_info0
 1518 000a 04       		.byte	0x4
 1519 000b 00       		.byte	0
 1520 000c 0000     		.2byte	0
 1521 000e 0000     		.2byte	0
 1522 0010 00000000 		.4byte	.LFB3
 1523 0014 02000000 		.4byte	.LFE3-.LFB3
 1524 0018 00000000 		.4byte	.LFB2
 1525 001c 20000000 		.4byte	.LFE2-.LFB2
 1526 0020 00000000 		.4byte	.LFB4
 1527 0024 0C000000 		.4byte	.LFE4-.LFB4
 1528 0028 00000000 		.4byte	.LFB5
 1529 002c 0C000000 		.4byte	.LFE5-.LFB5
 1530 0030 00000000 		.4byte	.LFB6
 1531 0034 20000000 		.4byte	.LFE6-.LFB6
 1532 0038 00000000 		.4byte	.LFB0
 1533 003c 30000000 		.4byte	.LFE0-.LFB0
 1534 0040 00000000 		.4byte	.LFB1
 1535 0044 28000000 		.4byte	.LFE1-.LFB1
 1536 0048 00000000 		.4byte	.LFB7
 1537 004c 10000000 		.4byte	.LFE7-.LFB7
 1538 0050 00000000 		.4byte	.LFB8
ARM GAS  C:\Users\g\AppData\Local\Temp\cciWnrh1.s 			page 36


 1539 0054 10000000 		.4byte	.LFE8-.LFB8
 1540 0058 00000000 		.4byte	.LFB9
 1541 005c 10000000 		.4byte	.LFE9-.LFB9
 1542 0060 00000000 		.4byte	.LFB10
 1543 0064 10000000 		.4byte	.LFE10-.LFB10
 1544 0068 00000000 		.4byte	.LFB11
 1545 006c 10000000 		.4byte	.LFE11-.LFB11
 1546 0070 00000000 		.4byte	.LFB12
 1547 0074 10000000 		.4byte	.LFE12-.LFB12
 1548 0078 00000000 		.4byte	0
 1549 007c 00000000 		.4byte	0
 1550              		.section	.debug_ranges,"",%progbits
 1551              	.Ldebug_ranges0:
 1552 0000 08000000 		.4byte	.LBB20
 1553 0004 0E000000 		.4byte	.LBE20
 1554 0008 0E000000 		.4byte	.LBB23
 1555 000c 10000000 		.4byte	.LBE23
 1556 0010 00000000 		.4byte	0
 1557 0014 00000000 		.4byte	0
 1558 0018 0A000000 		.4byte	.LBB26
 1559 001c 10000000 		.4byte	.LBE26
 1560 0020 12000000 		.4byte	.LBB29
 1561 0024 14000000 		.4byte	.LBE29
 1562 0028 00000000 		.4byte	0
 1563 002c 00000000 		.4byte	0
 1564 0030 18000000 		.4byte	.LBB30
 1565 0034 1A000000 		.4byte	.LBE30
 1566 0038 1A000000 		.4byte	.LBB33
 1567 003c 1C000000 		.4byte	.LBE33
 1568 0040 00000000 		.4byte	0
 1569 0044 00000000 		.4byte	0
 1570 0048 0A000000 		.4byte	.LBB36
 1571 004c 0E000000 		.4byte	.LBE36
 1572 0050 0E000000 		.4byte	.LBB39
 1573 0054 10000000 		.4byte	.LBE39
 1574 0058 00000000 		.4byte	0
 1575 005c 00000000 		.4byte	0
 1576 0060 00000000 		.4byte	.LFB3
 1577 0064 02000000 		.4byte	.LFE3
 1578 0068 00000000 		.4byte	.LFB2
 1579 006c 20000000 		.4byte	.LFE2
 1580 0070 00000000 		.4byte	.LFB4
 1581 0074 0C000000 		.4byte	.LFE4
 1582 0078 00000000 		.4byte	.LFB5
 1583 007c 0C000000 		.4byte	.LFE5
 1584 0080 00000000 		.4byte	.LFB6
 1585 0084 20000000 		.4byte	.LFE6
 1586 0088 00000000 		.4byte	.LFB0
 1587 008c 30000000 		.4byte	.LFE0
 1588 0090 00000000 		.4byte	.LFB1
 1589 0094 28000000 		.4byte	.LFE1
 1590 0098 00000000 		.4byte	.LFB7
 1591 009c 10000000 		.4byte	.LFE7
 1592 00a0 00000000 		.4byte	.LFB8
 1593 00a4 10000000 		.4byte	.LFE8
 1594 00a8 00000000 		.4byte	.LFB9
 1595 00ac 10000000 		.4byte	.LFE9
ARM GAS  C:\Users\g\AppData\Local\Temp\cciWnrh1.s 			page 37


 1596 00b0 00000000 		.4byte	.LFB10
 1597 00b4 10000000 		.4byte	.LFE10
 1598 00b8 00000000 		.4byte	.LFB11
 1599 00bc 10000000 		.4byte	.LFE11
 1600 00c0 00000000 		.4byte	.LFB12
 1601 00c4 10000000 		.4byte	.LFE12
 1602 00c8 00000000 		.4byte	0
 1603 00cc 00000000 		.4byte	0
 1604              		.section	.debug_line,"",%progbits
 1605              	.Ldebug_line0:
 1606 0000 9C010000 		.section	.debug_str,"MS",%progbits,1
 1606      02004E00 
 1606      00000201 
 1606      FB0E0D00 
 1606      01010101 
 1607              	.LASF34:
 1608 0000 443A5C63 		.ascii	"D:\\code\\cypress\\Tarocco\\Tarocco.cydsn\000"
 1608      6F64655C 
 1608      63797072 
 1608      6573735C 
 1608      5461726F 
 1609              	.LASF37:
 1610 0026 43795261 		.ascii	"CyRamVectors\000"
 1610      6D566563 
 1610      746F7273 
 1610      00
 1611              	.LASF30:
 1612 0033 70776D49 		.ascii	"pwmISR_SetPending\000"
 1612      53525F53 
 1612      65745065 
 1612      6E64696E 
 1612      6700
 1613              	.LASF3:
 1614 0045 73686F72 		.ascii	"short unsigned int\000"
 1614      7420756E 
 1614      7369676E 
 1614      65642069 
 1614      6E7400
 1615              	.LASF27:
 1616 0058 70776D49 		.ascii	"pwmISR_GetVector\000"
 1616      53525F47 
 1616      65745665 
 1616      63746F72 
 1616      00
 1617              	.LASF24:
 1618 0069 70776D49 		.ascii	"pwmISR_StartEx\000"
 1618      53525F53 
 1618      74617274 
 1618      457800
 1619              	.LASF32:
 1620 0078 474E5520 		.ascii	"GNU C 4.9.3 20150303 (release) [ARM/embedded-4_9-br"
 1620      4320342E 
 1620      392E3320 
 1620      32303135 
 1620      30333033 
 1621 00ab 616E6368 		.ascii	"anch revision 221220] -mcpu=cortex-m0 -mthumb -g -O"
 1621      20726576 
ARM GAS  C:\Users\g\AppData\Local\Temp\cciWnrh1.s 			page 38


 1621      6973696F 
 1621      6E203232 
 1621      31323230 
 1622 00de 32202D73 		.ascii	"2 -std=gnu99 -ffunction-sections -ffat-lto-objects\000"
 1622      74643D67 
 1622      6E753939 
 1622      202D6666 
 1622      756E6374 
 1623              	.LASF29:
 1624 0111 70776D49 		.ascii	"pwmISR_Interrupt\000"
 1624      53525F49 
 1624      6E746572 
 1624      72757074 
 1624      00
 1625              	.LASF11:
 1626 0122 666C6F61 		.ascii	"float\000"
 1626      7400
 1627              	.LASF7:
 1628 0128 6C6F6E67 		.ascii	"long long unsigned int\000"
 1628      206C6F6E 
 1628      6720756E 
 1628      7369676E 
 1628      65642069 
 1629              	.LASF1:
 1630 013f 756E7369 		.ascii	"unsigned char\000"
 1630      676E6564 
 1630      20636861 
 1630      7200
 1631              	.LASF21:
 1632 014d 696E7465 		.ascii	"interruptState\000"
 1632      72727570 
 1632      74537461 
 1632      746500
 1633              	.LASF5:
 1634 015c 6C6F6E67 		.ascii	"long unsigned int\000"
 1634      20756E73 
 1634      69676E65 
 1634      6420696E 
 1634      7400
 1635              	.LASF9:
 1636 016e 75696E74 		.ascii	"uint8\000"
 1636      3800
 1637              	.LASF19:
 1638 0174 70776D49 		.ascii	"pwmISR_Stop\000"
 1638      53525F53 
 1638      746F7000 
 1639              	.LASF12:
 1640 0180 646F7562 		.ascii	"double\000"
 1640      6C6500
 1641              	.LASF17:
 1642 0187 70776D49 		.ascii	"pwmISR_Disable\000"
 1642      53525F44 
 1642      69736162 
 1642      6C6500
 1643              	.LASF23:
 1644 0196 70776D49 		.ascii	"pwmISR_Start\000"
 1644      53525F53 
ARM GAS  C:\Users\g\AppData\Local\Temp\cciWnrh1.s 			page 39


 1644      74617274 
 1644      00
 1645              	.LASF28:
 1646 01a3 70776D49 		.ascii	"pwmISR_GetState\000"
 1646      53525F47 
 1646      65745374 
 1646      61746500 
 1647              	.LASF25:
 1648 01b3 7072696F 		.ascii	"priority\000"
 1648      72697479 
 1648      00
 1649              	.LASF10:
 1650 01bc 75696E74 		.ascii	"uint32\000"
 1650      333200
 1651              	.LASF38:
 1652 01c3 4379456E 		.ascii	"CyEnterCriticalSection\000"
 1652      74657243 
 1652      72697469 
 1652      63616C53 
 1652      65637469 
 1653              	.LASF8:
 1654 01da 756E7369 		.ascii	"unsigned int\000"
 1654      676E6564 
 1654      20696E74 
 1654      00
 1655              	.LASF26:
 1656 01e7 61646472 		.ascii	"address\000"
 1656      65737300 
 1657              	.LASF39:
 1658 01ef 43794578 		.ascii	"CyExitCriticalSection\000"
 1658      69744372 
 1658      69746963 
 1658      616C5365 
 1658      6374696F 
 1659              	.LASF15:
 1660 0205 63796973 		.ascii	"cyisraddress\000"
 1660      72616464 
 1660      72657373 
 1660      00
 1661              	.LASF18:
 1662 0212 70776D49 		.ascii	"pwmISR_Enable\000"
 1662      53525F45 
 1662      6E61626C 
 1662      6500
 1663              	.LASF16:
 1664 0220 73697A65 		.ascii	"sizetype\000"
 1664      74797065 
 1664      00
 1665              	.LASF36:
 1666 0229 70776D49 		.ascii	"pwmISR_GetPriority\000"
 1666      53525F47 
 1666      65745072 
 1666      696F7269 
 1666      747900
 1667              	.LASF6:
 1668 023c 6C6F6E67 		.ascii	"long long int\000"
 1668      206C6F6E 
ARM GAS  C:\Users\g\AppData\Local\Temp\cciWnrh1.s 			page 40


 1668      6720696E 
 1668      7400
 1669              	.LASF13:
 1670 024a 63686172 		.ascii	"char\000"
 1670      00
 1671              	.LASF20:
 1672 024f 70776D49 		.ascii	"pwmISR_SetPriority\000"
 1672      53525F53 
 1672      65745072 
 1672      696F7269 
 1672      747900
 1673              	.LASF2:
 1674 0262 73686F72 		.ascii	"short int\000"
 1674      7420696E 
 1674      7400
 1675              	.LASF35:
 1676 026c 70776D49 		.ascii	"pwmISR_SetVector\000"
 1676      53525F53 
 1676      65745665 
 1676      63746F72 
 1676      00
 1677              	.LASF22:
 1678 027d 7072696F 		.ascii	"priorityOffset\000"
 1678      72697479 
 1678      4F666673 
 1678      657400
 1679              	.LASF4:
 1680 028c 6C6F6E67 		.ascii	"long int\000"
 1680      20696E74 
 1680      00
 1681              	.LASF14:
 1682 0295 72656733 		.ascii	"reg32\000"
 1682      3200
 1683              	.LASF33:
 1684 029b 47656E65 		.ascii	"Generated_Source\\PSoC4\\pwmISR.c\000"
 1684      72617465 
 1684      645F536F 
 1684      75726365 
 1684      5C50536F 
 1685              	.LASF0:
 1686 02bb 7369676E 		.ascii	"signed char\000"
 1686      65642063 
 1686      68617200 
 1687              	.LASF31:
 1688 02c7 70776D49 		.ascii	"pwmISR_ClearPending\000"
 1688      53525F43 
 1688      6C656172 
 1688      50656E64 
 1688      696E6700 
 1689              		.ident	"GCC: (GNU Tools for ARM Embedded Processors) 4.9.3 20150303 (release) [ARM/embedded-4_9-br
