--------------- Rebuild Started: 05/04/2017 19:39:38 Project: Tarocco, Configuration: ARM GCC 4.9-2015-q1-update Debug ---------------
Deleting file ".\CortexM0\ARM_GCC_493\Debug\main.o"
Deleting file ".\CortexM0\ARM_GCC_493\Debug\cyfitter_cfg.o"
Deleting file ".\CortexM0\ARM_GCC_493\Debug\cymetadata.o"
Deleting file ".\CortexM0\ARM_GCC_493\Debug\Cyclk12.o"
Deleting file ".\CortexM0\ARM_GCC_493\Debug\PWM_MOT.o"
Deleting file ".\CortexM0\ARM_GCC_493\Debug\PWM_MOT_PM.o"
Deleting file ".\CortexM0\ARM_GCC_493\Debug\phase.o"
Deleting file ".\CortexM0\ARM_GCC_493\Debug\phase_PM.o"
Deleting file ".\CortexM0\ARM_GCC_493\Debug\enable.o"
Deleting file ".\CortexM0\ARM_GCC_493\Debug\enable_PM.o"
Deleting file ".\CortexM0\ARM_GCC_493\Debug\sleep.o"
Deleting file ".\CortexM0\ARM_GCC_493\Debug\sleep_PM.o"
Deleting file ".\CortexM0\ARM_GCC_493\Debug\fault.o"
Deleting file ".\CortexM0\ARM_GCC_493\Debug\fault_PM.o"
Deleting file ".\CortexM0\ARM_GCC_493\Debug\ovc.o"
Deleting file ".\CortexM0\ARM_GCC_493\Debug\ovc_PM.o"
Deleting file ".\CortexM0\ARM_GCC_493\Debug\ADC.o"
Deleting file ".\CortexM0\ARM_GCC_493\Debug\ADC_PM.o"
Deleting file ".\CortexM0\ARM_GCC_493\Debug\ADC_INT.o"
Deleting file ".\CortexM0\ARM_GCC_493\Debug\isense.o"
Deleting file ".\CortexM0\ARM_GCC_493\Debug\isense_PM.o"
Deleting file ".\CortexM0\ARM_GCC_493\Debug\UART.o"
Deleting file ".\CortexM0\ARM_GCC_493\Debug\UART_SPI_UART.o"
Deleting file ".\CortexM0\ARM_GCC_493\Debug\UART_SPI_UART_INT.o"
Deleting file ".\CortexM0\ARM_GCC_493\Debug\UART_PM.o"
Deleting file ".\CortexM0\ARM_GCC_493\Debug\UART_UART.o"
Deleting file ".\CortexM0\ARM_GCC_493\Debug\UART_BOOT.o"
Deleting file ".\CortexM0\ARM_GCC_493\Debug\UART_UART_BOOT.o"
Deleting file ".\CortexM0\ARM_GCC_493\Debug\reset.o"
Deleting file ".\CortexM0\ARM_GCC_493\Debug\reset_PM.o"
Deleting file ".\CortexM0\ARM_GCC_493\Debug\error.o"
Deleting file ".\CortexM0\ARM_GCC_493\Debug\error_PM.o"
Deleting file ".\CortexM0\ARM_GCC_493\Debug\A.o"
Deleting file ".\CortexM0\ARM_GCC_493\Debug\A_PM.o"
Deleting file ".\CortexM0\ARM_GCC_493\Debug\B.o"
Deleting file ".\CortexM0\ARM_GCC_493\Debug\B_PM.o"
Deleting file ".\CortexM0\ARM_GCC_493\Debug\direction.o"
Deleting file ".\CortexM0\ARM_GCC_493\Debug\direction_PM.o"
Deleting file ".\CortexM0\ARM_GCC_493\Debug\step.o"
Deleting file ".\CortexM0\ARM_GCC_493\Debug\step_PM.o"
Deleting file ".\CortexM0\ARM_GCC_493\Debug\rxISR.o"
Deleting file ".\CortexM0\ARM_GCC_493\Debug\TX_SEND.o"
Deleting file ".\CortexM0\ARM_GCC_493\Debug\TX_SEND_PM.o"
Deleting file ".\CortexM0\ARM_GCC_493\Debug\pwmClk.o"
Deleting file ".\CortexM0\ARM_GCC_493\Debug\txISR.o"
Deleting file ".\CortexM0\ARM_GCC_493\Debug\EEPROM.o"
Deleting file ".\CortexM0\ARM_GCC_493\Debug\Clock_2.o"
Deleting file ".\CortexM0\ARM_GCC_493\Debug\Counter_1.o"
Deleting file ".\CortexM0\ARM_GCC_493\Debug\Counter_1_PM.o"
Deleting file ".\CortexM0\ARM_GCC_493\Debug\pwmISR.o"
Deleting file ".\CortexM0\ARM_GCC_493\Debug\ADC_IRQ.o"
Deleting file ".\CortexM0\ARM_GCC_493\Debug\ADC_intClock.o"
Deleting file ".\CortexM0\ARM_GCC_493\Debug\UART_SCBCLK.o"
Deleting file ".\CortexM0\ARM_GCC_493\Debug\UART_tx.o"
Deleting file ".\CortexM0\ARM_GCC_493\Debug\UART_tx_PM.o"
Deleting file ".\CortexM0\ARM_GCC_493\Debug\UART_rx.o"
Deleting file ".\CortexM0\ARM_GCC_493\Debug\UART_rx_PM.o"
Deleting file ".\CortexM0\ARM_GCC_493\Debug\Cm0Start.o"
Deleting file ".\CortexM0\ARM_GCC_493\Debug\CyBootAsmGnu.o"
Deleting file ".\CortexM0\ARM_GCC_493\Debug\CyFlash.o"
Deleting file ".\CortexM0\ARM_GCC_493\Debug\CyLib.o"
Deleting file ".\CortexM0\ARM_GCC_493\Debug\cyPm.o"
Deleting file ".\CortexM0\ARM_GCC_493\Debug\cyutils.o"
Deleting file ".\CortexM0\ARM_GCC_493\Debug\CyLFClk.o"
Deleting file ".\CortexM0\ARM_GCC_493\Debug\cybootloader.o"
Deleting file ".\CortexM0\ARM_GCC_493\Debug\Bootloadable_1.o"
Deleting file ".\CortexM0\ARM_GCC_493\Debug\vin.o"
Deleting file ".\CortexM0\ARM_GCC_493\Debug\vin_PM.o"
Deleting file ".\CortexM0\ARM_GCC_493\Debug\err.o"
Deleting file ".\CortexM0\ARM_GCC_493\Debug\err_PM.o"
Deleting file ".\CortexM0\ARM_GCC_493\Debug\step_register.o"
Deleting file ".\CortexM0\ARM_GCC_493\Debug\Tarocco.hex"
Deleting file ".\CortexM0\ARM_GCC_493\Debug\Tarocco.elf"
Deleting file ".\CortexM0\ARM_GCC_493\Debug\Tarocco.map"
Deleting file ".\CortexM0\ARM_GCC_493\Debug\Tarocco.cyacd"
Deleting file ".\Tarocco.cycdx"
Deleting file ".\Tarocco.svd"
Deleting file ".\Tarocco.rpt"
Deleting file ".\Tarocco_timing.html"
Deleting file ".\CortexM0\ARM_GCC_493\Debug\.deps\SOURCE_C__ARM_GCC_GENERIC.P"
Deleting file ".\CortexM0\ARM_GCC_493\Debug\.deps\SOURCE_ASM__ARM_GCC_GENERIC.P"
cydsfit.exe -.appdatapath "C:\Users\g\AppData\Local\Cypress Semiconductor\PSoC Creator\4.0" -.fdsnotice -.fdswarpdepfile=warp_dependencies.txt -.fdselabdepfile=elab_dependencies.txt -.fdsbldfile=generated_files.txt -.fdsreffile=referenced_files.txt -p D:\code\cypress\Tarocco\Tarocco.cydsn\Tarocco.cyprj -d CY8C4245PVI-482 -s D:\code\cypress\Tarocco\Tarocco.cydsn\Generated_Source\PSoC4 -- -yv2 -q10 -ygs -o2 -v3 -.fftcfgtype=LE
Elaborating Design...
HDL Generation...
Synthesis...
Tech Mapping...
Analog Placement...
Analog Routing...
Analog Code Generation...
Digital Placement...
Digital Routing...
Bitstream Generation...
Bitstream Verification...
Static timing analysis...
API Generation...
Dependency Generation...
Cleanup...
arm-none-eabi-gcc.exe -mcpu=cortex-m0 -mthumb -I. -IGenerated_Source\PSoC4 -Wa,-alh=.\CortexM0\ARM_GCC_493\Debug/main.lst -g -D DEBUG -Wall -ffunction-sections -O2 -ffat-lto-objects -std=gnu99 -c main.c -o .\CortexM0\ARM_GCC_493\Debug\main.o
arm-none-eabi-gcc.exe -mcpu=cortex-m0 -mthumb -I. -IGenerated_Source\PSoC4 -Wa,-alh=.\CortexM0\ARM_GCC_493\Debug/cyfitter_cfg.lst -g -D DEBUG -Wall -ffunction-sections -O2 -ffat-lto-objects -std=gnu99 -c Generated_Source\PSoC4\cyfitter_cfg.c -o .\CortexM0\ARM_GCC_493\Debug\cyfitter_cfg.o
arm-none-eabi-gcc.exe -mcpu=cortex-m0 -mthumb -I. -IGenerated_Source\PSoC4 -Wa,-alh=.\CortexM0\ARM_GCC_493\Debug/cymetadata.lst -g -D DEBUG -Wall -ffunction-sections -O2 -ffat-lto-objects -std=gnu99 -c Generated_Source\PSoC4\cymetadata.c -o .\CortexM0\ARM_GCC_493\Debug\cymetadata.o
arm-none-eabi-gcc.exe -mcpu=cortex-m0 -mthumb -I. -IGenerated_Source\PSoC4 -Wa,-alh=.\CortexM0\ARM_GCC_493\Debug/Cyclk12.lst -g -D DEBUG -Wall -ffunction-sections -O2 -ffat-lto-objects -std=gnu99 -c Generated_Source\PSoC4\Cyclk12.c -o .\CortexM0\ARM_GCC_493\Debug\Cyclk12.o
arm-none-eabi-gcc.exe -mcpu=cortex-m0 -mthumb -I. -IGenerated_Source\PSoC4 -Wa,-alh=.\CortexM0\ARM_GCC_493\Debug/PWM_MOT.lst -g -D DEBUG -Wall -ffunction-sections -O2 -ffat-lto-objects -std=gnu99 -c Generated_Source\PSoC4\PWM_MOT.c -o .\CortexM0\ARM_GCC_493\Debug\PWM_MOT.o
arm-none-eabi-gcc.exe -mcpu=cortex-m0 -mthumb -I. -IGenerated_Source\PSoC4 -Wa,-alh=.\CortexM0\ARM_GCC_493\Debug/PWM_MOT_PM.lst -g -D DEBUG -Wall -ffunction-sections -O2 -ffat-lto-objects -std=gnu99 -c Generated_Source\PSoC4\PWM_MOT_PM.c -o .\CortexM0\ARM_GCC_493\Debug\PWM_MOT_PM.o
arm-none-eabi-gcc.exe -mcpu=cortex-m0 -mthumb -I. -IGenerated_Source\PSoC4 -Wa,-alh=.\CortexM0\ARM_GCC_493\Debug/phase.lst -g -D DEBUG -Wall -ffunction-sections -O2 -ffat-lto-objects -std=gnu99 -c Generated_Source\PSoC4\phase.c -o .\CortexM0\ARM_GCC_493\Debug\phase.o
arm-none-eabi-gcc.exe -mcpu=cortex-m0 -mthumb -I. -IGenerated_Source\PSoC4 -Wa,-alh=.\CortexM0\ARM_GCC_493\Debug/phase_PM.lst -g -D DEBUG -Wall -ffunction-sections -O2 -ffat-lto-objects -std=gnu99 -c Generated_Source\PSoC4\phase_PM.c -o .\CortexM0\ARM_GCC_493\Debug\phase_PM.o
arm-none-eabi-gcc.exe -mcpu=cortex-m0 -mthumb -I. -IGenerated_Source\PSoC4 -Wa,-alh=.\CortexM0\ARM_GCC_493\Debug/enable.lst -g -D DEBUG -Wall -ffunction-sections -O2 -ffat-lto-objects -std=gnu99 -c Generated_Source\PSoC4\enable.c -o .\CortexM0\ARM_GCC_493\Debug\enable.o
arm-none-eabi-gcc.exe -mcpu=cortex-m0 -mthumb -I. -IGenerated_Source\PSoC4 -Wa,-alh=.\CortexM0\ARM_GCC_493\Debug/enable_PM.lst -g -D DEBUG -Wall -ffunction-sections -O2 -ffat-lto-objects -std=gnu99 -c Generated_Source\PSoC4\enable_PM.c -o .\CortexM0\ARM_GCC_493\Debug\enable_PM.o
arm-none-eabi-gcc.exe -mcpu=cortex-m0 -mthumb -I. -IGenerated_Source\PSoC4 -Wa,-alh=.\CortexM0\ARM_GCC_493\Debug/sleep.lst -g -D DEBUG -Wall -ffunction-sections -O2 -ffat-lto-objects -std=gnu99 -c Generated_Source\PSoC4\sleep.c -o .\CortexM0\ARM_GCC_493\Debug\sleep.o
arm-none-eabi-gcc.exe -mcpu=cortex-m0 -mthumb -I. -IGenerated_Source\PSoC4 -Wa,-alh=.\CortexM0\ARM_GCC_493\Debug/sleep_PM.lst -g -D DEBUG -Wall -ffunction-sections -O2 -ffat-lto-objects -std=gnu99 -c Generated_Source\PSoC4\sleep_PM.c -o .\CortexM0\ARM_GCC_493\Debug\sleep_PM.o
arm-none-eabi-gcc.exe -mcpu=cortex-m0 -mthumb -I. -IGenerated_Source\PSoC4 -Wa,-alh=.\CortexM0\ARM_GCC_493\Debug/fault.lst -g -D DEBUG -Wall -ffunction-sections -O2 -ffat-lto-objects -std=gnu99 -c Generated_Source\PSoC4\fault.c -o .\CortexM0\ARM_GCC_493\Debug\fault.o
arm-none-eabi-gcc.exe -mcpu=cortex-m0 -mthumb -I. -IGenerated_Source\PSoC4 -Wa,-alh=.\CortexM0\ARM_GCC_493\Debug/fault_PM.lst -g -D DEBUG -Wall -ffunction-sections -O2 -ffat-lto-objects -std=gnu99 -c Generated_Source\PSoC4\fault_PM.c -o .\CortexM0\ARM_GCC_493\Debug\fault_PM.o
arm-none-eabi-gcc.exe -mcpu=cortex-m0 -mthumb -I. -IGenerated_Source\PSoC4 -Wa,-alh=.\CortexM0\ARM_GCC_493\Debug/ovc.lst -g -D DEBUG -Wall -ffunction-sections -O2 -ffat-lto-objects -std=gnu99 -c Generated_Source\PSoC4\ovc.c -o .\CortexM0\ARM_GCC_493\Debug\ovc.o
arm-none-eabi-gcc.exe -mcpu=cortex-m0 -mthumb -I. -IGenerated_Source\PSoC4 -Wa,-alh=.\CortexM0\ARM_GCC_493\Debug/ovc_PM.lst -g -D DEBUG -Wall -ffunction-sections -O2 -ffat-lto-objects -std=gnu99 -c Generated_Source\PSoC4\ovc_PM.c -o .\CortexM0\ARM_GCC_493\Debug\ovc_PM.o
arm-none-eabi-gcc.exe -mcpu=cortex-m0 -mthumb -I. -IGenerated_Source\PSoC4 -Wa,-alh=.\CortexM0\ARM_GCC_493\Debug/ADC.lst -g -D DEBUG -Wall -ffunction-sections -O2 -ffat-lto-objects -std=gnu99 -c Generated_Source\PSoC4\ADC.c -o .\CortexM0\ARM_GCC_493\Debug\ADC.o
arm-none-eabi-gcc.exe -mcpu=cortex-m0 -mthumb -I. -IGenerated_Source\PSoC4 -Wa,-alh=.\CortexM0\ARM_GCC_493\Debug/ADC_PM.lst -g -D DEBUG -Wall -ffunction-sections -O2 -ffat-lto-objects -std=gnu99 -c Generated_Source\PSoC4\ADC_PM.c -o .\CortexM0\ARM_GCC_493\Debug\ADC_PM.o
arm-none-eabi-gcc.exe -mcpu=cortex-m0 -mthumb -I. -IGenerated_Source\PSoC4 -Wa,-alh=.\CortexM0\ARM_GCC_493\Debug/ADC_INT.lst -g -D DEBUG -Wall -ffunction-sections -O2 -ffat-lto-objects -std=gnu99 -c Generated_Source\PSoC4\ADC_INT.c -o .\CortexM0\ARM_GCC_493\Debug\ADC_INT.o
arm-none-eabi-gcc.exe -mcpu=cortex-m0 -mthumb -I. -IGenerated_Source\PSoC4 -Wa,-alh=.\CortexM0\ARM_GCC_493\Debug/isense.lst -g -D DEBUG -Wall -ffunction-sections -O2 -ffat-lto-objects -std=gnu99 -c Generated_Source\PSoC4\isense.c -o .\CortexM0\ARM_GCC_493\Debug\isense.o
arm-none-eabi-gcc.exe -mcpu=cortex-m0 -mthumb -I. -IGenerated_Source\PSoC4 -Wa,-alh=.\CortexM0\ARM_GCC_493\Debug/isense_PM.lst -g -D DEBUG -Wall -ffunction-sections -O2 -ffat-lto-objects -std=gnu99 -c Generated_Source\PSoC4\isense_PM.c -o .\CortexM0\ARM_GCC_493\Debug\isense_PM.o
arm-none-eabi-gcc.exe -mcpu=cortex-m0 -mthumb -I. -IGenerated_Source\PSoC4 -Wa,-alh=.\CortexM0\ARM_GCC_493\Debug/UART.lst -g -D DEBUG -Wall -ffunction-sections -O2 -ffat-lto-objects -std=gnu99 -c Generated_Source\PSoC4\UART.c -o .\CortexM0\ARM_GCC_493\Debug\UART.o
arm-none-eabi-gcc.exe -mcpu=cortex-m0 -mthumb -I. -IGenerated_Source\PSoC4 -Wa,-alh=.\CortexM0\ARM_GCC_493\Debug/UART_SPI_UART.lst -g -D DEBUG -Wall -ffunction-sections -O2 -ffat-lto-objects -std=gnu99 -c Generated_Source\PSoC4\UART_SPI_UART.c -o .\CortexM0\ARM_GCC_493\Debug\UART_SPI_UART.o
arm-none-eabi-gcc.exe -mcpu=cortex-m0 -mthumb -I. -IGenerated_Source\PSoC4 -Wa,-alh=.\CortexM0\ARM_GCC_493\Debug/UART_SPI_UART_INT.lst -g -D DEBUG -Wall -ffunction-sections -O2 -ffat-lto-objects -std=gnu99 -c Generated_Source\PSoC4\UART_SPI_UART_INT.c -o .\CortexM0\ARM_GCC_493\Debug\UART_SPI_UART_INT.o
arm-none-eabi-gcc.exe -mcpu=cortex-m0 -mthumb -I. -IGenerated_Source\PSoC4 -Wa,-alh=.\CortexM0\ARM_GCC_493\Debug/UART_PM.lst -g -D DEBUG -Wall -ffunction-sections -O2 -ffat-lto-objects -std=gnu99 -c Generated_Source\PSoC4\UART_PM.c -o .\CortexM0\ARM_GCC_493\Debug\UART_PM.o
arm-none-eabi-gcc.exe -mcpu=cortex-m0 -mthumb -I. -IGenerated_Source\PSoC4 -Wa,-alh=.\CortexM0\ARM_GCC_493\Debug/UART_UART.lst -g -D DEBUG -Wall -ffunction-sections -O2 -ffat-lto-objects -std=gnu99 -c Generated_Source\PSoC4\UART_UART.c -o .\CortexM0\ARM_GCC_493\Debug\UART_UART.o
arm-none-eabi-gcc.exe -mcpu=cortex-m0 -mthumb -I. -IGenerated_Source\PSoC4 -Wa,-alh=.\CortexM0\ARM_GCC_493\Debug/UART_BOOT.lst -g -D DEBUG -Wall -ffunction-sections -O2 -ffat-lto-objects -std=gnu99 -c Generated_Source\PSoC4\UART_BOOT.c -o .\CortexM0\ARM_GCC_493\Debug\UART_BOOT.o
arm-none-eabi-gcc.exe -mcpu=cortex-m0 -mthumb -I. -IGenerated_Source\PSoC4 -Wa,-alh=.\CortexM0\ARM_GCC_493\Debug/UART_UART_BOOT.lst -g -D DEBUG -Wall -ffunction-sections -O2 -ffat-lto-objects -std=gnu99 -c Generated_Source\PSoC4\UART_UART_BOOT.c -o .\CortexM0\ARM_GCC_493\Debug\UART_UART_BOOT.o
arm-none-eabi-gcc.exe -mcpu=cortex-m0 -mthumb -I. -IGenerated_Source\PSoC4 -Wa,-alh=.\CortexM0\ARM_GCC_493\Debug/reset.lst -g -D DEBUG -Wall -ffunction-sections -O2 -ffat-lto-objects -std=gnu99 -c Generated_Source\PSoC4\reset.c -o .\CortexM0\ARM_GCC_493\Debug\reset.o
arm-none-eabi-gcc.exe -mcpu=cortex-m0 -mthumb -I. -IGenerated_Source\PSoC4 -Wa,-alh=.\CortexM0\ARM_GCC_493\Debug/reset_PM.lst -g -D DEBUG -Wall -ffunction-sections -O2 -ffat-lto-objects -std=gnu99 -c Generated_Source\PSoC4\reset_PM.c -o .\CortexM0\ARM_GCC_493\Debug\reset_PM.o
arm-none-eabi-gcc.exe -mcpu=cortex-m0 -mthumb -I. -IGenerated_Source\PSoC4 -Wa,-alh=.\CortexM0\ARM_GCC_493\Debug/error.lst -g -D DEBUG -Wall -ffunction-sections -O2 -ffat-lto-objects -std=gnu99 -c Generated_Source\PSoC4\error.c -o .\CortexM0\ARM_GCC_493\Debug\error.o
arm-none-eabi-gcc.exe -mcpu=cortex-m0 -mthumb -I. -IGenerated_Source\PSoC4 -Wa,-alh=.\CortexM0\ARM_GCC_493\Debug/error_PM.lst -g -D DEBUG -Wall -ffunction-sections -O2 -ffat-lto-objects -std=gnu99 -c Generated_Source\PSoC4\error_PM.c -o .\CortexM0\ARM_GCC_493\Debug\error_PM.o
arm-none-eabi-gcc.exe -mcpu=cortex-m0 -mthumb -I. -IGenerated_Source\PSoC4 -Wa,-alh=.\CortexM0\ARM_GCC_493\Debug/A.lst -g -D DEBUG -Wall -ffunction-sections -O2 -ffat-lto-objects -std=gnu99 -c Generated_Source\PSoC4\A.c -o .\CortexM0\ARM_GCC_493\Debug\A.o
arm-none-eabi-gcc.exe -mcpu=cortex-m0 -mthumb -I. -IGenerated_Source\PSoC4 -Wa,-alh=.\CortexM0\ARM_GCC_493\Debug/A_PM.lst -g -D DEBUG -Wall -ffunction-sections -O2 -ffat-lto-objects -std=gnu99 -c Generated_Source\PSoC4\A_PM.c -o .\CortexM0\ARM_GCC_493\Debug\A_PM.o
arm-none-eabi-gcc.exe -mcpu=cortex-m0 -mthumb -I. -IGenerated_Source\PSoC4 -Wa,-alh=.\CortexM0\ARM_GCC_493\Debug/B.lst -g -D DEBUG -Wall -ffunction-sections -O2 -ffat-lto-objects -std=gnu99 -c Generated_Source\PSoC4\B.c -o .\CortexM0\ARM_GCC_493\Debug\B.o
arm-none-eabi-gcc.exe -mcpu=cortex-m0 -mthumb -I. -IGenerated_Source\PSoC4 -Wa,-alh=.\CortexM0\ARM_GCC_493\Debug/B_PM.lst -g -D DEBUG -Wall -ffunction-sections -O2 -ffat-lto-objects -std=gnu99 -c Generated_Source\PSoC4\B_PM.c -o .\CortexM0\ARM_GCC_493\Debug\B_PM.o
arm-none-eabi-gcc.exe -mcpu=cortex-m0 -mthumb -I. -IGenerated_Source\PSoC4 -Wa,-alh=.\CortexM0\ARM_GCC_493\Debug/direction.lst -g -D DEBUG -Wall -ffunction-sections -O2 -ffat-lto-objects -std=gnu99 -c Generated_Source\PSoC4\direction.c -o .\CortexM0\ARM_GCC_493\Debug\direction.o
arm-none-eabi-gcc.exe -mcpu=cortex-m0 -mthumb -I. -IGenerated_Source\PSoC4 -Wa,-alh=.\CortexM0\ARM_GCC_493\Debug/direction_PM.lst -g -D DEBUG -Wall -ffunction-sections -O2 -ffat-lto-objects -std=gnu99 -c Generated_Source\PSoC4\direction_PM.c -o .\CortexM0\ARM_GCC_493\Debug\direction_PM.o
arm-none-eabi-gcc.exe -mcpu=cortex-m0 -mthumb -I. -IGenerated_Source\PSoC4 -Wa,-alh=.\CortexM0\ARM_GCC_493\Debug/step.lst -g -D DEBUG -Wall -ffunction-sections -O2 -ffat-lto-objects -std=gnu99 -c Generated_Source\PSoC4\step.c -o .\CortexM0\ARM_GCC_493\Debug\step.o
arm-none-eabi-gcc.exe -mcpu=cortex-m0 -mthumb -I. -IGenerated_Source\PSoC4 -Wa,-alh=.\CortexM0\ARM_GCC_493\Debug/step_PM.lst -g -D DEBUG -Wall -ffunction-sections -O2 -ffat-lto-objects -std=gnu99 -c Generated_Source\PSoC4\step_PM.c -o .\CortexM0\ARM_GCC_493\Debug\step_PM.o
arm-none-eabi-gcc.exe -mcpu=cortex-m0 -mthumb -I. -IGenerated_Source\PSoC4 -Wa,-alh=.\CortexM0\ARM_GCC_493\Debug/rxISR.lst -g -D DEBUG -Wall -ffunction-sections -O2 -ffat-lto-objects -std=gnu99 -c Generated_Source\PSoC4\rxISR.c -o .\CortexM0\ARM_GCC_493\Debug\rxISR.o
arm-none-eabi-gcc.exe -mcpu=cortex-m0 -mthumb -I. -IGenerated_Source\PSoC4 -Wa,-alh=.\CortexM0\ARM_GCC_493\Debug/TX_SEND.lst -g -D DEBUG -Wall -ffunction-sections -O2 -ffat-lto-objects -std=gnu99 -c Generated_Source\PSoC4\TX_SEND.c -o .\CortexM0\ARM_GCC_493\Debug\TX_SEND.o
arm-none-eabi-gcc.exe -mcpu=cortex-m0 -mthumb -I. -IGenerated_Source\PSoC4 -Wa,-alh=.\CortexM0\ARM_GCC_493\Debug/TX_SEND_PM.lst -g -D DEBUG -Wall -ffunction-sections -O2 -ffat-lto-objects -std=gnu99 -c Generated_Source\PSoC4\TX_SEND_PM.c -o .\CortexM0\ARM_GCC_493\Debug\TX_SEND_PM.o
arm-none-eabi-gcc.exe -mcpu=cortex-m0 -mthumb -I. -IGenerated_Source\PSoC4 -Wa,-alh=.\CortexM0\ARM_GCC_493\Debug/pwmClk.lst -g -D DEBUG -Wall -ffunction-sections -O2 -ffat-lto-objects -std=gnu99 -c Generated_Source\PSoC4\pwmClk.c -o .\CortexM0\ARM_GCC_493\Debug\pwmClk.o
arm-none-eabi-gcc.exe -mcpu=cortex-m0 -mthumb -I. -IGenerated_Source\PSoC4 -Wa,-alh=.\CortexM0\ARM_GCC_493\Debug/txISR.lst -g -D DEBUG -Wall -ffunction-sections -O2 -ffat-lto-objects -std=gnu99 -c Generated_Source\PSoC4\txISR.c -o .\CortexM0\ARM_GCC_493\Debug\txISR.o
arm-none-eabi-gcc.exe -mcpu=cortex-m0 -mthumb -I. -IGenerated_Source\PSoC4 -Wa,-alh=.\CortexM0\ARM_GCC_493\Debug/EEPROM.lst -g -D DEBUG -Wall -ffunction-sections -O2 -ffat-lto-objects -std=gnu99 -c Generated_Source\PSoC4\EEPROM.c -o .\CortexM0\ARM_GCC_493\Debug\EEPROM.o
arm-none-eabi-gcc.exe -mcpu=cortex-m0 -mthumb -I. -IGenerated_Source\PSoC4 -Wa,-alh=.\CortexM0\ARM_GCC_493\Debug/Clock_2.lst -g -D DEBUG -Wall -ffunction-sections -O2 -ffat-lto-objects -std=gnu99 -c Generated_Source\PSoC4\Clock_2.c -o .\CortexM0\ARM_GCC_493\Debug\Clock_2.o
arm-none-eabi-gcc.exe -mcpu=cortex-m0 -mthumb -I. -IGenerated_Source\PSoC4 -Wa,-alh=.\CortexM0\ARM_GCC_493\Debug/Counter_1.lst -g -D DEBUG -Wall -ffunction-sections -O2 -ffat-lto-objects -std=gnu99 -c Generated_Source\PSoC4\Counter_1.c -o .\CortexM0\ARM_GCC_493\Debug\Counter_1.o
arm-none-eabi-gcc.exe -mcpu=cortex-m0 -mthumb -I. -IGenerated_Source\PSoC4 -Wa,-alh=.\CortexM0\ARM_GCC_493\Debug/Counter_1_PM.lst -g -D DEBUG -Wall -ffunction-sections -O2 -ffat-lto-objects -std=gnu99 -c Generated_Source\PSoC4\Counter_1_PM.c -o .\CortexM0\ARM_GCC_493\Debug\Counter_1_PM.o
arm-none-eabi-gcc.exe -mcpu=cortex-m0 -mthumb -I. -IGenerated_Source\PSoC4 -Wa,-alh=.\CortexM0\ARM_GCC_493\Debug/pwmISR.lst -g -D DEBUG -Wall -ffunction-sections -O2 -ffat-lto-objects -std=gnu99 -c Generated_Source\PSoC4\pwmISR.c -o .\CortexM0\ARM_GCC_493\Debug\pwmISR.o
arm-none-eabi-gcc.exe -mcpu=cortex-m0 -mthumb -I. -IGenerated_Source\PSoC4 -Wa,-alh=.\CortexM0\ARM_GCC_493\Debug/ADC_IRQ.lst -g -D DEBUG -Wall -ffunction-sections -O2 -ffat-lto-objects -std=gnu99 -c Generated_Source\PSoC4\ADC_IRQ.c -o .\CortexM0\ARM_GCC_493\Debug\ADC_IRQ.o
arm-none-eabi-gcc.exe -mcpu=cortex-m0 -mthumb -I. -IGenerated_Source\PSoC4 -Wa,-alh=.\CortexM0\ARM_GCC_493\Debug/ADC_intClock.lst -g -D DEBUG -Wall -ffunction-sections -O2 -ffat-lto-objects -std=gnu99 -c Generated_Source\PSoC4\ADC_intClock.c -o .\CortexM0\ARM_GCC_493\Debug\ADC_intClock.o
arm-none-eabi-gcc.exe -mcpu=cortex-m0 -mthumb -I. -IGenerated_Source\PSoC4 -Wa,-alh=.\CortexM0\ARM_GCC_493\Debug/UART_SCBCLK.lst -g -D DEBUG -Wall -ffunction-sections -O2 -ffat-lto-objects -std=gnu99 -c Generated_Source\PSoC4\UART_SCBCLK.c -o .\CortexM0\ARM_GCC_493\Debug\UART_SCBCLK.o
arm-none-eabi-gcc.exe -mcpu=cortex-m0 -mthumb -I. -IGenerated_Source\PSoC4 -Wa,-alh=.\CortexM0\ARM_GCC_493\Debug/UART_tx.lst -g -D DEBUG -Wall -ffunction-sections -O2 -ffat-lto-objects -std=gnu99 -c Generated_Source\PSoC4\UART_tx.c -o .\CortexM0\ARM_GCC_493\Debug\UART_tx.o
arm-none-eabi-gcc.exe -mcpu=cortex-m0 -mthumb -I. -IGenerated_Source\PSoC4 -Wa,-alh=.\CortexM0\ARM_GCC_493\Debug/UART_tx_PM.lst -g -D DEBUG -Wall -ffunction-sections -O2 -ffat-lto-objects -std=gnu99 -c Generated_Source\PSoC4\UART_tx_PM.c -o .\CortexM0\ARM_GCC_493\Debug\UART_tx_PM.o
arm-none-eabi-gcc.exe -mcpu=cortex-m0 -mthumb -I. -IGenerated_Source\PSoC4 -Wa,-alh=.\CortexM0\ARM_GCC_493\Debug/UART_rx.lst -g -D DEBUG -Wall -ffunction-sections -O2 -ffat-lto-objects -std=gnu99 -c Generated_Source\PSoC4\UART_rx.c -o .\CortexM0\ARM_GCC_493\Debug\UART_rx.o
arm-none-eabi-gcc.exe -mcpu=cortex-m0 -mthumb -I. -IGenerated_Source\PSoC4 -Wa,-alh=.\CortexM0\ARM_GCC_493\Debug/UART_rx_PM.lst -g -D DEBUG -Wall -ffunction-sections -O2 -ffat-lto-objects -std=gnu99 -c Generated_Source\PSoC4\UART_rx_PM.c -o .\CortexM0\ARM_GCC_493\Debug\UART_rx_PM.o
arm-none-eabi-gcc.exe -mcpu=cortex-m0 -mthumb -I. -IGenerated_Source\PSoC4 -Wa,-alh=.\CortexM0\ARM_GCC_493\Debug/Cm0Start.lst -g -D DEBUG -Wall -ffunction-sections -O2 -ffat-lto-objects -std=gnu99 -c Generated_Source\PSoC4\Cm0Start.c -o .\CortexM0\ARM_GCC_493\Debug\Cm0Start.o
arm-none-eabi-gcc.exe -mcpu=cortex-m0 -mthumb -I. -IGenerated_Source\PSoC4 -Wa,-alh=.\CortexM0\ARM_GCC_493\Debug/CyFlash.lst -g -D DEBUG -Wall -ffunction-sections -O2 -ffat-lto-objects -std=gnu99 -c Generated_Source\PSoC4\CyFlash.c -o .\CortexM0\ARM_GCC_493\Debug\CyFlash.o
arm-none-eabi-gcc.exe -mcpu=cortex-m0 -mthumb -I. -IGenerated_Source\PSoC4 -Wa,-alh=.\CortexM0\ARM_GCC_493\Debug/CyLib.lst -g -D DEBUG -Wall -ffunction-sections -O2 -ffat-lto-objects -std=gnu99 -c Generated_Source\PSoC4\CyLib.c -o .\CortexM0\ARM_GCC_493\Debug\CyLib.o
arm-none-eabi-gcc.exe -mcpu=cortex-m0 -mthumb -I. -IGenerated_Source\PSoC4 -Wa,-alh=.\CortexM0\ARM_GCC_493\Debug/cyPm.lst -g -D DEBUG -Wall -ffunction-sections -O2 -ffat-lto-objects -std=gnu99 -c Generated_Source\PSoC4\cyPm.c -o .\CortexM0\ARM_GCC_493\Debug\cyPm.o
arm-none-eabi-gcc.exe -mcpu=cortex-m0 -mthumb -I. -IGenerated_Source\PSoC4 -Wa,-alh=.\CortexM0\ARM_GCC_493\Debug/cyutils.lst -g -D DEBUG -Wall -ffunction-sections -O2 -ffat-lto-objects -std=gnu99 -c Generated_Source\PSoC4\cyutils.c -o .\CortexM0\ARM_GCC_493\Debug\cyutils.o
arm-none-eabi-gcc.exe -mcpu=cortex-m0 -mthumb -I. -IGenerated_Source\PSoC4 -Wa,-alh=.\CortexM0\ARM_GCC_493\Debug/CyLFClk.lst -g -D DEBUG -Wall -ffunction-sections -O2 -ffat-lto-objects -std=gnu99 -c Generated_Source\PSoC4\CyLFClk.c -o .\CortexM0\ARM_GCC_493\Debug\CyLFClk.o
arm-none-eabi-gcc.exe -mcpu=cortex-m0 -mthumb -I. -IGenerated_Source\PSoC4 -Wa,-alh=.\CortexM0\ARM_GCC_493\Debug/cybootloader.lst -g -D DEBUG -Wall -ffunction-sections -O2 -ffat-lto-objects -std=gnu99 -c Generated_Source\PSoC4\cybootloader.c -o .\CortexM0\ARM_GCC_493\Debug\cybootloader.o
arm-none-eabi-gcc.exe -mcpu=cortex-m0 -mthumb -I. -IGenerated_Source\PSoC4 -Wa,-alh=.\CortexM0\ARM_GCC_493\Debug/Bootloadable_1.lst -g -D DEBUG -Wall -ffunction-sections -O2 -ffat-lto-objects -std=gnu99 -c Generated_Source\PSoC4\Bootloadable_1.c -o .\CortexM0\ARM_GCC_493\Debug\Bootloadable_1.o
arm-none-eabi-gcc.exe -mcpu=cortex-m0 -mthumb -I. -IGenerated_Source\PSoC4 -Wa,-alh=.\CortexM0\ARM_GCC_493\Debug/vin.lst -g -D DEBUG -Wall -ffunction-sections -O2 -ffat-lto-objects -std=gnu99 -c Generated_Source\PSoC4\vin.c -o .\CortexM0\ARM_GCC_493\Debug\vin.o
arm-none-eabi-gcc.exe -mcpu=cortex-m0 -mthumb -I. -IGenerated_Source\PSoC4 -Wa,-alh=.\CortexM0\ARM_GCC_493\Debug/vin_PM.lst -g -D DEBUG -Wall -ffunction-sections -O2 -ffat-lto-objects -std=gnu99 -c Generated_Source\PSoC4\vin_PM.c -o .\CortexM0\ARM_GCC_493\Debug\vin_PM.o
arm-none-eabi-gcc.exe -mcpu=cortex-m0 -mthumb -I. -IGenerated_Source\PSoC4 -Wa,-alh=.\CortexM0\ARM_GCC_493\Debug/err.lst -g -D DEBUG -Wall -ffunction-sections -O2 -ffat-lto-objects -std=gnu99 -c Generated_Source\PSoC4\err.c -o .\CortexM0\ARM_GCC_493\Debug\err.o
arm-none-eabi-gcc.exe -mcpu=cortex-m0 -mthumb -I. -IGenerated_Source\PSoC4 -Wa,-alh=.\CortexM0\ARM_GCC_493\Debug/err_PM.lst -g -D DEBUG -Wall -ffunction-sections -O2 -ffat-lto-objects -std=gnu99 -c Generated_Source\PSoC4\err_PM.c -o .\CortexM0\ARM_GCC_493\Debug\err_PM.o
arm-none-eabi-gcc.exe -mcpu=cortex-m0 -mthumb -I. -IGenerated_Source\PSoC4 -Wa,-alh=.\CortexM0\ARM_GCC_493\Debug/step_register.lst -g -D DEBUG -Wall -ffunction-sections -O2 -ffat-lto-objects -std=gnu99 -c Generated_Source\PSoC4\step_register.c -o .\CortexM0\ARM_GCC_493\Debug\step_register.o
arm-none-eabi-as.exe -mcpu=cortex-m0 -mthumb -I. -IGenerated_Source\PSoC4 -alh=.\CortexM0\ARM_GCC_493\Debug/CyBootAsmGnu.lst -g -W -o .\CortexM0\ARM_GCC_493\Debug\CyBootAsmGnu.o Generated_Source\PSoC4\CyBootAsmGnu.s
arm-none-eabi-ar.exe -rs .\CortexM0\ARM_GCC_493\Debug\Tarocco.a .\CortexM0\ARM_GCC_493\Debug\cyfitter_cfg.o .\CortexM0\ARM_GCC_493\Debug\Cyclk12.o .\CortexM0\ARM_GCC_493\Debug\PWM_MOT.o .\CortexM0\ARM_GCC_493\Debug\PWM_MOT_PM.o .\CortexM0\ARM_GCC_493\Debug\phase.o .\CortexM0\ARM_GCC_493\Debug\phase_PM.o .\CortexM0\ARM_GCC_493\Debug\enable.o .\CortexM0\ARM_GCC_493\Debug\enable_PM.o .\CortexM0\ARM_GCC_493\Debug\sleep.o .\CortexM0\ARM_GCC_493\Debug\sleep_PM.o .\CortexM0\ARM_GCC_493\Debug\fault.o .\CortexM0\ARM_GCC_493\Debug\fault_PM.o .\CortexM0\ARM_GCC_493\Debug\ovc.o .\CortexM0\ARM_GCC_493\Debug\ovc_PM.o .\CortexM0\ARM_GCC_493\Debug\ADC.o .\CortexM0\ARM_GCC_493\Debug\ADC_PM.o .\CortexM0\ARM_GCC_493\Debug\ADC_INT.o .\CortexM0\ARM_GCC_493\Debug\isense.o .\CortexM0\ARM_GCC_493\Debug\isense_PM.o .\CortexM0\ARM_GCC_493\Debug\UART.o .\CortexM0\ARM_GCC_493\Debug\UART_SPI_UART.o .\CortexM0\ARM_GCC_493\Debug\UART_SPI_UART_INT.o .\CortexM0\ARM_GCC_493\Debug\UART_PM.o .\CortexM0\ARM_GCC_493\Debug\UART_UART.o .\CortexM0\ARM_GCC_493\Debug\UART_BOOT.o .\CortexM0\ARM_GCC_493\Debug\UART_UART_BOOT.o .\CortexM0\ARM_GCC_493\Debug\reset.o .\CortexM0\ARM_GCC_493\Debug\reset_PM.o .\CortexM0\ARM_GCC_493\Debug\error.o .\CortexM0\ARM_GCC_493\Debug\error_PM.o .\CortexM0\ARM_GCC_493\Debug\A.o .\CortexM0\ARM_GCC_493\Debug\A_PM.o .\CortexM0\ARM_GCC_493\Debug\B.o .\CortexM0\ARM_GCC_493\Debug\B_PM.o .\CortexM0\ARM_GCC_493\Debug\direction.o .\CortexM0\ARM_GCC_493\Debug\direction_PM.o .\CortexM0\ARM_GCC_493\Debug\step.o .\CortexM0\ARM_GCC_493\Debug\step_PM.o .\CortexM0\ARM_GCC_493\Debug\rxISR.o .\CortexM0\ARM_GCC_493\Debug\TX_SEND.o .\CortexM0\ARM_GCC_493\Debug\TX_SEND_PM.o .\CortexM0\ARM_GCC_493\Debug\pwmClk.o .\CortexM0\ARM_GCC_493\Debug\txISR.o .\CortexM0\ARM_GCC_493\Debug\EEPROM.o .\CortexM0\ARM_GCC_493\Debug\Clock_2.o .\CortexM0\ARM_GCC_493\Debug\Counter_1.o .\CortexM0\ARM_GCC_493\Debug\Counter_1_PM.o .\CortexM0\ARM_GCC_493\Debug\pwmISR.o .\CortexM0\ARM_GCC_493\Debug\ADC_IRQ.o .\CortexM0\ARM_GCC_493\Debug\ADC_intClock.o .\CortexM0\ARM_GCC_493\Debug\UART_SCBCLK.o .\CortexM0\ARM_GCC_493\Debug\UART_tx.o .\CortexM0\ARM_GCC_493\Debug\UART_tx_PM.o .\CortexM0\ARM_GCC_493\Debug\UART_rx.o .\CortexM0\ARM_GCC_493\Debug\UART_rx_PM.o .\CortexM0\ARM_GCC_493\Debug\CyFlash.o .\CortexM0\ARM_GCC_493\Debug\CyLib.o .\CortexM0\ARM_GCC_493\Debug\cyPm.o .\CortexM0\ARM_GCC_493\Debug\cyutils.o .\CortexM0\ARM_GCC_493\Debug\CyLFClk.o .\CortexM0\ARM_GCC_493\Debug\Bootloadable_1.o .\CortexM0\ARM_GCC_493\Debug\vin.o .\CortexM0\ARM_GCC_493\Debug\vin_PM.o .\CortexM0\ARM_GCC_493\Debug\err.o .\CortexM0\ARM_GCC_493\Debug\err_PM.o .\CortexM0\ARM_GCC_493\Debug\step_register.o .\CortexM0\ARM_GCC_493\Debug\CyBootAsmGnu.o
arm-none-eabi-ar.exe: creating .\CortexM0\ARM_GCC_493\Debug\Tarocco.a
arm-none-eabi-gcc.exe -Wl,--start-group -o .\CortexM0\ARM_GCC_493\Debug\Tarocco.elf .\CortexM0\ARM_GCC_493\Debug\main.o .\CortexM0\ARM_GCC_493\Debug\cymetadata.o .\CortexM0\ARM_GCC_493\Debug\Cm0Start.o .\CortexM0\ARM_GCC_493\Debug\cybootloader.o .\CortexM0\ARM_GCC_493\Debug\Tarocco.a "C:\Program Files (x86)\Cypress\PSoC Creator\4.0\PSoC Creator\psoc\content\cycomponentlibrary\CyComponentLibrary.cylib\CortexM0\ARM_GCC_493\Debug\CyComponentLibrary.a" -mcpu=cortex-m0 -mthumb -g -ffunction-sections -O2 -ffat-lto-objects -L Generated_Source\PSoC4 -Wl,-Map,.\CortexM0\ARM_GCC_493\Debug/Tarocco.map -T D:\code\cypress\Tarocco\Tarocco.cydsn\Generated_Source\PSoC4\cm0gcc.ld -specs=nano.specs -Wl,--gc-sections -Wl,--end-group
cyelftool.exe -B D:\code\cypress\Tarocco\Tarocco.cydsn\CortexM0\ARM_GCC_493\Debug\Tarocco.elf --flash_row_size 128 --flash_size 32768 --flash_array_size 32768
cyelftool.exe -S D:\code\cypress\Tarocco\Tarocco.cydsn\CortexM0\ARM_GCC_493\Debug\Tarocco.elf
Flash used: 12824 of 32768 bytes (39.1 %). Bootloader: 4992 bytes. Application: 7704 bytes. Metadata: 128 bytes.
SRAM used: 744 of 4096 bytes (18.2 %). Stack: 256 bytes. Heap: 32 bytes.
--------------- Rebuild Succeeded: 05/04/2017 19:39:55 ---------------
