ARM GAS  C:\Users\g\AppData\Local\Temp\ccqCgqR3.s 			page 1


   1              		.cpu cortex-m0
   2              		.fpu softvfp
   3              		.eabi_attribute 20, 1
   4              		.eabi_attribute 21, 1
   5              		.eabi_attribute 23, 3
   6              		.eabi_attribute 24, 1
   7              		.eabi_attribute 25, 1
   8              		.eabi_attribute 26, 1
   9              		.eabi_attribute 30, 4
  10              		.eabi_attribute 34, 0
  11              		.eabi_attribute 18, 4
  12              		.code	16
  13              		.file	"cyfitter_cfg.c"
  14              		.text
  15              	.Ltext0:
  16              		.cfi_sections	.debug_frame
  17              		.section	.psocinit,"ax",%progbits
  18              		.align	1
  19              		.global	cyfitter_cfg
  20              		.code	16
  21              		.thumb_func
  22              		.type	cyfitter_cfg, %function
  23              	cyfitter_cfg:
  24              	.LFB6:
  25              		.file 1 "Generated_Source\\PSoC4\\cyfitter_cfg.c"
   1:Generated_Source\PSoC4/cyfitter_cfg.c **** /*******************************************************************************
   2:Generated_Source\PSoC4/cyfitter_cfg.c **** * File Name: cyfitter_cfg.c
   3:Generated_Source\PSoC4/cyfitter_cfg.c **** * 
   4:Generated_Source\PSoC4/cyfitter_cfg.c **** * PSoC Creator  4.0 Update 1
   5:Generated_Source\PSoC4/cyfitter_cfg.c **** *
   6:Generated_Source\PSoC4/cyfitter_cfg.c **** * Description:
   7:Generated_Source\PSoC4/cyfitter_cfg.c **** * This file contains device initialization code.
   8:Generated_Source\PSoC4/cyfitter_cfg.c **** * Except for the user defined sections in CyClockStartupError(), this file should not be modified.
   9:Generated_Source\PSoC4/cyfitter_cfg.c **** * This file is automatically generated by PSoC Creator.
  10:Generated_Source\PSoC4/cyfitter_cfg.c **** *
  11:Generated_Source\PSoC4/cyfitter_cfg.c **** ********************************************************************************
  12:Generated_Source\PSoC4/cyfitter_cfg.c **** * Copyright (c) 2007-2016 Cypress Semiconductor.  All rights reserved.
  13:Generated_Source\PSoC4/cyfitter_cfg.c **** * You may use this file only in accordance with the license, terms, conditions, 
  14:Generated_Source\PSoC4/cyfitter_cfg.c **** * disclaimers, and limitations in the end user license agreement accompanying 
  15:Generated_Source\PSoC4/cyfitter_cfg.c **** * the software package with which this file was provided.
  16:Generated_Source\PSoC4/cyfitter_cfg.c **** ********************************************************************************/
  17:Generated_Source\PSoC4/cyfitter_cfg.c **** 
  18:Generated_Source\PSoC4/cyfitter_cfg.c **** #include <string.h>
  19:Generated_Source\PSoC4/cyfitter_cfg.c **** #include "cytypes.h"
  20:Generated_Source\PSoC4/cyfitter_cfg.c **** #include "cydevice_trm.h"
  21:Generated_Source\PSoC4/cyfitter_cfg.c **** #include "cyfitter.h"
  22:Generated_Source\PSoC4/cyfitter_cfg.c **** #include "CyLib.h"
  23:Generated_Source\PSoC4/cyfitter_cfg.c **** #include "CyLFClk.h"
  24:Generated_Source\PSoC4/cyfitter_cfg.c **** #include "cyfitter_cfg.h"
  25:Generated_Source\PSoC4/cyfitter_cfg.c **** #include "cyapicallbacks.h"
  26:Generated_Source\PSoC4/cyfitter_cfg.c **** 
  27:Generated_Source\PSoC4/cyfitter_cfg.c **** 
  28:Generated_Source\PSoC4/cyfitter_cfg.c **** #if defined(__GNUC__) || defined(__ARMCC_VERSION)
  29:Generated_Source\PSoC4/cyfitter_cfg.c ****     #define CYPACKED 
  30:Generated_Source\PSoC4/cyfitter_cfg.c ****     #define CYPACKED_ATTR __attribute__ ((packed))
  31:Generated_Source\PSoC4/cyfitter_cfg.c ****     #define CYALIGNED __attribute__ ((aligned))
  32:Generated_Source\PSoC4/cyfitter_cfg.c ****     #define CY_CFG_UNUSED __attribute__ ((unused))
ARM GAS  C:\Users\g\AppData\Local\Temp\ccqCgqR3.s 			page 2


  33:Generated_Source\PSoC4/cyfitter_cfg.c ****     #ifndef CY_CFG_SECTION
  34:Generated_Source\PSoC4/cyfitter_cfg.c ****         #define CY_CFG_SECTION __attribute__ ((section(".psocinit")))
  35:Generated_Source\PSoC4/cyfitter_cfg.c ****     #endif
  36:Generated_Source\PSoC4/cyfitter_cfg.c ****     
  37:Generated_Source\PSoC4/cyfitter_cfg.c ****     #if defined(__ARMCC_VERSION)
  38:Generated_Source\PSoC4/cyfitter_cfg.c ****         #define CY_CFG_MEMORY_BARRIER() __memory_changed()
  39:Generated_Source\PSoC4/cyfitter_cfg.c ****     #else
  40:Generated_Source\PSoC4/cyfitter_cfg.c ****         #define CY_CFG_MEMORY_BARRIER() __sync_synchronize()
  41:Generated_Source\PSoC4/cyfitter_cfg.c ****     #endif
  42:Generated_Source\PSoC4/cyfitter_cfg.c ****     
  43:Generated_Source\PSoC4/cyfitter_cfg.c **** #elif defined(__ICCARM__)
  44:Generated_Source\PSoC4/cyfitter_cfg.c ****     #include <intrinsics.h>
  45:Generated_Source\PSoC4/cyfitter_cfg.c **** 
  46:Generated_Source\PSoC4/cyfitter_cfg.c ****     #define CYPACKED __packed
  47:Generated_Source\PSoC4/cyfitter_cfg.c ****     #define CYPACKED_ATTR 
  48:Generated_Source\PSoC4/cyfitter_cfg.c ****     #define CYALIGNED _Pragma("data_alignment=4")
  49:Generated_Source\PSoC4/cyfitter_cfg.c ****     #define CY_CFG_UNUSED _Pragma("diag_suppress=Pe177")
  50:Generated_Source\PSoC4/cyfitter_cfg.c ****     #define CY_CFG_SECTION _Pragma("location=\".psocinit\"")
  51:Generated_Source\PSoC4/cyfitter_cfg.c ****     
  52:Generated_Source\PSoC4/cyfitter_cfg.c ****     #define CY_CFG_MEMORY_BARRIER() __DMB()
  53:Generated_Source\PSoC4/cyfitter_cfg.c ****     
  54:Generated_Source\PSoC4/cyfitter_cfg.c **** #else
  55:Generated_Source\PSoC4/cyfitter_cfg.c ****     #error Unsupported toolchain
  56:Generated_Source\PSoC4/cyfitter_cfg.c **** #endif
  57:Generated_Source\PSoC4/cyfitter_cfg.c **** 
  58:Generated_Source\PSoC4/cyfitter_cfg.c **** 
  59:Generated_Source\PSoC4/cyfitter_cfg.c **** CY_CFG_UNUSED
  60:Generated_Source\PSoC4/cyfitter_cfg.c **** static void CYMEMZERO(void *s, size_t n);
  61:Generated_Source\PSoC4/cyfitter_cfg.c **** CY_CFG_UNUSED
  62:Generated_Source\PSoC4/cyfitter_cfg.c **** static void CYMEMZERO(void *s, size_t n)
  63:Generated_Source\PSoC4/cyfitter_cfg.c **** {
  64:Generated_Source\PSoC4/cyfitter_cfg.c **** 	(void)memset(s, 0, n);
  65:Generated_Source\PSoC4/cyfitter_cfg.c **** }
  66:Generated_Source\PSoC4/cyfitter_cfg.c **** CY_CFG_UNUSED
  67:Generated_Source\PSoC4/cyfitter_cfg.c **** static void CYCONFIGCPY(void *dest, const void *src, size_t n);
  68:Generated_Source\PSoC4/cyfitter_cfg.c **** CY_CFG_UNUSED
  69:Generated_Source\PSoC4/cyfitter_cfg.c **** static void CYCONFIGCPY(void *dest, const void *src, size_t n)
  70:Generated_Source\PSoC4/cyfitter_cfg.c **** {
  71:Generated_Source\PSoC4/cyfitter_cfg.c **** 	(void)memcpy(dest, src, n);
  72:Generated_Source\PSoC4/cyfitter_cfg.c **** }
  73:Generated_Source\PSoC4/cyfitter_cfg.c **** CY_CFG_UNUSED
  74:Generated_Source\PSoC4/cyfitter_cfg.c **** static void CYCONFIGCPYCODE(void *dest, const void *src, size_t n);
  75:Generated_Source\PSoC4/cyfitter_cfg.c **** CY_CFG_UNUSED
  76:Generated_Source\PSoC4/cyfitter_cfg.c **** static void CYCONFIGCPYCODE(void *dest, const void *src, size_t n)
  77:Generated_Source\PSoC4/cyfitter_cfg.c **** {
  78:Generated_Source\PSoC4/cyfitter_cfg.c **** 	(void)memcpy(dest, src, n);
  79:Generated_Source\PSoC4/cyfitter_cfg.c **** }
  80:Generated_Source\PSoC4/cyfitter_cfg.c **** 
  81:Generated_Source\PSoC4/cyfitter_cfg.c **** 
  82:Generated_Source\PSoC4/cyfitter_cfg.c **** 
  83:Generated_Source\PSoC4/cyfitter_cfg.c **** 
  84:Generated_Source\PSoC4/cyfitter_cfg.c **** /* Clock startup error codes                                                   */
  85:Generated_Source\PSoC4/cyfitter_cfg.c **** #define CYCLOCKSTART_NO_ERROR    0u
  86:Generated_Source\PSoC4/cyfitter_cfg.c **** #define CYCLOCKSTART_XTAL_ERROR  1u
  87:Generated_Source\PSoC4/cyfitter_cfg.c **** #define CYCLOCKSTART_32KHZ_ERROR 2u
  88:Generated_Source\PSoC4/cyfitter_cfg.c **** #define CYCLOCKSTART_PLL_ERROR   3u
  89:Generated_Source\PSoC4/cyfitter_cfg.c **** 
ARM GAS  C:\Users\g\AppData\Local\Temp\ccqCgqR3.s 			page 3


  90:Generated_Source\PSoC4/cyfitter_cfg.c **** 
  91:Generated_Source\PSoC4/cyfitter_cfg.c **** #ifdef CY_NEED_CYCLOCKSTARTUPERROR
  92:Generated_Source\PSoC4/cyfitter_cfg.c **** /*******************************************************************************
  93:Generated_Source\PSoC4/cyfitter_cfg.c **** * Function Name: CyClockStartupError
  94:Generated_Source\PSoC4/cyfitter_cfg.c **** ********************************************************************************
  95:Generated_Source\PSoC4/cyfitter_cfg.c **** * Summary:
  96:Generated_Source\PSoC4/cyfitter_cfg.c **** *  If an error is encountered during clock configuration (crystal startup error,
  97:Generated_Source\PSoC4/cyfitter_cfg.c **** *  PLL lock error, etc.), the system will end up here.  Unless reimplemented by
  98:Generated_Source\PSoC4/cyfitter_cfg.c **** *  the customer, this function will stop in an infinite loop.
  99:Generated_Source\PSoC4/cyfitter_cfg.c **** *
 100:Generated_Source\PSoC4/cyfitter_cfg.c **** * Parameters:
 101:Generated_Source\PSoC4/cyfitter_cfg.c **** *   void
 102:Generated_Source\PSoC4/cyfitter_cfg.c **** *
 103:Generated_Source\PSoC4/cyfitter_cfg.c **** * Return:
 104:Generated_Source\PSoC4/cyfitter_cfg.c **** *   void
 105:Generated_Source\PSoC4/cyfitter_cfg.c **** *
 106:Generated_Source\PSoC4/cyfitter_cfg.c **** *******************************************************************************/
 107:Generated_Source\PSoC4/cyfitter_cfg.c **** CY_CFG_UNUSED
 108:Generated_Source\PSoC4/cyfitter_cfg.c **** static void CyClockStartupError(uint8 errorCode);
 109:Generated_Source\PSoC4/cyfitter_cfg.c **** CY_CFG_UNUSED
 110:Generated_Source\PSoC4/cyfitter_cfg.c **** static void CyClockStartupError(uint8 errorCode)
 111:Generated_Source\PSoC4/cyfitter_cfg.c **** {
 112:Generated_Source\PSoC4/cyfitter_cfg.c ****     /* To remove the compiler warning if errorCode not used.                */
 113:Generated_Source\PSoC4/cyfitter_cfg.c ****     errorCode = errorCode;
 114:Generated_Source\PSoC4/cyfitter_cfg.c **** 
 115:Generated_Source\PSoC4/cyfitter_cfg.c ****     /* If we have a clock startup error (bad MHz crystal, PLL lock, etc.),  */
 116:Generated_Source\PSoC4/cyfitter_cfg.c ****     /* we will end up here to allow the customer to implement something to  */
 117:Generated_Source\PSoC4/cyfitter_cfg.c ****     /* deal with the clock condition.                                       */
 118:Generated_Source\PSoC4/cyfitter_cfg.c **** 
 119:Generated_Source\PSoC4/cyfitter_cfg.c **** #ifdef CY_CFG_CLOCK_STARTUP_ERROR_CALLBACK
 120:Generated_Source\PSoC4/cyfitter_cfg.c **** 	CY_CFG_Clock_Startup_ErrorCallback();
 121:Generated_Source\PSoC4/cyfitter_cfg.c **** #else
 122:Generated_Source\PSoC4/cyfitter_cfg.c **** 	/*  If not using CY_CFG_CLOCK_STARTUP_ERROR_CALLBACK, place your clock startup code here. */
 123:Generated_Source\PSoC4/cyfitter_cfg.c ****     /* `#START CyClockStartupError` */
 124:Generated_Source\PSoC4/cyfitter_cfg.c **** 
 125:Generated_Source\PSoC4/cyfitter_cfg.c ****     /* If we have a clock startup error (bad MHz crystal, PLL lock, etc.),  */
 126:Generated_Source\PSoC4/cyfitter_cfg.c ****     /* we will end up here to allow the customer to implement something to  */
 127:Generated_Source\PSoC4/cyfitter_cfg.c ****     /* deal with the clock condition.                                       */
 128:Generated_Source\PSoC4/cyfitter_cfg.c **** 
 129:Generated_Source\PSoC4/cyfitter_cfg.c ****     /* `#END` */
 130:Generated_Source\PSoC4/cyfitter_cfg.c **** 
 131:Generated_Source\PSoC4/cyfitter_cfg.c ****     /* If nothing else, stop here since the clocks have not started         */
 132:Generated_Source\PSoC4/cyfitter_cfg.c ****     /* correctly.                                                           */
 133:Generated_Source\PSoC4/cyfitter_cfg.c ****     while(1) {}
 134:Generated_Source\PSoC4/cyfitter_cfg.c **** #endif /* CY_CFG_CLOCK_STARTUP_ERROR_CALLBACK */ 
 135:Generated_Source\PSoC4/cyfitter_cfg.c **** }
 136:Generated_Source\PSoC4/cyfitter_cfg.c **** #endif
 137:Generated_Source\PSoC4/cyfitter_cfg.c **** 
 138:Generated_Source\PSoC4/cyfitter_cfg.c **** #define CY_CFG_BASE_ADDR_COUNT 1u
 139:Generated_Source\PSoC4/cyfitter_cfg.c **** CYPACKED typedef struct
 140:Generated_Source\PSoC4/cyfitter_cfg.c **** {
 141:Generated_Source\PSoC4/cyfitter_cfg.c **** 	uint8 offset;
 142:Generated_Source\PSoC4/cyfitter_cfg.c **** 	uint8 value;
 143:Generated_Source\PSoC4/cyfitter_cfg.c **** } CYPACKED_ATTR cy_cfg_addrvalue_t;
 144:Generated_Source\PSoC4/cyfitter_cfg.c **** 
 145:Generated_Source\PSoC4/cyfitter_cfg.c **** 
 146:Generated_Source\PSoC4/cyfitter_cfg.c **** 
ARM GAS  C:\Users\g\AppData\Local\Temp\ccqCgqR3.s 			page 4


 147:Generated_Source\PSoC4/cyfitter_cfg.c **** /*******************************************************************************
 148:Generated_Source\PSoC4/cyfitter_cfg.c **** * Function Name: cfg_write_bytes32
 149:Generated_Source\PSoC4/cyfitter_cfg.c **** ********************************************************************************
 150:Generated_Source\PSoC4/cyfitter_cfg.c **** * Summary:
 151:Generated_Source\PSoC4/cyfitter_cfg.c **** *  This function is used for setting up the chip configuration areas that
 152:Generated_Source\PSoC4/cyfitter_cfg.c **** *  contain relatively sparse data.
 153:Generated_Source\PSoC4/cyfitter_cfg.c **** *
 154:Generated_Source\PSoC4/cyfitter_cfg.c **** * Parameters:
 155:Generated_Source\PSoC4/cyfitter_cfg.c **** *   void
 156:Generated_Source\PSoC4/cyfitter_cfg.c **** *
 157:Generated_Source\PSoC4/cyfitter_cfg.c **** * Return:
 158:Generated_Source\PSoC4/cyfitter_cfg.c **** *   void
 159:Generated_Source\PSoC4/cyfitter_cfg.c **** *
 160:Generated_Source\PSoC4/cyfitter_cfg.c **** *******************************************************************************/
 161:Generated_Source\PSoC4/cyfitter_cfg.c **** static void cfg_write_bytes32(const uint32 addr_table[], const cy_cfg_addrvalue_t data_table[]);
 162:Generated_Source\PSoC4/cyfitter_cfg.c **** static void cfg_write_bytes32(const uint32 addr_table[], const cy_cfg_addrvalue_t data_table[])
 163:Generated_Source\PSoC4/cyfitter_cfg.c **** {
 164:Generated_Source\PSoC4/cyfitter_cfg.c **** 	/* For 32-bit little-endian architectures */
 165:Generated_Source\PSoC4/cyfitter_cfg.c **** 	uint32 i, j = 0u;
 166:Generated_Source\PSoC4/cyfitter_cfg.c **** 	for (i = 0u; i < CY_CFG_BASE_ADDR_COUNT; i++)
 167:Generated_Source\PSoC4/cyfitter_cfg.c **** 	{
 168:Generated_Source\PSoC4/cyfitter_cfg.c **** 		uint32 baseAddr = addr_table[i];
 169:Generated_Source\PSoC4/cyfitter_cfg.c **** 		uint8 count = (uint8)baseAddr;
 170:Generated_Source\PSoC4/cyfitter_cfg.c **** 		baseAddr &= 0xFFFFFF00u;
 171:Generated_Source\PSoC4/cyfitter_cfg.c **** 		while (count != 0u)
 172:Generated_Source\PSoC4/cyfitter_cfg.c **** 		{
 173:Generated_Source\PSoC4/cyfitter_cfg.c **** 			CY_SET_XTND_REG8((void CYFAR *)(baseAddr + data_table[j].offset), data_table[j].value);
 174:Generated_Source\PSoC4/cyfitter_cfg.c **** 			j++;
 175:Generated_Source\PSoC4/cyfitter_cfg.c **** 			count--;
 176:Generated_Source\PSoC4/cyfitter_cfg.c **** 		}
 177:Generated_Source\PSoC4/cyfitter_cfg.c **** 	}
 178:Generated_Source\PSoC4/cyfitter_cfg.c **** }
 179:Generated_Source\PSoC4/cyfitter_cfg.c **** 
 180:Generated_Source\PSoC4/cyfitter_cfg.c **** 
 181:Generated_Source\PSoC4/cyfitter_cfg.c **** /*******************************************************************************
 182:Generated_Source\PSoC4/cyfitter_cfg.c **** * Function Name: ClockSetup
 183:Generated_Source\PSoC4/cyfitter_cfg.c **** ********************************************************************************
 184:Generated_Source\PSoC4/cyfitter_cfg.c **** *
 185:Generated_Source\PSoC4/cyfitter_cfg.c **** * Summary:
 186:Generated_Source\PSoC4/cyfitter_cfg.c **** *   Performs the initialization of all of the clocks in the device based on the
 187:Generated_Source\PSoC4/cyfitter_cfg.c **** *   settings in the Clock tab of the DWR.  This includes enabling the requested
 188:Generated_Source\PSoC4/cyfitter_cfg.c **** *   clocks and setting the necessary dividers to produce the desired frequency. 
 189:Generated_Source\PSoC4/cyfitter_cfg.c **** *
 190:Generated_Source\PSoC4/cyfitter_cfg.c **** * Parameters:
 191:Generated_Source\PSoC4/cyfitter_cfg.c **** *   void
 192:Generated_Source\PSoC4/cyfitter_cfg.c **** *
 193:Generated_Source\PSoC4/cyfitter_cfg.c **** * Return:
 194:Generated_Source\PSoC4/cyfitter_cfg.c **** *   void
 195:Generated_Source\PSoC4/cyfitter_cfg.c **** *
 196:Generated_Source\PSoC4/cyfitter_cfg.c **** *******************************************************************************/
 197:Generated_Source\PSoC4/cyfitter_cfg.c **** static void ClockSetup(void);
 198:Generated_Source\PSoC4/cyfitter_cfg.c **** CY_CFG_SECTION
 199:Generated_Source\PSoC4/cyfitter_cfg.c **** static void ClockSetup(void)
 200:Generated_Source\PSoC4/cyfitter_cfg.c **** {
 201:Generated_Source\PSoC4/cyfitter_cfg.c **** 	/* Enable HALF_EN before trimming for the flash accelerator. */
 202:Generated_Source\PSoC4/cyfitter_cfg.c **** 	CY_SET_REG32((void CYXDATA *)(CYREG_CLK_SELECT), (CY_GET_REG32((void *)CYREG_CLK_SELECT) | 0x00040
 203:Generated_Source\PSoC4/cyfitter_cfg.c **** 
ARM GAS  C:\Users\g\AppData\Local\Temp\ccqCgqR3.s 			page 5


 204:Generated_Source\PSoC4/cyfitter_cfg.c **** 	/* Setup and trim IMO based on desired frequency. */
 205:Generated_Source\PSoC4/cyfitter_cfg.c **** 	CySysClkWriteImoFreq(48u);
 206:Generated_Source\PSoC4/cyfitter_cfg.c **** 	/* CYDEV_CLK_ILO_CONFIG Starting address: CYDEV_CLK_ILO_CONFIG */
 207:Generated_Source\PSoC4/cyfitter_cfg.c **** 	CY_SET_XTND_REG32((void CYFAR *)(CYREG_CLK_ILO_CONFIG), 0x80000006u);
 208:Generated_Source\PSoC4/cyfitter_cfg.c **** 
 209:Generated_Source\PSoC4/cyfitter_cfg.c **** 
 210:Generated_Source\PSoC4/cyfitter_cfg.c **** 	/* CYDEV_CLK_SELECT00 Starting address: CYDEV_CLK_SELECT00 */
 211:Generated_Source\PSoC4/cyfitter_cfg.c **** 	CY_SET_XTND_REG32((void CYFAR *)(CYREG_CLK_SELECT03), 0x00000020u);
 212:Generated_Source\PSoC4/cyfitter_cfg.c **** 	CY_SET_XTND_REG32((void CYFAR *)(CYREG_CLK_SELECT08), 0x00000010u);
 213:Generated_Source\PSoC4/cyfitter_cfg.c **** 
 214:Generated_Source\PSoC4/cyfitter_cfg.c **** 	/* CYDEV_CLK_IMO_CONFIG Starting address: CYDEV_CLK_IMO_CONFIG */
 215:Generated_Source\PSoC4/cyfitter_cfg.c **** 	CY_SET_XTND_REG32((void CYFAR *)(CYREG_CLK_IMO_CONFIG), 0x80000000u);
 216:Generated_Source\PSoC4/cyfitter_cfg.c **** 
 217:Generated_Source\PSoC4/cyfitter_cfg.c **** 	/* CYDEV_CLK_SELECT Starting address: CYDEV_CLK_SELECT */
 218:Generated_Source\PSoC4/cyfitter_cfg.c **** 	CY_SET_XTND_REG32((void CYFAR *)(CYREG_CLK_SELECT), 0x00040000u);
 219:Generated_Source\PSoC4/cyfitter_cfg.c **** 
 220:Generated_Source\PSoC4/cyfitter_cfg.c **** 	/* CYDEV_CLK_DIVIDER_A00 Starting address: CYDEV_CLK_DIVIDER_A00 */
 221:Generated_Source\PSoC4/cyfitter_cfg.c **** 	CY_SET_XTND_REG32((void CYFAR *)(CYREG_CLK_DIVIDER_A00), 0x8000000Fu);
 222:Generated_Source\PSoC4/cyfitter_cfg.c **** 
 223:Generated_Source\PSoC4/cyfitter_cfg.c **** 	/* CYDEV_CLK_DIVIDER_B00 Starting address: CYDEV_CLK_DIVIDER_B00 */
 224:Generated_Source\PSoC4/cyfitter_cfg.c **** 	CY_SET_XTND_REG32((void CYFAR *)(CYREG_CLK_DIVIDER_B00), 0x80000052u);
 225:Generated_Source\PSoC4/cyfitter_cfg.c **** 
 226:Generated_Source\PSoC4/cyfitter_cfg.c **** 	(void)CyIntSetVector(9u, &CySysWdtIsr);
 227:Generated_Source\PSoC4/cyfitter_cfg.c **** 	CyIntEnable(9u);
 228:Generated_Source\PSoC4/cyfitter_cfg.c **** 	CY_SET_XTND_REG32((void CYFAR *)(CYREG_WDT_CONFIG), 0x00000000u);
 229:Generated_Source\PSoC4/cyfitter_cfg.c **** }
 230:Generated_Source\PSoC4/cyfitter_cfg.c **** 
 231:Generated_Source\PSoC4/cyfitter_cfg.c **** 
 232:Generated_Source\PSoC4/cyfitter_cfg.c **** /* Analog API Functions */
 233:Generated_Source\PSoC4/cyfitter_cfg.c **** 
 234:Generated_Source\PSoC4/cyfitter_cfg.c **** 
 235:Generated_Source\PSoC4/cyfitter_cfg.c **** /*******************************************************************************
 236:Generated_Source\PSoC4/cyfitter_cfg.c **** * Function Name: AnalogSetDefault
 237:Generated_Source\PSoC4/cyfitter_cfg.c **** ********************************************************************************
 238:Generated_Source\PSoC4/cyfitter_cfg.c **** *
 239:Generated_Source\PSoC4/cyfitter_cfg.c **** * Summary:
 240:Generated_Source\PSoC4/cyfitter_cfg.c **** *  Sets up the analog portions of the chip to default values based on chip
 241:Generated_Source\PSoC4/cyfitter_cfg.c **** *  configuration options from the project.
 242:Generated_Source\PSoC4/cyfitter_cfg.c **** *
 243:Generated_Source\PSoC4/cyfitter_cfg.c **** * Parameters:
 244:Generated_Source\PSoC4/cyfitter_cfg.c **** *  void
 245:Generated_Source\PSoC4/cyfitter_cfg.c **** *
 246:Generated_Source\PSoC4/cyfitter_cfg.c **** * Return:
 247:Generated_Source\PSoC4/cyfitter_cfg.c **** *  void
 248:Generated_Source\PSoC4/cyfitter_cfg.c **** *
 249:Generated_Source\PSoC4/cyfitter_cfg.c **** *******************************************************************************/
 250:Generated_Source\PSoC4/cyfitter_cfg.c **** static void AnalogSetDefault(void);
 251:Generated_Source\PSoC4/cyfitter_cfg.c **** static void AnalogSetDefault(void)
 252:Generated_Source\PSoC4/cyfitter_cfg.c **** {
 253:Generated_Source\PSoC4/cyfitter_cfg.c **** }
 254:Generated_Source\PSoC4/cyfitter_cfg.c **** 
 255:Generated_Source\PSoC4/cyfitter_cfg.c **** #define CY_AMUX_UNUSED CYREG_CM0_ROM_DWT
 256:Generated_Source\PSoC4/cyfitter_cfg.c **** 
 257:Generated_Source\PSoC4/cyfitter_cfg.c **** 
 258:Generated_Source\PSoC4/cyfitter_cfg.c **** /*******************************************************************************
 259:Generated_Source\PSoC4/cyfitter_cfg.c **** * Function Name: cyfitter_cfg
 260:Generated_Source\PSoC4/cyfitter_cfg.c **** ********************************************************************************
ARM GAS  C:\Users\g\AppData\Local\Temp\ccqCgqR3.s 			page 6


 261:Generated_Source\PSoC4/cyfitter_cfg.c **** * Summary:
 262:Generated_Source\PSoC4/cyfitter_cfg.c **** *  This function is called by the start-up code for the selected device. It
 263:Generated_Source\PSoC4/cyfitter_cfg.c **** *  performs all of the necessary device configuration based on the design
 264:Generated_Source\PSoC4/cyfitter_cfg.c **** *  settings.  This includes settings from the Design Wide Resources (DWR) such
 265:Generated_Source\PSoC4/cyfitter_cfg.c **** *  as Clocks and Pins as well as any component configuration that is necessary.
 266:Generated_Source\PSoC4/cyfitter_cfg.c **** *
 267:Generated_Source\PSoC4/cyfitter_cfg.c **** * Parameters:  
 268:Generated_Source\PSoC4/cyfitter_cfg.c **** *   void
 269:Generated_Source\PSoC4/cyfitter_cfg.c **** *
 270:Generated_Source\PSoC4/cyfitter_cfg.c **** * Return:
 271:Generated_Source\PSoC4/cyfitter_cfg.c **** *   void
 272:Generated_Source\PSoC4/cyfitter_cfg.c **** *
 273:Generated_Source\PSoC4/cyfitter_cfg.c **** *******************************************************************************/
 274:Generated_Source\PSoC4/cyfitter_cfg.c **** CY_CFG_SECTION
 275:Generated_Source\PSoC4/cyfitter_cfg.c **** void cyfitter_cfg(void)
 276:Generated_Source\PSoC4/cyfitter_cfg.c **** {
  26              		.loc 1 276 0
  27              		.cfi_startproc
  28 0000 38B5     		push	{r3, r4, r5, lr}
  29              		.cfi_def_cfa_offset 16
  30              		.cfi_offset 3, -16
  31              		.cfi_offset 4, -12
  32              		.cfi_offset 5, -8
  33              		.cfi_offset 14, -4
 277:Generated_Source\PSoC4/cyfitter_cfg.c **** 	/* Disable interrupts by default. Let user enable if/when they want. */
 278:Generated_Source\PSoC4/cyfitter_cfg.c **** 	CyGlobalIntDisable;
  34              		.loc 1 278 0
  35              	@ 278 "Generated_Source\PSoC4\cyfitter_cfg.c" 1
  36 0002 72B6     		CPSID   i
  37              	@ 0 "" 2
  38              	.LVL0:
  39              		.code	16
  40              	.LBB16:
  41              	.LBB17:
  42              	.LBB18:
  43              	.LBB19:
  64:Generated_Source\PSoC4/cyfitter_cfg.c **** }
  44              		.loc 1 64 0
  45 0004 8022     		mov	r2, #128
  46 0006 0021     		mov	r1, #0
  47 0008 D200     		lsl	r2, r2, #3
  48 000a 2F48     		ldr	r0, .L4
  49 000c FFF7FEFF 		bl	memset
  50              	.LVL1:
  51 0010 8022     		mov	r2, #128
  52 0012 2E48     		ldr	r0, .L4+4
  53 0014 0021     		mov	r1, #0
  54 0016 D200     		lsl	r2, r2, #3
  55 0018 FFF7FEFF 		bl	memset
  56              	.LVL2:
  57 001c 0023     		mov	r3, #0
  58              	.LVL3:
  59              	.L2:
  60              	.LBE19:
  61              	.LBE18:
  62              	.LBE17:
  63              	.LBB20:
ARM GAS  C:\Users\g\AppData\Local\Temp\ccqCgqR3.s 			page 7


  64              	.LBB21:
  65              	.LBB22:
 173:Generated_Source\PSoC4/cyfitter_cfg.c **** 			j++;
  66              		.loc 1 173 0
  67 001e 2C4A     		ldr	r2, .L4+8
  68 0020 2C48     		ldr	r0, .L4+12
  69 0022 995C     		ldrb	r1, [r3, r2]
  70 0024 D218     		add	r2, r2, r3
  71 0026 5278     		ldrb	r2, [r2, #1]
  72 0028 0918     		add	r1, r1, r0
  73 002a 0233     		add	r3, r3, #2
  74 002c 0A70     		strb	r2, [r1]
 171:Generated_Source\PSoC4/cyfitter_cfg.c **** 		{
  75              		.loc 1 171 0
  76 002e 0E2B     		cmp	r3, #14
  77 0030 F5D1     		bne	.L2
  78              	.LVL4:
  79              	.LBE22:
  80              	.LBE21:
  81              	.LBE20:
 279:Generated_Source\PSoC4/cyfitter_cfg.c **** 
 280:Generated_Source\PSoC4/cyfitter_cfg.c **** 	{
 281:Generated_Source\PSoC4/cyfitter_cfg.c **** 		static const uint32 CYCODE cy_cfg_addr_table[] = {
 282:Generated_Source\PSoC4/cyfitter_cfg.c **** 			0x400F4307u, /* Base address: 0x400F4300 Count: 7 */
 283:Generated_Source\PSoC4/cyfitter_cfg.c **** 		};
 284:Generated_Source\PSoC4/cyfitter_cfg.c **** 
 285:Generated_Source\PSoC4/cyfitter_cfg.c **** 		static const cy_cfg_addrvalue_t CYCODE cy_cfg_data_table[] = {
 286:Generated_Source\PSoC4/cyfitter_cfg.c **** 			{0x18u, 0x20u},
 287:Generated_Source\PSoC4/cyfitter_cfg.c **** 			{0x20u, 0x08u},
 288:Generated_Source\PSoC4/cyfitter_cfg.c **** 			{0x50u, 0x10u},
 289:Generated_Source\PSoC4/cyfitter_cfg.c **** 			{0x54u, 0x04u},
 290:Generated_Source\PSoC4/cyfitter_cfg.c **** 			{0xC6u, 0x08u},
 291:Generated_Source\PSoC4/cyfitter_cfg.c **** 			{0xC8u, 0x08u},
 292:Generated_Source\PSoC4/cyfitter_cfg.c **** 			{0xD4u, 0x06u},
 293:Generated_Source\PSoC4/cyfitter_cfg.c **** 		};
 294:Generated_Source\PSoC4/cyfitter_cfg.c **** 
 295:Generated_Source\PSoC4/cyfitter_cfg.c **** 
 296:Generated_Source\PSoC4/cyfitter_cfg.c **** 
 297:Generated_Source\PSoC4/cyfitter_cfg.c **** 		CYPACKED typedef struct {
 298:Generated_Source\PSoC4/cyfitter_cfg.c **** 			void CYFAR *address;
 299:Generated_Source\PSoC4/cyfitter_cfg.c **** 			uint16 size;
 300:Generated_Source\PSoC4/cyfitter_cfg.c **** 		} CYPACKED_ATTR cfg_memset_t;
 301:Generated_Source\PSoC4/cyfitter_cfg.c **** 
 302:Generated_Source\PSoC4/cyfitter_cfg.c **** 		static const cfg_memset_t CYCODE cfg_memset_list [] = {
 303:Generated_Source\PSoC4/cyfitter_cfg.c **** 			/* address, size */
 304:Generated_Source\PSoC4/cyfitter_cfg.c **** 			{(void CYFAR *)(CYDEV_UDB_P0_U0_BASE), 1024u},
 305:Generated_Source\PSoC4/cyfitter_cfg.c **** 			{(void CYFAR *)(CYDEV_UDB_DSI0_BASE), 1024u},
 306:Generated_Source\PSoC4/cyfitter_cfg.c **** 		};
 307:Generated_Source\PSoC4/cyfitter_cfg.c **** 
 308:Generated_Source\PSoC4/cyfitter_cfg.c **** 		uint8 CYDATA i;
 309:Generated_Source\PSoC4/cyfitter_cfg.c **** 
 310:Generated_Source\PSoC4/cyfitter_cfg.c **** 		/* Zero out critical memory blocks before beginning configuration */
 311:Generated_Source\PSoC4/cyfitter_cfg.c **** 		for (i = 0u; i < (sizeof(cfg_memset_list)/sizeof(cfg_memset_list[0])); i++)
 312:Generated_Source\PSoC4/cyfitter_cfg.c **** 		{
 313:Generated_Source\PSoC4/cyfitter_cfg.c **** 			const cfg_memset_t CYCODE * CYDATA ms = &cfg_memset_list[i];
 314:Generated_Source\PSoC4/cyfitter_cfg.c **** 			CYMEMZERO(ms->address, (size_t)(uint32)(ms->size));
 315:Generated_Source\PSoC4/cyfitter_cfg.c **** 		}
ARM GAS  C:\Users\g\AppData\Local\Temp\ccqCgqR3.s 			page 8


 316:Generated_Source\PSoC4/cyfitter_cfg.c **** 
 317:Generated_Source\PSoC4/cyfitter_cfg.c **** 		cfg_write_bytes32(cy_cfg_addr_table, cy_cfg_data_table);
 318:Generated_Source\PSoC4/cyfitter_cfg.c **** 
 319:Generated_Source\PSoC4/cyfitter_cfg.c **** 		/* HSIOM Starting address: CYDEV_HSIOM_BASE */
 320:Generated_Source\PSoC4/cyfitter_cfg.c **** 		CY_SET_XTND_REG32((void CYFAR *)(CYREG_HSIOM_PORT_SEL3), 0x00003399u);
  82              		.loc 1 320 0
  83 0032 2949     		ldr	r1, .L4+16
  84 0034 294A     		ldr	r2, .L4+20
 321:Generated_Source\PSoC4/cyfitter_cfg.c **** 
 322:Generated_Source\PSoC4/cyfitter_cfg.c **** 		/* UDB_PA_3 Starting address: CYDEV_UDB_PA3_BASE */
 323:Generated_Source\PSoC4/cyfitter_cfg.c **** 		CY_SET_XTND_REG32((void CYFAR *)(CYDEV_UDB_PA3_BASE), 0x00990000u);
 324:Generated_Source\PSoC4/cyfitter_cfg.c **** 		CY_SET_XTND_REG32((void CYFAR *)(CYREG_UDB_PA3_CFG8), 0x004A0000u);
 325:Generated_Source\PSoC4/cyfitter_cfg.c **** 
 326:Generated_Source\PSoC4/cyfitter_cfg.c **** 		/* Enable digital routing */
 327:Generated_Source\PSoC4/cyfitter_cfg.c **** 		CY_SET_XTND_REG8((void *)CYREG_UDB_UDBIF_BANK_CTL, CY_GET_XTND_REG8((void *)CYREG_UDB_UDBIF_BANK_
  85              		.loc 1 327 0
  86 0036 0220     		mov	r0, #2
 320:Generated_Source\PSoC4/cyfitter_cfg.c **** 
  87              		.loc 1 320 0
  88 0038 1160     		str	r1, [r2]
 323:Generated_Source\PSoC4/cyfitter_cfg.c **** 		CY_SET_XTND_REG32((void CYFAR *)(CYREG_UDB_PA3_CFG8), 0x004A0000u);
  89              		.loc 1 323 0
  90 003a 9921     		mov	r1, #153
  91 003c 284A     		ldr	r2, .L4+24
  92 003e 0904     		lsl	r1, r1, #16
  93 0040 1160     		str	r1, [r2]
 324:Generated_Source\PSoC4/cyfitter_cfg.c **** 
  94              		.loc 1 324 0
  95 0042 9421     		mov	r1, #148
 328:Generated_Source\PSoC4/cyfitter_cfg.c **** 
 329:Generated_Source\PSoC4/cyfitter_cfg.c **** 		/* Enable UDB array */
 330:Generated_Source\PSoC4/cyfitter_cfg.c **** 		CY_SET_XTND_REG8((void *)CYREG_UDB_UDBIF_WAIT_CFG, (uint8)((CY_GET_XTND_REG8((void *)CYREG_UDB_UD
  96              		.loc 1 330 0
  97 0044 3C25     		mov	r5, #60
 324:Generated_Source\PSoC4/cyfitter_cfg.c **** 
  98              		.loc 1 324 0
  99 0046 274A     		ldr	r2, .L4+28
 100 0048 C903     		lsl	r1, r1, #15
 101 004a 1160     		str	r1, [r2]
 327:Generated_Source\PSoC4/cyfitter_cfg.c **** 
 102              		.loc 1 327 0
 103 004c 2649     		ldr	r1, .L4+32
 104              		.loc 1 330 0
 105 004e 274C     		ldr	r4, .L4+36
 327:Generated_Source\PSoC4/cyfitter_cfg.c **** 
 106              		.loc 1 327 0
 107 0050 0A78     		ldrb	r2, [r1]
 108              	.LBE16:
 331:Generated_Source\PSoC4/cyfitter_cfg.c **** 		CY_SET_XTND_REG8((void *)CYREG_UDB_UDBIF_BANK_CTL, (uint8)(CY_GET_XTND_REG8((void *)CYREG_UDB_UDB
 332:Generated_Source\PSoC4/cyfitter_cfg.c **** 	}
 333:Generated_Source\PSoC4/cyfitter_cfg.c **** 
 334:Generated_Source\PSoC4/cyfitter_cfg.c **** 	/* Perform second pass device configuration. These items must be configured in specific order afte
 335:Generated_Source\PSoC4/cyfitter_cfg.c **** 	/* IOPINS0_3 Starting address: CYDEV_PRT3_BASE */
 336:Generated_Source\PSoC4/cyfitter_cfg.c **** 	CY_SET_XTND_REG32((void CYFAR *)(CYDEV_PRT3_BASE), 0x0000000Eu);
 337:Generated_Source\PSoC4/cyfitter_cfg.c **** 	CY_SET_XTND_REG32((void CYFAR *)(CYREG_PRT3_PC), 0x00000DB1u);
 338:Generated_Source\PSoC4/cyfitter_cfg.c **** 	CY_SET_XTND_REG32((void CYFAR *)(CYREG_PRT3_PC2), 0x00000002u);
 339:Generated_Source\PSoC4/cyfitter_cfg.c **** 
ARM GAS  C:\Users\g\AppData\Local\Temp\ccqCgqR3.s 			page 9


 340:Generated_Source\PSoC4/cyfitter_cfg.c **** 
 341:Generated_Source\PSoC4/cyfitter_cfg.c **** 	/* Setup clocks based on selections from Clock DWR */
 342:Generated_Source\PSoC4/cyfitter_cfg.c **** 	ClockSetup();
 343:Generated_Source\PSoC4/cyfitter_cfg.c **** 
 344:Generated_Source\PSoC4/cyfitter_cfg.c **** 	/* Perform basic analog initialization to defaults */
 345:Generated_Source\PSoC4/cyfitter_cfg.c **** 	AnalogSetDefault();
 346:Generated_Source\PSoC4/cyfitter_cfg.c **** 
 347:Generated_Source\PSoC4/cyfitter_cfg.c **** }
 109              		.loc 1 347 0
 110              		@ sp needed
 111              	.LBB23:
 327:Generated_Source\PSoC4/cyfitter_cfg.c **** 
 112              		.loc 1 327 0
 113 0052 0243     		orr	r2, r0
 114 0054 0A70     		strb	r2, [r1]
 330:Generated_Source\PSoC4/cyfitter_cfg.c **** 		CY_SET_XTND_REG8((void *)CYREG_UDB_UDBIF_BANK_CTL, (uint8)(CY_GET_XTND_REG8((void *)CYREG_UDB_UDB
 115              		.loc 1 330 0
 116 0056 2278     		ldrb	r2, [r4]
 117 0058 AA43     		bic	r2, r5
 118 005a 283D     		sub	r5, r5, #40
 119 005c 2A43     		orr	r2, r5
 120 005e 2270     		strb	r2, [r4]
 331:Generated_Source\PSoC4/cyfitter_cfg.c **** 		CY_SET_XTND_REG8((void *)CYREG_UDB_UDBIF_BANK_CTL, (uint8)(CY_GET_XTND_REG8((void *)CYREG_UDB_UDB
 121              		.loc 1 331 0
 122 0060 1624     		mov	r4, #22
 123              	.LBE23:
 124              	.LBB24:
 125              	.LBB25:
 202:Generated_Source\PSoC4/cyfitter_cfg.c **** 
 126              		.loc 1 202 0
 127 0062 8025     		mov	r5, #128
 128              	.LBE25:
 129              	.LBE24:
 130              	.LBB29:
 331:Generated_Source\PSoC4/cyfitter_cfg.c **** 		CY_SET_XTND_REG8((void *)CYREG_UDB_UDBIF_BANK_CTL, (uint8)(CY_GET_XTND_REG8((void *)CYREG_UDB_UDB
 131              		.loc 1 331 0
 132 0064 0A78     		ldrb	r2, [r1]
 133              	.LBE29:
 134              	.LBB30:
 135              	.LBB26:
 202:Generated_Source\PSoC4/cyfitter_cfg.c **** 
 136              		.loc 1 202 0
 137 0066 ED02     		lsl	r5, r5, #11
 138              	.LBE26:
 139              	.LBE30:
 140              	.LBB31:
 331:Generated_Source\PSoC4/cyfitter_cfg.c **** 		CY_SET_XTND_REG8((void *)CYREG_UDB_UDBIF_BANK_CTL, (uint8)(CY_GET_XTND_REG8((void *)CYREG_UDB_UDB
 141              		.loc 1 331 0
 142 0068 2243     		orr	r2, r4
 143 006a 0A70     		strb	r2, [r1]
 144              	.LBE31:
 336:Generated_Source\PSoC4/cyfitter_cfg.c **** 	CY_SET_XTND_REG32((void CYFAR *)(CYREG_PRT3_PC), 0x00000DB1u);
 145              		.loc 1 336 0
 146 006c 204A     		ldr	r2, .L4+40
 147              	.LBB32:
 148              	.LBB27:
 202:Generated_Source\PSoC4/cyfitter_cfg.c **** 
ARM GAS  C:\Users\g\AppData\Local\Temp\ccqCgqR3.s 			page 10


 149              		.loc 1 202 0
 150 006e 214C     		ldr	r4, .L4+44
 151              	.LBE27:
 152              	.LBE32:
 336:Generated_Source\PSoC4/cyfitter_cfg.c **** 	CY_SET_XTND_REG32((void CYFAR *)(CYREG_PRT3_PC), 0x00000DB1u);
 153              		.loc 1 336 0
 154 0070 1360     		str	r3, [r2]
 337:Generated_Source\PSoC4/cyfitter_cfg.c **** 	CY_SET_XTND_REG32((void CYFAR *)(CYREG_PRT3_PC2), 0x00000002u);
 155              		.loc 1 337 0
 156 0072 214A     		ldr	r2, .L4+48
 157 0074 214B     		ldr	r3, .L4+52
 158 0076 1A60     		str	r2, [r3]
 338:Generated_Source\PSoC4/cyfitter_cfg.c **** 
 159              		.loc 1 338 0
 160 0078 214B     		ldr	r3, .L4+56
 161 007a 1860     		str	r0, [r3]
 162              	.LBB33:
 163              	.LBB28:
 202:Generated_Source\PSoC4/cyfitter_cfg.c **** 
 164              		.loc 1 202 0
 165 007c 2368     		ldr	r3, [r4]
 205:Generated_Source\PSoC4/cyfitter_cfg.c **** 	/* CYDEV_CLK_ILO_CONFIG Starting address: CYDEV_CLK_ILO_CONFIG */
 166              		.loc 1 205 0
 167 007e 2E30     		add	r0, r0, #46
 202:Generated_Source\PSoC4/cyfitter_cfg.c **** 
 168              		.loc 1 202 0
 169 0080 2B43     		orr	r3, r5
 170 0082 2360     		str	r3, [r4]
 205:Generated_Source\PSoC4/cyfitter_cfg.c **** 	/* CYDEV_CLK_ILO_CONFIG Starting address: CYDEV_CLK_ILO_CONFIG */
 171              		.loc 1 205 0
 172 0084 FFF7FEFF 		bl	CySysClkWriteImoFreq
 173              	.LVL5:
 207:Generated_Source\PSoC4/cyfitter_cfg.c **** 
 174              		.loc 1 207 0
 175 0088 1E4A     		ldr	r2, .L4+60
 176 008a 1F4B     		ldr	r3, .L4+64
 226:Generated_Source\PSoC4/cyfitter_cfg.c **** 	CyIntEnable(9u);
 177              		.loc 1 226 0
 178 008c 1F49     		ldr	r1, .L4+68
 207:Generated_Source\PSoC4/cyfitter_cfg.c **** 
 179              		.loc 1 207 0
 180 008e 1A60     		str	r2, [r3]
 211:Generated_Source\PSoC4/cyfitter_cfg.c **** 	CY_SET_XTND_REG32((void CYFAR *)(CYREG_CLK_SELECT08), 0x00000010u);
 181              		.loc 1 211 0
 182 0090 2022     		mov	r2, #32
 183 0092 1F4B     		ldr	r3, .L4+72
 226:Generated_Source\PSoC4/cyfitter_cfg.c **** 	CyIntEnable(9u);
 184              		.loc 1 226 0
 185 0094 0920     		mov	r0, #9
 211:Generated_Source\PSoC4/cyfitter_cfg.c **** 	CY_SET_XTND_REG32((void CYFAR *)(CYREG_CLK_SELECT08), 0x00000010u);
 186              		.loc 1 211 0
 187 0096 1A60     		str	r2, [r3]
 212:Generated_Source\PSoC4/cyfitter_cfg.c **** 
 188              		.loc 1 212 0
 189 0098 1E4B     		ldr	r3, .L4+76
 190 009a 103A     		sub	r2, r2, #16
 191 009c 1A60     		str	r2, [r3]
ARM GAS  C:\Users\g\AppData\Local\Temp\ccqCgqR3.s 			page 11


 215:Generated_Source\PSoC4/cyfitter_cfg.c **** 
 192              		.loc 1 215 0
 193 009e 8022     		mov	r2, #128
 194 00a0 1D4B     		ldr	r3, .L4+80
 195 00a2 1206     		lsl	r2, r2, #24
 196 00a4 1A60     		str	r2, [r3]
 221:Generated_Source\PSoC4/cyfitter_cfg.c **** 
 197              		.loc 1 221 0
 198 00a6 1D4A     		ldr	r2, .L4+84
 199 00a8 1D4B     		ldr	r3, .L4+88
 218:Generated_Source\PSoC4/cyfitter_cfg.c **** 
 200              		.loc 1 218 0
 201 00aa 2560     		str	r5, [r4]
 221:Generated_Source\PSoC4/cyfitter_cfg.c **** 
 202              		.loc 1 221 0
 203 00ac 1A60     		str	r2, [r3]
 224:Generated_Source\PSoC4/cyfitter_cfg.c **** 
 204              		.loc 1 224 0
 205 00ae 1D4A     		ldr	r2, .L4+92
 206 00b0 1D4B     		ldr	r3, .L4+96
 207 00b2 1A60     		str	r2, [r3]
 226:Generated_Source\PSoC4/cyfitter_cfg.c **** 	CyIntEnable(9u);
 208              		.loc 1 226 0
 209 00b4 FFF7FEFF 		bl	CyIntSetVector
 210              	.LVL6:
 227:Generated_Source\PSoC4/cyfitter_cfg.c **** 	CY_SET_XTND_REG32((void CYFAR *)(CYREG_WDT_CONFIG), 0x00000000u);
 211              		.loc 1 227 0
 212 00b8 0920     		mov	r0, #9
 213 00ba FFF7FEFF 		bl	CyIntEnable
 214              	.LVL7:
 228:Generated_Source\PSoC4/cyfitter_cfg.c **** }
 215              		.loc 1 228 0
 216 00be 0022     		mov	r2, #0
 217 00c0 1A4B     		ldr	r3, .L4+100
 218 00c2 1A60     		str	r2, [r3]
 219              	.LBE28:
 220              	.LBE33:
 221              		.loc 1 347 0
 222 00c4 38BD     		pop	{r3, r4, r5, pc}
 223              	.L5:
 224 00c6 C046     		.align	2
 225              	.L4:
 226 00c8 00300F40 		.word	1074737152
 227 00cc 00400F40 		.word	1074741248
 228 00d0 00000000 		.word	.LANCHOR0
 229 00d4 00430F40 		.word	1074742016
 230 00d8 99330000 		.word	13209
 231 00dc 0C000140 		.word	1073807372
 232 00e0 30500F40 		.word	1074745392
 233 00e4 38500F40 		.word	1074745400
 234 00e8 00700F40 		.word	1074753536
 235 00ec 01700F40 		.word	1074753537
 236 00f0 00030440 		.word	1074004736
 237 00f4 00010B40 		.word	1074462976
 238 00f8 B10D0000 		.word	3505
 239 00fc 08030440 		.word	1074004744
 240 0100 18030440 		.word	1074004760
ARM GAS  C:\Users\g\AppData\Local\Temp\ccqCgqR3.s 			page 12


 241 0104 06000080 		.word	-2147483642
 242 0108 04010B40 		.word	1074462980
 243 010c 00000000 		.word	CySysWdtIsr
 244 0110 0C020240 		.word	1073873420
 245 0114 20020240 		.word	1073873440
 246 0118 08010B40 		.word	1074462984
 247 011c 0F000080 		.word	-2147483633
 248 0120 00000240 		.word	1073872896
 249 0124 52000080 		.word	-2147483566
 250 0128 40000240 		.word	1073872960
 251 012c 0C020B40 		.word	1074463244
 252              		.cfi_endproc
 253              	.LFE6:
 254              		.size	cyfitter_cfg, .-cyfitter_cfg
 255              		.section	.rodata
 256              		.set	.LANCHOR0,. + 0
 257              		.type	cy_cfg_data_table.4741, %object
 258              		.size	cy_cfg_data_table.4741, 14
 259              	cy_cfg_data_table.4741:
 260 0000 18       		.byte	24
 261 0001 20       		.byte	32
 262 0002 20       		.byte	32
 263 0003 08       		.byte	8
 264 0004 50       		.byte	80
 265 0005 10       		.byte	16
 266 0006 54       		.byte	84
 267 0007 04       		.byte	4
 268 0008 C6       		.byte	-58
 269 0009 08       		.byte	8
 270 000a C8       		.byte	-56
 271 000b 08       		.byte	8
 272 000c D4       		.byte	-44
 273 000d 06       		.byte	6
 274              		.text
 275              	.Letext0:
 276              		.file 2 "c:\\program files (x86)\\cypress\\psoc creator\\4.0\\psoc creator\\import\\gnu\\arm\\4.9.
 277              		.file 3 "Generated_Source\\PSoC4\\cytypes.h"
 278              		.file 4 "Generated_Source\\PSoC4\\CyLib.h"
 279              		.section	.debug_info,"",%progbits
 280              	.Ldebug_info0:
 281 0000 FC030000 		.4byte	0x3fc
 282 0004 0400     		.2byte	0x4
 283 0006 00000000 		.4byte	.Ldebug_abbrev0
 284 000a 04       		.byte	0x4
 285 000b 01       		.uleb128 0x1
 286 000c 0D000000 		.4byte	.LASF39
 287 0010 01       		.byte	0x1
 288 0011 95020000 		.4byte	.LASF40
 289 0015 E5000000 		.4byte	.LASF41
 290 0019 50000000 		.4byte	.Ldebug_ranges0+0x50
 291 001d 00000000 		.4byte	0
 292 0021 00000000 		.4byte	.Ldebug_line0
 293 0025 02       		.uleb128 0x2
 294 0026 04       		.byte	0x4
 295 0027 05       		.byte	0x5
 296 0028 696E7400 		.ascii	"int\000"
 297 002c 03       		.uleb128 0x3
ARM GAS  C:\Users\g\AppData\Local\Temp\ccqCgqR3.s 			page 13


 298 002d 06000000 		.4byte	.LASF11
 299 0031 02       		.byte	0x2
 300 0032 D4       		.byte	0xd4
 301 0033 37000000 		.4byte	0x37
 302 0037 04       		.uleb128 0x4
 303 0038 04       		.byte	0x4
 304 0039 07       		.byte	0x7
 305 003a AB010000 		.4byte	.LASF0
 306 003e 04       		.uleb128 0x4
 307 003f 01       		.byte	0x1
 308 0040 06       		.byte	0x6
 309 0041 89020000 		.4byte	.LASF1
 310 0045 04       		.uleb128 0x4
 311 0046 01       		.byte	0x1
 312 0047 08       		.byte	0x8
 313 0048 4D010000 		.4byte	.LASF2
 314 004c 04       		.uleb128 0x4
 315 004d 02       		.byte	0x2
 316 004e 05       		.byte	0x5
 317 004f 54020000 		.4byte	.LASF3
 318 0053 04       		.uleb128 0x4
 319 0054 02       		.byte	0x2
 320 0055 07       		.byte	0x7
 321 0056 14020000 		.4byte	.LASF4
 322 005a 04       		.uleb128 0x4
 323 005b 04       		.byte	0x4
 324 005c 05       		.byte	0x5
 325 005d 80020000 		.4byte	.LASF5
 326 0061 04       		.uleb128 0x4
 327 0062 04       		.byte	0x4
 328 0063 07       		.byte	0x7
 329 0064 2B010000 		.4byte	.LASF6
 330 0068 04       		.uleb128 0x4
 331 0069 08       		.byte	0x8
 332 006a 05       		.byte	0x5
 333 006b 27020000 		.4byte	.LASF7
 334 006f 04       		.uleb128 0x4
 335 0070 08       		.byte	0x8
 336 0071 07       		.byte	0x7
 337 0072 D1010000 		.4byte	.LASF8
 338 0076 04       		.uleb128 0x4
 339 0077 04       		.byte	0x4
 340 0078 07       		.byte	0x7
 341 0079 0B020000 		.4byte	.LASF9
 342 007d 05       		.uleb128 0x5
 343 007e 04       		.byte	0x4
 344 007f 06       		.uleb128 0x6
 345 0080 04       		.byte	0x4
 346 0081 85000000 		.4byte	0x85
 347 0085 07       		.uleb128 0x7
 348 0086 04       		.uleb128 0x4
 349 0087 01       		.byte	0x1
 350 0088 08       		.byte	0x8
 351 0089 35020000 		.4byte	.LASF10
 352 008d 08       		.uleb128 0x8
 353 008e 3D010000 		.4byte	.LASF12
 354 0092 03       		.byte	0x3
ARM GAS  C:\Users\g\AppData\Local\Temp\ccqCgqR3.s 			page 14


 355 0093 9801     		.2byte	0x198
 356 0095 45000000 		.4byte	0x45
 357 0099 08       		.uleb128 0x8
 358 009a 92010000 		.4byte	.LASF13
 359 009e 03       		.byte	0x3
 360 009f 9901     		.2byte	0x199
 361 00a1 53000000 		.4byte	0x53
 362 00a5 08       		.uleb128 0x8
 363 00a6 A4010000 		.4byte	.LASF14
 364 00aa 03       		.byte	0x3
 365 00ab 9A01     		.2byte	0x19a
 366 00ad 61000000 		.4byte	0x61
 367 00b1 04       		.uleb128 0x4
 368 00b2 04       		.byte	0x4
 369 00b3 04       		.byte	0x4
 370 00b4 0B010000 		.4byte	.LASF15
 371 00b8 04       		.uleb128 0x4
 372 00b9 08       		.byte	0x8
 373 00ba 04       		.byte	0x4
 374 00bb 62010000 		.4byte	.LASF16
 375 00bf 08       		.uleb128 0x8
 376 00c0 26010000 		.4byte	.LASF17
 377 00c4 03       		.byte	0x3
 378 00c5 4202     		.2byte	0x242
 379 00c7 CB000000 		.4byte	0xcb
 380 00cb 09       		.uleb128 0x9
 381 00cc 8D000000 		.4byte	0x8d
 382 00d0 08       		.uleb128 0x8
 383 00d1 00000000 		.4byte	.LASF18
 384 00d5 03       		.byte	0x3
 385 00d6 4402     		.2byte	0x244
 386 00d8 DC000000 		.4byte	0xdc
 387 00dc 09       		.uleb128 0x9
 388 00dd A5000000 		.4byte	0xa5
 389 00e1 08       		.uleb128 0x8
 390 00e2 E8010000 		.4byte	.LASF19
 391 00e6 03       		.byte	0x3
 392 00e7 5402     		.2byte	0x254
 393 00e9 7F000000 		.4byte	0x7f
 394 00ed 0A       		.uleb128 0xa
 395 00ee 02       		.byte	0x2
 396 00ef 01       		.byte	0x1
 397 00f0 8B       		.byte	0x8b
 398 00f1 0E010000 		.4byte	0x10e
 399 00f5 0B       		.uleb128 0xb
 400 00f6 4D020000 		.4byte	.LASF20
 401 00fa 01       		.byte	0x1
 402 00fb 8D       		.byte	0x8d
 403 00fc 8D000000 		.4byte	0x8d
 404 0100 00       		.byte	0
 405 0101 0B       		.uleb128 0xb
 406 0102 AA000000 		.4byte	.LASF21
 407 0106 01       		.byte	0x1
 408 0107 8E       		.byte	0x8e
 409 0108 8D000000 		.4byte	0x8d
 410 010c 01       		.byte	0x1
 411 010d 00       		.byte	0
ARM GAS  C:\Users\g\AppData\Local\Temp\ccqCgqR3.s 			page 15


 412 010e 03       		.uleb128 0x3
 413 010f 3A020000 		.4byte	.LASF22
 414 0113 01       		.byte	0x1
 415 0114 8F       		.byte	0x8f
 416 0115 ED000000 		.4byte	0xed
 417 0119 0C       		.uleb128 0xc
 418 011a B8010000 		.4byte	.LASF29
 419 011e 01       		.byte	0x1
 420 011f FB       		.byte	0xfb
 421 0120 01       		.byte	0x1
 422 0121 0D       		.uleb128 0xd
 423 0122 69010000 		.4byte	.LASF27
 424 0126 01       		.byte	0x1
 425 0127 A2       		.byte	0xa2
 426 0128 01       		.byte	0x1
 427 0129 6E010000 		.4byte	0x16e
 428 012d 0E       		.uleb128 0xe
 429 012e 87010000 		.4byte	.LASF23
 430 0132 01       		.byte	0x1
 431 0133 A2       		.byte	0xa2
 432 0134 6E010000 		.4byte	0x16e
 433 0138 0E       		.uleb128 0xe
 434 0139 99010000 		.4byte	.LASF24
 435 013d 01       		.byte	0x1
 436 013e A2       		.byte	0xa2
 437 013f 79010000 		.4byte	0x179
 438 0143 0F       		.uleb128 0xf
 439 0144 6900     		.ascii	"i\000"
 440 0146 01       		.byte	0x1
 441 0147 A5       		.byte	0xa5
 442 0148 A5000000 		.4byte	0xa5
 443 014c 0F       		.uleb128 0xf
 444 014d 6A00     		.ascii	"j\000"
 445 014f 01       		.byte	0x1
 446 0150 A5       		.byte	0xa5
 447 0151 A5000000 		.4byte	0xa5
 448 0155 10       		.uleb128 0x10
 449 0156 11       		.uleb128 0x11
 450 0157 02020000 		.4byte	.LASF25
 451 015b 01       		.byte	0x1
 452 015c A8       		.byte	0xa8
 453 015d A5000000 		.4byte	0xa5
 454 0161 11       		.uleb128 0x11
 455 0162 B0000000 		.4byte	.LASF26
 456 0166 01       		.byte	0x1
 457 0167 A9       		.byte	0xa9
 458 0168 8D000000 		.4byte	0x8d
 459 016c 00       		.byte	0
 460 016d 00       		.byte	0
 461 016e 06       		.uleb128 0x6
 462 016f 04       		.byte	0x4
 463 0170 74010000 		.4byte	0x174
 464 0174 12       		.uleb128 0x12
 465 0175 A5000000 		.4byte	0xa5
 466 0179 06       		.uleb128 0x6
 467 017a 04       		.byte	0x4
 468 017b 7F010000 		.4byte	0x17f
ARM GAS  C:\Users\g\AppData\Local\Temp\ccqCgqR3.s 			page 16


 469 017f 12       		.uleb128 0x12
 470 0180 0E010000 		.4byte	0x10e
 471 0184 0D       		.uleb128 0xd
 472 0185 43010000 		.4byte	.LASF28
 473 0189 01       		.byte	0x1
 474 018a 3E       		.byte	0x3e
 475 018b 01       		.byte	0x1
 476 018c A3010000 		.4byte	0x1a3
 477 0190 13       		.uleb128 0x13
 478 0191 7300     		.ascii	"s\000"
 479 0193 01       		.byte	0x1
 480 0194 3E       		.byte	0x3e
 481 0195 7D000000 		.4byte	0x7d
 482 0199 13       		.uleb128 0x13
 483 019a 6E00     		.ascii	"n\000"
 484 019c 01       		.byte	0x1
 485 019d 3E       		.byte	0x3e
 486 019e 2C000000 		.4byte	0x2c
 487 01a2 00       		.byte	0
 488 01a3 0C       		.uleb128 0xc
 489 01a4 B6000000 		.4byte	.LASF30
 490 01a8 01       		.byte	0x1
 491 01a9 C7       		.byte	0xc7
 492 01aa 01       		.byte	0x1
 493 01ab 14       		.uleb128 0x14
 494 01ac 73020000 		.4byte	.LASF42
 495 01b0 01       		.byte	0x1
 496 01b1 1301     		.2byte	0x113
 497 01b3 00000000 		.4byte	.LFB6
 498 01b7 30010000 		.4byte	.LFE6-.LFB6
 499 01bb 01       		.uleb128 0x1
 500 01bc 9C       		.byte	0x9c
 501 01bd 80030000 		.4byte	0x380
 502 01c1 15       		.uleb128 0x15
 503 01c2 00000000 		.4byte	.Ldebug_ranges0+0
 504 01c6 38030000 		.4byte	0x338
 505 01ca 16       		.uleb128 0x16
 506 01cb C1000000 		.4byte	.LASF31
 507 01cf 01       		.byte	0x1
 508 01d0 1901     		.2byte	0x119
 509 01d2 90030000 		.4byte	0x390
 510 01d6 04       		.byte	0x4
 511 01d7 07       		.byte	0x7
 512 01d8 43       		.byte	0x43
 513 01d9 0F       		.byte	0xf
 514 01da 40       		.byte	0x40
 515 01db 17       		.uleb128 0x17
 516 01dc D3000000 		.4byte	.LASF32
 517 01e0 01       		.byte	0x1
 518 01e1 1D01     		.2byte	0x11d
 519 01e3 A5030000 		.4byte	0x3a5
 520 01e7 05       		.uleb128 0x5
 521 01e8 03       		.byte	0x3
 522 01e9 00000000 		.4byte	cy_cfg_data_table.4741
 523 01ed 18       		.uleb128 0x18
 524 01ee 06       		.byte	0x6
 525 01ef 01       		.byte	0x1
ARM GAS  C:\Users\g\AppData\Local\Temp\ccqCgqR3.s 			page 17


 526 01f0 2901     		.2byte	0x129
 527 01f2 11020000 		.4byte	0x211
 528 01f6 19       		.uleb128 0x19
 529 01f7 C9010000 		.4byte	.LASF33
 530 01fb 01       		.byte	0x1
 531 01fc 2A01     		.2byte	0x12a
 532 01fe 7D000000 		.4byte	0x7d
 533 0202 00       		.byte	0
 534 0203 19       		.uleb128 0x19
 535 0204 21010000 		.4byte	.LASF34
 536 0208 01       		.byte	0x1
 537 0209 2B01     		.2byte	0x12b
 538 020b 99000000 		.4byte	0x99
 539 020f 04       		.byte	0x4
 540 0210 00       		.byte	0
 541 0211 08       		.uleb128 0x8
 542 0212 F5010000 		.4byte	.LASF35
 543 0216 01       		.byte	0x1
 544 0217 2C01     		.2byte	0x12c
 545 0219 ED010000 		.4byte	0x1ed
 546 021d 1A       		.uleb128 0x1a
 547 021e 11020000 		.4byte	0x211
 548 0222 2D020000 		.4byte	0x22d
 549 0226 1B       		.uleb128 0x1b
 550 0227 76000000 		.4byte	0x76
 551 022b 01       		.byte	0x1
 552 022c 00       		.byte	0
 553 022d 16       		.uleb128 0x16
 554 022e 11010000 		.4byte	.LASF36
 555 0232 01       		.byte	0x1
 556 0233 2E01     		.2byte	0x12e
 557 0235 46020000 		.4byte	0x246
 558 0239 0C       		.byte	0xc
 559 023a 00       		.byte	0
 560 023b 30       		.byte	0x30
 561 023c 0F       		.byte	0xf
 562 023d 40       		.byte	0x40
 563 023e 00       		.byte	0
 564 023f 04       		.byte	0x4
 565 0240 00       		.byte	0
 566 0241 40       		.byte	0x40
 567 0242 0F       		.byte	0xf
 568 0243 40       		.byte	0x40
 569 0244 00       		.byte	0
 570 0245 04       		.byte	0x4
 571 0246 12       		.uleb128 0x12
 572 0247 1D020000 		.4byte	0x21d
 573 024b 1C       		.uleb128 0x1c
 574 024c 6900     		.ascii	"i\000"
 575 024e 01       		.byte	0x1
 576 024f 3401     		.2byte	0x134
 577 0251 8D000000 		.4byte	0x8d
 578 0255 00000000 		.4byte	.LLST0
 579 0259 1D       		.uleb128 0x1d
 580 025a 04000000 		.4byte	.LBB17
 581 025e 1A000000 		.4byte	.LBE17-.LBB17
 582 0262 E4020000 		.4byte	0x2e4
ARM GAS  C:\Users\g\AppData\Local\Temp\ccqCgqR3.s 			page 18


 583 0266 1C       		.uleb128 0x1c
 584 0267 6D7300   		.ascii	"ms\000"
 585 026a 01       		.byte	0x1
 586 026b 3901     		.2byte	0x139
 587 026d 75020000 		.4byte	0x275
 588 0271 2C000000 		.4byte	.LLST1
 589 0275 06       		.uleb128 0x6
 590 0276 04       		.byte	0x4
 591 0277 7B020000 		.4byte	0x27b
 592 027b 12       		.uleb128 0x12
 593 027c 11020000 		.4byte	0x211
 594 0280 1E       		.uleb128 0x1e
 595 0281 84010000 		.4byte	0x184
 596 0285 04000000 		.4byte	.LBB18
 597 0289 1A000000 		.4byte	.LBE18-.LBB18
 598 028d 01       		.byte	0x1
 599 028e 3A01     		.2byte	0x13a
 600 0290 1F       		.uleb128 0x1f
 601 0291 99010000 		.4byte	0x199
 602 0295 0004     		.2byte	0x400
 603 0297 20       		.uleb128 0x20
 604 0298 90010000 		.4byte	0x190
 605 029c 54000000 		.4byte	.LLST2
 606 02a0 21       		.uleb128 0x21
 607 02a1 10000000 		.4byte	.LVL1
 608 02a5 AA030000 		.4byte	0x3aa
 609 02a9 C3020000 		.4byte	0x2c3
 610 02ad 22       		.uleb128 0x22
 611 02ae 01       		.uleb128 0x1
 612 02af 52       		.byte	0x52
 613 02b0 03       		.uleb128 0x3
 614 02b1 0A       		.byte	0xa
 615 02b2 0004     		.2byte	0x400
 616 02b4 22       		.uleb128 0x22
 617 02b5 01       		.uleb128 0x1
 618 02b6 51       		.byte	0x51
 619 02b7 01       		.uleb128 0x1
 620 02b8 30       		.byte	0x30
 621 02b9 22       		.uleb128 0x22
 622 02ba 01       		.uleb128 0x1
 623 02bb 50       		.byte	0x50
 624 02bc 05       		.uleb128 0x5
 625 02bd 0C       		.byte	0xc
 626 02be 00300F40 		.4byte	0x400f3000
 627 02c2 00       		.byte	0
 628 02c3 23       		.uleb128 0x23
 629 02c4 1C000000 		.4byte	.LVL2
 630 02c8 AA030000 		.4byte	0x3aa
 631 02cc 22       		.uleb128 0x22
 632 02cd 01       		.uleb128 0x1
 633 02ce 52       		.byte	0x52
 634 02cf 03       		.uleb128 0x3
 635 02d0 0A       		.byte	0xa
 636 02d1 0004     		.2byte	0x400
 637 02d3 22       		.uleb128 0x22
 638 02d4 01       		.uleb128 0x1
 639 02d5 51       		.byte	0x51
ARM GAS  C:\Users\g\AppData\Local\Temp\ccqCgqR3.s 			page 19


 640 02d6 01       		.uleb128 0x1
 641 02d7 30       		.byte	0x30
 642 02d8 22       		.uleb128 0x22
 643 02d9 01       		.uleb128 0x1
 644 02da 50       		.byte	0x50
 645 02db 05       		.uleb128 0x5
 646 02dc 0C       		.byte	0xc
 647 02dd 00400F40 		.4byte	0x400f4000
 648 02e1 00       		.byte	0
 649 02e2 00       		.byte	0
 650 02e3 00       		.byte	0
 651 02e4 1E       		.uleb128 0x1e
 652 02e5 21010000 		.4byte	0x121
 653 02e9 1E000000 		.4byte	.LBB20
 654 02ed 14000000 		.4byte	.LBE20-.LBB20
 655 02f1 01       		.byte	0x1
 656 02f2 3D01     		.2byte	0x13d
 657 02f4 24       		.uleb128 0x24
 658 02f5 2D010000 		.4byte	0x12d
 659 02f9 24       		.uleb128 0x24
 660 02fa 38010000 		.4byte	0x138
 661 02fe 25       		.uleb128 0x25
 662 02ff 1E000000 		.4byte	.LBB21
 663 0303 14000000 		.4byte	.LBE21-.LBB21
 664 0307 26       		.uleb128 0x26
 665 0308 43010000 		.4byte	0x143
 666 030c 7C000000 		.4byte	.LLST3
 667 0310 26       		.uleb128 0x26
 668 0311 4C010000 		.4byte	0x14c
 669 0315 9C000000 		.4byte	.LLST4
 670 0319 25       		.uleb128 0x25
 671 031a 1E000000 		.4byte	.LBB22
 672 031e 14000000 		.4byte	.LBE22-.LBB22
 673 0322 27       		.uleb128 0x27
 674 0323 56010000 		.4byte	0x156
 675 0327 00430F40 		.4byte	0x400f4300
 676 032b 26       		.uleb128 0x26
 677 032c 61010000 		.4byte	0x161
 678 0330 B0000000 		.4byte	.LLST5
 679 0334 00       		.byte	0
 680 0335 00       		.byte	0
 681 0336 00       		.byte	0
 682 0337 00       		.byte	0
 683 0338 28       		.uleb128 0x28
 684 0339 A3010000 		.4byte	0x1a3
 685 033d 62000000 		.4byte	.LBB24
 686 0341 28000000 		.4byte	.Ldebug_ranges0+0x28
 687 0345 01       		.byte	0x1
 688 0346 5601     		.2byte	0x156
 689 0348 21       		.uleb128 0x21
 690 0349 88000000 		.4byte	.LVL5
 691 034d C7030000 		.4byte	0x3c7
 692 0351 5C030000 		.4byte	0x35c
 693 0355 22       		.uleb128 0x22
 694 0356 01       		.uleb128 0x1
 695 0357 50       		.byte	0x50
 696 0358 02       		.uleb128 0x2
ARM GAS  C:\Users\g\AppData\Local\Temp\ccqCgqR3.s 			page 20


 697 0359 08       		.byte	0x8
 698 035a 30       		.byte	0x30
 699 035b 00       		.byte	0
 700 035c 21       		.uleb128 0x21
 701 035d B8000000 		.4byte	.LVL6
 702 0361 D8030000 		.4byte	0x3d8
 703 0365 6F030000 		.4byte	0x36f
 704 0369 22       		.uleb128 0x22
 705 036a 01       		.uleb128 0x1
 706 036b 50       		.byte	0x50
 707 036c 01       		.uleb128 0x1
 708 036d 39       		.byte	0x39
 709 036e 00       		.byte	0
 710 036f 23       		.uleb128 0x23
 711 0370 BE000000 		.4byte	.LVL7
 712 0374 F2030000 		.4byte	0x3f2
 713 0378 22       		.uleb128 0x22
 714 0379 01       		.uleb128 0x1
 715 037a 50       		.byte	0x50
 716 037b 01       		.uleb128 0x1
 717 037c 39       		.byte	0x39
 718 037d 00       		.byte	0
 719 037e 00       		.byte	0
 720 037f 00       		.byte	0
 721 0380 1A       		.uleb128 0x1a
 722 0381 A5000000 		.4byte	0xa5
 723 0385 90030000 		.4byte	0x390
 724 0389 1B       		.uleb128 0x1b
 725 038a 76000000 		.4byte	0x76
 726 038e 00       		.byte	0
 727 038f 00       		.byte	0
 728 0390 12       		.uleb128 0x12
 729 0391 80030000 		.4byte	0x380
 730 0395 1A       		.uleb128 0x1a
 731 0396 0E010000 		.4byte	0x10e
 732 039a A5030000 		.4byte	0x3a5
 733 039e 1B       		.uleb128 0x1b
 734 039f 76000000 		.4byte	0x76
 735 03a3 06       		.byte	0x6
 736 03a4 00       		.byte	0
 737 03a5 12       		.uleb128 0x12
 738 03a6 95030000 		.4byte	0x395
 739 03aa 29       		.uleb128 0x29
 740 03ab 5B010000 		.4byte	.LASF37
 741 03af 7D000000 		.4byte	0x7d
 742 03b3 C7030000 		.4byte	0x3c7
 743 03b7 2A       		.uleb128 0x2a
 744 03b8 7D000000 		.4byte	0x7d
 745 03bc 2A       		.uleb128 0x2a
 746 03bd 25000000 		.4byte	0x25
 747 03c1 2A       		.uleb128 0x2a
 748 03c2 76000000 		.4byte	0x76
 749 03c6 00       		.byte	0
 750 03c7 2B       		.uleb128 0x2b
 751 03c8 5E020000 		.4byte	.LASF38
 752 03cc 04       		.byte	0x4
 753 03cd 6C       		.byte	0x6c
ARM GAS  C:\Users\g\AppData\Local\Temp\ccqCgqR3.s 			page 21


 754 03ce D8030000 		.4byte	0x3d8
 755 03d2 2A       		.uleb128 0x2a
 756 03d3 A5000000 		.4byte	0xa5
 757 03d7 00       		.byte	0
 758 03d8 2C       		.uleb128 0x2c
 759 03d9 9B000000 		.4byte	.LASF43
 760 03dd 04       		.byte	0x4
 761 03de BB       		.byte	0xbb
 762 03df E1000000 		.4byte	0xe1
 763 03e3 F2030000 		.4byte	0x3f2
 764 03e7 2A       		.uleb128 0x2a
 765 03e8 8D000000 		.4byte	0x8d
 766 03ec 2A       		.uleb128 0x2a
 767 03ed E1000000 		.4byte	0xe1
 768 03f1 00       		.byte	0
 769 03f2 2D       		.uleb128 0x2d
 770 03f3 7B010000 		.4byte	.LASF44
 771 03f7 04       		.byte	0x4
 772 03f8 C1       		.byte	0xc1
 773 03f9 2A       		.uleb128 0x2a
 774 03fa 8D000000 		.4byte	0x8d
 775 03fe 00       		.byte	0
 776 03ff 00       		.byte	0
 777              		.section	.debug_abbrev,"",%progbits
 778              	.Ldebug_abbrev0:
 779 0000 01       		.uleb128 0x1
 780 0001 11       		.uleb128 0x11
 781 0002 01       		.byte	0x1
 782 0003 25       		.uleb128 0x25
 783 0004 0E       		.uleb128 0xe
 784 0005 13       		.uleb128 0x13
 785 0006 0B       		.uleb128 0xb
 786 0007 03       		.uleb128 0x3
 787 0008 0E       		.uleb128 0xe
 788 0009 1B       		.uleb128 0x1b
 789 000a 0E       		.uleb128 0xe
 790 000b 55       		.uleb128 0x55
 791 000c 17       		.uleb128 0x17
 792 000d 11       		.uleb128 0x11
 793 000e 01       		.uleb128 0x1
 794 000f 10       		.uleb128 0x10
 795 0010 17       		.uleb128 0x17
 796 0011 00       		.byte	0
 797 0012 00       		.byte	0
 798 0013 02       		.uleb128 0x2
 799 0014 24       		.uleb128 0x24
 800 0015 00       		.byte	0
 801 0016 0B       		.uleb128 0xb
 802 0017 0B       		.uleb128 0xb
 803 0018 3E       		.uleb128 0x3e
 804 0019 0B       		.uleb128 0xb
 805 001a 03       		.uleb128 0x3
 806 001b 08       		.uleb128 0x8
 807 001c 00       		.byte	0
 808 001d 00       		.byte	0
 809 001e 03       		.uleb128 0x3
 810 001f 16       		.uleb128 0x16
ARM GAS  C:\Users\g\AppData\Local\Temp\ccqCgqR3.s 			page 22


 811 0020 00       		.byte	0
 812 0021 03       		.uleb128 0x3
 813 0022 0E       		.uleb128 0xe
 814 0023 3A       		.uleb128 0x3a
 815 0024 0B       		.uleb128 0xb
 816 0025 3B       		.uleb128 0x3b
 817 0026 0B       		.uleb128 0xb
 818 0027 49       		.uleb128 0x49
 819 0028 13       		.uleb128 0x13
 820 0029 00       		.byte	0
 821 002a 00       		.byte	0
 822 002b 04       		.uleb128 0x4
 823 002c 24       		.uleb128 0x24
 824 002d 00       		.byte	0
 825 002e 0B       		.uleb128 0xb
 826 002f 0B       		.uleb128 0xb
 827 0030 3E       		.uleb128 0x3e
 828 0031 0B       		.uleb128 0xb
 829 0032 03       		.uleb128 0x3
 830 0033 0E       		.uleb128 0xe
 831 0034 00       		.byte	0
 832 0035 00       		.byte	0
 833 0036 05       		.uleb128 0x5
 834 0037 0F       		.uleb128 0xf
 835 0038 00       		.byte	0
 836 0039 0B       		.uleb128 0xb
 837 003a 0B       		.uleb128 0xb
 838 003b 00       		.byte	0
 839 003c 00       		.byte	0
 840 003d 06       		.uleb128 0x6
 841 003e 0F       		.uleb128 0xf
 842 003f 00       		.byte	0
 843 0040 0B       		.uleb128 0xb
 844 0041 0B       		.uleb128 0xb
 845 0042 49       		.uleb128 0x49
 846 0043 13       		.uleb128 0x13
 847 0044 00       		.byte	0
 848 0045 00       		.byte	0
 849 0046 07       		.uleb128 0x7
 850 0047 15       		.uleb128 0x15
 851 0048 00       		.byte	0
 852 0049 27       		.uleb128 0x27
 853 004a 19       		.uleb128 0x19
 854 004b 00       		.byte	0
 855 004c 00       		.byte	0
 856 004d 08       		.uleb128 0x8
 857 004e 16       		.uleb128 0x16
 858 004f 00       		.byte	0
 859 0050 03       		.uleb128 0x3
 860 0051 0E       		.uleb128 0xe
 861 0052 3A       		.uleb128 0x3a
 862 0053 0B       		.uleb128 0xb
 863 0054 3B       		.uleb128 0x3b
 864 0055 05       		.uleb128 0x5
 865 0056 49       		.uleb128 0x49
 866 0057 13       		.uleb128 0x13
 867 0058 00       		.byte	0
ARM GAS  C:\Users\g\AppData\Local\Temp\ccqCgqR3.s 			page 23


 868 0059 00       		.byte	0
 869 005a 09       		.uleb128 0x9
 870 005b 35       		.uleb128 0x35
 871 005c 00       		.byte	0
 872 005d 49       		.uleb128 0x49
 873 005e 13       		.uleb128 0x13
 874 005f 00       		.byte	0
 875 0060 00       		.byte	0
 876 0061 0A       		.uleb128 0xa
 877 0062 13       		.uleb128 0x13
 878 0063 01       		.byte	0x1
 879 0064 0B       		.uleb128 0xb
 880 0065 0B       		.uleb128 0xb
 881 0066 3A       		.uleb128 0x3a
 882 0067 0B       		.uleb128 0xb
 883 0068 3B       		.uleb128 0x3b
 884 0069 0B       		.uleb128 0xb
 885 006a 01       		.uleb128 0x1
 886 006b 13       		.uleb128 0x13
 887 006c 00       		.byte	0
 888 006d 00       		.byte	0
 889 006e 0B       		.uleb128 0xb
 890 006f 0D       		.uleb128 0xd
 891 0070 00       		.byte	0
 892 0071 03       		.uleb128 0x3
 893 0072 0E       		.uleb128 0xe
 894 0073 3A       		.uleb128 0x3a
 895 0074 0B       		.uleb128 0xb
 896 0075 3B       		.uleb128 0x3b
 897 0076 0B       		.uleb128 0xb
 898 0077 49       		.uleb128 0x49
 899 0078 13       		.uleb128 0x13
 900 0079 38       		.uleb128 0x38
 901 007a 0B       		.uleb128 0xb
 902 007b 00       		.byte	0
 903 007c 00       		.byte	0
 904 007d 0C       		.uleb128 0xc
 905 007e 2E       		.uleb128 0x2e
 906 007f 00       		.byte	0
 907 0080 03       		.uleb128 0x3
 908 0081 0E       		.uleb128 0xe
 909 0082 3A       		.uleb128 0x3a
 910 0083 0B       		.uleb128 0xb
 911 0084 3B       		.uleb128 0x3b
 912 0085 0B       		.uleb128 0xb
 913 0086 27       		.uleb128 0x27
 914 0087 19       		.uleb128 0x19
 915 0088 20       		.uleb128 0x20
 916 0089 0B       		.uleb128 0xb
 917 008a 00       		.byte	0
 918 008b 00       		.byte	0
 919 008c 0D       		.uleb128 0xd
 920 008d 2E       		.uleb128 0x2e
 921 008e 01       		.byte	0x1
 922 008f 03       		.uleb128 0x3
 923 0090 0E       		.uleb128 0xe
 924 0091 3A       		.uleb128 0x3a
ARM GAS  C:\Users\g\AppData\Local\Temp\ccqCgqR3.s 			page 24


 925 0092 0B       		.uleb128 0xb
 926 0093 3B       		.uleb128 0x3b
 927 0094 0B       		.uleb128 0xb
 928 0095 27       		.uleb128 0x27
 929 0096 19       		.uleb128 0x19
 930 0097 20       		.uleb128 0x20
 931 0098 0B       		.uleb128 0xb
 932 0099 01       		.uleb128 0x1
 933 009a 13       		.uleb128 0x13
 934 009b 00       		.byte	0
 935 009c 00       		.byte	0
 936 009d 0E       		.uleb128 0xe
 937 009e 05       		.uleb128 0x5
 938 009f 00       		.byte	0
 939 00a0 03       		.uleb128 0x3
 940 00a1 0E       		.uleb128 0xe
 941 00a2 3A       		.uleb128 0x3a
 942 00a3 0B       		.uleb128 0xb
 943 00a4 3B       		.uleb128 0x3b
 944 00a5 0B       		.uleb128 0xb
 945 00a6 49       		.uleb128 0x49
 946 00a7 13       		.uleb128 0x13
 947 00a8 00       		.byte	0
 948 00a9 00       		.byte	0
 949 00aa 0F       		.uleb128 0xf
 950 00ab 34       		.uleb128 0x34
 951 00ac 00       		.byte	0
 952 00ad 03       		.uleb128 0x3
 953 00ae 08       		.uleb128 0x8
 954 00af 3A       		.uleb128 0x3a
 955 00b0 0B       		.uleb128 0xb
 956 00b1 3B       		.uleb128 0x3b
 957 00b2 0B       		.uleb128 0xb
 958 00b3 49       		.uleb128 0x49
 959 00b4 13       		.uleb128 0x13
 960 00b5 00       		.byte	0
 961 00b6 00       		.byte	0
 962 00b7 10       		.uleb128 0x10
 963 00b8 0B       		.uleb128 0xb
 964 00b9 01       		.byte	0x1
 965 00ba 00       		.byte	0
 966 00bb 00       		.byte	0
 967 00bc 11       		.uleb128 0x11
 968 00bd 34       		.uleb128 0x34
 969 00be 00       		.byte	0
 970 00bf 03       		.uleb128 0x3
 971 00c0 0E       		.uleb128 0xe
 972 00c1 3A       		.uleb128 0x3a
 973 00c2 0B       		.uleb128 0xb
 974 00c3 3B       		.uleb128 0x3b
 975 00c4 0B       		.uleb128 0xb
 976 00c5 49       		.uleb128 0x49
 977 00c6 13       		.uleb128 0x13
 978 00c7 00       		.byte	0
 979 00c8 00       		.byte	0
 980 00c9 12       		.uleb128 0x12
 981 00ca 26       		.uleb128 0x26
ARM GAS  C:\Users\g\AppData\Local\Temp\ccqCgqR3.s 			page 25


 982 00cb 00       		.byte	0
 983 00cc 49       		.uleb128 0x49
 984 00cd 13       		.uleb128 0x13
 985 00ce 00       		.byte	0
 986 00cf 00       		.byte	0
 987 00d0 13       		.uleb128 0x13
 988 00d1 05       		.uleb128 0x5
 989 00d2 00       		.byte	0
 990 00d3 03       		.uleb128 0x3
 991 00d4 08       		.uleb128 0x8
 992 00d5 3A       		.uleb128 0x3a
 993 00d6 0B       		.uleb128 0xb
 994 00d7 3B       		.uleb128 0x3b
 995 00d8 0B       		.uleb128 0xb
 996 00d9 49       		.uleb128 0x49
 997 00da 13       		.uleb128 0x13
 998 00db 00       		.byte	0
 999 00dc 00       		.byte	0
 1000 00dd 14       		.uleb128 0x14
 1001 00de 2E       		.uleb128 0x2e
 1002 00df 01       		.byte	0x1
 1003 00e0 3F       		.uleb128 0x3f
 1004 00e1 19       		.uleb128 0x19
 1005 00e2 03       		.uleb128 0x3
 1006 00e3 0E       		.uleb128 0xe
 1007 00e4 3A       		.uleb128 0x3a
 1008 00e5 0B       		.uleb128 0xb
 1009 00e6 3B       		.uleb128 0x3b
 1010 00e7 05       		.uleb128 0x5
 1011 00e8 27       		.uleb128 0x27
 1012 00e9 19       		.uleb128 0x19
 1013 00ea 11       		.uleb128 0x11
 1014 00eb 01       		.uleb128 0x1
 1015 00ec 12       		.uleb128 0x12
 1016 00ed 06       		.uleb128 0x6
 1017 00ee 40       		.uleb128 0x40
 1018 00ef 18       		.uleb128 0x18
 1019 00f0 9742     		.uleb128 0x2117
 1020 00f2 19       		.uleb128 0x19
 1021 00f3 01       		.uleb128 0x1
 1022 00f4 13       		.uleb128 0x13
 1023 00f5 00       		.byte	0
 1024 00f6 00       		.byte	0
 1025 00f7 15       		.uleb128 0x15
 1026 00f8 0B       		.uleb128 0xb
 1027 00f9 01       		.byte	0x1
 1028 00fa 55       		.uleb128 0x55
 1029 00fb 17       		.uleb128 0x17
 1030 00fc 01       		.uleb128 0x1
 1031 00fd 13       		.uleb128 0x13
 1032 00fe 00       		.byte	0
 1033 00ff 00       		.byte	0
 1034 0100 16       		.uleb128 0x16
 1035 0101 34       		.uleb128 0x34
 1036 0102 00       		.byte	0
 1037 0103 03       		.uleb128 0x3
 1038 0104 0E       		.uleb128 0xe
ARM GAS  C:\Users\g\AppData\Local\Temp\ccqCgqR3.s 			page 26


 1039 0105 3A       		.uleb128 0x3a
 1040 0106 0B       		.uleb128 0xb
 1041 0107 3B       		.uleb128 0x3b
 1042 0108 05       		.uleb128 0x5
 1043 0109 49       		.uleb128 0x49
 1044 010a 13       		.uleb128 0x13
 1045 010b 1C       		.uleb128 0x1c
 1046 010c 0A       		.uleb128 0xa
 1047 010d 00       		.byte	0
 1048 010e 00       		.byte	0
 1049 010f 17       		.uleb128 0x17
 1050 0110 34       		.uleb128 0x34
 1051 0111 00       		.byte	0
 1052 0112 03       		.uleb128 0x3
 1053 0113 0E       		.uleb128 0xe
 1054 0114 3A       		.uleb128 0x3a
 1055 0115 0B       		.uleb128 0xb
 1056 0116 3B       		.uleb128 0x3b
 1057 0117 05       		.uleb128 0x5
 1058 0118 49       		.uleb128 0x49
 1059 0119 13       		.uleb128 0x13
 1060 011a 02       		.uleb128 0x2
 1061 011b 18       		.uleb128 0x18
 1062 011c 00       		.byte	0
 1063 011d 00       		.byte	0
 1064 011e 18       		.uleb128 0x18
 1065 011f 13       		.uleb128 0x13
 1066 0120 01       		.byte	0x1
 1067 0121 0B       		.uleb128 0xb
 1068 0122 0B       		.uleb128 0xb
 1069 0123 3A       		.uleb128 0x3a
 1070 0124 0B       		.uleb128 0xb
 1071 0125 3B       		.uleb128 0x3b
 1072 0126 05       		.uleb128 0x5
 1073 0127 01       		.uleb128 0x1
 1074 0128 13       		.uleb128 0x13
 1075 0129 00       		.byte	0
 1076 012a 00       		.byte	0
 1077 012b 19       		.uleb128 0x19
 1078 012c 0D       		.uleb128 0xd
 1079 012d 00       		.byte	0
 1080 012e 03       		.uleb128 0x3
 1081 012f 0E       		.uleb128 0xe
 1082 0130 3A       		.uleb128 0x3a
 1083 0131 0B       		.uleb128 0xb
 1084 0132 3B       		.uleb128 0x3b
 1085 0133 05       		.uleb128 0x5
 1086 0134 49       		.uleb128 0x49
 1087 0135 13       		.uleb128 0x13
 1088 0136 38       		.uleb128 0x38
 1089 0137 0B       		.uleb128 0xb
 1090 0138 00       		.byte	0
 1091 0139 00       		.byte	0
 1092 013a 1A       		.uleb128 0x1a
 1093 013b 01       		.uleb128 0x1
 1094 013c 01       		.byte	0x1
 1095 013d 49       		.uleb128 0x49
ARM GAS  C:\Users\g\AppData\Local\Temp\ccqCgqR3.s 			page 27


 1096 013e 13       		.uleb128 0x13
 1097 013f 01       		.uleb128 0x1
 1098 0140 13       		.uleb128 0x13
 1099 0141 00       		.byte	0
 1100 0142 00       		.byte	0
 1101 0143 1B       		.uleb128 0x1b
 1102 0144 21       		.uleb128 0x21
 1103 0145 00       		.byte	0
 1104 0146 49       		.uleb128 0x49
 1105 0147 13       		.uleb128 0x13
 1106 0148 2F       		.uleb128 0x2f
 1107 0149 0B       		.uleb128 0xb
 1108 014a 00       		.byte	0
 1109 014b 00       		.byte	0
 1110 014c 1C       		.uleb128 0x1c
 1111 014d 34       		.uleb128 0x34
 1112 014e 00       		.byte	0
 1113 014f 03       		.uleb128 0x3
 1114 0150 08       		.uleb128 0x8
 1115 0151 3A       		.uleb128 0x3a
 1116 0152 0B       		.uleb128 0xb
 1117 0153 3B       		.uleb128 0x3b
 1118 0154 05       		.uleb128 0x5
 1119 0155 49       		.uleb128 0x49
 1120 0156 13       		.uleb128 0x13
 1121 0157 02       		.uleb128 0x2
 1122 0158 17       		.uleb128 0x17
 1123 0159 00       		.byte	0
 1124 015a 00       		.byte	0
 1125 015b 1D       		.uleb128 0x1d
 1126 015c 0B       		.uleb128 0xb
 1127 015d 01       		.byte	0x1
 1128 015e 11       		.uleb128 0x11
 1129 015f 01       		.uleb128 0x1
 1130 0160 12       		.uleb128 0x12
 1131 0161 06       		.uleb128 0x6
 1132 0162 01       		.uleb128 0x1
 1133 0163 13       		.uleb128 0x13
 1134 0164 00       		.byte	0
 1135 0165 00       		.byte	0
 1136 0166 1E       		.uleb128 0x1e
 1137 0167 1D       		.uleb128 0x1d
 1138 0168 01       		.byte	0x1
 1139 0169 31       		.uleb128 0x31
 1140 016a 13       		.uleb128 0x13
 1141 016b 11       		.uleb128 0x11
 1142 016c 01       		.uleb128 0x1
 1143 016d 12       		.uleb128 0x12
 1144 016e 06       		.uleb128 0x6
 1145 016f 58       		.uleb128 0x58
 1146 0170 0B       		.uleb128 0xb
 1147 0171 59       		.uleb128 0x59
 1148 0172 05       		.uleb128 0x5
 1149 0173 00       		.byte	0
 1150 0174 00       		.byte	0
 1151 0175 1F       		.uleb128 0x1f
 1152 0176 05       		.uleb128 0x5
ARM GAS  C:\Users\g\AppData\Local\Temp\ccqCgqR3.s 			page 28


 1153 0177 00       		.byte	0
 1154 0178 31       		.uleb128 0x31
 1155 0179 13       		.uleb128 0x13
 1156 017a 1C       		.uleb128 0x1c
 1157 017b 05       		.uleb128 0x5
 1158 017c 00       		.byte	0
 1159 017d 00       		.byte	0
 1160 017e 20       		.uleb128 0x20
 1161 017f 05       		.uleb128 0x5
 1162 0180 00       		.byte	0
 1163 0181 31       		.uleb128 0x31
 1164 0182 13       		.uleb128 0x13
 1165 0183 02       		.uleb128 0x2
 1166 0184 17       		.uleb128 0x17
 1167 0185 00       		.byte	0
 1168 0186 00       		.byte	0
 1169 0187 21       		.uleb128 0x21
 1170 0188 898201   		.uleb128 0x4109
 1171 018b 01       		.byte	0x1
 1172 018c 11       		.uleb128 0x11
 1173 018d 01       		.uleb128 0x1
 1174 018e 31       		.uleb128 0x31
 1175 018f 13       		.uleb128 0x13
 1176 0190 01       		.uleb128 0x1
 1177 0191 13       		.uleb128 0x13
 1178 0192 00       		.byte	0
 1179 0193 00       		.byte	0
 1180 0194 22       		.uleb128 0x22
 1181 0195 8A8201   		.uleb128 0x410a
 1182 0198 00       		.byte	0
 1183 0199 02       		.uleb128 0x2
 1184 019a 18       		.uleb128 0x18
 1185 019b 9142     		.uleb128 0x2111
 1186 019d 18       		.uleb128 0x18
 1187 019e 00       		.byte	0
 1188 019f 00       		.byte	0
 1189 01a0 23       		.uleb128 0x23
 1190 01a1 898201   		.uleb128 0x4109
 1191 01a4 01       		.byte	0x1
 1192 01a5 11       		.uleb128 0x11
 1193 01a6 01       		.uleb128 0x1
 1194 01a7 31       		.uleb128 0x31
 1195 01a8 13       		.uleb128 0x13
 1196 01a9 00       		.byte	0
 1197 01aa 00       		.byte	0
 1198 01ab 24       		.uleb128 0x24
 1199 01ac 05       		.uleb128 0x5
 1200 01ad 00       		.byte	0
 1201 01ae 31       		.uleb128 0x31
 1202 01af 13       		.uleb128 0x13
 1203 01b0 00       		.byte	0
 1204 01b1 00       		.byte	0
 1205 01b2 25       		.uleb128 0x25
 1206 01b3 0B       		.uleb128 0xb
 1207 01b4 01       		.byte	0x1
 1208 01b5 11       		.uleb128 0x11
 1209 01b6 01       		.uleb128 0x1
ARM GAS  C:\Users\g\AppData\Local\Temp\ccqCgqR3.s 			page 29


 1210 01b7 12       		.uleb128 0x12
 1211 01b8 06       		.uleb128 0x6
 1212 01b9 00       		.byte	0
 1213 01ba 00       		.byte	0
 1214 01bb 26       		.uleb128 0x26
 1215 01bc 34       		.uleb128 0x34
 1216 01bd 00       		.byte	0
 1217 01be 31       		.uleb128 0x31
 1218 01bf 13       		.uleb128 0x13
 1219 01c0 02       		.uleb128 0x2
 1220 01c1 17       		.uleb128 0x17
 1221 01c2 00       		.byte	0
 1222 01c3 00       		.byte	0
 1223 01c4 27       		.uleb128 0x27
 1224 01c5 34       		.uleb128 0x34
 1225 01c6 00       		.byte	0
 1226 01c7 31       		.uleb128 0x31
 1227 01c8 13       		.uleb128 0x13
 1228 01c9 1C       		.uleb128 0x1c
 1229 01ca 06       		.uleb128 0x6
 1230 01cb 00       		.byte	0
 1231 01cc 00       		.byte	0
 1232 01cd 28       		.uleb128 0x28
 1233 01ce 1D       		.uleb128 0x1d
 1234 01cf 01       		.byte	0x1
 1235 01d0 31       		.uleb128 0x31
 1236 01d1 13       		.uleb128 0x13
 1237 01d2 52       		.uleb128 0x52
 1238 01d3 01       		.uleb128 0x1
 1239 01d4 55       		.uleb128 0x55
 1240 01d5 17       		.uleb128 0x17
 1241 01d6 58       		.uleb128 0x58
 1242 01d7 0B       		.uleb128 0xb
 1243 01d8 59       		.uleb128 0x59
 1244 01d9 05       		.uleb128 0x5
 1245 01da 00       		.byte	0
 1246 01db 00       		.byte	0
 1247 01dc 29       		.uleb128 0x29
 1248 01dd 2E       		.uleb128 0x2e
 1249 01de 01       		.byte	0x1
 1250 01df 3F       		.uleb128 0x3f
 1251 01e0 19       		.uleb128 0x19
 1252 01e1 03       		.uleb128 0x3
 1253 01e2 0E       		.uleb128 0xe
 1254 01e3 27       		.uleb128 0x27
 1255 01e4 19       		.uleb128 0x19
 1256 01e5 49       		.uleb128 0x49
 1257 01e6 13       		.uleb128 0x13
 1258 01e7 34       		.uleb128 0x34
 1259 01e8 19       		.uleb128 0x19
 1260 01e9 3C       		.uleb128 0x3c
 1261 01ea 19       		.uleb128 0x19
 1262 01eb 01       		.uleb128 0x1
 1263 01ec 13       		.uleb128 0x13
 1264 01ed 00       		.byte	0
 1265 01ee 00       		.byte	0
 1266 01ef 2A       		.uleb128 0x2a
ARM GAS  C:\Users\g\AppData\Local\Temp\ccqCgqR3.s 			page 30


 1267 01f0 05       		.uleb128 0x5
 1268 01f1 00       		.byte	0
 1269 01f2 49       		.uleb128 0x49
 1270 01f3 13       		.uleb128 0x13
 1271 01f4 00       		.byte	0
 1272 01f5 00       		.byte	0
 1273 01f6 2B       		.uleb128 0x2b
 1274 01f7 2E       		.uleb128 0x2e
 1275 01f8 01       		.byte	0x1
 1276 01f9 3F       		.uleb128 0x3f
 1277 01fa 19       		.uleb128 0x19
 1278 01fb 03       		.uleb128 0x3
 1279 01fc 0E       		.uleb128 0xe
 1280 01fd 3A       		.uleb128 0x3a
 1281 01fe 0B       		.uleb128 0xb
 1282 01ff 3B       		.uleb128 0x3b
 1283 0200 0B       		.uleb128 0xb
 1284 0201 27       		.uleb128 0x27
 1285 0202 19       		.uleb128 0x19
 1286 0203 3C       		.uleb128 0x3c
 1287 0204 19       		.uleb128 0x19
 1288 0205 01       		.uleb128 0x1
 1289 0206 13       		.uleb128 0x13
 1290 0207 00       		.byte	0
 1291 0208 00       		.byte	0
 1292 0209 2C       		.uleb128 0x2c
 1293 020a 2E       		.uleb128 0x2e
 1294 020b 01       		.byte	0x1
 1295 020c 3F       		.uleb128 0x3f
 1296 020d 19       		.uleb128 0x19
 1297 020e 03       		.uleb128 0x3
 1298 020f 0E       		.uleb128 0xe
 1299 0210 3A       		.uleb128 0x3a
 1300 0211 0B       		.uleb128 0xb
 1301 0212 3B       		.uleb128 0x3b
 1302 0213 0B       		.uleb128 0xb
 1303 0214 27       		.uleb128 0x27
 1304 0215 19       		.uleb128 0x19
 1305 0216 49       		.uleb128 0x49
 1306 0217 13       		.uleb128 0x13
 1307 0218 3C       		.uleb128 0x3c
 1308 0219 19       		.uleb128 0x19
 1309 021a 01       		.uleb128 0x1
 1310 021b 13       		.uleb128 0x13
 1311 021c 00       		.byte	0
 1312 021d 00       		.byte	0
 1313 021e 2D       		.uleb128 0x2d
 1314 021f 2E       		.uleb128 0x2e
 1315 0220 01       		.byte	0x1
 1316 0221 3F       		.uleb128 0x3f
 1317 0222 19       		.uleb128 0x19
 1318 0223 03       		.uleb128 0x3
 1319 0224 0E       		.uleb128 0xe
 1320 0225 3A       		.uleb128 0x3a
 1321 0226 0B       		.uleb128 0xb
 1322 0227 3B       		.uleb128 0x3b
 1323 0228 0B       		.uleb128 0xb
ARM GAS  C:\Users\g\AppData\Local\Temp\ccqCgqR3.s 			page 31


 1324 0229 27       		.uleb128 0x27
 1325 022a 19       		.uleb128 0x19
 1326 022b 3C       		.uleb128 0x3c
 1327 022c 19       		.uleb128 0x19
 1328 022d 00       		.byte	0
 1329 022e 00       		.byte	0
 1330 022f 00       		.byte	0
 1331              		.section	.debug_loc,"",%progbits
 1332              	.Ldebug_loc0:
 1333              	.LLST0:
 1334 0000 04000000 		.4byte	.LVL0
 1335 0004 10000000 		.4byte	.LVL1
 1336 0008 0200     		.2byte	0x2
 1337 000a 30       		.byte	0x30
 1338 000b 9F       		.byte	0x9f
 1339 000c 10000000 		.4byte	.LVL1
 1340 0010 1C000000 		.4byte	.LVL2
 1341 0014 0200     		.2byte	0x2
 1342 0016 31       		.byte	0x31
 1343 0017 9F       		.byte	0x9f
 1344 0018 1C000000 		.4byte	.LVL2
 1345 001c 30010000 		.4byte	.LFE6
 1346 0020 0200     		.2byte	0x2
 1347 0022 32       		.byte	0x32
 1348 0023 9F       		.byte	0x9f
 1349 0024 00000000 		.4byte	0
 1350 0028 00000000 		.4byte	0
 1351              	.LLST1:
 1352 002c 04000000 		.4byte	.LVL0
 1353 0030 10000000 		.4byte	.LVL1
 1354 0034 0600     		.2byte	0x6
 1355 0036 F2       		.byte	0xf2
 1356 0037 2D020000 		.4byte	.Ldebug_info0+557
 1357 003b 00       		.sleb128 0
 1358 003c 10000000 		.4byte	.LVL1
 1359 0040 30010000 		.4byte	.LFE6
 1360 0044 0600     		.2byte	0x6
 1361 0046 F2       		.byte	0xf2
 1362 0047 2D020000 		.4byte	.Ldebug_info0+557
 1363 004b 06       		.sleb128 6
 1364 004c 00000000 		.4byte	0
 1365 0050 00000000 		.4byte	0
 1366              	.LLST2:
 1367 0054 04000000 		.4byte	.LVL0
 1368 0058 10000000 		.4byte	.LVL1
 1369 005c 0600     		.2byte	0x6
 1370 005e 0C       		.byte	0xc
 1371 005f 00300F40 		.4byte	0x400f3000
 1372 0063 9F       		.byte	0x9f
 1373 0064 10000000 		.4byte	.LVL1
 1374 0068 30010000 		.4byte	.LFE6
 1375 006c 0600     		.2byte	0x6
 1376 006e 0C       		.byte	0xc
 1377 006f 00400F40 		.4byte	0x400f4000
 1378 0073 9F       		.byte	0x9f
 1379 0074 00000000 		.4byte	0
 1380 0078 00000000 		.4byte	0
ARM GAS  C:\Users\g\AppData\Local\Temp\ccqCgqR3.s 			page 32


 1381              	.LLST3:
 1382 007c 1C000000 		.4byte	.LVL2
 1383 0080 32000000 		.4byte	.LVL4
 1384 0084 0200     		.2byte	0x2
 1385 0086 30       		.byte	0x30
 1386 0087 9F       		.byte	0x9f
 1387 0088 32000000 		.4byte	.LVL4
 1388 008c 30010000 		.4byte	.LFE6
 1389 0090 0200     		.2byte	0x2
 1390 0092 31       		.byte	0x31
 1391 0093 9F       		.byte	0x9f
 1392 0094 00000000 		.4byte	0
 1393 0098 00000000 		.4byte	0
 1394              	.LLST4:
 1395 009c 1C000000 		.4byte	.LVL2
 1396 00a0 1E000000 		.4byte	.LVL3
 1397 00a4 0200     		.2byte	0x2
 1398 00a6 30       		.byte	0x30
 1399 00a7 9F       		.byte	0x9f
 1400 00a8 00000000 		.4byte	0
 1401 00ac 00000000 		.4byte	0
 1402              	.LLST5:
 1403 00b0 1C000000 		.4byte	.LVL2
 1404 00b4 1E000000 		.4byte	.LVL3
 1405 00b8 0200     		.2byte	0x2
 1406 00ba 37       		.byte	0x37
 1407 00bb 9F       		.byte	0x9f
 1408 00bc 00000000 		.4byte	0
 1409 00c0 00000000 		.4byte	0
 1410              		.section	.debug_aranges,"",%progbits
 1411 0000 1C000000 		.4byte	0x1c
 1412 0004 0200     		.2byte	0x2
 1413 0006 00000000 		.4byte	.Ldebug_info0
 1414 000a 04       		.byte	0x4
 1415 000b 00       		.byte	0
 1416 000c 0000     		.2byte	0
 1417 000e 0000     		.2byte	0
 1418 0010 00000000 		.4byte	.LFB6
 1419 0014 30010000 		.4byte	.LFE6-.LFB6
 1420 0018 00000000 		.4byte	0
 1421 001c 00000000 		.4byte	0
 1422              		.section	.debug_ranges,"",%progbits
 1423              	.Ldebug_ranges0:
 1424 0000 04000000 		.4byte	.LBB16
 1425 0004 52000000 		.4byte	.LBE16
 1426 0008 52000000 		.4byte	.LBB23
 1427 000c 62000000 		.4byte	.LBE23
 1428 0010 64000000 		.4byte	.LBB29
 1429 0014 66000000 		.4byte	.LBE29
 1430 0018 68000000 		.4byte	.LBB31
 1431 001c 6C000000 		.4byte	.LBE31
 1432 0020 00000000 		.4byte	0
 1433 0024 00000000 		.4byte	0
 1434 0028 62000000 		.4byte	.LBB24
 1435 002c 64000000 		.4byte	.LBE24
 1436 0030 66000000 		.4byte	.LBB30
 1437 0034 68000000 		.4byte	.LBE30
ARM GAS  C:\Users\g\AppData\Local\Temp\ccqCgqR3.s 			page 33


 1438 0038 6E000000 		.4byte	.LBB32
 1439 003c 70000000 		.4byte	.LBE32
 1440 0040 7C000000 		.4byte	.LBB33
 1441 0044 C4000000 		.4byte	.LBE33
 1442 0048 00000000 		.4byte	0
 1443 004c 00000000 		.4byte	0
 1444 0050 00000000 		.4byte	.LFB6
 1445 0054 30010000 		.4byte	.LFE6
 1446 0058 00000000 		.4byte	0
 1447 005c 00000000 		.4byte	0
 1448              		.section	.debug_line,"",%progbits
 1449              	.Ldebug_line0:
 1450 0000 4C010000 		.section	.debug_str,"MS",%progbits,1
 1450      0200D600 
 1450      00000201 
 1450      FB0E0D00 
 1450      01010101 
 1451              	.LASF18:
 1452 0000 72656733 		.ascii	"reg32\000"
 1452      3200
 1453              	.LASF11:
 1454 0006 73697A65 		.ascii	"size_t\000"
 1454      5F7400
 1455              	.LASF39:
 1456 000d 474E5520 		.ascii	"GNU C 4.9.3 20150303 (release) [ARM/embedded-4_9-br"
 1456      4320342E 
 1456      392E3320 
 1456      32303135 
 1456      30333033 
 1457 0040 616E6368 		.ascii	"anch revision 221220] -mcpu=cortex-m0 -mthumb -g -O"
 1457      20726576 
 1457      6973696F 
 1457      6E203232 
 1457      31323230 
 1458 0073 73202D66 		.ascii	"s -ffunction-sections -ffat-lto-objects\000"
 1458      66756E63 
 1458      74696F6E 
 1458      2D736563 
 1458      74696F6E 
 1459              	.LASF43:
 1460 009b 4379496E 		.ascii	"CyIntSetVector\000"
 1460      74536574 
 1460      56656374 
 1460      6F7200
 1461              	.LASF21:
 1462 00aa 76616C75 		.ascii	"value\000"
 1462      6500
 1463              	.LASF26:
 1464 00b0 636F756E 		.ascii	"count\000"
 1464      7400
 1465              	.LASF30:
 1466 00b6 436C6F63 		.ascii	"ClockSetup\000"
 1466      6B536574 
 1466      757000
 1467              	.LASF31:
 1468 00c1 63795F63 		.ascii	"cy_cfg_addr_table\000"
 1468      66675F61 
ARM GAS  C:\Users\g\AppData\Local\Temp\ccqCgqR3.s 			page 34


 1468      6464725F 
 1468      7461626C 
 1468      6500
 1469              	.LASF32:
 1470 00d3 63795F63 		.ascii	"cy_cfg_data_table\000"
 1470      66675F64 
 1470      6174615F 
 1470      7461626C 
 1470      6500
 1471              	.LASF41:
 1472 00e5 443A5C63 		.ascii	"D:\\code\\cypress\\Tarocco\\cncboot.cydsn\000"
 1472      6F64655C 
 1472      63797072 
 1472      6573735C 
 1472      5461726F 
 1473              	.LASF15:
 1474 010b 666C6F61 		.ascii	"float\000"
 1474      7400
 1475              	.LASF36:
 1476 0111 6366675F 		.ascii	"cfg_memset_list\000"
 1476      6D656D73 
 1476      65745F6C 
 1476      69737400 
 1477              	.LASF34:
 1478 0121 73697A65 		.ascii	"size\000"
 1478      00
 1479              	.LASF17:
 1480 0126 72656738 		.ascii	"reg8\000"
 1480      00
 1481              	.LASF6:
 1482 012b 6C6F6E67 		.ascii	"long unsigned int\000"
 1482      20756E73 
 1482      69676E65 
 1482      6420696E 
 1482      7400
 1483              	.LASF12:
 1484 013d 75696E74 		.ascii	"uint8\000"
 1484      3800
 1485              	.LASF28:
 1486 0143 43594D45 		.ascii	"CYMEMZERO\000"
 1486      4D5A4552 
 1486      4F00
 1487              	.LASF2:
 1488 014d 756E7369 		.ascii	"unsigned char\000"
 1488      676E6564 
 1488      20636861 
 1488      7200
 1489              	.LASF37:
 1490 015b 6D656D73 		.ascii	"memset\000"
 1490      657400
 1491              	.LASF16:
 1492 0162 646F7562 		.ascii	"double\000"
 1492      6C6500
 1493              	.LASF27:
 1494 0169 6366675F 		.ascii	"cfg_write_bytes32\000"
 1494      77726974 
 1494      655F6279 
ARM GAS  C:\Users\g\AppData\Local\Temp\ccqCgqR3.s 			page 35


 1494      74657333 
 1494      3200
 1495              	.LASF44:
 1496 017b 4379496E 		.ascii	"CyIntEnable\000"
 1496      74456E61 
 1496      626C6500 
 1497              	.LASF23:
 1498 0187 61646472 		.ascii	"addr_table\000"
 1498      5F746162 
 1498      6C6500
 1499              	.LASF13:
 1500 0192 75696E74 		.ascii	"uint16\000"
 1500      313600
 1501              	.LASF24:
 1502 0199 64617461 		.ascii	"data_table\000"
 1502      5F746162 
 1502      6C6500
 1503              	.LASF14:
 1504 01a4 75696E74 		.ascii	"uint32\000"
 1504      333200
 1505              	.LASF0:
 1506 01ab 756E7369 		.ascii	"unsigned int\000"
 1506      676E6564 
 1506      20696E74 
 1506      00
 1507              	.LASF29:
 1508 01b8 416E616C 		.ascii	"AnalogSetDefault\000"
 1508      6F675365 
 1508      74446566 
 1508      61756C74 
 1508      00
 1509              	.LASF33:
 1510 01c9 61646472 		.ascii	"address\000"
 1510      65737300 
 1511              	.LASF8:
 1512 01d1 6C6F6E67 		.ascii	"long long unsigned int\000"
 1512      206C6F6E 
 1512      6720756E 
 1512      7369676E 
 1512      65642069 
 1513              	.LASF19:
 1514 01e8 63796973 		.ascii	"cyisraddress\000"
 1514      72616464 
 1514      72657373 
 1514      00
 1515              	.LASF35:
 1516 01f5 6366675F 		.ascii	"cfg_memset_t\000"
 1516      6D656D73 
 1516      65745F74 
 1516      00
 1517              	.LASF25:
 1518 0202 62617365 		.ascii	"baseAddr\000"
 1518      41646472 
 1518      00
 1519              	.LASF9:
 1520 020b 73697A65 		.ascii	"sizetype\000"
 1520      74797065 
ARM GAS  C:\Users\g\AppData\Local\Temp\ccqCgqR3.s 			page 36


 1520      00
 1521              	.LASF4:
 1522 0214 73686F72 		.ascii	"short unsigned int\000"
 1522      7420756E 
 1522      7369676E 
 1522      65642069 
 1522      6E7400
 1523              	.LASF7:
 1524 0227 6C6F6E67 		.ascii	"long long int\000"
 1524      206C6F6E 
 1524      6720696E 
 1524      7400
 1525              	.LASF10:
 1526 0235 63686172 		.ascii	"char\000"
 1526      00
 1527              	.LASF22:
 1528 023a 63795F63 		.ascii	"cy_cfg_addrvalue_t\000"
 1528      66675F61 
 1528      64647276 
 1528      616C7565 
 1528      5F7400
 1529              	.LASF20:
 1530 024d 6F666673 		.ascii	"offset\000"
 1530      657400
 1531              	.LASF3:
 1532 0254 73686F72 		.ascii	"short int\000"
 1532      7420696E 
 1532      7400
 1533              	.LASF38:
 1534 025e 43795379 		.ascii	"CySysClkWriteImoFreq\000"
 1534      73436C6B 
 1534      57726974 
 1534      65496D6F 
 1534      46726571 
 1535              	.LASF42:
 1536 0273 63796669 		.ascii	"cyfitter_cfg\000"
 1536      74746572 
 1536      5F636667 
 1536      00
 1537              	.LASF5:
 1538 0280 6C6F6E67 		.ascii	"long int\000"
 1538      20696E74 
 1538      00
 1539              	.LASF1:
 1540 0289 7369676E 		.ascii	"signed char\000"
 1540      65642063 
 1540      68617200 
 1541              	.LASF40:
 1542 0295 47656E65 		.ascii	"Generated_Source\\PSoC4\\cyfitter_cfg.c\000"
 1542      72617465 
 1542      645F536F 
 1542      75726365 
 1542      5C50536F 
 1543              		.ident	"GCC: (GNU Tools for ARM Embedded Processors) 4.9.3 20150303 (release) [ARM/embedded-4_9-br
