ARM GAS  C:\Users\g\AppData\Local\Temp\ccRUlN8Y.s 			page 1


   1              		.cpu cortex-m0
   2              		.fpu softvfp
   3              		.eabi_attribute 20, 1
   4              		.eabi_attribute 21, 1
   5              		.eabi_attribute 23, 3
   6              		.eabi_attribute 24, 1
   7              		.eabi_attribute 25, 1
   8              		.eabi_attribute 26, 1
   9              		.eabi_attribute 30, 1
  10              		.eabi_attribute 34, 0
  11              		.eabi_attribute 18, 4
  12              		.code	16
  13              		.file	"cymetadata.c"
  14              		.text
  15              	.Ltext0:
  16              		.cfi_sections	.debug_frame
  17              		.global	cy_meta_chipprotect
  18              		.global	cy_metadata
  19              		.global	cy_meta_flashprotect
  20              		.global	cy_meta_loader
  21              		.section	.cyloadermeta,"a",%progbits
  22              		.align	2
  23              		.type	cy_meta_loader, %object
  24              		.size	cy_meta_loader, 64
  25              	cy_meta_loader:
  26 0000 00       		.byte	0
  27 0001 00       		.byte	0
  28 0002 00       		.byte	0
  29 0003 00       		.byte	0
  30 0004 00       		.byte	0
  31 0005 00       		.byte	0
  32 0006 00       		.byte	0
  33 0007 00       		.byte	0
  34 0008 00       		.byte	0
  35 0009 00       		.byte	0
  36 000a 00       		.byte	0
  37 000b 00       		.byte	0
  38 000c 00       		.byte	0
  39 000d 00       		.byte	0
  40 000e 00       		.byte	0
  41 000f 00       		.byte	0
  42 0010 00       		.byte	0
  43 0011 00       		.byte	0
  44 0012 00       		.byte	0
  45 0013 00       		.byte	0
  46 0014 01       		.byte	1
  47 0015 00       		.byte	0
  48 0016 00       		.byte	0
  49 0017 00       		.byte	0
  50 0018 00       		.byte	0
  51 0019 00       		.byte	0
  52 001a 00       		.byte	0
  53 001b 00       		.byte	0
  54 001c 00       		.byte	0
  55 001d 00       		.byte	0
  56 001e 00       		.byte	0
  57 001f 00       		.byte	0
ARM GAS  C:\Users\g\AppData\Local\Temp\ccRUlN8Y.s 			page 2


  58 0020 00       		.byte	0
  59 0021 00       		.byte	0
  60 0022 00       		.byte	0
  61 0023 00       		.byte	0
  62 0024 00       		.byte	0
  63 0025 00       		.byte	0
  64 0026 00       		.byte	0
  65 0027 00       		.byte	0
  66 0028 00       		.byte	0
  67 0029 00       		.byte	0
  68 002a 00       		.byte	0
  69 002b 00       		.byte	0
  70 002c 00       		.byte	0
  71 002d 00       		.byte	0
  72 002e 00       		.byte	0
  73 002f 00       		.byte	0
  74 0030 00       		.byte	0
  75 0031 00       		.byte	0
  76 0032 00       		.byte	0
  77 0033 00       		.byte	0
  78 0034 00       		.byte	0
  79 0035 00       		.byte	0
  80 0036 00       		.byte	0
  81 0037 00       		.byte	0
  82 0038 00       		.byte	0
  83 0039 00       		.byte	0
  84 003a 00       		.byte	0
  85 003b 00       		.byte	0
  86 003c 00       		.byte	0
  87 003d 00       		.byte	0
  88 003e 00       		.byte	0
  89 003f 00       		.byte	0
  90              		.section	.cychipprotect,"a",%progbits
  91              		.align	2
  92              		.type	cy_meta_chipprotect, %object
  93              		.size	cy_meta_chipprotect, 1
  94              	cy_meta_chipprotect:
  95 0000 01       		.byte	1
  96 0001 000000   		.section	.cymeta,"a",%progbits
  97              		.align	2
  98              		.type	cy_metadata, %object
  99              		.size	cy_metadata, 12
 100              	cy_metadata:
 101 0000 00       		.byte	0
 102 0001 02       		.byte	2
 103 0002 04       		.byte	4
 104 0003 A6       		.byte	-90
 105 0004 11       		.byte	17
 106 0005 93       		.byte	-109
 107 0006 11       		.byte	17
 108 0007 00       		.byte	0
 109 0008 00       		.byte	0
 110 0009 00       		.byte	0
 111 000a 00       		.byte	0
 112 000b 00       		.byte	0
 113              		.section	.cyflashprotect,"a",%progbits
 114              		.align	2
ARM GAS  C:\Users\g\AppData\Local\Temp\ccRUlN8Y.s 			page 3


 115              		.type	cy_meta_flashprotect, %object
 116              		.size	cy_meta_flashprotect, 32
 117              	cy_meta_flashprotect:
 118 0000 00000000 		.space	32
 118      00000000 
 118      00000000 
 118      00000000 
 118      00000000 
 119              		.text
 120              	.Letext0:
 121              		.file 1 "Generated_Source\\PSoC4\\cymetadata.c"
 122              		.file 2 "Generated_Source\\PSoC4\\cytypes.h"
 123              		.section	.debug_info,"",%progbits
 124              	.Ldebug_info0:
 125 0000 20010000 		.4byte	0x120
 126 0004 0400     		.2byte	0x4
 127 0006 00000000 		.4byte	.Ldebug_abbrev0
 128 000a 04       		.byte	0x4
 129 000b 01       		.uleb128 0x1
 130 000c 15010000 		.4byte	.LASF17
 131 0010 01       		.byte	0x1
 132 0011 43000000 		.4byte	.LASF18
 133 0015 E3000000 		.4byte	.LASF19
 134 0019 00000000 		.4byte	.Ldebug_line0
 135 001d 02       		.uleb128 0x2
 136 001e 01       		.byte	0x1
 137 001f 06       		.byte	0x6
 138 0020 BC010000 		.4byte	.LASF0
 139 0024 02       		.uleb128 0x2
 140 0025 01       		.byte	0x1
 141 0026 08       		.byte	0x8
 142 0027 35000000 		.4byte	.LASF1
 143 002b 02       		.uleb128 0x2
 144 002c 02       		.byte	0x2
 145 002d 05       		.byte	0x5
 146 002e A3010000 		.4byte	.LASF2
 147 0032 02       		.uleb128 0x2
 148 0033 02       		.byte	0x2
 149 0034 07       		.byte	0x7
 150 0035 79000000 		.4byte	.LASF3
 151 0039 02       		.uleb128 0x2
 152 003a 04       		.byte	0x4
 153 003b 05       		.byte	0x5
 154 003c B3010000 		.4byte	.LASF4
 155 0040 02       		.uleb128 0x2
 156 0041 04       		.byte	0x4
 157 0042 07       		.byte	0x7
 158 0043 67000000 		.4byte	.LASF5
 159 0047 02       		.uleb128 0x2
 160 0048 08       		.byte	0x8
 161 0049 05       		.byte	0x5
 162 004a D5000000 		.4byte	.LASF6
 163 004e 02       		.uleb128 0x2
 164 004f 08       		.byte	0x8
 165 0050 07       		.byte	0x7
 166 0051 A0000000 		.4byte	.LASF7
 167 0055 03       		.uleb128 0x3
ARM GAS  C:\Users\g\AppData\Local\Temp\ccRUlN8Y.s 			page 4


 168 0056 04       		.byte	0x4
 169 0057 05       		.byte	0x5
 170 0058 696E7400 		.ascii	"int\000"
 171 005c 02       		.uleb128 0x2
 172 005d 04       		.byte	0x4
 173 005e 07       		.byte	0x7
 174 005f 93000000 		.4byte	.LASF8
 175 0063 04       		.uleb128 0x4
 176 0064 AD010000 		.4byte	.LASF20
 177 0068 02       		.byte	0x2
 178 0069 9801     		.2byte	0x198
 179 006b 24000000 		.4byte	0x24
 180 006f 02       		.uleb128 0x2
 181 0070 04       		.byte	0x4
 182 0071 04       		.byte	0x4
 183 0072 2F000000 		.4byte	.LASF9
 184 0076 02       		.uleb128 0x2
 185 0077 08       		.byte	0x8
 186 0078 04       		.byte	0x4
 187 0079 8C000000 		.4byte	.LASF10
 188 007d 02       		.uleb128 0x2
 189 007e 01       		.byte	0x1
 190 007f 08       		.byte	0x8
 191 0080 10010000 		.4byte	.LASF11
 192 0084 05       		.uleb128 0x5
 193 0085 63000000 		.4byte	0x63
 194 0089 94000000 		.4byte	0x94
 195 008d 06       		.uleb128 0x6
 196 008e 94000000 		.4byte	0x94
 197 0092 3F       		.byte	0x3f
 198 0093 00       		.byte	0
 199 0094 02       		.uleb128 0x2
 200 0095 04       		.byte	0x4
 201 0096 07       		.byte	0x7
 202 0097 CC000000 		.4byte	.LASF12
 203 009b 07       		.uleb128 0x7
 204 009c 14000000 		.4byte	.LASF13
 205 00a0 01       		.byte	0x1
 206 00a1 1F       		.byte	0x1f
 207 00a2 AC000000 		.4byte	0xac
 208 00a6 05       		.uleb128 0x5
 209 00a7 03       		.byte	0x3
 210 00a8 00000000 		.4byte	cy_meta_loader
 211 00ac 08       		.uleb128 0x8
 212 00ad 84000000 		.4byte	0x84
 213 00b1 05       		.uleb128 0x5
 214 00b2 63000000 		.4byte	0x63
 215 00b6 C1000000 		.4byte	0xc1
 216 00ba 06       		.uleb128 0x6
 217 00bb 94000000 		.4byte	0x94
 218 00bf 1F       		.byte	0x1f
 219 00c0 00       		.byte	0
 220 00c1 07       		.uleb128 0x7
 221 00c2 B7000000 		.4byte	.LASF14
 222 00c6 01       		.byte	0x1
 223 00c7 34       		.byte	0x34
 224 00c8 D2000000 		.4byte	0xd2
ARM GAS  C:\Users\g\AppData\Local\Temp\ccRUlN8Y.s 			page 5


 225 00cc 05       		.uleb128 0x5
 226 00cd 03       		.byte	0x3
 227 00ce 00000000 		.4byte	cy_meta_flashprotect
 228 00d2 08       		.uleb128 0x8
 229 00d3 B1000000 		.4byte	0xb1
 230 00d7 05       		.uleb128 0x5
 231 00d8 63000000 		.4byte	0x63
 232 00dc E7000000 		.4byte	0xe7
 233 00e0 06       		.uleb128 0x6
 234 00e1 94000000 		.4byte	0x94
 235 00e5 0B       		.byte	0xb
 236 00e6 00       		.byte	0
 237 00e7 07       		.uleb128 0x7
 238 00e8 23000000 		.4byte	.LASF15
 239 00ec 01       		.byte	0x1
 240 00ed 45       		.byte	0x45
 241 00ee F8000000 		.4byte	0xf8
 242 00f2 05       		.uleb128 0x5
 243 00f3 03       		.byte	0x3
 244 00f4 00000000 		.4byte	cy_metadata
 245 00f8 08       		.uleb128 0x8
 246 00f9 D7000000 		.4byte	0xd7
 247 00fd 05       		.uleb128 0x5
 248 00fe 63000000 		.4byte	0x63
 249 0102 0D010000 		.4byte	0x10d
 250 0106 06       		.uleb128 0x6
 251 0107 94000000 		.4byte	0x94
 252 010b 00       		.byte	0
 253 010c 00       		.byte	0
 254 010d 07       		.uleb128 0x7
 255 010e 00000000 		.4byte	.LASF16
 256 0112 01       		.byte	0x1
 257 0113 54       		.byte	0x54
 258 0114 1E010000 		.4byte	0x11e
 259 0118 05       		.uleb128 0x5
 260 0119 03       		.byte	0x3
 261 011a 00000000 		.4byte	cy_meta_chipprotect
 262 011e 08       		.uleb128 0x8
 263 011f FD000000 		.4byte	0xfd
 264 0123 00       		.byte	0
 265              		.section	.debug_abbrev,"",%progbits
 266              	.Ldebug_abbrev0:
 267 0000 01       		.uleb128 0x1
 268 0001 11       		.uleb128 0x11
 269 0002 01       		.byte	0x1
 270 0003 25       		.uleb128 0x25
 271 0004 0E       		.uleb128 0xe
 272 0005 13       		.uleb128 0x13
 273 0006 0B       		.uleb128 0xb
 274 0007 03       		.uleb128 0x3
 275 0008 0E       		.uleb128 0xe
 276 0009 1B       		.uleb128 0x1b
 277 000a 0E       		.uleb128 0xe
 278 000b 10       		.uleb128 0x10
 279 000c 17       		.uleb128 0x17
 280 000d 00       		.byte	0
 281 000e 00       		.byte	0
ARM GAS  C:\Users\g\AppData\Local\Temp\ccRUlN8Y.s 			page 6


 282 000f 02       		.uleb128 0x2
 283 0010 24       		.uleb128 0x24
 284 0011 00       		.byte	0
 285 0012 0B       		.uleb128 0xb
 286 0013 0B       		.uleb128 0xb
 287 0014 3E       		.uleb128 0x3e
 288 0015 0B       		.uleb128 0xb
 289 0016 03       		.uleb128 0x3
 290 0017 0E       		.uleb128 0xe
 291 0018 00       		.byte	0
 292 0019 00       		.byte	0
 293 001a 03       		.uleb128 0x3
 294 001b 24       		.uleb128 0x24
 295 001c 00       		.byte	0
 296 001d 0B       		.uleb128 0xb
 297 001e 0B       		.uleb128 0xb
 298 001f 3E       		.uleb128 0x3e
 299 0020 0B       		.uleb128 0xb
 300 0021 03       		.uleb128 0x3
 301 0022 08       		.uleb128 0x8
 302 0023 00       		.byte	0
 303 0024 00       		.byte	0
 304 0025 04       		.uleb128 0x4
 305 0026 16       		.uleb128 0x16
 306 0027 00       		.byte	0
 307 0028 03       		.uleb128 0x3
 308 0029 0E       		.uleb128 0xe
 309 002a 3A       		.uleb128 0x3a
 310 002b 0B       		.uleb128 0xb
 311 002c 3B       		.uleb128 0x3b
 312 002d 05       		.uleb128 0x5
 313 002e 49       		.uleb128 0x49
 314 002f 13       		.uleb128 0x13
 315 0030 00       		.byte	0
 316 0031 00       		.byte	0
 317 0032 05       		.uleb128 0x5
 318 0033 01       		.uleb128 0x1
 319 0034 01       		.byte	0x1
 320 0035 49       		.uleb128 0x49
 321 0036 13       		.uleb128 0x13
 322 0037 01       		.uleb128 0x1
 323 0038 13       		.uleb128 0x13
 324 0039 00       		.byte	0
 325 003a 00       		.byte	0
 326 003b 06       		.uleb128 0x6
 327 003c 21       		.uleb128 0x21
 328 003d 00       		.byte	0
 329 003e 49       		.uleb128 0x49
 330 003f 13       		.uleb128 0x13
 331 0040 2F       		.uleb128 0x2f
 332 0041 0B       		.uleb128 0xb
 333 0042 00       		.byte	0
 334 0043 00       		.byte	0
 335 0044 07       		.uleb128 0x7
 336 0045 34       		.uleb128 0x34
 337 0046 00       		.byte	0
 338 0047 03       		.uleb128 0x3
ARM GAS  C:\Users\g\AppData\Local\Temp\ccRUlN8Y.s 			page 7


 339 0048 0E       		.uleb128 0xe
 340 0049 3A       		.uleb128 0x3a
 341 004a 0B       		.uleb128 0xb
 342 004b 3B       		.uleb128 0x3b
 343 004c 0B       		.uleb128 0xb
 344 004d 49       		.uleb128 0x49
 345 004e 13       		.uleb128 0x13
 346 004f 3F       		.uleb128 0x3f
 347 0050 19       		.uleb128 0x19
 348 0051 02       		.uleb128 0x2
 349 0052 18       		.uleb128 0x18
 350 0053 00       		.byte	0
 351 0054 00       		.byte	0
 352 0055 08       		.uleb128 0x8
 353 0056 26       		.uleb128 0x26
 354 0057 00       		.byte	0
 355 0058 49       		.uleb128 0x49
 356 0059 13       		.uleb128 0x13
 357 005a 00       		.byte	0
 358 005b 00       		.byte	0
 359 005c 00       		.byte	0
 360              		.section	.debug_aranges,"",%progbits
 361 0000 14000000 		.4byte	0x14
 362 0004 0200     		.2byte	0x2
 363 0006 00000000 		.4byte	.Ldebug_info0
 364 000a 04       		.byte	0x4
 365 000b 00       		.byte	0
 366 000c 0000     		.2byte	0
 367 000e 0000     		.2byte	0
 368 0010 00000000 		.4byte	0
 369 0014 00000000 		.4byte	0
 370              		.section	.debug_line,"",%progbits
 371              	.Ldebug_line0:
 372 0000 4D000000 		.section	.debug_str,"MS",%progbits,1
 372      02004700 
 372      00000201 
 372      FB0E0D00 
 372      01010101 
 373              	.LASF16:
 374 0000 63795F6D 		.ascii	"cy_meta_chipprotect\000"
 374      6574615F 
 374      63686970 
 374      70726F74 
 374      65637400 
 375              	.LASF13:
 376 0014 63795F6D 		.ascii	"cy_meta_loader\000"
 376      6574615F 
 376      6C6F6164 
 376      657200
 377              	.LASF15:
 378 0023 63795F6D 		.ascii	"cy_metadata\000"
 378      65746164 
 378      61746100 
 379              	.LASF9:
 380 002f 666C6F61 		.ascii	"float\000"
 380      7400
 381              	.LASF1:
ARM GAS  C:\Users\g\AppData\Local\Temp\ccRUlN8Y.s 			page 8


 382 0035 756E7369 		.ascii	"unsigned char\000"
 382      676E6564 
 382      20636861 
 382      7200
 383              	.LASF18:
 384 0043 47656E65 		.ascii	"Generated_Source\\PSoC4\\cymetadata.c\000"
 384      72617465 
 384      645F536F 
 384      75726365 
 384      5C50536F 
 385              	.LASF5:
 386 0067 6C6F6E67 		.ascii	"long unsigned int\000"
 386      20756E73 
 386      69676E65 
 386      6420696E 
 386      7400
 387              	.LASF3:
 388 0079 73686F72 		.ascii	"short unsigned int\000"
 388      7420756E 
 388      7369676E 
 388      65642069 
 388      6E7400
 389              	.LASF10:
 390 008c 646F7562 		.ascii	"double\000"
 390      6C6500
 391              	.LASF8:
 392 0093 756E7369 		.ascii	"unsigned int\000"
 392      676E6564 
 392      20696E74 
 392      00
 393              	.LASF7:
 394 00a0 6C6F6E67 		.ascii	"long long unsigned int\000"
 394      206C6F6E 
 394      6720756E 
 394      7369676E 
 394      65642069 
 395              	.LASF14:
 396 00b7 63795F6D 		.ascii	"cy_meta_flashprotect\000"
 396      6574615F 
 396      666C6173 
 396      6870726F 
 396      74656374 
 397              	.LASF12:
 398 00cc 73697A65 		.ascii	"sizetype\000"
 398      74797065 
 398      00
 399              	.LASF6:
 400 00d5 6C6F6E67 		.ascii	"long long int\000"
 400      206C6F6E 
 400      6720696E 
 400      7400
 401              	.LASF19:
 402 00e3 443A5C63 		.ascii	"D:\\code\\cypress\\SCB_Bootloader\\cncboot.cydsn\000"
 402      6F64655C 
 402      63797072 
 402      6573735C 
 402      5343425F 
ARM GAS  C:\Users\g\AppData\Local\Temp\ccRUlN8Y.s 			page 9


 403              	.LASF11:
 404 0110 63686172 		.ascii	"char\000"
 404      00
 405              	.LASF17:
 406 0115 474E5520 		.ascii	"GNU C 4.9.3 20150303 (release) [ARM/embedded-4_9-br"
 406      4320342E 
 406      392E3320 
 406      32303135 
 406      30333033 
 407 0148 616E6368 		.ascii	"anch revision 221220] -mcpu=cortex-m0 -mthumb -g -O"
 407      20726576 
 407      6973696F 
 407      6E203232 
 407      31323230 
 408 017b 67202D66 		.ascii	"g -ffunction-sections -ffat-lto-objects\000"
 408      66756E63 
 408      74696F6E 
 408      2D736563 
 408      74696F6E 
 409              	.LASF2:
 410 01a3 73686F72 		.ascii	"short int\000"
 410      7420696E 
 410      7400
 411              	.LASF20:
 412 01ad 75696E74 		.ascii	"uint8\000"
 412      3800
 413              	.LASF4:
 414 01b3 6C6F6E67 		.ascii	"long int\000"
 414      20696E74 
 414      00
 415              	.LASF0:
 416 01bc 7369676E 		.ascii	"signed char\000"
 416      65642063 
 416      68617200 
 417              		.ident	"GCC: (GNU Tools for ARM Embedded Processors) 4.9.3 20150303 (release) [ARM/embedded-4_9-br
