ARM GAS  C:\Users\g\AppData\Local\Temp\ccsf8VBg.s 			page 1


   1              		.cpu cortex-m0
   2              		.fpu softvfp
   3              		.eabi_attribute 20, 1
   4              		.eabi_attribute 21, 1
   5              		.eabi_attribute 23, 3
   6              		.eabi_attribute 24, 1
   7              		.eabi_attribute 25, 1
   8              		.eabi_attribute 26, 1
   9              		.eabi_attribute 30, 1
  10              		.eabi_attribute 34, 0
  11              		.eabi_attribute 18, 4
  12              		.code	16
  13              		.file	"UART_1_UART_BOOT.c"
  14              		.text
  15              	.Ltext0:
  16              		.cfi_sections	.debug_frame
  17              		.section	.text.UART_1_UartCyBtldrCommStart,"ax",%progbits
  18              		.align	2
  19              		.global	UART_1_UartCyBtldrCommStart
  20              		.code	16
  21              		.thumb_func
  22              		.type	UART_1_UartCyBtldrCommStart, %function
  23              	UART_1_UartCyBtldrCommStart:
  24              	.LFB0:
  25              		.file 1 ".\\Generated_Source\\PSoC4\\UART_1_UART_BOOT.c"
   1:.\Generated_Source\PSoC4/UART_1_UART_BOOT.c **** /***************************************************************************//**
   2:.\Generated_Source\PSoC4/UART_1_UART_BOOT.c **** * \file UART_1_UART_BOOT.c
   3:.\Generated_Source\PSoC4/UART_1_UART_BOOT.c **** * \version 3.20
   4:.\Generated_Source\PSoC4/UART_1_UART_BOOT.c **** *
   5:.\Generated_Source\PSoC4/UART_1_UART_BOOT.c **** * \brief
   6:.\Generated_Source\PSoC4/UART_1_UART_BOOT.c **** *  This file provides the source code of the bootloader communication APIs
   7:.\Generated_Source\PSoC4/UART_1_UART_BOOT.c **** *  for the SCB Component UART mode.
   8:.\Generated_Source\PSoC4/UART_1_UART_BOOT.c **** *
   9:.\Generated_Source\PSoC4/UART_1_UART_BOOT.c **** * Note:
  10:.\Generated_Source\PSoC4/UART_1_UART_BOOT.c **** *
  11:.\Generated_Source\PSoC4/UART_1_UART_BOOT.c **** ********************************************************************************
  12:.\Generated_Source\PSoC4/UART_1_UART_BOOT.c **** * \copyright
  13:.\Generated_Source\PSoC4/UART_1_UART_BOOT.c **** * Copyright 2013-2016, Cypress Semiconductor Corporation.  All rights reserved.
  14:.\Generated_Source\PSoC4/UART_1_UART_BOOT.c **** * You may use this file only in accordance with the license, terms, conditions,
  15:.\Generated_Source\PSoC4/UART_1_UART_BOOT.c **** * disclaimers, and limitations in the end user license agreement accompanying
  16:.\Generated_Source\PSoC4/UART_1_UART_BOOT.c **** * the software package with which this file was provided.
  17:.\Generated_Source\PSoC4/UART_1_UART_BOOT.c **** *******************************************************************************/
  18:.\Generated_Source\PSoC4/UART_1_UART_BOOT.c **** 
  19:.\Generated_Source\PSoC4/UART_1_UART_BOOT.c **** #include "UART_1_BOOT.h"
  20:.\Generated_Source\PSoC4/UART_1_UART_BOOT.c **** #include "UART_1_SPI_UART.h"
  21:.\Generated_Source\PSoC4/UART_1_UART_BOOT.c **** 
  22:.\Generated_Source\PSoC4/UART_1_UART_BOOT.c **** #if defined(CYDEV_BOOTLOADER_IO_COMP) && (UART_1_UART_BTLDR_COMM_ENABLED)
  23:.\Generated_Source\PSoC4/UART_1_UART_BOOT.c **** 
  24:.\Generated_Source\PSoC4/UART_1_UART_BOOT.c **** /*******************************************************************************
  25:.\Generated_Source\PSoC4/UART_1_UART_BOOT.c **** * Function Name: UART_1_UartCyBtldrCommStart
  26:.\Generated_Source\PSoC4/UART_1_UART_BOOT.c **** ****************************************************************************//**
  27:.\Generated_Source\PSoC4/UART_1_UART_BOOT.c **** *
  28:.\Generated_Source\PSoC4/UART_1_UART_BOOT.c **** *  Starts the UART component.
  29:.\Generated_Source\PSoC4/UART_1_UART_BOOT.c **** *
  30:.\Generated_Source\PSoC4/UART_1_UART_BOOT.c **** *******************************************************************************/
  31:.\Generated_Source\PSoC4/UART_1_UART_BOOT.c **** void UART_1_UartCyBtldrCommStart(void)
  32:.\Generated_Source\PSoC4/UART_1_UART_BOOT.c **** {
ARM GAS  C:\Users\g\AppData\Local\Temp\ccsf8VBg.s 			page 2


  26              		.loc 1 32 0
  27              		.cfi_startproc
  28 0000 08B5     		push	{r3, lr}
  29              		.cfi_def_cfa_offset 8
  30              		.cfi_offset 3, -8
  31              		.cfi_offset 14, -4
  33:.\Generated_Source\PSoC4/UART_1_UART_BOOT.c ****     UART_1_Start();
  32              		.loc 1 33 0
  33 0002 FFF7FEFF 		bl	UART_1_Start
  34              	.LVL0:
  34:.\Generated_Source\PSoC4/UART_1_UART_BOOT.c **** }
  35              		.loc 1 34 0
  36              		@ sp needed
  37 0006 08BD     		pop	{r3, pc}
  38              		.cfi_endproc
  39              	.LFE0:
  40              		.size	UART_1_UartCyBtldrCommStart, .-UART_1_UartCyBtldrCommStart
  41              		.section	.text.UART_1_UartCyBtldrCommStop,"ax",%progbits
  42              		.align	2
  43              		.global	UART_1_UartCyBtldrCommStop
  44              		.code	16
  45              		.thumb_func
  46              		.type	UART_1_UartCyBtldrCommStop, %function
  47              	UART_1_UartCyBtldrCommStop:
  48              	.LFB1:
  35:.\Generated_Source\PSoC4/UART_1_UART_BOOT.c **** 
  36:.\Generated_Source\PSoC4/UART_1_UART_BOOT.c **** 
  37:.\Generated_Source\PSoC4/UART_1_UART_BOOT.c **** /*******************************************************************************
  38:.\Generated_Source\PSoC4/UART_1_UART_BOOT.c **** * Function Name: UART_1_UartCyBtldrCommStop
  39:.\Generated_Source\PSoC4/UART_1_UART_BOOT.c **** ****************************************************************************//**
  40:.\Generated_Source\PSoC4/UART_1_UART_BOOT.c **** *
  41:.\Generated_Source\PSoC4/UART_1_UART_BOOT.c **** *  Disables the UART component.
  42:.\Generated_Source\PSoC4/UART_1_UART_BOOT.c **** *
  43:.\Generated_Source\PSoC4/UART_1_UART_BOOT.c **** *******************************************************************************/
  44:.\Generated_Source\PSoC4/UART_1_UART_BOOT.c **** void UART_1_UartCyBtldrCommStop(void)
  45:.\Generated_Source\PSoC4/UART_1_UART_BOOT.c **** {
  49              		.loc 1 45 0
  50              		.cfi_startproc
  51 0000 08B5     		push	{r3, lr}
  52              		.cfi_def_cfa_offset 8
  53              		.cfi_offset 3, -8
  54              		.cfi_offset 14, -4
  46:.\Generated_Source\PSoC4/UART_1_UART_BOOT.c ****     UART_1_Stop();
  55              		.loc 1 46 0
  56 0002 FFF7FEFF 		bl	UART_1_Stop
  57              	.LVL1:
  47:.\Generated_Source\PSoC4/UART_1_UART_BOOT.c **** }
  58              		.loc 1 47 0
  59              		@ sp needed
  60 0006 08BD     		pop	{r3, pc}
  61              		.cfi_endproc
  62              	.LFE1:
  63              		.size	UART_1_UartCyBtldrCommStop, .-UART_1_UartCyBtldrCommStop
  64              		.section	.text.UART_1_UartCyBtldrCommReset,"ax",%progbits
  65              		.align	2
  66              		.global	UART_1_UartCyBtldrCommReset
  67              		.code	16
ARM GAS  C:\Users\g\AppData\Local\Temp\ccsf8VBg.s 			page 3


  68              		.thumb_func
  69              		.type	UART_1_UartCyBtldrCommReset, %function
  70              	UART_1_UartCyBtldrCommReset:
  71              	.LFB2:
  48:.\Generated_Source\PSoC4/UART_1_UART_BOOT.c **** 
  49:.\Generated_Source\PSoC4/UART_1_UART_BOOT.c **** 
  50:.\Generated_Source\PSoC4/UART_1_UART_BOOT.c **** /*******************************************************************************
  51:.\Generated_Source\PSoC4/UART_1_UART_BOOT.c **** * Function Name: UART_1_UartCyBtldrCommReset
  52:.\Generated_Source\PSoC4/UART_1_UART_BOOT.c **** ****************************************************************************//**
  53:.\Generated_Source\PSoC4/UART_1_UART_BOOT.c **** *
  54:.\Generated_Source\PSoC4/UART_1_UART_BOOT.c **** *  Resets the receive and transmit communication buffers.
  55:.\Generated_Source\PSoC4/UART_1_UART_BOOT.c **** *
  56:.\Generated_Source\PSoC4/UART_1_UART_BOOT.c **** *******************************************************************************/
  57:.\Generated_Source\PSoC4/UART_1_UART_BOOT.c **** void UART_1_UartCyBtldrCommReset(void)
  58:.\Generated_Source\PSoC4/UART_1_UART_BOOT.c **** {
  72              		.loc 1 58 0
  73              		.cfi_startproc
  74 0000 08B5     		push	{r3, lr}
  75              		.cfi_def_cfa_offset 8
  76              		.cfi_offset 3, -8
  77              		.cfi_offset 14, -4
  59:.\Generated_Source\PSoC4/UART_1_UART_BOOT.c ****     /* Clear RX and TX buffers */
  60:.\Generated_Source\PSoC4/UART_1_UART_BOOT.c ****     UART_1_SpiUartClearRxBuffer();
  78              		.loc 1 60 0
  79 0002 FFF7FEFF 		bl	UART_1_SpiUartClearRxBuffer
  80              	.LVL2:
  61:.\Generated_Source\PSoC4/UART_1_UART_BOOT.c ****     UART_1_SpiUartClearTxBuffer();
  81              		.loc 1 61 0
  82 0006 FFF7FEFF 		bl	UART_1_SpiUartClearTxBuffer
  83              	.LVL3:
  62:.\Generated_Source\PSoC4/UART_1_UART_BOOT.c **** }
  84              		.loc 1 62 0
  85              		@ sp needed
  86 000a 08BD     		pop	{r3, pc}
  87              		.cfi_endproc
  88              	.LFE2:
  89              		.size	UART_1_UartCyBtldrCommReset, .-UART_1_UartCyBtldrCommReset
  90              		.section	.text.UART_1_UartCyBtldrCommRead,"ax",%progbits
  91              		.align	2
  92              		.global	UART_1_UartCyBtldrCommRead
  93              		.code	16
  94              		.thumb_func
  95              		.type	UART_1_UartCyBtldrCommRead, %function
  96              	UART_1_UartCyBtldrCommRead:
  97              	.LFB3:
  63:.\Generated_Source\PSoC4/UART_1_UART_BOOT.c **** 
  64:.\Generated_Source\PSoC4/UART_1_UART_BOOT.c **** 
  65:.\Generated_Source\PSoC4/UART_1_UART_BOOT.c **** /*******************************************************************************
  66:.\Generated_Source\PSoC4/UART_1_UART_BOOT.c **** * Function Name: UART_1_UartCyBtldrCommRead
  67:.\Generated_Source\PSoC4/UART_1_UART_BOOT.c **** ****************************************************************************//**
  68:.\Generated_Source\PSoC4/UART_1_UART_BOOT.c **** *
  69:.\Generated_Source\PSoC4/UART_1_UART_BOOT.c **** *  Allows the caller to read data from the bootloader host (the host writes the
  70:.\Generated_Source\PSoC4/UART_1_UART_BOOT.c **** *  data). The function handles polling to allow a block of data to be completely
  71:.\Generated_Source\PSoC4/UART_1_UART_BOOT.c **** *  received from the host device.
  72:.\Generated_Source\PSoC4/UART_1_UART_BOOT.c **** *
  73:.\Generated_Source\PSoC4/UART_1_UART_BOOT.c **** *  \param pData: Pointer to storage for the block of data to be read from the
  74:.\Generated_Source\PSoC4/UART_1_UART_BOOT.c **** *   bootloader host
ARM GAS  C:\Users\g\AppData\Local\Temp\ccsf8VBg.s 			page 4


  75:.\Generated_Source\PSoC4/UART_1_UART_BOOT.c **** *  \param size: Number of bytes to be read.
  76:.\Generated_Source\PSoC4/UART_1_UART_BOOT.c **** *  \param count: Pointer to the variable to write the number of bytes actually
  77:.\Generated_Source\PSoC4/UART_1_UART_BOOT.c **** *   read.
  78:.\Generated_Source\PSoC4/UART_1_UART_BOOT.c **** *  \param timeOut Number of units in 10 ms to wait before returning
  79:.\Generated_Source\PSoC4/UART_1_UART_BOOT.c **** *   because of a timeout.
  80:.\Generated_Source\PSoC4/UART_1_UART_BOOT.c **** *
  81:.\Generated_Source\PSoC4/UART_1_UART_BOOT.c **** *  \return
  82:.\Generated_Source\PSoC4/UART_1_UART_BOOT.c **** *   Returns CYRET_SUCCESS if no problem was encountered or returns the value
  83:.\Generated_Source\PSoC4/UART_1_UART_BOOT.c **** *   that best describes the problem. For more information refer to the
  84:.\Generated_Source\PSoC4/UART_1_UART_BOOT.c **** *   "Return Codes" section of the System Reference Guide.
  85:.\Generated_Source\PSoC4/UART_1_UART_BOOT.c **** *
  86:.\Generated_Source\PSoC4/UART_1_UART_BOOT.c **** *******************************************************************************/
  87:.\Generated_Source\PSoC4/UART_1_UART_BOOT.c **** cystatus UART_1_UartCyBtldrCommRead(uint8 pData[], uint16 size, uint16 * count, uint8 timeOut)
  88:.\Generated_Source\PSoC4/UART_1_UART_BOOT.c **** {
  98              		.loc 1 88 0
  99              		.cfi_startproc
 100              	.LVL4:
 101 0000 F0B5     		push	{r4, r5, r6, r7, lr}
 102              		.cfi_def_cfa_offset 20
 103              		.cfi_offset 4, -20
 104              		.cfi_offset 5, -16
 105              		.cfi_offset 6, -12
 106              		.cfi_offset 7, -8
 107              		.cfi_offset 14, -4
 108 0002 83B0     		sub	sp, sp, #12
 109              		.cfi_def_cfa_offset 32
 110              	.LVL5:
  89:.\Generated_Source\PSoC4/UART_1_UART_BOOT.c ****     cystatus status;
  90:.\Generated_Source\PSoC4/UART_1_UART_BOOT.c ****     uint32 byteCount;
  91:.\Generated_Source\PSoC4/UART_1_UART_BOOT.c ****     uint32 timeoutMs;
  92:.\Generated_Source\PSoC4/UART_1_UART_BOOT.c ****     uint32 i;
  93:.\Generated_Source\PSoC4/UART_1_UART_BOOT.c **** 
  94:.\Generated_Source\PSoC4/UART_1_UART_BOOT.c ****     status = CYRET_BAD_PARAM;
  95:.\Generated_Source\PSoC4/UART_1_UART_BOOT.c **** 
  96:.\Generated_Source\PSoC4/UART_1_UART_BOOT.c ****     if ((NULL != pData) && (size > 0u))
 111              		.loc 1 96 0
 112 0004 0028     		cmp	r0, #0
 113 0006 2FD0     		beq	.L13
 114              		.loc 1 96 0 is_stmt 0 discriminator 1
 115 0008 0029     		cmp	r1, #0
 116 000a 30D0     		beq	.L14
 117 000c 161C     		mov	r6, r2
 118 000e 0D1C     		mov	r5, r1
 119 0010 071C     		mov	r7, r0
 120              	.LVL6:
  97:.\Generated_Source\PSoC4/UART_1_UART_BOOT.c ****     {
  98:.\Generated_Source\PSoC4/UART_1_UART_BOOT.c ****         status = CYRET_TIMEOUT;
  99:.\Generated_Source\PSoC4/UART_1_UART_BOOT.c ****         timeoutMs = ((uint32) 10u * timeOut); /* Convert from 10mS check to 1mS checks */
 121              		.loc 1 99 0 is_stmt 1
 122 0012 9C00     		lsl	r4, r3, #2
 123 0014 E418     		add	r4, r4, r3
 124 0016 6400     		lsl	r4, r4, #1
 125              	.LVL7:
 126              	.L10:
 100:.\Generated_Source\PSoC4/UART_1_UART_BOOT.c **** 
 101:.\Generated_Source\PSoC4/UART_1_UART_BOOT.c ****         /* Wait with timeout 1mS for packet end */
 102:.\Generated_Source\PSoC4/UART_1_UART_BOOT.c ****         byteCount = 0u;
ARM GAS  C:\Users\g\AppData\Local\Temp\ccsf8VBg.s 			page 5


 103:.\Generated_Source\PSoC4/UART_1_UART_BOOT.c ****         do
 104:.\Generated_Source\PSoC4/UART_1_UART_BOOT.c ****         {
 105:.\Generated_Source\PSoC4/UART_1_UART_BOOT.c ****             /* Check packet start */
 106:.\Generated_Source\PSoC4/UART_1_UART_BOOT.c ****             if (0u != UART_1_SpiUartGetRxBufferSize())
 127              		.loc 1 106 0
 128 0018 FFF7FEFF 		bl	UART_1_SpiUartGetRxBufferSize
 129              	.LVL8:
 130 001c 0028     		cmp	r0, #0
 131 001e 10D0     		beq	.L6
 132              	.LVL9:
 133              	.L7:
 107:.\Generated_Source\PSoC4/UART_1_UART_BOOT.c ****             {
 108:.\Generated_Source\PSoC4/UART_1_UART_BOOT.c ****                 /* Wait for end of packet */
 109:.\Generated_Source\PSoC4/UART_1_UART_BOOT.c ****                 do
 110:.\Generated_Source\PSoC4/UART_1_UART_BOOT.c ****                 {
 111:.\Generated_Source\PSoC4/UART_1_UART_BOOT.c ****                     byteCount = UART_1_SpiUartGetRxBufferSize();
 134              		.loc 1 111 0 discriminator 1
 135 0020 FFF7FEFF 		bl	UART_1_SpiUartGetRxBufferSize
 136              	.LVL10:
 137 0024 041C     		mov	r4, r0
 138              	.LVL11:
 112:.\Generated_Source\PSoC4/UART_1_UART_BOOT.c ****                     CyDelayUs(UART_1_UART_BYTE_TO_BYTE);
 139              		.loc 1 112 0 discriminator 1
 140 0026 AB20     		mov	r0, #171
 141              	.LVL12:
 142 0028 FFF7FEFF 		bl	CyDelayUs
 143              	.LVL13:
 113:.\Generated_Source\PSoC4/UART_1_UART_BOOT.c ****                 }
 114:.\Generated_Source\PSoC4/UART_1_UART_BOOT.c ****                 while (byteCount != UART_1_SpiUartGetRxBufferSize());
 144              		.loc 1 114 0 discriminator 1
 145 002c FFF7FEFF 		bl	UART_1_SpiUartGetRxBufferSize
 146              	.LVL14:
 147 0030 A042     		cmp	r0, r4
 148 0032 F5D1     		bne	.L7
 115:.\Generated_Source\PSoC4/UART_1_UART_BOOT.c **** 
 116:.\Generated_Source\PSoC4/UART_1_UART_BOOT.c ****                 byteCount = UART_1_BYTES_TO_COPY(byteCount, size);
 149              		.loc 1 116 0
 150 0034 A542     		cmp	r5, r4
 151 0036 00D9     		bls	.L8
 152 0038 251C     		mov	r5, r4
 153              	.L8:
 154              	.LVL15:
 117:.\Generated_Source\PSoC4/UART_1_UART_BOOT.c ****                 *count = (uint16) byteCount;
 155              		.loc 1 117 0
 156 003a 3580     		strh	r5, [r6]
 157              	.LVL16:
 118:.\Generated_Source\PSoC4/UART_1_UART_BOOT.c ****                 status = CYRET_SUCCESS;
 158              		.loc 1 118 0
 159 003c 0023     		mov	r3, #0
 160 003e 0193     		str	r3, [sp, #4]
 119:.\Generated_Source\PSoC4/UART_1_UART_BOOT.c **** 
 120:.\Generated_Source\PSoC4/UART_1_UART_BOOT.c ****                 break;
 161              		.loc 1 120 0
 162 0040 08E0     		b	.L9
 163              	.LVL17:
 164              	.L6:
 121:.\Generated_Source\PSoC4/UART_1_UART_BOOT.c ****             }
ARM GAS  C:\Users\g\AppData\Local\Temp\ccsf8VBg.s 			page 6


 122:.\Generated_Source\PSoC4/UART_1_UART_BOOT.c **** 
 123:.\Generated_Source\PSoC4/UART_1_UART_BOOT.c ****             CyDelay(UART_1_WAIT_1_MS);
 165              		.loc 1 123 0
 166 0042 0120     		mov	r0, #1
 167 0044 FFF7FEFF 		bl	CyDelay
 168              	.LVL18:
 124:.\Generated_Source\PSoC4/UART_1_UART_BOOT.c ****             --timeoutMs;
 169              		.loc 1 124 0
 170 0048 013C     		sub	r4, r4, #1
 171              	.LVL19:
 125:.\Generated_Source\PSoC4/UART_1_UART_BOOT.c ****         }
 126:.\Generated_Source\PSoC4/UART_1_UART_BOOT.c ****         while (0u != timeoutMs);
 172              		.loc 1 126 0
 173 004a 002C     		cmp	r4, #0
 174 004c E4D1     		bne	.L10
 102:.\Generated_Source\PSoC4/UART_1_UART_BOOT.c ****         do
 175              		.loc 1 102 0
 176 004e 0025     		mov	r5, #0
  98:.\Generated_Source\PSoC4/UART_1_UART_BOOT.c ****         timeoutMs = ((uint32) 10u * timeOut); /* Convert from 10mS check to 1mS checks */
 177              		.loc 1 98 0
 178 0050 1023     		mov	r3, #16
 179 0052 0193     		str	r3, [sp, #4]
 180              	.LVL20:
 181              	.L9:
 127:.\Generated_Source\PSoC4/UART_1_UART_BOOT.c **** 
 128:.\Generated_Source\PSoC4/UART_1_UART_BOOT.c ****         /* Get data from RX buffer into bootloader buffer */
 129:.\Generated_Source\PSoC4/UART_1_UART_BOOT.c ****         for (i = 0u; i < byteCount; ++i)
 182              		.loc 1 129 0
 183 0054 0024     		mov	r4, #0
 184 0056 04E0     		b	.L11
 185              	.LVL21:
 186              	.L12:
 130:.\Generated_Source\PSoC4/UART_1_UART_BOOT.c ****         {
 131:.\Generated_Source\PSoC4/UART_1_UART_BOOT.c ****             pData[i] = (uint8) UART_1_SpiUartReadRxData();
 187              		.loc 1 131 0 discriminator 3
 188 0058 3E19     		add	r6, r7, r4
 189 005a FFF7FEFF 		bl	UART_1_SpiUartReadRxData
 190              	.LVL22:
 191 005e 3070     		strb	r0, [r6]
 129:.\Generated_Source\PSoC4/UART_1_UART_BOOT.c ****         {
 192              		.loc 1 129 0 discriminator 3
 193 0060 0134     		add	r4, r4, #1
 194              	.LVL23:
 195              	.L11:
 129:.\Generated_Source\PSoC4/UART_1_UART_BOOT.c ****         {
 196              		.loc 1 129 0 is_stmt 0 discriminator 1
 197 0062 AC42     		cmp	r4, r5
 198 0064 F8D3     		bcc	.L12
 199 0066 04E0     		b	.L5
 200              	.LVL24:
 201              	.L13:
  94:.\Generated_Source\PSoC4/UART_1_UART_BOOT.c **** 
 202              		.loc 1 94 0 is_stmt 1
 203 0068 0123     		mov	r3, #1
 204              	.LVL25:
 205 006a 0193     		str	r3, [sp, #4]
 206 006c 01E0     		b	.L5
ARM GAS  C:\Users\g\AppData\Local\Temp\ccsf8VBg.s 			page 7


 207              	.LVL26:
 208              	.L14:
 209 006e 0123     		mov	r3, #1
 210              	.LVL27:
 211 0070 0193     		str	r3, [sp, #4]
 212              	.LVL28:
 213              	.L5:
 132:.\Generated_Source\PSoC4/UART_1_UART_BOOT.c ****         }
 133:.\Generated_Source\PSoC4/UART_1_UART_BOOT.c ****     }
 134:.\Generated_Source\PSoC4/UART_1_UART_BOOT.c **** 
 135:.\Generated_Source\PSoC4/UART_1_UART_BOOT.c ****     return (status);
 136:.\Generated_Source\PSoC4/UART_1_UART_BOOT.c **** }
 214              		.loc 1 136 0
 215 0072 0198     		ldr	r0, [sp, #4]
 216 0074 03B0     		add	sp, sp, #12
 217              		@ sp needed
 218 0076 F0BD     		pop	{r4, r5, r6, r7, pc}
 219              		.cfi_endproc
 220              	.LFE3:
 221              		.size	UART_1_UartCyBtldrCommRead, .-UART_1_UartCyBtldrCommRead
 222              		.section	.text.UART_1_UartCyBtldrCommWrite,"ax",%progbits
 223              		.align	2
 224              		.global	UART_1_UartCyBtldrCommWrite
 225              		.code	16
 226              		.thumb_func
 227              		.type	UART_1_UartCyBtldrCommWrite, %function
 228              	UART_1_UartCyBtldrCommWrite:
 229              	.LFB4:
 137:.\Generated_Source\PSoC4/UART_1_UART_BOOT.c **** 
 138:.\Generated_Source\PSoC4/UART_1_UART_BOOT.c **** 
 139:.\Generated_Source\PSoC4/UART_1_UART_BOOT.c **** /*******************************************************************************
 140:.\Generated_Source\PSoC4/UART_1_UART_BOOT.c **** * Function Name: UART_1_UartCyBtldrCommWrite
 141:.\Generated_Source\PSoC4/UART_1_UART_BOOT.c **** ****************************************************************************//**
 142:.\Generated_Source\PSoC4/UART_1_UART_BOOT.c **** *
 143:.\Generated_Source\PSoC4/UART_1_UART_BOOT.c **** *  Allows the caller to write data to the bootloader host (the host reads the
 144:.\Generated_Source\PSoC4/UART_1_UART_BOOT.c **** *  data). The function does not use timeout and returns after data has been
 145:.\Generated_Source\PSoC4/UART_1_UART_BOOT.c **** *  copied into the transmit buffer. The data transmission starts immediately
 146:.\Generated_Source\PSoC4/UART_1_UART_BOOT.c **** *  after the first data element is written into the buffer and lasts until all
 147:.\Generated_Source\PSoC4/UART_1_UART_BOOT.c **** *  data elements from the buffer are sent.
 148:.\Generated_Source\PSoC4/UART_1_UART_BOOT.c **** *
 149:.\Generated_Source\PSoC4/UART_1_UART_BOOT.c **** *  \param pData: Pointer to the block of data to be written to the bootloader
 150:.\Generated_Source\PSoC4/UART_1_UART_BOOT.c **** *   host.
 151:.\Generated_Source\PSoC4/UART_1_UART_BOOT.c **** *  \param size: Number of bytes to be written.
 152:.\Generated_Source\PSoC4/UART_1_UART_BOOT.c **** *  \param count: Pointer to the variable to write the number of bytes actually
 153:.\Generated_Source\PSoC4/UART_1_UART_BOOT.c **** *   written.
 154:.\Generated_Source\PSoC4/UART_1_UART_BOOT.c **** *  \param timeOut: The timeout is not used by this function.
 155:.\Generated_Source\PSoC4/UART_1_UART_BOOT.c **** *   The function returns as soon as data is copied into the transmit buffer.
 156:.\Generated_Source\PSoC4/UART_1_UART_BOOT.c **** *
 157:.\Generated_Source\PSoC4/UART_1_UART_BOOT.c **** *  \return
 158:.\Generated_Source\PSoC4/UART_1_UART_BOOT.c **** *   Returns CYRET_SUCCESS if no problem was encountered or returns the value
 159:.\Generated_Source\PSoC4/UART_1_UART_BOOT.c **** *   that best describes the problem. For more information refer to the
 160:.\Generated_Source\PSoC4/UART_1_UART_BOOT.c **** *   "Return Codes" section of the System Reference Guide.
 161:.\Generated_Source\PSoC4/UART_1_UART_BOOT.c **** *
 162:.\Generated_Source\PSoC4/UART_1_UART_BOOT.c **** *******************************************************************************/
 163:.\Generated_Source\PSoC4/UART_1_UART_BOOT.c **** cystatus UART_1_UartCyBtldrCommWrite(const uint8 pData[], uint16 size, uint16 * count, uint8 timeOu
 164:.\Generated_Source\PSoC4/UART_1_UART_BOOT.c **** {
 230              		.loc 1 164 0
ARM GAS  C:\Users\g\AppData\Local\Temp\ccsf8VBg.s 			page 8


 231              		.cfi_startproc
 232              	.LVL29:
 233 0000 38B5     		push	{r3, r4, r5, lr}
 234              		.cfi_def_cfa_offset 16
 235              		.cfi_offset 3, -16
 236              		.cfi_offset 4, -12
 237              		.cfi_offset 5, -8
 238              		.cfi_offset 14, -4
 239 0002 0C1C     		mov	r4, r1
 240 0004 151C     		mov	r5, r2
 241              	.LVL30:
 165:.\Generated_Source\PSoC4/UART_1_UART_BOOT.c ****     cystatus status;
 166:.\Generated_Source\PSoC4/UART_1_UART_BOOT.c **** 
 167:.\Generated_Source\PSoC4/UART_1_UART_BOOT.c ****     status = CYRET_BAD_PARAM;
 168:.\Generated_Source\PSoC4/UART_1_UART_BOOT.c **** 
 169:.\Generated_Source\PSoC4/UART_1_UART_BOOT.c ****     if ((NULL != pData) && (size > 0u))
 242              		.loc 1 169 0
 243 0006 0028     		cmp	r0, #0
 244 0008 06D0     		beq	.L17
 245              		.loc 1 169 0 is_stmt 0 discriminator 1
 246 000a 0029     		cmp	r1, #0
 247 000c 06D0     		beq	.L18
 170:.\Generated_Source\PSoC4/UART_1_UART_BOOT.c ****     {
 171:.\Generated_Source\PSoC4/UART_1_UART_BOOT.c ****         /* Transmit data. This function does not wait until data is sent. */
 172:.\Generated_Source\PSoC4/UART_1_UART_BOOT.c ****         UART_1_SpiUartPutArray(pData, (uint32) size);
 248              		.loc 1 172 0 is_stmt 1
 249 000e FFF7FEFF 		bl	UART_1_SpiUartPutArray
 250              	.LVL31:
 173:.\Generated_Source\PSoC4/UART_1_UART_BOOT.c **** 
 174:.\Generated_Source\PSoC4/UART_1_UART_BOOT.c ****         *count = size;
 251              		.loc 1 174 0
 252 0012 2C80     		strh	r4, [r5]
 253              	.LVL32:
 175:.\Generated_Source\PSoC4/UART_1_UART_BOOT.c ****         status = CYRET_SUCCESS;
 254              		.loc 1 175 0
 255 0014 0020     		mov	r0, #0
 256 0016 02E0     		b	.L16
 257              	.LVL33:
 258              	.L17:
 167:.\Generated_Source\PSoC4/UART_1_UART_BOOT.c **** 
 259              		.loc 1 167 0
 260 0018 0120     		mov	r0, #1
 261              	.LVL34:
 262 001a 00E0     		b	.L16
 263              	.LVL35:
 264              	.L18:
 265 001c 0120     		mov	r0, #1
 266              	.LVL36:
 267              	.L16:
 176:.\Generated_Source\PSoC4/UART_1_UART_BOOT.c **** 
 177:.\Generated_Source\PSoC4/UART_1_UART_BOOT.c ****         if (0u != timeOut)
 178:.\Generated_Source\PSoC4/UART_1_UART_BOOT.c ****         {
 179:.\Generated_Source\PSoC4/UART_1_UART_BOOT.c ****             /* Suppress compiler warning */
 180:.\Generated_Source\PSoC4/UART_1_UART_BOOT.c ****         }
 181:.\Generated_Source\PSoC4/UART_1_UART_BOOT.c ****     }
 182:.\Generated_Source\PSoC4/UART_1_UART_BOOT.c **** 
 183:.\Generated_Source\PSoC4/UART_1_UART_BOOT.c ****     return (status);
ARM GAS  C:\Users\g\AppData\Local\Temp\ccsf8VBg.s 			page 9


 184:.\Generated_Source\PSoC4/UART_1_UART_BOOT.c **** }
 268              		.loc 1 184 0
 269              		@ sp needed
 270              	.LVL37:
 271 001e 38BD     		pop	{r3, r4, r5, pc}
 272              		.cfi_endproc
 273              	.LFE4:
 274              		.size	UART_1_UartCyBtldrCommWrite, .-UART_1_UartCyBtldrCommWrite
 275              		.text
 276              	.Letext0:
 277              		.file 2 "Generated_Source\\PSoC4/cytypes.h"
 278              		.file 3 ".\\Generated_Source\\PSoC4\\UART_1.h"
 279              		.file 4 ".\\Generated_Source\\PSoC4\\UART_1_SPI_UART.h"
 280              		.file 5 "Generated_Source\\PSoC4/CyLib.h"
 281              		.section	.debug_info,"",%progbits
 282              	.Ldebug_info0:
 283 0000 F3020000 		.4byte	0x2f3
 284 0004 0400     		.2byte	0x4
 285 0006 00000000 		.4byte	.Ldebug_abbrev0
 286 000a 04       		.byte	0x4
 287 000b 01       		.uleb128 0x1
 288 000c 25020000 		.4byte	.LASF37
 289 0010 01       		.byte	0x1
 290 0011 86000000 		.4byte	.LASF38
 291 0015 F8010000 		.4byte	.LASF39
 292 0019 00000000 		.4byte	.Ldebug_ranges0+0
 293 001d 00000000 		.4byte	0
 294 0021 00000000 		.4byte	.Ldebug_line0
 295 0025 02       		.uleb128 0x2
 296 0026 01       		.byte	0x1
 297 0027 06       		.byte	0x6
 298 0028 FE020000 		.4byte	.LASF0
 299 002c 02       		.uleb128 0x2
 300 002d 01       		.byte	0x1
 301 002e 08       		.byte	0x8
 302 002f 0D010000 		.4byte	.LASF1
 303 0033 02       		.uleb128 0x2
 304 0034 02       		.byte	0x2
 305 0035 05       		.byte	0x5
 306 0036 CF020000 		.4byte	.LASF2
 307 003a 02       		.uleb128 0x2
 308 003b 02       		.byte	0x2
 309 003c 07       		.byte	0x7
 310 003d 26000000 		.4byte	.LASF3
 311 0041 02       		.uleb128 0x2
 312 0042 04       		.byte	0x4
 313 0043 05       		.byte	0x5
 314 0044 F5020000 		.4byte	.LASF4
 315 0048 02       		.uleb128 0x2
 316 0049 04       		.byte	0x4
 317 004a 07       		.byte	0x7
 318 004b BE000000 		.4byte	.LASF5
 319 004f 02       		.uleb128 0x2
 320 0050 08       		.byte	0x8
 321 0051 05       		.byte	0x5
 322 0052 DB010000 		.4byte	.LASF6
 323 0056 02       		.uleb128 0x2
ARM GAS  C:\Users\g\AppData\Local\Temp\ccsf8VBg.s 			page 10


 324 0057 08       		.byte	0x8
 325 0058 07       		.byte	0x7
 326 0059 90010000 		.4byte	.LASF7
 327 005d 03       		.uleb128 0x3
 328 005e 04       		.byte	0x4
 329 005f 05       		.byte	0x5
 330 0060 696E7400 		.ascii	"int\000"
 331 0064 02       		.uleb128 0x2
 332 0065 04       		.byte	0x4
 333 0066 07       		.byte	0x7
 334 0067 83010000 		.4byte	.LASF8
 335 006b 04       		.uleb128 0x4
 336 006c EC000000 		.4byte	.LASF9
 337 0070 02       		.byte	0x2
 338 0071 9801     		.2byte	0x198
 339 0073 2C000000 		.4byte	0x2c
 340 0077 04       		.uleb128 0x4
 341 0078 3E010000 		.4byte	.LASF10
 342 007c 02       		.byte	0x2
 343 007d 9901     		.2byte	0x199
 344 007f 3A000000 		.4byte	0x3a
 345 0083 04       		.uleb128 0x4
 346 0084 60010000 		.4byte	.LASF11
 347 0088 02       		.byte	0x2
 348 0089 9A01     		.2byte	0x19a
 349 008b 48000000 		.4byte	0x48
 350 008f 02       		.uleb128 0x2
 351 0090 04       		.byte	0x4
 352 0091 04       		.byte	0x4
 353 0092 64000000 		.4byte	.LASF12
 354 0096 02       		.uleb128 0x2
 355 0097 08       		.byte	0x8
 356 0098 04       		.byte	0x4
 357 0099 1B010000 		.4byte	.LASF13
 358 009d 02       		.uleb128 0x2
 359 009e 01       		.byte	0x1
 360 009f 08       		.byte	0x8
 361 00a0 F3010000 		.4byte	.LASF14
 362 00a4 04       		.uleb128 0x4
 363 00a5 0A000000 		.4byte	.LASF15
 364 00a9 02       		.byte	0x2
 365 00aa 3A02     		.2byte	0x23a
 366 00ac 48000000 		.4byte	0x48
 367 00b0 02       		.uleb128 0x2
 368 00b1 04       		.byte	0x4
 369 00b2 07       		.byte	0x7
 370 00b3 D2010000 		.4byte	.LASF16
 371 00b7 05       		.uleb128 0x5
 372 00b8 04       		.byte	0x4
 373 00b9 6B000000 		.4byte	0x6b
 374 00bd 06       		.uleb128 0x6
 375 00be D9020000 		.4byte	.LASF17
 376 00c2 01       		.byte	0x1
 377 00c3 1F       		.byte	0x1f
 378 00c4 00000000 		.4byte	.LFB0
 379 00c8 08000000 		.4byte	.LFE0-.LFB0
 380 00cc 01       		.uleb128 0x1
ARM GAS  C:\Users\g\AppData\Local\Temp\ccsf8VBg.s 			page 11


 381 00cd 9C       		.byte	0x9c
 382 00ce DC000000 		.4byte	0xdc
 383 00d2 07       		.uleb128 0x7
 384 00d3 06000000 		.4byte	.LVL0
 385 00d7 8B020000 		.4byte	0x28b
 386 00db 00       		.byte	0
 387 00dc 06       		.uleb128 0x6
 388 00dd F2000000 		.4byte	.LASF18
 389 00e1 01       		.byte	0x1
 390 00e2 2C       		.byte	0x2c
 391 00e3 00000000 		.4byte	.LFB1
 392 00e7 08000000 		.4byte	.LFE1-.LFB1
 393 00eb 01       		.uleb128 0x1
 394 00ec 9C       		.byte	0x9c
 395 00ed FB000000 		.4byte	0xfb
 396 00f1 07       		.uleb128 0x7
 397 00f2 06000000 		.4byte	.LVL1
 398 00f6 92020000 		.4byte	0x292
 399 00fa 00       		.byte	0
 400 00fb 06       		.uleb128 0x6
 401 00fc B3020000 		.4byte	.LASF19
 402 0100 01       		.byte	0x1
 403 0101 39       		.byte	0x39
 404 0102 00000000 		.4byte	.LFB2
 405 0106 0C000000 		.4byte	.LFE2-.LFB2
 406 010a 01       		.uleb128 0x1
 407 010b 9C       		.byte	0x9c
 408 010c 23010000 		.4byte	0x123
 409 0110 07       		.uleb128 0x7
 410 0111 06000000 		.4byte	.LVL2
 411 0115 99020000 		.4byte	0x299
 412 0119 07       		.uleb128 0x7
 413 011a 0A000000 		.4byte	.LVL3
 414 011e A1020000 		.4byte	0x2a1
 415 0122 00       		.byte	0
 416 0123 08       		.uleb128 0x8
 417 0124 45010000 		.4byte	.LASF27
 418 0128 01       		.byte	0x1
 419 0129 57       		.byte	0x57
 420 012a A4000000 		.4byte	0xa4
 421 012e 00000000 		.4byte	.LFB3
 422 0132 78000000 		.4byte	.LFE3-.LFB3
 423 0136 01       		.uleb128 0x1
 424 0137 9C       		.byte	0x9c
 425 0138 FE010000 		.4byte	0x1fe
 426 013c 09       		.uleb128 0x9
 427 013d 5E000000 		.4byte	.LASF20
 428 0141 01       		.byte	0x1
 429 0142 57       		.byte	0x57
 430 0143 B7000000 		.4byte	0xb7
 431 0147 00000000 		.4byte	.LLST0
 432 014b 09       		.uleb128 0x9
 433 014c 81000000 		.4byte	.LASF21
 434 0150 01       		.byte	0x1
 435 0151 57       		.byte	0x57
 436 0152 77000000 		.4byte	0x77
 437 0156 37000000 		.4byte	.LLST1
ARM GAS  C:\Users\g\AppData\Local\Temp\ccsf8VBg.s 			page 12


 438 015a 09       		.uleb128 0x9
 439 015b 20000000 		.4byte	.LASF22
 440 015f 01       		.byte	0x1
 441 0160 57       		.byte	0x57
 442 0161 FE010000 		.4byte	0x1fe
 443 0165 71000000 		.4byte	.LLST2
 444 0169 09       		.uleb128 0x9
 445 016a CA010000 		.4byte	.LASF23
 446 016e 01       		.byte	0x1
 447 016f 57       		.byte	0x57
 448 0170 6B000000 		.4byte	0x6b
 449 0174 B6000000 		.4byte	.LLST3
 450 0178 0A       		.uleb128 0xa
 451 0179 57000000 		.4byte	.LASF24
 452 017d 01       		.byte	0x1
 453 017e 59       		.byte	0x59
 454 017f A4000000 		.4byte	0xa4
 455 0183 09010000 		.4byte	.LLST4
 456 0187 0A       		.uleb128 0xa
 457 0188 A7010000 		.4byte	.LASF25
 458 018c 01       		.byte	0x1
 459 018d 5A       		.byte	0x5a
 460 018e 83000000 		.4byte	0x83
 461 0192 65010000 		.4byte	.LLST5
 462 0196 0A       		.uleb128 0xa
 463 0197 00000000 		.4byte	.LASF26
 464 019b 01       		.byte	0x1
 465 019c 5B       		.byte	0x5b
 466 019d 83000000 		.4byte	0x83
 467 01a1 B1010000 		.4byte	.LLST6
 468 01a5 0B       		.uleb128 0xb
 469 01a6 6900     		.ascii	"i\000"
 470 01a8 01       		.byte	0x1
 471 01a9 5C       		.byte	0x5c
 472 01aa 83000000 		.4byte	0x83
 473 01ae CF010000 		.4byte	.LLST7
 474 01b2 07       		.uleb128 0x7
 475 01b3 1C000000 		.4byte	.LVL8
 476 01b7 A9020000 		.4byte	0x2a9
 477 01bb 07       		.uleb128 0x7
 478 01bc 24000000 		.4byte	.LVL10
 479 01c0 A9020000 		.4byte	0x2a9
 480 01c4 0C       		.uleb128 0xc
 481 01c5 2C000000 		.4byte	.LVL13
 482 01c9 B5020000 		.4byte	0x2b5
 483 01cd D8010000 		.4byte	0x1d8
 484 01d1 0D       		.uleb128 0xd
 485 01d2 01       		.uleb128 0x1
 486 01d3 50       		.byte	0x50
 487 01d4 02       		.uleb128 0x2
 488 01d5 08       		.byte	0x8
 489 01d6 AB       		.byte	0xab
 490 01d7 00       		.byte	0
 491 01d8 07       		.uleb128 0x7
 492 01d9 30000000 		.4byte	.LVL14
 493 01dd A9020000 		.4byte	0x2a9
 494 01e1 0C       		.uleb128 0xc
ARM GAS  C:\Users\g\AppData\Local\Temp\ccsf8VBg.s 			page 13


 495 01e2 48000000 		.4byte	.LVL18
 496 01e6 C6020000 		.4byte	0x2c6
 497 01ea F4010000 		.4byte	0x1f4
 498 01ee 0D       		.uleb128 0xd
 499 01ef 01       		.uleb128 0x1
 500 01f0 50       		.byte	0x50
 501 01f1 01       		.uleb128 0x1
 502 01f2 31       		.byte	0x31
 503 01f3 00       		.byte	0
 504 01f4 07       		.uleb128 0x7
 505 01f5 5E000000 		.4byte	.LVL22
 506 01f9 D7020000 		.4byte	0x2d7
 507 01fd 00       		.byte	0
 508 01fe 05       		.uleb128 0x5
 509 01ff 04       		.byte	0x4
 510 0200 77000000 		.4byte	0x77
 511 0204 08       		.uleb128 0x8
 512 0205 67010000 		.4byte	.LASF28
 513 0209 01       		.byte	0x1
 514 020a A3       		.byte	0xa3
 515 020b A4000000 		.4byte	0xa4
 516 020f 00000000 		.4byte	.LFB4
 517 0213 20000000 		.4byte	.LFE4-.LFB4
 518 0217 01       		.uleb128 0x1
 519 0218 9C       		.byte	0x9c
 520 0219 80020000 		.4byte	0x280
 521 021d 09       		.uleb128 0x9
 522 021e 5E000000 		.4byte	.LASF20
 523 0222 01       		.byte	0x1
 524 0223 A3       		.byte	0xa3
 525 0224 80020000 		.4byte	0x280
 526 0228 EE010000 		.4byte	.LLST8
 527 022c 09       		.uleb128 0x9
 528 022d 81000000 		.4byte	.LASF21
 529 0231 01       		.byte	0x1
 530 0232 A3       		.byte	0xa3
 531 0233 77000000 		.4byte	0x77
 532 0237 41020000 		.4byte	.LLST9
 533 023b 09       		.uleb128 0x9
 534 023c 20000000 		.4byte	.LASF22
 535 0240 01       		.byte	0x1
 536 0241 A3       		.byte	0xa3
 537 0242 FE010000 		.4byte	0x1fe
 538 0246 7B020000 		.4byte	.LLST10
 539 024a 09       		.uleb128 0x9
 540 024b CA010000 		.4byte	.LASF23
 541 024f 01       		.byte	0x1
 542 0250 A3       		.byte	0xa3
 543 0251 6B000000 		.4byte	0x6b
 544 0255 BD020000 		.4byte	.LLST11
 545 0259 0A       		.uleb128 0xa
 546 025a 57000000 		.4byte	.LASF24
 547 025e 01       		.byte	0x1
 548 025f A5       		.byte	0xa5
 549 0260 A4000000 		.4byte	0xa4
 550 0264 F7020000 		.4byte	.LLST12
 551 0268 0E       		.uleb128 0xe
ARM GAS  C:\Users\g\AppData\Local\Temp\ccsf8VBg.s 			page 14


 552 0269 12000000 		.4byte	.LVL31
 553 026d E3020000 		.4byte	0x2e3
 554 0271 0D       		.uleb128 0xd
 555 0272 01       		.uleb128 0x1
 556 0273 51       		.byte	0x51
 557 0274 02       		.uleb128 0x2
 558 0275 74       		.byte	0x74
 559 0276 00       		.sleb128 0
 560 0277 0D       		.uleb128 0xd
 561 0278 01       		.uleb128 0x1
 562 0279 50       		.byte	0x50
 563 027a 03       		.uleb128 0x3
 564 027b F3       		.byte	0xf3
 565 027c 01       		.uleb128 0x1
 566 027d 50       		.byte	0x50
 567 027e 00       		.byte	0
 568 027f 00       		.byte	0
 569 0280 05       		.uleb128 0x5
 570 0281 04       		.byte	0x4
 571 0282 86020000 		.4byte	0x286
 572 0286 0F       		.uleb128 0xf
 573 0287 6B000000 		.4byte	0x6b
 574 028b 10       		.uleb128 0x10
 575 028c 13000000 		.4byte	.LASF29
 576 0290 03       		.byte	0x3
 577 0291 6E       		.byte	0x6e
 578 0292 10       		.uleb128 0x10
 579 0293 B2000000 		.4byte	.LASF30
 580 0297 03       		.byte	0x3
 581 0298 6F       		.byte	0x6f
 582 0299 11       		.uleb128 0x11
 583 029a 22010000 		.4byte	.LASF31
 584 029e 04       		.byte	0x4
 585 029f 3503     		.2byte	0x335
 586 02a1 11       		.uleb128 0x11
 587 02a2 D0000000 		.4byte	.LASF32
 588 02a6 04       		.byte	0x4
 589 02a7 3D03     		.2byte	0x33d
 590 02a9 12       		.uleb128 0x12
 591 02aa 39000000 		.4byte	.LASF35
 592 02ae 04       		.byte	0x4
 593 02af 3403     		.2byte	0x334
 594 02b1 83000000 		.4byte	0x83
 595 02b5 13       		.uleb128 0x13
 596 02b6 E9010000 		.4byte	.LASF33
 597 02ba 05       		.byte	0x5
 598 02bb D8       		.byte	0xd8
 599 02bc C6020000 		.4byte	0x2c6
 600 02c0 14       		.uleb128 0x14
 601 02c1 77000000 		.4byte	0x77
 602 02c5 00       		.byte	0
 603 02c6 13       		.uleb128 0x13
 604 02c7 0A030000 		.4byte	.LASF34
 605 02cb 05       		.byte	0x5
 606 02cc D7       		.byte	0xd7
 607 02cd D7020000 		.4byte	0x2d7
 608 02d1 14       		.uleb128 0x14
ARM GAS  C:\Users\g\AppData\Local\Temp\ccsf8VBg.s 			page 15


 609 02d2 83000000 		.4byte	0x83
 610 02d6 00       		.byte	0
 611 02d7 12       		.uleb128 0x12
 612 02d8 B1010000 		.4byte	.LASF36
 613 02dc 04       		.byte	0x4
 614 02dd 3303     		.2byte	0x333
 615 02df 83000000 		.4byte	0x83
 616 02e3 15       		.uleb128 0x15
 617 02e4 6A000000 		.4byte	.LASF40
 618 02e8 04       		.byte	0x4
 619 02e9 3B03     		.2byte	0x33b
 620 02eb 14       		.uleb128 0x14
 621 02ec 80020000 		.4byte	0x280
 622 02f0 14       		.uleb128 0x14
 623 02f1 83000000 		.4byte	0x83
 624 02f5 00       		.byte	0
 625 02f6 00       		.byte	0
 626              		.section	.debug_abbrev,"",%progbits
 627              	.Ldebug_abbrev0:
 628 0000 01       		.uleb128 0x1
 629 0001 11       		.uleb128 0x11
 630 0002 01       		.byte	0x1
 631 0003 25       		.uleb128 0x25
 632 0004 0E       		.uleb128 0xe
 633 0005 13       		.uleb128 0x13
 634 0006 0B       		.uleb128 0xb
 635 0007 03       		.uleb128 0x3
 636 0008 0E       		.uleb128 0xe
 637 0009 1B       		.uleb128 0x1b
 638 000a 0E       		.uleb128 0xe
 639 000b 55       		.uleb128 0x55
 640 000c 17       		.uleb128 0x17
 641 000d 11       		.uleb128 0x11
 642 000e 01       		.uleb128 0x1
 643 000f 10       		.uleb128 0x10
 644 0010 17       		.uleb128 0x17
 645 0011 00       		.byte	0
 646 0012 00       		.byte	0
 647 0013 02       		.uleb128 0x2
 648 0014 24       		.uleb128 0x24
 649 0015 00       		.byte	0
 650 0016 0B       		.uleb128 0xb
 651 0017 0B       		.uleb128 0xb
 652 0018 3E       		.uleb128 0x3e
 653 0019 0B       		.uleb128 0xb
 654 001a 03       		.uleb128 0x3
 655 001b 0E       		.uleb128 0xe
 656 001c 00       		.byte	0
 657 001d 00       		.byte	0
 658 001e 03       		.uleb128 0x3
 659 001f 24       		.uleb128 0x24
 660 0020 00       		.byte	0
 661 0021 0B       		.uleb128 0xb
 662 0022 0B       		.uleb128 0xb
 663 0023 3E       		.uleb128 0x3e
 664 0024 0B       		.uleb128 0xb
 665 0025 03       		.uleb128 0x3
ARM GAS  C:\Users\g\AppData\Local\Temp\ccsf8VBg.s 			page 16


 666 0026 08       		.uleb128 0x8
 667 0027 00       		.byte	0
 668 0028 00       		.byte	0
 669 0029 04       		.uleb128 0x4
 670 002a 16       		.uleb128 0x16
 671 002b 00       		.byte	0
 672 002c 03       		.uleb128 0x3
 673 002d 0E       		.uleb128 0xe
 674 002e 3A       		.uleb128 0x3a
 675 002f 0B       		.uleb128 0xb
 676 0030 3B       		.uleb128 0x3b
 677 0031 05       		.uleb128 0x5
 678 0032 49       		.uleb128 0x49
 679 0033 13       		.uleb128 0x13
 680 0034 00       		.byte	0
 681 0035 00       		.byte	0
 682 0036 05       		.uleb128 0x5
 683 0037 0F       		.uleb128 0xf
 684 0038 00       		.byte	0
 685 0039 0B       		.uleb128 0xb
 686 003a 0B       		.uleb128 0xb
 687 003b 49       		.uleb128 0x49
 688 003c 13       		.uleb128 0x13
 689 003d 00       		.byte	0
 690 003e 00       		.byte	0
 691 003f 06       		.uleb128 0x6
 692 0040 2E       		.uleb128 0x2e
 693 0041 01       		.byte	0x1
 694 0042 3F       		.uleb128 0x3f
 695 0043 19       		.uleb128 0x19
 696 0044 03       		.uleb128 0x3
 697 0045 0E       		.uleb128 0xe
 698 0046 3A       		.uleb128 0x3a
 699 0047 0B       		.uleb128 0xb
 700 0048 3B       		.uleb128 0x3b
 701 0049 0B       		.uleb128 0xb
 702 004a 27       		.uleb128 0x27
 703 004b 19       		.uleb128 0x19
 704 004c 11       		.uleb128 0x11
 705 004d 01       		.uleb128 0x1
 706 004e 12       		.uleb128 0x12
 707 004f 06       		.uleb128 0x6
 708 0050 40       		.uleb128 0x40
 709 0051 18       		.uleb128 0x18
 710 0052 9742     		.uleb128 0x2117
 711 0054 19       		.uleb128 0x19
 712 0055 01       		.uleb128 0x1
 713 0056 13       		.uleb128 0x13
 714 0057 00       		.byte	0
 715 0058 00       		.byte	0
 716 0059 07       		.uleb128 0x7
 717 005a 898201   		.uleb128 0x4109
 718 005d 00       		.byte	0
 719 005e 11       		.uleb128 0x11
 720 005f 01       		.uleb128 0x1
 721 0060 31       		.uleb128 0x31
 722 0061 13       		.uleb128 0x13
ARM GAS  C:\Users\g\AppData\Local\Temp\ccsf8VBg.s 			page 17


 723 0062 00       		.byte	0
 724 0063 00       		.byte	0
 725 0064 08       		.uleb128 0x8
 726 0065 2E       		.uleb128 0x2e
 727 0066 01       		.byte	0x1
 728 0067 3F       		.uleb128 0x3f
 729 0068 19       		.uleb128 0x19
 730 0069 03       		.uleb128 0x3
 731 006a 0E       		.uleb128 0xe
 732 006b 3A       		.uleb128 0x3a
 733 006c 0B       		.uleb128 0xb
 734 006d 3B       		.uleb128 0x3b
 735 006e 0B       		.uleb128 0xb
 736 006f 27       		.uleb128 0x27
 737 0070 19       		.uleb128 0x19
 738 0071 49       		.uleb128 0x49
 739 0072 13       		.uleb128 0x13
 740 0073 11       		.uleb128 0x11
 741 0074 01       		.uleb128 0x1
 742 0075 12       		.uleb128 0x12
 743 0076 06       		.uleb128 0x6
 744 0077 40       		.uleb128 0x40
 745 0078 18       		.uleb128 0x18
 746 0079 9742     		.uleb128 0x2117
 747 007b 19       		.uleb128 0x19
 748 007c 01       		.uleb128 0x1
 749 007d 13       		.uleb128 0x13
 750 007e 00       		.byte	0
 751 007f 00       		.byte	0
 752 0080 09       		.uleb128 0x9
 753 0081 05       		.uleb128 0x5
 754 0082 00       		.byte	0
 755 0083 03       		.uleb128 0x3
 756 0084 0E       		.uleb128 0xe
 757 0085 3A       		.uleb128 0x3a
 758 0086 0B       		.uleb128 0xb
 759 0087 3B       		.uleb128 0x3b
 760 0088 0B       		.uleb128 0xb
 761 0089 49       		.uleb128 0x49
 762 008a 13       		.uleb128 0x13
 763 008b 02       		.uleb128 0x2
 764 008c 17       		.uleb128 0x17
 765 008d 00       		.byte	0
 766 008e 00       		.byte	0
 767 008f 0A       		.uleb128 0xa
 768 0090 34       		.uleb128 0x34
 769 0091 00       		.byte	0
 770 0092 03       		.uleb128 0x3
 771 0093 0E       		.uleb128 0xe
 772 0094 3A       		.uleb128 0x3a
 773 0095 0B       		.uleb128 0xb
 774 0096 3B       		.uleb128 0x3b
 775 0097 0B       		.uleb128 0xb
 776 0098 49       		.uleb128 0x49
 777 0099 13       		.uleb128 0x13
 778 009a 02       		.uleb128 0x2
 779 009b 17       		.uleb128 0x17
ARM GAS  C:\Users\g\AppData\Local\Temp\ccsf8VBg.s 			page 18


 780 009c 00       		.byte	0
 781 009d 00       		.byte	0
 782 009e 0B       		.uleb128 0xb
 783 009f 34       		.uleb128 0x34
 784 00a0 00       		.byte	0
 785 00a1 03       		.uleb128 0x3
 786 00a2 08       		.uleb128 0x8
 787 00a3 3A       		.uleb128 0x3a
 788 00a4 0B       		.uleb128 0xb
 789 00a5 3B       		.uleb128 0x3b
 790 00a6 0B       		.uleb128 0xb
 791 00a7 49       		.uleb128 0x49
 792 00a8 13       		.uleb128 0x13
 793 00a9 02       		.uleb128 0x2
 794 00aa 17       		.uleb128 0x17
 795 00ab 00       		.byte	0
 796 00ac 00       		.byte	0
 797 00ad 0C       		.uleb128 0xc
 798 00ae 898201   		.uleb128 0x4109
 799 00b1 01       		.byte	0x1
 800 00b2 11       		.uleb128 0x11
 801 00b3 01       		.uleb128 0x1
 802 00b4 31       		.uleb128 0x31
 803 00b5 13       		.uleb128 0x13
 804 00b6 01       		.uleb128 0x1
 805 00b7 13       		.uleb128 0x13
 806 00b8 00       		.byte	0
 807 00b9 00       		.byte	0
 808 00ba 0D       		.uleb128 0xd
 809 00bb 8A8201   		.uleb128 0x410a
 810 00be 00       		.byte	0
 811 00bf 02       		.uleb128 0x2
 812 00c0 18       		.uleb128 0x18
 813 00c1 9142     		.uleb128 0x2111
 814 00c3 18       		.uleb128 0x18
 815 00c4 00       		.byte	0
 816 00c5 00       		.byte	0
 817 00c6 0E       		.uleb128 0xe
 818 00c7 898201   		.uleb128 0x4109
 819 00ca 01       		.byte	0x1
 820 00cb 11       		.uleb128 0x11
 821 00cc 01       		.uleb128 0x1
 822 00cd 31       		.uleb128 0x31
 823 00ce 13       		.uleb128 0x13
 824 00cf 00       		.byte	0
 825 00d0 00       		.byte	0
 826 00d1 0F       		.uleb128 0xf
 827 00d2 26       		.uleb128 0x26
 828 00d3 00       		.byte	0
 829 00d4 49       		.uleb128 0x49
 830 00d5 13       		.uleb128 0x13
 831 00d6 00       		.byte	0
 832 00d7 00       		.byte	0
 833 00d8 10       		.uleb128 0x10
 834 00d9 2E       		.uleb128 0x2e
 835 00da 00       		.byte	0
 836 00db 3F       		.uleb128 0x3f
ARM GAS  C:\Users\g\AppData\Local\Temp\ccsf8VBg.s 			page 19


 837 00dc 19       		.uleb128 0x19
 838 00dd 03       		.uleb128 0x3
 839 00de 0E       		.uleb128 0xe
 840 00df 3A       		.uleb128 0x3a
 841 00e0 0B       		.uleb128 0xb
 842 00e1 3B       		.uleb128 0x3b
 843 00e2 0B       		.uleb128 0xb
 844 00e3 27       		.uleb128 0x27
 845 00e4 19       		.uleb128 0x19
 846 00e5 3C       		.uleb128 0x3c
 847 00e6 19       		.uleb128 0x19
 848 00e7 00       		.byte	0
 849 00e8 00       		.byte	0
 850 00e9 11       		.uleb128 0x11
 851 00ea 2E       		.uleb128 0x2e
 852 00eb 00       		.byte	0
 853 00ec 3F       		.uleb128 0x3f
 854 00ed 19       		.uleb128 0x19
 855 00ee 03       		.uleb128 0x3
 856 00ef 0E       		.uleb128 0xe
 857 00f0 3A       		.uleb128 0x3a
 858 00f1 0B       		.uleb128 0xb
 859 00f2 3B       		.uleb128 0x3b
 860 00f3 05       		.uleb128 0x5
 861 00f4 27       		.uleb128 0x27
 862 00f5 19       		.uleb128 0x19
 863 00f6 3C       		.uleb128 0x3c
 864 00f7 19       		.uleb128 0x19
 865 00f8 00       		.byte	0
 866 00f9 00       		.byte	0
 867 00fa 12       		.uleb128 0x12
 868 00fb 2E       		.uleb128 0x2e
 869 00fc 00       		.byte	0
 870 00fd 3F       		.uleb128 0x3f
 871 00fe 19       		.uleb128 0x19
 872 00ff 03       		.uleb128 0x3
 873 0100 0E       		.uleb128 0xe
 874 0101 3A       		.uleb128 0x3a
 875 0102 0B       		.uleb128 0xb
 876 0103 3B       		.uleb128 0x3b
 877 0104 05       		.uleb128 0x5
 878 0105 27       		.uleb128 0x27
 879 0106 19       		.uleb128 0x19
 880 0107 49       		.uleb128 0x49
 881 0108 13       		.uleb128 0x13
 882 0109 3C       		.uleb128 0x3c
 883 010a 19       		.uleb128 0x19
 884 010b 00       		.byte	0
 885 010c 00       		.byte	0
 886 010d 13       		.uleb128 0x13
 887 010e 2E       		.uleb128 0x2e
 888 010f 01       		.byte	0x1
 889 0110 3F       		.uleb128 0x3f
 890 0111 19       		.uleb128 0x19
 891 0112 03       		.uleb128 0x3
 892 0113 0E       		.uleb128 0xe
 893 0114 3A       		.uleb128 0x3a
ARM GAS  C:\Users\g\AppData\Local\Temp\ccsf8VBg.s 			page 20


 894 0115 0B       		.uleb128 0xb
 895 0116 3B       		.uleb128 0x3b
 896 0117 0B       		.uleb128 0xb
 897 0118 27       		.uleb128 0x27
 898 0119 19       		.uleb128 0x19
 899 011a 3C       		.uleb128 0x3c
 900 011b 19       		.uleb128 0x19
 901 011c 01       		.uleb128 0x1
 902 011d 13       		.uleb128 0x13
 903 011e 00       		.byte	0
 904 011f 00       		.byte	0
 905 0120 14       		.uleb128 0x14
 906 0121 05       		.uleb128 0x5
 907 0122 00       		.byte	0
 908 0123 49       		.uleb128 0x49
 909 0124 13       		.uleb128 0x13
 910 0125 00       		.byte	0
 911 0126 00       		.byte	0
 912 0127 15       		.uleb128 0x15
 913 0128 2E       		.uleb128 0x2e
 914 0129 01       		.byte	0x1
 915 012a 3F       		.uleb128 0x3f
 916 012b 19       		.uleb128 0x19
 917 012c 03       		.uleb128 0x3
 918 012d 0E       		.uleb128 0xe
 919 012e 3A       		.uleb128 0x3a
 920 012f 0B       		.uleb128 0xb
 921 0130 3B       		.uleb128 0x3b
 922 0131 05       		.uleb128 0x5
 923 0132 27       		.uleb128 0x27
 924 0133 19       		.uleb128 0x19
 925 0134 3C       		.uleb128 0x3c
 926 0135 19       		.uleb128 0x19
 927 0136 00       		.byte	0
 928 0137 00       		.byte	0
 929 0138 00       		.byte	0
 930              		.section	.debug_loc,"",%progbits
 931              	.Ldebug_loc0:
 932              	.LLST0:
 933 0000 00000000 		.4byte	.LVL4
 934 0004 18000000 		.4byte	.LVL7
 935 0008 0100     		.2byte	0x1
 936 000a 50       		.byte	0x50
 937 000b 18000000 		.4byte	.LVL7
 938 000f 68000000 		.4byte	.LVL24
 939 0013 0100     		.2byte	0x1
 940 0015 57       		.byte	0x57
 941 0016 68000000 		.4byte	.LVL24
 942 001a 72000000 		.4byte	.LVL28
 943 001e 0100     		.2byte	0x1
 944 0020 50       		.byte	0x50
 945 0021 72000000 		.4byte	.LVL28
 946 0025 78000000 		.4byte	.LFE3
 947 0029 0400     		.2byte	0x4
 948 002b F3       		.byte	0xf3
 949 002c 01       		.uleb128 0x1
 950 002d 50       		.byte	0x50
ARM GAS  C:\Users\g\AppData\Local\Temp\ccsf8VBg.s 			page 21


 951 002e 9F       		.byte	0x9f
 952 002f 00000000 		.4byte	0
 953 0033 00000000 		.4byte	0
 954              	.LLST1:
 955 0037 00000000 		.4byte	.LVL4
 956 003b 18000000 		.4byte	.LVL7
 957 003f 0100     		.2byte	0x1
 958 0041 51       		.byte	0x51
 959 0042 18000000 		.4byte	.LVL7
 960 0046 68000000 		.4byte	.LVL24
 961 004a 0400     		.2byte	0x4
 962 004c F3       		.byte	0xf3
 963 004d 01       		.uleb128 0x1
 964 004e 51       		.byte	0x51
 965 004f 9F       		.byte	0x9f
 966 0050 68000000 		.4byte	.LVL24
 967 0054 72000000 		.4byte	.LVL28
 968 0058 0100     		.2byte	0x1
 969 005a 51       		.byte	0x51
 970 005b 72000000 		.4byte	.LVL28
 971 005f 78000000 		.4byte	.LFE3
 972 0063 0400     		.2byte	0x4
 973 0065 F3       		.byte	0xf3
 974 0066 01       		.uleb128 0x1
 975 0067 51       		.byte	0x51
 976 0068 9F       		.byte	0x9f
 977 0069 00000000 		.4byte	0
 978 006d 00000000 		.4byte	0
 979              	.LLST2:
 980 0071 00000000 		.4byte	.LVL4
 981 0075 18000000 		.4byte	.LVL7
 982 0079 0100     		.2byte	0x1
 983 007b 52       		.byte	0x52
 984 007c 18000000 		.4byte	.LVL7
 985 0080 58000000 		.4byte	.LVL21
 986 0084 0100     		.2byte	0x1
 987 0086 56       		.byte	0x56
 988 0087 58000000 		.4byte	.LVL21
 989 008b 68000000 		.4byte	.LVL24
 990 008f 0400     		.2byte	0x4
 991 0091 F3       		.byte	0xf3
 992 0092 01       		.uleb128 0x1
 993 0093 52       		.byte	0x52
 994 0094 9F       		.byte	0x9f
 995 0095 68000000 		.4byte	.LVL24
 996 0099 72000000 		.4byte	.LVL28
 997 009d 0100     		.2byte	0x1
 998 009f 52       		.byte	0x52
 999 00a0 72000000 		.4byte	.LVL28
 1000 00a4 78000000 		.4byte	.LFE3
 1001 00a8 0400     		.2byte	0x4
 1002 00aa F3       		.byte	0xf3
 1003 00ab 01       		.uleb128 0x1
 1004 00ac 52       		.byte	0x52
 1005 00ad 9F       		.byte	0x9f
 1006 00ae 00000000 		.4byte	0
 1007 00b2 00000000 		.4byte	0
ARM GAS  C:\Users\g\AppData\Local\Temp\ccsf8VBg.s 			page 22


 1008              	.LLST3:
 1009 00b6 00000000 		.4byte	.LVL4
 1010 00ba 18000000 		.4byte	.LVL7
 1011 00be 0100     		.2byte	0x1
 1012 00c0 53       		.byte	0x53
 1013 00c1 18000000 		.4byte	.LVL7
 1014 00c5 68000000 		.4byte	.LVL24
 1015 00c9 0400     		.2byte	0x4
 1016 00cb F3       		.byte	0xf3
 1017 00cc 01       		.uleb128 0x1
 1018 00cd 53       		.byte	0x53
 1019 00ce 9F       		.byte	0x9f
 1020 00cf 68000000 		.4byte	.LVL24
 1021 00d3 6A000000 		.4byte	.LVL25
 1022 00d7 0100     		.2byte	0x1
 1023 00d9 53       		.byte	0x53
 1024 00da 6A000000 		.4byte	.LVL25
 1025 00de 6E000000 		.4byte	.LVL26
 1026 00e2 0400     		.2byte	0x4
 1027 00e4 F3       		.byte	0xf3
 1028 00e5 01       		.uleb128 0x1
 1029 00e6 53       		.byte	0x53
 1030 00e7 9F       		.byte	0x9f
 1031 00e8 6E000000 		.4byte	.LVL26
 1032 00ec 70000000 		.4byte	.LVL27
 1033 00f0 0100     		.2byte	0x1
 1034 00f2 53       		.byte	0x53
 1035 00f3 70000000 		.4byte	.LVL27
 1036 00f7 78000000 		.4byte	.LFE3
 1037 00fb 0400     		.2byte	0x4
 1038 00fd F3       		.byte	0xf3
 1039 00fe 01       		.uleb128 0x1
 1040 00ff 53       		.byte	0x53
 1041 0100 9F       		.byte	0x9f
 1042 0101 00000000 		.4byte	0
 1043 0105 00000000 		.4byte	0
 1044              	.LLST4:
 1045 0109 04000000 		.4byte	.LVL5
 1046 010d 12000000 		.4byte	.LVL6
 1047 0111 0200     		.2byte	0x2
 1048 0113 31       		.byte	0x31
 1049 0114 9F       		.byte	0x9f
 1050 0115 12000000 		.4byte	.LVL6
 1051 0119 3C000000 		.4byte	.LVL16
 1052 011d 0200     		.2byte	0x2
 1053 011f 40       		.byte	0x40
 1054 0120 9F       		.byte	0x9f
 1055 0121 3C000000 		.4byte	.LVL16
 1056 0125 42000000 		.4byte	.LVL17
 1057 0129 0200     		.2byte	0x2
 1058 012b 30       		.byte	0x30
 1059 012c 9F       		.byte	0x9f
 1060 012d 42000000 		.4byte	.LVL17
 1061 0131 54000000 		.4byte	.LVL20
 1062 0135 0200     		.2byte	0x2
 1063 0137 40       		.byte	0x40
 1064 0138 9F       		.byte	0x9f
ARM GAS  C:\Users\g\AppData\Local\Temp\ccsf8VBg.s 			page 23


 1065 0139 54000000 		.4byte	.LVL20
 1066 013d 68000000 		.4byte	.LVL24
 1067 0141 0200     		.2byte	0x2
 1068 0143 91       		.byte	0x91
 1069 0144 64       		.sleb128 -28
 1070 0145 68000000 		.4byte	.LVL24
 1071 0149 72000000 		.4byte	.LVL28
 1072 014d 0200     		.2byte	0x2
 1073 014f 31       		.byte	0x31
 1074 0150 9F       		.byte	0x9f
 1075 0151 72000000 		.4byte	.LVL28
 1076 0155 78000000 		.4byte	.LFE3
 1077 0159 0200     		.2byte	0x2
 1078 015b 91       		.byte	0x91
 1079 015c 64       		.sleb128 -28
 1080 015d 00000000 		.4byte	0
 1081 0161 00000000 		.4byte	0
 1082              	.LLST5:
 1083 0165 18000000 		.4byte	.LVL7
 1084 0169 20000000 		.4byte	.LVL9
 1085 016d 0200     		.2byte	0x2
 1086 016f 30       		.byte	0x30
 1087 0170 9F       		.byte	0x9f
 1088 0171 26000000 		.4byte	.LVL11
 1089 0175 28000000 		.4byte	.LVL12
 1090 0179 0100     		.2byte	0x1
 1091 017b 50       		.byte	0x50
 1092 017c 28000000 		.4byte	.LVL12
 1093 0180 3A000000 		.4byte	.LVL15
 1094 0184 0100     		.2byte	0x1
 1095 0186 54       		.byte	0x54
 1096 0187 3A000000 		.4byte	.LVL15
 1097 018b 42000000 		.4byte	.LVL17
 1098 018f 0100     		.2byte	0x1
 1099 0191 55       		.byte	0x55
 1100 0192 42000000 		.4byte	.LVL17
 1101 0196 54000000 		.4byte	.LVL20
 1102 019a 0200     		.2byte	0x2
 1103 019c 30       		.byte	0x30
 1104 019d 9F       		.byte	0x9f
 1105 019e 54000000 		.4byte	.LVL20
 1106 01a2 68000000 		.4byte	.LVL24
 1107 01a6 0100     		.2byte	0x1
 1108 01a8 55       		.byte	0x55
 1109 01a9 00000000 		.4byte	0
 1110 01ad 00000000 		.4byte	0
 1111              	.LLST6:
 1112 01b1 18000000 		.4byte	.LVL7
 1113 01b5 20000000 		.4byte	.LVL9
 1114 01b9 0100     		.2byte	0x1
 1115 01bb 54       		.byte	0x54
 1116 01bc 42000000 		.4byte	.LVL17
 1117 01c0 54000000 		.4byte	.LVL20
 1118 01c4 0100     		.2byte	0x1
 1119 01c6 54       		.byte	0x54
 1120 01c7 00000000 		.4byte	0
 1121 01cb 00000000 		.4byte	0
ARM GAS  C:\Users\g\AppData\Local\Temp\ccsf8VBg.s 			page 24


 1122              	.LLST7:
 1123 01cf 54000000 		.4byte	.LVL20
 1124 01d3 58000000 		.4byte	.LVL21
 1125 01d7 0200     		.2byte	0x2
 1126 01d9 30       		.byte	0x30
 1127 01da 9F       		.byte	0x9f
 1128 01db 58000000 		.4byte	.LVL21
 1129 01df 68000000 		.4byte	.LVL24
 1130 01e3 0100     		.2byte	0x1
 1131 01e5 54       		.byte	0x54
 1132 01e6 00000000 		.4byte	0
 1133 01ea 00000000 		.4byte	0
 1134              	.LLST8:
 1135 01ee 00000000 		.4byte	.LVL29
 1136 01f2 11000000 		.4byte	.LVL31-1
 1137 01f6 0100     		.2byte	0x1
 1138 01f8 50       		.byte	0x50
 1139 01f9 11000000 		.4byte	.LVL31-1
 1140 01fd 18000000 		.4byte	.LVL33
 1141 0201 0400     		.2byte	0x4
 1142 0203 F3       		.byte	0xf3
 1143 0204 01       		.uleb128 0x1
 1144 0205 50       		.byte	0x50
 1145 0206 9F       		.byte	0x9f
 1146 0207 18000000 		.4byte	.LVL33
 1147 020b 1A000000 		.4byte	.LVL34
 1148 020f 0100     		.2byte	0x1
 1149 0211 50       		.byte	0x50
 1150 0212 1A000000 		.4byte	.LVL34
 1151 0216 1C000000 		.4byte	.LVL35
 1152 021a 0400     		.2byte	0x4
 1153 021c F3       		.byte	0xf3
 1154 021d 01       		.uleb128 0x1
 1155 021e 50       		.byte	0x50
 1156 021f 9F       		.byte	0x9f
 1157 0220 1C000000 		.4byte	.LVL35
 1158 0224 1E000000 		.4byte	.LVL36
 1159 0228 0100     		.2byte	0x1
 1160 022a 50       		.byte	0x50
 1161 022b 1E000000 		.4byte	.LVL36
 1162 022f 20000000 		.4byte	.LFE4
 1163 0233 0400     		.2byte	0x4
 1164 0235 F3       		.byte	0xf3
 1165 0236 01       		.uleb128 0x1
 1166 0237 50       		.byte	0x50
 1167 0238 9F       		.byte	0x9f
 1168 0239 00000000 		.4byte	0
 1169 023d 00000000 		.4byte	0
 1170              	.LLST9:
 1171 0241 00000000 		.4byte	.LVL29
 1172 0245 11000000 		.4byte	.LVL31-1
 1173 0249 0100     		.2byte	0x1
 1174 024b 51       		.byte	0x51
 1175 024c 11000000 		.4byte	.LVL31-1
 1176 0250 18000000 		.4byte	.LVL33
 1177 0254 0400     		.2byte	0x4
 1178 0256 F3       		.byte	0xf3
ARM GAS  C:\Users\g\AppData\Local\Temp\ccsf8VBg.s 			page 25


 1179 0257 01       		.uleb128 0x1
 1180 0258 51       		.byte	0x51
 1181 0259 9F       		.byte	0x9f
 1182 025a 18000000 		.4byte	.LVL33
 1183 025e 1E000000 		.4byte	.LVL36
 1184 0262 0100     		.2byte	0x1
 1185 0264 51       		.byte	0x51
 1186 0265 1E000000 		.4byte	.LVL36
 1187 0269 20000000 		.4byte	.LFE4
 1188 026d 0400     		.2byte	0x4
 1189 026f F3       		.byte	0xf3
 1190 0270 01       		.uleb128 0x1
 1191 0271 51       		.byte	0x51
 1192 0272 9F       		.byte	0x9f
 1193 0273 00000000 		.4byte	0
 1194 0277 00000000 		.4byte	0
 1195              	.LLST10:
 1196 027b 00000000 		.4byte	.LVL29
 1197 027f 11000000 		.4byte	.LVL31-1
 1198 0283 0100     		.2byte	0x1
 1199 0285 52       		.byte	0x52
 1200 0286 11000000 		.4byte	.LVL31-1
 1201 028a 18000000 		.4byte	.LVL33
 1202 028e 0100     		.2byte	0x1
 1203 0290 55       		.byte	0x55
 1204 0291 18000000 		.4byte	.LVL33
 1205 0295 1E000000 		.4byte	.LVL36
 1206 0299 0100     		.2byte	0x1
 1207 029b 52       		.byte	0x52
 1208 029c 1E000000 		.4byte	.LVL36
 1209 02a0 1E000000 		.4byte	.LVL37
 1210 02a4 0100     		.2byte	0x1
 1211 02a6 55       		.byte	0x55
 1212 02a7 1E000000 		.4byte	.LVL37
 1213 02ab 20000000 		.4byte	.LFE4
 1214 02af 0400     		.2byte	0x4
 1215 02b1 F3       		.byte	0xf3
 1216 02b2 01       		.uleb128 0x1
 1217 02b3 52       		.byte	0x52
 1218 02b4 9F       		.byte	0x9f
 1219 02b5 00000000 		.4byte	0
 1220 02b9 00000000 		.4byte	0
 1221              	.LLST11:
 1222 02bd 00000000 		.4byte	.LVL29
 1223 02c1 11000000 		.4byte	.LVL31-1
 1224 02c5 0100     		.2byte	0x1
 1225 02c7 53       		.byte	0x53
 1226 02c8 11000000 		.4byte	.LVL31-1
 1227 02cc 18000000 		.4byte	.LVL33
 1228 02d0 0400     		.2byte	0x4
 1229 02d2 F3       		.byte	0xf3
 1230 02d3 01       		.uleb128 0x1
 1231 02d4 53       		.byte	0x53
 1232 02d5 9F       		.byte	0x9f
 1233 02d6 18000000 		.4byte	.LVL33
 1234 02da 1E000000 		.4byte	.LVL36
 1235 02de 0100     		.2byte	0x1
ARM GAS  C:\Users\g\AppData\Local\Temp\ccsf8VBg.s 			page 26


 1236 02e0 53       		.byte	0x53
 1237 02e1 1E000000 		.4byte	.LVL36
 1238 02e5 20000000 		.4byte	.LFE4
 1239 02e9 0400     		.2byte	0x4
 1240 02eb F3       		.byte	0xf3
 1241 02ec 01       		.uleb128 0x1
 1242 02ed 53       		.byte	0x53
 1243 02ee 9F       		.byte	0x9f
 1244 02ef 00000000 		.4byte	0
 1245 02f3 00000000 		.4byte	0
 1246              	.LLST12:
 1247 02f7 06000000 		.4byte	.LVL30
 1248 02fb 14000000 		.4byte	.LVL32
 1249 02ff 0200     		.2byte	0x2
 1250 0301 31       		.byte	0x31
 1251 0302 9F       		.byte	0x9f
 1252 0303 14000000 		.4byte	.LVL32
 1253 0307 18000000 		.4byte	.LVL33
 1254 030b 0200     		.2byte	0x2
 1255 030d 30       		.byte	0x30
 1256 030e 9F       		.byte	0x9f
 1257 030f 18000000 		.4byte	.LVL33
 1258 0313 1E000000 		.4byte	.LVL36
 1259 0317 0200     		.2byte	0x2
 1260 0319 31       		.byte	0x31
 1261 031a 9F       		.byte	0x9f
 1262 031b 1E000000 		.4byte	.LVL36
 1263 031f 20000000 		.4byte	.LFE4
 1264 0323 0100     		.2byte	0x1
 1265 0325 50       		.byte	0x50
 1266 0326 00000000 		.4byte	0
 1267 032a 00000000 		.4byte	0
 1268              		.section	.debug_aranges,"",%progbits
 1269 0000 3C000000 		.4byte	0x3c
 1270 0004 0200     		.2byte	0x2
 1271 0006 00000000 		.4byte	.Ldebug_info0
 1272 000a 04       		.byte	0x4
 1273 000b 00       		.byte	0
 1274 000c 0000     		.2byte	0
 1275 000e 0000     		.2byte	0
 1276 0010 00000000 		.4byte	.LFB0
 1277 0014 08000000 		.4byte	.LFE0-.LFB0
 1278 0018 00000000 		.4byte	.LFB1
 1279 001c 08000000 		.4byte	.LFE1-.LFB1
 1280 0020 00000000 		.4byte	.LFB2
 1281 0024 0C000000 		.4byte	.LFE2-.LFB2
 1282 0028 00000000 		.4byte	.LFB3
 1283 002c 78000000 		.4byte	.LFE3-.LFB3
 1284 0030 00000000 		.4byte	.LFB4
 1285 0034 20000000 		.4byte	.LFE4-.LFB4
 1286 0038 00000000 		.4byte	0
 1287 003c 00000000 		.4byte	0
 1288              		.section	.debug_ranges,"",%progbits
 1289              	.Ldebug_ranges0:
 1290 0000 00000000 		.4byte	.LFB0
 1291 0004 08000000 		.4byte	.LFE0
 1292 0008 00000000 		.4byte	.LFB1
ARM GAS  C:\Users\g\AppData\Local\Temp\ccsf8VBg.s 			page 27


 1293 000c 08000000 		.4byte	.LFE1
 1294 0010 00000000 		.4byte	.LFB2
 1295 0014 0C000000 		.4byte	.LFE2
 1296 0018 00000000 		.4byte	.LFB3
 1297 001c 78000000 		.4byte	.LFE3
 1298 0020 00000000 		.4byte	.LFB4
 1299 0024 20000000 		.4byte	.LFE4
 1300 0028 00000000 		.4byte	0
 1301 002c 00000000 		.4byte	0
 1302              		.section	.debug_line,"",%progbits
 1303              	.Ldebug_line0:
 1304 0000 3B010000 		.section	.debug_str,"MS",%progbits,1
 1304      02009200 
 1304      00000201 
 1304      FB0E0D00 
 1304      01010101 
 1305              	.LASF26:
 1306 0000 74696D65 		.ascii	"timeoutMs\000"
 1306      6F75744D 
 1306      7300
 1307              	.LASF15:
 1308 000a 63797374 		.ascii	"cystatus\000"
 1308      61747573 
 1308      00
 1309              	.LASF29:
 1310 0013 55415254 		.ascii	"UART_1_Start\000"
 1310      5F315F53 
 1310      74617274 
 1310      00
 1311              	.LASF22:
 1312 0020 636F756E 		.ascii	"count\000"
 1312      7400
 1313              	.LASF3:
 1314 0026 73686F72 		.ascii	"short unsigned int\000"
 1314      7420756E 
 1314      7369676E 
 1314      65642069 
 1314      6E7400
 1315              	.LASF35:
 1316 0039 55415254 		.ascii	"UART_1_SpiUartGetRxBufferSize\000"
 1316      5F315F53 
 1316      70695561 
 1316      72744765 
 1316      74527842 
 1317              	.LASF24:
 1318 0057 73746174 		.ascii	"status\000"
 1318      757300
 1319              	.LASF20:
 1320 005e 70446174 		.ascii	"pData\000"
 1320      6100
 1321              	.LASF12:
 1322 0064 666C6F61 		.ascii	"float\000"
 1322      7400
 1323              	.LASF40:
 1324 006a 55415254 		.ascii	"UART_1_SpiUartPutArray\000"
 1324      5F315F53 
 1324      70695561 
ARM GAS  C:\Users\g\AppData\Local\Temp\ccsf8VBg.s 			page 28


 1324      72745075 
 1324      74417272 
 1325              	.LASF21:
 1326 0081 73697A65 		.ascii	"size\000"
 1326      00
 1327              	.LASF38:
 1328 0086 2E5C4765 		.ascii	".\\Generated_Source\\PSoC4\\UART_1_UART_BOOT.c\000"
 1328      6E657261 
 1328      7465645F 
 1328      536F7572 
 1328      63655C50 
 1329              	.LASF30:
 1330 00b2 55415254 		.ascii	"UART_1_Stop\000"
 1330      5F315F53 
 1330      746F7000 
 1331              	.LASF5:
 1332 00be 6C6F6E67 		.ascii	"long unsigned int\000"
 1332      20756E73 
 1332      69676E65 
 1332      6420696E 
 1332      7400
 1333              	.LASF32:
 1334 00d0 55415254 		.ascii	"UART_1_SpiUartClearTxBuffer\000"
 1334      5F315F53 
 1334      70695561 
 1334      7274436C 
 1334      65617254 
 1335              	.LASF9:
 1336 00ec 75696E74 		.ascii	"uint8\000"
 1336      3800
 1337              	.LASF18:
 1338 00f2 55415254 		.ascii	"UART_1_UartCyBtldrCommStop\000"
 1338      5F315F55 
 1338      61727443 
 1338      7942746C 
 1338      6472436F 
 1339              	.LASF1:
 1340 010d 756E7369 		.ascii	"unsigned char\000"
 1340      676E6564 
 1340      20636861 
 1340      7200
 1341              	.LASF13:
 1342 011b 646F7562 		.ascii	"double\000"
 1342      6C6500
 1343              	.LASF31:
 1344 0122 55415254 		.ascii	"UART_1_SpiUartClearRxBuffer\000"
 1344      5F315F53 
 1344      70695561 
 1344      7274436C 
 1344      65617252 
 1345              	.LASF10:
 1346 013e 75696E74 		.ascii	"uint16\000"
 1346      313600
 1347              	.LASF27:
 1348 0145 55415254 		.ascii	"UART_1_UartCyBtldrCommRead\000"
 1348      5F315F55 
 1348      61727443 
ARM GAS  C:\Users\g\AppData\Local\Temp\ccsf8VBg.s 			page 29


 1348      7942746C 
 1348      6472436F 
 1349              	.LASF11:
 1350 0160 75696E74 		.ascii	"uint32\000"
 1350      333200
 1351              	.LASF28:
 1352 0167 55415254 		.ascii	"UART_1_UartCyBtldrCommWrite\000"
 1352      5F315F55 
 1352      61727443 
 1352      7942746C 
 1352      6472436F 
 1353              	.LASF8:
 1354 0183 756E7369 		.ascii	"unsigned int\000"
 1354      676E6564 
 1354      20696E74 
 1354      00
 1355              	.LASF7:
 1356 0190 6C6F6E67 		.ascii	"long long unsigned int\000"
 1356      206C6F6E 
 1356      6720756E 
 1356      7369676E 
 1356      65642069 
 1357              	.LASF25:
 1358 01a7 62797465 		.ascii	"byteCount\000"
 1358      436F756E 
 1358      7400
 1359              	.LASF36:
 1360 01b1 55415254 		.ascii	"UART_1_SpiUartReadRxData\000"
 1360      5F315F53 
 1360      70695561 
 1360      72745265 
 1360      61645278 
 1361              	.LASF23:
 1362 01ca 74696D65 		.ascii	"timeOut\000"
 1362      4F757400 
 1363              	.LASF16:
 1364 01d2 73697A65 		.ascii	"sizetype\000"
 1364      74797065 
 1364      00
 1365              	.LASF6:
 1366 01db 6C6F6E67 		.ascii	"long long int\000"
 1366      206C6F6E 
 1366      6720696E 
 1366      7400
 1367              	.LASF33:
 1368 01e9 43794465 		.ascii	"CyDelayUs\000"
 1368      6C617955 
 1368      7300
 1369              	.LASF14:
 1370 01f3 63686172 		.ascii	"char\000"
 1370      00
 1371              	.LASF39:
 1372 01f8 443A5C63 		.ascii	"D:\\code\\cypress\\SCB_Bootloader\\cncboot.cydsn\000"
 1372      6F64655C 
 1372      63797072 
 1372      6573735C 
 1372      5343425F 
ARM GAS  C:\Users\g\AppData\Local\Temp\ccsf8VBg.s 			page 30


 1373              	.LASF37:
 1374 0225 474E5520 		.ascii	"GNU C 4.9.3 20150303 (release) [ARM/embedded-4_9-br"
 1374      4320342E 
 1374      392E3320 
 1374      32303135 
 1374      30333033 
 1375 0258 616E6368 		.ascii	"anch revision 221220] -mcpu=cortex-m0 -mthumb -g -O"
 1375      20726576 
 1375      6973696F 
 1375      6E203232 
 1375      31323230 
 1376 028b 67202D66 		.ascii	"g -ffunction-sections -ffat-lto-objects\000"
 1376      66756E63 
 1376      74696F6E 
 1376      2D736563 
 1376      74696F6E 
 1377              	.LASF19:
 1378 02b3 55415254 		.ascii	"UART_1_UartCyBtldrCommReset\000"
 1378      5F315F55 
 1378      61727443 
 1378      7942746C 
 1378      6472436F 
 1379              	.LASF2:
 1380 02cf 73686F72 		.ascii	"short int\000"
 1380      7420696E 
 1380      7400
 1381              	.LASF17:
 1382 02d9 55415254 		.ascii	"UART_1_UartCyBtldrCommStart\000"
 1382      5F315F55 
 1382      61727443 
 1382      7942746C 
 1382      6472436F 
 1383              	.LASF4:
 1384 02f5 6C6F6E67 		.ascii	"long int\000"
 1384      20696E74 
 1384      00
 1385              	.LASF0:
 1386 02fe 7369676E 		.ascii	"signed char\000"
 1386      65642063 
 1386      68617200 
 1387              	.LASF34:
 1388 030a 43794465 		.ascii	"CyDelay\000"
 1388      6C617900 
 1389              		.ident	"GCC: (GNU Tools for ARM Embedded Processors) 4.9.3 20150303 (release) [ARM/embedded-4_9-br
