ARM GAS  C:\Users\g\AppData\Local\Temp\ccF9G43E.s 			page 1


   1              		.cpu cortex-m0
   2              		.fpu softvfp
   3              		.eabi_attribute 20, 1
   4              		.eabi_attribute 21, 1
   5              		.eabi_attribute 23, 3
   6              		.eabi_attribute 24, 1
   7              		.eabi_attribute 25, 1
   8              		.eabi_attribute 26, 1
   9              		.eabi_attribute 30, 1
  10              		.eabi_attribute 34, 0
  11              		.eabi_attribute 18, 4
  12              		.code	16
  13              		.file	"UART_UART_BOOT.c"
  14              		.text
  15              	.Ltext0:
  16              		.cfi_sections	.debug_frame
  17              		.section	.text.UART_UartCyBtldrCommStart,"ax",%progbits
  18              		.align	2
  19              		.global	UART_UartCyBtldrCommStart
  20              		.code	16
  21              		.thumb_func
  22              		.type	UART_UartCyBtldrCommStart, %function
  23              	UART_UartCyBtldrCommStart:
  24              	.LFB0:
  25              		.file 1 "Generated_Source\\PSoC4\\UART_UART_BOOT.c"
   1:Generated_Source\PSoC4/UART_UART_BOOT.c **** /***************************************************************************//**
   2:Generated_Source\PSoC4/UART_UART_BOOT.c **** * \file UART_UART_BOOT.c
   3:Generated_Source\PSoC4/UART_UART_BOOT.c **** * \version 3.20
   4:Generated_Source\PSoC4/UART_UART_BOOT.c **** *
   5:Generated_Source\PSoC4/UART_UART_BOOT.c **** * \brief
   6:Generated_Source\PSoC4/UART_UART_BOOT.c **** *  This file provides the source code of the bootloader communication APIs
   7:Generated_Source\PSoC4/UART_UART_BOOT.c **** *  for the SCB Component UART mode.
   8:Generated_Source\PSoC4/UART_UART_BOOT.c **** *
   9:Generated_Source\PSoC4/UART_UART_BOOT.c **** * Note:
  10:Generated_Source\PSoC4/UART_UART_BOOT.c **** *
  11:Generated_Source\PSoC4/UART_UART_BOOT.c **** ********************************************************************************
  12:Generated_Source\PSoC4/UART_UART_BOOT.c **** * \copyright
  13:Generated_Source\PSoC4/UART_UART_BOOT.c **** * Copyright 2013-2016, Cypress Semiconductor Corporation.  All rights reserved.
  14:Generated_Source\PSoC4/UART_UART_BOOT.c **** * You may use this file only in accordance with the license, terms, conditions,
  15:Generated_Source\PSoC4/UART_UART_BOOT.c **** * disclaimers, and limitations in the end user license agreement accompanying
  16:Generated_Source\PSoC4/UART_UART_BOOT.c **** * the software package with which this file was provided.
  17:Generated_Source\PSoC4/UART_UART_BOOT.c **** *******************************************************************************/
  18:Generated_Source\PSoC4/UART_UART_BOOT.c **** 
  19:Generated_Source\PSoC4/UART_UART_BOOT.c **** #include "UART_BOOT.h"
  20:Generated_Source\PSoC4/UART_UART_BOOT.c **** #include "UART_SPI_UART.h"
  21:Generated_Source\PSoC4/UART_UART_BOOT.c **** 
  22:Generated_Source\PSoC4/UART_UART_BOOT.c **** #if defined(CYDEV_BOOTLOADER_IO_COMP) && (UART_UART_BTLDR_COMM_ENABLED)
  23:Generated_Source\PSoC4/UART_UART_BOOT.c **** 
  24:Generated_Source\PSoC4/UART_UART_BOOT.c **** /*******************************************************************************
  25:Generated_Source\PSoC4/UART_UART_BOOT.c **** * Function Name: UART_UartCyBtldrCommStart
  26:Generated_Source\PSoC4/UART_UART_BOOT.c **** ****************************************************************************//**
  27:Generated_Source\PSoC4/UART_UART_BOOT.c **** *
  28:Generated_Source\PSoC4/UART_UART_BOOT.c **** *  Starts the UART component.
  29:Generated_Source\PSoC4/UART_UART_BOOT.c **** *
  30:Generated_Source\PSoC4/UART_UART_BOOT.c **** *******************************************************************************/
  31:Generated_Source\PSoC4/UART_UART_BOOT.c **** void UART_UartCyBtldrCommStart(void)
  32:Generated_Source\PSoC4/UART_UART_BOOT.c **** {
ARM GAS  C:\Users\g\AppData\Local\Temp\ccF9G43E.s 			page 2


  26              		.loc 1 32 0
  27              		.cfi_startproc
  28 0000 08B5     		push	{r3, lr}
  29              		.cfi_def_cfa_offset 8
  30              		.cfi_offset 3, -8
  31              		.cfi_offset 14, -4
  33:Generated_Source\PSoC4/UART_UART_BOOT.c ****     UART_Start();
  32              		.loc 1 33 0
  33 0002 FFF7FEFF 		bl	UART_Start
  34              	.LVL0:
  34:Generated_Source\PSoC4/UART_UART_BOOT.c **** }
  35              		.loc 1 34 0
  36              		@ sp needed
  37 0006 08BD     		pop	{r3, pc}
  38              		.cfi_endproc
  39              	.LFE0:
  40              		.size	UART_UartCyBtldrCommStart, .-UART_UartCyBtldrCommStart
  41              		.section	.text.UART_UartCyBtldrCommStop,"ax",%progbits
  42              		.align	2
  43              		.global	UART_UartCyBtldrCommStop
  44              		.code	16
  45              		.thumb_func
  46              		.type	UART_UartCyBtldrCommStop, %function
  47              	UART_UartCyBtldrCommStop:
  48              	.LFB1:
  35:Generated_Source\PSoC4/UART_UART_BOOT.c **** 
  36:Generated_Source\PSoC4/UART_UART_BOOT.c **** 
  37:Generated_Source\PSoC4/UART_UART_BOOT.c **** /*******************************************************************************
  38:Generated_Source\PSoC4/UART_UART_BOOT.c **** * Function Name: UART_UartCyBtldrCommStop
  39:Generated_Source\PSoC4/UART_UART_BOOT.c **** ****************************************************************************//**
  40:Generated_Source\PSoC4/UART_UART_BOOT.c **** *
  41:Generated_Source\PSoC4/UART_UART_BOOT.c **** *  Disables the UART component.
  42:Generated_Source\PSoC4/UART_UART_BOOT.c **** *
  43:Generated_Source\PSoC4/UART_UART_BOOT.c **** *******************************************************************************/
  44:Generated_Source\PSoC4/UART_UART_BOOT.c **** void UART_UartCyBtldrCommStop(void)
  45:Generated_Source\PSoC4/UART_UART_BOOT.c **** {
  49              		.loc 1 45 0
  50              		.cfi_startproc
  51 0000 08B5     		push	{r3, lr}
  52              		.cfi_def_cfa_offset 8
  53              		.cfi_offset 3, -8
  54              		.cfi_offset 14, -4
  46:Generated_Source\PSoC4/UART_UART_BOOT.c ****     UART_Stop();
  55              		.loc 1 46 0
  56 0002 FFF7FEFF 		bl	UART_Stop
  57              	.LVL1:
  47:Generated_Source\PSoC4/UART_UART_BOOT.c **** }
  58              		.loc 1 47 0
  59              		@ sp needed
  60 0006 08BD     		pop	{r3, pc}
  61              		.cfi_endproc
  62              	.LFE1:
  63              		.size	UART_UartCyBtldrCommStop, .-UART_UartCyBtldrCommStop
  64              		.section	.text.UART_UartCyBtldrCommReset,"ax",%progbits
  65              		.align	2
  66              		.global	UART_UartCyBtldrCommReset
  67              		.code	16
ARM GAS  C:\Users\g\AppData\Local\Temp\ccF9G43E.s 			page 3


  68              		.thumb_func
  69              		.type	UART_UartCyBtldrCommReset, %function
  70              	UART_UartCyBtldrCommReset:
  71              	.LFB2:
  48:Generated_Source\PSoC4/UART_UART_BOOT.c **** 
  49:Generated_Source\PSoC4/UART_UART_BOOT.c **** 
  50:Generated_Source\PSoC4/UART_UART_BOOT.c **** /*******************************************************************************
  51:Generated_Source\PSoC4/UART_UART_BOOT.c **** * Function Name: UART_UartCyBtldrCommReset
  52:Generated_Source\PSoC4/UART_UART_BOOT.c **** ****************************************************************************//**
  53:Generated_Source\PSoC4/UART_UART_BOOT.c **** *
  54:Generated_Source\PSoC4/UART_UART_BOOT.c **** *  Resets the receive and transmit communication buffers.
  55:Generated_Source\PSoC4/UART_UART_BOOT.c **** *
  56:Generated_Source\PSoC4/UART_UART_BOOT.c **** *******************************************************************************/
  57:Generated_Source\PSoC4/UART_UART_BOOT.c **** void UART_UartCyBtldrCommReset(void)
  58:Generated_Source\PSoC4/UART_UART_BOOT.c **** {
  72              		.loc 1 58 0
  73              		.cfi_startproc
  74 0000 08B5     		push	{r3, lr}
  75              		.cfi_def_cfa_offset 8
  76              		.cfi_offset 3, -8
  77              		.cfi_offset 14, -4
  59:Generated_Source\PSoC4/UART_UART_BOOT.c ****     /* Clear RX and TX buffers */
  60:Generated_Source\PSoC4/UART_UART_BOOT.c ****     UART_SpiUartClearRxBuffer();
  78              		.loc 1 60 0
  79 0002 FFF7FEFF 		bl	UART_SpiUartClearRxBuffer
  80              	.LVL2:
  61:Generated_Source\PSoC4/UART_UART_BOOT.c ****     UART_SpiUartClearTxBuffer();
  81              		.loc 1 61 0
  82 0006 FFF7FEFF 		bl	UART_SpiUartClearTxBuffer
  83              	.LVL3:
  62:Generated_Source\PSoC4/UART_UART_BOOT.c **** }
  84              		.loc 1 62 0
  85              		@ sp needed
  86 000a 08BD     		pop	{r3, pc}
  87              		.cfi_endproc
  88              	.LFE2:
  89              		.size	UART_UartCyBtldrCommReset, .-UART_UartCyBtldrCommReset
  90              		.section	.text.UART_UartCyBtldrCommRead,"ax",%progbits
  91              		.align	2
  92              		.global	UART_UartCyBtldrCommRead
  93              		.code	16
  94              		.thumb_func
  95              		.type	UART_UartCyBtldrCommRead, %function
  96              	UART_UartCyBtldrCommRead:
  97              	.LFB3:
  63:Generated_Source\PSoC4/UART_UART_BOOT.c **** 
  64:Generated_Source\PSoC4/UART_UART_BOOT.c **** 
  65:Generated_Source\PSoC4/UART_UART_BOOT.c **** /*******************************************************************************
  66:Generated_Source\PSoC4/UART_UART_BOOT.c **** * Function Name: UART_UartCyBtldrCommRead
  67:Generated_Source\PSoC4/UART_UART_BOOT.c **** ****************************************************************************//**
  68:Generated_Source\PSoC4/UART_UART_BOOT.c **** *
  69:Generated_Source\PSoC4/UART_UART_BOOT.c **** *  Allows the caller to read data from the bootloader host (the host writes the
  70:Generated_Source\PSoC4/UART_UART_BOOT.c **** *  data). The function handles polling to allow a block of data to be completely
  71:Generated_Source\PSoC4/UART_UART_BOOT.c **** *  received from the host device.
  72:Generated_Source\PSoC4/UART_UART_BOOT.c **** *
  73:Generated_Source\PSoC4/UART_UART_BOOT.c **** *  \param pData: Pointer to storage for the block of data to be read from the
  74:Generated_Source\PSoC4/UART_UART_BOOT.c **** *   bootloader host
ARM GAS  C:\Users\g\AppData\Local\Temp\ccF9G43E.s 			page 4


  75:Generated_Source\PSoC4/UART_UART_BOOT.c **** *  \param size: Number of bytes to be read.
  76:Generated_Source\PSoC4/UART_UART_BOOT.c **** *  \param count: Pointer to the variable to write the number of bytes actually
  77:Generated_Source\PSoC4/UART_UART_BOOT.c **** *   read.
  78:Generated_Source\PSoC4/UART_UART_BOOT.c **** *  \param timeOut Number of units in 10 ms to wait before returning
  79:Generated_Source\PSoC4/UART_UART_BOOT.c **** *   because of a timeout.
  80:Generated_Source\PSoC4/UART_UART_BOOT.c **** *
  81:Generated_Source\PSoC4/UART_UART_BOOT.c **** *  \return
  82:Generated_Source\PSoC4/UART_UART_BOOT.c **** *   Returns CYRET_SUCCESS if no problem was encountered or returns the value
  83:Generated_Source\PSoC4/UART_UART_BOOT.c **** *   that best describes the problem. For more information refer to the
  84:Generated_Source\PSoC4/UART_UART_BOOT.c **** *   "Return Codes" section of the System Reference Guide.
  85:Generated_Source\PSoC4/UART_UART_BOOT.c **** *
  86:Generated_Source\PSoC4/UART_UART_BOOT.c **** *******************************************************************************/
  87:Generated_Source\PSoC4/UART_UART_BOOT.c **** cystatus UART_UartCyBtldrCommRead(uint8 pData[], uint16 size, uint16 * count, uint8 timeOut)
  88:Generated_Source\PSoC4/UART_UART_BOOT.c **** {
  98              		.loc 1 88 0
  99              		.cfi_startproc
 100              	.LVL4:
 101 0000 F0B5     		push	{r4, r5, r6, r7, lr}
 102              		.cfi_def_cfa_offset 20
 103              		.cfi_offset 4, -20
 104              		.cfi_offset 5, -16
 105              		.cfi_offset 6, -12
 106              		.cfi_offset 7, -8
 107              		.cfi_offset 14, -4
 108 0002 83B0     		sub	sp, sp, #12
 109              		.cfi_def_cfa_offset 32
 110              	.LVL5:
  89:Generated_Source\PSoC4/UART_UART_BOOT.c ****     cystatus status;
  90:Generated_Source\PSoC4/UART_UART_BOOT.c ****     uint32 byteCount;
  91:Generated_Source\PSoC4/UART_UART_BOOT.c ****     uint32 timeoutMs;
  92:Generated_Source\PSoC4/UART_UART_BOOT.c ****     uint32 i;
  93:Generated_Source\PSoC4/UART_UART_BOOT.c **** 
  94:Generated_Source\PSoC4/UART_UART_BOOT.c ****     status = CYRET_BAD_PARAM;
  95:Generated_Source\PSoC4/UART_UART_BOOT.c **** 
  96:Generated_Source\PSoC4/UART_UART_BOOT.c ****     if ((NULL != pData) && (size > 0u))
 111              		.loc 1 96 0
 112 0004 0028     		cmp	r0, #0
 113 0006 30D0     		beq	.L13
 114              		.loc 1 96 0 is_stmt 0 discriminator 1
 115 0008 0029     		cmp	r1, #0
 116 000a 31D0     		beq	.L14
 117 000c 161C     		mov	r6, r2
 118 000e 0D1C     		mov	r5, r1
 119 0010 071C     		mov	r7, r0
 120              	.LVL6:
  97:Generated_Source\PSoC4/UART_UART_BOOT.c ****     {
  98:Generated_Source\PSoC4/UART_UART_BOOT.c ****         status = CYRET_TIMEOUT;
  99:Generated_Source\PSoC4/UART_UART_BOOT.c ****         timeoutMs = ((uint32) 10u * timeOut); /* Convert from 10mS check to 1mS checks */
 121              		.loc 1 99 0 is_stmt 1
 122 0012 9C00     		lsl	r4, r3, #2
 123 0014 E418     		add	r4, r4, r3
 124 0016 6400     		lsl	r4, r4, #1
 125              	.LVL7:
 126              	.L10:
 100:Generated_Source\PSoC4/UART_UART_BOOT.c **** 
 101:Generated_Source\PSoC4/UART_UART_BOOT.c ****         /* Wait with timeout 1mS for packet end */
 102:Generated_Source\PSoC4/UART_UART_BOOT.c ****         byteCount = 0u;
ARM GAS  C:\Users\g\AppData\Local\Temp\ccF9G43E.s 			page 5


 103:Generated_Source\PSoC4/UART_UART_BOOT.c ****         do
 104:Generated_Source\PSoC4/UART_UART_BOOT.c ****         {
 105:Generated_Source\PSoC4/UART_UART_BOOT.c ****             /* Check packet start */
 106:Generated_Source\PSoC4/UART_UART_BOOT.c ****             if (0u != UART_SpiUartGetRxBufferSize())
 127              		.loc 1 106 0
 128 0018 FFF7FEFF 		bl	UART_SpiUartGetRxBufferSize
 129              	.LVL8:
 130 001c 0028     		cmp	r0, #0
 131 001e 11D0     		beq	.L6
 132              	.LVL9:
 133              	.L7:
 107:Generated_Source\PSoC4/UART_UART_BOOT.c ****             {
 108:Generated_Source\PSoC4/UART_UART_BOOT.c ****                 /* Wait for end of packet */
 109:Generated_Source\PSoC4/UART_UART_BOOT.c ****                 do
 110:Generated_Source\PSoC4/UART_UART_BOOT.c ****                 {
 111:Generated_Source\PSoC4/UART_UART_BOOT.c ****                     byteCount = UART_SpiUartGetRxBufferSize();
 134              		.loc 1 111 0 discriminator 1
 135 0020 FFF7FEFF 		bl	UART_SpiUartGetRxBufferSize
 136              	.LVL10:
 137 0024 041C     		mov	r4, r0
 138              	.LVL11:
 112:Generated_Source\PSoC4/UART_UART_BOOT.c ****                     CyDelayUs(UART_UART_BYTE_TO_BYTE);
 139              		.loc 1 112 0 discriminator 1
 140 0026 AD20     		mov	r0, #173
 141              	.LVL12:
 142 0028 4000     		lsl	r0, r0, #1
 143 002a FFF7FEFF 		bl	CyDelayUs
 144              	.LVL13:
 113:Generated_Source\PSoC4/UART_UART_BOOT.c ****                 }
 114:Generated_Source\PSoC4/UART_UART_BOOT.c ****                 while (byteCount != UART_SpiUartGetRxBufferSize());
 145              		.loc 1 114 0 discriminator 1
 146 002e FFF7FEFF 		bl	UART_SpiUartGetRxBufferSize
 147              	.LVL14:
 148 0032 A042     		cmp	r0, r4
 149 0034 F4D1     		bne	.L7
 115:Generated_Source\PSoC4/UART_UART_BOOT.c **** 
 116:Generated_Source\PSoC4/UART_UART_BOOT.c ****                 byteCount = UART_BYTES_TO_COPY(byteCount, size);
 150              		.loc 1 116 0
 151 0036 A542     		cmp	r5, r4
 152 0038 00D9     		bls	.L8
 153 003a 251C     		mov	r5, r4
 154              	.L8:
 155              	.LVL15:
 117:Generated_Source\PSoC4/UART_UART_BOOT.c ****                 *count = (uint16) byteCount;
 156              		.loc 1 117 0
 157 003c 3580     		strh	r5, [r6]
 158              	.LVL16:
 118:Generated_Source\PSoC4/UART_UART_BOOT.c ****                 status = CYRET_SUCCESS;
 159              		.loc 1 118 0
 160 003e 0023     		mov	r3, #0
 161 0040 0193     		str	r3, [sp, #4]
 119:Generated_Source\PSoC4/UART_UART_BOOT.c **** 
 120:Generated_Source\PSoC4/UART_UART_BOOT.c ****                 break;
 162              		.loc 1 120 0
 163 0042 08E0     		b	.L9
 164              	.LVL17:
 165              	.L6:
ARM GAS  C:\Users\g\AppData\Local\Temp\ccF9G43E.s 			page 6


 121:Generated_Source\PSoC4/UART_UART_BOOT.c ****             }
 122:Generated_Source\PSoC4/UART_UART_BOOT.c **** 
 123:Generated_Source\PSoC4/UART_UART_BOOT.c ****             CyDelay(UART_WAIT_1_MS);
 166              		.loc 1 123 0
 167 0044 0120     		mov	r0, #1
 168 0046 FFF7FEFF 		bl	CyDelay
 169              	.LVL18:
 124:Generated_Source\PSoC4/UART_UART_BOOT.c ****             --timeoutMs;
 170              		.loc 1 124 0
 171 004a 013C     		sub	r4, r4, #1
 172              	.LVL19:
 125:Generated_Source\PSoC4/UART_UART_BOOT.c ****         }
 126:Generated_Source\PSoC4/UART_UART_BOOT.c ****         while (0u != timeoutMs);
 173              		.loc 1 126 0
 174 004c 002C     		cmp	r4, #0
 175 004e E3D1     		bne	.L10
 102:Generated_Source\PSoC4/UART_UART_BOOT.c ****         do
 176              		.loc 1 102 0
 177 0050 0025     		mov	r5, #0
  98:Generated_Source\PSoC4/UART_UART_BOOT.c ****         timeoutMs = ((uint32) 10u * timeOut); /* Convert from 10mS check to 1mS checks */
 178              		.loc 1 98 0
 179 0052 1023     		mov	r3, #16
 180 0054 0193     		str	r3, [sp, #4]
 181              	.LVL20:
 182              	.L9:
 127:Generated_Source\PSoC4/UART_UART_BOOT.c **** 
 128:Generated_Source\PSoC4/UART_UART_BOOT.c ****         /* Get data from RX buffer into bootloader buffer */
 129:Generated_Source\PSoC4/UART_UART_BOOT.c ****         for (i = 0u; i < byteCount; ++i)
 183              		.loc 1 129 0
 184 0056 0024     		mov	r4, #0
 185 0058 04E0     		b	.L11
 186              	.LVL21:
 187              	.L12:
 130:Generated_Source\PSoC4/UART_UART_BOOT.c ****         {
 131:Generated_Source\PSoC4/UART_UART_BOOT.c ****             pData[i] = (uint8) UART_SpiUartReadRxData();
 188              		.loc 1 131 0 discriminator 3
 189 005a 3E19     		add	r6, r7, r4
 190 005c FFF7FEFF 		bl	UART_SpiUartReadRxData
 191              	.LVL22:
 192 0060 3070     		strb	r0, [r6]
 129:Generated_Source\PSoC4/UART_UART_BOOT.c ****         {
 193              		.loc 1 129 0 discriminator 3
 194 0062 0134     		add	r4, r4, #1
 195              	.LVL23:
 196              	.L11:
 129:Generated_Source\PSoC4/UART_UART_BOOT.c ****         {
 197              		.loc 1 129 0 is_stmt 0 discriminator 1
 198 0064 AC42     		cmp	r4, r5
 199 0066 F8D3     		bcc	.L12
 200 0068 04E0     		b	.L5
 201              	.LVL24:
 202              	.L13:
  94:Generated_Source\PSoC4/UART_UART_BOOT.c **** 
 203              		.loc 1 94 0 is_stmt 1
 204 006a 0123     		mov	r3, #1
 205              	.LVL25:
 206 006c 0193     		str	r3, [sp, #4]
ARM GAS  C:\Users\g\AppData\Local\Temp\ccF9G43E.s 			page 7


 207 006e 01E0     		b	.L5
 208              	.LVL26:
 209              	.L14:
 210 0070 0123     		mov	r3, #1
 211              	.LVL27:
 212 0072 0193     		str	r3, [sp, #4]
 213              	.LVL28:
 214              	.L5:
 132:Generated_Source\PSoC4/UART_UART_BOOT.c ****         }
 133:Generated_Source\PSoC4/UART_UART_BOOT.c ****     }
 134:Generated_Source\PSoC4/UART_UART_BOOT.c **** 
 135:Generated_Source\PSoC4/UART_UART_BOOT.c ****     return (status);
 136:Generated_Source\PSoC4/UART_UART_BOOT.c **** }
 215              		.loc 1 136 0
 216 0074 0198     		ldr	r0, [sp, #4]
 217 0076 03B0     		add	sp, sp, #12
 218              		@ sp needed
 219 0078 F0BD     		pop	{r4, r5, r6, r7, pc}
 220              		.cfi_endproc
 221              	.LFE3:
 222              		.size	UART_UartCyBtldrCommRead, .-UART_UartCyBtldrCommRead
 223 007a C046     		.section	.text.UART_UartCyBtldrCommWrite,"ax",%progbits
 224              		.align	2
 225              		.global	UART_UartCyBtldrCommWrite
 226              		.code	16
 227              		.thumb_func
 228              		.type	UART_UartCyBtldrCommWrite, %function
 229              	UART_UartCyBtldrCommWrite:
 230              	.LFB4:
 137:Generated_Source\PSoC4/UART_UART_BOOT.c **** 
 138:Generated_Source\PSoC4/UART_UART_BOOT.c **** 
 139:Generated_Source\PSoC4/UART_UART_BOOT.c **** /*******************************************************************************
 140:Generated_Source\PSoC4/UART_UART_BOOT.c **** * Function Name: UART_UartCyBtldrCommWrite
 141:Generated_Source\PSoC4/UART_UART_BOOT.c **** ****************************************************************************//**
 142:Generated_Source\PSoC4/UART_UART_BOOT.c **** *
 143:Generated_Source\PSoC4/UART_UART_BOOT.c **** *  Allows the caller to write data to the bootloader host (the host reads the
 144:Generated_Source\PSoC4/UART_UART_BOOT.c **** *  data). The function does not use timeout and returns after data has been
 145:Generated_Source\PSoC4/UART_UART_BOOT.c **** *  copied into the transmit buffer. The data transmission starts immediately
 146:Generated_Source\PSoC4/UART_UART_BOOT.c **** *  after the first data element is written into the buffer and lasts until all
 147:Generated_Source\PSoC4/UART_UART_BOOT.c **** *  data elements from the buffer are sent.
 148:Generated_Source\PSoC4/UART_UART_BOOT.c **** *
 149:Generated_Source\PSoC4/UART_UART_BOOT.c **** *  \param pData: Pointer to the block of data to be written to the bootloader
 150:Generated_Source\PSoC4/UART_UART_BOOT.c **** *   host.
 151:Generated_Source\PSoC4/UART_UART_BOOT.c **** *  \param size: Number of bytes to be written.
 152:Generated_Source\PSoC4/UART_UART_BOOT.c **** *  \param count: Pointer to the variable to write the number of bytes actually
 153:Generated_Source\PSoC4/UART_UART_BOOT.c **** *   written.
 154:Generated_Source\PSoC4/UART_UART_BOOT.c **** *  \param timeOut: The timeout is not used by this function.
 155:Generated_Source\PSoC4/UART_UART_BOOT.c **** *   The function returns as soon as data is copied into the transmit buffer.
 156:Generated_Source\PSoC4/UART_UART_BOOT.c **** *
 157:Generated_Source\PSoC4/UART_UART_BOOT.c **** *  \return
 158:Generated_Source\PSoC4/UART_UART_BOOT.c **** *   Returns CYRET_SUCCESS if no problem was encountered or returns the value
 159:Generated_Source\PSoC4/UART_UART_BOOT.c **** *   that best describes the problem. For more information refer to the
 160:Generated_Source\PSoC4/UART_UART_BOOT.c **** *   "Return Codes" section of the System Reference Guide.
 161:Generated_Source\PSoC4/UART_UART_BOOT.c **** *
 162:Generated_Source\PSoC4/UART_UART_BOOT.c **** *******************************************************************************/
 163:Generated_Source\PSoC4/UART_UART_BOOT.c **** cystatus UART_UartCyBtldrCommWrite(const uint8 pData[], uint16 size, uint16 * count, uint8 timeOut)
 164:Generated_Source\PSoC4/UART_UART_BOOT.c **** {
ARM GAS  C:\Users\g\AppData\Local\Temp\ccF9G43E.s 			page 8


 231              		.loc 1 164 0
 232              		.cfi_startproc
 233              	.LVL29:
 234 0000 38B5     		push	{r3, r4, r5, lr}
 235              		.cfi_def_cfa_offset 16
 236              		.cfi_offset 3, -16
 237              		.cfi_offset 4, -12
 238              		.cfi_offset 5, -8
 239              		.cfi_offset 14, -4
 240 0002 0C1C     		mov	r4, r1
 241 0004 151C     		mov	r5, r2
 242              	.LVL30:
 165:Generated_Source\PSoC4/UART_UART_BOOT.c ****     cystatus status;
 166:Generated_Source\PSoC4/UART_UART_BOOT.c **** 
 167:Generated_Source\PSoC4/UART_UART_BOOT.c ****     status = CYRET_BAD_PARAM;
 168:Generated_Source\PSoC4/UART_UART_BOOT.c **** 
 169:Generated_Source\PSoC4/UART_UART_BOOT.c ****     if ((NULL != pData) && (size > 0u))
 243              		.loc 1 169 0
 244 0006 0028     		cmp	r0, #0
 245 0008 06D0     		beq	.L17
 246              		.loc 1 169 0 is_stmt 0 discriminator 1
 247 000a 0029     		cmp	r1, #0
 248 000c 06D0     		beq	.L18
 170:Generated_Source\PSoC4/UART_UART_BOOT.c ****     {
 171:Generated_Source\PSoC4/UART_UART_BOOT.c ****         /* Transmit data. This function does not wait until data is sent. */
 172:Generated_Source\PSoC4/UART_UART_BOOT.c ****         UART_SpiUartPutArray(pData, (uint32) size);
 249              		.loc 1 172 0 is_stmt 1
 250 000e FFF7FEFF 		bl	UART_SpiUartPutArray
 251              	.LVL31:
 173:Generated_Source\PSoC4/UART_UART_BOOT.c **** 
 174:Generated_Source\PSoC4/UART_UART_BOOT.c ****         *count = size;
 252              		.loc 1 174 0
 253 0012 2C80     		strh	r4, [r5]
 254              	.LVL32:
 175:Generated_Source\PSoC4/UART_UART_BOOT.c ****         status = CYRET_SUCCESS;
 255              		.loc 1 175 0
 256 0014 0020     		mov	r0, #0
 257 0016 02E0     		b	.L16
 258              	.LVL33:
 259              	.L17:
 167:Generated_Source\PSoC4/UART_UART_BOOT.c **** 
 260              		.loc 1 167 0
 261 0018 0120     		mov	r0, #1
 262              	.LVL34:
 263 001a 00E0     		b	.L16
 264              	.LVL35:
 265              	.L18:
 266 001c 0120     		mov	r0, #1
 267              	.LVL36:
 268              	.L16:
 176:Generated_Source\PSoC4/UART_UART_BOOT.c **** 
 177:Generated_Source\PSoC4/UART_UART_BOOT.c ****         if (0u != timeOut)
 178:Generated_Source\PSoC4/UART_UART_BOOT.c ****         {
 179:Generated_Source\PSoC4/UART_UART_BOOT.c ****             /* Suppress compiler warning */
 180:Generated_Source\PSoC4/UART_UART_BOOT.c ****         }
 181:Generated_Source\PSoC4/UART_UART_BOOT.c ****     }
 182:Generated_Source\PSoC4/UART_UART_BOOT.c **** 
ARM GAS  C:\Users\g\AppData\Local\Temp\ccF9G43E.s 			page 9


 183:Generated_Source\PSoC4/UART_UART_BOOT.c ****     return (status);
 184:Generated_Source\PSoC4/UART_UART_BOOT.c **** }
 269              		.loc 1 184 0
 270              		@ sp needed
 271              	.LVL37:
 272 001e 38BD     		pop	{r3, r4, r5, pc}
 273              		.cfi_endproc
 274              	.LFE4:
 275              		.size	UART_UartCyBtldrCommWrite, .-UART_UartCyBtldrCommWrite
 276              		.text
 277              	.Letext0:
 278              		.file 2 "Generated_Source\\PSoC4/cytypes.h"
 279              		.file 3 "Generated_Source\\PSoC4\\UART.h"
 280              		.file 4 "Generated_Source\\PSoC4\\UART_SPI_UART.h"
 281              		.file 5 "Generated_Source\\PSoC4/CyLib.h"
 282              		.section	.debug_info,"",%progbits
 283              	.Ldebug_info0:
 284 0000 F4020000 		.4byte	0x2f4
 285 0004 0400     		.2byte	0x4
 286 0006 00000000 		.4byte	.Ldebug_abbrev0
 287 000a 04       		.byte	0x4
 288 000b 01       		.uleb128 0x1
 289 000c B8010000 		.4byte	.LASF37
 290 0010 01       		.byte	0x1
 291 0011 46010000 		.4byte	.LASF38
 292 0015 8B010000 		.4byte	.LASF39
 293 0019 00000000 		.4byte	.Ldebug_ranges0+0
 294 001d 00000000 		.4byte	0
 295 0021 00000000 		.4byte	.Ldebug_line0
 296 0025 02       		.uleb128 0x2
 297 0026 01       		.byte	0x1
 298 0027 06       		.byte	0x6
 299 0028 C6020000 		.4byte	.LASF0
 300 002c 02       		.uleb128 0x2
 301 002d 01       		.byte	0x1
 302 002e 08       		.byte	0x8
 303 002f 8B000000 		.4byte	.LASF1
 304 0033 02       		.uleb128 0x2
 305 0034 02       		.byte	0x2
 306 0035 05       		.byte	0x5
 307 0036 46020000 		.4byte	.LASF2
 308 003a 02       		.uleb128 0x2
 309 003b 02       		.byte	0x2
 310 003c 07       		.byte	0x7
 311 003d 19000000 		.4byte	.LASF3
 312 0041 02       		.uleb128 0x2
 313 0042 04       		.byte	0x4
 314 0043 05       		.byte	0x5
 315 0044 A3020000 		.4byte	.LASF4
 316 0048 02       		.uleb128 0x2
 317 0049 04       		.byte	0x4
 318 004a 07       		.byte	0x7
 319 004b 5E000000 		.4byte	.LASF5
 320 004f 02       		.uleb128 0x2
 321 0050 08       		.byte	0x8
 322 0051 05       		.byte	0x5
 323 0052 6E010000 		.4byte	.LASF6
ARM GAS  C:\Users\g\AppData\Local\Temp\ccF9G43E.s 			page 10


 324 0056 02       		.uleb128 0x2
 325 0057 08       		.byte	0x8
 326 0058 07       		.byte	0x7
 327 0059 04010000 		.4byte	.LASF7
 328 005d 03       		.uleb128 0x3
 329 005e 04       		.byte	0x4
 330 005f 05       		.byte	0x5
 331 0060 696E7400 		.ascii	"int\000"
 332 0064 02       		.uleb128 0x2
 333 0065 04       		.byte	0x4
 334 0066 07       		.byte	0x7
 335 0067 F7000000 		.4byte	.LASF8
 336 006b 04       		.uleb128 0x4
 337 006c 70000000 		.4byte	.LASF9
 338 0070 02       		.byte	0x2
 339 0071 9801     		.2byte	0x198
 340 0073 2C000000 		.4byte	0x2c
 341 0077 04       		.uleb128 0x4
 342 0078 BA000000 		.4byte	.LASF10
 343 007c 02       		.byte	0x2
 344 007d 9901     		.2byte	0x199
 345 007f 3A000000 		.4byte	0x3a
 346 0083 04       		.uleb128 0x4
 347 0084 C1000000 		.4byte	.LASF11
 348 0088 02       		.byte	0x2
 349 0089 9A01     		.2byte	0x19a
 350 008b 48000000 		.4byte	0x48
 351 008f 02       		.uleb128 0x2
 352 0090 04       		.byte	0x4
 353 0091 04       		.byte	0x4
 354 0092 39000000 		.4byte	.LASF12
 355 0096 02       		.uleb128 0x2
 356 0097 08       		.byte	0x8
 357 0098 04       		.byte	0x4
 358 0099 B3000000 		.4byte	.LASF13
 359 009d 02       		.uleb128 0x2
 360 009e 01       		.byte	0x1
 361 009f 08       		.byte	0x8
 362 00a0 86010000 		.4byte	.LASF14
 363 00a4 04       		.uleb128 0x4
 364 00a5 0A000000 		.4byte	.LASF15
 365 00a9 02       		.byte	0x2
 366 00aa 3A02     		.2byte	0x23a
 367 00ac 48000000 		.4byte	0x48
 368 00b0 02       		.uleb128 0x2
 369 00b1 04       		.byte	0x4
 370 00b2 07       		.byte	0x7
 371 00b3 3D010000 		.4byte	.LASF16
 372 00b7 05       		.uleb128 0x5
 373 00b8 04       		.byte	0x4
 374 00b9 6B000000 		.4byte	0x6b
 375 00bd 06       		.uleb128 0x6
 376 00be 99000000 		.4byte	.LASF17
 377 00c2 01       		.byte	0x1
 378 00c3 1F       		.byte	0x1f
 379 00c4 00000000 		.4byte	.LFB0
 380 00c8 08000000 		.4byte	.LFE0-.LFB0
ARM GAS  C:\Users\g\AppData\Local\Temp\ccF9G43E.s 			page 11


 381 00cc 01       		.uleb128 0x1
 382 00cd 9C       		.byte	0x9c
 383 00ce DC000000 		.4byte	0xdc
 384 00d2 07       		.uleb128 0x7
 385 00d3 06000000 		.4byte	.LVL0
 386 00d7 8C020000 		.4byte	0x28c
 387 00db 00       		.byte	0
 388 00dc 06       		.uleb128 0x6
 389 00dd 73020000 		.4byte	.LASF18
 390 00e1 01       		.byte	0x1
 391 00e2 2C       		.byte	0x2c
 392 00e3 00000000 		.4byte	.LFB1
 393 00e7 08000000 		.4byte	.LFE1-.LFB1
 394 00eb 01       		.uleb128 0x1
 395 00ec 9C       		.byte	0x9c
 396 00ed FB000000 		.4byte	0xfb
 397 00f1 07       		.uleb128 0x7
 398 00f2 06000000 		.4byte	.LVL1
 399 00f6 93020000 		.4byte	0x293
 400 00fa 00       		.byte	0
 401 00fb 06       		.uleb128 0x6
 402 00fc 44000000 		.4byte	.LASF19
 403 0100 01       		.byte	0x1
 404 0101 39       		.byte	0x39
 405 0102 00000000 		.4byte	.LFB2
 406 0106 0C000000 		.4byte	.LFE2-.LFB2
 407 010a 01       		.uleb128 0x1
 408 010b 9C       		.byte	0x9c
 409 010c 23010000 		.4byte	0x123
 410 0110 07       		.uleb128 0x7
 411 0111 06000000 		.4byte	.LVL2
 412 0115 9A020000 		.4byte	0x29a
 413 0119 07       		.uleb128 0x7
 414 011a 0A000000 		.4byte	.LVL3
 415 011e A2020000 		.4byte	0x2a2
 416 0122 00       		.byte	0
 417 0123 08       		.uleb128 0x8
 418 0124 5A020000 		.4byte	.LASF27
 419 0128 01       		.byte	0x1
 420 0129 57       		.byte	0x57
 421 012a A4000000 		.4byte	0xa4
 422 012e 00000000 		.4byte	.LFB3
 423 0132 7A000000 		.4byte	.LFE3-.LFB3
 424 0136 01       		.uleb128 0x1
 425 0137 9C       		.byte	0x9c
 426 0138 FF010000 		.4byte	0x1ff
 427 013c 09       		.uleb128 0x9
 428 013d 33000000 		.4byte	.LASF20
 429 0141 01       		.byte	0x1
 430 0142 57       		.byte	0x57
 431 0143 B7000000 		.4byte	0xb7
 432 0147 00000000 		.4byte	.LLST0
 433 014b 09       		.uleb128 0x9
 434 014c 3F000000 		.4byte	.LASF21
 435 0150 01       		.byte	0x1
 436 0151 57       		.byte	0x57
 437 0152 77000000 		.4byte	0x77
ARM GAS  C:\Users\g\AppData\Local\Temp\ccF9G43E.s 			page 12


 438 0156 37000000 		.4byte	.LLST1
 439 015a 09       		.uleb128 0x9
 440 015b 13000000 		.4byte	.LASF22
 441 015f 01       		.byte	0x1
 442 0160 57       		.byte	0x57
 443 0161 FF010000 		.4byte	0x1ff
 444 0165 71000000 		.4byte	.LLST2
 445 0169 09       		.uleb128 0x9
 446 016a 35010000 		.4byte	.LASF23
 447 016e 01       		.byte	0x1
 448 016f 57       		.byte	0x57
 449 0170 6B000000 		.4byte	0x6b
 450 0174 B6000000 		.4byte	.LLST3
 451 0178 0A       		.uleb128 0xa
 452 0179 2C000000 		.4byte	.LASF24
 453 017d 01       		.byte	0x1
 454 017e 59       		.byte	0x59
 455 017f A4000000 		.4byte	0xa4
 456 0183 09010000 		.4byte	.LLST4
 457 0187 0A       		.uleb128 0xa
 458 0188 81000000 		.4byte	.LASF25
 459 018c 01       		.byte	0x1
 460 018d 5A       		.byte	0x5a
 461 018e 83000000 		.4byte	0x83
 462 0192 65010000 		.4byte	.LLST5
 463 0196 0A       		.uleb128 0xa
 464 0197 00000000 		.4byte	.LASF26
 465 019b 01       		.byte	0x1
 466 019c 5B       		.byte	0x5b
 467 019d 83000000 		.4byte	0x83
 468 01a1 B1010000 		.4byte	.LLST6
 469 01a5 0B       		.uleb128 0xb
 470 01a6 6900     		.ascii	"i\000"
 471 01a8 01       		.byte	0x1
 472 01a9 5C       		.byte	0x5c
 473 01aa 83000000 		.4byte	0x83
 474 01ae CF010000 		.4byte	.LLST7
 475 01b2 07       		.uleb128 0x7
 476 01b3 1C000000 		.4byte	.LVL8
 477 01b7 AA020000 		.4byte	0x2aa
 478 01bb 07       		.uleb128 0x7
 479 01bc 24000000 		.4byte	.LVL10
 480 01c0 AA020000 		.4byte	0x2aa
 481 01c4 0C       		.uleb128 0xc
 482 01c5 2E000000 		.4byte	.LVL13
 483 01c9 B6020000 		.4byte	0x2b6
 484 01cd D9010000 		.4byte	0x1d9
 485 01d1 0D       		.uleb128 0xd
 486 01d2 01       		.uleb128 0x1
 487 01d3 50       		.byte	0x50
 488 01d4 03       		.uleb128 0x3
 489 01d5 0A       		.byte	0xa
 490 01d6 5A01     		.2byte	0x15a
 491 01d8 00       		.byte	0
 492 01d9 07       		.uleb128 0x7
 493 01da 32000000 		.4byte	.LVL14
 494 01de AA020000 		.4byte	0x2aa
ARM GAS  C:\Users\g\AppData\Local\Temp\ccF9G43E.s 			page 13


 495 01e2 0C       		.uleb128 0xc
 496 01e3 4A000000 		.4byte	.LVL18
 497 01e7 C7020000 		.4byte	0x2c7
 498 01eb F5010000 		.4byte	0x1f5
 499 01ef 0D       		.uleb128 0xd
 500 01f0 01       		.uleb128 0x1
 501 01f1 50       		.byte	0x50
 502 01f2 01       		.uleb128 0x1
 503 01f3 31       		.byte	0x31
 504 01f4 00       		.byte	0
 505 01f5 07       		.uleb128 0x7
 506 01f6 60000000 		.4byte	.LVL22
 507 01fa D8020000 		.4byte	0x2d8
 508 01fe 00       		.byte	0
 509 01ff 05       		.uleb128 0x5
 510 0200 04       		.byte	0x4
 511 0201 77000000 		.4byte	0x77
 512 0205 08       		.uleb128 0x8
 513 0206 1B010000 		.4byte	.LASF28
 514 020a 01       		.byte	0x1
 515 020b A3       		.byte	0xa3
 516 020c A4000000 		.4byte	0xa4
 517 0210 00000000 		.4byte	.LFB4
 518 0214 20000000 		.4byte	.LFE4-.LFB4
 519 0218 01       		.uleb128 0x1
 520 0219 9C       		.byte	0x9c
 521 021a 81020000 		.4byte	0x281
 522 021e 09       		.uleb128 0x9
 523 021f 33000000 		.4byte	.LASF20
 524 0223 01       		.byte	0x1
 525 0224 A3       		.byte	0xa3
 526 0225 81020000 		.4byte	0x281
 527 0229 EE010000 		.4byte	.LLST8
 528 022d 09       		.uleb128 0x9
 529 022e 3F000000 		.4byte	.LASF21
 530 0232 01       		.byte	0x1
 531 0233 A3       		.byte	0xa3
 532 0234 77000000 		.4byte	0x77
 533 0238 41020000 		.4byte	.LLST9
 534 023c 09       		.uleb128 0x9
 535 023d 13000000 		.4byte	.LASF22
 536 0241 01       		.byte	0x1
 537 0242 A3       		.byte	0xa3
 538 0243 FF010000 		.4byte	0x1ff
 539 0247 7B020000 		.4byte	.LLST10
 540 024b 09       		.uleb128 0x9
 541 024c 35010000 		.4byte	.LASF23
 542 0250 01       		.byte	0x1
 543 0251 A3       		.byte	0xa3
 544 0252 6B000000 		.4byte	0x6b
 545 0256 BD020000 		.4byte	.LLST11
 546 025a 0A       		.uleb128 0xa
 547 025b 2C000000 		.4byte	.LASF24
 548 025f 01       		.byte	0x1
 549 0260 A5       		.byte	0xa5
 550 0261 A4000000 		.4byte	0xa4
 551 0265 F7020000 		.4byte	.LLST12
ARM GAS  C:\Users\g\AppData\Local\Temp\ccF9G43E.s 			page 14


 552 0269 0E       		.uleb128 0xe
 553 026a 12000000 		.4byte	.LVL31
 554 026e E4020000 		.4byte	0x2e4
 555 0272 0D       		.uleb128 0xd
 556 0273 01       		.uleb128 0x1
 557 0274 51       		.byte	0x51
 558 0275 02       		.uleb128 0x2
 559 0276 74       		.byte	0x74
 560 0277 00       		.sleb128 0
 561 0278 0D       		.uleb128 0xd
 562 0279 01       		.uleb128 0x1
 563 027a 50       		.byte	0x50
 564 027b 03       		.uleb128 0x3
 565 027c F3       		.byte	0xf3
 566 027d 01       		.uleb128 0x1
 567 027e 50       		.byte	0x50
 568 027f 00       		.byte	0
 569 0280 00       		.byte	0
 570 0281 05       		.uleb128 0x5
 571 0282 04       		.byte	0x4
 572 0283 87020000 		.4byte	0x287
 573 0287 0F       		.uleb128 0xf
 574 0288 6B000000 		.4byte	0x6b
 575 028c 10       		.uleb128 0x10
 576 028d 76000000 		.4byte	.LASF29
 577 0291 03       		.byte	0x3
 578 0292 6E       		.byte	0x6e
 579 0293 10       		.uleb128 0x10
 580 0294 50020000 		.4byte	.LASF30
 581 0298 03       		.byte	0x3
 582 0299 6F       		.byte	0x6f
 583 029a 11       		.uleb128 0x11
 584 029b AC020000 		.4byte	.LASF31
 585 029f 04       		.byte	0x4
 586 02a0 3503     		.2byte	0x335
 587 02a2 11       		.uleb128 0x11
 588 02a3 C8000000 		.4byte	.LASF32
 589 02a7 04       		.byte	0x4
 590 02a8 3D03     		.2byte	0x33d
 591 02aa 12       		.uleb128 0x12
 592 02ab D2020000 		.4byte	.LASF35
 593 02af 04       		.byte	0x4
 594 02b0 3403     		.2byte	0x334
 595 02b2 83000000 		.4byte	0x83
 596 02b6 13       		.uleb128 0x13
 597 02b7 7C010000 		.4byte	.LASF33
 598 02bb 05       		.byte	0x5
 599 02bc D8       		.byte	0xd8
 600 02bd C7020000 		.4byte	0x2c7
 601 02c1 14       		.uleb128 0x14
 602 02c2 77000000 		.4byte	0x77
 603 02c6 00       		.byte	0
 604 02c7 13       		.uleb128 0x13
 605 02c8 EE020000 		.4byte	.LASF34
 606 02cc 05       		.byte	0x5
 607 02cd D7       		.byte	0xd7
 608 02ce D8020000 		.4byte	0x2d8
ARM GAS  C:\Users\g\AppData\Local\Temp\ccF9G43E.s 			page 15


 609 02d2 14       		.uleb128 0x14
 610 02d3 83000000 		.4byte	0x83
 611 02d7 00       		.byte	0
 612 02d8 12       		.uleb128 0x12
 613 02d9 8C020000 		.4byte	.LASF36
 614 02dd 04       		.byte	0x4
 615 02de 3303     		.2byte	0x333
 616 02e0 83000000 		.4byte	0x83
 617 02e4 15       		.uleb128 0x15
 618 02e5 E2000000 		.4byte	.LASF40
 619 02e9 04       		.byte	0x4
 620 02ea 3B03     		.2byte	0x33b
 621 02ec 14       		.uleb128 0x14
 622 02ed 81020000 		.4byte	0x281
 623 02f1 14       		.uleb128 0x14
 624 02f2 83000000 		.4byte	0x83
 625 02f6 00       		.byte	0
 626 02f7 00       		.byte	0
 627              		.section	.debug_abbrev,"",%progbits
 628              	.Ldebug_abbrev0:
 629 0000 01       		.uleb128 0x1
 630 0001 11       		.uleb128 0x11
 631 0002 01       		.byte	0x1
 632 0003 25       		.uleb128 0x25
 633 0004 0E       		.uleb128 0xe
 634 0005 13       		.uleb128 0x13
 635 0006 0B       		.uleb128 0xb
 636 0007 03       		.uleb128 0x3
 637 0008 0E       		.uleb128 0xe
 638 0009 1B       		.uleb128 0x1b
 639 000a 0E       		.uleb128 0xe
 640 000b 55       		.uleb128 0x55
 641 000c 17       		.uleb128 0x17
 642 000d 11       		.uleb128 0x11
 643 000e 01       		.uleb128 0x1
 644 000f 10       		.uleb128 0x10
 645 0010 17       		.uleb128 0x17
 646 0011 00       		.byte	0
 647 0012 00       		.byte	0
 648 0013 02       		.uleb128 0x2
 649 0014 24       		.uleb128 0x24
 650 0015 00       		.byte	0
 651 0016 0B       		.uleb128 0xb
 652 0017 0B       		.uleb128 0xb
 653 0018 3E       		.uleb128 0x3e
 654 0019 0B       		.uleb128 0xb
 655 001a 03       		.uleb128 0x3
 656 001b 0E       		.uleb128 0xe
 657 001c 00       		.byte	0
 658 001d 00       		.byte	0
 659 001e 03       		.uleb128 0x3
 660 001f 24       		.uleb128 0x24
 661 0020 00       		.byte	0
 662 0021 0B       		.uleb128 0xb
 663 0022 0B       		.uleb128 0xb
 664 0023 3E       		.uleb128 0x3e
 665 0024 0B       		.uleb128 0xb
ARM GAS  C:\Users\g\AppData\Local\Temp\ccF9G43E.s 			page 16


 666 0025 03       		.uleb128 0x3
 667 0026 08       		.uleb128 0x8
 668 0027 00       		.byte	0
 669 0028 00       		.byte	0
 670 0029 04       		.uleb128 0x4
 671 002a 16       		.uleb128 0x16
 672 002b 00       		.byte	0
 673 002c 03       		.uleb128 0x3
 674 002d 0E       		.uleb128 0xe
 675 002e 3A       		.uleb128 0x3a
 676 002f 0B       		.uleb128 0xb
 677 0030 3B       		.uleb128 0x3b
 678 0031 05       		.uleb128 0x5
 679 0032 49       		.uleb128 0x49
 680 0033 13       		.uleb128 0x13
 681 0034 00       		.byte	0
 682 0035 00       		.byte	0
 683 0036 05       		.uleb128 0x5
 684 0037 0F       		.uleb128 0xf
 685 0038 00       		.byte	0
 686 0039 0B       		.uleb128 0xb
 687 003a 0B       		.uleb128 0xb
 688 003b 49       		.uleb128 0x49
 689 003c 13       		.uleb128 0x13
 690 003d 00       		.byte	0
 691 003e 00       		.byte	0
 692 003f 06       		.uleb128 0x6
 693 0040 2E       		.uleb128 0x2e
 694 0041 01       		.byte	0x1
 695 0042 3F       		.uleb128 0x3f
 696 0043 19       		.uleb128 0x19
 697 0044 03       		.uleb128 0x3
 698 0045 0E       		.uleb128 0xe
 699 0046 3A       		.uleb128 0x3a
 700 0047 0B       		.uleb128 0xb
 701 0048 3B       		.uleb128 0x3b
 702 0049 0B       		.uleb128 0xb
 703 004a 27       		.uleb128 0x27
 704 004b 19       		.uleb128 0x19
 705 004c 11       		.uleb128 0x11
 706 004d 01       		.uleb128 0x1
 707 004e 12       		.uleb128 0x12
 708 004f 06       		.uleb128 0x6
 709 0050 40       		.uleb128 0x40
 710 0051 18       		.uleb128 0x18
 711 0052 9742     		.uleb128 0x2117
 712 0054 19       		.uleb128 0x19
 713 0055 01       		.uleb128 0x1
 714 0056 13       		.uleb128 0x13
 715 0057 00       		.byte	0
 716 0058 00       		.byte	0
 717 0059 07       		.uleb128 0x7
 718 005a 898201   		.uleb128 0x4109
 719 005d 00       		.byte	0
 720 005e 11       		.uleb128 0x11
 721 005f 01       		.uleb128 0x1
 722 0060 31       		.uleb128 0x31
ARM GAS  C:\Users\g\AppData\Local\Temp\ccF9G43E.s 			page 17


 723 0061 13       		.uleb128 0x13
 724 0062 00       		.byte	0
 725 0063 00       		.byte	0
 726 0064 08       		.uleb128 0x8
 727 0065 2E       		.uleb128 0x2e
 728 0066 01       		.byte	0x1
 729 0067 3F       		.uleb128 0x3f
 730 0068 19       		.uleb128 0x19
 731 0069 03       		.uleb128 0x3
 732 006a 0E       		.uleb128 0xe
 733 006b 3A       		.uleb128 0x3a
 734 006c 0B       		.uleb128 0xb
 735 006d 3B       		.uleb128 0x3b
 736 006e 0B       		.uleb128 0xb
 737 006f 27       		.uleb128 0x27
 738 0070 19       		.uleb128 0x19
 739 0071 49       		.uleb128 0x49
 740 0072 13       		.uleb128 0x13
 741 0073 11       		.uleb128 0x11
 742 0074 01       		.uleb128 0x1
 743 0075 12       		.uleb128 0x12
 744 0076 06       		.uleb128 0x6
 745 0077 40       		.uleb128 0x40
 746 0078 18       		.uleb128 0x18
 747 0079 9742     		.uleb128 0x2117
 748 007b 19       		.uleb128 0x19
 749 007c 01       		.uleb128 0x1
 750 007d 13       		.uleb128 0x13
 751 007e 00       		.byte	0
 752 007f 00       		.byte	0
 753 0080 09       		.uleb128 0x9
 754 0081 05       		.uleb128 0x5
 755 0082 00       		.byte	0
 756 0083 03       		.uleb128 0x3
 757 0084 0E       		.uleb128 0xe
 758 0085 3A       		.uleb128 0x3a
 759 0086 0B       		.uleb128 0xb
 760 0087 3B       		.uleb128 0x3b
 761 0088 0B       		.uleb128 0xb
 762 0089 49       		.uleb128 0x49
 763 008a 13       		.uleb128 0x13
 764 008b 02       		.uleb128 0x2
 765 008c 17       		.uleb128 0x17
 766 008d 00       		.byte	0
 767 008e 00       		.byte	0
 768 008f 0A       		.uleb128 0xa
 769 0090 34       		.uleb128 0x34
 770 0091 00       		.byte	0
 771 0092 03       		.uleb128 0x3
 772 0093 0E       		.uleb128 0xe
 773 0094 3A       		.uleb128 0x3a
 774 0095 0B       		.uleb128 0xb
 775 0096 3B       		.uleb128 0x3b
 776 0097 0B       		.uleb128 0xb
 777 0098 49       		.uleb128 0x49
 778 0099 13       		.uleb128 0x13
 779 009a 02       		.uleb128 0x2
ARM GAS  C:\Users\g\AppData\Local\Temp\ccF9G43E.s 			page 18


 780 009b 17       		.uleb128 0x17
 781 009c 00       		.byte	0
 782 009d 00       		.byte	0
 783 009e 0B       		.uleb128 0xb
 784 009f 34       		.uleb128 0x34
 785 00a0 00       		.byte	0
 786 00a1 03       		.uleb128 0x3
 787 00a2 08       		.uleb128 0x8
 788 00a3 3A       		.uleb128 0x3a
 789 00a4 0B       		.uleb128 0xb
 790 00a5 3B       		.uleb128 0x3b
 791 00a6 0B       		.uleb128 0xb
 792 00a7 49       		.uleb128 0x49
 793 00a8 13       		.uleb128 0x13
 794 00a9 02       		.uleb128 0x2
 795 00aa 17       		.uleb128 0x17
 796 00ab 00       		.byte	0
 797 00ac 00       		.byte	0
 798 00ad 0C       		.uleb128 0xc
 799 00ae 898201   		.uleb128 0x4109
 800 00b1 01       		.byte	0x1
 801 00b2 11       		.uleb128 0x11
 802 00b3 01       		.uleb128 0x1
 803 00b4 31       		.uleb128 0x31
 804 00b5 13       		.uleb128 0x13
 805 00b6 01       		.uleb128 0x1
 806 00b7 13       		.uleb128 0x13
 807 00b8 00       		.byte	0
 808 00b9 00       		.byte	0
 809 00ba 0D       		.uleb128 0xd
 810 00bb 8A8201   		.uleb128 0x410a
 811 00be 00       		.byte	0
 812 00bf 02       		.uleb128 0x2
 813 00c0 18       		.uleb128 0x18
 814 00c1 9142     		.uleb128 0x2111
 815 00c3 18       		.uleb128 0x18
 816 00c4 00       		.byte	0
 817 00c5 00       		.byte	0
 818 00c6 0E       		.uleb128 0xe
 819 00c7 898201   		.uleb128 0x4109
 820 00ca 01       		.byte	0x1
 821 00cb 11       		.uleb128 0x11
 822 00cc 01       		.uleb128 0x1
 823 00cd 31       		.uleb128 0x31
 824 00ce 13       		.uleb128 0x13
 825 00cf 00       		.byte	0
 826 00d0 00       		.byte	0
 827 00d1 0F       		.uleb128 0xf
 828 00d2 26       		.uleb128 0x26
 829 00d3 00       		.byte	0
 830 00d4 49       		.uleb128 0x49
 831 00d5 13       		.uleb128 0x13
 832 00d6 00       		.byte	0
 833 00d7 00       		.byte	0
 834 00d8 10       		.uleb128 0x10
 835 00d9 2E       		.uleb128 0x2e
 836 00da 00       		.byte	0
ARM GAS  C:\Users\g\AppData\Local\Temp\ccF9G43E.s 			page 19


 837 00db 3F       		.uleb128 0x3f
 838 00dc 19       		.uleb128 0x19
 839 00dd 03       		.uleb128 0x3
 840 00de 0E       		.uleb128 0xe
 841 00df 3A       		.uleb128 0x3a
 842 00e0 0B       		.uleb128 0xb
 843 00e1 3B       		.uleb128 0x3b
 844 00e2 0B       		.uleb128 0xb
 845 00e3 27       		.uleb128 0x27
 846 00e4 19       		.uleb128 0x19
 847 00e5 3C       		.uleb128 0x3c
 848 00e6 19       		.uleb128 0x19
 849 00e7 00       		.byte	0
 850 00e8 00       		.byte	0
 851 00e9 11       		.uleb128 0x11
 852 00ea 2E       		.uleb128 0x2e
 853 00eb 00       		.byte	0
 854 00ec 3F       		.uleb128 0x3f
 855 00ed 19       		.uleb128 0x19
 856 00ee 03       		.uleb128 0x3
 857 00ef 0E       		.uleb128 0xe
 858 00f0 3A       		.uleb128 0x3a
 859 00f1 0B       		.uleb128 0xb
 860 00f2 3B       		.uleb128 0x3b
 861 00f3 05       		.uleb128 0x5
 862 00f4 27       		.uleb128 0x27
 863 00f5 19       		.uleb128 0x19
 864 00f6 3C       		.uleb128 0x3c
 865 00f7 19       		.uleb128 0x19
 866 00f8 00       		.byte	0
 867 00f9 00       		.byte	0
 868 00fa 12       		.uleb128 0x12
 869 00fb 2E       		.uleb128 0x2e
 870 00fc 00       		.byte	0
 871 00fd 3F       		.uleb128 0x3f
 872 00fe 19       		.uleb128 0x19
 873 00ff 03       		.uleb128 0x3
 874 0100 0E       		.uleb128 0xe
 875 0101 3A       		.uleb128 0x3a
 876 0102 0B       		.uleb128 0xb
 877 0103 3B       		.uleb128 0x3b
 878 0104 05       		.uleb128 0x5
 879 0105 27       		.uleb128 0x27
 880 0106 19       		.uleb128 0x19
 881 0107 49       		.uleb128 0x49
 882 0108 13       		.uleb128 0x13
 883 0109 3C       		.uleb128 0x3c
 884 010a 19       		.uleb128 0x19
 885 010b 00       		.byte	0
 886 010c 00       		.byte	0
 887 010d 13       		.uleb128 0x13
 888 010e 2E       		.uleb128 0x2e
 889 010f 01       		.byte	0x1
 890 0110 3F       		.uleb128 0x3f
 891 0111 19       		.uleb128 0x19
 892 0112 03       		.uleb128 0x3
 893 0113 0E       		.uleb128 0xe
ARM GAS  C:\Users\g\AppData\Local\Temp\ccF9G43E.s 			page 20


 894 0114 3A       		.uleb128 0x3a
 895 0115 0B       		.uleb128 0xb
 896 0116 3B       		.uleb128 0x3b
 897 0117 0B       		.uleb128 0xb
 898 0118 27       		.uleb128 0x27
 899 0119 19       		.uleb128 0x19
 900 011a 3C       		.uleb128 0x3c
 901 011b 19       		.uleb128 0x19
 902 011c 01       		.uleb128 0x1
 903 011d 13       		.uleb128 0x13
 904 011e 00       		.byte	0
 905 011f 00       		.byte	0
 906 0120 14       		.uleb128 0x14
 907 0121 05       		.uleb128 0x5
 908 0122 00       		.byte	0
 909 0123 49       		.uleb128 0x49
 910 0124 13       		.uleb128 0x13
 911 0125 00       		.byte	0
 912 0126 00       		.byte	0
 913 0127 15       		.uleb128 0x15
 914 0128 2E       		.uleb128 0x2e
 915 0129 01       		.byte	0x1
 916 012a 3F       		.uleb128 0x3f
 917 012b 19       		.uleb128 0x19
 918 012c 03       		.uleb128 0x3
 919 012d 0E       		.uleb128 0xe
 920 012e 3A       		.uleb128 0x3a
 921 012f 0B       		.uleb128 0xb
 922 0130 3B       		.uleb128 0x3b
 923 0131 05       		.uleb128 0x5
 924 0132 27       		.uleb128 0x27
 925 0133 19       		.uleb128 0x19
 926 0134 3C       		.uleb128 0x3c
 927 0135 19       		.uleb128 0x19
 928 0136 00       		.byte	0
 929 0137 00       		.byte	0
 930 0138 00       		.byte	0
 931              		.section	.debug_loc,"",%progbits
 932              	.Ldebug_loc0:
 933              	.LLST0:
 934 0000 00000000 		.4byte	.LVL4
 935 0004 18000000 		.4byte	.LVL7
 936 0008 0100     		.2byte	0x1
 937 000a 50       		.byte	0x50
 938 000b 18000000 		.4byte	.LVL7
 939 000f 6A000000 		.4byte	.LVL24
 940 0013 0100     		.2byte	0x1
 941 0015 57       		.byte	0x57
 942 0016 6A000000 		.4byte	.LVL24
 943 001a 74000000 		.4byte	.LVL28
 944 001e 0100     		.2byte	0x1
 945 0020 50       		.byte	0x50
 946 0021 74000000 		.4byte	.LVL28
 947 0025 7A000000 		.4byte	.LFE3
 948 0029 0400     		.2byte	0x4
 949 002b F3       		.byte	0xf3
 950 002c 01       		.uleb128 0x1
ARM GAS  C:\Users\g\AppData\Local\Temp\ccF9G43E.s 			page 21


 951 002d 50       		.byte	0x50
 952 002e 9F       		.byte	0x9f
 953 002f 00000000 		.4byte	0
 954 0033 00000000 		.4byte	0
 955              	.LLST1:
 956 0037 00000000 		.4byte	.LVL4
 957 003b 18000000 		.4byte	.LVL7
 958 003f 0100     		.2byte	0x1
 959 0041 51       		.byte	0x51
 960 0042 18000000 		.4byte	.LVL7
 961 0046 6A000000 		.4byte	.LVL24
 962 004a 0400     		.2byte	0x4
 963 004c F3       		.byte	0xf3
 964 004d 01       		.uleb128 0x1
 965 004e 51       		.byte	0x51
 966 004f 9F       		.byte	0x9f
 967 0050 6A000000 		.4byte	.LVL24
 968 0054 74000000 		.4byte	.LVL28
 969 0058 0100     		.2byte	0x1
 970 005a 51       		.byte	0x51
 971 005b 74000000 		.4byte	.LVL28
 972 005f 7A000000 		.4byte	.LFE3
 973 0063 0400     		.2byte	0x4
 974 0065 F3       		.byte	0xf3
 975 0066 01       		.uleb128 0x1
 976 0067 51       		.byte	0x51
 977 0068 9F       		.byte	0x9f
 978 0069 00000000 		.4byte	0
 979 006d 00000000 		.4byte	0
 980              	.LLST2:
 981 0071 00000000 		.4byte	.LVL4
 982 0075 18000000 		.4byte	.LVL7
 983 0079 0100     		.2byte	0x1
 984 007b 52       		.byte	0x52
 985 007c 18000000 		.4byte	.LVL7
 986 0080 5A000000 		.4byte	.LVL21
 987 0084 0100     		.2byte	0x1
 988 0086 56       		.byte	0x56
 989 0087 5A000000 		.4byte	.LVL21
 990 008b 6A000000 		.4byte	.LVL24
 991 008f 0400     		.2byte	0x4
 992 0091 F3       		.byte	0xf3
 993 0092 01       		.uleb128 0x1
 994 0093 52       		.byte	0x52
 995 0094 9F       		.byte	0x9f
 996 0095 6A000000 		.4byte	.LVL24
 997 0099 74000000 		.4byte	.LVL28
 998 009d 0100     		.2byte	0x1
 999 009f 52       		.byte	0x52
 1000 00a0 74000000 		.4byte	.LVL28
 1001 00a4 7A000000 		.4byte	.LFE3
 1002 00a8 0400     		.2byte	0x4
 1003 00aa F3       		.byte	0xf3
 1004 00ab 01       		.uleb128 0x1
 1005 00ac 52       		.byte	0x52
 1006 00ad 9F       		.byte	0x9f
 1007 00ae 00000000 		.4byte	0
ARM GAS  C:\Users\g\AppData\Local\Temp\ccF9G43E.s 			page 22


 1008 00b2 00000000 		.4byte	0
 1009              	.LLST3:
 1010 00b6 00000000 		.4byte	.LVL4
 1011 00ba 18000000 		.4byte	.LVL7
 1012 00be 0100     		.2byte	0x1
 1013 00c0 53       		.byte	0x53
 1014 00c1 18000000 		.4byte	.LVL7
 1015 00c5 6A000000 		.4byte	.LVL24
 1016 00c9 0400     		.2byte	0x4
 1017 00cb F3       		.byte	0xf3
 1018 00cc 01       		.uleb128 0x1
 1019 00cd 53       		.byte	0x53
 1020 00ce 9F       		.byte	0x9f
 1021 00cf 6A000000 		.4byte	.LVL24
 1022 00d3 6C000000 		.4byte	.LVL25
 1023 00d7 0100     		.2byte	0x1
 1024 00d9 53       		.byte	0x53
 1025 00da 6C000000 		.4byte	.LVL25
 1026 00de 70000000 		.4byte	.LVL26
 1027 00e2 0400     		.2byte	0x4
 1028 00e4 F3       		.byte	0xf3
 1029 00e5 01       		.uleb128 0x1
 1030 00e6 53       		.byte	0x53
 1031 00e7 9F       		.byte	0x9f
 1032 00e8 70000000 		.4byte	.LVL26
 1033 00ec 72000000 		.4byte	.LVL27
 1034 00f0 0100     		.2byte	0x1
 1035 00f2 53       		.byte	0x53
 1036 00f3 72000000 		.4byte	.LVL27
 1037 00f7 7A000000 		.4byte	.LFE3
 1038 00fb 0400     		.2byte	0x4
 1039 00fd F3       		.byte	0xf3
 1040 00fe 01       		.uleb128 0x1
 1041 00ff 53       		.byte	0x53
 1042 0100 9F       		.byte	0x9f
 1043 0101 00000000 		.4byte	0
 1044 0105 00000000 		.4byte	0
 1045              	.LLST4:
 1046 0109 04000000 		.4byte	.LVL5
 1047 010d 12000000 		.4byte	.LVL6
 1048 0111 0200     		.2byte	0x2
 1049 0113 31       		.byte	0x31
 1050 0114 9F       		.byte	0x9f
 1051 0115 12000000 		.4byte	.LVL6
 1052 0119 3E000000 		.4byte	.LVL16
 1053 011d 0200     		.2byte	0x2
 1054 011f 40       		.byte	0x40
 1055 0120 9F       		.byte	0x9f
 1056 0121 3E000000 		.4byte	.LVL16
 1057 0125 44000000 		.4byte	.LVL17
 1058 0129 0200     		.2byte	0x2
 1059 012b 30       		.byte	0x30
 1060 012c 9F       		.byte	0x9f
 1061 012d 44000000 		.4byte	.LVL17
 1062 0131 56000000 		.4byte	.LVL20
 1063 0135 0200     		.2byte	0x2
 1064 0137 40       		.byte	0x40
ARM GAS  C:\Users\g\AppData\Local\Temp\ccF9G43E.s 			page 23


 1065 0138 9F       		.byte	0x9f
 1066 0139 56000000 		.4byte	.LVL20
 1067 013d 6A000000 		.4byte	.LVL24
 1068 0141 0200     		.2byte	0x2
 1069 0143 91       		.byte	0x91
 1070 0144 64       		.sleb128 -28
 1071 0145 6A000000 		.4byte	.LVL24
 1072 0149 74000000 		.4byte	.LVL28
 1073 014d 0200     		.2byte	0x2
 1074 014f 31       		.byte	0x31
 1075 0150 9F       		.byte	0x9f
 1076 0151 74000000 		.4byte	.LVL28
 1077 0155 7A000000 		.4byte	.LFE3
 1078 0159 0200     		.2byte	0x2
 1079 015b 91       		.byte	0x91
 1080 015c 64       		.sleb128 -28
 1081 015d 00000000 		.4byte	0
 1082 0161 00000000 		.4byte	0
 1083              	.LLST5:
 1084 0165 18000000 		.4byte	.LVL7
 1085 0169 20000000 		.4byte	.LVL9
 1086 016d 0200     		.2byte	0x2
 1087 016f 30       		.byte	0x30
 1088 0170 9F       		.byte	0x9f
 1089 0171 26000000 		.4byte	.LVL11
 1090 0175 28000000 		.4byte	.LVL12
 1091 0179 0100     		.2byte	0x1
 1092 017b 50       		.byte	0x50
 1093 017c 28000000 		.4byte	.LVL12
 1094 0180 3C000000 		.4byte	.LVL15
 1095 0184 0100     		.2byte	0x1
 1096 0186 54       		.byte	0x54
 1097 0187 3C000000 		.4byte	.LVL15
 1098 018b 44000000 		.4byte	.LVL17
 1099 018f 0100     		.2byte	0x1
 1100 0191 55       		.byte	0x55
 1101 0192 44000000 		.4byte	.LVL17
 1102 0196 56000000 		.4byte	.LVL20
 1103 019a 0200     		.2byte	0x2
 1104 019c 30       		.byte	0x30
 1105 019d 9F       		.byte	0x9f
 1106 019e 56000000 		.4byte	.LVL20
 1107 01a2 6A000000 		.4byte	.LVL24
 1108 01a6 0100     		.2byte	0x1
 1109 01a8 55       		.byte	0x55
 1110 01a9 00000000 		.4byte	0
 1111 01ad 00000000 		.4byte	0
 1112              	.LLST6:
 1113 01b1 18000000 		.4byte	.LVL7
 1114 01b5 20000000 		.4byte	.LVL9
 1115 01b9 0100     		.2byte	0x1
 1116 01bb 54       		.byte	0x54
 1117 01bc 44000000 		.4byte	.LVL17
 1118 01c0 56000000 		.4byte	.LVL20
 1119 01c4 0100     		.2byte	0x1
 1120 01c6 54       		.byte	0x54
 1121 01c7 00000000 		.4byte	0
ARM GAS  C:\Users\g\AppData\Local\Temp\ccF9G43E.s 			page 24


 1122 01cb 00000000 		.4byte	0
 1123              	.LLST7:
 1124 01cf 56000000 		.4byte	.LVL20
 1125 01d3 5A000000 		.4byte	.LVL21
 1126 01d7 0200     		.2byte	0x2
 1127 01d9 30       		.byte	0x30
 1128 01da 9F       		.byte	0x9f
 1129 01db 5A000000 		.4byte	.LVL21
 1130 01df 6A000000 		.4byte	.LVL24
 1131 01e3 0100     		.2byte	0x1
 1132 01e5 54       		.byte	0x54
 1133 01e6 00000000 		.4byte	0
 1134 01ea 00000000 		.4byte	0
 1135              	.LLST8:
 1136 01ee 00000000 		.4byte	.LVL29
 1137 01f2 11000000 		.4byte	.LVL31-1
 1138 01f6 0100     		.2byte	0x1
 1139 01f8 50       		.byte	0x50
 1140 01f9 11000000 		.4byte	.LVL31-1
 1141 01fd 18000000 		.4byte	.LVL33
 1142 0201 0400     		.2byte	0x4
 1143 0203 F3       		.byte	0xf3
 1144 0204 01       		.uleb128 0x1
 1145 0205 50       		.byte	0x50
 1146 0206 9F       		.byte	0x9f
 1147 0207 18000000 		.4byte	.LVL33
 1148 020b 1A000000 		.4byte	.LVL34
 1149 020f 0100     		.2byte	0x1
 1150 0211 50       		.byte	0x50
 1151 0212 1A000000 		.4byte	.LVL34
 1152 0216 1C000000 		.4byte	.LVL35
 1153 021a 0400     		.2byte	0x4
 1154 021c F3       		.byte	0xf3
 1155 021d 01       		.uleb128 0x1
 1156 021e 50       		.byte	0x50
 1157 021f 9F       		.byte	0x9f
 1158 0220 1C000000 		.4byte	.LVL35
 1159 0224 1E000000 		.4byte	.LVL36
 1160 0228 0100     		.2byte	0x1
 1161 022a 50       		.byte	0x50
 1162 022b 1E000000 		.4byte	.LVL36
 1163 022f 20000000 		.4byte	.LFE4
 1164 0233 0400     		.2byte	0x4
 1165 0235 F3       		.byte	0xf3
 1166 0236 01       		.uleb128 0x1
 1167 0237 50       		.byte	0x50
 1168 0238 9F       		.byte	0x9f
 1169 0239 00000000 		.4byte	0
 1170 023d 00000000 		.4byte	0
 1171              	.LLST9:
 1172 0241 00000000 		.4byte	.LVL29
 1173 0245 11000000 		.4byte	.LVL31-1
 1174 0249 0100     		.2byte	0x1
 1175 024b 51       		.byte	0x51
 1176 024c 11000000 		.4byte	.LVL31-1
 1177 0250 18000000 		.4byte	.LVL33
 1178 0254 0400     		.2byte	0x4
ARM GAS  C:\Users\g\AppData\Local\Temp\ccF9G43E.s 			page 25


 1179 0256 F3       		.byte	0xf3
 1180 0257 01       		.uleb128 0x1
 1181 0258 51       		.byte	0x51
 1182 0259 9F       		.byte	0x9f
 1183 025a 18000000 		.4byte	.LVL33
 1184 025e 1E000000 		.4byte	.LVL36
 1185 0262 0100     		.2byte	0x1
 1186 0264 51       		.byte	0x51
 1187 0265 1E000000 		.4byte	.LVL36
 1188 0269 20000000 		.4byte	.LFE4
 1189 026d 0400     		.2byte	0x4
 1190 026f F3       		.byte	0xf3
 1191 0270 01       		.uleb128 0x1
 1192 0271 51       		.byte	0x51
 1193 0272 9F       		.byte	0x9f
 1194 0273 00000000 		.4byte	0
 1195 0277 00000000 		.4byte	0
 1196              	.LLST10:
 1197 027b 00000000 		.4byte	.LVL29
 1198 027f 11000000 		.4byte	.LVL31-1
 1199 0283 0100     		.2byte	0x1
 1200 0285 52       		.byte	0x52
 1201 0286 11000000 		.4byte	.LVL31-1
 1202 028a 18000000 		.4byte	.LVL33
 1203 028e 0100     		.2byte	0x1
 1204 0290 55       		.byte	0x55
 1205 0291 18000000 		.4byte	.LVL33
 1206 0295 1E000000 		.4byte	.LVL36
 1207 0299 0100     		.2byte	0x1
 1208 029b 52       		.byte	0x52
 1209 029c 1E000000 		.4byte	.LVL36
 1210 02a0 1E000000 		.4byte	.LVL37
 1211 02a4 0100     		.2byte	0x1
 1212 02a6 55       		.byte	0x55
 1213 02a7 1E000000 		.4byte	.LVL37
 1214 02ab 20000000 		.4byte	.LFE4
 1215 02af 0400     		.2byte	0x4
 1216 02b1 F3       		.byte	0xf3
 1217 02b2 01       		.uleb128 0x1
 1218 02b3 52       		.byte	0x52
 1219 02b4 9F       		.byte	0x9f
 1220 02b5 00000000 		.4byte	0
 1221 02b9 00000000 		.4byte	0
 1222              	.LLST11:
 1223 02bd 00000000 		.4byte	.LVL29
 1224 02c1 11000000 		.4byte	.LVL31-1
 1225 02c5 0100     		.2byte	0x1
 1226 02c7 53       		.byte	0x53
 1227 02c8 11000000 		.4byte	.LVL31-1
 1228 02cc 18000000 		.4byte	.LVL33
 1229 02d0 0400     		.2byte	0x4
 1230 02d2 F3       		.byte	0xf3
 1231 02d3 01       		.uleb128 0x1
 1232 02d4 53       		.byte	0x53
 1233 02d5 9F       		.byte	0x9f
 1234 02d6 18000000 		.4byte	.LVL33
 1235 02da 1E000000 		.4byte	.LVL36
ARM GAS  C:\Users\g\AppData\Local\Temp\ccF9G43E.s 			page 26


 1236 02de 0100     		.2byte	0x1
 1237 02e0 53       		.byte	0x53
 1238 02e1 1E000000 		.4byte	.LVL36
 1239 02e5 20000000 		.4byte	.LFE4
 1240 02e9 0400     		.2byte	0x4
 1241 02eb F3       		.byte	0xf3
 1242 02ec 01       		.uleb128 0x1
 1243 02ed 53       		.byte	0x53
 1244 02ee 9F       		.byte	0x9f
 1245 02ef 00000000 		.4byte	0
 1246 02f3 00000000 		.4byte	0
 1247              	.LLST12:
 1248 02f7 06000000 		.4byte	.LVL30
 1249 02fb 14000000 		.4byte	.LVL32
 1250 02ff 0200     		.2byte	0x2
 1251 0301 31       		.byte	0x31
 1252 0302 9F       		.byte	0x9f
 1253 0303 14000000 		.4byte	.LVL32
 1254 0307 18000000 		.4byte	.LVL33
 1255 030b 0200     		.2byte	0x2
 1256 030d 30       		.byte	0x30
 1257 030e 9F       		.byte	0x9f
 1258 030f 18000000 		.4byte	.LVL33
 1259 0313 1E000000 		.4byte	.LVL36
 1260 0317 0200     		.2byte	0x2
 1261 0319 31       		.byte	0x31
 1262 031a 9F       		.byte	0x9f
 1263 031b 1E000000 		.4byte	.LVL36
 1264 031f 20000000 		.4byte	.LFE4
 1265 0323 0100     		.2byte	0x1
 1266 0325 50       		.byte	0x50
 1267 0326 00000000 		.4byte	0
 1268 032a 00000000 		.4byte	0
 1269              		.section	.debug_aranges,"",%progbits
 1270 0000 3C000000 		.4byte	0x3c
 1271 0004 0200     		.2byte	0x2
 1272 0006 00000000 		.4byte	.Ldebug_info0
 1273 000a 04       		.byte	0x4
 1274 000b 00       		.byte	0
 1275 000c 0000     		.2byte	0
 1276 000e 0000     		.2byte	0
 1277 0010 00000000 		.4byte	.LFB0
 1278 0014 08000000 		.4byte	.LFE0-.LFB0
 1279 0018 00000000 		.4byte	.LFB1
 1280 001c 08000000 		.4byte	.LFE1-.LFB1
 1281 0020 00000000 		.4byte	.LFB2
 1282 0024 0C000000 		.4byte	.LFE2-.LFB2
 1283 0028 00000000 		.4byte	.LFB3
 1284 002c 7A000000 		.4byte	.LFE3-.LFB3
 1285 0030 00000000 		.4byte	.LFB4
 1286 0034 20000000 		.4byte	.LFE4-.LFB4
 1287 0038 00000000 		.4byte	0
 1288 003c 00000000 		.4byte	0
 1289              		.section	.debug_ranges,"",%progbits
 1290              	.Ldebug_ranges0:
 1291 0000 00000000 		.4byte	.LFB0
 1292 0004 08000000 		.4byte	.LFE0
ARM GAS  C:\Users\g\AppData\Local\Temp\ccF9G43E.s 			page 27


 1293 0008 00000000 		.4byte	.LFB1
 1294 000c 08000000 		.4byte	.LFE1
 1295 0010 00000000 		.4byte	.LFB2
 1296 0014 0C000000 		.4byte	.LFE2
 1297 0018 00000000 		.4byte	.LFB3
 1298 001c 7A000000 		.4byte	.LFE3
 1299 0020 00000000 		.4byte	.LFB4
 1300 0024 20000000 		.4byte	.LFE4
 1301 0028 00000000 		.4byte	0
 1302 002c 00000000 		.4byte	0
 1303              		.section	.debug_line,"",%progbits
 1304              	.Ldebug_line0:
 1305 0000 1C010000 		.section	.debug_str,"MS",%progbits,1
 1305      02007300 
 1305      00000201 
 1305      FB0E0D00 
 1305      01010101 
 1306              	.LASF26:
 1307 0000 74696D65 		.ascii	"timeoutMs\000"
 1307      6F75744D 
 1307      7300
 1308              	.LASF15:
 1309 000a 63797374 		.ascii	"cystatus\000"
 1309      61747573 
 1309      00
 1310              	.LASF22:
 1311 0013 636F756E 		.ascii	"count\000"
 1311      7400
 1312              	.LASF3:
 1313 0019 73686F72 		.ascii	"short unsigned int\000"
 1313      7420756E 
 1313      7369676E 
 1313      65642069 
 1313      6E7400
 1314              	.LASF24:
 1315 002c 73746174 		.ascii	"status\000"
 1315      757300
 1316              	.LASF20:
 1317 0033 70446174 		.ascii	"pData\000"
 1317      6100
 1318              	.LASF12:
 1319 0039 666C6F61 		.ascii	"float\000"
 1319      7400
 1320              	.LASF21:
 1321 003f 73697A65 		.ascii	"size\000"
 1321      00
 1322              	.LASF19:
 1323 0044 55415254 		.ascii	"UART_UartCyBtldrCommReset\000"
 1323      5F556172 
 1323      74437942 
 1323      746C6472 
 1323      436F6D6D 
 1324              	.LASF5:
 1325 005e 6C6F6E67 		.ascii	"long unsigned int\000"
 1325      20756E73 
 1325      69676E65 
 1325      6420696E 
ARM GAS  C:\Users\g\AppData\Local\Temp\ccF9G43E.s 			page 28


 1325      7400
 1326              	.LASF9:
 1327 0070 75696E74 		.ascii	"uint8\000"
 1327      3800
 1328              	.LASF29:
 1329 0076 55415254 		.ascii	"UART_Start\000"
 1329      5F537461 
 1329      727400
 1330              	.LASF25:
 1331 0081 62797465 		.ascii	"byteCount\000"
 1331      436F756E 
 1331      7400
 1332              	.LASF1:
 1333 008b 756E7369 		.ascii	"unsigned char\000"
 1333      676E6564 
 1333      20636861 
 1333      7200
 1334              	.LASF17:
 1335 0099 55415254 		.ascii	"UART_UartCyBtldrCommStart\000"
 1335      5F556172 
 1335      74437942 
 1335      746C6472 
 1335      436F6D6D 
 1336              	.LASF13:
 1337 00b3 646F7562 		.ascii	"double\000"
 1337      6C6500
 1338              	.LASF10:
 1339 00ba 75696E74 		.ascii	"uint16\000"
 1339      313600
 1340              	.LASF11:
 1341 00c1 75696E74 		.ascii	"uint32\000"
 1341      333200
 1342              	.LASF32:
 1343 00c8 55415254 		.ascii	"UART_SpiUartClearTxBuffer\000"
 1343      5F537069 
 1343      55617274 
 1343      436C6561 
 1343      72547842 
 1344              	.LASF40:
 1345 00e2 55415254 		.ascii	"UART_SpiUartPutArray\000"
 1345      5F537069 
 1345      55617274 
 1345      50757441 
 1345      72726179 
 1346              	.LASF8:
 1347 00f7 756E7369 		.ascii	"unsigned int\000"
 1347      676E6564 
 1347      20696E74 
 1347      00
 1348              	.LASF7:
 1349 0104 6C6F6E67 		.ascii	"long long unsigned int\000"
 1349      206C6F6E 
 1349      6720756E 
 1349      7369676E 
 1349      65642069 
 1350              	.LASF28:
 1351 011b 55415254 		.ascii	"UART_UartCyBtldrCommWrite\000"
ARM GAS  C:\Users\g\AppData\Local\Temp\ccF9G43E.s 			page 29


 1351      5F556172 
 1351      74437942 
 1351      746C6472 
 1351      436F6D6D 
 1352              	.LASF23:
 1353 0135 74696D65 		.ascii	"timeOut\000"
 1353      4F757400 
 1354              	.LASF16:
 1355 013d 73697A65 		.ascii	"sizetype\000"
 1355      74797065 
 1355      00
 1356              	.LASF38:
 1357 0146 47656E65 		.ascii	"Generated_Source\\PSoC4\\UART_UART_BOOT.c\000"
 1357      72617465 
 1357      645F536F 
 1357      75726365 
 1357      5C50536F 
 1358              	.LASF6:
 1359 016e 6C6F6E67 		.ascii	"long long int\000"
 1359      206C6F6E 
 1359      6720696E 
 1359      7400
 1360              	.LASF33:
 1361 017c 43794465 		.ascii	"CyDelayUs\000"
 1361      6C617955 
 1361      7300
 1362              	.LASF14:
 1363 0186 63686172 		.ascii	"char\000"
 1363      00
 1364              	.LASF39:
 1365 018b 443A5C63 		.ascii	"D:\\code\\cypress\\SCB_Bootloader\\cncboot.cydsn\000"
 1365      6F64655C 
 1365      63797072 
 1365      6573735C 
 1365      5343425F 
 1366              	.LASF37:
 1367 01b8 474E5520 		.ascii	"GNU C 4.9.3 20150303 (release) [ARM/embedded-4_9-br"
 1367      4320342E 
 1367      392E3320 
 1367      32303135 
 1367      30333033 
 1368 01eb 616E6368 		.ascii	"anch revision 221220] -mcpu=cortex-m0 -mthumb -g -O"
 1368      20726576 
 1368      6973696F 
 1368      6E203232 
 1368      31323230 
 1369 021e 67202D66 		.ascii	"g -ffunction-sections -ffat-lto-objects\000"
 1369      66756E63 
 1369      74696F6E 
 1369      2D736563 
 1369      74696F6E 
 1370              	.LASF2:
 1371 0246 73686F72 		.ascii	"short int\000"
 1371      7420696E 
 1371      7400
 1372              	.LASF30:
 1373 0250 55415254 		.ascii	"UART_Stop\000"
ARM GAS  C:\Users\g\AppData\Local\Temp\ccF9G43E.s 			page 30


 1373      5F53746F 
 1373      7000
 1374              	.LASF27:
 1375 025a 55415254 		.ascii	"UART_UartCyBtldrCommRead\000"
 1375      5F556172 
 1375      74437942 
 1375      746C6472 
 1375      436F6D6D 
 1376              	.LASF18:
 1377 0273 55415254 		.ascii	"UART_UartCyBtldrCommStop\000"
 1377      5F556172 
 1377      74437942 
 1377      746C6472 
 1377      436F6D6D 
 1378              	.LASF36:
 1379 028c 55415254 		.ascii	"UART_SpiUartReadRxData\000"
 1379      5F537069 
 1379      55617274 
 1379      52656164 
 1379      52784461 
 1380              	.LASF4:
 1381 02a3 6C6F6E67 		.ascii	"long int\000"
 1381      20696E74 
 1381      00
 1382              	.LASF31:
 1383 02ac 55415254 		.ascii	"UART_SpiUartClearRxBuffer\000"
 1383      5F537069 
 1383      55617274 
 1383      436C6561 
 1383      72527842 
 1384              	.LASF0:
 1385 02c6 7369676E 		.ascii	"signed char\000"
 1385      65642063 
 1385      68617200 
 1386              	.LASF35:
 1387 02d2 55415254 		.ascii	"UART_SpiUartGetRxBufferSize\000"
 1387      5F537069 
 1387      55617274 
 1387      47657452 
 1387      78427566 
 1388              	.LASF34:
 1389 02ee 43794465 		.ascii	"CyDelay\000"
 1389      6C617900 
 1390              		.ident	"GCC: (GNU Tools for ARM Embedded Processors) 4.9.3 20150303 (release) [ARM/embedded-4_9-br
