ARM GAS  C:\Users\g\AppData\Local\Temp\ccv6957G.s 			page 1


   1              		.cpu cortex-m0
   2              		.fpu softvfp
   3              		.eabi_attribute 20, 1
   4              		.eabi_attribute 21, 1
   5              		.eabi_attribute 23, 3
   6              		.eabi_attribute 24, 1
   7              		.eabi_attribute 25, 1
   8              		.eabi_attribute 26, 1
   9              		.eabi_attribute 30, 4
  10              		.eabi_attribute 34, 0
  11              		.eabi_attribute 18, 4
  12              		.code	16
  13              		.file	"vin.c"
  14              		.text
  15              	.Ltext0:
  16              		.cfi_sections	.debug_frame
  17              		.section	.text.vin_SetDriveMode,"ax",%progbits
  18              		.align	1
  19              		.global	vin_SetDriveMode
  20              		.code	16
  21              		.thumb_func
  22              		.type	vin_SetDriveMode, %function
  23              	vin_SetDriveMode:
  24              	.LFB0:
  25              		.file 1 "Generated_Source\\PSoC4\\vin.c"
   1:Generated_Source\PSoC4/vin.c **** /*******************************************************************************
   2:Generated_Source\PSoC4/vin.c **** * File Name: vin.c  
   3:Generated_Source\PSoC4/vin.c **** * Version 2.20
   4:Generated_Source\PSoC4/vin.c **** *
   5:Generated_Source\PSoC4/vin.c **** * Description:
   6:Generated_Source\PSoC4/vin.c **** *  This file contains API to enable firmware control of a Pins component.
   7:Generated_Source\PSoC4/vin.c **** *
   8:Generated_Source\PSoC4/vin.c **** ********************************************************************************
   9:Generated_Source\PSoC4/vin.c **** * Copyright 2008-2015, Cypress Semiconductor Corporation.  All rights reserved.
  10:Generated_Source\PSoC4/vin.c **** * You may use this file only in accordance with the license, terms, conditions, 
  11:Generated_Source\PSoC4/vin.c **** * disclaimers, and limitations in the end user license agreement accompanying 
  12:Generated_Source\PSoC4/vin.c **** * the software package with which this file was provided.
  13:Generated_Source\PSoC4/vin.c **** *******************************************************************************/
  14:Generated_Source\PSoC4/vin.c **** 
  15:Generated_Source\PSoC4/vin.c **** #include "cytypes.h"
  16:Generated_Source\PSoC4/vin.c **** #include "vin.h"
  17:Generated_Source\PSoC4/vin.c **** 
  18:Generated_Source\PSoC4/vin.c **** 
  19:Generated_Source\PSoC4/vin.c **** #if defined(vin__PC)
  20:Generated_Source\PSoC4/vin.c ****     #define vin_SetP4PinDriveMode(shift, mode)  \
  21:Generated_Source\PSoC4/vin.c ****     do { \
  22:Generated_Source\PSoC4/vin.c ****         vin_PC =   (vin_PC & \
  23:Generated_Source\PSoC4/vin.c ****                                 (uint32)(~(uint32)(vin_DRIVE_MODE_IND_MASK << \
  24:Generated_Source\PSoC4/vin.c ****                                 (vin_DRIVE_MODE_BITS * (shift))))) | \
  25:Generated_Source\PSoC4/vin.c ****                                 (uint32)((uint32)(mode) << \
  26:Generated_Source\PSoC4/vin.c ****                                 (vin_DRIVE_MODE_BITS * (shift))); \
  27:Generated_Source\PSoC4/vin.c ****     } while (0)
  28:Generated_Source\PSoC4/vin.c **** #else
  29:Generated_Source\PSoC4/vin.c ****     #if (CY_PSOC4_4200L)
  30:Generated_Source\PSoC4/vin.c ****         #define vin_SetP4PinDriveMode(shift, mode)  \
  31:Generated_Source\PSoC4/vin.c ****         do { \
  32:Generated_Source\PSoC4/vin.c ****             vin_USBIO_CTRL_REG = (vin_USBIO_CTRL_REG & \
ARM GAS  C:\Users\g\AppData\Local\Temp\ccv6957G.s 			page 2


  33:Generated_Source\PSoC4/vin.c ****                                     (uint32)(~(uint32)(vin_DRIVE_MODE_IND_MASK << \
  34:Generated_Source\PSoC4/vin.c ****                                     (vin_DRIVE_MODE_BITS * (shift))))) | \
  35:Generated_Source\PSoC4/vin.c ****                                     (uint32)((uint32)(mode) << \
  36:Generated_Source\PSoC4/vin.c ****                                     (vin_DRIVE_MODE_BITS * (shift))); \
  37:Generated_Source\PSoC4/vin.c ****         } while (0)
  38:Generated_Source\PSoC4/vin.c ****     #endif
  39:Generated_Source\PSoC4/vin.c **** #endif
  40:Generated_Source\PSoC4/vin.c ****   
  41:Generated_Source\PSoC4/vin.c **** 
  42:Generated_Source\PSoC4/vin.c **** #if defined(vin__PC) || (CY_PSOC4_4200L) 
  43:Generated_Source\PSoC4/vin.c ****     /*******************************************************************************
  44:Generated_Source\PSoC4/vin.c ****     * Function Name: vin_SetDriveMode
  45:Generated_Source\PSoC4/vin.c ****     ****************************************************************************//**
  46:Generated_Source\PSoC4/vin.c ****     *
  47:Generated_Source\PSoC4/vin.c ****     * \brief Sets the drive mode for each of the Pins component's pins.
  48:Generated_Source\PSoC4/vin.c ****     * 
  49:Generated_Source\PSoC4/vin.c ****     * <b>Note</b> This affects all pins in the Pins component instance. Use the
  50:Generated_Source\PSoC4/vin.c ****     * Per-Pin APIs if you wish to control individual pin's drive modes.
  51:Generated_Source\PSoC4/vin.c ****     *
  52:Generated_Source\PSoC4/vin.c ****     * <b>Note</b> USBIOs have limited drive functionality. Refer to the Drive Mode
  53:Generated_Source\PSoC4/vin.c ****     * parameter for more information.
  54:Generated_Source\PSoC4/vin.c ****     *
  55:Generated_Source\PSoC4/vin.c ****     * \param mode
  56:Generated_Source\PSoC4/vin.c ****     *  Mode for the selected signals. Valid options are documented in 
  57:Generated_Source\PSoC4/vin.c ****     *  \ref driveMode.
  58:Generated_Source\PSoC4/vin.c ****     *
  59:Generated_Source\PSoC4/vin.c ****     * \return
  60:Generated_Source\PSoC4/vin.c ****     *  None
  61:Generated_Source\PSoC4/vin.c ****     *
  62:Generated_Source\PSoC4/vin.c ****     * \sideeffect
  63:Generated_Source\PSoC4/vin.c ****     *  If you use read-modify-write operations that are not atomic, the ISR can
  64:Generated_Source\PSoC4/vin.c ****     *  cause corruption of this function. An ISR that interrupts this function 
  65:Generated_Source\PSoC4/vin.c ****     *  and performs writes to the Pins component Drive Mode registers can cause 
  66:Generated_Source\PSoC4/vin.c ****     *  corrupted port data. To avoid this issue, you should either use the Per-Pin
  67:Generated_Source\PSoC4/vin.c ****     *  APIs (primary method) or disable interrupts around this function.
  68:Generated_Source\PSoC4/vin.c ****     *
  69:Generated_Source\PSoC4/vin.c ****     * \funcusage
  70:Generated_Source\PSoC4/vin.c ****     *  \snippet vin_SUT.c usage_vin_SetDriveMode
  71:Generated_Source\PSoC4/vin.c ****     *******************************************************************************/
  72:Generated_Source\PSoC4/vin.c ****     void vin_SetDriveMode(uint8 mode)
  73:Generated_Source\PSoC4/vin.c ****     {
  26              		.loc 1 73 0
  27              		.cfi_startproc
  28              	.LVL0:
  74:Generated_Source\PSoC4/vin.c **** 		vin_SetP4PinDriveMode(vin__0__SHIFT, mode);
  29              		.loc 1 74 0
  30 0000 034A     		ldr	r2, .L2
  31 0002 044B     		ldr	r3, .L2+4
  32 0004 1168     		ldr	r1, [r2]
  33 0006 8001     		lsl	r0, r0, #6
  34              	.LVL1:
  35 0008 0B40     		and	r3, r1
  36 000a 1843     		orr	r0, r3
  37 000c 1060     		str	r0, [r2]
  75:Generated_Source\PSoC4/vin.c ****     }
  38              		.loc 1 75 0
  39              		@ sp needed
ARM GAS  C:\Users\g\AppData\Local\Temp\ccv6957G.s 			page 3


  40 000e 7047     		bx	lr
  41              	.L3:
  42              		.align	2
  43              	.L2:
  44 0010 08030440 		.word	1074004744
  45 0014 3FFEFFFF 		.word	-449
  46              		.cfi_endproc
  47              	.LFE0:
  48              		.size	vin_SetDriveMode, .-vin_SetDriveMode
  49              		.section	.text.vin_Write,"ax",%progbits
  50              		.align	1
  51              		.global	vin_Write
  52              		.code	16
  53              		.thumb_func
  54              		.type	vin_Write, %function
  55              	vin_Write:
  56              	.LFB1:
  76:Generated_Source\PSoC4/vin.c **** #endif
  77:Generated_Source\PSoC4/vin.c **** 
  78:Generated_Source\PSoC4/vin.c **** 
  79:Generated_Source\PSoC4/vin.c **** /*******************************************************************************
  80:Generated_Source\PSoC4/vin.c **** * Function Name: vin_Write
  81:Generated_Source\PSoC4/vin.c **** ****************************************************************************//**
  82:Generated_Source\PSoC4/vin.c **** *
  83:Generated_Source\PSoC4/vin.c **** * \brief Writes the value to the physical port (data output register), masking
  84:Generated_Source\PSoC4/vin.c **** *  and shifting the bits appropriately. 
  85:Generated_Source\PSoC4/vin.c **** *
  86:Generated_Source\PSoC4/vin.c **** * The data output register controls the signal applied to the physical pin in 
  87:Generated_Source\PSoC4/vin.c **** * conjunction with the drive mode parameter. This function avoids changing 
  88:Generated_Source\PSoC4/vin.c **** * other bits in the port by using the appropriate method (read-modify-write or
  89:Generated_Source\PSoC4/vin.c **** * bit banding).
  90:Generated_Source\PSoC4/vin.c **** *
  91:Generated_Source\PSoC4/vin.c **** * <b>Note</b> This function should not be used on a hardware digital output pin 
  92:Generated_Source\PSoC4/vin.c **** * as it is driven by the hardware signal attached to it.
  93:Generated_Source\PSoC4/vin.c **** *
  94:Generated_Source\PSoC4/vin.c **** * \param value
  95:Generated_Source\PSoC4/vin.c **** *  Value to write to the component instance.
  96:Generated_Source\PSoC4/vin.c **** *
  97:Generated_Source\PSoC4/vin.c **** * \return 
  98:Generated_Source\PSoC4/vin.c **** *  None 
  99:Generated_Source\PSoC4/vin.c **** *
 100:Generated_Source\PSoC4/vin.c **** * \sideeffect
 101:Generated_Source\PSoC4/vin.c **** *  If you use read-modify-write operations that are not atomic; the Interrupt 
 102:Generated_Source\PSoC4/vin.c **** *  Service Routines (ISR) can cause corruption of this function. An ISR that 
 103:Generated_Source\PSoC4/vin.c **** *  interrupts this function and performs writes to the Pins component data 
 104:Generated_Source\PSoC4/vin.c **** *  register can cause corrupted port data. To avoid this issue, you should 
 105:Generated_Source\PSoC4/vin.c **** *  either use the Per-Pin APIs (primary method) or disable interrupts around 
 106:Generated_Source\PSoC4/vin.c **** *  this function.
 107:Generated_Source\PSoC4/vin.c **** *
 108:Generated_Source\PSoC4/vin.c **** * \funcusage
 109:Generated_Source\PSoC4/vin.c **** *  \snippet vin_SUT.c usage_vin_Write
 110:Generated_Source\PSoC4/vin.c **** *******************************************************************************/
 111:Generated_Source\PSoC4/vin.c **** void vin_Write(uint8 value)
 112:Generated_Source\PSoC4/vin.c **** {
  57              		.loc 1 112 0
  58              		.cfi_startproc
  59              	.LVL2:
ARM GAS  C:\Users\g\AppData\Local\Temp\ccv6957G.s 			page 4


 113:Generated_Source\PSoC4/vin.c ****     uint8 drVal = (uint8)(vin_DR & (uint8)(~vin_MASK));
  60              		.loc 1 113 0
  61 0000 0423     		mov	r3, #4
  62 0002 0449     		ldr	r1, .L5
 114:Generated_Source\PSoC4/vin.c ****     drVal = (drVal | ((uint8)(value << vin_SHIFT) & vin_MASK));
  63              		.loc 1 114 0
  64 0004 8000     		lsl	r0, r0, #2
  65              	.LVL3:
 113:Generated_Source\PSoC4/vin.c ****     uint8 drVal = (uint8)(vin_DR & (uint8)(~vin_MASK));
  66              		.loc 1 113 0
  67 0006 0A68     		ldr	r2, [r1]
 115:Generated_Source\PSoC4/vin.c ****     vin_DR = (uint32)drVal;
 116:Generated_Source\PSoC4/vin.c **** }
  68              		.loc 1 116 0
  69              		@ sp needed
 113:Generated_Source\PSoC4/vin.c ****     drVal = (drVal | ((uint8)(value << vin_SHIFT) & vin_MASK));
  70              		.loc 1 113 0
  71 0008 9A43     		bic	r2, r3
  72 000a D2B2     		uxtb	r2, r2
 114:Generated_Source\PSoC4/vin.c ****     drVal = (drVal | ((uint8)(value << vin_SHIFT) & vin_MASK));
  73              		.loc 1 114 0
  74 000c 0340     		and	r3, r0
 115:Generated_Source\PSoC4/vin.c ****     vin_DR = (uint32)drVal;
  75              		.loc 1 115 0
  76 000e 1343     		orr	r3, r2
  77 0010 0B60     		str	r3, [r1]
  78              		.loc 1 116 0
  79 0012 7047     		bx	lr
  80              	.L6:
  81              		.align	2
  82              	.L5:
  83 0014 00030440 		.word	1074004736
  84              		.cfi_endproc
  85              	.LFE1:
  86              		.size	vin_Write, .-vin_Write
  87              		.section	.text.vin_Read,"ax",%progbits
  88              		.align	1
  89              		.global	vin_Read
  90              		.code	16
  91              		.thumb_func
  92              		.type	vin_Read, %function
  93              	vin_Read:
  94              	.LFB2:
 117:Generated_Source\PSoC4/vin.c **** 
 118:Generated_Source\PSoC4/vin.c **** 
 119:Generated_Source\PSoC4/vin.c **** /*******************************************************************************
 120:Generated_Source\PSoC4/vin.c **** * Function Name: vin_Read
 121:Generated_Source\PSoC4/vin.c **** ****************************************************************************//**
 122:Generated_Source\PSoC4/vin.c **** *
 123:Generated_Source\PSoC4/vin.c **** * \brief Reads the associated physical port (pin status register) and masks 
 124:Generated_Source\PSoC4/vin.c **** *  the required bits according to the width and bit position of the component
 125:Generated_Source\PSoC4/vin.c **** *  instance. 
 126:Generated_Source\PSoC4/vin.c **** *
 127:Generated_Source\PSoC4/vin.c **** * The pin's status register returns the current logic level present on the 
 128:Generated_Source\PSoC4/vin.c **** * physical pin.
 129:Generated_Source\PSoC4/vin.c **** *
 130:Generated_Source\PSoC4/vin.c **** * \return 
ARM GAS  C:\Users\g\AppData\Local\Temp\ccv6957G.s 			page 5


 131:Generated_Source\PSoC4/vin.c **** *  The current value for the pins in the component as a right justified number.
 132:Generated_Source\PSoC4/vin.c **** *
 133:Generated_Source\PSoC4/vin.c **** * \funcusage
 134:Generated_Source\PSoC4/vin.c **** *  \snippet vin_SUT.c usage_vin_Read  
 135:Generated_Source\PSoC4/vin.c **** *******************************************************************************/
 136:Generated_Source\PSoC4/vin.c **** uint8 vin_Read(void)
 137:Generated_Source\PSoC4/vin.c **** {
  95              		.loc 1 137 0
  96              		.cfi_startproc
 138:Generated_Source\PSoC4/vin.c ****     return (uint8)((vin_PS & vin_MASK) >> vin_SHIFT);
  97              		.loc 1 138 0
  98 0000 024B     		ldr	r3, .L8
 139:Generated_Source\PSoC4/vin.c **** }
  99              		.loc 1 139 0
 100              		@ sp needed
 138:Generated_Source\PSoC4/vin.c ****     return (uint8)((vin_PS & vin_MASK) >> vin_SHIFT);
 101              		.loc 1 138 0
 102 0002 1868     		ldr	r0, [r3]
 103 0004 4007     		lsl	r0, r0, #29
 104 0006 C00F     		lsr	r0, r0, #31
 105              		.loc 1 139 0
 106 0008 7047     		bx	lr
 107              	.L9:
 108 000a C046     		.align	2
 109              	.L8:
 110 000c 04030440 		.word	1074004740
 111              		.cfi_endproc
 112              	.LFE2:
 113              		.size	vin_Read, .-vin_Read
 114              		.section	.text.vin_ReadDataReg,"ax",%progbits
 115              		.align	1
 116              		.global	vin_ReadDataReg
 117              		.code	16
 118              		.thumb_func
 119              		.type	vin_ReadDataReg, %function
 120              	vin_ReadDataReg:
 121              	.LFB3:
 140:Generated_Source\PSoC4/vin.c **** 
 141:Generated_Source\PSoC4/vin.c **** 
 142:Generated_Source\PSoC4/vin.c **** /*******************************************************************************
 143:Generated_Source\PSoC4/vin.c **** * Function Name: vin_ReadDataReg
 144:Generated_Source\PSoC4/vin.c **** ****************************************************************************//**
 145:Generated_Source\PSoC4/vin.c **** *
 146:Generated_Source\PSoC4/vin.c **** * \brief Reads the associated physical port's data output register and masks 
 147:Generated_Source\PSoC4/vin.c **** *  the correct bits according to the width and bit position of the component 
 148:Generated_Source\PSoC4/vin.c **** *  instance. 
 149:Generated_Source\PSoC4/vin.c **** *
 150:Generated_Source\PSoC4/vin.c **** * The data output register controls the signal applied to the physical pin in 
 151:Generated_Source\PSoC4/vin.c **** * conjunction with the drive mode parameter. This is not the same as the 
 152:Generated_Source\PSoC4/vin.c **** * preferred vin_Read() API because the 
 153:Generated_Source\PSoC4/vin.c **** * vin_ReadDataReg() reads the data register instead of the status 
 154:Generated_Source\PSoC4/vin.c **** * register. For output pins this is a useful function to determine the value 
 155:Generated_Source\PSoC4/vin.c **** * just written to the pin.
 156:Generated_Source\PSoC4/vin.c **** *
 157:Generated_Source\PSoC4/vin.c **** * \return 
 158:Generated_Source\PSoC4/vin.c **** *  The current value of the data register masked and shifted into a right 
 159:Generated_Source\PSoC4/vin.c **** *  justified number for the component instance.
ARM GAS  C:\Users\g\AppData\Local\Temp\ccv6957G.s 			page 6


 160:Generated_Source\PSoC4/vin.c **** *
 161:Generated_Source\PSoC4/vin.c **** * \funcusage
 162:Generated_Source\PSoC4/vin.c **** *  \snippet vin_SUT.c usage_vin_ReadDataReg 
 163:Generated_Source\PSoC4/vin.c **** *******************************************************************************/
 164:Generated_Source\PSoC4/vin.c **** uint8 vin_ReadDataReg(void)
 165:Generated_Source\PSoC4/vin.c **** {
 122              		.loc 1 165 0
 123              		.cfi_startproc
 166:Generated_Source\PSoC4/vin.c ****     return (uint8)((vin_DR & vin_MASK) >> vin_SHIFT);
 124              		.loc 1 166 0
 125 0000 024B     		ldr	r3, .L11
 167:Generated_Source\PSoC4/vin.c **** }
 126              		.loc 1 167 0
 127              		@ sp needed
 166:Generated_Source\PSoC4/vin.c ****     return (uint8)((vin_DR & vin_MASK) >> vin_SHIFT);
 128              		.loc 1 166 0
 129 0002 1868     		ldr	r0, [r3]
 130 0004 4007     		lsl	r0, r0, #29
 131 0006 C00F     		lsr	r0, r0, #31
 132              		.loc 1 167 0
 133 0008 7047     		bx	lr
 134              	.L12:
 135 000a C046     		.align	2
 136              	.L11:
 137 000c 00030440 		.word	1074004736
 138              		.cfi_endproc
 139              	.LFE3:
 140              		.size	vin_ReadDataReg, .-vin_ReadDataReg
 141              		.section	.text.vin_SetInterruptMode,"ax",%progbits
 142              		.align	1
 143              		.global	vin_SetInterruptMode
 144              		.code	16
 145              		.thumb_func
 146              		.type	vin_SetInterruptMode, %function
 147              	vin_SetInterruptMode:
 148              	.LFB4:
 168:Generated_Source\PSoC4/vin.c **** 
 169:Generated_Source\PSoC4/vin.c **** 
 170:Generated_Source\PSoC4/vin.c **** /*******************************************************************************
 171:Generated_Source\PSoC4/vin.c **** * Function Name: vin_SetInterruptMode
 172:Generated_Source\PSoC4/vin.c **** ****************************************************************************//**
 173:Generated_Source\PSoC4/vin.c **** *
 174:Generated_Source\PSoC4/vin.c **** * \brief Configures the interrupt mode for each of the Pins component's
 175:Generated_Source\PSoC4/vin.c **** *  pins. Alternatively you may set the interrupt mode for all the pins
 176:Generated_Source\PSoC4/vin.c **** *  specified in the Pins component.
 177:Generated_Source\PSoC4/vin.c **** *
 178:Generated_Source\PSoC4/vin.c **** *  <b>Note</b> The interrupt is port-wide and therefore any enabled pin
 179:Generated_Source\PSoC4/vin.c **** *  interrupt may trigger it.
 180:Generated_Source\PSoC4/vin.c **** *
 181:Generated_Source\PSoC4/vin.c **** * \param position
 182:Generated_Source\PSoC4/vin.c **** *  The pin position as listed in the Pins component. You may OR these to be 
 183:Generated_Source\PSoC4/vin.c **** *  able to configure the interrupt mode of multiple pins within a Pins 
 184:Generated_Source\PSoC4/vin.c **** *  component. Or you may use vin_INTR_ALL to configure the
 185:Generated_Source\PSoC4/vin.c **** *  interrupt mode of all the pins in the Pins component.       
 186:Generated_Source\PSoC4/vin.c **** *  - vin_0_INTR       (First pin in the list)
 187:Generated_Source\PSoC4/vin.c **** *  - vin_1_INTR       (Second pin in the list)
 188:Generated_Source\PSoC4/vin.c **** *  - ...
ARM GAS  C:\Users\g\AppData\Local\Temp\ccv6957G.s 			page 7


 189:Generated_Source\PSoC4/vin.c **** *  - vin_INTR_ALL     (All pins in Pins component)
 190:Generated_Source\PSoC4/vin.c **** *
 191:Generated_Source\PSoC4/vin.c **** * \param mode
 192:Generated_Source\PSoC4/vin.c **** *  Interrupt mode for the selected pins. Valid options are documented in
 193:Generated_Source\PSoC4/vin.c **** *  \ref intrMode.
 194:Generated_Source\PSoC4/vin.c **** *
 195:Generated_Source\PSoC4/vin.c **** * \return 
 196:Generated_Source\PSoC4/vin.c **** *  None
 197:Generated_Source\PSoC4/vin.c **** *  
 198:Generated_Source\PSoC4/vin.c **** * \sideeffect
 199:Generated_Source\PSoC4/vin.c **** *  It is recommended that the interrupt be disabled before calling this 
 200:Generated_Source\PSoC4/vin.c **** *  function to avoid unintended interrupt requests. Note that the interrupt
 201:Generated_Source\PSoC4/vin.c **** *  type is port wide, and therefore will trigger for any enabled pin on the 
 202:Generated_Source\PSoC4/vin.c **** *  port.
 203:Generated_Source\PSoC4/vin.c **** *
 204:Generated_Source\PSoC4/vin.c **** * \funcusage
 205:Generated_Source\PSoC4/vin.c **** *  \snippet vin_SUT.c usage_vin_SetInterruptMode
 206:Generated_Source\PSoC4/vin.c **** *******************************************************************************/
 207:Generated_Source\PSoC4/vin.c **** void vin_SetInterruptMode(uint16 position, uint16 mode)
 208:Generated_Source\PSoC4/vin.c **** {
 149              		.loc 1 208 0
 150              		.cfi_startproc
 151              	.LVL4:
 209:Generated_Source\PSoC4/vin.c ****     uint32 intrCfg;
 210:Generated_Source\PSoC4/vin.c ****     
 211:Generated_Source\PSoC4/vin.c ****     intrCfg =  vin_INTCFG & (uint32)(~(uint32)position);
 152              		.loc 1 211 0
 153 0000 034A     		ldr	r2, .L14
 212:Generated_Source\PSoC4/vin.c ****     vin_INTCFG = intrCfg | ((uint32)position & (uint32)mode);
 213:Generated_Source\PSoC4/vin.c **** }
 154              		.loc 1 213 0
 155              		@ sp needed
 211:Generated_Source\PSoC4/vin.c ****     vin_INTCFG = intrCfg | ((uint32)position & (uint32)mode);
 156              		.loc 1 211 0
 157 0002 1368     		ldr	r3, [r2]
 158              	.LVL5:
 159 0004 8343     		bic	r3, r0
 160              	.LVL6:
 212:Generated_Source\PSoC4/vin.c ****     vin_INTCFG = intrCfg | ((uint32)position & (uint32)mode);
 161              		.loc 1 212 0
 162 0006 0840     		and	r0, r1
 163              	.LVL7:
 164 0008 1843     		orr	r0, r3
 165 000a 1060     		str	r0, [r2]
 166              		.loc 1 213 0
 167 000c 7047     		bx	lr
 168              	.L15:
 169 000e C046     		.align	2
 170              	.L14:
 171 0010 0C030440 		.word	1074004748
 172              		.cfi_endproc
 173              	.LFE4:
 174              		.size	vin_SetInterruptMode, .-vin_SetInterruptMode
 175              		.section	.text.vin_ClearInterrupt,"ax",%progbits
 176              		.align	1
 177              		.global	vin_ClearInterrupt
 178              		.code	16
ARM GAS  C:\Users\g\AppData\Local\Temp\ccv6957G.s 			page 8


 179              		.thumb_func
 180              		.type	vin_ClearInterrupt, %function
 181              	vin_ClearInterrupt:
 182              	.LFB5:
 214:Generated_Source\PSoC4/vin.c **** 
 215:Generated_Source\PSoC4/vin.c **** 
 216:Generated_Source\PSoC4/vin.c **** /*******************************************************************************
 217:Generated_Source\PSoC4/vin.c **** * Function Name: vin_ClearInterrupt
 218:Generated_Source\PSoC4/vin.c **** ****************************************************************************//**
 219:Generated_Source\PSoC4/vin.c **** *
 220:Generated_Source\PSoC4/vin.c **** * \brief Clears any active interrupts attached with the component and returns 
 221:Generated_Source\PSoC4/vin.c **** *  the value of the interrupt status register allowing determination of which
 222:Generated_Source\PSoC4/vin.c **** *  pins generated an interrupt event.
 223:Generated_Source\PSoC4/vin.c **** *
 224:Generated_Source\PSoC4/vin.c **** * \return 
 225:Generated_Source\PSoC4/vin.c **** *  The right-shifted current value of the interrupt status register. Each pin 
 226:Generated_Source\PSoC4/vin.c **** *  has one bit set if it generated an interrupt event. For example, bit 0 is 
 227:Generated_Source\PSoC4/vin.c **** *  for pin 0 and bit 1 is for pin 1 of the Pins component.
 228:Generated_Source\PSoC4/vin.c **** *  
 229:Generated_Source\PSoC4/vin.c **** * \sideeffect
 230:Generated_Source\PSoC4/vin.c **** *  Clears all bits of the physical port's interrupt status register, not just
 231:Generated_Source\PSoC4/vin.c **** *  those associated with the Pins component.
 232:Generated_Source\PSoC4/vin.c **** *
 233:Generated_Source\PSoC4/vin.c **** * \funcusage
 234:Generated_Source\PSoC4/vin.c **** *  \snippet vin_SUT.c usage_vin_ClearInterrupt
 235:Generated_Source\PSoC4/vin.c **** *******************************************************************************/
 236:Generated_Source\PSoC4/vin.c **** uint8 vin_ClearInterrupt(void)
 237:Generated_Source\PSoC4/vin.c **** {
 183              		.loc 1 237 0
 184              		.cfi_startproc
 238:Generated_Source\PSoC4/vin.c **** 	uint8 maskedStatus = (uint8)(vin_INTSTAT & vin_MASK);
 185              		.loc 1 238 0
 186 0000 0423     		mov	r3, #4
 187 0002 034A     		ldr	r2, .L17
 239:Generated_Source\PSoC4/vin.c **** 	vin_INTSTAT = maskedStatus;
 240:Generated_Source\PSoC4/vin.c ****     return maskedStatus >> vin_SHIFT;
 241:Generated_Source\PSoC4/vin.c **** }
 188              		.loc 1 241 0
 189              		@ sp needed
 238:Generated_Source\PSoC4/vin.c **** 	uint8 maskedStatus = (uint8)(vin_INTSTAT & vin_MASK);
 190              		.loc 1 238 0
 191 0004 1068     		ldr	r0, [r2]
 192 0006 1840     		and	r0, r3
 193              	.LVL8:
 239:Generated_Source\PSoC4/vin.c **** 	vin_INTSTAT = maskedStatus;
 194              		.loc 1 239 0
 195 0008 1060     		str	r0, [r2]
 240:Generated_Source\PSoC4/vin.c **** }
 196              		.loc 1 240 0
 197 000a 8008     		lsr	r0, r0, #2
 198              	.LVL9:
 199 000c C0B2     		uxtb	r0, r0
 200              		.loc 1 241 0
 201 000e 7047     		bx	lr
 202              	.L18:
 203              		.align	2
 204              	.L17:
ARM GAS  C:\Users\g\AppData\Local\Temp\ccv6957G.s 			page 9


 205 0010 10030440 		.word	1074004752
 206              		.cfi_endproc
 207              	.LFE5:
 208              		.size	vin_ClearInterrupt, .-vin_ClearInterrupt
 209              		.text
 210              	.Letext0:
 211              		.file 2 "Generated_Source\\PSoC4\\cytypes.h"
 212              		.section	.debug_info,"",%progbits
 213              	.Ldebug_info0:
 214 0000 97010000 		.4byte	0x197
 215 0004 0400     		.2byte	0x4
 216 0006 00000000 		.4byte	.Ldebug_abbrev0
 217 000a 04       		.byte	0x4
 218 000b 01       		.uleb128 0x1
 219 000c 06000000 		.4byte	.LASF27
 220 0010 01       		.byte	0x1
 221 0011 31010000 		.4byte	.LASF28
 222 0015 B7000000 		.4byte	.LASF29
 223 0019 00000000 		.4byte	.Ldebug_ranges0+0
 224 001d 00000000 		.4byte	0
 225 0021 00000000 		.4byte	.Ldebug_line0
 226 0025 02       		.uleb128 0x2
 227 0026 01       		.byte	0x1
 228 0027 06       		.byte	0x6
 229 0028 F0010000 		.4byte	.LASF0
 230 002c 02       		.uleb128 0x2
 231 002d 01       		.byte	0x1
 232 002e 08       		.byte	0x8
 233 002f F8000000 		.4byte	.LASF1
 234 0033 02       		.uleb128 0x2
 235 0034 02       		.byte	0x2
 236 0035 05       		.byte	0x5
 237 0036 D7010000 		.4byte	.LASF2
 238 003a 02       		.uleb128 0x2
 239 003b 02       		.byte	0x2
 240 003c 07       		.byte	0x7
 241 003d 1E010000 		.4byte	.LASF3
 242 0041 02       		.uleb128 0x2
 243 0042 04       		.byte	0x4
 244 0043 05       		.byte	0x5
 245 0044 E7010000 		.4byte	.LASF4
 246 0048 02       		.uleb128 0x2
 247 0049 04       		.byte	0x4
 248 004a 07       		.byte	0x7
 249 004b 0C010000 		.4byte	.LASF5
 250 004f 02       		.uleb128 0x2
 251 0050 08       		.byte	0x8
 252 0051 05       		.byte	0x5
 253 0052 AE010000 		.4byte	.LASF6
 254 0056 02       		.uleb128 0x2
 255 0057 08       		.byte	0x8
 256 0058 07       		.byte	0x7
 257 0059 92010000 		.4byte	.LASF7
 258 005d 03       		.uleb128 0x3
 259 005e 04       		.byte	0x4
 260 005f 05       		.byte	0x5
 261 0060 696E7400 		.ascii	"int\000"
ARM GAS  C:\Users\g\AppData\Local\Temp\ccv6957G.s 			page 10


 262 0064 02       		.uleb128 0x2
 263 0065 04       		.byte	0x4
 264 0066 07       		.byte	0x7
 265 0067 85010000 		.4byte	.LASF8
 266 006b 04       		.uleb128 0x4
 267 006c E1010000 		.4byte	.LASF9
 268 0070 02       		.byte	0x2
 269 0071 9801     		.2byte	0x198
 270 0073 2C000000 		.4byte	0x2c
 271 0077 04       		.uleb128 0x4
 272 0078 66010000 		.4byte	.LASF10
 273 007c 02       		.byte	0x2
 274 007d 9901     		.2byte	0x199
 275 007f 3A000000 		.4byte	0x3a
 276 0083 04       		.uleb128 0x4
 277 0084 76010000 		.4byte	.LASF11
 278 0088 02       		.byte	0x2
 279 0089 9A01     		.2byte	0x19a
 280 008b 48000000 		.4byte	0x48
 281 008f 02       		.uleb128 0x2
 282 0090 04       		.byte	0x4
 283 0091 04       		.byte	0x4
 284 0092 DD000000 		.4byte	.LASF12
 285 0096 02       		.uleb128 0x2
 286 0097 08       		.byte	0x8
 287 0098 04       		.byte	0x4
 288 0099 5F010000 		.4byte	.LASF13
 289 009d 02       		.uleb128 0x2
 290 009e 01       		.byte	0x1
 291 009f 08       		.byte	0x8
 292 00a0 C9010000 		.4byte	.LASF14
 293 00a4 04       		.uleb128 0x4
 294 00a5 00000000 		.4byte	.LASF15
 295 00a9 02       		.byte	0x2
 296 00aa 4402     		.2byte	0x244
 297 00ac B0000000 		.4byte	0xb0
 298 00b0 05       		.uleb128 0x5
 299 00b1 83000000 		.4byte	0x83
 300 00b5 06       		.uleb128 0x6
 301 00b6 4E010000 		.4byte	.LASF16
 302 00ba 01       		.byte	0x1
 303 00bb 48       		.byte	0x48
 304 00bc 00000000 		.4byte	.LFB0
 305 00c0 18000000 		.4byte	.LFE0-.LFB0
 306 00c4 01       		.uleb128 0x1
 307 00c5 9C       		.byte	0x9c
 308 00c6 DA000000 		.4byte	0xda
 309 00ca 07       		.uleb128 0x7
 310 00cb A9010000 		.4byte	.LASF18
 311 00cf 01       		.byte	0x1
 312 00d0 48       		.byte	0x48
 313 00d1 6B000000 		.4byte	0x6b
 314 00d5 00000000 		.4byte	.LLST0
 315 00d9 00       		.byte	0
 316 00da 06       		.uleb128 0x6
 317 00db 9A000000 		.4byte	.LASF17
 318 00df 01       		.byte	0x1
ARM GAS  C:\Users\g\AppData\Local\Temp\ccv6957G.s 			page 11


 319 00e0 6F       		.byte	0x6f
 320 00e1 00000000 		.4byte	.LFB1
 321 00e5 18000000 		.4byte	.LFE1-.LFB1
 322 00e9 01       		.uleb128 0x1
 323 00ea 9C       		.byte	0x9c
 324 00eb 0A010000 		.4byte	0x10a
 325 00ef 07       		.uleb128 0x7
 326 00f0 94000000 		.4byte	.LASF19
 327 00f4 01       		.byte	0x1
 328 00f5 6F       		.byte	0x6f
 329 00f6 6B000000 		.4byte	0x6b
 330 00fa 21000000 		.4byte	.LLST1
 331 00fe 08       		.uleb128 0x8
 332 00ff 06010000 		.4byte	.LASF30
 333 0103 01       		.byte	0x1
 334 0104 71       		.byte	0x71
 335 0105 6B000000 		.4byte	0x6b
 336 0109 00       		.byte	0
 337 010a 09       		.uleb128 0x9
 338 010b CE010000 		.4byte	.LASF20
 339 010f 01       		.byte	0x1
 340 0110 88       		.byte	0x88
 341 0111 6B000000 		.4byte	0x6b
 342 0115 00000000 		.4byte	.LFB2
 343 0119 10000000 		.4byte	.LFE2-.LFB2
 344 011d 01       		.uleb128 0x1
 345 011e 9C       		.byte	0x9c
 346 011f 09       		.uleb128 0x9
 347 0120 FC010000 		.4byte	.LASF21
 348 0124 01       		.byte	0x1
 349 0125 A4       		.byte	0xa4
 350 0126 6B000000 		.4byte	0x6b
 351 012a 00000000 		.4byte	.LFB3
 352 012e 10000000 		.4byte	.LFE3-.LFB3
 353 0132 01       		.uleb128 0x1
 354 0133 9C       		.byte	0x9c
 355 0134 06       		.uleb128 0x6
 356 0135 E3000000 		.4byte	.LASF22
 357 0139 01       		.byte	0x1
 358 013a CF       		.byte	0xcf
 359 013b 00000000 		.4byte	.LFB4
 360 013f 14000000 		.4byte	.LFE4-.LFB4
 361 0143 01       		.uleb128 0x1
 362 0144 9C       		.byte	0x9c
 363 0145 75010000 		.4byte	0x175
 364 0149 07       		.uleb128 0x7
 365 014a 6D010000 		.4byte	.LASF23
 366 014e 01       		.byte	0x1
 367 014f CF       		.byte	0xcf
 368 0150 77000000 		.4byte	0x77
 369 0154 42000000 		.4byte	.LLST2
 370 0158 0A       		.uleb128 0xa
 371 0159 A9010000 		.4byte	.LASF18
 372 015d 01       		.byte	0x1
 373 015e CF       		.byte	0xcf
 374 015f 77000000 		.4byte	0x77
 375 0163 01       		.uleb128 0x1
ARM GAS  C:\Users\g\AppData\Local\Temp\ccv6957G.s 			page 12


 376 0164 51       		.byte	0x51
 377 0165 0B       		.uleb128 0xb
 378 0166 7D010000 		.4byte	.LASF25
 379 016a 01       		.byte	0x1
 380 016b D1       		.byte	0xd1
 381 016c 83000000 		.4byte	0x83
 382 0170 63000000 		.4byte	.LLST3
 383 0174 00       		.byte	0
 384 0175 0C       		.uleb128 0xc
 385 0176 A4000000 		.4byte	.LASF24
 386 017a 01       		.byte	0x1
 387 017b EC       		.byte	0xec
 388 017c 6B000000 		.4byte	0x6b
 389 0180 00000000 		.4byte	.LFB5
 390 0184 14000000 		.4byte	.LFE5-.LFB5
 391 0188 01       		.uleb128 0x1
 392 0189 9C       		.byte	0x9c
 393 018a 0B       		.uleb128 0xb
 394 018b BC010000 		.4byte	.LASF26
 395 018f 01       		.byte	0x1
 396 0190 EE       		.byte	0xee
 397 0191 6B000000 		.4byte	0x6b
 398 0195 80000000 		.4byte	.LLST4
 399 0199 00       		.byte	0
 400 019a 00       		.byte	0
 401              		.section	.debug_abbrev,"",%progbits
 402              	.Ldebug_abbrev0:
 403 0000 01       		.uleb128 0x1
 404 0001 11       		.uleb128 0x11
 405 0002 01       		.byte	0x1
 406 0003 25       		.uleb128 0x25
 407 0004 0E       		.uleb128 0xe
 408 0005 13       		.uleb128 0x13
 409 0006 0B       		.uleb128 0xb
 410 0007 03       		.uleb128 0x3
 411 0008 0E       		.uleb128 0xe
 412 0009 1B       		.uleb128 0x1b
 413 000a 0E       		.uleb128 0xe
 414 000b 55       		.uleb128 0x55
 415 000c 17       		.uleb128 0x17
 416 000d 11       		.uleb128 0x11
 417 000e 01       		.uleb128 0x1
 418 000f 10       		.uleb128 0x10
 419 0010 17       		.uleb128 0x17
 420 0011 00       		.byte	0
 421 0012 00       		.byte	0
 422 0013 02       		.uleb128 0x2
 423 0014 24       		.uleb128 0x24
 424 0015 00       		.byte	0
 425 0016 0B       		.uleb128 0xb
 426 0017 0B       		.uleb128 0xb
 427 0018 3E       		.uleb128 0x3e
 428 0019 0B       		.uleb128 0xb
 429 001a 03       		.uleb128 0x3
 430 001b 0E       		.uleb128 0xe
 431 001c 00       		.byte	0
 432 001d 00       		.byte	0
ARM GAS  C:\Users\g\AppData\Local\Temp\ccv6957G.s 			page 13


 433 001e 03       		.uleb128 0x3
 434 001f 24       		.uleb128 0x24
 435 0020 00       		.byte	0
 436 0021 0B       		.uleb128 0xb
 437 0022 0B       		.uleb128 0xb
 438 0023 3E       		.uleb128 0x3e
 439 0024 0B       		.uleb128 0xb
 440 0025 03       		.uleb128 0x3
 441 0026 08       		.uleb128 0x8
 442 0027 00       		.byte	0
 443 0028 00       		.byte	0
 444 0029 04       		.uleb128 0x4
 445 002a 16       		.uleb128 0x16
 446 002b 00       		.byte	0
 447 002c 03       		.uleb128 0x3
 448 002d 0E       		.uleb128 0xe
 449 002e 3A       		.uleb128 0x3a
 450 002f 0B       		.uleb128 0xb
 451 0030 3B       		.uleb128 0x3b
 452 0031 05       		.uleb128 0x5
 453 0032 49       		.uleb128 0x49
 454 0033 13       		.uleb128 0x13
 455 0034 00       		.byte	0
 456 0035 00       		.byte	0
 457 0036 05       		.uleb128 0x5
 458 0037 35       		.uleb128 0x35
 459 0038 00       		.byte	0
 460 0039 49       		.uleb128 0x49
 461 003a 13       		.uleb128 0x13
 462 003b 00       		.byte	0
 463 003c 00       		.byte	0
 464 003d 06       		.uleb128 0x6
 465 003e 2E       		.uleb128 0x2e
 466 003f 01       		.byte	0x1
 467 0040 3F       		.uleb128 0x3f
 468 0041 19       		.uleb128 0x19
 469 0042 03       		.uleb128 0x3
 470 0043 0E       		.uleb128 0xe
 471 0044 3A       		.uleb128 0x3a
 472 0045 0B       		.uleb128 0xb
 473 0046 3B       		.uleb128 0x3b
 474 0047 0B       		.uleb128 0xb
 475 0048 27       		.uleb128 0x27
 476 0049 19       		.uleb128 0x19
 477 004a 11       		.uleb128 0x11
 478 004b 01       		.uleb128 0x1
 479 004c 12       		.uleb128 0x12
 480 004d 06       		.uleb128 0x6
 481 004e 40       		.uleb128 0x40
 482 004f 18       		.uleb128 0x18
 483 0050 9742     		.uleb128 0x2117
 484 0052 19       		.uleb128 0x19
 485 0053 01       		.uleb128 0x1
 486 0054 13       		.uleb128 0x13
 487 0055 00       		.byte	0
 488 0056 00       		.byte	0
 489 0057 07       		.uleb128 0x7
ARM GAS  C:\Users\g\AppData\Local\Temp\ccv6957G.s 			page 14


 490 0058 05       		.uleb128 0x5
 491 0059 00       		.byte	0
 492 005a 03       		.uleb128 0x3
 493 005b 0E       		.uleb128 0xe
 494 005c 3A       		.uleb128 0x3a
 495 005d 0B       		.uleb128 0xb
 496 005e 3B       		.uleb128 0x3b
 497 005f 0B       		.uleb128 0xb
 498 0060 49       		.uleb128 0x49
 499 0061 13       		.uleb128 0x13
 500 0062 02       		.uleb128 0x2
 501 0063 17       		.uleb128 0x17
 502 0064 00       		.byte	0
 503 0065 00       		.byte	0
 504 0066 08       		.uleb128 0x8
 505 0067 34       		.uleb128 0x34
 506 0068 00       		.byte	0
 507 0069 03       		.uleb128 0x3
 508 006a 0E       		.uleb128 0xe
 509 006b 3A       		.uleb128 0x3a
 510 006c 0B       		.uleb128 0xb
 511 006d 3B       		.uleb128 0x3b
 512 006e 0B       		.uleb128 0xb
 513 006f 49       		.uleb128 0x49
 514 0070 13       		.uleb128 0x13
 515 0071 00       		.byte	0
 516 0072 00       		.byte	0
 517 0073 09       		.uleb128 0x9
 518 0074 2E       		.uleb128 0x2e
 519 0075 00       		.byte	0
 520 0076 3F       		.uleb128 0x3f
 521 0077 19       		.uleb128 0x19
 522 0078 03       		.uleb128 0x3
 523 0079 0E       		.uleb128 0xe
 524 007a 3A       		.uleb128 0x3a
 525 007b 0B       		.uleb128 0xb
 526 007c 3B       		.uleb128 0x3b
 527 007d 0B       		.uleb128 0xb
 528 007e 27       		.uleb128 0x27
 529 007f 19       		.uleb128 0x19
 530 0080 49       		.uleb128 0x49
 531 0081 13       		.uleb128 0x13
 532 0082 11       		.uleb128 0x11
 533 0083 01       		.uleb128 0x1
 534 0084 12       		.uleb128 0x12
 535 0085 06       		.uleb128 0x6
 536 0086 40       		.uleb128 0x40
 537 0087 18       		.uleb128 0x18
 538 0088 9742     		.uleb128 0x2117
 539 008a 19       		.uleb128 0x19
 540 008b 00       		.byte	0
 541 008c 00       		.byte	0
 542 008d 0A       		.uleb128 0xa
 543 008e 05       		.uleb128 0x5
 544 008f 00       		.byte	0
 545 0090 03       		.uleb128 0x3
 546 0091 0E       		.uleb128 0xe
ARM GAS  C:\Users\g\AppData\Local\Temp\ccv6957G.s 			page 15


 547 0092 3A       		.uleb128 0x3a
 548 0093 0B       		.uleb128 0xb
 549 0094 3B       		.uleb128 0x3b
 550 0095 0B       		.uleb128 0xb
 551 0096 49       		.uleb128 0x49
 552 0097 13       		.uleb128 0x13
 553 0098 02       		.uleb128 0x2
 554 0099 18       		.uleb128 0x18
 555 009a 00       		.byte	0
 556 009b 00       		.byte	0
 557 009c 0B       		.uleb128 0xb
 558 009d 34       		.uleb128 0x34
 559 009e 00       		.byte	0
 560 009f 03       		.uleb128 0x3
 561 00a0 0E       		.uleb128 0xe
 562 00a1 3A       		.uleb128 0x3a
 563 00a2 0B       		.uleb128 0xb
 564 00a3 3B       		.uleb128 0x3b
 565 00a4 0B       		.uleb128 0xb
 566 00a5 49       		.uleb128 0x49
 567 00a6 13       		.uleb128 0x13
 568 00a7 02       		.uleb128 0x2
 569 00a8 17       		.uleb128 0x17
 570 00a9 00       		.byte	0
 571 00aa 00       		.byte	0
 572 00ab 0C       		.uleb128 0xc
 573 00ac 2E       		.uleb128 0x2e
 574 00ad 01       		.byte	0x1
 575 00ae 3F       		.uleb128 0x3f
 576 00af 19       		.uleb128 0x19
 577 00b0 03       		.uleb128 0x3
 578 00b1 0E       		.uleb128 0xe
 579 00b2 3A       		.uleb128 0x3a
 580 00b3 0B       		.uleb128 0xb
 581 00b4 3B       		.uleb128 0x3b
 582 00b5 0B       		.uleb128 0xb
 583 00b6 27       		.uleb128 0x27
 584 00b7 19       		.uleb128 0x19
 585 00b8 49       		.uleb128 0x49
 586 00b9 13       		.uleb128 0x13
 587 00ba 11       		.uleb128 0x11
 588 00bb 01       		.uleb128 0x1
 589 00bc 12       		.uleb128 0x12
 590 00bd 06       		.uleb128 0x6
 591 00be 40       		.uleb128 0x40
 592 00bf 18       		.uleb128 0x18
 593 00c0 9742     		.uleb128 0x2117
 594 00c2 19       		.uleb128 0x19
 595 00c3 00       		.byte	0
 596 00c4 00       		.byte	0
 597 00c5 00       		.byte	0
 598              		.section	.debug_loc,"",%progbits
 599              	.Ldebug_loc0:
 600              	.LLST0:
 601 0000 00000000 		.4byte	.LVL0
 602 0004 08000000 		.4byte	.LVL1
 603 0008 0100     		.2byte	0x1
ARM GAS  C:\Users\g\AppData\Local\Temp\ccv6957G.s 			page 16


 604 000a 50       		.byte	0x50
 605 000b 08000000 		.4byte	.LVL1
 606 000f 18000000 		.4byte	.LFE0
 607 0013 0400     		.2byte	0x4
 608 0015 F3       		.byte	0xf3
 609 0016 01       		.uleb128 0x1
 610 0017 50       		.byte	0x50
 611 0018 9F       		.byte	0x9f
 612 0019 00000000 		.4byte	0
 613 001d 00000000 		.4byte	0
 614              	.LLST1:
 615 0021 00000000 		.4byte	.LVL2
 616 0025 06000000 		.4byte	.LVL3
 617 0029 0100     		.2byte	0x1
 618 002b 50       		.byte	0x50
 619 002c 06000000 		.4byte	.LVL3
 620 0030 18000000 		.4byte	.LFE1
 621 0034 0400     		.2byte	0x4
 622 0036 F3       		.byte	0xf3
 623 0037 01       		.uleb128 0x1
 624 0038 50       		.byte	0x50
 625 0039 9F       		.byte	0x9f
 626 003a 00000000 		.4byte	0
 627 003e 00000000 		.4byte	0
 628              	.LLST2:
 629 0042 00000000 		.4byte	.LVL4
 630 0046 08000000 		.4byte	.LVL7
 631 004a 0100     		.2byte	0x1
 632 004c 50       		.byte	0x50
 633 004d 08000000 		.4byte	.LVL7
 634 0051 14000000 		.4byte	.LFE4
 635 0055 0400     		.2byte	0x4
 636 0057 F3       		.byte	0xf3
 637 0058 01       		.uleb128 0x1
 638 0059 50       		.byte	0x50
 639 005a 9F       		.byte	0x9f
 640 005b 00000000 		.4byte	0
 641 005f 00000000 		.4byte	0
 642              	.LLST3:
 643 0063 04000000 		.4byte	.LVL5
 644 0067 06000000 		.4byte	.LVL6
 645 006b 0B00     		.2byte	0xb
 646 006d 70       		.byte	0x70
 647 006e 00       		.sleb128 0
 648 006f 0A       		.byte	0xa
 649 0070 FFFF     		.2byte	0xffff
 650 0072 1A       		.byte	0x1a
 651 0073 20       		.byte	0x20
 652 0074 73       		.byte	0x73
 653 0075 00       		.sleb128 0
 654 0076 1A       		.byte	0x1a
 655 0077 9F       		.byte	0x9f
 656 0078 00000000 		.4byte	0
 657 007c 00000000 		.4byte	0
 658              	.LLST4:
 659 0080 08000000 		.4byte	.LVL8
 660 0084 0C000000 		.4byte	.LVL9
ARM GAS  C:\Users\g\AppData\Local\Temp\ccv6957G.s 			page 17


 661 0088 0100     		.2byte	0x1
 662 008a 50       		.byte	0x50
 663 008b 0C000000 		.4byte	.LVL9
 664 008f 14000000 		.4byte	.LFE5
 665 0093 0400     		.2byte	0x4
 666 0095 72       		.byte	0x72
 667 0096 00       		.sleb128 0
 668 0097 06       		.byte	0x6
 669 0098 9F       		.byte	0x9f
 670 0099 00000000 		.4byte	0
 671 009d 00000000 		.4byte	0
 672              		.section	.debug_aranges,"",%progbits
 673 0000 44000000 		.4byte	0x44
 674 0004 0200     		.2byte	0x2
 675 0006 00000000 		.4byte	.Ldebug_info0
 676 000a 04       		.byte	0x4
 677 000b 00       		.byte	0
 678 000c 0000     		.2byte	0
 679 000e 0000     		.2byte	0
 680 0010 00000000 		.4byte	.LFB0
 681 0014 18000000 		.4byte	.LFE0-.LFB0
 682 0018 00000000 		.4byte	.LFB1
 683 001c 18000000 		.4byte	.LFE1-.LFB1
 684 0020 00000000 		.4byte	.LFB2
 685 0024 10000000 		.4byte	.LFE2-.LFB2
 686 0028 00000000 		.4byte	.LFB3
 687 002c 10000000 		.4byte	.LFE3-.LFB3
 688 0030 00000000 		.4byte	.LFB4
 689 0034 14000000 		.4byte	.LFE4-.LFB4
 690 0038 00000000 		.4byte	.LFB5
 691 003c 14000000 		.4byte	.LFE5-.LFB5
 692 0040 00000000 		.4byte	0
 693 0044 00000000 		.4byte	0
 694              		.section	.debug_ranges,"",%progbits
 695              	.Ldebug_ranges0:
 696 0000 00000000 		.4byte	.LFB0
 697 0004 18000000 		.4byte	.LFE0
 698 0008 00000000 		.4byte	.LFB1
 699 000c 18000000 		.4byte	.LFE1
 700 0010 00000000 		.4byte	.LFB2
 701 0014 10000000 		.4byte	.LFE2
 702 0018 00000000 		.4byte	.LFB3
 703 001c 10000000 		.4byte	.LFE3
 704 0020 00000000 		.4byte	.LFB4
 705 0024 14000000 		.4byte	.LFE4
 706 0028 00000000 		.4byte	.LFB5
 707 002c 14000000 		.4byte	.LFE5
 708 0030 00000000 		.4byte	0
 709 0034 00000000 		.4byte	0
 710              		.section	.debug_line,"",%progbits
 711              	.Ldebug_line0:
 712 0000 C3000000 		.section	.debug_str,"MS",%progbits,1
 712      02004000 
 712      00000201 
 712      FB0E0D00 
 712      01010101 
 713              	.LASF15:
ARM GAS  C:\Users\g\AppData\Local\Temp\ccv6957G.s 			page 18


 714 0000 72656733 		.ascii	"reg32\000"
 714      3200
 715              	.LASF27:
 716 0006 474E5520 		.ascii	"GNU C 4.9.3 20150303 (release) [ARM/embedded-4_9-br"
 716      4320342E 
 716      392E3320 
 716      32303135 
 716      30333033 
 717 0039 616E6368 		.ascii	"anch revision 221220] -mcpu=cortex-m0 -mthumb -g -O"
 717      20726576 
 717      6973696F 
 717      6E203232 
 717      31323230 
 718 006c 73202D66 		.ascii	"s -ffunction-sections -ffat-lto-objects\000"
 718      66756E63 
 718      74696F6E 
 718      2D736563 
 718      74696F6E 
 719              	.LASF19:
 720 0094 76616C75 		.ascii	"value\000"
 720      6500
 721              	.LASF17:
 722 009a 76696E5F 		.ascii	"vin_Write\000"
 722      57726974 
 722      6500
 723              	.LASF24:
 724 00a4 76696E5F 		.ascii	"vin_ClearInterrupt\000"
 724      436C6561 
 724      72496E74 
 724      65727275 
 724      707400
 725              	.LASF29:
 726 00b7 443A5C63 		.ascii	"D:\\code\\cypress\\Tarocco\\cncboot.cydsn\000"
 726      6F64655C 
 726      63797072 
 726      6573735C 
 726      5461726F 
 727              	.LASF12:
 728 00dd 666C6F61 		.ascii	"float\000"
 728      7400
 729              	.LASF22:
 730 00e3 76696E5F 		.ascii	"vin_SetInterruptMode\000"
 730      53657449 
 730      6E746572 
 730      72757074 
 730      4D6F6465 
 731              	.LASF1:
 732 00f8 756E7369 		.ascii	"unsigned char\000"
 732      676E6564 
 732      20636861 
 732      7200
 733              	.LASF30:
 734 0106 64725661 		.ascii	"drVal\000"
 734      6C00
 735              	.LASF5:
 736 010c 6C6F6E67 		.ascii	"long unsigned int\000"
 736      20756E73 
ARM GAS  C:\Users\g\AppData\Local\Temp\ccv6957G.s 			page 19


 736      69676E65 
 736      6420696E 
 736      7400
 737              	.LASF3:
 738 011e 73686F72 		.ascii	"short unsigned int\000"
 738      7420756E 
 738      7369676E 
 738      65642069 
 738      6E7400
 739              	.LASF28:
 740 0131 47656E65 		.ascii	"Generated_Source\\PSoC4\\vin.c\000"
 740      72617465 
 740      645F536F 
 740      75726365 
 740      5C50536F 
 741              	.LASF16:
 742 014e 76696E5F 		.ascii	"vin_SetDriveMode\000"
 742      53657444 
 742      72697665 
 742      4D6F6465 
 742      00
 743              	.LASF13:
 744 015f 646F7562 		.ascii	"double\000"
 744      6C6500
 745              	.LASF10:
 746 0166 75696E74 		.ascii	"uint16\000"
 746      313600
 747              	.LASF23:
 748 016d 706F7369 		.ascii	"position\000"
 748      74696F6E 
 748      00
 749              	.LASF11:
 750 0176 75696E74 		.ascii	"uint32\000"
 750      333200
 751              	.LASF25:
 752 017d 696E7472 		.ascii	"intrCfg\000"
 752      43666700 
 753              	.LASF8:
 754 0185 756E7369 		.ascii	"unsigned int\000"
 754      676E6564 
 754      20696E74 
 754      00
 755              	.LASF7:
 756 0192 6C6F6E67 		.ascii	"long long unsigned int\000"
 756      206C6F6E 
 756      6720756E 
 756      7369676E 
 756      65642069 
 757              	.LASF18:
 758 01a9 6D6F6465 		.ascii	"mode\000"
 758      00
 759              	.LASF6:
 760 01ae 6C6F6E67 		.ascii	"long long int\000"
 760      206C6F6E 
 760      6720696E 
 760      7400
 761              	.LASF26:
ARM GAS  C:\Users\g\AppData\Local\Temp\ccv6957G.s 			page 20


 762 01bc 6D61736B 		.ascii	"maskedStatus\000"
 762      65645374 
 762      61747573 
 762      00
 763              	.LASF14:
 764 01c9 63686172 		.ascii	"char\000"
 764      00
 765              	.LASF20:
 766 01ce 76696E5F 		.ascii	"vin_Read\000"
 766      52656164 
 766      00
 767              	.LASF2:
 768 01d7 73686F72 		.ascii	"short int\000"
 768      7420696E 
 768      7400
 769              	.LASF9:
 770 01e1 75696E74 		.ascii	"uint8\000"
 770      3800
 771              	.LASF4:
 772 01e7 6C6F6E67 		.ascii	"long int\000"
 772      20696E74 
 772      00
 773              	.LASF0:
 774 01f0 7369676E 		.ascii	"signed char\000"
 774      65642063 
 774      68617200 
 775              	.LASF21:
 776 01fc 76696E5F 		.ascii	"vin_ReadDataReg\000"
 776      52656164 
 776      44617461 
 776      52656700 
 777              		.ident	"GCC: (GNU Tools for ARM Embedded Processors) 4.9.3 20150303 (release) [ARM/embedded-4_9-br
