ARM GAS  C:\Users\g\AppData\Local\Temp\ccAW6x6S.s 			page 1


   1              		.cpu cortex-m0
   2              		.fpu softvfp
   3              		.eabi_attribute 20, 1
   4              		.eabi_attribute 21, 1
   5              		.eabi_attribute 23, 3
   6              		.eabi_attribute 24, 1
   7              		.eabi_attribute 25, 1
   8              		.eabi_attribute 26, 1
   9              		.eabi_attribute 30, 1
  10              		.eabi_attribute 34, 0
  11              		.eabi_attribute 18, 4
  12              		.code	16
  13              		.file	"cyfitter_cfg.c"
  14              		.text
  15              	.Ltext0:
  16              		.cfi_sections	.debug_frame
  17              		.section	.text.cfg_write_bytes32,"ax",%progbits
  18              		.align	2
  19              		.code	16
  20              		.thumb_func
  21              		.type	cfg_write_bytes32, %function
  22              	cfg_write_bytes32:
  23              	.LFB3:
  24              		.file 1 "Generated_Source\\PSoC4\\cyfitter_cfg.c"
   1:Generated_Source\PSoC4/cyfitter_cfg.c **** /*******************************************************************************
   2:Generated_Source\PSoC4/cyfitter_cfg.c **** * File Name: cyfitter_cfg.c
   3:Generated_Source\PSoC4/cyfitter_cfg.c **** * 
   4:Generated_Source\PSoC4/cyfitter_cfg.c **** * PSoC Creator  4.0 Update 1
   5:Generated_Source\PSoC4/cyfitter_cfg.c **** *
   6:Generated_Source\PSoC4/cyfitter_cfg.c **** * Description:
   7:Generated_Source\PSoC4/cyfitter_cfg.c **** * This file contains device initialization code.
   8:Generated_Source\PSoC4/cyfitter_cfg.c **** * Except for the user defined sections in CyClockStartupError(), this file should not be modified.
   9:Generated_Source\PSoC4/cyfitter_cfg.c **** * This file is automatically generated by PSoC Creator.
  10:Generated_Source\PSoC4/cyfitter_cfg.c **** *
  11:Generated_Source\PSoC4/cyfitter_cfg.c **** ********************************************************************************
  12:Generated_Source\PSoC4/cyfitter_cfg.c **** * Copyright (c) 2007-2016 Cypress Semiconductor.  All rights reserved.
  13:Generated_Source\PSoC4/cyfitter_cfg.c **** * You may use this file only in accordance with the license, terms, conditions, 
  14:Generated_Source\PSoC4/cyfitter_cfg.c **** * disclaimers, and limitations in the end user license agreement accompanying 
  15:Generated_Source\PSoC4/cyfitter_cfg.c **** * the software package with which this file was provided.
  16:Generated_Source\PSoC4/cyfitter_cfg.c **** ********************************************************************************/
  17:Generated_Source\PSoC4/cyfitter_cfg.c **** 
  18:Generated_Source\PSoC4/cyfitter_cfg.c **** #include <string.h>
  19:Generated_Source\PSoC4/cyfitter_cfg.c **** #include "cytypes.h"
  20:Generated_Source\PSoC4/cyfitter_cfg.c **** #include "cydevice_trm.h"
  21:Generated_Source\PSoC4/cyfitter_cfg.c **** #include "cyfitter.h"
  22:Generated_Source\PSoC4/cyfitter_cfg.c **** #include "CyLib.h"
  23:Generated_Source\PSoC4/cyfitter_cfg.c **** #include "CyLFClk.h"
  24:Generated_Source\PSoC4/cyfitter_cfg.c **** #include "cyfitter_cfg.h"
  25:Generated_Source\PSoC4/cyfitter_cfg.c **** #include "cyapicallbacks.h"
  26:Generated_Source\PSoC4/cyfitter_cfg.c **** 
  27:Generated_Source\PSoC4/cyfitter_cfg.c **** 
  28:Generated_Source\PSoC4/cyfitter_cfg.c **** #if defined(__GNUC__) || defined(__ARMCC_VERSION)
  29:Generated_Source\PSoC4/cyfitter_cfg.c ****     #define CYPACKED 
  30:Generated_Source\PSoC4/cyfitter_cfg.c ****     #define CYPACKED_ATTR __attribute__ ((packed))
  31:Generated_Source\PSoC4/cyfitter_cfg.c ****     #define CYALIGNED __attribute__ ((aligned))
  32:Generated_Source\PSoC4/cyfitter_cfg.c ****     #define CY_CFG_UNUSED __attribute__ ((unused))
  33:Generated_Source\PSoC4/cyfitter_cfg.c ****     #ifndef CY_CFG_SECTION
ARM GAS  C:\Users\g\AppData\Local\Temp\ccAW6x6S.s 			page 2


  34:Generated_Source\PSoC4/cyfitter_cfg.c ****         #define CY_CFG_SECTION __attribute__ ((section(".psocinit")))
  35:Generated_Source\PSoC4/cyfitter_cfg.c ****     #endif
  36:Generated_Source\PSoC4/cyfitter_cfg.c ****     
  37:Generated_Source\PSoC4/cyfitter_cfg.c ****     #if defined(__ARMCC_VERSION)
  38:Generated_Source\PSoC4/cyfitter_cfg.c ****         #define CY_CFG_MEMORY_BARRIER() __memory_changed()
  39:Generated_Source\PSoC4/cyfitter_cfg.c ****     #else
  40:Generated_Source\PSoC4/cyfitter_cfg.c ****         #define CY_CFG_MEMORY_BARRIER() __sync_synchronize()
  41:Generated_Source\PSoC4/cyfitter_cfg.c ****     #endif
  42:Generated_Source\PSoC4/cyfitter_cfg.c ****     
  43:Generated_Source\PSoC4/cyfitter_cfg.c **** #elif defined(__ICCARM__)
  44:Generated_Source\PSoC4/cyfitter_cfg.c ****     #include <intrinsics.h>
  45:Generated_Source\PSoC4/cyfitter_cfg.c **** 
  46:Generated_Source\PSoC4/cyfitter_cfg.c ****     #define CYPACKED __packed
  47:Generated_Source\PSoC4/cyfitter_cfg.c ****     #define CYPACKED_ATTR 
  48:Generated_Source\PSoC4/cyfitter_cfg.c ****     #define CYALIGNED _Pragma("data_alignment=4")
  49:Generated_Source\PSoC4/cyfitter_cfg.c ****     #define CY_CFG_UNUSED _Pragma("diag_suppress=Pe177")
  50:Generated_Source\PSoC4/cyfitter_cfg.c ****     #define CY_CFG_SECTION _Pragma("location=\".psocinit\"")
  51:Generated_Source\PSoC4/cyfitter_cfg.c ****     
  52:Generated_Source\PSoC4/cyfitter_cfg.c ****     #define CY_CFG_MEMORY_BARRIER() __DMB()
  53:Generated_Source\PSoC4/cyfitter_cfg.c ****     
  54:Generated_Source\PSoC4/cyfitter_cfg.c **** #else
  55:Generated_Source\PSoC4/cyfitter_cfg.c ****     #error Unsupported toolchain
  56:Generated_Source\PSoC4/cyfitter_cfg.c **** #endif
  57:Generated_Source\PSoC4/cyfitter_cfg.c **** 
  58:Generated_Source\PSoC4/cyfitter_cfg.c **** 
  59:Generated_Source\PSoC4/cyfitter_cfg.c **** CY_CFG_UNUSED
  60:Generated_Source\PSoC4/cyfitter_cfg.c **** static void CYMEMZERO(void *s, size_t n);
  61:Generated_Source\PSoC4/cyfitter_cfg.c **** CY_CFG_UNUSED
  62:Generated_Source\PSoC4/cyfitter_cfg.c **** static void CYMEMZERO(void *s, size_t n)
  63:Generated_Source\PSoC4/cyfitter_cfg.c **** {
  64:Generated_Source\PSoC4/cyfitter_cfg.c **** 	(void)memset(s, 0, n);
  65:Generated_Source\PSoC4/cyfitter_cfg.c **** }
  66:Generated_Source\PSoC4/cyfitter_cfg.c **** CY_CFG_UNUSED
  67:Generated_Source\PSoC4/cyfitter_cfg.c **** static void CYCONFIGCPY(void *dest, const void *src, size_t n);
  68:Generated_Source\PSoC4/cyfitter_cfg.c **** CY_CFG_UNUSED
  69:Generated_Source\PSoC4/cyfitter_cfg.c **** static void CYCONFIGCPY(void *dest, const void *src, size_t n)
  70:Generated_Source\PSoC4/cyfitter_cfg.c **** {
  71:Generated_Source\PSoC4/cyfitter_cfg.c **** 	(void)memcpy(dest, src, n);
  72:Generated_Source\PSoC4/cyfitter_cfg.c **** }
  73:Generated_Source\PSoC4/cyfitter_cfg.c **** CY_CFG_UNUSED
  74:Generated_Source\PSoC4/cyfitter_cfg.c **** static void CYCONFIGCPYCODE(void *dest, const void *src, size_t n);
  75:Generated_Source\PSoC4/cyfitter_cfg.c **** CY_CFG_UNUSED
  76:Generated_Source\PSoC4/cyfitter_cfg.c **** static void CYCONFIGCPYCODE(void *dest, const void *src, size_t n)
  77:Generated_Source\PSoC4/cyfitter_cfg.c **** {
  78:Generated_Source\PSoC4/cyfitter_cfg.c **** 	(void)memcpy(dest, src, n);
  79:Generated_Source\PSoC4/cyfitter_cfg.c **** }
  80:Generated_Source\PSoC4/cyfitter_cfg.c **** 
  81:Generated_Source\PSoC4/cyfitter_cfg.c **** 
  82:Generated_Source\PSoC4/cyfitter_cfg.c **** 
  83:Generated_Source\PSoC4/cyfitter_cfg.c **** 
  84:Generated_Source\PSoC4/cyfitter_cfg.c **** /* Clock startup error codes                                                   */
  85:Generated_Source\PSoC4/cyfitter_cfg.c **** #define CYCLOCKSTART_NO_ERROR    0u
  86:Generated_Source\PSoC4/cyfitter_cfg.c **** #define CYCLOCKSTART_XTAL_ERROR  1u
  87:Generated_Source\PSoC4/cyfitter_cfg.c **** #define CYCLOCKSTART_32KHZ_ERROR 2u
  88:Generated_Source\PSoC4/cyfitter_cfg.c **** #define CYCLOCKSTART_PLL_ERROR   3u
  89:Generated_Source\PSoC4/cyfitter_cfg.c **** 
  90:Generated_Source\PSoC4/cyfitter_cfg.c **** 
ARM GAS  C:\Users\g\AppData\Local\Temp\ccAW6x6S.s 			page 3


  91:Generated_Source\PSoC4/cyfitter_cfg.c **** #ifdef CY_NEED_CYCLOCKSTARTUPERROR
  92:Generated_Source\PSoC4/cyfitter_cfg.c **** /*******************************************************************************
  93:Generated_Source\PSoC4/cyfitter_cfg.c **** * Function Name: CyClockStartupError
  94:Generated_Source\PSoC4/cyfitter_cfg.c **** ********************************************************************************
  95:Generated_Source\PSoC4/cyfitter_cfg.c **** * Summary:
  96:Generated_Source\PSoC4/cyfitter_cfg.c **** *  If an error is encountered during clock configuration (crystal startup error,
  97:Generated_Source\PSoC4/cyfitter_cfg.c **** *  PLL lock error, etc.), the system will end up here.  Unless reimplemented by
  98:Generated_Source\PSoC4/cyfitter_cfg.c **** *  the customer, this function will stop in an infinite loop.
  99:Generated_Source\PSoC4/cyfitter_cfg.c **** *
 100:Generated_Source\PSoC4/cyfitter_cfg.c **** * Parameters:
 101:Generated_Source\PSoC4/cyfitter_cfg.c **** *   void
 102:Generated_Source\PSoC4/cyfitter_cfg.c **** *
 103:Generated_Source\PSoC4/cyfitter_cfg.c **** * Return:
 104:Generated_Source\PSoC4/cyfitter_cfg.c **** *   void
 105:Generated_Source\PSoC4/cyfitter_cfg.c **** *
 106:Generated_Source\PSoC4/cyfitter_cfg.c **** *******************************************************************************/
 107:Generated_Source\PSoC4/cyfitter_cfg.c **** CY_CFG_UNUSED
 108:Generated_Source\PSoC4/cyfitter_cfg.c **** static void CyClockStartupError(uint8 errorCode);
 109:Generated_Source\PSoC4/cyfitter_cfg.c **** CY_CFG_UNUSED
 110:Generated_Source\PSoC4/cyfitter_cfg.c **** static void CyClockStartupError(uint8 errorCode)
 111:Generated_Source\PSoC4/cyfitter_cfg.c **** {
 112:Generated_Source\PSoC4/cyfitter_cfg.c ****     /* To remove the compiler warning if errorCode not used.                */
 113:Generated_Source\PSoC4/cyfitter_cfg.c ****     errorCode = errorCode;
 114:Generated_Source\PSoC4/cyfitter_cfg.c **** 
 115:Generated_Source\PSoC4/cyfitter_cfg.c ****     /* If we have a clock startup error (bad MHz crystal, PLL lock, etc.),  */
 116:Generated_Source\PSoC4/cyfitter_cfg.c ****     /* we will end up here to allow the customer to implement something to  */
 117:Generated_Source\PSoC4/cyfitter_cfg.c ****     /* deal with the clock condition.                                       */
 118:Generated_Source\PSoC4/cyfitter_cfg.c **** 
 119:Generated_Source\PSoC4/cyfitter_cfg.c **** #ifdef CY_CFG_CLOCK_STARTUP_ERROR_CALLBACK
 120:Generated_Source\PSoC4/cyfitter_cfg.c **** 	CY_CFG_Clock_Startup_ErrorCallback();
 121:Generated_Source\PSoC4/cyfitter_cfg.c **** #else
 122:Generated_Source\PSoC4/cyfitter_cfg.c **** 	/*  If not using CY_CFG_CLOCK_STARTUP_ERROR_CALLBACK, place your clock startup code here. */
 123:Generated_Source\PSoC4/cyfitter_cfg.c ****     /* `#START CyClockStartupError` */
 124:Generated_Source\PSoC4/cyfitter_cfg.c **** 
 125:Generated_Source\PSoC4/cyfitter_cfg.c ****     /* If we have a clock startup error (bad MHz crystal, PLL lock, etc.),  */
 126:Generated_Source\PSoC4/cyfitter_cfg.c ****     /* we will end up here to allow the customer to implement something to  */
 127:Generated_Source\PSoC4/cyfitter_cfg.c ****     /* deal with the clock condition.                                       */
 128:Generated_Source\PSoC4/cyfitter_cfg.c **** 
 129:Generated_Source\PSoC4/cyfitter_cfg.c ****     /* `#END` */
 130:Generated_Source\PSoC4/cyfitter_cfg.c **** 
 131:Generated_Source\PSoC4/cyfitter_cfg.c ****     /* If nothing else, stop here since the clocks have not started         */
 132:Generated_Source\PSoC4/cyfitter_cfg.c ****     /* correctly.                                                           */
 133:Generated_Source\PSoC4/cyfitter_cfg.c ****     while(1) {}
 134:Generated_Source\PSoC4/cyfitter_cfg.c **** #endif /* CY_CFG_CLOCK_STARTUP_ERROR_CALLBACK */ 
 135:Generated_Source\PSoC4/cyfitter_cfg.c **** }
 136:Generated_Source\PSoC4/cyfitter_cfg.c **** #endif
 137:Generated_Source\PSoC4/cyfitter_cfg.c **** 
 138:Generated_Source\PSoC4/cyfitter_cfg.c **** #define CY_CFG_BASE_ADDR_COUNT 1u
 139:Generated_Source\PSoC4/cyfitter_cfg.c **** CYPACKED typedef struct
 140:Generated_Source\PSoC4/cyfitter_cfg.c **** {
 141:Generated_Source\PSoC4/cyfitter_cfg.c **** 	uint8 offset;
 142:Generated_Source\PSoC4/cyfitter_cfg.c **** 	uint8 value;
 143:Generated_Source\PSoC4/cyfitter_cfg.c **** } CYPACKED_ATTR cy_cfg_addrvalue_t;
 144:Generated_Source\PSoC4/cyfitter_cfg.c **** 
 145:Generated_Source\PSoC4/cyfitter_cfg.c **** 
 146:Generated_Source\PSoC4/cyfitter_cfg.c **** 
 147:Generated_Source\PSoC4/cyfitter_cfg.c **** /*******************************************************************************
ARM GAS  C:\Users\g\AppData\Local\Temp\ccAW6x6S.s 			page 4


 148:Generated_Source\PSoC4/cyfitter_cfg.c **** * Function Name: cfg_write_bytes32
 149:Generated_Source\PSoC4/cyfitter_cfg.c **** ********************************************************************************
 150:Generated_Source\PSoC4/cyfitter_cfg.c **** * Summary:
 151:Generated_Source\PSoC4/cyfitter_cfg.c **** *  This function is used for setting up the chip configuration areas that
 152:Generated_Source\PSoC4/cyfitter_cfg.c **** *  contain relatively sparse data.
 153:Generated_Source\PSoC4/cyfitter_cfg.c **** *
 154:Generated_Source\PSoC4/cyfitter_cfg.c **** * Parameters:
 155:Generated_Source\PSoC4/cyfitter_cfg.c **** *   void
 156:Generated_Source\PSoC4/cyfitter_cfg.c **** *
 157:Generated_Source\PSoC4/cyfitter_cfg.c **** * Return:
 158:Generated_Source\PSoC4/cyfitter_cfg.c **** *   void
 159:Generated_Source\PSoC4/cyfitter_cfg.c **** *
 160:Generated_Source\PSoC4/cyfitter_cfg.c **** *******************************************************************************/
 161:Generated_Source\PSoC4/cyfitter_cfg.c **** static void cfg_write_bytes32(const uint32 addr_table[], const cy_cfg_addrvalue_t data_table[]);
 162:Generated_Source\PSoC4/cyfitter_cfg.c **** static void cfg_write_bytes32(const uint32 addr_table[], const cy_cfg_addrvalue_t data_table[])
 163:Generated_Source\PSoC4/cyfitter_cfg.c **** {
  25              		.loc 1 163 0
  26              		.cfi_startproc
  27              	.LVL0:
  28 0000 F0B5     		push	{r4, r5, r6, r7, lr}
  29              		.cfi_def_cfa_offset 20
  30              		.cfi_offset 4, -20
  31              		.cfi_offset 5, -16
  32              		.cfi_offset 6, -12
  33              		.cfi_offset 7, -8
  34              		.cfi_offset 14, -4
  35              	.LVL1:
 164:Generated_Source\PSoC4/cyfitter_cfg.c **** 	/* For 32-bit little-endian architectures */
 165:Generated_Source\PSoC4/cyfitter_cfg.c **** 	uint32 i, j = 0u;
  36              		.loc 1 165 0
  37 0002 0025     		mov	r5, #0
 166:Generated_Source\PSoC4/cyfitter_cfg.c **** 	for (i = 0u; i < CY_CFG_BASE_ADDR_COUNT; i++)
  38              		.loc 1 166 0
  39 0004 0027     		mov	r7, #0
  40 0006 11E0     		b	.L2
  41              	.LVL2:
  42              	.L5:
  43              	.LBB2:
 167:Generated_Source\PSoC4/cyfitter_cfg.c **** 	{
 168:Generated_Source\PSoC4/cyfitter_cfg.c **** 		uint32 baseAddr = addr_table[i];
  44              		.loc 1 168 0
  45 0008 BB00     		lsl	r3, r7, #2
  46 000a C658     		ldr	r6, [r0, r3]
  47              	.LVL3:
 169:Generated_Source\PSoC4/cyfitter_cfg.c **** 		uint8 count = (uint8)baseAddr;
  48              		.loc 1 169 0
  49 000c F3B2     		uxtb	r3, r6
  50              	.LVL4:
 170:Generated_Source\PSoC4/cyfitter_cfg.c **** 		baseAddr &= 0xFFFFFF00u;
  51              		.loc 1 170 0
  52 000e FF22     		mov	r2, #255
  53 0010 9643     		bic	r6, r2
  54              	.LVL5:
 171:Generated_Source\PSoC4/cyfitter_cfg.c **** 		while (count != 0u)
  55              		.loc 1 171 0
  56 0012 08E0     		b	.L3
  57              	.L4:
ARM GAS  C:\Users\g\AppData\Local\Temp\ccAW6x6S.s 			page 5


 172:Generated_Source\PSoC4/cyfitter_cfg.c **** 		{
 173:Generated_Source\PSoC4/cyfitter_cfg.c **** 			CY_SET_XTND_REG8((void CYFAR *)(baseAddr + data_table[j].offset), data_table[j].value);
  58              		.loc 1 173 0
  59 0014 6A00     		lsl	r2, r5, #1
  60 0016 8A18     		add	r2, r1, r2
  61 0018 1478     		ldrb	r4, [r2]
  62 001a A419     		add	r4, r4, r6
  63 001c 5278     		ldrb	r2, [r2, #1]
  64 001e 2270     		strb	r2, [r4]
 174:Generated_Source\PSoC4/cyfitter_cfg.c **** 			j++;
  65              		.loc 1 174 0
  66 0020 0135     		add	r5, r5, #1
  67              	.LVL6:
 175:Generated_Source\PSoC4/cyfitter_cfg.c **** 			count--;
  68              		.loc 1 175 0
  69 0022 013B     		sub	r3, r3, #1
  70              	.LVL7:
  71 0024 DBB2     		uxtb	r3, r3
  72              	.LVL8:
  73              	.L3:
 171:Generated_Source\PSoC4/cyfitter_cfg.c **** 		{
  74              		.loc 1 171 0
  75 0026 002B     		cmp	r3, #0
  76 0028 F4D1     		bne	.L4
  77              	.LBE2:
 166:Generated_Source\PSoC4/cyfitter_cfg.c **** 	{
  78              		.loc 1 166 0 discriminator 2
  79 002a 0137     		add	r7, r7, #1
  80              	.LVL9:
  81              	.L2:
 166:Generated_Source\PSoC4/cyfitter_cfg.c **** 	{
  82              		.loc 1 166 0 is_stmt 0 discriminator 1
  83 002c 002F     		cmp	r7, #0
  84 002e EBD0     		beq	.L5
 176:Generated_Source\PSoC4/cyfitter_cfg.c **** 		}
 177:Generated_Source\PSoC4/cyfitter_cfg.c **** 	}
 178:Generated_Source\PSoC4/cyfitter_cfg.c **** }
  85              		.loc 1 178 0 is_stmt 1
  86              		@ sp needed
  87              	.LVL10:
  88              	.LVL11:
  89 0030 F0BD     		pop	{r4, r5, r6, r7, pc}
  90              		.cfi_endproc
  91              	.LFE3:
  92              		.size	cfg_write_bytes32, .-cfg_write_bytes32
  93 0032 C046     		.section	.text.CYMEMZERO,"ax",%progbits
  94              		.align	2
  95              		.code	16
  96              		.thumb_func
  97              		.type	CYMEMZERO, %function
  98              	CYMEMZERO:
  99              	.LFB0:
  63:Generated_Source\PSoC4/cyfitter_cfg.c **** 	(void)memset(s, 0, n);
 100              		.loc 1 63 0
 101              		.cfi_startproc
 102              	.LVL12:
 103 0000 08B5     		push	{r3, lr}
ARM GAS  C:\Users\g\AppData\Local\Temp\ccAW6x6S.s 			page 6


 104              		.cfi_def_cfa_offset 8
 105              		.cfi_offset 3, -8
 106              		.cfi_offset 14, -4
 107 0002 0A1C     		mov	r2, r1
  64:Generated_Source\PSoC4/cyfitter_cfg.c **** }
 108              		.loc 1 64 0
 109 0004 0021     		mov	r1, #0
 110              	.LVL13:
 111 0006 FFF7FEFF 		bl	memset
 112              	.LVL14:
  65:Generated_Source\PSoC4/cyfitter_cfg.c **** CY_CFG_UNUSED
 113              		.loc 1 65 0
 114              		@ sp needed
 115 000a 08BD     		pop	{r3, pc}
 116              		.cfi_endproc
 117              	.LFE0:
 118              		.size	CYMEMZERO, .-CYMEMZERO
 119              		.section	.psocinit,"ax",%progbits
 120              		.align	2
 121              		.code	16
 122              		.thumb_func
 123              		.type	ClockSetup, %function
 124              	ClockSetup:
 125              	.LFB4:
 179:Generated_Source\PSoC4/cyfitter_cfg.c **** 
 180:Generated_Source\PSoC4/cyfitter_cfg.c **** 
 181:Generated_Source\PSoC4/cyfitter_cfg.c **** /*******************************************************************************
 182:Generated_Source\PSoC4/cyfitter_cfg.c **** * Function Name: ClockSetup
 183:Generated_Source\PSoC4/cyfitter_cfg.c **** ********************************************************************************
 184:Generated_Source\PSoC4/cyfitter_cfg.c **** *
 185:Generated_Source\PSoC4/cyfitter_cfg.c **** * Summary:
 186:Generated_Source\PSoC4/cyfitter_cfg.c **** *   Performs the initialization of all of the clocks in the device based on the
 187:Generated_Source\PSoC4/cyfitter_cfg.c **** *   settings in the Clock tab of the DWR.  This includes enabling the requested
 188:Generated_Source\PSoC4/cyfitter_cfg.c **** *   clocks and setting the necessary dividers to produce the desired frequency. 
 189:Generated_Source\PSoC4/cyfitter_cfg.c **** *
 190:Generated_Source\PSoC4/cyfitter_cfg.c **** * Parameters:
 191:Generated_Source\PSoC4/cyfitter_cfg.c **** *   void
 192:Generated_Source\PSoC4/cyfitter_cfg.c **** *
 193:Generated_Source\PSoC4/cyfitter_cfg.c **** * Return:
 194:Generated_Source\PSoC4/cyfitter_cfg.c **** *   void
 195:Generated_Source\PSoC4/cyfitter_cfg.c **** *
 196:Generated_Source\PSoC4/cyfitter_cfg.c **** *******************************************************************************/
 197:Generated_Source\PSoC4/cyfitter_cfg.c **** static void ClockSetup(void);
 198:Generated_Source\PSoC4/cyfitter_cfg.c **** CY_CFG_SECTION
 199:Generated_Source\PSoC4/cyfitter_cfg.c **** static void ClockSetup(void)
 200:Generated_Source\PSoC4/cyfitter_cfg.c **** {
 126              		.loc 1 200 0
 127              		.cfi_startproc
 128 0000 38B5     		push	{r3, r4, r5, lr}
 129              		.cfi_def_cfa_offset 16
 130              		.cfi_offset 3, -16
 131              		.cfi_offset 4, -12
 132              		.cfi_offset 5, -8
 133              		.cfi_offset 14, -4
 201:Generated_Source\PSoC4/cyfitter_cfg.c **** 	/* Enable HALF_EN before trimming for the flash accelerator. */
 202:Generated_Source\PSoC4/cyfitter_cfg.c **** 	CY_SET_REG32((void CYXDATA *)(CYREG_CLK_SELECT), (CY_GET_REG32((void *)CYREG_CLK_SELECT) | 0x00040
 134              		.loc 1 202 0
ARM GAS  C:\Users\g\AppData\Local\Temp\ccAW6x6S.s 			page 7


 135 0002 144C     		ldr	r4, .L8
 136 0004 2368     		ldr	r3, [r4]
 137 0006 8025     		mov	r5, #128
 138 0008 ED02     		lsl	r5, r5, #11
 139 000a 2B43     		orr	r3, r5
 140 000c 2360     		str	r3, [r4]
 203:Generated_Source\PSoC4/cyfitter_cfg.c **** 
 204:Generated_Source\PSoC4/cyfitter_cfg.c **** 	/* Setup and trim IMO based on desired frequency. */
 205:Generated_Source\PSoC4/cyfitter_cfg.c **** 	CySysClkWriteImoFreq(48u);
 141              		.loc 1 205 0
 142 000e 3020     		mov	r0, #48
 143 0010 FFF7FEFF 		bl	CySysClkWriteImoFreq
 144              	.LVL15:
 206:Generated_Source\PSoC4/cyfitter_cfg.c **** 	/* CYDEV_CLK_ILO_CONFIG Starting address: CYDEV_CLK_ILO_CONFIG */
 207:Generated_Source\PSoC4/cyfitter_cfg.c **** 	CY_SET_XTND_REG32((void CYFAR *)(CYREG_CLK_ILO_CONFIG), 0x80000006u);
 145              		.loc 1 207 0
 146 0014 104A     		ldr	r2, .L8+4
 147 0016 114B     		ldr	r3, .L8+8
 148 0018 1A60     		str	r2, [r3]
 208:Generated_Source\PSoC4/cyfitter_cfg.c **** 
 209:Generated_Source\PSoC4/cyfitter_cfg.c **** 
 210:Generated_Source\PSoC4/cyfitter_cfg.c **** 	/* CYDEV_CLK_SELECT00 Starting address: CYDEV_CLK_SELECT00 */
 211:Generated_Source\PSoC4/cyfitter_cfg.c **** 	CY_SET_XTND_REG32((void CYFAR *)(CYREG_CLK_SELECT03), 0x00000020u);
 149              		.loc 1 211 0
 150 001a 2022     		mov	r2, #32
 151 001c 104B     		ldr	r3, .L8+12
 152 001e 1A60     		str	r2, [r3]
 212:Generated_Source\PSoC4/cyfitter_cfg.c **** 	CY_SET_XTND_REG32((void CYFAR *)(CYREG_CLK_SELECT08), 0x00000010u);
 153              		.loc 1 212 0
 154 0020 103A     		sub	r2, r2, #16
 155 0022 104B     		ldr	r3, .L8+16
 156 0024 1A60     		str	r2, [r3]
 213:Generated_Source\PSoC4/cyfitter_cfg.c **** 
 214:Generated_Source\PSoC4/cyfitter_cfg.c **** 	/* CYDEV_CLK_IMO_CONFIG Starting address: CYDEV_CLK_IMO_CONFIG */
 215:Generated_Source\PSoC4/cyfitter_cfg.c **** 	CY_SET_XTND_REG32((void CYFAR *)(CYREG_CLK_IMO_CONFIG), 0x80000000u);
 157              		.loc 1 215 0
 158 0026 8022     		mov	r2, #128
 159 0028 1206     		lsl	r2, r2, #24
 160 002a 0F4B     		ldr	r3, .L8+20
 161 002c 1A60     		str	r2, [r3]
 216:Generated_Source\PSoC4/cyfitter_cfg.c **** 
 217:Generated_Source\PSoC4/cyfitter_cfg.c **** 	/* CYDEV_CLK_SELECT Starting address: CYDEV_CLK_SELECT */
 218:Generated_Source\PSoC4/cyfitter_cfg.c **** 	CY_SET_XTND_REG32((void CYFAR *)(CYREG_CLK_SELECT), 0x00040000u);
 162              		.loc 1 218 0
 163 002e 2560     		str	r5, [r4]
 219:Generated_Source\PSoC4/cyfitter_cfg.c **** 
 220:Generated_Source\PSoC4/cyfitter_cfg.c **** 	/* CYDEV_CLK_DIVIDER_A00 Starting address: CYDEV_CLK_DIVIDER_A00 */
 221:Generated_Source\PSoC4/cyfitter_cfg.c **** 	CY_SET_XTND_REG32((void CYFAR *)(CYREG_CLK_DIVIDER_A00), 0x8000000Fu);
 164              		.loc 1 221 0
 165 0030 0E4A     		ldr	r2, .L8+24
 166 0032 0F4B     		ldr	r3, .L8+28
 167 0034 1A60     		str	r2, [r3]
 222:Generated_Source\PSoC4/cyfitter_cfg.c **** 
 223:Generated_Source\PSoC4/cyfitter_cfg.c **** 	/* CYDEV_CLK_DIVIDER_B00 Starting address: CYDEV_CLK_DIVIDER_B00 */
 224:Generated_Source\PSoC4/cyfitter_cfg.c **** 	CY_SET_XTND_REG32((void CYFAR *)(CYREG_CLK_DIVIDER_B00), 0x80000067u);
 168              		.loc 1 224 0
 169 0036 0F4A     		ldr	r2, .L8+32
ARM GAS  C:\Users\g\AppData\Local\Temp\ccAW6x6S.s 			page 8


 170 0038 0F4B     		ldr	r3, .L8+36
 171 003a 1A60     		str	r2, [r3]
 225:Generated_Source\PSoC4/cyfitter_cfg.c **** 
 226:Generated_Source\PSoC4/cyfitter_cfg.c **** 	(void)CyIntSetVector(9u, &CySysWdtIsr);
 172              		.loc 1 226 0
 173 003c 0920     		mov	r0, #9
 174 003e 0F49     		ldr	r1, .L8+40
 175 0040 FFF7FEFF 		bl	CyIntSetVector
 176              	.LVL16:
 227:Generated_Source\PSoC4/cyfitter_cfg.c **** 	CyIntEnable(9u);
 177              		.loc 1 227 0
 178 0044 0920     		mov	r0, #9
 179 0046 FFF7FEFF 		bl	CyIntEnable
 180              	.LVL17:
 228:Generated_Source\PSoC4/cyfitter_cfg.c **** 	CY_SET_XTND_REG32((void CYFAR *)(CYREG_WDT_CONFIG), 0x00000000u);
 181              		.loc 1 228 0
 182 004a 0022     		mov	r2, #0
 183 004c 0C4B     		ldr	r3, .L8+44
 184 004e 1A60     		str	r2, [r3]
 229:Generated_Source\PSoC4/cyfitter_cfg.c **** }
 185              		.loc 1 229 0
 186              		@ sp needed
 187 0050 38BD     		pop	{r3, r4, r5, pc}
 188              	.L9:
 189 0052 C046     		.align	2
 190              	.L8:
 191 0054 00010B40 		.word	1074462976
 192 0058 06000080 		.word	-2147483642
 193 005c 04010B40 		.word	1074462980
 194 0060 0C020240 		.word	1073873420
 195 0064 20020240 		.word	1073873440
 196 0068 08010B40 		.word	1074462984
 197 006c 0F000080 		.word	-2147483633
 198 0070 00000240 		.word	1073872896
 199 0074 67000080 		.word	-2147483545
 200 0078 40000240 		.word	1073872960
 201 007c 00000000 		.word	CySysWdtIsr
 202 0080 0C020B40 		.word	1074463244
 203              		.cfi_endproc
 204              	.LFE4:
 205              		.size	ClockSetup, .-ClockSetup
 206              		.align	2
 207              		.global	cyfitter_cfg
 208              		.code	16
 209              		.thumb_func
 210              		.type	cyfitter_cfg, %function
 211              	cyfitter_cfg:
 212              	.LFB6:
 230:Generated_Source\PSoC4/cyfitter_cfg.c **** 
 231:Generated_Source\PSoC4/cyfitter_cfg.c **** 
 232:Generated_Source\PSoC4/cyfitter_cfg.c **** /* Analog API Functions */
 233:Generated_Source\PSoC4/cyfitter_cfg.c **** 
 234:Generated_Source\PSoC4/cyfitter_cfg.c **** 
 235:Generated_Source\PSoC4/cyfitter_cfg.c **** /*******************************************************************************
 236:Generated_Source\PSoC4/cyfitter_cfg.c **** * Function Name: AnalogSetDefault
 237:Generated_Source\PSoC4/cyfitter_cfg.c **** ********************************************************************************
 238:Generated_Source\PSoC4/cyfitter_cfg.c **** *
ARM GAS  C:\Users\g\AppData\Local\Temp\ccAW6x6S.s 			page 9


 239:Generated_Source\PSoC4/cyfitter_cfg.c **** * Summary:
 240:Generated_Source\PSoC4/cyfitter_cfg.c **** *  Sets up the analog portions of the chip to default values based on chip
 241:Generated_Source\PSoC4/cyfitter_cfg.c **** *  configuration options from the project.
 242:Generated_Source\PSoC4/cyfitter_cfg.c **** *
 243:Generated_Source\PSoC4/cyfitter_cfg.c **** * Parameters:
 244:Generated_Source\PSoC4/cyfitter_cfg.c **** *  void
 245:Generated_Source\PSoC4/cyfitter_cfg.c **** *
 246:Generated_Source\PSoC4/cyfitter_cfg.c **** * Return:
 247:Generated_Source\PSoC4/cyfitter_cfg.c **** *  void
 248:Generated_Source\PSoC4/cyfitter_cfg.c **** *
 249:Generated_Source\PSoC4/cyfitter_cfg.c **** *******************************************************************************/
 250:Generated_Source\PSoC4/cyfitter_cfg.c **** static void AnalogSetDefault(void);
 251:Generated_Source\PSoC4/cyfitter_cfg.c **** static void AnalogSetDefault(void)
 252:Generated_Source\PSoC4/cyfitter_cfg.c **** {
 253:Generated_Source\PSoC4/cyfitter_cfg.c **** }
 254:Generated_Source\PSoC4/cyfitter_cfg.c **** 
 255:Generated_Source\PSoC4/cyfitter_cfg.c **** #define CY_AMUX_UNUSED CYREG_CM0_ROM_DWT
 256:Generated_Source\PSoC4/cyfitter_cfg.c **** 
 257:Generated_Source\PSoC4/cyfitter_cfg.c **** 
 258:Generated_Source\PSoC4/cyfitter_cfg.c **** /*******************************************************************************
 259:Generated_Source\PSoC4/cyfitter_cfg.c **** * Function Name: cyfitter_cfg
 260:Generated_Source\PSoC4/cyfitter_cfg.c **** ********************************************************************************
 261:Generated_Source\PSoC4/cyfitter_cfg.c **** * Summary:
 262:Generated_Source\PSoC4/cyfitter_cfg.c **** *  This function is called by the start-up code for the selected device. It
 263:Generated_Source\PSoC4/cyfitter_cfg.c **** *  performs all of the necessary device configuration based on the design
 264:Generated_Source\PSoC4/cyfitter_cfg.c **** *  settings.  This includes settings from the Design Wide Resources (DWR) such
 265:Generated_Source\PSoC4/cyfitter_cfg.c **** *  as Clocks and Pins as well as any component configuration that is necessary.
 266:Generated_Source\PSoC4/cyfitter_cfg.c **** *
 267:Generated_Source\PSoC4/cyfitter_cfg.c **** * Parameters:  
 268:Generated_Source\PSoC4/cyfitter_cfg.c **** *   void
 269:Generated_Source\PSoC4/cyfitter_cfg.c **** *
 270:Generated_Source\PSoC4/cyfitter_cfg.c **** * Return:
 271:Generated_Source\PSoC4/cyfitter_cfg.c **** *   void
 272:Generated_Source\PSoC4/cyfitter_cfg.c **** *
 273:Generated_Source\PSoC4/cyfitter_cfg.c **** *******************************************************************************/
 274:Generated_Source\PSoC4/cyfitter_cfg.c **** CY_CFG_SECTION
 275:Generated_Source\PSoC4/cyfitter_cfg.c **** void cyfitter_cfg(void)
 276:Generated_Source\PSoC4/cyfitter_cfg.c **** {
 213              		.loc 1 276 0
 214              		.cfi_startproc
 215 0084 10B5     		push	{r4, lr}
 216              		.cfi_def_cfa_offset 8
 217              		.cfi_offset 4, -8
 218              		.cfi_offset 14, -4
 277:Generated_Source\PSoC4/cyfitter_cfg.c **** 	/* Disable interrupts by default. Let user enable if/when they want. */
 278:Generated_Source\PSoC4/cyfitter_cfg.c **** 	CyGlobalIntDisable;
 219              		.loc 1 278 0
 220              	@ 278 "Generated_Source\PSoC4\cyfitter_cfg.c" 1
 221 0086 72B6     		CPSID   i
 222              	@ 0 "" 2
 223              	.LVL18:
 224              		.code	16
 225              	.LBB3:
 279:Generated_Source\PSoC4/cyfitter_cfg.c **** 
 280:Generated_Source\PSoC4/cyfitter_cfg.c **** 	{
 281:Generated_Source\PSoC4/cyfitter_cfg.c **** 		static const uint32 CYCODE cy_cfg_addr_table[] = {
 282:Generated_Source\PSoC4/cyfitter_cfg.c **** 			0x400F4307u, /* Base address: 0x400F4300 Count: 7 */
ARM GAS  C:\Users\g\AppData\Local\Temp\ccAW6x6S.s 			page 10


 283:Generated_Source\PSoC4/cyfitter_cfg.c **** 		};
 284:Generated_Source\PSoC4/cyfitter_cfg.c **** 
 285:Generated_Source\PSoC4/cyfitter_cfg.c **** 		static const cy_cfg_addrvalue_t CYCODE cy_cfg_data_table[] = {
 286:Generated_Source\PSoC4/cyfitter_cfg.c **** 			{0x18u, 0x20u},
 287:Generated_Source\PSoC4/cyfitter_cfg.c **** 			{0x20u, 0x08u},
 288:Generated_Source\PSoC4/cyfitter_cfg.c **** 			{0x50u, 0x10u},
 289:Generated_Source\PSoC4/cyfitter_cfg.c **** 			{0x54u, 0x04u},
 290:Generated_Source\PSoC4/cyfitter_cfg.c **** 			{0xC6u, 0x08u},
 291:Generated_Source\PSoC4/cyfitter_cfg.c **** 			{0xC8u, 0x08u},
 292:Generated_Source\PSoC4/cyfitter_cfg.c **** 			{0xD4u, 0x06u},
 293:Generated_Source\PSoC4/cyfitter_cfg.c **** 		};
 294:Generated_Source\PSoC4/cyfitter_cfg.c **** 
 295:Generated_Source\PSoC4/cyfitter_cfg.c **** 
 296:Generated_Source\PSoC4/cyfitter_cfg.c **** 
 297:Generated_Source\PSoC4/cyfitter_cfg.c **** 		CYPACKED typedef struct {
 298:Generated_Source\PSoC4/cyfitter_cfg.c **** 			void CYFAR *address;
 299:Generated_Source\PSoC4/cyfitter_cfg.c **** 			uint16 size;
 300:Generated_Source\PSoC4/cyfitter_cfg.c **** 		} CYPACKED_ATTR cfg_memset_t;
 301:Generated_Source\PSoC4/cyfitter_cfg.c **** 
 302:Generated_Source\PSoC4/cyfitter_cfg.c **** 		static const cfg_memset_t CYCODE cfg_memset_list [] = {
 303:Generated_Source\PSoC4/cyfitter_cfg.c **** 			/* address, size */
 304:Generated_Source\PSoC4/cyfitter_cfg.c **** 			{(void CYFAR *)(CYDEV_UDB_P0_U0_BASE), 1024u},
 305:Generated_Source\PSoC4/cyfitter_cfg.c **** 			{(void CYFAR *)(CYDEV_UDB_DSI0_BASE), 1024u},
 306:Generated_Source\PSoC4/cyfitter_cfg.c **** 		};
 307:Generated_Source\PSoC4/cyfitter_cfg.c **** 
 308:Generated_Source\PSoC4/cyfitter_cfg.c **** 		uint8 CYDATA i;
 309:Generated_Source\PSoC4/cyfitter_cfg.c **** 
 310:Generated_Source\PSoC4/cyfitter_cfg.c **** 		/* Zero out critical memory blocks before beginning configuration */
 311:Generated_Source\PSoC4/cyfitter_cfg.c **** 		for (i = 0u; i < (sizeof(cfg_memset_list)/sizeof(cfg_memset_list[0])); i++)
 226              		.loc 1 311 0
 227 0088 0024     		mov	r4, #0
 228 008a 10E0     		b	.L11
 229              	.LVL19:
 230              	.L12:
 231              	.LBB4:
 312:Generated_Source\PSoC4/cyfitter_cfg.c **** 		{
 313:Generated_Source\PSoC4/cyfitter_cfg.c **** 			const cfg_memset_t CYCODE * CYDATA ms = &cfg_memset_list[i];
 314:Generated_Source\PSoC4/cyfitter_cfg.c **** 			CYMEMZERO(ms->address, (size_t)(uint32)(ms->size));
 232              		.loc 1 314 0 discriminator 3
 233 008c 1F48     		ldr	r0, .L13
 234 008e 6300     		lsl	r3, r4, #1
 235 0090 1A19     		add	r2, r3, r4
 236 0092 5200     		lsl	r2, r2, #1
 237 0094 8218     		add	r2, r0, r2
 238 0096 9188     		ldrh	r1, [r2, #4]
 239 0098 1B19     		add	r3, r3, r4
 240 009a 5B00     		lsl	r3, r3, #1
 241 009c 1A5A     		ldrh	r2, [r3, r0]
 242 009e C318     		add	r3, r0, r3
 243 00a0 5888     		ldrh	r0, [r3, #2]
 244 00a2 0004     		lsl	r0, r0, #16
 245 00a4 1043     		orr	r0, r2
 246 00a6 FFF7FEFF 		bl	CYMEMZERO
 247              	.LVL20:
 248              	.LBE4:
 311:Generated_Source\PSoC4/cyfitter_cfg.c **** 		{
 249              		.loc 1 311 0 discriminator 3
ARM GAS  C:\Users\g\AppData\Local\Temp\ccAW6x6S.s 			page 11


 250 00aa 0134     		add	r4, r4, #1
 251              	.LVL21:
 252 00ac E4B2     		uxtb	r4, r4
 253              	.LVL22:
 254              	.L11:
 311:Generated_Source\PSoC4/cyfitter_cfg.c **** 		{
 255              		.loc 1 311 0 is_stmt 0 discriminator 1
 256 00ae 012C     		cmp	r4, #1
 257 00b0 ECD9     		bls	.L12
 315:Generated_Source\PSoC4/cyfitter_cfg.c **** 		}
 316:Generated_Source\PSoC4/cyfitter_cfg.c **** 
 317:Generated_Source\PSoC4/cyfitter_cfg.c **** 		cfg_write_bytes32(cy_cfg_addr_table, cy_cfg_data_table);
 258              		.loc 1 317 0 is_stmt 1
 259 00b2 1649     		ldr	r1, .L13
 260 00b4 081C     		mov	r0, r1
 261 00b6 0C30     		add	r0, r0, #12
 262 00b8 1031     		add	r1, r1, #16
 263 00ba FFF7FEFF 		bl	cfg_write_bytes32
 264              	.LVL23:
 318:Generated_Source\PSoC4/cyfitter_cfg.c **** 
 319:Generated_Source\PSoC4/cyfitter_cfg.c **** 		/* HSIOM Starting address: CYDEV_HSIOM_BASE */
 320:Generated_Source\PSoC4/cyfitter_cfg.c **** 		CY_SET_XTND_REG32((void CYFAR *)(CYREG_HSIOM_PORT_SEL3), 0x00003399u);
 265              		.loc 1 320 0
 266 00be 144A     		ldr	r2, .L13+4
 267 00c0 144B     		ldr	r3, .L13+8
 268 00c2 1A60     		str	r2, [r3]
 321:Generated_Source\PSoC4/cyfitter_cfg.c **** 
 322:Generated_Source\PSoC4/cyfitter_cfg.c **** 		/* UDB_PA_3 Starting address: CYDEV_UDB_PA3_BASE */
 323:Generated_Source\PSoC4/cyfitter_cfg.c **** 		CY_SET_XTND_REG32((void CYFAR *)(CYDEV_UDB_PA3_BASE), 0x00990000u);
 269              		.loc 1 323 0
 270 00c4 9922     		mov	r2, #153
 271 00c6 1204     		lsl	r2, r2, #16
 272 00c8 134B     		ldr	r3, .L13+12
 273 00ca 1A60     		str	r2, [r3]
 324:Generated_Source\PSoC4/cyfitter_cfg.c **** 		CY_SET_XTND_REG32((void CYFAR *)(CYREG_UDB_PA3_CFG8), 0x004A0000u);
 274              		.loc 1 324 0
 275 00cc 9422     		mov	r2, #148
 276 00ce D203     		lsl	r2, r2, #15
 277 00d0 124B     		ldr	r3, .L13+16
 278 00d2 1A60     		str	r2, [r3]
 325:Generated_Source\PSoC4/cyfitter_cfg.c **** 
 326:Generated_Source\PSoC4/cyfitter_cfg.c **** 		/* Enable digital routing */
 327:Generated_Source\PSoC4/cyfitter_cfg.c **** 		CY_SET_XTND_REG8((void *)CYREG_UDB_UDBIF_BANK_CTL, CY_GET_XTND_REG8((void *)CYREG_UDB_UDBIF_BANK_
 279              		.loc 1 327 0
 280 00d4 124B     		ldr	r3, .L13+20
 281 00d6 1978     		ldrb	r1, [r3]
 282 00d8 0222     		mov	r2, #2
 283 00da 0A43     		orr	r2, r1
 284 00dc 1A70     		strb	r2, [r3]
 328:Generated_Source\PSoC4/cyfitter_cfg.c **** 
 329:Generated_Source\PSoC4/cyfitter_cfg.c **** 		/* Enable UDB array */
 330:Generated_Source\PSoC4/cyfitter_cfg.c **** 		CY_SET_XTND_REG8((void *)CYREG_UDB_UDBIF_WAIT_CFG, (uint8)((CY_GET_XTND_REG8((void *)CYREG_UDB_UD
 285              		.loc 1 330 0
 286 00de 1148     		ldr	r0, .L13+24
 287 00e0 0278     		ldrb	r2, [r0]
 288 00e2 3C21     		mov	r1, #60
 289 00e4 8A43     		bic	r2, r1
ARM GAS  C:\Users\g\AppData\Local\Temp\ccAW6x6S.s 			page 12


 290 00e6 2839     		sub	r1, r1, #40
 291 00e8 0A43     		orr	r2, r1
 292 00ea 0270     		strb	r2, [r0]
 331:Generated_Source\PSoC4/cyfitter_cfg.c **** 		CY_SET_XTND_REG8((void *)CYREG_UDB_UDBIF_BANK_CTL, (uint8)(CY_GET_XTND_REG8((void *)CYREG_UDB_UDB
 293              		.loc 1 331 0
 294 00ec 1978     		ldrb	r1, [r3]
 295 00ee 1622     		mov	r2, #22
 296 00f0 0A43     		orr	r2, r1
 297 00f2 1A70     		strb	r2, [r3]
 298              	.LBE3:
 332:Generated_Source\PSoC4/cyfitter_cfg.c **** 	}
 333:Generated_Source\PSoC4/cyfitter_cfg.c **** 
 334:Generated_Source\PSoC4/cyfitter_cfg.c **** 	/* Perform second pass device configuration. These items must be configured in specific order afte
 335:Generated_Source\PSoC4/cyfitter_cfg.c **** 	/* IOPINS0_3 Starting address: CYDEV_PRT3_BASE */
 336:Generated_Source\PSoC4/cyfitter_cfg.c **** 	CY_SET_XTND_REG32((void CYFAR *)(CYDEV_PRT3_BASE), 0x0000000Eu);
 299              		.loc 1 336 0
 300 00f4 0E22     		mov	r2, #14
 301 00f6 0C4B     		ldr	r3, .L13+28
 302 00f8 1A60     		str	r2, [r3]
 337:Generated_Source\PSoC4/cyfitter_cfg.c **** 	CY_SET_XTND_REG32((void CYFAR *)(CYREG_PRT3_PC), 0x00000DB1u);
 303              		.loc 1 337 0
 304 00fa 0C4A     		ldr	r2, .L13+32
 305 00fc 0C4B     		ldr	r3, .L13+36
 306 00fe 1A60     		str	r2, [r3]
 338:Generated_Source\PSoC4/cyfitter_cfg.c **** 	CY_SET_XTND_REG32((void CYFAR *)(CYREG_PRT3_PC2), 0x00000002u);
 307              		.loc 1 338 0
 308 0100 0C4B     		ldr	r3, .L13+40
 309 0102 0222     		mov	r2, #2
 310 0104 1A60     		str	r2, [r3]
 339:Generated_Source\PSoC4/cyfitter_cfg.c **** 
 340:Generated_Source\PSoC4/cyfitter_cfg.c **** 
 341:Generated_Source\PSoC4/cyfitter_cfg.c **** 	/* Setup clocks based on selections from Clock DWR */
 342:Generated_Source\PSoC4/cyfitter_cfg.c **** 	ClockSetup();
 311              		.loc 1 342 0
 312 0106 FFF77BFF 		bl	ClockSetup
 313              	.LVL24:
 343:Generated_Source\PSoC4/cyfitter_cfg.c **** 
 344:Generated_Source\PSoC4/cyfitter_cfg.c **** 	/* Perform basic analog initialization to defaults */
 345:Generated_Source\PSoC4/cyfitter_cfg.c **** 	AnalogSetDefault();
 346:Generated_Source\PSoC4/cyfitter_cfg.c **** 
 347:Generated_Source\PSoC4/cyfitter_cfg.c **** }
 314              		.loc 1 347 0
 315              		@ sp needed
 316              	.LVL25:
 317 010a 10BD     		pop	{r4, pc}
 318              	.L14:
 319              		.align	2
 320              	.L13:
 321 010c 00000000 		.word	.LANCHOR0
 322 0110 99330000 		.word	13209
 323 0114 0C000140 		.word	1073807372
 324 0118 30500F40 		.word	1074745392
 325 011c 38500F40 		.word	1074745400
 326 0120 00700F40 		.word	1074753536
 327 0124 01700F40 		.word	1074753537
 328 0128 00030440 		.word	1074004736
 329 012c B10D0000 		.word	3505
ARM GAS  C:\Users\g\AppData\Local\Temp\ccAW6x6S.s 			page 13


 330 0130 08030440 		.word	1074004744
 331 0134 18030440 		.word	1074004760
 332              		.cfi_endproc
 333              	.LFE6:
 334              		.size	cyfitter_cfg, .-cyfitter_cfg
 335              		.section	.rodata
 336              		.align	2
 337              		.set	.LANCHOR0,. + 0
 338              		.type	cfg_memset_list.4746, %object
 339              		.size	cfg_memset_list.4746, 12
 340              	cfg_memset_list.4746:
 341 0000 00300F40 		.word	1074737152
 342 0004 0004     		.short	1024
 343 0006 00400F40 		.4byte	1074741248
 344 000a 0004     		.short	1024
 345              		.type	cy_cfg_addr_table.4740, %object
 346              		.size	cy_cfg_addr_table.4740, 4
 347              	cy_cfg_addr_table.4740:
 348 000c 07430F40 		.word	1074742023
 349              		.type	cy_cfg_data_table.4741, %object
 350              		.size	cy_cfg_data_table.4741, 14
 351              	cy_cfg_data_table.4741:
 352 0010 18       		.byte	24
 353 0011 20       		.byte	32
 354 0012 20       		.byte	32
 355 0013 08       		.byte	8
 356 0014 50       		.byte	80
 357 0015 10       		.byte	16
 358 0016 54       		.byte	84
 359 0017 04       		.byte	4
 360 0018 C6       		.byte	-58
 361 0019 08       		.byte	8
 362 001a C8       		.byte	-56
 363 001b 08       		.byte	8
 364 001c D4       		.byte	-44
 365 001d 06       		.byte	6
 366 001e 0000     		.text
 367              	.Letext0:
 368              		.file 2 "c:\\program files (x86)\\cypress\\psoc creator\\4.0\\psoc creator\\import\\gnu\\arm\\4.9.
 369              		.file 3 "Generated_Source\\PSoC4\\cytypes.h"
 370              		.file 4 "Generated_Source\\PSoC4\\CyLib.h"
 371              		.section	.debug_info,"",%progbits
 372              	.Ldebug_info0:
 373 0000 BA030000 		.4byte	0x3ba
 374 0004 0400     		.2byte	0x4
 375 0006 00000000 		.4byte	.Ldebug_abbrev0
 376 000a 04       		.byte	0x4
 377 000b 01       		.uleb128 0x1
 378 000c BF010000 		.4byte	.LASF38
 379 0010 01       		.byte	0x1
 380 0011 88020000 		.4byte	.LASF39
 381 0015 50010000 		.4byte	.LASF40
 382 0019 00000000 		.4byte	.Ldebug_ranges0+0
 383 001d 00000000 		.4byte	0
 384 0021 00000000 		.4byte	.Ldebug_line0
 385 0025 02       		.uleb128 0x2
 386 0026 04       		.byte	0x4
ARM GAS  C:\Users\g\AppData\Local\Temp\ccAW6x6S.s 			page 14


 387 0027 05       		.byte	0x5
 388 0028 696E7400 		.ascii	"int\000"
 389 002c 03       		.uleb128 0x3
 390 002d 06000000 		.4byte	.LASF11
 391 0031 02       		.byte	0x2
 392 0032 D4       		.byte	0xd4
 393 0033 37000000 		.4byte	0x37
 394 0037 04       		.uleb128 0x4
 395 0038 04       		.byte	0x4
 396 0039 07       		.byte	0x7
 397 003a 0A010000 		.4byte	.LASF0
 398 003e 04       		.uleb128 0x4
 399 003f 01       		.byte	0x1
 400 0040 06       		.byte	0x6
 401 0041 7C020000 		.4byte	.LASF1
 402 0045 04       		.uleb128 0x4
 403 0046 01       		.byte	0x1
 404 0047 08       		.byte	0x8
 405 0048 AC000000 		.4byte	.LASF2
 406 004c 04       		.uleb128 0x4
 407 004d 02       		.byte	0x2
 408 004e 05       		.byte	0x5
 409 004f 54020000 		.4byte	.LASF3
 410 0053 04       		.uleb128 0x4
 411 0054 02       		.byte	0x2
 412 0055 07       		.byte	0x7
 413 0056 99010000 		.4byte	.LASF4
 414 005a 04       		.uleb128 0x4
 415 005b 04       		.byte	0x4
 416 005c 05       		.byte	0x5
 417 005d 73020000 		.4byte	.LASF5
 418 0061 04       		.uleb128 0x4
 419 0062 04       		.byte	0x4
 420 0063 07       		.byte	0x7
 421 0064 8A000000 		.4byte	.LASF6
 422 0068 04       		.uleb128 0x4
 423 0069 08       		.byte	0x8
 424 006a 05       		.byte	0x5
 425 006b AC010000 		.4byte	.LASF7
 426 006f 04       		.uleb128 0x4
 427 0070 08       		.byte	0x8
 428 0071 07       		.byte	0x7
 429 0072 2C010000 		.4byte	.LASF8
 430 0076 04       		.uleb128 0x4
 431 0077 04       		.byte	0x4
 432 0078 07       		.byte	0x7
 433 0079 90010000 		.4byte	.LASF9
 434 007d 05       		.uleb128 0x5
 435 007e 04       		.byte	0x4
 436 007f 06       		.uleb128 0x6
 437 0080 04       		.byte	0x4
 438 0081 85000000 		.4byte	0x85
 439 0085 07       		.uleb128 0x7
 440 0086 04       		.uleb128 0x4
 441 0087 01       		.byte	0x1
 442 0088 08       		.byte	0x8
 443 0089 BA010000 		.4byte	.LASF10
ARM GAS  C:\Users\g\AppData\Local\Temp\ccAW6x6S.s 			page 15


 444 008d 08       		.uleb128 0x8
 445 008e 9C000000 		.4byte	.LASF12
 446 0092 03       		.byte	0x3
 447 0093 9801     		.2byte	0x198
 448 0095 45000000 		.4byte	0x45
 449 0099 08       		.uleb128 0x8
 450 009a F1000000 		.4byte	.LASF13
 451 009e 03       		.byte	0x3
 452 009f 9901     		.2byte	0x199
 453 00a1 53000000 		.4byte	0x53
 454 00a5 08       		.uleb128 0x8
 455 00a6 03010000 		.4byte	.LASF14
 456 00aa 03       		.byte	0x3
 457 00ab 9A01     		.2byte	0x19a
 458 00ad 61000000 		.4byte	0x61
 459 00b1 04       		.uleb128 0x4
 460 00b2 04       		.byte	0x4
 461 00b3 04       		.byte	0x4
 462 00b4 6A000000 		.4byte	.LASF15
 463 00b8 04       		.uleb128 0x4
 464 00b9 08       		.byte	0x8
 465 00ba 04       		.byte	0x4
 466 00bb C1000000 		.4byte	.LASF16
 467 00bf 08       		.uleb128 0x8
 468 00c0 85000000 		.4byte	.LASF17
 469 00c4 03       		.byte	0x3
 470 00c5 4202     		.2byte	0x242
 471 00c7 CB000000 		.4byte	0xcb
 472 00cb 09       		.uleb128 0x9
 473 00cc 8D000000 		.4byte	0x8d
 474 00d0 08       		.uleb128 0x8
 475 00d1 00000000 		.4byte	.LASF18
 476 00d5 03       		.byte	0x3
 477 00d6 4402     		.2byte	0x244
 478 00d8 DC000000 		.4byte	0xdc
 479 00dc 09       		.uleb128 0x9
 480 00dd A5000000 		.4byte	0xa5
 481 00e1 08       		.uleb128 0x8
 482 00e2 43010000 		.4byte	.LASF19
 483 00e6 03       		.byte	0x3
 484 00e7 5402     		.2byte	0x254
 485 00e9 7F000000 		.4byte	0x7f
 486 00ed 0A       		.uleb128 0xa
 487 00ee 02       		.byte	0x2
 488 00ef 01       		.byte	0x1
 489 00f0 8B       		.byte	0x8b
 490 00f1 0E010000 		.4byte	0x10e
 491 00f5 0B       		.uleb128 0xb
 492 00f6 4D020000 		.4byte	.LASF20
 493 00fa 01       		.byte	0x1
 494 00fb 8D       		.byte	0x8d
 495 00fc 8D000000 		.4byte	0x8d
 496 0100 00       		.byte	0
 497 0101 0B       		.uleb128 0xb
 498 0102 1C000000 		.4byte	.LASF21
 499 0106 01       		.byte	0x1
 500 0107 8E       		.byte	0x8e
ARM GAS  C:\Users\g\AppData\Local\Temp\ccAW6x6S.s 			page 16


 501 0108 8D000000 		.4byte	0x8d
 502 010c 01       		.byte	0x1
 503 010d 00       		.byte	0
 504 010e 03       		.uleb128 0x3
 505 010f 57000000 		.4byte	.LASF22
 506 0113 01       		.byte	0x1
 507 0114 8F       		.byte	0x8f
 508 0115 ED000000 		.4byte	0xed
 509 0119 0C       		.uleb128 0xc
 510 011a C8000000 		.4byte	.LASF27
 511 011e 01       		.byte	0x1
 512 011f A2       		.byte	0xa2
 513 0120 00000000 		.4byte	.LFB3
 514 0124 32000000 		.4byte	.LFE3-.LFB3
 515 0128 01       		.uleb128 0x1
 516 0129 9C       		.byte	0x9c
 517 012a 8B010000 		.4byte	0x18b
 518 012e 0D       		.uleb128 0xd
 519 012f E6000000 		.4byte	.LASF23
 520 0133 01       		.byte	0x1
 521 0134 A2       		.byte	0xa2
 522 0135 8B010000 		.4byte	0x18b
 523 0139 01       		.uleb128 0x1
 524 013a 50       		.byte	0x50
 525 013b 0D       		.uleb128 0xd
 526 013c F8000000 		.4byte	.LASF24
 527 0140 01       		.byte	0x1
 528 0141 A2       		.byte	0xa2
 529 0142 96010000 		.4byte	0x196
 530 0146 01       		.uleb128 0x1
 531 0147 51       		.byte	0x51
 532 0148 0E       		.uleb128 0xe
 533 0149 6900     		.ascii	"i\000"
 534 014b 01       		.byte	0x1
 535 014c A5       		.byte	0xa5
 536 014d A5000000 		.4byte	0xa5
 537 0151 00000000 		.4byte	.LLST0
 538 0155 0E       		.uleb128 0xe
 539 0156 6A00     		.ascii	"j\000"
 540 0158 01       		.byte	0x1
 541 0159 A5       		.byte	0xa5
 542 015a A5000000 		.4byte	0xa5
 543 015e 1F000000 		.4byte	.LLST1
 544 0162 0F       		.uleb128 0xf
 545 0163 08000000 		.4byte	.LBB2
 546 0167 22000000 		.4byte	.LBE2-.LBB2
 547 016b 10       		.uleb128 0x10
 548 016c 87010000 		.4byte	.LASF25
 549 0170 01       		.byte	0x1
 550 0171 A8       		.byte	0xa8
 551 0172 A5000000 		.4byte	0xa5
 552 0176 3E000000 		.4byte	.LLST2
 553 017a 10       		.uleb128 0x10
 554 017b 22000000 		.4byte	.LASF26
 555 017f 01       		.byte	0x1
 556 0180 A9       		.byte	0xa9
 557 0181 8D000000 		.4byte	0x8d
ARM GAS  C:\Users\g\AppData\Local\Temp\ccAW6x6S.s 			page 17


 558 0185 51000000 		.4byte	.LLST3
 559 0189 00       		.byte	0
 560 018a 00       		.byte	0
 561 018b 06       		.uleb128 0x6
 562 018c 04       		.byte	0x4
 563 018d 91010000 		.4byte	0x191
 564 0191 11       		.uleb128 0x11
 565 0192 A5000000 		.4byte	0xa5
 566 0196 06       		.uleb128 0x6
 567 0197 04       		.byte	0x4
 568 0198 9C010000 		.4byte	0x19c
 569 019c 11       		.uleb128 0x11
 570 019d 0E010000 		.4byte	0x10e
 571 01a1 0C       		.uleb128 0xc
 572 01a2 A2000000 		.4byte	.LASF28
 573 01a6 01       		.byte	0x1
 574 01a7 3E       		.byte	0x3e
 575 01a8 00000000 		.4byte	.LFB0
 576 01ac 0C000000 		.4byte	.LFE0-.LFB0
 577 01b0 01       		.uleb128 0x1
 578 01b1 9C       		.byte	0x9c
 579 01b2 EE010000 		.4byte	0x1ee
 580 01b6 12       		.uleb128 0x12
 581 01b7 7300     		.ascii	"s\000"
 582 01b9 01       		.byte	0x1
 583 01ba 3E       		.byte	0x3e
 584 01bb 7D000000 		.4byte	0x7d
 585 01bf 6F000000 		.4byte	.LLST4
 586 01c3 12       		.uleb128 0x12
 587 01c4 6E00     		.ascii	"n\000"
 588 01c6 01       		.byte	0x1
 589 01c7 3E       		.byte	0x3e
 590 01c8 2C000000 		.4byte	0x2c
 591 01cc 90000000 		.4byte	.LLST5
 592 01d0 13       		.uleb128 0x13
 593 01d1 0A000000 		.4byte	.LVL14
 594 01d5 68030000 		.4byte	0x368
 595 01d9 14       		.uleb128 0x14
 596 01da 01       		.uleb128 0x1
 597 01db 52       		.byte	0x52
 598 01dc 03       		.uleb128 0x3
 599 01dd F3       		.byte	0xf3
 600 01de 01       		.uleb128 0x1
 601 01df 51       		.byte	0x51
 602 01e0 14       		.uleb128 0x14
 603 01e1 01       		.uleb128 0x1
 604 01e2 51       		.byte	0x51
 605 01e3 01       		.uleb128 0x1
 606 01e4 30       		.byte	0x30
 607 01e5 14       		.uleb128 0x14
 608 01e6 01       		.uleb128 0x1
 609 01e7 50       		.byte	0x50
 610 01e8 03       		.uleb128 0x3
 611 01e9 F3       		.byte	0xf3
 612 01ea 01       		.uleb128 0x1
 613 01eb 50       		.byte	0x50
 614 01ec 00       		.byte	0
ARM GAS  C:\Users\g\AppData\Local\Temp\ccAW6x6S.s 			page 18


 615 01ed 00       		.byte	0
 616 01ee 0C       		.uleb128 0xc
 617 01ef 28000000 		.4byte	.LASF29
 618 01f3 01       		.byte	0x1
 619 01f4 C7       		.byte	0xc7
 620 01f5 00000000 		.4byte	.LFB4
 621 01f9 84000000 		.4byte	.LFE4-.LFB4
 622 01fd 01       		.uleb128 0x1
 623 01fe 9C       		.byte	0x9c
 624 01ff 3A020000 		.4byte	0x23a
 625 0203 15       		.uleb128 0x15
 626 0204 14000000 		.4byte	.LVL15
 627 0208 85030000 		.4byte	0x385
 628 020c 17020000 		.4byte	0x217
 629 0210 14       		.uleb128 0x14
 630 0211 01       		.uleb128 0x1
 631 0212 50       		.byte	0x50
 632 0213 02       		.uleb128 0x2
 633 0214 08       		.byte	0x8
 634 0215 30       		.byte	0x30
 635 0216 00       		.byte	0
 636 0217 15       		.uleb128 0x15
 637 0218 44000000 		.4byte	.LVL16
 638 021c 96030000 		.4byte	0x396
 639 0220 2A020000 		.4byte	0x22a
 640 0224 14       		.uleb128 0x14
 641 0225 01       		.uleb128 0x1
 642 0226 50       		.byte	0x50
 643 0227 01       		.uleb128 0x1
 644 0228 39       		.byte	0x39
 645 0229 00       		.byte	0
 646 022a 13       		.uleb128 0x13
 647 022b 4A000000 		.4byte	.LVL17
 648 022f B0030000 		.4byte	0x3b0
 649 0233 14       		.uleb128 0x14
 650 0234 01       		.uleb128 0x1
 651 0235 50       		.byte	0x50
 652 0236 01       		.uleb128 0x1
 653 0237 39       		.byte	0x39
 654 0238 00       		.byte	0
 655 0239 00       		.byte	0
 656 023a 16       		.uleb128 0x16
 657 023b 17010000 		.4byte	.LASF41
 658 023f 01       		.byte	0x1
 659 0240 1301     		.2byte	0x113
 660 0242 84000000 		.4byte	.LFB6
 661 0246 B4000000 		.4byte	.LFE6-.LFB6
 662 024a 01       		.uleb128 0x1
 663 024b 9C       		.byte	0x9c
 664 024c 3E030000 		.4byte	0x33e
 665 0250 17       		.uleb128 0x17
 666 0251 88000000 		.4byte	.LBB3
 667 0255 6C000000 		.4byte	.LBE3-.LBB3
 668 0259 34030000 		.4byte	0x334
 669 025d 18       		.uleb128 0x18
 670 025e 33000000 		.4byte	.LASF30
 671 0262 01       		.byte	0x1
ARM GAS  C:\Users\g\AppData\Local\Temp\ccAW6x6S.s 			page 19


 672 0263 1901     		.2byte	0x119
 673 0265 4E030000 		.4byte	0x34e
 674 0269 05       		.uleb128 0x5
 675 026a 03       		.byte	0x3
 676 026b 0C000000 		.4byte	cy_cfg_addr_table.4740
 677 026f 18       		.uleb128 0x18
 678 0270 45000000 		.4byte	.LASF31
 679 0274 01       		.byte	0x1
 680 0275 1D01     		.2byte	0x11d
 681 0277 63030000 		.4byte	0x363
 682 027b 05       		.uleb128 0x5
 683 027c 03       		.byte	0x3
 684 027d 10000000 		.4byte	cy_cfg_data_table.4741
 685 0281 19       		.uleb128 0x19
 686 0282 06       		.byte	0x6
 687 0283 01       		.byte	0x1
 688 0284 2901     		.2byte	0x129
 689 0286 A5020000 		.4byte	0x2a5
 690 028a 1A       		.uleb128 0x1a
 691 028b 24010000 		.4byte	.LASF32
 692 028f 01       		.byte	0x1
 693 0290 2A01     		.2byte	0x12a
 694 0292 7D000000 		.4byte	0x7d
 695 0296 00       		.byte	0
 696 0297 1A       		.uleb128 0x1a
 697 0298 80000000 		.4byte	.LASF33
 698 029c 01       		.byte	0x1
 699 029d 2B01     		.2byte	0x12b
 700 029f 99000000 		.4byte	0x99
 701 02a3 04       		.byte	0x4
 702 02a4 00       		.byte	0
 703 02a5 08       		.uleb128 0x8
 704 02a6 7A010000 		.4byte	.LASF34
 705 02aa 01       		.byte	0x1
 706 02ab 2C01     		.2byte	0x12c
 707 02ad 81020000 		.4byte	0x281
 708 02b1 1B       		.uleb128 0x1b
 709 02b2 A5020000 		.4byte	0x2a5
 710 02b6 C1020000 		.4byte	0x2c1
 711 02ba 1C       		.uleb128 0x1c
 712 02bb 76000000 		.4byte	0x76
 713 02bf 01       		.byte	0x1
 714 02c0 00       		.byte	0
 715 02c1 18       		.uleb128 0x18
 716 02c2 70000000 		.4byte	.LASF35
 717 02c6 01       		.byte	0x1
 718 02c7 2E01     		.2byte	0x12e
 719 02c9 D3020000 		.4byte	0x2d3
 720 02cd 05       		.uleb128 0x5
 721 02ce 03       		.byte	0x3
 722 02cf 00000000 		.4byte	cfg_memset_list.4746
 723 02d3 11       		.uleb128 0x11
 724 02d4 B1020000 		.4byte	0x2b1
 725 02d8 1D       		.uleb128 0x1d
 726 02d9 6900     		.ascii	"i\000"
 727 02db 01       		.byte	0x1
 728 02dc 3401     		.2byte	0x134
ARM GAS  C:\Users\g\AppData\Local\Temp\ccAW6x6S.s 			page 20


 729 02de 8D000000 		.4byte	0x8d
 730 02e2 BC000000 		.4byte	.LLST6
 731 02e6 17       		.uleb128 0x17
 732 02e7 8C000000 		.4byte	.LBB4
 733 02eb 1E000000 		.4byte	.LBE4-.LBB4
 734 02ef 17030000 		.4byte	0x317
 735 02f3 1D       		.uleb128 0x1d
 736 02f4 6D7300   		.ascii	"ms\000"
 737 02f7 01       		.byte	0x1
 738 02f8 3901     		.2byte	0x139
 739 02fa 02030000 		.4byte	0x302
 740 02fe E6000000 		.4byte	.LLST7
 741 0302 06       		.uleb128 0x6
 742 0303 04       		.byte	0x4
 743 0304 08030000 		.4byte	0x308
 744 0308 11       		.uleb128 0x11
 745 0309 A5020000 		.4byte	0x2a5
 746 030d 1E       		.uleb128 0x1e
 747 030e AA000000 		.4byte	.LVL20
 748 0312 A1010000 		.4byte	0x1a1
 749 0316 00       		.byte	0
 750 0317 13       		.uleb128 0x13
 751 0318 BE000000 		.4byte	.LVL23
 752 031c 19010000 		.4byte	0x119
 753 0320 14       		.uleb128 0x14
 754 0321 01       		.uleb128 0x1
 755 0322 51       		.byte	0x51
 756 0323 05       		.uleb128 0x5
 757 0324 03       		.byte	0x3
 758 0325 10000000 		.4byte	.LANCHOR0+16
 759 0329 14       		.uleb128 0x14
 760 032a 01       		.uleb128 0x1
 761 032b 50       		.byte	0x50
 762 032c 05       		.uleb128 0x5
 763 032d 03       		.byte	0x3
 764 032e 0C000000 		.4byte	.LANCHOR0+12
 765 0332 00       		.byte	0
 766 0333 00       		.byte	0
 767 0334 1E       		.uleb128 0x1e
 768 0335 0A010000 		.4byte	.LVL24
 769 0339 EE010000 		.4byte	0x1ee
 770 033d 00       		.byte	0
 771 033e 1B       		.uleb128 0x1b
 772 033f A5000000 		.4byte	0xa5
 773 0343 4E030000 		.4byte	0x34e
 774 0347 1C       		.uleb128 0x1c
 775 0348 76000000 		.4byte	0x76
 776 034c 00       		.byte	0
 777 034d 00       		.byte	0
 778 034e 11       		.uleb128 0x11
 779 034f 3E030000 		.4byte	0x33e
 780 0353 1B       		.uleb128 0x1b
 781 0354 0E010000 		.4byte	0x10e
 782 0358 63030000 		.4byte	0x363
 783 035c 1C       		.uleb128 0x1c
 784 035d 76000000 		.4byte	0x76
 785 0361 06       		.byte	0x6
ARM GAS  C:\Users\g\AppData\Local\Temp\ccAW6x6S.s 			page 21


 786 0362 00       		.byte	0
 787 0363 11       		.uleb128 0x11
 788 0364 53030000 		.4byte	0x353
 789 0368 1F       		.uleb128 0x1f
 790 0369 BA000000 		.4byte	.LASF36
 791 036d 7D000000 		.4byte	0x7d
 792 0371 85030000 		.4byte	0x385
 793 0375 20       		.uleb128 0x20
 794 0376 7D000000 		.4byte	0x7d
 795 037a 20       		.uleb128 0x20
 796 037b 25000000 		.4byte	0x25
 797 037f 20       		.uleb128 0x20
 798 0380 76000000 		.4byte	0x76
 799 0384 00       		.byte	0
 800 0385 21       		.uleb128 0x21
 801 0386 5E020000 		.4byte	.LASF37
 802 038a 04       		.byte	0x4
 803 038b 6C       		.byte	0x6c
 804 038c 96030000 		.4byte	0x396
 805 0390 20       		.uleb128 0x20
 806 0391 A5000000 		.4byte	0xa5
 807 0395 00       		.byte	0
 808 0396 22       		.uleb128 0x22
 809 0397 0D000000 		.4byte	.LASF42
 810 039b 04       		.byte	0x4
 811 039c BB       		.byte	0xbb
 812 039d E1000000 		.4byte	0xe1
 813 03a1 B0030000 		.4byte	0x3b0
 814 03a5 20       		.uleb128 0x20
 815 03a6 8D000000 		.4byte	0x8d
 816 03aa 20       		.uleb128 0x20
 817 03ab E1000000 		.4byte	0xe1
 818 03af 00       		.byte	0
 819 03b0 23       		.uleb128 0x23
 820 03b1 DA000000 		.4byte	.LASF43
 821 03b5 04       		.byte	0x4
 822 03b6 C1       		.byte	0xc1
 823 03b7 20       		.uleb128 0x20
 824 03b8 8D000000 		.4byte	0x8d
 825 03bc 00       		.byte	0
 826 03bd 00       		.byte	0
 827              		.section	.debug_abbrev,"",%progbits
 828              	.Ldebug_abbrev0:
 829 0000 01       		.uleb128 0x1
 830 0001 11       		.uleb128 0x11
 831 0002 01       		.byte	0x1
 832 0003 25       		.uleb128 0x25
 833 0004 0E       		.uleb128 0xe
 834 0005 13       		.uleb128 0x13
 835 0006 0B       		.uleb128 0xb
 836 0007 03       		.uleb128 0x3
 837 0008 0E       		.uleb128 0xe
 838 0009 1B       		.uleb128 0x1b
 839 000a 0E       		.uleb128 0xe
 840 000b 55       		.uleb128 0x55
 841 000c 17       		.uleb128 0x17
 842 000d 11       		.uleb128 0x11
ARM GAS  C:\Users\g\AppData\Local\Temp\ccAW6x6S.s 			page 22


 843 000e 01       		.uleb128 0x1
 844 000f 10       		.uleb128 0x10
 845 0010 17       		.uleb128 0x17
 846 0011 00       		.byte	0
 847 0012 00       		.byte	0
 848 0013 02       		.uleb128 0x2
 849 0014 24       		.uleb128 0x24
 850 0015 00       		.byte	0
 851 0016 0B       		.uleb128 0xb
 852 0017 0B       		.uleb128 0xb
 853 0018 3E       		.uleb128 0x3e
 854 0019 0B       		.uleb128 0xb
 855 001a 03       		.uleb128 0x3
 856 001b 08       		.uleb128 0x8
 857 001c 00       		.byte	0
 858 001d 00       		.byte	0
 859 001e 03       		.uleb128 0x3
 860 001f 16       		.uleb128 0x16
 861 0020 00       		.byte	0
 862 0021 03       		.uleb128 0x3
 863 0022 0E       		.uleb128 0xe
 864 0023 3A       		.uleb128 0x3a
 865 0024 0B       		.uleb128 0xb
 866 0025 3B       		.uleb128 0x3b
 867 0026 0B       		.uleb128 0xb
 868 0027 49       		.uleb128 0x49
 869 0028 13       		.uleb128 0x13
 870 0029 00       		.byte	0
 871 002a 00       		.byte	0
 872 002b 04       		.uleb128 0x4
 873 002c 24       		.uleb128 0x24
 874 002d 00       		.byte	0
 875 002e 0B       		.uleb128 0xb
 876 002f 0B       		.uleb128 0xb
 877 0030 3E       		.uleb128 0x3e
 878 0031 0B       		.uleb128 0xb
 879 0032 03       		.uleb128 0x3
 880 0033 0E       		.uleb128 0xe
 881 0034 00       		.byte	0
 882 0035 00       		.byte	0
 883 0036 05       		.uleb128 0x5
 884 0037 0F       		.uleb128 0xf
 885 0038 00       		.byte	0
 886 0039 0B       		.uleb128 0xb
 887 003a 0B       		.uleb128 0xb
 888 003b 00       		.byte	0
 889 003c 00       		.byte	0
 890 003d 06       		.uleb128 0x6
 891 003e 0F       		.uleb128 0xf
 892 003f 00       		.byte	0
 893 0040 0B       		.uleb128 0xb
 894 0041 0B       		.uleb128 0xb
 895 0042 49       		.uleb128 0x49
 896 0043 13       		.uleb128 0x13
 897 0044 00       		.byte	0
 898 0045 00       		.byte	0
 899 0046 07       		.uleb128 0x7
ARM GAS  C:\Users\g\AppData\Local\Temp\ccAW6x6S.s 			page 23


 900 0047 15       		.uleb128 0x15
 901 0048 00       		.byte	0
 902 0049 27       		.uleb128 0x27
 903 004a 19       		.uleb128 0x19
 904 004b 00       		.byte	0
 905 004c 00       		.byte	0
 906 004d 08       		.uleb128 0x8
 907 004e 16       		.uleb128 0x16
 908 004f 00       		.byte	0
 909 0050 03       		.uleb128 0x3
 910 0051 0E       		.uleb128 0xe
 911 0052 3A       		.uleb128 0x3a
 912 0053 0B       		.uleb128 0xb
 913 0054 3B       		.uleb128 0x3b
 914 0055 05       		.uleb128 0x5
 915 0056 49       		.uleb128 0x49
 916 0057 13       		.uleb128 0x13
 917 0058 00       		.byte	0
 918 0059 00       		.byte	0
 919 005a 09       		.uleb128 0x9
 920 005b 35       		.uleb128 0x35
 921 005c 00       		.byte	0
 922 005d 49       		.uleb128 0x49
 923 005e 13       		.uleb128 0x13
 924 005f 00       		.byte	0
 925 0060 00       		.byte	0
 926 0061 0A       		.uleb128 0xa
 927 0062 13       		.uleb128 0x13
 928 0063 01       		.byte	0x1
 929 0064 0B       		.uleb128 0xb
 930 0065 0B       		.uleb128 0xb
 931 0066 3A       		.uleb128 0x3a
 932 0067 0B       		.uleb128 0xb
 933 0068 3B       		.uleb128 0x3b
 934 0069 0B       		.uleb128 0xb
 935 006a 01       		.uleb128 0x1
 936 006b 13       		.uleb128 0x13
 937 006c 00       		.byte	0
 938 006d 00       		.byte	0
 939 006e 0B       		.uleb128 0xb
 940 006f 0D       		.uleb128 0xd
 941 0070 00       		.byte	0
 942 0071 03       		.uleb128 0x3
 943 0072 0E       		.uleb128 0xe
 944 0073 3A       		.uleb128 0x3a
 945 0074 0B       		.uleb128 0xb
 946 0075 3B       		.uleb128 0x3b
 947 0076 0B       		.uleb128 0xb
 948 0077 49       		.uleb128 0x49
 949 0078 13       		.uleb128 0x13
 950 0079 38       		.uleb128 0x38
 951 007a 0B       		.uleb128 0xb
 952 007b 00       		.byte	0
 953 007c 00       		.byte	0
 954 007d 0C       		.uleb128 0xc
 955 007e 2E       		.uleb128 0x2e
 956 007f 01       		.byte	0x1
ARM GAS  C:\Users\g\AppData\Local\Temp\ccAW6x6S.s 			page 24


 957 0080 03       		.uleb128 0x3
 958 0081 0E       		.uleb128 0xe
 959 0082 3A       		.uleb128 0x3a
 960 0083 0B       		.uleb128 0xb
 961 0084 3B       		.uleb128 0x3b
 962 0085 0B       		.uleb128 0xb
 963 0086 27       		.uleb128 0x27
 964 0087 19       		.uleb128 0x19
 965 0088 11       		.uleb128 0x11
 966 0089 01       		.uleb128 0x1
 967 008a 12       		.uleb128 0x12
 968 008b 06       		.uleb128 0x6
 969 008c 40       		.uleb128 0x40
 970 008d 18       		.uleb128 0x18
 971 008e 9742     		.uleb128 0x2117
 972 0090 19       		.uleb128 0x19
 973 0091 01       		.uleb128 0x1
 974 0092 13       		.uleb128 0x13
 975 0093 00       		.byte	0
 976 0094 00       		.byte	0
 977 0095 0D       		.uleb128 0xd
 978 0096 05       		.uleb128 0x5
 979 0097 00       		.byte	0
 980 0098 03       		.uleb128 0x3
 981 0099 0E       		.uleb128 0xe
 982 009a 3A       		.uleb128 0x3a
 983 009b 0B       		.uleb128 0xb
 984 009c 3B       		.uleb128 0x3b
 985 009d 0B       		.uleb128 0xb
 986 009e 49       		.uleb128 0x49
 987 009f 13       		.uleb128 0x13
 988 00a0 02       		.uleb128 0x2
 989 00a1 18       		.uleb128 0x18
 990 00a2 00       		.byte	0
 991 00a3 00       		.byte	0
 992 00a4 0E       		.uleb128 0xe
 993 00a5 34       		.uleb128 0x34
 994 00a6 00       		.byte	0
 995 00a7 03       		.uleb128 0x3
 996 00a8 08       		.uleb128 0x8
 997 00a9 3A       		.uleb128 0x3a
 998 00aa 0B       		.uleb128 0xb
 999 00ab 3B       		.uleb128 0x3b
 1000 00ac 0B       		.uleb128 0xb
 1001 00ad 49       		.uleb128 0x49
 1002 00ae 13       		.uleb128 0x13
 1003 00af 02       		.uleb128 0x2
 1004 00b0 17       		.uleb128 0x17
 1005 00b1 00       		.byte	0
 1006 00b2 00       		.byte	0
 1007 00b3 0F       		.uleb128 0xf
 1008 00b4 0B       		.uleb128 0xb
 1009 00b5 01       		.byte	0x1
 1010 00b6 11       		.uleb128 0x11
 1011 00b7 01       		.uleb128 0x1
 1012 00b8 12       		.uleb128 0x12
 1013 00b9 06       		.uleb128 0x6
ARM GAS  C:\Users\g\AppData\Local\Temp\ccAW6x6S.s 			page 25


 1014 00ba 00       		.byte	0
 1015 00bb 00       		.byte	0
 1016 00bc 10       		.uleb128 0x10
 1017 00bd 34       		.uleb128 0x34
 1018 00be 00       		.byte	0
 1019 00bf 03       		.uleb128 0x3
 1020 00c0 0E       		.uleb128 0xe
 1021 00c1 3A       		.uleb128 0x3a
 1022 00c2 0B       		.uleb128 0xb
 1023 00c3 3B       		.uleb128 0x3b
 1024 00c4 0B       		.uleb128 0xb
 1025 00c5 49       		.uleb128 0x49
 1026 00c6 13       		.uleb128 0x13
 1027 00c7 02       		.uleb128 0x2
 1028 00c8 17       		.uleb128 0x17
 1029 00c9 00       		.byte	0
 1030 00ca 00       		.byte	0
 1031 00cb 11       		.uleb128 0x11
 1032 00cc 26       		.uleb128 0x26
 1033 00cd 00       		.byte	0
 1034 00ce 49       		.uleb128 0x49
 1035 00cf 13       		.uleb128 0x13
 1036 00d0 00       		.byte	0
 1037 00d1 00       		.byte	0
 1038 00d2 12       		.uleb128 0x12
 1039 00d3 05       		.uleb128 0x5
 1040 00d4 00       		.byte	0
 1041 00d5 03       		.uleb128 0x3
 1042 00d6 08       		.uleb128 0x8
 1043 00d7 3A       		.uleb128 0x3a
 1044 00d8 0B       		.uleb128 0xb
 1045 00d9 3B       		.uleb128 0x3b
 1046 00da 0B       		.uleb128 0xb
 1047 00db 49       		.uleb128 0x49
 1048 00dc 13       		.uleb128 0x13
 1049 00dd 02       		.uleb128 0x2
 1050 00de 17       		.uleb128 0x17
 1051 00df 00       		.byte	0
 1052 00e0 00       		.byte	0
 1053 00e1 13       		.uleb128 0x13
 1054 00e2 898201   		.uleb128 0x4109
 1055 00e5 01       		.byte	0x1
 1056 00e6 11       		.uleb128 0x11
 1057 00e7 01       		.uleb128 0x1
 1058 00e8 31       		.uleb128 0x31
 1059 00e9 13       		.uleb128 0x13
 1060 00ea 00       		.byte	0
 1061 00eb 00       		.byte	0
 1062 00ec 14       		.uleb128 0x14
 1063 00ed 8A8201   		.uleb128 0x410a
 1064 00f0 00       		.byte	0
 1065 00f1 02       		.uleb128 0x2
 1066 00f2 18       		.uleb128 0x18
 1067 00f3 9142     		.uleb128 0x2111
 1068 00f5 18       		.uleb128 0x18
 1069 00f6 00       		.byte	0
 1070 00f7 00       		.byte	0
ARM GAS  C:\Users\g\AppData\Local\Temp\ccAW6x6S.s 			page 26


 1071 00f8 15       		.uleb128 0x15
 1072 00f9 898201   		.uleb128 0x4109
 1073 00fc 01       		.byte	0x1
 1074 00fd 11       		.uleb128 0x11
 1075 00fe 01       		.uleb128 0x1
 1076 00ff 31       		.uleb128 0x31
 1077 0100 13       		.uleb128 0x13
 1078 0101 01       		.uleb128 0x1
 1079 0102 13       		.uleb128 0x13
 1080 0103 00       		.byte	0
 1081 0104 00       		.byte	0
 1082 0105 16       		.uleb128 0x16
 1083 0106 2E       		.uleb128 0x2e
 1084 0107 01       		.byte	0x1
 1085 0108 3F       		.uleb128 0x3f
 1086 0109 19       		.uleb128 0x19
 1087 010a 03       		.uleb128 0x3
 1088 010b 0E       		.uleb128 0xe
 1089 010c 3A       		.uleb128 0x3a
 1090 010d 0B       		.uleb128 0xb
 1091 010e 3B       		.uleb128 0x3b
 1092 010f 05       		.uleb128 0x5
 1093 0110 27       		.uleb128 0x27
 1094 0111 19       		.uleb128 0x19
 1095 0112 11       		.uleb128 0x11
 1096 0113 01       		.uleb128 0x1
 1097 0114 12       		.uleb128 0x12
 1098 0115 06       		.uleb128 0x6
 1099 0116 40       		.uleb128 0x40
 1100 0117 18       		.uleb128 0x18
 1101 0118 9742     		.uleb128 0x2117
 1102 011a 19       		.uleb128 0x19
 1103 011b 01       		.uleb128 0x1
 1104 011c 13       		.uleb128 0x13
 1105 011d 00       		.byte	0
 1106 011e 00       		.byte	0
 1107 011f 17       		.uleb128 0x17
 1108 0120 0B       		.uleb128 0xb
 1109 0121 01       		.byte	0x1
 1110 0122 11       		.uleb128 0x11
 1111 0123 01       		.uleb128 0x1
 1112 0124 12       		.uleb128 0x12
 1113 0125 06       		.uleb128 0x6
 1114 0126 01       		.uleb128 0x1
 1115 0127 13       		.uleb128 0x13
 1116 0128 00       		.byte	0
 1117 0129 00       		.byte	0
 1118 012a 18       		.uleb128 0x18
 1119 012b 34       		.uleb128 0x34
 1120 012c 00       		.byte	0
 1121 012d 03       		.uleb128 0x3
 1122 012e 0E       		.uleb128 0xe
 1123 012f 3A       		.uleb128 0x3a
 1124 0130 0B       		.uleb128 0xb
 1125 0131 3B       		.uleb128 0x3b
 1126 0132 05       		.uleb128 0x5
 1127 0133 49       		.uleb128 0x49
ARM GAS  C:\Users\g\AppData\Local\Temp\ccAW6x6S.s 			page 27


 1128 0134 13       		.uleb128 0x13
 1129 0135 02       		.uleb128 0x2
 1130 0136 18       		.uleb128 0x18
 1131 0137 00       		.byte	0
 1132 0138 00       		.byte	0
 1133 0139 19       		.uleb128 0x19
 1134 013a 13       		.uleb128 0x13
 1135 013b 01       		.byte	0x1
 1136 013c 0B       		.uleb128 0xb
 1137 013d 0B       		.uleb128 0xb
 1138 013e 3A       		.uleb128 0x3a
 1139 013f 0B       		.uleb128 0xb
 1140 0140 3B       		.uleb128 0x3b
 1141 0141 05       		.uleb128 0x5
 1142 0142 01       		.uleb128 0x1
 1143 0143 13       		.uleb128 0x13
 1144 0144 00       		.byte	0
 1145 0145 00       		.byte	0
 1146 0146 1A       		.uleb128 0x1a
 1147 0147 0D       		.uleb128 0xd
 1148 0148 00       		.byte	0
 1149 0149 03       		.uleb128 0x3
 1150 014a 0E       		.uleb128 0xe
 1151 014b 3A       		.uleb128 0x3a
 1152 014c 0B       		.uleb128 0xb
 1153 014d 3B       		.uleb128 0x3b
 1154 014e 05       		.uleb128 0x5
 1155 014f 49       		.uleb128 0x49
 1156 0150 13       		.uleb128 0x13
 1157 0151 38       		.uleb128 0x38
 1158 0152 0B       		.uleb128 0xb
 1159 0153 00       		.byte	0
 1160 0154 00       		.byte	0
 1161 0155 1B       		.uleb128 0x1b
 1162 0156 01       		.uleb128 0x1
 1163 0157 01       		.byte	0x1
 1164 0158 49       		.uleb128 0x49
 1165 0159 13       		.uleb128 0x13
 1166 015a 01       		.uleb128 0x1
 1167 015b 13       		.uleb128 0x13
 1168 015c 00       		.byte	0
 1169 015d 00       		.byte	0
 1170 015e 1C       		.uleb128 0x1c
 1171 015f 21       		.uleb128 0x21
 1172 0160 00       		.byte	0
 1173 0161 49       		.uleb128 0x49
 1174 0162 13       		.uleb128 0x13
 1175 0163 2F       		.uleb128 0x2f
 1176 0164 0B       		.uleb128 0xb
 1177 0165 00       		.byte	0
 1178 0166 00       		.byte	0
 1179 0167 1D       		.uleb128 0x1d
 1180 0168 34       		.uleb128 0x34
 1181 0169 00       		.byte	0
 1182 016a 03       		.uleb128 0x3
 1183 016b 08       		.uleb128 0x8
 1184 016c 3A       		.uleb128 0x3a
ARM GAS  C:\Users\g\AppData\Local\Temp\ccAW6x6S.s 			page 28


 1185 016d 0B       		.uleb128 0xb
 1186 016e 3B       		.uleb128 0x3b
 1187 016f 05       		.uleb128 0x5
 1188 0170 49       		.uleb128 0x49
 1189 0171 13       		.uleb128 0x13
 1190 0172 02       		.uleb128 0x2
 1191 0173 17       		.uleb128 0x17
 1192 0174 00       		.byte	0
 1193 0175 00       		.byte	0
 1194 0176 1E       		.uleb128 0x1e
 1195 0177 898201   		.uleb128 0x4109
 1196 017a 00       		.byte	0
 1197 017b 11       		.uleb128 0x11
 1198 017c 01       		.uleb128 0x1
 1199 017d 31       		.uleb128 0x31
 1200 017e 13       		.uleb128 0x13
 1201 017f 00       		.byte	0
 1202 0180 00       		.byte	0
 1203 0181 1F       		.uleb128 0x1f
 1204 0182 2E       		.uleb128 0x2e
 1205 0183 01       		.byte	0x1
 1206 0184 3F       		.uleb128 0x3f
 1207 0185 19       		.uleb128 0x19
 1208 0186 03       		.uleb128 0x3
 1209 0187 0E       		.uleb128 0xe
 1210 0188 27       		.uleb128 0x27
 1211 0189 19       		.uleb128 0x19
 1212 018a 49       		.uleb128 0x49
 1213 018b 13       		.uleb128 0x13
 1214 018c 34       		.uleb128 0x34
 1215 018d 19       		.uleb128 0x19
 1216 018e 3C       		.uleb128 0x3c
 1217 018f 19       		.uleb128 0x19
 1218 0190 01       		.uleb128 0x1
 1219 0191 13       		.uleb128 0x13
 1220 0192 00       		.byte	0
 1221 0193 00       		.byte	0
 1222 0194 20       		.uleb128 0x20
 1223 0195 05       		.uleb128 0x5
 1224 0196 00       		.byte	0
 1225 0197 49       		.uleb128 0x49
 1226 0198 13       		.uleb128 0x13
 1227 0199 00       		.byte	0
 1228 019a 00       		.byte	0
 1229 019b 21       		.uleb128 0x21
 1230 019c 2E       		.uleb128 0x2e
 1231 019d 01       		.byte	0x1
 1232 019e 3F       		.uleb128 0x3f
 1233 019f 19       		.uleb128 0x19
 1234 01a0 03       		.uleb128 0x3
 1235 01a1 0E       		.uleb128 0xe
 1236 01a2 3A       		.uleb128 0x3a
 1237 01a3 0B       		.uleb128 0xb
 1238 01a4 3B       		.uleb128 0x3b
 1239 01a5 0B       		.uleb128 0xb
 1240 01a6 27       		.uleb128 0x27
 1241 01a7 19       		.uleb128 0x19
ARM GAS  C:\Users\g\AppData\Local\Temp\ccAW6x6S.s 			page 29


 1242 01a8 3C       		.uleb128 0x3c
 1243 01a9 19       		.uleb128 0x19
 1244 01aa 01       		.uleb128 0x1
 1245 01ab 13       		.uleb128 0x13
 1246 01ac 00       		.byte	0
 1247 01ad 00       		.byte	0
 1248 01ae 22       		.uleb128 0x22
 1249 01af 2E       		.uleb128 0x2e
 1250 01b0 01       		.byte	0x1
 1251 01b1 3F       		.uleb128 0x3f
 1252 01b2 19       		.uleb128 0x19
 1253 01b3 03       		.uleb128 0x3
 1254 01b4 0E       		.uleb128 0xe
 1255 01b5 3A       		.uleb128 0x3a
 1256 01b6 0B       		.uleb128 0xb
 1257 01b7 3B       		.uleb128 0x3b
 1258 01b8 0B       		.uleb128 0xb
 1259 01b9 27       		.uleb128 0x27
 1260 01ba 19       		.uleb128 0x19
 1261 01bb 49       		.uleb128 0x49
 1262 01bc 13       		.uleb128 0x13
 1263 01bd 3C       		.uleb128 0x3c
 1264 01be 19       		.uleb128 0x19
 1265 01bf 01       		.uleb128 0x1
 1266 01c0 13       		.uleb128 0x13
 1267 01c1 00       		.byte	0
 1268 01c2 00       		.byte	0
 1269 01c3 23       		.uleb128 0x23
 1270 01c4 2E       		.uleb128 0x2e
 1271 01c5 01       		.byte	0x1
 1272 01c6 3F       		.uleb128 0x3f
 1273 01c7 19       		.uleb128 0x19
 1274 01c8 03       		.uleb128 0x3
 1275 01c9 0E       		.uleb128 0xe
 1276 01ca 3A       		.uleb128 0x3a
 1277 01cb 0B       		.uleb128 0xb
 1278 01cc 3B       		.uleb128 0x3b
 1279 01cd 0B       		.uleb128 0xb
 1280 01ce 27       		.uleb128 0x27
 1281 01cf 19       		.uleb128 0x19
 1282 01d0 3C       		.uleb128 0x3c
 1283 01d1 19       		.uleb128 0x19
 1284 01d2 00       		.byte	0
 1285 01d3 00       		.byte	0
 1286 01d4 00       		.byte	0
 1287              		.section	.debug_loc,"",%progbits
 1288              	.Ldebug_loc0:
 1289              	.LLST0:
 1290 0000 02000000 		.4byte	.LVL1
 1291 0004 08000000 		.4byte	.LVL2
 1292 0008 0200     		.2byte	0x2
 1293 000a 30       		.byte	0x30
 1294 000b 9F       		.byte	0x9f
 1295 000c 08000000 		.4byte	.LVL2
 1296 0010 30000000 		.4byte	.LVL11
 1297 0014 0100     		.2byte	0x1
 1298 0016 57       		.byte	0x57
ARM GAS  C:\Users\g\AppData\Local\Temp\ccAW6x6S.s 			page 30


 1299 0017 00000000 		.4byte	0
 1300 001b 00000000 		.4byte	0
 1301              	.LLST1:
 1302 001f 02000000 		.4byte	.LVL1
 1303 0023 08000000 		.4byte	.LVL2
 1304 0027 0200     		.2byte	0x2
 1305 0029 30       		.byte	0x30
 1306 002a 9F       		.byte	0x9f
 1307 002b 08000000 		.4byte	.LVL2
 1308 002f 30000000 		.4byte	.LVL10
 1309 0033 0100     		.2byte	0x1
 1310 0035 55       		.byte	0x55
 1311 0036 00000000 		.4byte	0
 1312 003a 00000000 		.4byte	0
 1313              	.LLST2:
 1314 003e 0C000000 		.4byte	.LVL3
 1315 0042 2C000000 		.4byte	.LVL9
 1316 0046 0100     		.2byte	0x1
 1317 0048 56       		.byte	0x56
 1318 0049 00000000 		.4byte	0
 1319 004d 00000000 		.4byte	0
 1320              	.LLST3:
 1321 0051 0E000000 		.4byte	.LVL4
 1322 0055 24000000 		.4byte	.LVL7
 1323 0059 0100     		.2byte	0x1
 1324 005b 53       		.byte	0x53
 1325 005c 26000000 		.4byte	.LVL8
 1326 0060 2C000000 		.4byte	.LVL9
 1327 0064 0100     		.2byte	0x1
 1328 0066 53       		.byte	0x53
 1329 0067 00000000 		.4byte	0
 1330 006b 00000000 		.4byte	0
 1331              	.LLST4:
 1332 006f 00000000 		.4byte	.LVL12
 1333 0073 09000000 		.4byte	.LVL14-1
 1334 0077 0100     		.2byte	0x1
 1335 0079 50       		.byte	0x50
 1336 007a 09000000 		.4byte	.LVL14-1
 1337 007e 0C000000 		.4byte	.LFE0
 1338 0082 0400     		.2byte	0x4
 1339 0084 F3       		.byte	0xf3
 1340 0085 01       		.uleb128 0x1
 1341 0086 50       		.byte	0x50
 1342 0087 9F       		.byte	0x9f
 1343 0088 00000000 		.4byte	0
 1344 008c 00000000 		.4byte	0
 1345              	.LLST5:
 1346 0090 00000000 		.4byte	.LVL12
 1347 0094 06000000 		.4byte	.LVL13
 1348 0098 0100     		.2byte	0x1
 1349 009a 51       		.byte	0x51
 1350 009b 06000000 		.4byte	.LVL13
 1351 009f 09000000 		.4byte	.LVL14-1
 1352 00a3 0100     		.2byte	0x1
 1353 00a5 52       		.byte	0x52
 1354 00a6 09000000 		.4byte	.LVL14-1
 1355 00aa 0C000000 		.4byte	.LFE0
ARM GAS  C:\Users\g\AppData\Local\Temp\ccAW6x6S.s 			page 31


 1356 00ae 0400     		.2byte	0x4
 1357 00b0 F3       		.byte	0xf3
 1358 00b1 01       		.uleb128 0x1
 1359 00b2 51       		.byte	0x51
 1360 00b3 9F       		.byte	0x9f
 1361 00b4 00000000 		.4byte	0
 1362 00b8 00000000 		.4byte	0
 1363              	.LLST6:
 1364 00bc 88000000 		.4byte	.LVL18
 1365 00c0 8C000000 		.4byte	.LVL19
 1366 00c4 0200     		.2byte	0x2
 1367 00c6 30       		.byte	0x30
 1368 00c7 9F       		.byte	0x9f
 1369 00c8 8C000000 		.4byte	.LVL19
 1370 00cc AC000000 		.4byte	.LVL21
 1371 00d0 0100     		.2byte	0x1
 1372 00d2 54       		.byte	0x54
 1373 00d3 AE000000 		.4byte	.LVL22
 1374 00d7 0A010000 		.4byte	.LVL25
 1375 00db 0100     		.2byte	0x1
 1376 00dd 54       		.byte	0x54
 1377 00de 00000000 		.4byte	0
 1378 00e2 00000000 		.4byte	0
 1379              	.LLST7:
 1380 00e6 8C000000 		.4byte	.LVL19
 1381 00ea AC000000 		.4byte	.LVL21
 1382 00ee 0B00     		.2byte	0xb
 1383 00f0 74       		.byte	0x74
 1384 00f1 00       		.sleb128 0
 1385 00f2 36       		.byte	0x36
 1386 00f3 1E       		.byte	0x1e
 1387 00f4 03       		.byte	0x3
 1388 00f5 00000000 		.4byte	cfg_memset_list.4746
 1389 00f9 22       		.byte	0x22
 1390 00fa 9F       		.byte	0x9f
 1391 00fb AC000000 		.4byte	.LVL21
 1392 00ff AE000000 		.4byte	.LVL22
 1393 0103 0B00     		.2byte	0xb
 1394 0105 74       		.byte	0x74
 1395 0106 7F       		.sleb128 -1
 1396 0107 36       		.byte	0x36
 1397 0108 1E       		.byte	0x1e
 1398 0109 03       		.byte	0x3
 1399 010a 00000000 		.4byte	cfg_memset_list.4746
 1400 010e 22       		.byte	0x22
 1401 010f 9F       		.byte	0x9f
 1402 0110 00000000 		.4byte	0
 1403 0114 00000000 		.4byte	0
 1404              		.section	.debug_aranges,"",%progbits
 1405 0000 34000000 		.4byte	0x34
 1406 0004 0200     		.2byte	0x2
 1407 0006 00000000 		.4byte	.Ldebug_info0
 1408 000a 04       		.byte	0x4
 1409 000b 00       		.byte	0
 1410 000c 0000     		.2byte	0
 1411 000e 0000     		.2byte	0
 1412 0010 00000000 		.4byte	.LFB3
ARM GAS  C:\Users\g\AppData\Local\Temp\ccAW6x6S.s 			page 32


 1413 0014 32000000 		.4byte	.LFE3-.LFB3
 1414 0018 00000000 		.4byte	.LFB0
 1415 001c 0C000000 		.4byte	.LFE0-.LFB0
 1416 0020 00000000 		.4byte	.LFB4
 1417 0024 84000000 		.4byte	.LFE4-.LFB4
 1418 0028 84000000 		.4byte	.LFB6
 1419 002c B4000000 		.4byte	.LFE6-.LFB6
 1420 0030 00000000 		.4byte	0
 1421 0034 00000000 		.4byte	0
 1422              		.section	.debug_ranges,"",%progbits
 1423              	.Ldebug_ranges0:
 1424 0000 00000000 		.4byte	.LFB3
 1425 0004 32000000 		.4byte	.LFE3
 1426 0008 00000000 		.4byte	.LFB0
 1427 000c 0C000000 		.4byte	.LFE0
 1428 0010 00000000 		.4byte	.LFB4
 1429 0014 84000000 		.4byte	.LFE4
 1430 0018 84000000 		.4byte	.LFB6
 1431 001c 38010000 		.4byte	.LFE6
 1432 0020 00000000 		.4byte	0
 1433 0024 00000000 		.4byte	0
 1434              		.section	.debug_line,"",%progbits
 1435              	.Ldebug_line0:
 1436 0000 58010000 		.section	.debug_str,"MS",%progbits,1
 1436      0200D600 
 1436      00000201 
 1436      FB0E0D00 
 1436      01010101 
 1437              	.LASF18:
 1438 0000 72656733 		.ascii	"reg32\000"
 1438      3200
 1439              	.LASF11:
 1440 0006 73697A65 		.ascii	"size_t\000"
 1440      5F7400
 1441              	.LASF42:
 1442 000d 4379496E 		.ascii	"CyIntSetVector\000"
 1442      74536574 
 1442      56656374 
 1442      6F7200
 1443              	.LASF21:
 1444 001c 76616C75 		.ascii	"value\000"
 1444      6500
 1445              	.LASF26:
 1446 0022 636F756E 		.ascii	"count\000"
 1446      7400
 1447              	.LASF29:
 1448 0028 436C6F63 		.ascii	"ClockSetup\000"
 1448      6B536574 
 1448      757000
 1449              	.LASF30:
 1450 0033 63795F63 		.ascii	"cy_cfg_addr_table\000"
 1450      66675F61 
 1450      6464725F 
 1450      7461626C 
 1450      6500
 1451              	.LASF31:
 1452 0045 63795F63 		.ascii	"cy_cfg_data_table\000"
ARM GAS  C:\Users\g\AppData\Local\Temp\ccAW6x6S.s 			page 33


 1452      66675F64 
 1452      6174615F 
 1452      7461626C 
 1452      6500
 1453              	.LASF22:
 1454 0057 63795F63 		.ascii	"cy_cfg_addrvalue_t\000"
 1454      66675F61 
 1454      64647276 
 1454      616C7565 
 1454      5F7400
 1455              	.LASF15:
 1456 006a 666C6F61 		.ascii	"float\000"
 1456      7400
 1457              	.LASF35:
 1458 0070 6366675F 		.ascii	"cfg_memset_list\000"
 1458      6D656D73 
 1458      65745F6C 
 1458      69737400 
 1459              	.LASF33:
 1460 0080 73697A65 		.ascii	"size\000"
 1460      00
 1461              	.LASF17:
 1462 0085 72656738 		.ascii	"reg8\000"
 1462      00
 1463              	.LASF6:
 1464 008a 6C6F6E67 		.ascii	"long unsigned int\000"
 1464      20756E73 
 1464      69676E65 
 1464      6420696E 
 1464      7400
 1465              	.LASF12:
 1466 009c 75696E74 		.ascii	"uint8\000"
 1466      3800
 1467              	.LASF28:
 1468 00a2 43594D45 		.ascii	"CYMEMZERO\000"
 1468      4D5A4552 
 1468      4F00
 1469              	.LASF2:
 1470 00ac 756E7369 		.ascii	"unsigned char\000"
 1470      676E6564 
 1470      20636861 
 1470      7200
 1471              	.LASF36:
 1472 00ba 6D656D73 		.ascii	"memset\000"
 1472      657400
 1473              	.LASF16:
 1474 00c1 646F7562 		.ascii	"double\000"
 1474      6C6500
 1475              	.LASF27:
 1476 00c8 6366675F 		.ascii	"cfg_write_bytes32\000"
 1476      77726974 
 1476      655F6279 
 1476      74657333 
 1476      3200
 1477              	.LASF43:
 1478 00da 4379496E 		.ascii	"CyIntEnable\000"
 1478      74456E61 
ARM GAS  C:\Users\g\AppData\Local\Temp\ccAW6x6S.s 			page 34


 1478      626C6500 
 1479              	.LASF23:
 1480 00e6 61646472 		.ascii	"addr_table\000"
 1480      5F746162 
 1480      6C6500
 1481              	.LASF13:
 1482 00f1 75696E74 		.ascii	"uint16\000"
 1482      313600
 1483              	.LASF24:
 1484 00f8 64617461 		.ascii	"data_table\000"
 1484      5F746162 
 1484      6C6500
 1485              	.LASF14:
 1486 0103 75696E74 		.ascii	"uint32\000"
 1486      333200
 1487              	.LASF0:
 1488 010a 756E7369 		.ascii	"unsigned int\000"
 1488      676E6564 
 1488      20696E74 
 1488      00
 1489              	.LASF41:
 1490 0117 63796669 		.ascii	"cyfitter_cfg\000"
 1490      74746572 
 1490      5F636667 
 1490      00
 1491              	.LASF32:
 1492 0124 61646472 		.ascii	"address\000"
 1492      65737300 
 1493              	.LASF8:
 1494 012c 6C6F6E67 		.ascii	"long long unsigned int\000"
 1494      206C6F6E 
 1494      6720756E 
 1494      7369676E 
 1494      65642069 
 1495              	.LASF19:
 1496 0143 63796973 		.ascii	"cyisraddress\000"
 1496      72616464 
 1496      72657373 
 1496      00
 1497              	.LASF40:
 1498 0150 443A5C63 		.ascii	"D:\\code\\cypress\\bootloaders\\cncboot.cydsn\000"
 1498      6F64655C 
 1498      63797072 
 1498      6573735C 
 1498      626F6F74 
 1499              	.LASF34:
 1500 017a 6366675F 		.ascii	"cfg_memset_t\000"
 1500      6D656D73 
 1500      65745F74 
 1500      00
 1501              	.LASF25:
 1502 0187 62617365 		.ascii	"baseAddr\000"
 1502      41646472 
 1502      00
 1503              	.LASF9:
 1504 0190 73697A65 		.ascii	"sizetype\000"
 1504      74797065 
ARM GAS  C:\Users\g\AppData\Local\Temp\ccAW6x6S.s 			page 35


 1504      00
 1505              	.LASF4:
 1506 0199 73686F72 		.ascii	"short unsigned int\000"
 1506      7420756E 
 1506      7369676E 
 1506      65642069 
 1506      6E7400
 1507              	.LASF7:
 1508 01ac 6C6F6E67 		.ascii	"long long int\000"
 1508      206C6F6E 
 1508      6720696E 
 1508      7400
 1509              	.LASF10:
 1510 01ba 63686172 		.ascii	"char\000"
 1510      00
 1511              	.LASF38:
 1512 01bf 474E5520 		.ascii	"GNU C 4.9.3 20150303 (release) [ARM/embedded-4_9-br"
 1512      4320342E 
 1512      392E3320 
 1512      32303135 
 1512      30333033 
 1513 01f2 616E6368 		.ascii	"anch revision 221220] -mcpu=cortex-m0 -mthumb -g -O"
 1513      20726576 
 1513      6973696F 
 1513      6E203232 
 1513      31323230 
 1514 0225 67202D66 		.ascii	"g -ffunction-sections -ffat-lto-objects\000"
 1514      66756E63 
 1514      74696F6E 
 1514      2D736563 
 1514      74696F6E 
 1515              	.LASF20:
 1516 024d 6F666673 		.ascii	"offset\000"
 1516      657400
 1517              	.LASF3:
 1518 0254 73686F72 		.ascii	"short int\000"
 1518      7420696E 
 1518      7400
 1519              	.LASF37:
 1520 025e 43795379 		.ascii	"CySysClkWriteImoFreq\000"
 1520      73436C6B 
 1520      57726974 
 1520      65496D6F 
 1520      46726571 
 1521              	.LASF5:
 1522 0273 6C6F6E67 		.ascii	"long int\000"
 1522      20696E74 
 1522      00
 1523              	.LASF1:
 1524 027c 7369676E 		.ascii	"signed char\000"
 1524      65642063 
 1524      68617200 
 1525              	.LASF39:
 1526 0288 47656E65 		.ascii	"Generated_Source\\PSoC4\\cyfitter_cfg.c\000"
 1526      72617465 
 1526      645F536F 
 1526      75726365 
ARM GAS  C:\Users\g\AppData\Local\Temp\ccAW6x6S.s 			page 36


 1526      5C50536F 
 1527              		.ident	"GCC: (GNU Tools for ARM Embedded Processors) 4.9.3 20150303 (release) [ARM/embedded-4_9-br
