ARM GAS  C:\Users\g\AppData\Local\Temp\ccJES2d6.s 			page 1


   1              		.cpu cortex-m0
   2              		.fpu softvfp
   3              		.eabi_attribute 20, 1
   4              		.eabi_attribute 21, 1
   5              		.eabi_attribute 23, 3
   6              		.eabi_attribute 24, 1
   7              		.eabi_attribute 25, 1
   8              		.eabi_attribute 26, 1
   9              		.eabi_attribute 30, 1
  10              		.eabi_attribute 34, 0
  11              		.eabi_attribute 18, 4
  12              		.code	16
  13              		.file	"Bootloadable_1.c"
  14              		.text
  15              	.Ltext0:
  16              		.cfi_sections	.debug_frame
  17              		.section	.text.Bootloadable_1_Load,"ax",%progbits
  18              		.align	2
  19              		.global	Bootloadable_1_Load
  20              		.code	16
  21              		.thumb_func
  22              		.type	Bootloadable_1_Load, %function
  23              	Bootloadable_1_Load:
  24              	.LFB0:
  25              		.file 1 ".\\Generated_Source\\PSoC4\\Bootloadable_1.c"
   1:.\Generated_Source\PSoC4/Bootloadable_1.c **** /****************************************************************************//**
   2:.\Generated_Source\PSoC4/Bootloadable_1.c **** * \file Bootloadable_1.c
   3:.\Generated_Source\PSoC4/Bootloadable_1.c **** * \version 1.50
   4:.\Generated_Source\PSoC4/Bootloadable_1.c **** *
   5:.\Generated_Source\PSoC4/Bootloadable_1.c **** * \brief
   6:.\Generated_Source\PSoC4/Bootloadable_1.c **** *   Provides an API for the Bootloadable application.
   7:.\Generated_Source\PSoC4/Bootloadable_1.c **** *
   8:.\Generated_Source\PSoC4/Bootloadable_1.c **** ********************************************************************************
   9:.\Generated_Source\PSoC4/Bootloadable_1.c **** * \copyright
  10:.\Generated_Source\PSoC4/Bootloadable_1.c **** * Copyright 2008-2015, Cypress Semiconductor Corporation.  All rights reserved.
  11:.\Generated_Source\PSoC4/Bootloadable_1.c **** * You may use this file only in accordance with the license, terms, conditions,
  12:.\Generated_Source\PSoC4/Bootloadable_1.c **** * disclaimers, and limitations in the end user license agreement accompanying
  13:.\Generated_Source\PSoC4/Bootloadable_1.c **** * the software package with which this file was provided.
  14:.\Generated_Source\PSoC4/Bootloadable_1.c **** *******************************************************************************/
  15:.\Generated_Source\PSoC4/Bootloadable_1.c **** 
  16:.\Generated_Source\PSoC4/Bootloadable_1.c **** #include "Bootloadable_1.h"
  17:.\Generated_Source\PSoC4/Bootloadable_1.c **** 
  18:.\Generated_Source\PSoC4/Bootloadable_1.c **** /**
  19:.\Generated_Source\PSoC4/Bootloadable_1.c ****  \defgroup functions_group Functions
  20:.\Generated_Source\PSoC4/Bootloadable_1.c ****  @{
  21:.\Generated_Source\PSoC4/Bootloadable_1.c **** */
  22:.\Generated_Source\PSoC4/Bootloadable_1.c **** 
  23:.\Generated_Source\PSoC4/Bootloadable_1.c **** #if (CYDEV_PROJ_TYPE == CYDEV_PROJ_TYPE_LOADABLEANDBOOTLOADER)
  24:.\Generated_Source\PSoC4/Bootloadable_1.c **** static cystatus Bootloadable_1_WriteFlashByte(const uint32 address, const uint8 inputValue) CYLARGE
  25:.\Generated_Source\PSoC4/Bootloadable_1.c ****                                ;
  26:.\Generated_Source\PSoC4/Bootloadable_1.c **** #endif /*(CYDEV_PROJ_TYPE == CYDEV_PROJ_TYPE_LOADABLEANDBOOTLOADER)*/
  27:.\Generated_Source\PSoC4/Bootloadable_1.c **** 
  28:.\Generated_Source\PSoC4/Bootloadable_1.c **** /*******************************************************************************
  29:.\Generated_Source\PSoC4/Bootloadable_1.c **** * Function Name: Bootloadable_1_Load
  30:.\Generated_Source\PSoC4/Bootloadable_1.c **** ****************************************************************************//**
  31:.\Generated_Source\PSoC4/Bootloadable_1.c **** *
  32:.\Generated_Source\PSoC4/Bootloadable_1.c **** * \brief
ARM GAS  C:\Users\g\AppData\Local\Temp\ccJES2d6.s 			page 2


  33:.\Generated_Source\PSoC4/Bootloadable_1.c **** *  Schedules the Bootloader/Launcher to be launched and then performs
  34:.\Generated_Source\PSoC4/Bootloadable_1.c **** *  a software reset to launch it
  35:.\Generated_Source\PSoC4/Bootloadable_1.c **** *
  36:.\Generated_Source\PSoC4/Bootloadable_1.c **** * \return
  37:.\Generated_Source\PSoC4/Bootloadable_1.c **** *  This method will never return. It will load a new application and reset
  38:.\Generated_Source\PSoC4/Bootloadable_1.c **** *  the device.
  39:.\Generated_Source\PSoC4/Bootloadable_1.c **** *
  40:.\Generated_Source\PSoC4/Bootloadable_1.c **** *******************************************************************************/
  41:.\Generated_Source\PSoC4/Bootloadable_1.c **** void Bootloadable_1_Load(void) 
  42:.\Generated_Source\PSoC4/Bootloadable_1.c **** {
  26              		.loc 1 42 0
  27              		.cfi_startproc
  28 0000 08B5     		push	{r3, lr}
  29              		.cfi_def_cfa_offset 8
  30              		.cfi_offset 3, -8
  31              		.cfi_offset 14, -4
  43:.\Generated_Source\PSoC4/Bootloadable_1.c ****     /* Schedule Bootloader to start after reset */
  44:.\Generated_Source\PSoC4/Bootloadable_1.c ****     Bootloadable_1_SET_RUN_TYPE(Bootloadable_1_SCHEDULE_BTLDR);
  32              		.loc 1 44 0
  33 0002 4022     		mov	r2, #64
  34 0004 024B     		ldr	r3, .L2
  35 0006 1A60     		str	r2, [r3]
  45:.\Generated_Source\PSoC4/Bootloadable_1.c **** 
  46:.\Generated_Source\PSoC4/Bootloadable_1.c ****     CySoftwareReset();
  36              		.loc 1 46 0
  37 0008 FFF7FEFF 		bl	CySoftwareReset
  38              	.LVL0:
  47:.\Generated_Source\PSoC4/Bootloadable_1.c **** }
  39              		.loc 1 47 0
  40              		@ sp needed
  41 000c 08BD     		pop	{r3, pc}
  42              	.L3:
  43 000e C046     		.align	2
  44              	.L2:
  45 0010 00000000 		.word	cyBtldrRunType
  46              		.cfi_endproc
  47              	.LFE0:
  48              		.size	Bootloadable_1_Load, .-Bootloadable_1_Load
  49              		.section	.text.Bootloadable_1_SetFlashByte,"ax",%progbits
  50              		.align	2
  51              		.global	Bootloadable_1_SetFlashByte
  52              		.code	16
  53              		.thumb_func
  54              		.type	Bootloadable_1_SetFlashByte, %function
  55              	Bootloadable_1_SetFlashByte:
  56              	.LFB1:
  48:.\Generated_Source\PSoC4/Bootloadable_1.c **** 
  49:.\Generated_Source\PSoC4/Bootloadable_1.c **** #if (CYDEV_PROJ_TYPE == CYDEV_PROJ_TYPE_LOADABLEANDBOOTLOADER)
  50:.\Generated_Source\PSoC4/Bootloadable_1.c **** /*******************************************************************************
  51:.\Generated_Source\PSoC4/Bootloadable_1.c **** * Function Name: Bootloadable_1_GetActiveApplication
  52:.\Generated_Source\PSoC4/Bootloadable_1.c **** ****************************************************************************//**
  53:.\Generated_Source\PSoC4/Bootloadable_1.c **** *
  54:.\Generated_Source\PSoC4/Bootloadable_1.c **** * \brief
  55:.\Generated_Source\PSoC4/Bootloadable_1.c **** *   Gets the application which will be loaded after a next reset event.
  56:.\Generated_Source\PSoC4/Bootloadable_1.c **** *   NOTE Intended for the combination project type ONLY!
  57:.\Generated_Source\PSoC4/Bootloadable_1.c **** *
  58:.\Generated_Source\PSoC4/Bootloadable_1.c **** * \return 
ARM GAS  C:\Users\g\AppData\Local\Temp\ccJES2d6.s 			page 3


  59:.\Generated_Source\PSoC4/Bootloadable_1.c **** *  A number of the current active application set in the metadata section.
  60:.\Generated_Source\PSoC4/Bootloadable_1.c **** *  \n  0 - app#0 is set as active.
  61:.\Generated_Source\PSoC4/Bootloadable_1.c **** *  \n  1 - app#1 is set as active.
  62:.\Generated_Source\PSoC4/Bootloadable_1.c **** *
  63:.\Generated_Source\PSoC4/Bootloadable_1.c **** * \note If neither of the applications is set active, then the API returns 0x02.
  64:.\Generated_Source\PSoC4/Bootloadable_1.c **** *
  65:.\Generated_Source\PSoC4/Bootloadable_1.c **** *******************************************************************************/
  66:.\Generated_Source\PSoC4/Bootloadable_1.c **** uint8 Bootloadable_1_GetActiveApplication(void) CYSMALL \
  67:.\Generated_Source\PSoC4/Bootloadable_1.c ****                           
  68:.\Generated_Source\PSoC4/Bootloadable_1.c **** {   
  69:.\Generated_Source\PSoC4/Bootloadable_1.c ****     uint8 result = Bootloadable_1_MD_BTLDB_ACTIVE_NONE;
  70:.\Generated_Source\PSoC4/Bootloadable_1.c ****     
  71:.\Generated_Source\PSoC4/Bootloadable_1.c ****     if (0u != Bootloadable_1_GET_CODE_DATA( \
  72:.\Generated_Source\PSoC4/Bootloadable_1.c ****               Bootloadable_1_MD_BTLDB_ACTIVE_OFFSET(Bootloadable_1_MD_BTLDB_ACTIVE_0))) 
  73:.\Generated_Source\PSoC4/Bootloadable_1.c ****     {
  74:.\Generated_Source\PSoC4/Bootloadable_1.c ****         result = Bootloadable_1_MD_BTLDB_ACTIVE_0;
  75:.\Generated_Source\PSoC4/Bootloadable_1.c ****     }
  76:.\Generated_Source\PSoC4/Bootloadable_1.c ****     else if (0u != Bootloadable_1_GET_CODE_DATA( \
  77:.\Generated_Source\PSoC4/Bootloadable_1.c ****                    Bootloadable_1_MD_BTLDB_ACTIVE_OFFSET(Bootloadable_1_MD_BTLDB_ACTIVE_1)))
  78:.\Generated_Source\PSoC4/Bootloadable_1.c ****     {
  79:.\Generated_Source\PSoC4/Bootloadable_1.c ****         result = Bootloadable_1_MD_BTLDB_ACTIVE_1;    
  80:.\Generated_Source\PSoC4/Bootloadable_1.c ****     }
  81:.\Generated_Source\PSoC4/Bootloadable_1.c ****     else
  82:.\Generated_Source\PSoC4/Bootloadable_1.c ****     {
  83:.\Generated_Source\PSoC4/Bootloadable_1.c ****         /*Do nothing, result is none*/
  84:.\Generated_Source\PSoC4/Bootloadable_1.c ****     }
  85:.\Generated_Source\PSoC4/Bootloadable_1.c ****     
  86:.\Generated_Source\PSoC4/Bootloadable_1.c ****     return (result);
  87:.\Generated_Source\PSoC4/Bootloadable_1.c **** }
  88:.\Generated_Source\PSoC4/Bootloadable_1.c **** 
  89:.\Generated_Source\PSoC4/Bootloadable_1.c **** /*******************************************************************************
  90:.\Generated_Source\PSoC4/Bootloadable_1.c **** * Function Name: Bootloadable_1_SetActiveApplication
  91:.\Generated_Source\PSoC4/Bootloadable_1.c **** ****************************************************************************//**
  92:.\Generated_Source\PSoC4/Bootloadable_1.c **** *
  93:.\Generated_Source\PSoC4/Bootloadable_1.c **** * \brief 
  94:.\Generated_Source\PSoC4/Bootloadable_1.c **** *   Sets the application which will be loaded after a next reset event.          
  95:.\Generated_Source\PSoC4/Bootloadable_1.c **** *   
  96:.\Generated_Source\PSoC4/Bootloadable_1.c **** * \details
  97:.\Generated_Source\PSoC4/Bootloadable_1.c **** * Theory: 
  98:.\Generated_Source\PSoC4/Bootloadable_1.c **** *   This API sets in the Flash (metadata section) the given active application 
  99:.\Generated_Source\PSoC4/Bootloadable_1.c **** *   number.
 100:.\Generated_Source\PSoC4/Bootloadable_1.c **** *          
 101:.\Generated_Source\PSoC4/Bootloadable_1.c **** *   NOTE The active application number is not set directly, but the boolean 
 102:.\Generated_Source\PSoC4/Bootloadable_1.c **** *   mark instead means that the application is active or not for the relative 
 103:.\Generated_Source\PSoC4/Bootloadable_1.c **** *   metadata. Both metadata sections are updated. For example, if the second 
 104:.\Generated_Source\PSoC4/Bootloadable_1.c **** *   application is to be set active, then in the metadata section for the first 
 105:.\Generated_Source\PSoC4/Bootloadable_1.c **** *   application there will be a "0" written, which means that it is not active, and 
 106:.\Generated_Source\PSoC4/Bootloadable_1.c **** *   for the second metadata section there will be a "1" written, which means that it is 
 107:.\Generated_Source\PSoC4/Bootloadable_1.c **** *   active. 
 108:.\Generated_Source\PSoC4/Bootloadable_1.c **** *
 109:.\Generated_Source\PSoC4/Bootloadable_1.c **** *   NOTE Intended for the combination project type ONLY!
 110:.\Generated_Source\PSoC4/Bootloadable_1.c **** *
 111:.\Generated_Source\PSoC4/Bootloadable_1.c **** * \param appId  
 112:.\Generated_Source\PSoC4/Bootloadable_1.c **** *   The active application number to be written to flash (metadata section) 
 113:.\Generated_Source\PSoC4/Bootloadable_1.c **** *   NOTE Possible values are:
 114:.\Generated_Source\PSoC4/Bootloadable_1.c **** *   0 - for the first application
 115:.\Generated_Source\PSoC4/Bootloadable_1.c **** *   1 - for the second application.
ARM GAS  C:\Users\g\AppData\Local\Temp\ccJES2d6.s 			page 4


 116:.\Generated_Source\PSoC4/Bootloadable_1.c **** *   Any other number is considered invalid. 
 117:.\Generated_Source\PSoC4/Bootloadable_1.c **** *
 118:.\Generated_Source\PSoC4/Bootloadable_1.c **** * \return 
 119:.\Generated_Source\PSoC4/Bootloadable_1.c **** *   A status of writing to flash operation.
 120:.\Generated_Source\PSoC4/Bootloadable_1.c **** *   \n CYRET_SUCCESS - Returned if appId was successfully changed. 
 121:.\Generated_Source\PSoC4/Bootloadable_1.c **** *   \n CYRET_BAD_PARAM - Returned if the parameter appID passed to the function has the 
 122:.\Generated_Source\PSoC4/Bootloadable_1.c **** *                       same value as the active application ID. 
 123:.\Generated_Source\PSoC4/Bootloadable_1.c **** *   \note - The other non-zero value is considered as a failure during writing to flash.  
 124:.\Generated_Source\PSoC4/Bootloadable_1.c **** *
 125:.\Generated_Source\PSoC4/Bootloadable_1.c **** *   \note - This API does not update Bootloader_activeApp variable.
 126:.\Generated_Source\PSoC4/Bootloadable_1.c **** *
 127:.\Generated_Source\PSoC4/Bootloadable_1.c **** *******************************************************************************/
 128:.\Generated_Source\PSoC4/Bootloadable_1.c **** cystatus Bootloadable_1_SetActiveApplication(uint8 appId) CYSMALL \
 129:.\Generated_Source\PSoC4/Bootloadable_1.c ****                 
 130:.\Generated_Source\PSoC4/Bootloadable_1.c **** {
 131:.\Generated_Source\PSoC4/Bootloadable_1.c ****     cystatus result = CYRET_SUCCESS;
 132:.\Generated_Source\PSoC4/Bootloadable_1.c **** 
 133:.\Generated_Source\PSoC4/Bootloadable_1.c ****     uint8 CYDATA idx;
 134:.\Generated_Source\PSoC4/Bootloadable_1.c ****     
 135:.\Generated_Source\PSoC4/Bootloadable_1.c ****     /* If invalid application number */
 136:.\Generated_Source\PSoC4/Bootloadable_1.c ****     if (appId > Bootloadable_1_MD_BTLDB_ACTIVE_1)
 137:.\Generated_Source\PSoC4/Bootloadable_1.c ****     {
 138:.\Generated_Source\PSoC4/Bootloadable_1.c ****         result = CYRET_BAD_PARAM;
 139:.\Generated_Source\PSoC4/Bootloadable_1.c ****     }
 140:.\Generated_Source\PSoC4/Bootloadable_1.c ****     else
 141:.\Generated_Source\PSoC4/Bootloadable_1.c ****     {
 142:.\Generated_Source\PSoC4/Bootloadable_1.c ****         /* If appID has same value as active application ID */
 143:.\Generated_Source\PSoC4/Bootloadable_1.c ****         if (1u == Bootloadable_1_GET_CODE_DATA(Bootloadable_1_MD_BTLDB_ACTIVE_OFFSET(appId)))
 144:.\Generated_Source\PSoC4/Bootloadable_1.c ****         {
 145:.\Generated_Source\PSoC4/Bootloadable_1.c ****             result = CYRET_BAD_PARAM;
 146:.\Generated_Source\PSoC4/Bootloadable_1.c ****         }
 147:.\Generated_Source\PSoC4/Bootloadable_1.c ****         else
 148:.\Generated_Source\PSoC4/Bootloadable_1.c ****         {
 149:.\Generated_Source\PSoC4/Bootloadable_1.c ****             /* Updating metadata section */
 150:.\Generated_Source\PSoC4/Bootloadable_1.c ****             for(idx = 0u; idx < Bootloadable_1_MAX_NUM_OF_BTLDB; idx++)
 151:.\Generated_Source\PSoC4/Bootloadable_1.c ****             {
 152:.\Generated_Source\PSoC4/Bootloadable_1.c ****                 result |= Bootloadable_1_WriteFlashByte((uint32) Bootloadable_1_MD_BTLDB_ACTIVE_OFF
 153:.\Generated_Source\PSoC4/Bootloadable_1.c ****                                                                                             (uint8)
 154:.\Generated_Source\PSoC4/Bootloadable_1.c ****             }
 155:.\Generated_Source\PSoC4/Bootloadable_1.c ****         }
 156:.\Generated_Source\PSoC4/Bootloadable_1.c ****     }
 157:.\Generated_Source\PSoC4/Bootloadable_1.c ****     
 158:.\Generated_Source\PSoC4/Bootloadable_1.c ****     return (result);
 159:.\Generated_Source\PSoC4/Bootloadable_1.c **** }
 160:.\Generated_Source\PSoC4/Bootloadable_1.c **** 
 161:.\Generated_Source\PSoC4/Bootloadable_1.c **** /*******************************************************************************
 162:.\Generated_Source\PSoC4/Bootloadable_1.c **** * Function Name: Bootloadable_1_WriteFlashByte
 163:.\Generated_Source\PSoC4/Bootloadable_1.c **** ****************************************************************************//**
 164:.\Generated_Source\PSoC4/Bootloadable_1.c **** *
 165:.\Generated_Source\PSoC4/Bootloadable_1.c **** * \brief 
 166:.\Generated_Source\PSoC4/Bootloadable_1.c **** *   This API writes to flash the specified data.
 167:.\Generated_Source\PSoC4/Bootloadable_1.c **** *
 168:.\Generated_Source\PSoC4/Bootloadable_1.c **** * \param address 
 169:.\Generated_Source\PSoC4/Bootloadable_1.c **** *   The address in flash.
 170:.\Generated_Source\PSoC4/Bootloadable_1.c **** *
 171:.\Generated_Source\PSoC4/Bootloadable_1.c **** * \param inputValue 
 172:.\Generated_Source\PSoC4/Bootloadable_1.c **** *   One-byte data.
ARM GAS  C:\Users\g\AppData\Local\Temp\ccJES2d6.s 			page 5


 173:.\Generated_Source\PSoC4/Bootloadable_1.c **** *
 174:.\Generated_Source\PSoC4/Bootloadable_1.c **** * \return 
 175:.\Generated_Source\PSoC4/Bootloadable_1.c **** *   A status of the writing to flash procedure.
 176:.\Generated_Source\PSoC4/Bootloadable_1.c **** *
 177:.\Generated_Source\PSoC4/Bootloadable_1.c **** *******************************************************************************/
 178:.\Generated_Source\PSoC4/Bootloadable_1.c **** static cystatus Bootloadable_1_WriteFlashByte(const uint32 address, const uint8 inputValue) CYLARGE
 179:.\Generated_Source\PSoC4/Bootloadable_1.c ****                                
 180:.\Generated_Source\PSoC4/Bootloadable_1.c **** {
 181:.\Generated_Source\PSoC4/Bootloadable_1.c ****     cystatus result = CYRET_SUCCESS;
 182:.\Generated_Source\PSoC4/Bootloadable_1.c ****     uint32 flsAddr = address - CYDEV_FLASH_BASE;
 183:.\Generated_Source\PSoC4/Bootloadable_1.c ****     uint8  rowData[CYDEV_FLS_ROW_SIZE];
 184:.\Generated_Source\PSoC4/Bootloadable_1.c **** 
 185:.\Generated_Source\PSoC4/Bootloadable_1.c ****     #if !(CY_PSOC4)
 186:.\Generated_Source\PSoC4/Bootloadable_1.c ****         uint8 arrayId = ( uint8 )(flsAddr / CYDEV_FLS_SECTOR_SIZE);
 187:.\Generated_Source\PSoC4/Bootloadable_1.c ****     #endif  /* !(CY_PSOC4) */
 188:.\Generated_Source\PSoC4/Bootloadable_1.c **** 
 189:.\Generated_Source\PSoC4/Bootloadable_1.c ****     #if (CY_PSOC4)
 190:.\Generated_Source\PSoC4/Bootloadable_1.c ****         uint16 rowNum = ( uint16 )(flsAddr / CYDEV_FLS_ROW_SIZE);
 191:.\Generated_Source\PSoC4/Bootloadable_1.c ****     #else
 192:.\Generated_Source\PSoC4/Bootloadable_1.c ****         uint16 rowNum = ( uint16 )((flsAddr % CYDEV_FLS_SECTOR_SIZE) / CYDEV_FLS_ROW_SIZE);
 193:.\Generated_Source\PSoC4/Bootloadable_1.c ****     #endif  /* (CY_PSOC4) */
 194:.\Generated_Source\PSoC4/Bootloadable_1.c **** 
 195:.\Generated_Source\PSoC4/Bootloadable_1.c ****     uint32 baseAddr = address - (address % CYDEV_FLS_ROW_SIZE);
 196:.\Generated_Source\PSoC4/Bootloadable_1.c ****     uint16 idx;
 197:.\Generated_Source\PSoC4/Bootloadable_1.c **** 
 198:.\Generated_Source\PSoC4/Bootloadable_1.c ****     for(idx = 0u; idx < CYDEV_FLS_ROW_SIZE; idx++)
 199:.\Generated_Source\PSoC4/Bootloadable_1.c ****     {
 200:.\Generated_Source\PSoC4/Bootloadable_1.c ****         rowData[idx] = (uint8)Bootloadable_1_GET_CODE_DATA(baseAddr + idx);
 201:.\Generated_Source\PSoC4/Bootloadable_1.c ****     }
 202:.\Generated_Source\PSoC4/Bootloadable_1.c **** 
 203:.\Generated_Source\PSoC4/Bootloadable_1.c ****     rowData[address % CYDEV_FLS_ROW_SIZE] = inputValue;
 204:.\Generated_Source\PSoC4/Bootloadable_1.c **** 
 205:.\Generated_Source\PSoC4/Bootloadable_1.c ****     #if(CY_PSOC4)
 206:.\Generated_Source\PSoC4/Bootloadable_1.c ****         result = CySysFlashWriteRow((uint32) rowNum, rowData);
 207:.\Generated_Source\PSoC4/Bootloadable_1.c ****     #else
 208:.\Generated_Source\PSoC4/Bootloadable_1.c ****         result = CyWriteRowData(arrayId, rowNum, rowData);
 209:.\Generated_Source\PSoC4/Bootloadable_1.c ****     #endif  /* (CY_PSOC4) */
 210:.\Generated_Source\PSoC4/Bootloadable_1.c **** 
 211:.\Generated_Source\PSoC4/Bootloadable_1.c ****     #if(CY_PSOC5)
 212:.\Generated_Source\PSoC4/Bootloadable_1.c ****         /***************************************************************************
 213:.\Generated_Source\PSoC4/Bootloadable_1.c ****         * When writing to flash, data in the instruction cache can become stale.
 214:.\Generated_Source\PSoC4/Bootloadable_1.c ****         * Therefore, the cache data does not correlate to the data just written to
 215:.\Generated_Source\PSoC4/Bootloadable_1.c ****         * flash. A call to CyFlushCache() is required to invalidate the data in the
 216:.\Generated_Source\PSoC4/Bootloadable_1.c ****         * cache and force fresh information to be loaded from flash.
 217:.\Generated_Source\PSoC4/Bootloadable_1.c ****         ***************************************************************************/
 218:.\Generated_Source\PSoC4/Bootloadable_1.c ****         CyFlushCache();
 219:.\Generated_Source\PSoC4/Bootloadable_1.c ****     #endif /* (CY_PSOC5) */
 220:.\Generated_Source\PSoC4/Bootloadable_1.c ****     return (result);
 221:.\Generated_Source\PSoC4/Bootloadable_1.c **** }
 222:.\Generated_Source\PSoC4/Bootloadable_1.c **** #endif /*(CYDEV_PROJ_TYPE == CYDEV_PROJ_TYPE_LOADABLEANDBOOTLOADER)*/
 223:.\Generated_Source\PSoC4/Bootloadable_1.c **** /** @} functions_group */
 224:.\Generated_Source\PSoC4/Bootloadable_1.c **** 
 225:.\Generated_Source\PSoC4/Bootloadable_1.c **** /*******************************************************************************
 226:.\Generated_Source\PSoC4/Bootloadable_1.c **** * The following code is OBSOLETE and must not be used.
 227:.\Generated_Source\PSoC4/Bootloadable_1.c **** *******************************************************************************/
 228:.\Generated_Source\PSoC4/Bootloadable_1.c **** void Bootloadable_1_SetFlashByte(uint32 address, uint8 runType) 
 229:.\Generated_Source\PSoC4/Bootloadable_1.c **** {
ARM GAS  C:\Users\g\AppData\Local\Temp\ccJES2d6.s 			page 6


  57              		.loc 1 229 0
  58              		.cfi_startproc
  59              	.LVL1:
  60 0000 70B5     		push	{r4, r5, r6, lr}
  61              		.cfi_def_cfa_offset 16
  62              		.cfi_offset 4, -16
  63              		.cfi_offset 5, -12
  64              		.cfi_offset 6, -8
  65              		.cfi_offset 14, -4
  66 0002 A0B0     		sub	sp, sp, #128
  67              		.cfi_def_cfa_offset 144
  68 0004 051C     		mov	r5, r0
  69              	.LVL2:
 230:.\Generated_Source\PSoC4/Bootloadable_1.c ****     uint32 flsAddr = address - CYDEV_FLASH_BASE;
 231:.\Generated_Source\PSoC4/Bootloadable_1.c ****     uint8  rowData[CYDEV_FLS_ROW_SIZE];
 232:.\Generated_Source\PSoC4/Bootloadable_1.c **** 
 233:.\Generated_Source\PSoC4/Bootloadable_1.c ****     #if !(CY_PSOC4)
 234:.\Generated_Source\PSoC4/Bootloadable_1.c ****         uint8 arrayId = ( uint8 )(flsAddr / CYDEV_FLS_SECTOR_SIZE);
 235:.\Generated_Source\PSoC4/Bootloadable_1.c ****     #endif  /* !(CY_PSOC4) */
 236:.\Generated_Source\PSoC4/Bootloadable_1.c **** 
 237:.\Generated_Source\PSoC4/Bootloadable_1.c ****     #if (CY_PSOC4)
 238:.\Generated_Source\PSoC4/Bootloadable_1.c ****         uint16 rowNum = ( uint16 )(flsAddr / CYDEV_FLS_ROW_SIZE);
  70              		.loc 1 238 0
  71 0006 C009     		lsr	r0, r0, #7
  72              	.LVL3:
 239:.\Generated_Source\PSoC4/Bootloadable_1.c ****     #else
 240:.\Generated_Source\PSoC4/Bootloadable_1.c ****         uint16 rowNum = ( uint16 )((flsAddr % CYDEV_FLS_SECTOR_SIZE) / CYDEV_FLS_ROW_SIZE);
 241:.\Generated_Source\PSoC4/Bootloadable_1.c ****     #endif  /* (CY_PSOC4) */
 242:.\Generated_Source\PSoC4/Bootloadable_1.c **** 
 243:.\Generated_Source\PSoC4/Bootloadable_1.c ****     uint32 baseAddr = address - (address % CYDEV_FLS_ROW_SIZE);
  73              		.loc 1 243 0
  74 0008 7F23     		mov	r3, #127
  75 000a 2C1C     		mov	r4, r5
  76 000c 9C43     		bic	r4, r3
  77              	.LVL4:
 244:.\Generated_Source\PSoC4/Bootloadable_1.c ****     uint16 idx;
 245:.\Generated_Source\PSoC4/Bootloadable_1.c **** 
 246:.\Generated_Source\PSoC4/Bootloadable_1.c **** 
 247:.\Generated_Source\PSoC4/Bootloadable_1.c ****     for (idx = 0u; idx < CYDEV_FLS_ROW_SIZE; idx++)
  78              		.loc 1 247 0
  79 000e 0023     		mov	r3, #0
  80 0010 04E0     		b	.L5
  81              	.LVL5:
  82              	.L6:
 248:.\Generated_Source\PSoC4/Bootloadable_1.c ****     {
 249:.\Generated_Source\PSoC4/Bootloadable_1.c ****         rowData[idx] = Bootloadable_1_GET_CODE_DATA(baseAddr + idx);
  83              		.loc 1 249 0 discriminator 3
  84 0012 1A5D     		ldrb	r2, [r3, r4]
  85 0014 6E46     		mov	r6, sp
  86 0016 F254     		strb	r2, [r6, r3]
 247:.\Generated_Source\PSoC4/Bootloadable_1.c ****     {
  87              		.loc 1 247 0 discriminator 3
  88 0018 0133     		add	r3, r3, #1
  89              	.LVL6:
  90 001a 9BB2     		uxth	r3, r3
  91              	.LVL7:
  92              	.L5:
ARM GAS  C:\Users\g\AppData\Local\Temp\ccJES2d6.s 			page 7


 247:.\Generated_Source\PSoC4/Bootloadable_1.c ****     {
  93              		.loc 1 247 0 is_stmt 0 discriminator 1
  94 001c 7F2B     		cmp	r3, #127
  95 001e F8D9     		bls	.L6
 250:.\Generated_Source\PSoC4/Bootloadable_1.c ****     }
 251:.\Generated_Source\PSoC4/Bootloadable_1.c ****     rowData[address % CYDEV_FLS_ROW_SIZE] = runType;
  96              		.loc 1 251 0 is_stmt 1
  97 0020 7F23     		mov	r3, #127
  98              	.LVL8:
  99 0022 1D40     		and	r5, r3
 100              	.LVL9:
 101 0024 6B46     		mov	r3, sp
 102 0026 5955     		strb	r1, [r3, r5]
 252:.\Generated_Source\PSoC4/Bootloadable_1.c **** 
 253:.\Generated_Source\PSoC4/Bootloadable_1.c ****     #if(CY_PSOC4)
 254:.\Generated_Source\PSoC4/Bootloadable_1.c ****         (void) CySysFlashWriteRow((uint32) rowNum, rowData);
 103              		.loc 1 254 0
 104 0028 0004     		lsl	r0, r0, #16
 105              	.LVL10:
 106 002a 000C     		lsr	r0, r0, #16
 107 002c 6946     		mov	r1, sp
 108              	.LVL11:
 109 002e FFF7FEFF 		bl	CySysFlashWriteRow
 110              	.LVL12:
 255:.\Generated_Source\PSoC4/Bootloadable_1.c ****     #else
 256:.\Generated_Source\PSoC4/Bootloadable_1.c ****         (void) CyWriteRowData(arrayId, rowNum, rowData);
 257:.\Generated_Source\PSoC4/Bootloadable_1.c ****     #endif  /* (CY_PSOC4) */
 258:.\Generated_Source\PSoC4/Bootloadable_1.c **** 
 259:.\Generated_Source\PSoC4/Bootloadable_1.c ****     #if(CY_PSOC5)
 260:.\Generated_Source\PSoC4/Bootloadable_1.c ****         /***************************************************************************
 261:.\Generated_Source\PSoC4/Bootloadable_1.c ****         * When writing to flash, data in the instruction cache can become obsolete.
 262:.\Generated_Source\PSoC4/Bootloadable_1.c ****         * Therefore, the cache data does not correlate to the data just written to
 263:.\Generated_Source\PSoC4/Bootloadable_1.c ****         * flash. A call to CyFlushCache() is required to invalidate the data in the
 264:.\Generated_Source\PSoC4/Bootloadable_1.c ****         * cache and force fresh information to be loaded from flash.
 265:.\Generated_Source\PSoC4/Bootloadable_1.c ****         ***************************************************************************/
 266:.\Generated_Source\PSoC4/Bootloadable_1.c ****         CyFlushCache();
 267:.\Generated_Source\PSoC4/Bootloadable_1.c ****     #endif /* (CY_PSOC5) */
 268:.\Generated_Source\PSoC4/Bootloadable_1.c **** }
 111              		.loc 1 268 0
 112 0032 20B0     		add	sp, sp, #128
 113              		@ sp needed
 114              	.LVL13:
 115 0034 70BD     		pop	{r4, r5, r6, pc}
 116              		.cfi_endproc
 117              	.LFE1:
 118              		.size	Bootloadable_1_SetFlashByte, .-Bootloadable_1_SetFlashByte
 119 0036 C046     		.text
 120              	.Letext0:
 121              		.file 2 ".\\Generated_Source\\PSoC4\\cytypes.h"
 122              		.file 3 ".\\Generated_Source\\PSoC4\\Bootloadable_1.h"
 123              		.file 4 ".\\Generated_Source\\PSoC4\\CyLib.h"
 124              		.file 5 ".\\Generated_Source\\PSoC4\\CyFlash.h"
 125              		.section	.debug_info,"",%progbits
 126              	.Ldebug_info0:
 127 0000 AF010000 		.4byte	0x1af
 128 0004 0400     		.2byte	0x4
 129 0006 00000000 		.4byte	.Ldebug_abbrev0
ARM GAS  C:\Users\g\AppData\Local\Temp\ccJES2d6.s 			page 8


 130 000a 04       		.byte	0x4
 131 000b 01       		.uleb128 0x1
 132 000c 44010000 		.4byte	.LASF24
 133 0010 01       		.byte	0x1
 134 0011 75000000 		.4byte	.LASF25
 135 0015 1A000000 		.4byte	.LASF26
 136 0019 00000000 		.4byte	.Ldebug_ranges0+0
 137 001d 00000000 		.4byte	0
 138 0021 00000000 		.4byte	.Ldebug_line0
 139 0025 02       		.uleb128 0x2
 140 0026 01       		.byte	0x1
 141 0027 06       		.byte	0x6
 142 0028 FE010000 		.4byte	.LASF0
 143 002c 02       		.uleb128 0x2
 144 002d 01       		.byte	0x1
 145 002e 08       		.byte	0x8
 146 002f 47000000 		.4byte	.LASF1
 147 0033 02       		.uleb128 0x2
 148 0034 02       		.byte	0x2
 149 0035 05       		.byte	0x5
 150 0036 DB010000 		.4byte	.LASF2
 151 003a 02       		.uleb128 0x2
 152 003b 02       		.byte	0x2
 153 003c 07       		.byte	0x7
 154 003d 07000000 		.4byte	.LASF3
 155 0041 02       		.uleb128 0x2
 156 0042 04       		.byte	0x4
 157 0043 05       		.byte	0x5
 158 0044 F5010000 		.4byte	.LASF4
 159 0048 02       		.uleb128 0x2
 160 0049 04       		.byte	0x4
 161 004a 07       		.byte	0x7
 162 004b 5D000000 		.4byte	.LASF5
 163 004f 02       		.uleb128 0x2
 164 0050 08       		.byte	0x8
 165 0051 05       		.byte	0x5
 166 0052 31010000 		.4byte	.LASF6
 167 0056 02       		.uleb128 0x2
 168 0057 08       		.byte	0x8
 169 0058 07       		.byte	0x7
 170 0059 00010000 		.4byte	.LASF7
 171 005d 03       		.uleb128 0x3
 172 005e 04       		.byte	0x4
 173 005f 05       		.byte	0x5
 174 0060 696E7400 		.ascii	"int\000"
 175 0064 02       		.uleb128 0x2
 176 0065 04       		.byte	0x4
 177 0066 07       		.byte	0x7
 178 0067 CF000000 		.4byte	.LASF8
 179 006b 04       		.uleb128 0x4
 180 006c 6F000000 		.4byte	.LASF9
 181 0070 02       		.byte	0x2
 182 0071 9801     		.2byte	0x198
 183 0073 2C000000 		.4byte	0x2c
 184 0077 04       		.uleb128 0x4
 185 0078 C1000000 		.4byte	.LASF10
 186 007c 02       		.byte	0x2
ARM GAS  C:\Users\g\AppData\Local\Temp\ccJES2d6.s 			page 9


 187 007d 9901     		.2byte	0x199
 188 007f 3A000000 		.4byte	0x3a
 189 0083 04       		.uleb128 0x4
 190 0084 C8000000 		.4byte	.LASF11
 191 0088 02       		.byte	0x2
 192 0089 9A01     		.2byte	0x19a
 193 008b 48000000 		.4byte	0x48
 194 008f 02       		.uleb128 0x2
 195 0090 04       		.byte	0x4
 196 0091 04       		.byte	0x4
 197 0092 41000000 		.4byte	.LASF12
 198 0096 02       		.uleb128 0x2
 199 0097 08       		.byte	0x8
 200 0098 04       		.byte	0x4
 201 0099 9F000000 		.4byte	.LASF13
 202 009d 02       		.uleb128 0x2
 203 009e 01       		.byte	0x1
 204 009f 08       		.byte	0x8
 205 00a0 3F010000 		.4byte	.LASF14
 206 00a4 05       		.uleb128 0x5
 207 00a5 83000000 		.4byte	0x83
 208 00a9 02       		.uleb128 0x2
 209 00aa 04       		.byte	0x4
 210 00ab 07       		.byte	0x7
 211 00ac 28010000 		.4byte	.LASF15
 212 00b0 06       		.uleb128 0x6
 213 00b1 19020000 		.4byte	.LASF16
 214 00b5 01       		.byte	0x1
 215 00b6 29       		.byte	0x29
 216 00b7 00000000 		.4byte	.LFB0
 217 00bb 14000000 		.4byte	.LFE0-.LFB0
 218 00bf 01       		.uleb128 0x1
 219 00c0 9C       		.byte	0x9c
 220 00c1 CF000000 		.4byte	0xcf
 221 00c5 07       		.uleb128 0x7
 222 00c6 0C000000 		.4byte	.LVL0
 223 00ca 86010000 		.4byte	0x186
 224 00ce 00       		.byte	0
 225 00cf 06       		.uleb128 0x6
 226 00d0 DC000000 		.4byte	.LASF17
 227 00d4 01       		.byte	0x1
 228 00d5 E4       		.byte	0xe4
 229 00d6 00000000 		.4byte	.LFB1
 230 00da 36000000 		.4byte	.LFE1-.LFB1
 231 00de 01       		.uleb128 0x1
 232 00df 9C       		.byte	0x9c
 233 00e0 6B010000 		.4byte	0x16b
 234 00e4 08       		.uleb128 0x8
 235 00e5 F8000000 		.4byte	.LASF18
 236 00e9 01       		.byte	0x1
 237 00ea E4       		.byte	0xe4
 238 00eb 83000000 		.4byte	0x83
 239 00ef 00000000 		.4byte	.LLST0
 240 00f3 08       		.uleb128 0x8
 241 00f4 17010000 		.4byte	.LASF19
 242 00f8 01       		.byte	0x1
 243 00f9 E4       		.byte	0xe4
ARM GAS  C:\Users\g\AppData\Local\Temp\ccJES2d6.s 			page 10


 244 00fa 6B000000 		.4byte	0x6b
 245 00fe 2C000000 		.4byte	.LLST1
 246 0102 09       		.uleb128 0x9
 247 0103 B9000000 		.4byte	.LASF20
 248 0107 01       		.byte	0x1
 249 0108 E6       		.byte	0xe6
 250 0109 83000000 		.4byte	0x83
 251 010d 5C000000 		.4byte	.LLST2
 252 0111 0A       		.uleb128 0xa
 253 0112 55000000 		.4byte	.LASF21
 254 0116 01       		.byte	0x1
 255 0117 E7       		.byte	0xe7
 256 0118 6B010000 		.4byte	0x16b
 257 011c 03       		.uleb128 0x3
 258 011d 91       		.byte	0x91
 259 011e F07E     		.sleb128 -144
 260 0120 09       		.uleb128 0x9
 261 0121 00000000 		.4byte	.LASF22
 262 0125 01       		.byte	0x1
 263 0126 EE       		.byte	0xee
 264 0127 77000000 		.4byte	0x77
 265 012b 88000000 		.4byte	.LLST3
 266 012f 09       		.uleb128 0x9
 267 0130 1F010000 		.4byte	.LASF23
 268 0134 01       		.byte	0x1
 269 0135 F3       		.byte	0xf3
 270 0136 83000000 		.4byte	0x83
 271 013a AB000000 		.4byte	.LLST4
 272 013e 0B       		.uleb128 0xb
 273 013f 69647800 		.ascii	"idx\000"
 274 0143 01       		.byte	0x1
 275 0144 F4       		.byte	0xf4
 276 0145 77000000 		.4byte	0x77
 277 0149 CF000000 		.4byte	.LLST5
 278 014d 0C       		.uleb128 0xc
 279 014e 32000000 		.4byte	.LVL12
 280 0152 8D010000 		.4byte	0x18d
 281 0156 0D       		.uleb128 0xd
 282 0157 01       		.uleb128 0x1
 283 0158 51       		.byte	0x51
 284 0159 02       		.uleb128 0x2
 285 015a 7D       		.byte	0x7d
 286 015b 00       		.sleb128 0
 287 015c 0D       		.uleb128 0xd
 288 015d 01       		.uleb128 0x1
 289 015e 50       		.byte	0x50
 290 015f 09       		.uleb128 0x9
 291 0160 F3       		.byte	0xf3
 292 0161 01       		.uleb128 0x1
 293 0162 50       		.byte	0x50
 294 0163 37       		.byte	0x37
 295 0164 25       		.byte	0x25
 296 0165 40       		.byte	0x40
 297 0166 24       		.byte	0x24
 298 0167 40       		.byte	0x40
 299 0168 25       		.byte	0x25
 300 0169 00       		.byte	0
ARM GAS  C:\Users\g\AppData\Local\Temp\ccJES2d6.s 			page 11


 301 016a 00       		.byte	0
 302 016b 0E       		.uleb128 0xe
 303 016c 6B000000 		.4byte	0x6b
 304 0170 7B010000 		.4byte	0x17b
 305 0174 0F       		.uleb128 0xf
 306 0175 A9000000 		.4byte	0xa9
 307 0179 7F       		.byte	0x7f
 308 017a 00       		.byte	0
 309 017b 10       		.uleb128 0x10
 310 017c 0A020000 		.4byte	.LASF27
 311 0180 03       		.byte	0x3
 312 0181 38       		.byte	0x38
 313 0182 A4000000 		.4byte	0xa4
 314 0186 11       		.uleb128 0x11
 315 0187 E5010000 		.4byte	.LASF28
 316 018b 04       		.byte	0x4
 317 018c E2       		.byte	0xe2
 318 018d 12       		.uleb128 0x12
 319 018e A6000000 		.4byte	.LASF29
 320 0192 05       		.byte	0x5
 321 0193 4E       		.byte	0x4e
 322 0194 83000000 		.4byte	0x83
 323 0198 A7010000 		.4byte	0x1a7
 324 019c 13       		.uleb128 0x13
 325 019d 83000000 		.4byte	0x83
 326 01a1 13       		.uleb128 0x13
 327 01a2 A7010000 		.4byte	0x1a7
 328 01a6 00       		.byte	0
 329 01a7 14       		.uleb128 0x14
 330 01a8 04       		.byte	0x4
 331 01a9 AD010000 		.4byte	0x1ad
 332 01ad 15       		.uleb128 0x15
 333 01ae 6B000000 		.4byte	0x6b
 334 01b2 00       		.byte	0
 335              		.section	.debug_abbrev,"",%progbits
 336              	.Ldebug_abbrev0:
 337 0000 01       		.uleb128 0x1
 338 0001 11       		.uleb128 0x11
 339 0002 01       		.byte	0x1
 340 0003 25       		.uleb128 0x25
 341 0004 0E       		.uleb128 0xe
 342 0005 13       		.uleb128 0x13
 343 0006 0B       		.uleb128 0xb
 344 0007 03       		.uleb128 0x3
 345 0008 0E       		.uleb128 0xe
 346 0009 1B       		.uleb128 0x1b
 347 000a 0E       		.uleb128 0xe
 348 000b 55       		.uleb128 0x55
 349 000c 17       		.uleb128 0x17
 350 000d 11       		.uleb128 0x11
 351 000e 01       		.uleb128 0x1
 352 000f 10       		.uleb128 0x10
 353 0010 17       		.uleb128 0x17
 354 0011 00       		.byte	0
 355 0012 00       		.byte	0
 356 0013 02       		.uleb128 0x2
 357 0014 24       		.uleb128 0x24
ARM GAS  C:\Users\g\AppData\Local\Temp\ccJES2d6.s 			page 12


 358 0015 00       		.byte	0
 359 0016 0B       		.uleb128 0xb
 360 0017 0B       		.uleb128 0xb
 361 0018 3E       		.uleb128 0x3e
 362 0019 0B       		.uleb128 0xb
 363 001a 03       		.uleb128 0x3
 364 001b 0E       		.uleb128 0xe
 365 001c 00       		.byte	0
 366 001d 00       		.byte	0
 367 001e 03       		.uleb128 0x3
 368 001f 24       		.uleb128 0x24
 369 0020 00       		.byte	0
 370 0021 0B       		.uleb128 0xb
 371 0022 0B       		.uleb128 0xb
 372 0023 3E       		.uleb128 0x3e
 373 0024 0B       		.uleb128 0xb
 374 0025 03       		.uleb128 0x3
 375 0026 08       		.uleb128 0x8
 376 0027 00       		.byte	0
 377 0028 00       		.byte	0
 378 0029 04       		.uleb128 0x4
 379 002a 16       		.uleb128 0x16
 380 002b 00       		.byte	0
 381 002c 03       		.uleb128 0x3
 382 002d 0E       		.uleb128 0xe
 383 002e 3A       		.uleb128 0x3a
 384 002f 0B       		.uleb128 0xb
 385 0030 3B       		.uleb128 0x3b
 386 0031 05       		.uleb128 0x5
 387 0032 49       		.uleb128 0x49
 388 0033 13       		.uleb128 0x13
 389 0034 00       		.byte	0
 390 0035 00       		.byte	0
 391 0036 05       		.uleb128 0x5
 392 0037 35       		.uleb128 0x35
 393 0038 00       		.byte	0
 394 0039 49       		.uleb128 0x49
 395 003a 13       		.uleb128 0x13
 396 003b 00       		.byte	0
 397 003c 00       		.byte	0
 398 003d 06       		.uleb128 0x6
 399 003e 2E       		.uleb128 0x2e
 400 003f 01       		.byte	0x1
 401 0040 3F       		.uleb128 0x3f
 402 0041 19       		.uleb128 0x19
 403 0042 03       		.uleb128 0x3
 404 0043 0E       		.uleb128 0xe
 405 0044 3A       		.uleb128 0x3a
 406 0045 0B       		.uleb128 0xb
 407 0046 3B       		.uleb128 0x3b
 408 0047 0B       		.uleb128 0xb
 409 0048 27       		.uleb128 0x27
 410 0049 19       		.uleb128 0x19
 411 004a 11       		.uleb128 0x11
 412 004b 01       		.uleb128 0x1
 413 004c 12       		.uleb128 0x12
 414 004d 06       		.uleb128 0x6
ARM GAS  C:\Users\g\AppData\Local\Temp\ccJES2d6.s 			page 13


 415 004e 40       		.uleb128 0x40
 416 004f 18       		.uleb128 0x18
 417 0050 9742     		.uleb128 0x2117
 418 0052 19       		.uleb128 0x19
 419 0053 01       		.uleb128 0x1
 420 0054 13       		.uleb128 0x13
 421 0055 00       		.byte	0
 422 0056 00       		.byte	0
 423 0057 07       		.uleb128 0x7
 424 0058 898201   		.uleb128 0x4109
 425 005b 00       		.byte	0
 426 005c 11       		.uleb128 0x11
 427 005d 01       		.uleb128 0x1
 428 005e 31       		.uleb128 0x31
 429 005f 13       		.uleb128 0x13
 430 0060 00       		.byte	0
 431 0061 00       		.byte	0
 432 0062 08       		.uleb128 0x8
 433 0063 05       		.uleb128 0x5
 434 0064 00       		.byte	0
 435 0065 03       		.uleb128 0x3
 436 0066 0E       		.uleb128 0xe
 437 0067 3A       		.uleb128 0x3a
 438 0068 0B       		.uleb128 0xb
 439 0069 3B       		.uleb128 0x3b
 440 006a 0B       		.uleb128 0xb
 441 006b 49       		.uleb128 0x49
 442 006c 13       		.uleb128 0x13
 443 006d 02       		.uleb128 0x2
 444 006e 17       		.uleb128 0x17
 445 006f 00       		.byte	0
 446 0070 00       		.byte	0
 447 0071 09       		.uleb128 0x9
 448 0072 34       		.uleb128 0x34
 449 0073 00       		.byte	0
 450 0074 03       		.uleb128 0x3
 451 0075 0E       		.uleb128 0xe
 452 0076 3A       		.uleb128 0x3a
 453 0077 0B       		.uleb128 0xb
 454 0078 3B       		.uleb128 0x3b
 455 0079 0B       		.uleb128 0xb
 456 007a 49       		.uleb128 0x49
 457 007b 13       		.uleb128 0x13
 458 007c 02       		.uleb128 0x2
 459 007d 17       		.uleb128 0x17
 460 007e 00       		.byte	0
 461 007f 00       		.byte	0
 462 0080 0A       		.uleb128 0xa
 463 0081 34       		.uleb128 0x34
 464 0082 00       		.byte	0
 465 0083 03       		.uleb128 0x3
 466 0084 0E       		.uleb128 0xe
 467 0085 3A       		.uleb128 0x3a
 468 0086 0B       		.uleb128 0xb
 469 0087 3B       		.uleb128 0x3b
 470 0088 0B       		.uleb128 0xb
 471 0089 49       		.uleb128 0x49
ARM GAS  C:\Users\g\AppData\Local\Temp\ccJES2d6.s 			page 14


 472 008a 13       		.uleb128 0x13
 473 008b 02       		.uleb128 0x2
 474 008c 18       		.uleb128 0x18
 475 008d 00       		.byte	0
 476 008e 00       		.byte	0
 477 008f 0B       		.uleb128 0xb
 478 0090 34       		.uleb128 0x34
 479 0091 00       		.byte	0
 480 0092 03       		.uleb128 0x3
 481 0093 08       		.uleb128 0x8
 482 0094 3A       		.uleb128 0x3a
 483 0095 0B       		.uleb128 0xb
 484 0096 3B       		.uleb128 0x3b
 485 0097 0B       		.uleb128 0xb
 486 0098 49       		.uleb128 0x49
 487 0099 13       		.uleb128 0x13
 488 009a 02       		.uleb128 0x2
 489 009b 17       		.uleb128 0x17
 490 009c 00       		.byte	0
 491 009d 00       		.byte	0
 492 009e 0C       		.uleb128 0xc
 493 009f 898201   		.uleb128 0x4109
 494 00a2 01       		.byte	0x1
 495 00a3 11       		.uleb128 0x11
 496 00a4 01       		.uleb128 0x1
 497 00a5 31       		.uleb128 0x31
 498 00a6 13       		.uleb128 0x13
 499 00a7 00       		.byte	0
 500 00a8 00       		.byte	0
 501 00a9 0D       		.uleb128 0xd
 502 00aa 8A8201   		.uleb128 0x410a
 503 00ad 00       		.byte	0
 504 00ae 02       		.uleb128 0x2
 505 00af 18       		.uleb128 0x18
 506 00b0 9142     		.uleb128 0x2111
 507 00b2 18       		.uleb128 0x18
 508 00b3 00       		.byte	0
 509 00b4 00       		.byte	0
 510 00b5 0E       		.uleb128 0xe
 511 00b6 01       		.uleb128 0x1
 512 00b7 01       		.byte	0x1
 513 00b8 49       		.uleb128 0x49
 514 00b9 13       		.uleb128 0x13
 515 00ba 01       		.uleb128 0x1
 516 00bb 13       		.uleb128 0x13
 517 00bc 00       		.byte	0
 518 00bd 00       		.byte	0
 519 00be 0F       		.uleb128 0xf
 520 00bf 21       		.uleb128 0x21
 521 00c0 00       		.byte	0
 522 00c1 49       		.uleb128 0x49
 523 00c2 13       		.uleb128 0x13
 524 00c3 2F       		.uleb128 0x2f
 525 00c4 0B       		.uleb128 0xb
 526 00c5 00       		.byte	0
 527 00c6 00       		.byte	0
 528 00c7 10       		.uleb128 0x10
ARM GAS  C:\Users\g\AppData\Local\Temp\ccJES2d6.s 			page 15


 529 00c8 34       		.uleb128 0x34
 530 00c9 00       		.byte	0
 531 00ca 03       		.uleb128 0x3
 532 00cb 0E       		.uleb128 0xe
 533 00cc 3A       		.uleb128 0x3a
 534 00cd 0B       		.uleb128 0xb
 535 00ce 3B       		.uleb128 0x3b
 536 00cf 0B       		.uleb128 0xb
 537 00d0 49       		.uleb128 0x49
 538 00d1 13       		.uleb128 0x13
 539 00d2 3F       		.uleb128 0x3f
 540 00d3 19       		.uleb128 0x19
 541 00d4 3C       		.uleb128 0x3c
 542 00d5 19       		.uleb128 0x19
 543 00d6 00       		.byte	0
 544 00d7 00       		.byte	0
 545 00d8 11       		.uleb128 0x11
 546 00d9 2E       		.uleb128 0x2e
 547 00da 00       		.byte	0
 548 00db 3F       		.uleb128 0x3f
 549 00dc 19       		.uleb128 0x19
 550 00dd 03       		.uleb128 0x3
 551 00de 0E       		.uleb128 0xe
 552 00df 3A       		.uleb128 0x3a
 553 00e0 0B       		.uleb128 0xb
 554 00e1 3B       		.uleb128 0x3b
 555 00e2 0B       		.uleb128 0xb
 556 00e3 27       		.uleb128 0x27
 557 00e4 19       		.uleb128 0x19
 558 00e5 3C       		.uleb128 0x3c
 559 00e6 19       		.uleb128 0x19
 560 00e7 00       		.byte	0
 561 00e8 00       		.byte	0
 562 00e9 12       		.uleb128 0x12
 563 00ea 2E       		.uleb128 0x2e
 564 00eb 01       		.byte	0x1
 565 00ec 3F       		.uleb128 0x3f
 566 00ed 19       		.uleb128 0x19
 567 00ee 03       		.uleb128 0x3
 568 00ef 0E       		.uleb128 0xe
 569 00f0 3A       		.uleb128 0x3a
 570 00f1 0B       		.uleb128 0xb
 571 00f2 3B       		.uleb128 0x3b
 572 00f3 0B       		.uleb128 0xb
 573 00f4 27       		.uleb128 0x27
 574 00f5 19       		.uleb128 0x19
 575 00f6 49       		.uleb128 0x49
 576 00f7 13       		.uleb128 0x13
 577 00f8 3C       		.uleb128 0x3c
 578 00f9 19       		.uleb128 0x19
 579 00fa 01       		.uleb128 0x1
 580 00fb 13       		.uleb128 0x13
 581 00fc 00       		.byte	0
 582 00fd 00       		.byte	0
 583 00fe 13       		.uleb128 0x13
 584 00ff 05       		.uleb128 0x5
 585 0100 00       		.byte	0
ARM GAS  C:\Users\g\AppData\Local\Temp\ccJES2d6.s 			page 16


 586 0101 49       		.uleb128 0x49
 587 0102 13       		.uleb128 0x13
 588 0103 00       		.byte	0
 589 0104 00       		.byte	0
 590 0105 14       		.uleb128 0x14
 591 0106 0F       		.uleb128 0xf
 592 0107 00       		.byte	0
 593 0108 0B       		.uleb128 0xb
 594 0109 0B       		.uleb128 0xb
 595 010a 49       		.uleb128 0x49
 596 010b 13       		.uleb128 0x13
 597 010c 00       		.byte	0
 598 010d 00       		.byte	0
 599 010e 15       		.uleb128 0x15
 600 010f 26       		.uleb128 0x26
 601 0110 00       		.byte	0
 602 0111 49       		.uleb128 0x49
 603 0112 13       		.uleb128 0x13
 604 0113 00       		.byte	0
 605 0114 00       		.byte	0
 606 0115 00       		.byte	0
 607              		.section	.debug_loc,"",%progbits
 608              	.Ldebug_loc0:
 609              	.LLST0:
 610 0000 00000000 		.4byte	.LVL1
 611 0004 08000000 		.4byte	.LVL3
 612 0008 0100     		.2byte	0x1
 613 000a 50       		.byte	0x50
 614 000b 08000000 		.4byte	.LVL3
 615 000f 24000000 		.4byte	.LVL9
 616 0013 0100     		.2byte	0x1
 617 0015 55       		.byte	0x55
 618 0016 24000000 		.4byte	.LVL9
 619 001a 36000000 		.4byte	.LFE1
 620 001e 0400     		.2byte	0x4
 621 0020 F3       		.byte	0xf3
 622 0021 01       		.uleb128 0x1
 623 0022 50       		.byte	0x50
 624 0023 9F       		.byte	0x9f
 625 0024 00000000 		.4byte	0
 626 0028 00000000 		.4byte	0
 627              	.LLST1:
 628 002c 00000000 		.4byte	.LVL1
 629 0030 2E000000 		.4byte	.LVL11
 630 0034 0100     		.2byte	0x1
 631 0036 51       		.byte	0x51
 632 0037 2E000000 		.4byte	.LVL11
 633 003b 31000000 		.4byte	.LVL12-1
 634 003f 0500     		.2byte	0x5
 635 0041 71       		.byte	0x71
 636 0042 00       		.sleb128 0
 637 0043 75       		.byte	0x75
 638 0044 00       		.sleb128 0
 639 0045 22       		.byte	0x22
 640 0046 31000000 		.4byte	.LVL12-1
 641 004a 36000000 		.4byte	.LFE1
 642 004e 0400     		.2byte	0x4
ARM GAS  C:\Users\g\AppData\Local\Temp\ccJES2d6.s 			page 17


 643 0050 F3       		.byte	0xf3
 644 0051 01       		.uleb128 0x1
 645 0052 51       		.byte	0x51
 646 0053 9F       		.byte	0x9f
 647 0054 00000000 		.4byte	0
 648 0058 00000000 		.4byte	0
 649              	.LLST2:
 650 005c 06000000 		.4byte	.LVL2
 651 0060 08000000 		.4byte	.LVL3
 652 0064 0100     		.2byte	0x1
 653 0066 50       		.byte	0x50
 654 0067 08000000 		.4byte	.LVL3
 655 006b 24000000 		.4byte	.LVL9
 656 006f 0100     		.2byte	0x1
 657 0071 55       		.byte	0x55
 658 0072 24000000 		.4byte	.LVL9
 659 0076 36000000 		.4byte	.LFE1
 660 007a 0400     		.2byte	0x4
 661 007c F3       		.byte	0xf3
 662 007d 01       		.uleb128 0x1
 663 007e 50       		.byte	0x50
 664 007f 9F       		.byte	0x9f
 665 0080 00000000 		.4byte	0
 666 0084 00000000 		.4byte	0
 667              	.LLST3:
 668 0088 08000000 		.4byte	.LVL3
 669 008c 2A000000 		.4byte	.LVL10
 670 0090 0100     		.2byte	0x1
 671 0092 50       		.byte	0x50
 672 0093 2A000000 		.4byte	.LVL10
 673 0097 36000000 		.4byte	.LFE1
 674 009b 0600     		.2byte	0x6
 675 009d F3       		.byte	0xf3
 676 009e 01       		.uleb128 0x1
 677 009f 50       		.byte	0x50
 678 00a0 37       		.byte	0x37
 679 00a1 25       		.byte	0x25
 680 00a2 9F       		.byte	0x9f
 681 00a3 00000000 		.4byte	0
 682 00a7 00000000 		.4byte	0
 683              	.LLST4:
 684 00ab 0E000000 		.4byte	.LVL4
 685 00af 34000000 		.4byte	.LVL13
 686 00b3 0100     		.2byte	0x1
 687 00b5 54       		.byte	0x54
 688 00b6 34000000 		.4byte	.LVL13
 689 00ba 36000000 		.4byte	.LFE1
 690 00be 0700     		.2byte	0x7
 691 00c0 F3       		.byte	0xf3
 692 00c1 01       		.uleb128 0x1
 693 00c2 50       		.byte	0x50
 694 00c3 09       		.byte	0x9
 695 00c4 80       		.byte	0x80
 696 00c5 1A       		.byte	0x1a
 697 00c6 9F       		.byte	0x9f
 698 00c7 00000000 		.4byte	0
 699 00cb 00000000 		.4byte	0
ARM GAS  C:\Users\g\AppData\Local\Temp\ccJES2d6.s 			page 18


 700              	.LLST5:
 701 00cf 0E000000 		.4byte	.LVL4
 702 00d3 12000000 		.4byte	.LVL5
 703 00d7 0200     		.2byte	0x2
 704 00d9 30       		.byte	0x30
 705 00da 9F       		.byte	0x9f
 706 00db 12000000 		.4byte	.LVL5
 707 00df 1A000000 		.4byte	.LVL6
 708 00e3 0100     		.2byte	0x1
 709 00e5 53       		.byte	0x53
 710 00e6 1C000000 		.4byte	.LVL7
 711 00ea 22000000 		.4byte	.LVL8
 712 00ee 0100     		.2byte	0x1
 713 00f0 53       		.byte	0x53
 714 00f1 00000000 		.4byte	0
 715 00f5 00000000 		.4byte	0
 716              		.section	.debug_aranges,"",%progbits
 717 0000 24000000 		.4byte	0x24
 718 0004 0200     		.2byte	0x2
 719 0006 00000000 		.4byte	.Ldebug_info0
 720 000a 04       		.byte	0x4
 721 000b 00       		.byte	0
 722 000c 0000     		.2byte	0
 723 000e 0000     		.2byte	0
 724 0010 00000000 		.4byte	.LFB0
 725 0014 14000000 		.4byte	.LFE0-.LFB0
 726 0018 00000000 		.4byte	.LFB1
 727 001c 36000000 		.4byte	.LFE1-.LFB1
 728 0020 00000000 		.4byte	0
 729 0024 00000000 		.4byte	0
 730              		.section	.debug_ranges,"",%progbits
 731              	.Ldebug_ranges0:
 732 0000 00000000 		.4byte	.LFB0
 733 0004 14000000 		.4byte	.LFE0
 734 0008 00000000 		.4byte	.LFB1
 735 000c 36000000 		.4byte	.LFE1
 736 0010 00000000 		.4byte	0
 737 0014 00000000 		.4byte	0
 738              		.section	.debug_line,"",%progbits
 739              	.Ldebug_line0:
 740 0000 BC000000 		.section	.debug_str,"MS",%progbits,1
 740      02007900 
 740      00000201 
 740      FB0E0D00 
 740      01010101 
 741              	.LASF22:
 742 0000 726F774E 		.ascii	"rowNum\000"
 742      756D00
 743              	.LASF3:
 744 0007 73686F72 		.ascii	"short unsigned int\000"
 744      7420756E 
 744      7369676E 
 744      65642069 
 744      6E7400
 745              	.LASF26:
 746 001a 443A5C63 		.ascii	"D:\\code\\cypress\\controllers\\dcsd.cydsn\000"
 746      6F64655C 
ARM GAS  C:\Users\g\AppData\Local\Temp\ccJES2d6.s 			page 19


 746      63797072 
 746      6573735C 
 746      636F6E74 
 747              	.LASF12:
 748 0041 666C6F61 		.ascii	"float\000"
 748      7400
 749              	.LASF1:
 750 0047 756E7369 		.ascii	"unsigned char\000"
 750      676E6564 
 750      20636861 
 750      7200
 751              	.LASF21:
 752 0055 726F7744 		.ascii	"rowData\000"
 752      61746100 
 753              	.LASF5:
 754 005d 6C6F6E67 		.ascii	"long unsigned int\000"
 754      20756E73 
 754      69676E65 
 754      6420696E 
 754      7400
 755              	.LASF9:
 756 006f 75696E74 		.ascii	"uint8\000"
 756      3800
 757              	.LASF25:
 758 0075 2E5C4765 		.ascii	".\\Generated_Source\\PSoC4\\Bootloadable_1.c\000"
 758      6E657261 
 758      7465645F 
 758      536F7572 
 758      63655C50 
 759              	.LASF13:
 760 009f 646F7562 		.ascii	"double\000"
 760      6C6500
 761              	.LASF29:
 762 00a6 43795379 		.ascii	"CySysFlashWriteRow\000"
 762      73466C61 
 762      73685772 
 762      69746552 
 762      6F7700
 763              	.LASF20:
 764 00b9 666C7341 		.ascii	"flsAddr\000"
 764      64647200 
 765              	.LASF10:
 766 00c1 75696E74 		.ascii	"uint16\000"
 766      313600
 767              	.LASF11:
 768 00c8 75696E74 		.ascii	"uint32\000"
 768      333200
 769              	.LASF8:
 770 00cf 756E7369 		.ascii	"unsigned int\000"
 770      676E6564 
 770      20696E74 
 770      00
 771              	.LASF17:
 772 00dc 426F6F74 		.ascii	"Bootloadable_1_SetFlashByte\000"
 772      6C6F6164 
 772      61626C65 
 772      5F315F53 
ARM GAS  C:\Users\g\AppData\Local\Temp\ccJES2d6.s 			page 20


 772      6574466C 
 773              	.LASF18:
 774 00f8 61646472 		.ascii	"address\000"
 774      65737300 
 775              	.LASF7:
 776 0100 6C6F6E67 		.ascii	"long long unsigned int\000"
 776      206C6F6E 
 776      6720756E 
 776      7369676E 
 776      65642069 
 777              	.LASF19:
 778 0117 72756E54 		.ascii	"runType\000"
 778      79706500 
 779              	.LASF23:
 780 011f 62617365 		.ascii	"baseAddr\000"
 780      41646472 
 780      00
 781              	.LASF15:
 782 0128 73697A65 		.ascii	"sizetype\000"
 782      74797065 
 782      00
 783              	.LASF6:
 784 0131 6C6F6E67 		.ascii	"long long int\000"
 784      206C6F6E 
 784      6720696E 
 784      7400
 785              	.LASF14:
 786 013f 63686172 		.ascii	"char\000"
 786      00
 787              	.LASF24:
 788 0144 474E5520 		.ascii	"GNU C 4.9.3 20150303 (release) [ARM/embedded-4_9-br"
 788      4320342E 
 788      392E3320 
 788      32303135 
 788      30333033 
 789 0177 616E6368 		.ascii	"anch revision 221220] -mcpu=cortex-m0 -mthumb -g -O"
 789      20726576 
 789      6973696F 
 789      6E203232 
 789      31323230 
 790 01aa 67202D73 		.ascii	"g -std=c99 -ffunction-sections -ffat-lto-objects\000"
 790      74643D63 
 790      3939202D 
 790      6666756E 
 790      6374696F 
 791              	.LASF2:
 792 01db 73686F72 		.ascii	"short int\000"
 792      7420696E 
 792      7400
 793              	.LASF28:
 794 01e5 4379536F 		.ascii	"CySoftwareReset\000"
 794      66747761 
 794      72655265 
 794      73657400 
 795              	.LASF4:
 796 01f5 6C6F6E67 		.ascii	"long int\000"
 796      20696E74 
ARM GAS  C:\Users\g\AppData\Local\Temp\ccJES2d6.s 			page 21


 796      00
 797              	.LASF0:
 798 01fe 7369676E 		.ascii	"signed char\000"
 798      65642063 
 798      68617200 
 799              	.LASF27:
 800 020a 63794274 		.ascii	"cyBtldrRunType\000"
 800      6C647252 
 800      756E5479 
 800      706500
 801              	.LASF16:
 802 0219 426F6F74 		.ascii	"Bootloadable_1_Load\000"
 802      6C6F6164 
 802      61626C65 
 802      5F315F4C 
 802      6F616400 
 803              		.ident	"GCC: (GNU Tools for ARM Embedded Processors) 4.9.3 20150303 (release) [ARM/embedded-4_9-br
