ARM GAS  C:\Users\g\AppData\Local\Temp\cclQ2pYE.s 			page 1


   1              		.cpu cortex-m0
   2              		.fpu softvfp
   3              		.eabi_attribute 20, 1
   4              		.eabi_attribute 21, 1
   5              		.eabi_attribute 23, 3
   6              		.eabi_attribute 24, 1
   7              		.eabi_attribute 25, 1
   8              		.eabi_attribute 26, 1
   9              		.eabi_attribute 30, 1
  10              		.eabi_attribute 34, 0
  11              		.eabi_attribute 18, 4
  12              		.code	16
  13              		.file	"PWM_KILL.c"
  14              		.text
  15              	.Ltext0:
  16              		.cfi_sections	.debug_frame
  17              		.section	.text.PWM_KILL_Write,"ax",%progbits
  18              		.align	2
  19              		.global	PWM_KILL_Write
  20              		.code	16
  21              		.thumb_func
  22              		.type	PWM_KILL_Write, %function
  23              	PWM_KILL_Write:
  24              	.LFB0:
  25              		.file 1 ".\\Generated_Source\\PSoC4\\PWM_KILL.c"
   1:.\Generated_Source\PSoC4/PWM_KILL.c **** /*******************************************************************************
   2:.\Generated_Source\PSoC4/PWM_KILL.c **** * File Name: PWM_KILL.c  
   3:.\Generated_Source\PSoC4/PWM_KILL.c **** * Version 1.80
   4:.\Generated_Source\PSoC4/PWM_KILL.c **** *
   5:.\Generated_Source\PSoC4/PWM_KILL.c **** * Description:
   6:.\Generated_Source\PSoC4/PWM_KILL.c **** *  This file contains API to enable firmware control of a Control Register.
   7:.\Generated_Source\PSoC4/PWM_KILL.c **** *
   8:.\Generated_Source\PSoC4/PWM_KILL.c **** * Note:
   9:.\Generated_Source\PSoC4/PWM_KILL.c **** *
  10:.\Generated_Source\PSoC4/PWM_KILL.c **** ********************************************************************************
  11:.\Generated_Source\PSoC4/PWM_KILL.c **** * Copyright 2008-2015, Cypress Semiconductor Corporation.  All rights reserved.
  12:.\Generated_Source\PSoC4/PWM_KILL.c **** * You may use this file only in accordance with the license, terms, conditions, 
  13:.\Generated_Source\PSoC4/PWM_KILL.c **** * disclaimers, and limitations in the end user license agreement accompanying 
  14:.\Generated_Source\PSoC4/PWM_KILL.c **** * the software package with which this file was provided.
  15:.\Generated_Source\PSoC4/PWM_KILL.c **** *******************************************************************************/
  16:.\Generated_Source\PSoC4/PWM_KILL.c **** 
  17:.\Generated_Source\PSoC4/PWM_KILL.c **** #include "PWM_KILL.h"
  18:.\Generated_Source\PSoC4/PWM_KILL.c **** 
  19:.\Generated_Source\PSoC4/PWM_KILL.c **** /* Check for removal by optimization */
  20:.\Generated_Source\PSoC4/PWM_KILL.c **** #if !defined(PWM_KILL_Sync_ctrl_reg__REMOVED)
  21:.\Generated_Source\PSoC4/PWM_KILL.c **** 
  22:.\Generated_Source\PSoC4/PWM_KILL.c ****     
  23:.\Generated_Source\PSoC4/PWM_KILL.c **** /*******************************************************************************
  24:.\Generated_Source\PSoC4/PWM_KILL.c **** * Function Name: PWM_KILL_Write
  25:.\Generated_Source\PSoC4/PWM_KILL.c **** ********************************************************************************
  26:.\Generated_Source\PSoC4/PWM_KILL.c **** *
  27:.\Generated_Source\PSoC4/PWM_KILL.c **** * Summary:
  28:.\Generated_Source\PSoC4/PWM_KILL.c **** *  Write a byte to the Control Register.
  29:.\Generated_Source\PSoC4/PWM_KILL.c **** *
  30:.\Generated_Source\PSoC4/PWM_KILL.c **** * Parameters:
  31:.\Generated_Source\PSoC4/PWM_KILL.c **** *  control:  The value to be assigned to the Control Register.
  32:.\Generated_Source\PSoC4/PWM_KILL.c **** *
ARM GAS  C:\Users\g\AppData\Local\Temp\cclQ2pYE.s 			page 2


  33:.\Generated_Source\PSoC4/PWM_KILL.c **** * Return:
  34:.\Generated_Source\PSoC4/PWM_KILL.c **** *  None.
  35:.\Generated_Source\PSoC4/PWM_KILL.c **** *
  36:.\Generated_Source\PSoC4/PWM_KILL.c **** *******************************************************************************/
  37:.\Generated_Source\PSoC4/PWM_KILL.c **** void PWM_KILL_Write(uint8 control) 
  38:.\Generated_Source\PSoC4/PWM_KILL.c **** {
  26              		.loc 1 38 0
  27              		.cfi_startproc
  28              	.LVL0:
  39:.\Generated_Source\PSoC4/PWM_KILL.c ****     PWM_KILL_Control = control;
  29              		.loc 1 39 0
  30 0000 014B     		ldr	r3, .L2
  31 0002 1870     		strb	r0, [r3]
  40:.\Generated_Source\PSoC4/PWM_KILL.c **** }
  32              		.loc 1 40 0
  33              		@ sp needed
  34 0004 7047     		bx	lr
  35              	.L3:
  36 0006 C046     		.align	2
  37              	.L2:
  38 0008 71000F40 		.word	1074724977
  39              		.cfi_endproc
  40              	.LFE0:
  41              		.size	PWM_KILL_Write, .-PWM_KILL_Write
  42              		.section	.text.PWM_KILL_Read,"ax",%progbits
  43              		.align	2
  44              		.global	PWM_KILL_Read
  45              		.code	16
  46              		.thumb_func
  47              		.type	PWM_KILL_Read, %function
  48              	PWM_KILL_Read:
  49              	.LFB1:
  41:.\Generated_Source\PSoC4/PWM_KILL.c **** 
  42:.\Generated_Source\PSoC4/PWM_KILL.c **** 
  43:.\Generated_Source\PSoC4/PWM_KILL.c **** /*******************************************************************************
  44:.\Generated_Source\PSoC4/PWM_KILL.c **** * Function Name: PWM_KILL_Read
  45:.\Generated_Source\PSoC4/PWM_KILL.c **** ********************************************************************************
  46:.\Generated_Source\PSoC4/PWM_KILL.c **** *
  47:.\Generated_Source\PSoC4/PWM_KILL.c **** * Summary:
  48:.\Generated_Source\PSoC4/PWM_KILL.c **** *  Reads the current value assigned to the Control Register.
  49:.\Generated_Source\PSoC4/PWM_KILL.c **** *
  50:.\Generated_Source\PSoC4/PWM_KILL.c **** * Parameters:
  51:.\Generated_Source\PSoC4/PWM_KILL.c **** *  None.
  52:.\Generated_Source\PSoC4/PWM_KILL.c **** *
  53:.\Generated_Source\PSoC4/PWM_KILL.c **** * Return:
  54:.\Generated_Source\PSoC4/PWM_KILL.c **** *  Returns the current value in the Control Register.
  55:.\Generated_Source\PSoC4/PWM_KILL.c **** *
  56:.\Generated_Source\PSoC4/PWM_KILL.c **** *******************************************************************************/
  57:.\Generated_Source\PSoC4/PWM_KILL.c **** uint8 PWM_KILL_Read(void) 
  58:.\Generated_Source\PSoC4/PWM_KILL.c **** {
  50              		.loc 1 58 0
  51              		.cfi_startproc
  59:.\Generated_Source\PSoC4/PWM_KILL.c ****     return PWM_KILL_Control;
  52              		.loc 1 59 0
  53 0000 014B     		ldr	r3, .L5
  54 0002 1878     		ldrb	r0, [r3]
  55 0004 C0B2     		uxtb	r0, r0
ARM GAS  C:\Users\g\AppData\Local\Temp\cclQ2pYE.s 			page 3


  60:.\Generated_Source\PSoC4/PWM_KILL.c **** }
  56              		.loc 1 60 0
  57              		@ sp needed
  58 0006 7047     		bx	lr
  59              	.L6:
  60              		.align	2
  61              	.L5:
  62 0008 71000F40 		.word	1074724977
  63              		.cfi_endproc
  64              	.LFE1:
  65              		.size	PWM_KILL_Read, .-PWM_KILL_Read
  66              		.text
  67              	.Letext0:
  68              		.file 2 ".\\Generated_Source\\PSoC4\\cytypes.h"
  69              		.section	.debug_info,"",%progbits
  70              	.Ldebug_info0:
  71 0000 D2000000 		.4byte	0xd2
  72 0004 0400     		.2byte	0x4
  73 0006 00000000 		.4byte	.Ldebug_abbrev0
  74 000a 04       		.byte	0x4
  75 000b 01       		.uleb128 0x1
  76 000c DE000000 		.4byte	.LASF14
  77 0010 01       		.byte	0x1
  78 0011 B5000000 		.4byte	.LASF15
  79 0015 4D000000 		.4byte	.LASF16
  80 0019 00000000 		.4byte	.Ldebug_ranges0+0
  81 001d 00000000 		.4byte	0
  82 0021 00000000 		.4byte	.Ldebug_line0
  83 0025 02       		.uleb128 0x2
  84 0026 01       		.byte	0x1
  85 0027 06       		.byte	0x6
  86 0028 85010000 		.4byte	.LASF0
  87 002c 02       		.uleb128 0x2
  88 002d 01       		.byte	0x1
  89 002e 08       		.byte	0x8
  90 002f 0D000000 		.4byte	.LASF1
  91 0033 02       		.uleb128 0x2
  92 0034 02       		.byte	0x2
  93 0035 05       		.byte	0x5
  94 0036 6C010000 		.4byte	.LASF2
  95 003a 02       		.uleb128 0x2
  96 003b 02       		.byte	0x2
  97 003c 07       		.byte	0x7
  98 003d 32000000 		.4byte	.LASF3
  99 0041 02       		.uleb128 0x2
 100 0042 04       		.byte	0x4
 101 0043 05       		.byte	0x5
 102 0044 7C010000 		.4byte	.LASF4
 103 0048 02       		.uleb128 0x2
 104 0049 04       		.byte	0x4
 105 004a 07       		.byte	0x7
 106 004b 20000000 		.4byte	.LASF5
 107 004f 02       		.uleb128 0x2
 108 0050 08       		.byte	0x8
 109 0051 05       		.byte	0x5
 110 0052 A7000000 		.4byte	.LASF6
 111 0056 02       		.uleb128 0x2
ARM GAS  C:\Users\g\AppData\Local\Temp\cclQ2pYE.s 			page 4


 112 0057 08       		.byte	0x8
 113 0058 07       		.byte	0x7
 114 0059 81000000 		.4byte	.LASF7
 115 005d 03       		.uleb128 0x3
 116 005e 04       		.byte	0x4
 117 005f 05       		.byte	0x5
 118 0060 696E7400 		.ascii	"int\000"
 119 0064 02       		.uleb128 0x2
 120 0065 04       		.byte	0x4
 121 0066 07       		.byte	0x7
 122 0067 74000000 		.4byte	.LASF8
 123 006b 04       		.uleb128 0x4
 124 006c 76010000 		.4byte	.LASF12
 125 0070 02       		.byte	0x2
 126 0071 9801     		.2byte	0x198
 127 0073 2C000000 		.4byte	0x2c
 128 0077 02       		.uleb128 0x2
 129 0078 04       		.byte	0x4
 130 0079 04       		.byte	0x4
 131 007a 07000000 		.4byte	.LASF9
 132 007e 02       		.uleb128 0x2
 133 007f 08       		.byte	0x8
 134 0080 04       		.byte	0x4
 135 0081 00000000 		.4byte	.LASF10
 136 0085 02       		.uleb128 0x2
 137 0086 01       		.byte	0x1
 138 0087 08       		.byte	0x8
 139 0088 D9000000 		.4byte	.LASF11
 140 008c 04       		.uleb128 0x4
 141 008d 1B000000 		.4byte	.LASF13
 142 0091 02       		.byte	0x2
 143 0092 4202     		.2byte	0x242
 144 0094 98000000 		.4byte	0x98
 145 0098 05       		.uleb128 0x5
 146 0099 6B000000 		.4byte	0x6b
 147 009d 06       		.uleb128 0x6
 148 009e 98000000 		.4byte	.LASF17
 149 00a2 01       		.byte	0x1
 150 00a3 25       		.byte	0x25
 151 00a4 00000000 		.4byte	.LFB0
 152 00a8 0C000000 		.4byte	.LFE0-.LFB0
 153 00ac 01       		.uleb128 0x1
 154 00ad 9C       		.byte	0x9c
 155 00ae C0000000 		.4byte	0xc0
 156 00b2 07       		.uleb128 0x7
 157 00b3 45000000 		.4byte	.LASF18
 158 00b7 01       		.byte	0x1
 159 00b8 25       		.byte	0x25
 160 00b9 6B000000 		.4byte	0x6b
 161 00bd 01       		.uleb128 0x1
 162 00be 50       		.byte	0x50
 163 00bf 00       		.byte	0
 164 00c0 08       		.uleb128 0x8
 165 00c1 91010000 		.4byte	.LASF19
 166 00c5 01       		.byte	0x1
 167 00c6 39       		.byte	0x39
 168 00c7 6B000000 		.4byte	0x6b
ARM GAS  C:\Users\g\AppData\Local\Temp\cclQ2pYE.s 			page 5


 169 00cb 00000000 		.4byte	.LFB1
 170 00cf 0C000000 		.4byte	.LFE1-.LFB1
 171 00d3 01       		.uleb128 0x1
 172 00d4 9C       		.byte	0x9c
 173 00d5 00       		.byte	0
 174              		.section	.debug_abbrev,"",%progbits
 175              	.Ldebug_abbrev0:
 176 0000 01       		.uleb128 0x1
 177 0001 11       		.uleb128 0x11
 178 0002 01       		.byte	0x1
 179 0003 25       		.uleb128 0x25
 180 0004 0E       		.uleb128 0xe
 181 0005 13       		.uleb128 0x13
 182 0006 0B       		.uleb128 0xb
 183 0007 03       		.uleb128 0x3
 184 0008 0E       		.uleb128 0xe
 185 0009 1B       		.uleb128 0x1b
 186 000a 0E       		.uleb128 0xe
 187 000b 55       		.uleb128 0x55
 188 000c 17       		.uleb128 0x17
 189 000d 11       		.uleb128 0x11
 190 000e 01       		.uleb128 0x1
 191 000f 10       		.uleb128 0x10
 192 0010 17       		.uleb128 0x17
 193 0011 00       		.byte	0
 194 0012 00       		.byte	0
 195 0013 02       		.uleb128 0x2
 196 0014 24       		.uleb128 0x24
 197 0015 00       		.byte	0
 198 0016 0B       		.uleb128 0xb
 199 0017 0B       		.uleb128 0xb
 200 0018 3E       		.uleb128 0x3e
 201 0019 0B       		.uleb128 0xb
 202 001a 03       		.uleb128 0x3
 203 001b 0E       		.uleb128 0xe
 204 001c 00       		.byte	0
 205 001d 00       		.byte	0
 206 001e 03       		.uleb128 0x3
 207 001f 24       		.uleb128 0x24
 208 0020 00       		.byte	0
 209 0021 0B       		.uleb128 0xb
 210 0022 0B       		.uleb128 0xb
 211 0023 3E       		.uleb128 0x3e
 212 0024 0B       		.uleb128 0xb
 213 0025 03       		.uleb128 0x3
 214 0026 08       		.uleb128 0x8
 215 0027 00       		.byte	0
 216 0028 00       		.byte	0
 217 0029 04       		.uleb128 0x4
 218 002a 16       		.uleb128 0x16
 219 002b 00       		.byte	0
 220 002c 03       		.uleb128 0x3
 221 002d 0E       		.uleb128 0xe
 222 002e 3A       		.uleb128 0x3a
 223 002f 0B       		.uleb128 0xb
 224 0030 3B       		.uleb128 0x3b
 225 0031 05       		.uleb128 0x5
ARM GAS  C:\Users\g\AppData\Local\Temp\cclQ2pYE.s 			page 6


 226 0032 49       		.uleb128 0x49
 227 0033 13       		.uleb128 0x13
 228 0034 00       		.byte	0
 229 0035 00       		.byte	0
 230 0036 05       		.uleb128 0x5
 231 0037 35       		.uleb128 0x35
 232 0038 00       		.byte	0
 233 0039 49       		.uleb128 0x49
 234 003a 13       		.uleb128 0x13
 235 003b 00       		.byte	0
 236 003c 00       		.byte	0
 237 003d 06       		.uleb128 0x6
 238 003e 2E       		.uleb128 0x2e
 239 003f 01       		.byte	0x1
 240 0040 3F       		.uleb128 0x3f
 241 0041 19       		.uleb128 0x19
 242 0042 03       		.uleb128 0x3
 243 0043 0E       		.uleb128 0xe
 244 0044 3A       		.uleb128 0x3a
 245 0045 0B       		.uleb128 0xb
 246 0046 3B       		.uleb128 0x3b
 247 0047 0B       		.uleb128 0xb
 248 0048 27       		.uleb128 0x27
 249 0049 19       		.uleb128 0x19
 250 004a 11       		.uleb128 0x11
 251 004b 01       		.uleb128 0x1
 252 004c 12       		.uleb128 0x12
 253 004d 06       		.uleb128 0x6
 254 004e 40       		.uleb128 0x40
 255 004f 18       		.uleb128 0x18
 256 0050 9742     		.uleb128 0x2117
 257 0052 19       		.uleb128 0x19
 258 0053 01       		.uleb128 0x1
 259 0054 13       		.uleb128 0x13
 260 0055 00       		.byte	0
 261 0056 00       		.byte	0
 262 0057 07       		.uleb128 0x7
 263 0058 05       		.uleb128 0x5
 264 0059 00       		.byte	0
 265 005a 03       		.uleb128 0x3
 266 005b 0E       		.uleb128 0xe
 267 005c 3A       		.uleb128 0x3a
 268 005d 0B       		.uleb128 0xb
 269 005e 3B       		.uleb128 0x3b
 270 005f 0B       		.uleb128 0xb
 271 0060 49       		.uleb128 0x49
 272 0061 13       		.uleb128 0x13
 273 0062 02       		.uleb128 0x2
 274 0063 18       		.uleb128 0x18
 275 0064 00       		.byte	0
 276 0065 00       		.byte	0
 277 0066 08       		.uleb128 0x8
 278 0067 2E       		.uleb128 0x2e
 279 0068 00       		.byte	0
 280 0069 3F       		.uleb128 0x3f
 281 006a 19       		.uleb128 0x19
 282 006b 03       		.uleb128 0x3
ARM GAS  C:\Users\g\AppData\Local\Temp\cclQ2pYE.s 			page 7


 283 006c 0E       		.uleb128 0xe
 284 006d 3A       		.uleb128 0x3a
 285 006e 0B       		.uleb128 0xb
 286 006f 3B       		.uleb128 0x3b
 287 0070 0B       		.uleb128 0xb
 288 0071 27       		.uleb128 0x27
 289 0072 19       		.uleb128 0x19
 290 0073 49       		.uleb128 0x49
 291 0074 13       		.uleb128 0x13
 292 0075 11       		.uleb128 0x11
 293 0076 01       		.uleb128 0x1
 294 0077 12       		.uleb128 0x12
 295 0078 06       		.uleb128 0x6
 296 0079 40       		.uleb128 0x40
 297 007a 18       		.uleb128 0x18
 298 007b 9742     		.uleb128 0x2117
 299 007d 19       		.uleb128 0x19
 300 007e 00       		.byte	0
 301 007f 00       		.byte	0
 302 0080 00       		.byte	0
 303              		.section	.debug_aranges,"",%progbits
 304 0000 24000000 		.4byte	0x24
 305 0004 0200     		.2byte	0x2
 306 0006 00000000 		.4byte	.Ldebug_info0
 307 000a 04       		.byte	0x4
 308 000b 00       		.byte	0
 309 000c 0000     		.2byte	0
 310 000e 0000     		.2byte	0
 311 0010 00000000 		.4byte	.LFB0
 312 0014 0C000000 		.4byte	.LFE0-.LFB0
 313 0018 00000000 		.4byte	.LFB1
 314 001c 0C000000 		.4byte	.LFE1-.LFB1
 315 0020 00000000 		.4byte	0
 316 0024 00000000 		.4byte	0
 317              		.section	.debug_ranges,"",%progbits
 318              	.Ldebug_ranges0:
 319 0000 00000000 		.4byte	.LFB0
 320 0004 0C000000 		.4byte	.LFE0
 321 0008 00000000 		.4byte	.LFB1
 322 000c 0C000000 		.4byte	.LFE1
 323 0010 00000000 		.4byte	0
 324 0014 00000000 		.4byte	0
 325              		.section	.debug_line,"",%progbits
 326              	.Ldebug_line0:
 327 0000 6F000000 		.section	.debug_str,"MS",%progbits,1
 327      02004700 
 327      00000201 
 327      FB0E0D00 
 327      01010101 
 328              	.LASF10:
 329 0000 646F7562 		.ascii	"double\000"
 329      6C6500
 330              	.LASF9:
 331 0007 666C6F61 		.ascii	"float\000"
 331      7400
 332              	.LASF1:
 333 000d 756E7369 		.ascii	"unsigned char\000"
ARM GAS  C:\Users\g\AppData\Local\Temp\cclQ2pYE.s 			page 8


 333      676E6564 
 333      20636861 
 333      7200
 334              	.LASF13:
 335 001b 72656738 		.ascii	"reg8\000"
 335      00
 336              	.LASF5:
 337 0020 6C6F6E67 		.ascii	"long unsigned int\000"
 337      20756E73 
 337      69676E65 
 337      6420696E 
 337      7400
 338              	.LASF3:
 339 0032 73686F72 		.ascii	"short unsigned int\000"
 339      7420756E 
 339      7369676E 
 339      65642069 
 339      6E7400
 340              	.LASF18:
 341 0045 636F6E74 		.ascii	"control\000"
 341      726F6C00 
 342              	.LASF16:
 343 004d 443A5C63 		.ascii	"D:\\code\\cypress\\controllers\\dcsd.cydsn\000"
 343      6F64655C 
 343      63797072 
 343      6573735C 
 343      636F6E74 
 344              	.LASF8:
 345 0074 756E7369 		.ascii	"unsigned int\000"
 345      676E6564 
 345      20696E74 
 345      00
 346              	.LASF7:
 347 0081 6C6F6E67 		.ascii	"long long unsigned int\000"
 347      206C6F6E 
 347      6720756E 
 347      7369676E 
 347      65642069 
 348              	.LASF17:
 349 0098 50574D5F 		.ascii	"PWM_KILL_Write\000"
 349      4B494C4C 
 349      5F577269 
 349      746500
 350              	.LASF6:
 351 00a7 6C6F6E67 		.ascii	"long long int\000"
 351      206C6F6E 
 351      6720696E 
 351      7400
 352              	.LASF15:
 353 00b5 2E5C4765 		.ascii	".\\Generated_Source\\PSoC4\\PWM_KILL.c\000"
 353      6E657261 
 353      7465645F 
 353      536F7572 
 353      63655C50 
 354              	.LASF11:
 355 00d9 63686172 		.ascii	"char\000"
 355      00
ARM GAS  C:\Users\g\AppData\Local\Temp\cclQ2pYE.s 			page 9


 356              	.LASF14:
 357 00de 474E5520 		.ascii	"GNU C 4.9.3 20150303 (release) [ARM/embedded-4_9-br"
 357      4320342E 
 357      392E3320 
 357      32303135 
 357      30333033 
 358 0111 616E6368 		.ascii	"anch revision 221220] -mcpu=cortex-m0 -mthumb -g -O"
 358      20726576 
 358      6973696F 
 358      6E203232 
 358      31323230 
 359 0144 67202D66 		.ascii	"g -ffunction-sections -ffat-lto-objects\000"
 359      66756E63 
 359      74696F6E 
 359      2D736563 
 359      74696F6E 
 360              	.LASF2:
 361 016c 73686F72 		.ascii	"short int\000"
 361      7420696E 
 361      7400
 362              	.LASF12:
 363 0176 75696E74 		.ascii	"uint8\000"
 363      3800
 364              	.LASF4:
 365 017c 6C6F6E67 		.ascii	"long int\000"
 365      20696E74 
 365      00
 366              	.LASF0:
 367 0185 7369676E 		.ascii	"signed char\000"
 367      65642063 
 367      68617200 
 368              	.LASF19:
 369 0191 50574D5F 		.ascii	"PWM_KILL_Read\000"
 369      4B494C4C 
 369      5F526561 
 369      6400
 370              		.ident	"GCC: (GNU Tools for ARM Embedded Processors) 4.9.3 20150303 (release) [ARM/embedded-4_9-br
