ARM GAS  C:\Users\g\AppData\Local\Temp\cchibsRB.s 			page 1


   1              		.cpu cortex-m0
   2              		.fpu softvfp
   3              		.eabi_attribute 20, 1
   4              		.eabi_attribute 21, 1
   5              		.eabi_attribute 23, 3
   6              		.eabi_attribute 24, 1
   7              		.eabi_attribute 25, 1
   8              		.eabi_attribute 26, 1
   9              		.eabi_attribute 30, 1
  10              		.eabi_attribute 34, 0
  11              		.eabi_attribute 18, 4
  12              		.code	16
  13              		.file	"txISR.c"
  14              		.text
  15              	.Ltext0:
  16              		.cfi_sections	.debug_frame
  17              		.section	.text.txISR_Interrupt,"ax",%progbits
  18              		.align	2
  19              		.global	txISR_Interrupt
  20              		.code	16
  21              		.thumb_func
  22              		.type	txISR_Interrupt, %function
  23              	txISR_Interrupt:
  24              	.LFB3:
  25              		.file 1 ".\\Generated_Source\\PSoC4\\txISR.c"
   1:.\Generated_Source\PSoC4/txISR.c **** /*******************************************************************************
   2:.\Generated_Source\PSoC4/txISR.c **** * File Name: txISR.c  
   3:.\Generated_Source\PSoC4/txISR.c **** * Version 1.70
   4:.\Generated_Source\PSoC4/txISR.c **** *
   5:.\Generated_Source\PSoC4/txISR.c **** *  Description:
   6:.\Generated_Source\PSoC4/txISR.c **** *   API for controlling the state of an interrupt.
   7:.\Generated_Source\PSoC4/txISR.c **** *
   8:.\Generated_Source\PSoC4/txISR.c **** *
   9:.\Generated_Source\PSoC4/txISR.c **** *  Note:
  10:.\Generated_Source\PSoC4/txISR.c **** *
  11:.\Generated_Source\PSoC4/txISR.c **** ********************************************************************************
  12:.\Generated_Source\PSoC4/txISR.c **** * Copyright 2008-2015, Cypress Semiconductor Corporation.  All rights reserved.
  13:.\Generated_Source\PSoC4/txISR.c **** * You may use this file only in accordance with the license, terms, conditions, 
  14:.\Generated_Source\PSoC4/txISR.c **** * disclaimers, and limitations in the end user license agreement accompanying 
  15:.\Generated_Source\PSoC4/txISR.c **** * the software package with which this file was provided.
  16:.\Generated_Source\PSoC4/txISR.c **** *******************************************************************************/
  17:.\Generated_Source\PSoC4/txISR.c **** 
  18:.\Generated_Source\PSoC4/txISR.c **** 
  19:.\Generated_Source\PSoC4/txISR.c **** #include <cydevice_trm.h>
  20:.\Generated_Source\PSoC4/txISR.c **** #include <CyLib.h>
  21:.\Generated_Source\PSoC4/txISR.c **** #include <txISR.h>
  22:.\Generated_Source\PSoC4/txISR.c **** #include "cyapicallbacks.h"
  23:.\Generated_Source\PSoC4/txISR.c **** 
  24:.\Generated_Source\PSoC4/txISR.c **** #if !defined(txISR__REMOVED) /* Check for removal by optimization */
  25:.\Generated_Source\PSoC4/txISR.c **** 
  26:.\Generated_Source\PSoC4/txISR.c **** /*******************************************************************************
  27:.\Generated_Source\PSoC4/txISR.c **** *  Place your includes, defines and code here 
  28:.\Generated_Source\PSoC4/txISR.c **** ********************************************************************************/
  29:.\Generated_Source\PSoC4/txISR.c **** /* `#START txISR_intc` */
  30:.\Generated_Source\PSoC4/txISR.c **** 
  31:.\Generated_Source\PSoC4/txISR.c **** /* `#END` */
  32:.\Generated_Source\PSoC4/txISR.c **** 
ARM GAS  C:\Users\g\AppData\Local\Temp\cchibsRB.s 			page 2


  33:.\Generated_Source\PSoC4/txISR.c **** extern cyisraddress CyRamVectors[CYINT_IRQ_BASE + CY_NUM_INTERRUPTS];
  34:.\Generated_Source\PSoC4/txISR.c **** 
  35:.\Generated_Source\PSoC4/txISR.c **** /* Declared in startup, used to set unused interrupts to. */
  36:.\Generated_Source\PSoC4/txISR.c **** CY_ISR_PROTO(IntDefaultHandler);
  37:.\Generated_Source\PSoC4/txISR.c **** 
  38:.\Generated_Source\PSoC4/txISR.c **** 
  39:.\Generated_Source\PSoC4/txISR.c **** /*******************************************************************************
  40:.\Generated_Source\PSoC4/txISR.c **** * Function Name: txISR_Start
  41:.\Generated_Source\PSoC4/txISR.c **** ********************************************************************************
  42:.\Generated_Source\PSoC4/txISR.c **** *
  43:.\Generated_Source\PSoC4/txISR.c **** * Summary:
  44:.\Generated_Source\PSoC4/txISR.c **** *  Set up the interrupt and enable it. This function disables the interrupt, 
  45:.\Generated_Source\PSoC4/txISR.c **** *  sets the default interrupt vector, sets the priority from the value in the
  46:.\Generated_Source\PSoC4/txISR.c **** *  Design Wide Resources Interrupt Editor, then enables the interrupt to the 
  47:.\Generated_Source\PSoC4/txISR.c **** *  interrupt controller.
  48:.\Generated_Source\PSoC4/txISR.c **** *
  49:.\Generated_Source\PSoC4/txISR.c **** * Parameters:  
  50:.\Generated_Source\PSoC4/txISR.c **** *   None
  51:.\Generated_Source\PSoC4/txISR.c **** *
  52:.\Generated_Source\PSoC4/txISR.c **** * Return:
  53:.\Generated_Source\PSoC4/txISR.c **** *   None
  54:.\Generated_Source\PSoC4/txISR.c **** *
  55:.\Generated_Source\PSoC4/txISR.c **** *******************************************************************************/
  56:.\Generated_Source\PSoC4/txISR.c **** void txISR_Start(void)
  57:.\Generated_Source\PSoC4/txISR.c **** {
  58:.\Generated_Source\PSoC4/txISR.c ****     /* For all we know the interrupt is active. */
  59:.\Generated_Source\PSoC4/txISR.c ****     txISR_Disable();
  60:.\Generated_Source\PSoC4/txISR.c **** 
  61:.\Generated_Source\PSoC4/txISR.c ****     /* Set the ISR to point to the txISR Interrupt. */
  62:.\Generated_Source\PSoC4/txISR.c ****     txISR_SetVector(&txISR_Interrupt);
  63:.\Generated_Source\PSoC4/txISR.c **** 
  64:.\Generated_Source\PSoC4/txISR.c ****     /* Set the priority. */
  65:.\Generated_Source\PSoC4/txISR.c ****     txISR_SetPriority((uint8)txISR_INTC_PRIOR_NUMBER);
  66:.\Generated_Source\PSoC4/txISR.c **** 
  67:.\Generated_Source\PSoC4/txISR.c ****     /* Enable it. */
  68:.\Generated_Source\PSoC4/txISR.c ****     txISR_Enable();
  69:.\Generated_Source\PSoC4/txISR.c **** }
  70:.\Generated_Source\PSoC4/txISR.c **** 
  71:.\Generated_Source\PSoC4/txISR.c **** 
  72:.\Generated_Source\PSoC4/txISR.c **** /*******************************************************************************
  73:.\Generated_Source\PSoC4/txISR.c **** * Function Name: txISR_StartEx
  74:.\Generated_Source\PSoC4/txISR.c **** ********************************************************************************
  75:.\Generated_Source\PSoC4/txISR.c **** *
  76:.\Generated_Source\PSoC4/txISR.c **** * Summary:
  77:.\Generated_Source\PSoC4/txISR.c **** *  Sets up the interrupt and enables it. This function disables the interrupt,
  78:.\Generated_Source\PSoC4/txISR.c **** *  sets the interrupt vector based on the address passed in, sets the priority 
  79:.\Generated_Source\PSoC4/txISR.c **** *  from the value in the Design Wide Resources Interrupt Editor, then enables 
  80:.\Generated_Source\PSoC4/txISR.c **** *  the interrupt to the interrupt controller.
  81:.\Generated_Source\PSoC4/txISR.c **** *  
  82:.\Generated_Source\PSoC4/txISR.c **** *  When defining ISR functions, the CY_ISR and CY_ISR_PROTO macros should be 
  83:.\Generated_Source\PSoC4/txISR.c **** *  used to provide consistent definition across compilers:
  84:.\Generated_Source\PSoC4/txISR.c **** *  
  85:.\Generated_Source\PSoC4/txISR.c **** *  Function definition example:
  86:.\Generated_Source\PSoC4/txISR.c **** *   CY_ISR(MyISR)
  87:.\Generated_Source\PSoC4/txISR.c **** *   {
  88:.\Generated_Source\PSoC4/txISR.c **** *   }
  89:.\Generated_Source\PSoC4/txISR.c **** *   Function prototype example:
ARM GAS  C:\Users\g\AppData\Local\Temp\cchibsRB.s 			page 3


  90:.\Generated_Source\PSoC4/txISR.c **** *   CY_ISR_PROTO(MyISR);
  91:.\Generated_Source\PSoC4/txISR.c **** *
  92:.\Generated_Source\PSoC4/txISR.c **** * Parameters:  
  93:.\Generated_Source\PSoC4/txISR.c **** *   address: Address of the ISR to set in the interrupt vector table.
  94:.\Generated_Source\PSoC4/txISR.c **** *
  95:.\Generated_Source\PSoC4/txISR.c **** * Return:
  96:.\Generated_Source\PSoC4/txISR.c **** *   None
  97:.\Generated_Source\PSoC4/txISR.c **** *
  98:.\Generated_Source\PSoC4/txISR.c **** *******************************************************************************/
  99:.\Generated_Source\PSoC4/txISR.c **** void txISR_StartEx(cyisraddress address)
 100:.\Generated_Source\PSoC4/txISR.c **** {
 101:.\Generated_Source\PSoC4/txISR.c ****     /* For all we know the interrupt is active. */
 102:.\Generated_Source\PSoC4/txISR.c ****     txISR_Disable();
 103:.\Generated_Source\PSoC4/txISR.c **** 
 104:.\Generated_Source\PSoC4/txISR.c ****     /* Set the ISR to point to the txISR Interrupt. */
 105:.\Generated_Source\PSoC4/txISR.c ****     txISR_SetVector(address);
 106:.\Generated_Source\PSoC4/txISR.c **** 
 107:.\Generated_Source\PSoC4/txISR.c ****     /* Set the priority. */
 108:.\Generated_Source\PSoC4/txISR.c ****     txISR_SetPriority((uint8)txISR_INTC_PRIOR_NUMBER);
 109:.\Generated_Source\PSoC4/txISR.c **** 
 110:.\Generated_Source\PSoC4/txISR.c ****     /* Enable it. */
 111:.\Generated_Source\PSoC4/txISR.c ****     txISR_Enable();
 112:.\Generated_Source\PSoC4/txISR.c **** }
 113:.\Generated_Source\PSoC4/txISR.c **** 
 114:.\Generated_Source\PSoC4/txISR.c **** 
 115:.\Generated_Source\PSoC4/txISR.c **** /*******************************************************************************
 116:.\Generated_Source\PSoC4/txISR.c **** * Function Name: txISR_Stop
 117:.\Generated_Source\PSoC4/txISR.c **** ********************************************************************************
 118:.\Generated_Source\PSoC4/txISR.c **** *
 119:.\Generated_Source\PSoC4/txISR.c **** * Summary:
 120:.\Generated_Source\PSoC4/txISR.c **** *   Disables and removes the interrupt.
 121:.\Generated_Source\PSoC4/txISR.c **** *
 122:.\Generated_Source\PSoC4/txISR.c **** * Parameters:  
 123:.\Generated_Source\PSoC4/txISR.c **** *   None
 124:.\Generated_Source\PSoC4/txISR.c **** *
 125:.\Generated_Source\PSoC4/txISR.c **** * Return:
 126:.\Generated_Source\PSoC4/txISR.c **** *   None
 127:.\Generated_Source\PSoC4/txISR.c **** *
 128:.\Generated_Source\PSoC4/txISR.c **** *******************************************************************************/
 129:.\Generated_Source\PSoC4/txISR.c **** void txISR_Stop(void)
 130:.\Generated_Source\PSoC4/txISR.c **** {
 131:.\Generated_Source\PSoC4/txISR.c ****     /* Disable this interrupt. */
 132:.\Generated_Source\PSoC4/txISR.c ****     txISR_Disable();
 133:.\Generated_Source\PSoC4/txISR.c **** 
 134:.\Generated_Source\PSoC4/txISR.c ****     /* Set the ISR to point to the passive one. */
 135:.\Generated_Source\PSoC4/txISR.c ****     txISR_SetVector(&IntDefaultHandler);
 136:.\Generated_Source\PSoC4/txISR.c **** }
 137:.\Generated_Source\PSoC4/txISR.c **** 
 138:.\Generated_Source\PSoC4/txISR.c **** 
 139:.\Generated_Source\PSoC4/txISR.c **** /*******************************************************************************
 140:.\Generated_Source\PSoC4/txISR.c **** * Function Name: txISR_Interrupt
 141:.\Generated_Source\PSoC4/txISR.c **** ********************************************************************************
 142:.\Generated_Source\PSoC4/txISR.c **** *
 143:.\Generated_Source\PSoC4/txISR.c **** * Summary:
 144:.\Generated_Source\PSoC4/txISR.c **** *   The default Interrupt Service Routine for txISR.
 145:.\Generated_Source\PSoC4/txISR.c **** *
 146:.\Generated_Source\PSoC4/txISR.c **** *   Add custom code between the START and END comments to keep the next version
ARM GAS  C:\Users\g\AppData\Local\Temp\cchibsRB.s 			page 4


 147:.\Generated_Source\PSoC4/txISR.c **** *   of this file from over-writing your code.
 148:.\Generated_Source\PSoC4/txISR.c **** *
 149:.\Generated_Source\PSoC4/txISR.c **** *   Note You may use either the default ISR by using this API, or you may define
 150:.\Generated_Source\PSoC4/txISR.c **** *   your own separate ISR through ISR_StartEx().
 151:.\Generated_Source\PSoC4/txISR.c **** *
 152:.\Generated_Source\PSoC4/txISR.c **** * Parameters:  
 153:.\Generated_Source\PSoC4/txISR.c **** *   None
 154:.\Generated_Source\PSoC4/txISR.c **** *
 155:.\Generated_Source\PSoC4/txISR.c **** * Return:
 156:.\Generated_Source\PSoC4/txISR.c **** *   None
 157:.\Generated_Source\PSoC4/txISR.c **** *
 158:.\Generated_Source\PSoC4/txISR.c **** *******************************************************************************/
 159:.\Generated_Source\PSoC4/txISR.c **** CY_ISR(txISR_Interrupt)
 160:.\Generated_Source\PSoC4/txISR.c **** {
  26              		.loc 1 160 0
  27              		.cfi_startproc
 161:.\Generated_Source\PSoC4/txISR.c ****     #ifdef txISR_INTERRUPT_INTERRUPT_CALLBACK
 162:.\Generated_Source\PSoC4/txISR.c ****         txISR_Interrupt_InterruptCallback();
 163:.\Generated_Source\PSoC4/txISR.c ****     #endif /* txISR_INTERRUPT_INTERRUPT_CALLBACK */ 
 164:.\Generated_Source\PSoC4/txISR.c **** 
 165:.\Generated_Source\PSoC4/txISR.c ****     /*  Place your Interrupt code here. */
 166:.\Generated_Source\PSoC4/txISR.c ****     /* `#START txISR_Interrupt` */
 167:.\Generated_Source\PSoC4/txISR.c **** 
 168:.\Generated_Source\PSoC4/txISR.c ****     /* `#END` */
 169:.\Generated_Source\PSoC4/txISR.c **** }
  28              		.loc 1 169 0
  29              		@ sp needed
  30 0000 7047     		bx	lr
  31              		.cfi_endproc
  32              	.LFE3:
  33              		.size	txISR_Interrupt, .-txISR_Interrupt
  34 0002 C046     		.section	.text.txISR_SetVector,"ax",%progbits
  35              		.align	2
  36              		.global	txISR_SetVector
  37              		.code	16
  38              		.thumb_func
  39              		.type	txISR_SetVector, %function
  40              	txISR_SetVector:
  41              	.LFB4:
 170:.\Generated_Source\PSoC4/txISR.c **** 
 171:.\Generated_Source\PSoC4/txISR.c **** 
 172:.\Generated_Source\PSoC4/txISR.c **** /*******************************************************************************
 173:.\Generated_Source\PSoC4/txISR.c **** * Function Name: txISR_SetVector
 174:.\Generated_Source\PSoC4/txISR.c **** ********************************************************************************
 175:.\Generated_Source\PSoC4/txISR.c **** *
 176:.\Generated_Source\PSoC4/txISR.c **** * Summary:
 177:.\Generated_Source\PSoC4/txISR.c **** *   Change the ISR vector for the Interrupt. Note calling txISR_Start
 178:.\Generated_Source\PSoC4/txISR.c **** *   will override any effect this method would have had. To set the vector 
 179:.\Generated_Source\PSoC4/txISR.c **** *   before the component has been started use txISR_StartEx instead.
 180:.\Generated_Source\PSoC4/txISR.c **** * 
 181:.\Generated_Source\PSoC4/txISR.c **** *   When defining ISR functions, the CY_ISR and CY_ISR_PROTO macros should be 
 182:.\Generated_Source\PSoC4/txISR.c **** *   used to provide consistent definition across compilers:
 183:.\Generated_Source\PSoC4/txISR.c **** *
 184:.\Generated_Source\PSoC4/txISR.c **** *   Function definition example:
 185:.\Generated_Source\PSoC4/txISR.c **** *   CY_ISR(MyISR)
 186:.\Generated_Source\PSoC4/txISR.c **** *   {
 187:.\Generated_Source\PSoC4/txISR.c **** *   }
ARM GAS  C:\Users\g\AppData\Local\Temp\cchibsRB.s 			page 5


 188:.\Generated_Source\PSoC4/txISR.c **** *
 189:.\Generated_Source\PSoC4/txISR.c **** *   Function prototype example:
 190:.\Generated_Source\PSoC4/txISR.c **** *     CY_ISR_PROTO(MyISR);
 191:.\Generated_Source\PSoC4/txISR.c **** *
 192:.\Generated_Source\PSoC4/txISR.c **** * Parameters:
 193:.\Generated_Source\PSoC4/txISR.c **** *   address: Address of the ISR to set in the interrupt vector table.
 194:.\Generated_Source\PSoC4/txISR.c **** *
 195:.\Generated_Source\PSoC4/txISR.c **** * Return:
 196:.\Generated_Source\PSoC4/txISR.c **** *   None
 197:.\Generated_Source\PSoC4/txISR.c **** *
 198:.\Generated_Source\PSoC4/txISR.c **** *******************************************************************************/
 199:.\Generated_Source\PSoC4/txISR.c **** void txISR_SetVector(cyisraddress address)
 200:.\Generated_Source\PSoC4/txISR.c **** {
  42              		.loc 1 200 0
  43              		.cfi_startproc
  44              	.LVL0:
 201:.\Generated_Source\PSoC4/txISR.c ****     CyRamVectors[CYINT_IRQ_BASE + txISR__INTC_NUMBER] = address;
  45              		.loc 1 201 0
  46 0000 014B     		ldr	r3, .L3
  47 0002 D864     		str	r0, [r3, #76]
 202:.\Generated_Source\PSoC4/txISR.c **** }
  48              		.loc 1 202 0
  49              		@ sp needed
  50 0004 7047     		bx	lr
  51              	.L4:
  52 0006 C046     		.align	2
  53              	.L3:
  54 0008 00000000 		.word	CyRamVectors
  55              		.cfi_endproc
  56              	.LFE4:
  57              		.size	txISR_SetVector, .-txISR_SetVector
  58              		.section	.text.txISR_GetVector,"ax",%progbits
  59              		.align	2
  60              		.global	txISR_GetVector
  61              		.code	16
  62              		.thumb_func
  63              		.type	txISR_GetVector, %function
  64              	txISR_GetVector:
  65              	.LFB5:
 203:.\Generated_Source\PSoC4/txISR.c **** 
 204:.\Generated_Source\PSoC4/txISR.c **** 
 205:.\Generated_Source\PSoC4/txISR.c **** /*******************************************************************************
 206:.\Generated_Source\PSoC4/txISR.c **** * Function Name: txISR_GetVector
 207:.\Generated_Source\PSoC4/txISR.c **** ********************************************************************************
 208:.\Generated_Source\PSoC4/txISR.c **** *
 209:.\Generated_Source\PSoC4/txISR.c **** * Summary:
 210:.\Generated_Source\PSoC4/txISR.c **** *   Gets the "address" of the current ISR vector for the Interrupt.
 211:.\Generated_Source\PSoC4/txISR.c **** *
 212:.\Generated_Source\PSoC4/txISR.c **** * Parameters:
 213:.\Generated_Source\PSoC4/txISR.c **** *   None
 214:.\Generated_Source\PSoC4/txISR.c **** *
 215:.\Generated_Source\PSoC4/txISR.c **** * Return:
 216:.\Generated_Source\PSoC4/txISR.c **** *   Address of the ISR in the interrupt vector table.
 217:.\Generated_Source\PSoC4/txISR.c **** *
 218:.\Generated_Source\PSoC4/txISR.c **** *******************************************************************************/
 219:.\Generated_Source\PSoC4/txISR.c **** cyisraddress txISR_GetVector(void)
 220:.\Generated_Source\PSoC4/txISR.c **** {
ARM GAS  C:\Users\g\AppData\Local\Temp\cchibsRB.s 			page 6


  66              		.loc 1 220 0
  67              		.cfi_startproc
 221:.\Generated_Source\PSoC4/txISR.c ****     return CyRamVectors[CYINT_IRQ_BASE + txISR__INTC_NUMBER];
  68              		.loc 1 221 0
  69 0000 014B     		ldr	r3, .L6
  70 0002 D86C     		ldr	r0, [r3, #76]
 222:.\Generated_Source\PSoC4/txISR.c **** }
  71              		.loc 1 222 0
  72              		@ sp needed
  73 0004 7047     		bx	lr
  74              	.L7:
  75 0006 C046     		.align	2
  76              	.L6:
  77 0008 00000000 		.word	CyRamVectors
  78              		.cfi_endproc
  79              	.LFE5:
  80              		.size	txISR_GetVector, .-txISR_GetVector
  81              		.section	.text.txISR_SetPriority,"ax",%progbits
  82              		.align	2
  83              		.global	txISR_SetPriority
  84              		.code	16
  85              		.thumb_func
  86              		.type	txISR_SetPriority, %function
  87              	txISR_SetPriority:
  88              	.LFB6:
 223:.\Generated_Source\PSoC4/txISR.c **** 
 224:.\Generated_Source\PSoC4/txISR.c **** 
 225:.\Generated_Source\PSoC4/txISR.c **** /*******************************************************************************
 226:.\Generated_Source\PSoC4/txISR.c **** * Function Name: txISR_SetPriority
 227:.\Generated_Source\PSoC4/txISR.c **** ********************************************************************************
 228:.\Generated_Source\PSoC4/txISR.c **** *
 229:.\Generated_Source\PSoC4/txISR.c **** * Summary:
 230:.\Generated_Source\PSoC4/txISR.c **** *   Sets the Priority of the Interrupt. 
 231:.\Generated_Source\PSoC4/txISR.c **** *
 232:.\Generated_Source\PSoC4/txISR.c **** *   Note calling txISR_Start or txISR_StartEx will 
 233:.\Generated_Source\PSoC4/txISR.c **** *   override any effect this API would have had. This API should only be called
 234:.\Generated_Source\PSoC4/txISR.c **** *   after txISR_Start or txISR_StartEx has been called. 
 235:.\Generated_Source\PSoC4/txISR.c **** *   To set the initial priority for the component, use the Design-Wide Resources
 236:.\Generated_Source\PSoC4/txISR.c **** *   Interrupt Editor.
 237:.\Generated_Source\PSoC4/txISR.c **** *
 238:.\Generated_Source\PSoC4/txISR.c **** *   Note This API has no effect on Non-maskable interrupt NMI).
 239:.\Generated_Source\PSoC4/txISR.c **** *
 240:.\Generated_Source\PSoC4/txISR.c **** * Parameters:
 241:.\Generated_Source\PSoC4/txISR.c **** *   priority: Priority of the interrupt, 0 being the highest priority
 242:.\Generated_Source\PSoC4/txISR.c **** *             PSoC 3 and PSoC 5LP: Priority is from 0 to 7.
 243:.\Generated_Source\PSoC4/txISR.c **** *             PSoC 4: Priority is from 0 to 3.
 244:.\Generated_Source\PSoC4/txISR.c **** *
 245:.\Generated_Source\PSoC4/txISR.c **** * Return:
 246:.\Generated_Source\PSoC4/txISR.c **** *   None
 247:.\Generated_Source\PSoC4/txISR.c **** *
 248:.\Generated_Source\PSoC4/txISR.c **** *******************************************************************************/
 249:.\Generated_Source\PSoC4/txISR.c **** void txISR_SetPriority(uint8 priority)
 250:.\Generated_Source\PSoC4/txISR.c **** {
  89              		.loc 1 250 0
  90              		.cfi_startproc
  91              	.LVL1:
  92 0000 10B5     		push	{r4, lr}
ARM GAS  C:\Users\g\AppData\Local\Temp\cchibsRB.s 			page 7


  93              		.cfi_def_cfa_offset 8
  94              		.cfi_offset 4, -8
  95              		.cfi_offset 14, -4
  96 0002 041C     		mov	r4, r0
  97              	.LVL2:
 251:.\Generated_Source\PSoC4/txISR.c **** 	uint8 interruptState;
 252:.\Generated_Source\PSoC4/txISR.c ****     uint32 priorityOffset = ((txISR__INTC_NUMBER % 4u) * 8u) + 6u;
 253:.\Generated_Source\PSoC4/txISR.c ****     
 254:.\Generated_Source\PSoC4/txISR.c **** 	interruptState = CyEnterCriticalSection();
  98              		.loc 1 254 0
  99 0004 FFF7FEFF 		bl	CyEnterCriticalSection
 100              	.LVL3:
 255:.\Generated_Source\PSoC4/txISR.c ****     *txISR_INTC_PRIOR = (*txISR_INTC_PRIOR & (uint32)(~txISR__INTC_PRIOR_MASK)) |
 101              		.loc 1 255 0
 102 0008 044A     		ldr	r2, .L9
 103 000a 1368     		ldr	r3, [r2]
 104 000c 9B00     		lsl	r3, r3, #2
 105 000e 9B08     		lsr	r3, r3, #2
 256:.\Generated_Source\PSoC4/txISR.c ****                                     ((uint32)priority << priorityOffset);
 106              		.loc 1 256 0
 107 0010 A407     		lsl	r4, r4, #30
 255:.\Generated_Source\PSoC4/txISR.c ****     *txISR_INTC_PRIOR = (*txISR_INTC_PRIOR & (uint32)(~txISR__INTC_PRIOR_MASK)) |
 108              		.loc 1 255 0
 109 0012 1C43     		orr	r4, r3
 110 0014 1460     		str	r4, [r2]
 257:.\Generated_Source\PSoC4/txISR.c **** 	CyExitCriticalSection(interruptState);
 111              		.loc 1 257 0
 112 0016 FFF7FEFF 		bl	CyExitCriticalSection
 113              	.LVL4:
 258:.\Generated_Source\PSoC4/txISR.c **** }
 114              		.loc 1 258 0
 115              		@ sp needed
 116 001a 10BD     		pop	{r4, pc}
 117              	.L10:
 118              		.align	2
 119              	.L9:
 120 001c 00E400E0 		.word	-536812544
 121              		.cfi_endproc
 122              	.LFE6:
 123              		.size	txISR_SetPriority, .-txISR_SetPriority
 124              		.section	.text.txISR_GetPriority,"ax",%progbits
 125              		.align	2
 126              		.global	txISR_GetPriority
 127              		.code	16
 128              		.thumb_func
 129              		.type	txISR_GetPriority, %function
 130              	txISR_GetPriority:
 131              	.LFB7:
 259:.\Generated_Source\PSoC4/txISR.c **** 
 260:.\Generated_Source\PSoC4/txISR.c **** 
 261:.\Generated_Source\PSoC4/txISR.c **** /*******************************************************************************
 262:.\Generated_Source\PSoC4/txISR.c **** * Function Name: txISR_GetPriority
 263:.\Generated_Source\PSoC4/txISR.c **** ********************************************************************************
 264:.\Generated_Source\PSoC4/txISR.c **** *
 265:.\Generated_Source\PSoC4/txISR.c **** * Summary:
 266:.\Generated_Source\PSoC4/txISR.c **** *   Gets the Priority of the Interrupt.
 267:.\Generated_Source\PSoC4/txISR.c **** *
ARM GAS  C:\Users\g\AppData\Local\Temp\cchibsRB.s 			page 8


 268:.\Generated_Source\PSoC4/txISR.c **** * Parameters:
 269:.\Generated_Source\PSoC4/txISR.c **** *   None
 270:.\Generated_Source\PSoC4/txISR.c **** *
 271:.\Generated_Source\PSoC4/txISR.c **** * Return:
 272:.\Generated_Source\PSoC4/txISR.c **** *   Priority of the interrupt, 0 being the highest priority
 273:.\Generated_Source\PSoC4/txISR.c **** *    PSoC 3 and PSoC 5LP: Priority is from 0 to 7.
 274:.\Generated_Source\PSoC4/txISR.c **** *    PSoC 4: Priority is from 0 to 3.
 275:.\Generated_Source\PSoC4/txISR.c **** *
 276:.\Generated_Source\PSoC4/txISR.c **** *******************************************************************************/
 277:.\Generated_Source\PSoC4/txISR.c **** uint8 txISR_GetPriority(void)
 278:.\Generated_Source\PSoC4/txISR.c **** {
 132              		.loc 1 278 0
 133              		.cfi_startproc
 134              	.LVL5:
 279:.\Generated_Source\PSoC4/txISR.c ****     uint32 priority;
 280:.\Generated_Source\PSoC4/txISR.c **** 	uint32 priorityOffset = ((txISR__INTC_NUMBER % 4u) * 8u) + 6u;
 281:.\Generated_Source\PSoC4/txISR.c **** 
 282:.\Generated_Source\PSoC4/txISR.c ****     priority = (*txISR_INTC_PRIOR & txISR__INTC_PRIOR_MASK) >> priorityOffset;
 135              		.loc 1 282 0
 136 0000 014B     		ldr	r3, .L12
 137 0002 1868     		ldr	r0, [r3]
 138              	.LVL6:
 283:.\Generated_Source\PSoC4/txISR.c **** 
 284:.\Generated_Source\PSoC4/txISR.c ****     return (uint8)priority;
 139              		.loc 1 284 0
 140 0004 800F     		lsr	r0, r0, #30
 141              	.LVL7:
 285:.\Generated_Source\PSoC4/txISR.c **** }
 142              		.loc 1 285 0
 143              		@ sp needed
 144 0006 7047     		bx	lr
 145              	.L13:
 146              		.align	2
 147              	.L12:
 148 0008 00E400E0 		.word	-536812544
 149              		.cfi_endproc
 150              	.LFE7:
 151              		.size	txISR_GetPriority, .-txISR_GetPriority
 152              		.section	.text.txISR_Enable,"ax",%progbits
 153              		.align	2
 154              		.global	txISR_Enable
 155              		.code	16
 156              		.thumb_func
 157              		.type	txISR_Enable, %function
 158              	txISR_Enable:
 159              	.LFB8:
 286:.\Generated_Source\PSoC4/txISR.c **** 
 287:.\Generated_Source\PSoC4/txISR.c **** 
 288:.\Generated_Source\PSoC4/txISR.c **** /*******************************************************************************
 289:.\Generated_Source\PSoC4/txISR.c **** * Function Name: txISR_Enable
 290:.\Generated_Source\PSoC4/txISR.c **** ********************************************************************************
 291:.\Generated_Source\PSoC4/txISR.c **** *
 292:.\Generated_Source\PSoC4/txISR.c **** * Summary:
 293:.\Generated_Source\PSoC4/txISR.c **** *   Enables the interrupt to the interrupt controller. Do not call this function
 294:.\Generated_Source\PSoC4/txISR.c **** *   unless ISR_Start() has been called or the functionality of the ISR_Start() 
 295:.\Generated_Source\PSoC4/txISR.c **** *   function, which sets the vector and the priority, has been called.
 296:.\Generated_Source\PSoC4/txISR.c **** *
ARM GAS  C:\Users\g\AppData\Local\Temp\cchibsRB.s 			page 9


 297:.\Generated_Source\PSoC4/txISR.c **** * Parameters:
 298:.\Generated_Source\PSoC4/txISR.c **** *   None
 299:.\Generated_Source\PSoC4/txISR.c **** *
 300:.\Generated_Source\PSoC4/txISR.c **** * Return:
 301:.\Generated_Source\PSoC4/txISR.c **** *   None
 302:.\Generated_Source\PSoC4/txISR.c **** *
 303:.\Generated_Source\PSoC4/txISR.c **** *******************************************************************************/
 304:.\Generated_Source\PSoC4/txISR.c **** void txISR_Enable(void)
 305:.\Generated_Source\PSoC4/txISR.c **** {
 160              		.loc 1 305 0
 161              		.cfi_startproc
 306:.\Generated_Source\PSoC4/txISR.c ****     /* Enable the general interrupt. */
 307:.\Generated_Source\PSoC4/txISR.c ****     *txISR_INTC_SET_EN = txISR__INTC_MASK;
 162              		.loc 1 307 0
 163 0000 0822     		mov	r2, #8
 164 0002 014B     		ldr	r3, .L15
 165 0004 1A60     		str	r2, [r3]
 308:.\Generated_Source\PSoC4/txISR.c **** }
 166              		.loc 1 308 0
 167              		@ sp needed
 168 0006 7047     		bx	lr
 169              	.L16:
 170              		.align	2
 171              	.L15:
 172 0008 00E100E0 		.word	-536813312
 173              		.cfi_endproc
 174              	.LFE8:
 175              		.size	txISR_Enable, .-txISR_Enable
 176              		.section	.text.txISR_GetState,"ax",%progbits
 177              		.align	2
 178              		.global	txISR_GetState
 179              		.code	16
 180              		.thumb_func
 181              		.type	txISR_GetState, %function
 182              	txISR_GetState:
 183              	.LFB9:
 309:.\Generated_Source\PSoC4/txISR.c **** 
 310:.\Generated_Source\PSoC4/txISR.c **** 
 311:.\Generated_Source\PSoC4/txISR.c **** /*******************************************************************************
 312:.\Generated_Source\PSoC4/txISR.c **** * Function Name: txISR_GetState
 313:.\Generated_Source\PSoC4/txISR.c **** ********************************************************************************
 314:.\Generated_Source\PSoC4/txISR.c **** *
 315:.\Generated_Source\PSoC4/txISR.c **** * Summary:
 316:.\Generated_Source\PSoC4/txISR.c **** *   Gets the state (enabled, disabled) of the Interrupt.
 317:.\Generated_Source\PSoC4/txISR.c **** *
 318:.\Generated_Source\PSoC4/txISR.c **** * Parameters:
 319:.\Generated_Source\PSoC4/txISR.c **** *   None
 320:.\Generated_Source\PSoC4/txISR.c **** *
 321:.\Generated_Source\PSoC4/txISR.c **** * Return:
 322:.\Generated_Source\PSoC4/txISR.c **** *   1 if enabled, 0 if disabled.
 323:.\Generated_Source\PSoC4/txISR.c **** *
 324:.\Generated_Source\PSoC4/txISR.c **** *******************************************************************************/
 325:.\Generated_Source\PSoC4/txISR.c **** uint8 txISR_GetState(void)
 326:.\Generated_Source\PSoC4/txISR.c **** {
 184              		.loc 1 326 0
 185              		.cfi_startproc
 327:.\Generated_Source\PSoC4/txISR.c ****     /* Get the state of the general interrupt. */
ARM GAS  C:\Users\g\AppData\Local\Temp\cchibsRB.s 			page 10


 328:.\Generated_Source\PSoC4/txISR.c ****     return ((*txISR_INTC_SET_EN & (uint32)txISR__INTC_MASK) != 0u) ? 1u:0u;
 186              		.loc 1 328 0
 187 0000 034B     		ldr	r3, .L20
 188 0002 1B68     		ldr	r3, [r3]
 189 0004 1B07     		lsl	r3, r3, #28
 190 0006 01D5     		bpl	.L19
 191 0008 0120     		mov	r0, #1
 192 000a 00E0     		b	.L18
 193              	.L19:
 194 000c 0020     		mov	r0, #0
 195              	.L18:
 329:.\Generated_Source\PSoC4/txISR.c **** }
 196              		.loc 1 329 0 discriminator 4
 197              		@ sp needed
 198 000e 7047     		bx	lr
 199              	.L21:
 200              		.align	2
 201              	.L20:
 202 0010 00E100E0 		.word	-536813312
 203              		.cfi_endproc
 204              	.LFE9:
 205              		.size	txISR_GetState, .-txISR_GetState
 206              		.section	.text.txISR_Disable,"ax",%progbits
 207              		.align	2
 208              		.global	txISR_Disable
 209              		.code	16
 210              		.thumb_func
 211              		.type	txISR_Disable, %function
 212              	txISR_Disable:
 213              	.LFB10:
 330:.\Generated_Source\PSoC4/txISR.c **** 
 331:.\Generated_Source\PSoC4/txISR.c **** 
 332:.\Generated_Source\PSoC4/txISR.c **** /*******************************************************************************
 333:.\Generated_Source\PSoC4/txISR.c **** * Function Name: txISR_Disable
 334:.\Generated_Source\PSoC4/txISR.c **** ********************************************************************************
 335:.\Generated_Source\PSoC4/txISR.c **** *
 336:.\Generated_Source\PSoC4/txISR.c **** * Summary:
 337:.\Generated_Source\PSoC4/txISR.c **** *   Disables the Interrupt in the interrupt controller.
 338:.\Generated_Source\PSoC4/txISR.c **** *
 339:.\Generated_Source\PSoC4/txISR.c **** * Parameters:
 340:.\Generated_Source\PSoC4/txISR.c **** *   None
 341:.\Generated_Source\PSoC4/txISR.c **** *
 342:.\Generated_Source\PSoC4/txISR.c **** * Return:
 343:.\Generated_Source\PSoC4/txISR.c **** *   None
 344:.\Generated_Source\PSoC4/txISR.c **** *
 345:.\Generated_Source\PSoC4/txISR.c **** *******************************************************************************/
 346:.\Generated_Source\PSoC4/txISR.c **** void txISR_Disable(void)
 347:.\Generated_Source\PSoC4/txISR.c **** {
 214              		.loc 1 347 0
 215              		.cfi_startproc
 348:.\Generated_Source\PSoC4/txISR.c ****     /* Disable the general interrupt. */
 349:.\Generated_Source\PSoC4/txISR.c ****     *txISR_INTC_CLR_EN = txISR__INTC_MASK;
 216              		.loc 1 349 0
 217 0000 0822     		mov	r2, #8
 218 0002 014B     		ldr	r3, .L23
 219 0004 1A60     		str	r2, [r3]
 350:.\Generated_Source\PSoC4/txISR.c **** }
ARM GAS  C:\Users\g\AppData\Local\Temp\cchibsRB.s 			page 11


 220              		.loc 1 350 0
 221              		@ sp needed
 222 0006 7047     		bx	lr
 223              	.L24:
 224              		.align	2
 225              	.L23:
 226 0008 80E100E0 		.word	-536813184
 227              		.cfi_endproc
 228              	.LFE10:
 229              		.size	txISR_Disable, .-txISR_Disable
 230              		.section	.text.txISR_Start,"ax",%progbits
 231              		.align	2
 232              		.global	txISR_Start
 233              		.code	16
 234              		.thumb_func
 235              		.type	txISR_Start, %function
 236              	txISR_Start:
 237              	.LFB0:
  57:.\Generated_Source\PSoC4/txISR.c ****     /* For all we know the interrupt is active. */
 238              		.loc 1 57 0
 239              		.cfi_startproc
 240 0000 08B5     		push	{r3, lr}
 241              		.cfi_def_cfa_offset 8
 242              		.cfi_offset 3, -8
 243              		.cfi_offset 14, -4
  59:.\Generated_Source\PSoC4/txISR.c **** 
 244              		.loc 1 59 0
 245 0002 FFF7FEFF 		bl	txISR_Disable
 246              	.LVL8:
  62:.\Generated_Source\PSoC4/txISR.c **** 
 247              		.loc 1 62 0
 248 0006 0448     		ldr	r0, .L26
 249 0008 FFF7FEFF 		bl	txISR_SetVector
 250              	.LVL9:
  65:.\Generated_Source\PSoC4/txISR.c **** 
 251              		.loc 1 65 0
 252 000c 0320     		mov	r0, #3
 253 000e FFF7FEFF 		bl	txISR_SetPriority
 254              	.LVL10:
  68:.\Generated_Source\PSoC4/txISR.c **** }
 255              		.loc 1 68 0
 256 0012 FFF7FEFF 		bl	txISR_Enable
 257              	.LVL11:
  69:.\Generated_Source\PSoC4/txISR.c **** 
 258              		.loc 1 69 0
 259              		@ sp needed
 260 0016 08BD     		pop	{r3, pc}
 261              	.L27:
 262              		.align	2
 263              	.L26:
 264 0018 00000000 		.word	txISR_Interrupt
 265              		.cfi_endproc
 266              	.LFE0:
 267              		.size	txISR_Start, .-txISR_Start
 268              		.section	.text.txISR_StartEx,"ax",%progbits
 269              		.align	2
 270              		.global	txISR_StartEx
ARM GAS  C:\Users\g\AppData\Local\Temp\cchibsRB.s 			page 12


 271              		.code	16
 272              		.thumb_func
 273              		.type	txISR_StartEx, %function
 274              	txISR_StartEx:
 275              	.LFB1:
 100:.\Generated_Source\PSoC4/txISR.c ****     /* For all we know the interrupt is active. */
 276              		.loc 1 100 0
 277              		.cfi_startproc
 278              	.LVL12:
 279 0000 10B5     		push	{r4, lr}
 280              		.cfi_def_cfa_offset 8
 281              		.cfi_offset 4, -8
 282              		.cfi_offset 14, -4
 283 0002 041C     		mov	r4, r0
 102:.\Generated_Source\PSoC4/txISR.c **** 
 284              		.loc 1 102 0
 285 0004 FFF7FEFF 		bl	txISR_Disable
 286              	.LVL13:
 105:.\Generated_Source\PSoC4/txISR.c **** 
 287              		.loc 1 105 0
 288 0008 201C     		mov	r0, r4
 289 000a FFF7FEFF 		bl	txISR_SetVector
 290              	.LVL14:
 108:.\Generated_Source\PSoC4/txISR.c **** 
 291              		.loc 1 108 0
 292 000e 0320     		mov	r0, #3
 293 0010 FFF7FEFF 		bl	txISR_SetPriority
 294              	.LVL15:
 111:.\Generated_Source\PSoC4/txISR.c **** }
 295              		.loc 1 111 0
 296 0014 FFF7FEFF 		bl	txISR_Enable
 297              	.LVL16:
 112:.\Generated_Source\PSoC4/txISR.c **** 
 298              		.loc 1 112 0
 299              		@ sp needed
 300              	.LVL17:
 301 0018 10BD     		pop	{r4, pc}
 302              		.cfi_endproc
 303              	.LFE1:
 304              		.size	txISR_StartEx, .-txISR_StartEx
 305 001a C046     		.section	.text.txISR_Stop,"ax",%progbits
 306              		.align	2
 307              		.global	txISR_Stop
 308              		.code	16
 309              		.thumb_func
 310              		.type	txISR_Stop, %function
 311              	txISR_Stop:
 312              	.LFB2:
 130:.\Generated_Source\PSoC4/txISR.c ****     /* Disable this interrupt. */
 313              		.loc 1 130 0
 314              		.cfi_startproc
 315 0000 08B5     		push	{r3, lr}
 316              		.cfi_def_cfa_offset 8
 317              		.cfi_offset 3, -8
 318              		.cfi_offset 14, -4
 132:.\Generated_Source\PSoC4/txISR.c **** 
 319              		.loc 1 132 0
ARM GAS  C:\Users\g\AppData\Local\Temp\cchibsRB.s 			page 13


 320 0002 FFF7FEFF 		bl	txISR_Disable
 321              	.LVL18:
 135:.\Generated_Source\PSoC4/txISR.c **** }
 322              		.loc 1 135 0
 323 0006 0248     		ldr	r0, .L30
 324 0008 FFF7FEFF 		bl	txISR_SetVector
 325              	.LVL19:
 136:.\Generated_Source\PSoC4/txISR.c **** 
 326              		.loc 1 136 0
 327              		@ sp needed
 328 000c 08BD     		pop	{r3, pc}
 329              	.L31:
 330 000e C046     		.align	2
 331              	.L30:
 332 0010 00000000 		.word	IntDefaultHandler
 333              		.cfi_endproc
 334              	.LFE2:
 335              		.size	txISR_Stop, .-txISR_Stop
 336              		.section	.text.txISR_SetPending,"ax",%progbits
 337              		.align	2
 338              		.global	txISR_SetPending
 339              		.code	16
 340              		.thumb_func
 341              		.type	txISR_SetPending, %function
 342              	txISR_SetPending:
 343              	.LFB11:
 351:.\Generated_Source\PSoC4/txISR.c **** 
 352:.\Generated_Source\PSoC4/txISR.c **** 
 353:.\Generated_Source\PSoC4/txISR.c **** /*******************************************************************************
 354:.\Generated_Source\PSoC4/txISR.c **** * Function Name: txISR_SetPending
 355:.\Generated_Source\PSoC4/txISR.c **** ********************************************************************************
 356:.\Generated_Source\PSoC4/txISR.c **** *
 357:.\Generated_Source\PSoC4/txISR.c **** * Summary:
 358:.\Generated_Source\PSoC4/txISR.c **** *   Causes the Interrupt to enter the pending state, a software method of
 359:.\Generated_Source\PSoC4/txISR.c **** *   generating the interrupt.
 360:.\Generated_Source\PSoC4/txISR.c **** *
 361:.\Generated_Source\PSoC4/txISR.c **** * Parameters:
 362:.\Generated_Source\PSoC4/txISR.c **** *   None
 363:.\Generated_Source\PSoC4/txISR.c **** *
 364:.\Generated_Source\PSoC4/txISR.c **** * Return:
 365:.\Generated_Source\PSoC4/txISR.c **** *   None
 366:.\Generated_Source\PSoC4/txISR.c **** *
 367:.\Generated_Source\PSoC4/txISR.c **** * Side Effects:
 368:.\Generated_Source\PSoC4/txISR.c **** *   If interrupts are enabled and the interrupt is set up properly, the ISR is
 369:.\Generated_Source\PSoC4/txISR.c **** *   entered (depending on the priority of this interrupt and other pending 
 370:.\Generated_Source\PSoC4/txISR.c **** *   interrupts).
 371:.\Generated_Source\PSoC4/txISR.c **** *
 372:.\Generated_Source\PSoC4/txISR.c **** *******************************************************************************/
 373:.\Generated_Source\PSoC4/txISR.c **** void txISR_SetPending(void)
 374:.\Generated_Source\PSoC4/txISR.c **** {
 344              		.loc 1 374 0
 345              		.cfi_startproc
 375:.\Generated_Source\PSoC4/txISR.c ****     *txISR_INTC_SET_PD = txISR__INTC_MASK;
 346              		.loc 1 375 0
 347 0000 0822     		mov	r2, #8
 348 0002 014B     		ldr	r3, .L33
 349 0004 1A60     		str	r2, [r3]
ARM GAS  C:\Users\g\AppData\Local\Temp\cchibsRB.s 			page 14


 376:.\Generated_Source\PSoC4/txISR.c **** }
 350              		.loc 1 376 0
 351              		@ sp needed
 352 0006 7047     		bx	lr
 353              	.L34:
 354              		.align	2
 355              	.L33:
 356 0008 00E200E0 		.word	-536813056
 357              		.cfi_endproc
 358              	.LFE11:
 359              		.size	txISR_SetPending, .-txISR_SetPending
 360              		.section	.text.txISR_ClearPending,"ax",%progbits
 361              		.align	2
 362              		.global	txISR_ClearPending
 363              		.code	16
 364              		.thumb_func
 365              		.type	txISR_ClearPending, %function
 366              	txISR_ClearPending:
 367              	.LFB12:
 377:.\Generated_Source\PSoC4/txISR.c **** 
 378:.\Generated_Source\PSoC4/txISR.c **** 
 379:.\Generated_Source\PSoC4/txISR.c **** /*******************************************************************************
 380:.\Generated_Source\PSoC4/txISR.c **** * Function Name: txISR_ClearPending
 381:.\Generated_Source\PSoC4/txISR.c **** ********************************************************************************
 382:.\Generated_Source\PSoC4/txISR.c **** *
 383:.\Generated_Source\PSoC4/txISR.c **** * Summary:
 384:.\Generated_Source\PSoC4/txISR.c **** *   Clears a pending interrupt in the interrupt controller.
 385:.\Generated_Source\PSoC4/txISR.c **** *
 386:.\Generated_Source\PSoC4/txISR.c **** *   Note Some interrupt sources are clear-on-read and require the block 
 387:.\Generated_Source\PSoC4/txISR.c **** *   interrupt/status register to be read/cleared with the appropriate block API 
 388:.\Generated_Source\PSoC4/txISR.c **** *   (GPIO, UART, and so on). Otherwise the ISR will continue to remain in 
 389:.\Generated_Source\PSoC4/txISR.c **** *   pending state even though the interrupt itself is cleared using this API.
 390:.\Generated_Source\PSoC4/txISR.c **** *
 391:.\Generated_Source\PSoC4/txISR.c **** * Parameters:
 392:.\Generated_Source\PSoC4/txISR.c **** *   None
 393:.\Generated_Source\PSoC4/txISR.c **** *
 394:.\Generated_Source\PSoC4/txISR.c **** * Return:
 395:.\Generated_Source\PSoC4/txISR.c **** *   None
 396:.\Generated_Source\PSoC4/txISR.c **** *
 397:.\Generated_Source\PSoC4/txISR.c **** *******************************************************************************/
 398:.\Generated_Source\PSoC4/txISR.c **** void txISR_ClearPending(void)
 399:.\Generated_Source\PSoC4/txISR.c **** {
 368              		.loc 1 399 0
 369              		.cfi_startproc
 400:.\Generated_Source\PSoC4/txISR.c ****     *txISR_INTC_CLR_PD = txISR__INTC_MASK;
 370              		.loc 1 400 0
 371 0000 0822     		mov	r2, #8
 372 0002 014B     		ldr	r3, .L36
 373 0004 1A60     		str	r2, [r3]
 401:.\Generated_Source\PSoC4/txISR.c **** }
 374              		.loc 1 401 0
 375              		@ sp needed
 376 0006 7047     		bx	lr
 377              	.L37:
 378              		.align	2
 379              	.L36:
 380 0008 80E200E0 		.word	-536812928
ARM GAS  C:\Users\g\AppData\Local\Temp\cchibsRB.s 			page 15


 381              		.cfi_endproc
 382              	.LFE12:
 383              		.size	txISR_ClearPending, .-txISR_ClearPending
 384              		.text
 385              	.Letext0:
 386              		.file 2 "Generated_Source\\PSoC4/cytypes.h"
 387              		.file 3 "Generated_Source\\PSoC4/CyLib.h"
 388              		.section	.debug_info,"",%progbits
 389              	.Ldebug_info0:
 390 0000 FC020000 		.4byte	0x2fc
 391 0004 0400     		.2byte	0x4
 392 0006 00000000 		.4byte	.Ldebug_abbrev0
 393 000a 04       		.byte	0x4
 394 000b 01       		.uleb128 0x1
 395 000c B2010000 		.4byte	.LASF33
 396 0010 01       		.byte	0x1
 397 0011 33000000 		.4byte	.LASF34
 398 0015 84000000 		.4byte	.LASF35
 399 0019 00000000 		.4byte	.Ldebug_ranges0+0
 400 001d 00000000 		.4byte	0
 401 0021 00000000 		.4byte	.Ldebug_line0
 402 0025 02       		.uleb128 0x2
 403 0026 01       		.byte	0x1
 404 0027 06       		.byte	0x6
 405 0028 B2020000 		.4byte	.LASF0
 406 002c 02       		.uleb128 0x2
 407 002d 01       		.byte	0x1
 408 002e 08       		.byte	0x8
 409 002f 39010000 		.4byte	.LASF1
 410 0033 02       		.uleb128 0x2
 411 0034 02       		.byte	0x2
 412 0035 05       		.byte	0x5
 413 0036 7E020000 		.4byte	.LASF2
 414 003a 02       		.uleb128 0x2
 415 003b 02       		.byte	0x2
 416 003c 07       		.byte	0x7
 417 003d 54000000 		.4byte	.LASF3
 418 0041 02       		.uleb128 0x2
 419 0042 04       		.byte	0x4
 420 0043 05       		.byte	0x5
 421 0044 A9020000 		.4byte	.LASF4
 422 0048 02       		.uleb128 0x2
 423 0049 04       		.byte	0x4
 424 004a 07       		.byte	0x7
 425 004b 06010000 		.4byte	.LASF5
 426 004f 02       		.uleb128 0x2
 427 0050 08       		.byte	0x8
 428 0051 05       		.byte	0x5
 429 0052 5D020000 		.4byte	.LASF6
 430 0056 02       		.uleb128 0x2
 431 0057 08       		.byte	0x8
 432 0058 07       		.byte	0x7
 433 0059 B1000000 		.4byte	.LASF7
 434 005d 03       		.uleb128 0x3
 435 005e 04       		.byte	0x4
 436 005f 05       		.byte	0x5
 437 0060 696E7400 		.ascii	"int\000"
ARM GAS  C:\Users\g\AppData\Local\Temp\cchibsRB.s 			page 16


 438 0064 02       		.uleb128 0x2
 439 0065 04       		.byte	0x4
 440 0066 07       		.byte	0x7
 441 0067 77000000 		.4byte	.LASF8
 442 006b 04       		.uleb128 0x4
 443 006c 2A010000 		.4byte	.LASF9
 444 0070 02       		.byte	0x2
 445 0071 9801     		.2byte	0x198
 446 0073 2C000000 		.4byte	0x2c
 447 0077 04       		.uleb128 0x4
 448 0078 4E010000 		.4byte	.LASF10
 449 007c 02       		.byte	0x2
 450 007d 9A01     		.2byte	0x19a
 451 007f 48000000 		.4byte	0x48
 452 0083 02       		.uleb128 0x2
 453 0084 04       		.byte	0x4
 454 0085 04       		.byte	0x4
 455 0086 AB000000 		.4byte	.LASF11
 456 008a 02       		.uleb128 0x2
 457 008b 08       		.byte	0x8
 458 008c 04       		.byte	0x4
 459 008d 47010000 		.4byte	.LASF12
 460 0091 02       		.uleb128 0x2
 461 0092 01       		.byte	0x1
 462 0093 08       		.byte	0x8
 463 0094 6B020000 		.4byte	.LASF13
 464 0098 04       		.uleb128 0x4
 465 0099 00000000 		.4byte	.LASF14
 466 009d 02       		.byte	0x2
 467 009e 4402     		.2byte	0x244
 468 00a0 A4000000 		.4byte	0xa4
 469 00a4 05       		.uleb128 0x5
 470 00a5 77000000 		.4byte	0x77
 471 00a9 04       		.uleb128 0x4
 472 00aa A5010000 		.4byte	.LASF15
 473 00ae 02       		.byte	0x2
 474 00af 5402     		.2byte	0x254
 475 00b1 B5000000 		.4byte	0xb5
 476 00b5 06       		.uleb128 0x6
 477 00b6 04       		.byte	0x4
 478 00b7 BB000000 		.4byte	0xbb
 479 00bb 07       		.uleb128 0x7
 480 00bc 02       		.uleb128 0x2
 481 00bd 04       		.byte	0x4
 482 00be 07       		.byte	0x7
 483 00bf 49020000 		.4byte	.LASF16
 484 00c3 08       		.uleb128 0x8
 485 00c4 67000000 		.4byte	.LASF23
 486 00c8 01       		.byte	0x1
 487 00c9 9F       		.byte	0x9f
 488 00ca 00000000 		.4byte	.LFB3
 489 00ce 02000000 		.4byte	.LFE3-.LFB3
 490 00d2 01       		.uleb128 0x1
 491 00d3 9C       		.byte	0x9c
 492 00d4 09       		.uleb128 0x9
 493 00d5 BE020000 		.4byte	.LASF17
 494 00d9 01       		.byte	0x1
ARM GAS  C:\Users\g\AppData\Local\Temp\cchibsRB.s 			page 17


 495 00da C7       		.byte	0xc7
 496 00db 00000000 		.4byte	.LFB4
 497 00df 0C000000 		.4byte	.LFE4-.LFB4
 498 00e3 01       		.uleb128 0x1
 499 00e4 9C       		.byte	0x9c
 500 00e5 F7000000 		.4byte	0xf7
 501 00e9 0A       		.uleb128 0xa
 502 00ea 79010000 		.4byte	.LASF19
 503 00ee 01       		.byte	0x1
 504 00ef C7       		.byte	0xc7
 505 00f0 A9000000 		.4byte	0xa9
 506 00f4 01       		.uleb128 0x1
 507 00f5 50       		.byte	0x50
 508 00f6 00       		.byte	0
 509 00f7 0B       		.uleb128 0xb
 510 00f8 E7000000 		.4byte	.LASF25
 511 00fc 01       		.byte	0x1
 512 00fd DB       		.byte	0xdb
 513 00fe A9000000 		.4byte	0xa9
 514 0102 00000000 		.4byte	.LFB5
 515 0106 0C000000 		.4byte	.LFE5-.LFB5
 516 010a 01       		.uleb128 0x1
 517 010b 9C       		.byte	0x9c
 518 010c 09       		.uleb128 0x9
 519 010d 88020000 		.4byte	.LASF18
 520 0111 01       		.byte	0x1
 521 0112 F9       		.byte	0xf9
 522 0113 00000000 		.4byte	.LFB6
 523 0117 20000000 		.4byte	.LFE6-.LFB6
 524 011b 01       		.uleb128 0x1
 525 011c 9C       		.byte	0x9c
 526 011d 5E010000 		.4byte	0x15e
 527 0121 0C       		.uleb128 0xc
 528 0122 30010000 		.4byte	.LASF20
 529 0126 01       		.byte	0x1
 530 0127 F9       		.byte	0xf9
 531 0128 6B000000 		.4byte	0x6b
 532 012c 00000000 		.4byte	.LLST0
 533 0130 0D       		.uleb128 0xd
 534 0131 F7000000 		.4byte	.LASF21
 535 0135 01       		.byte	0x1
 536 0136 FB       		.byte	0xfb
 537 0137 6B000000 		.4byte	0x6b
 538 013b 21000000 		.4byte	.LLST1
 539 013f 0E       		.uleb128 0xe
 540 0140 9A020000 		.4byte	.LASF22
 541 0144 01       		.byte	0x1
 542 0145 FC       		.byte	0xfc
 543 0146 77000000 		.4byte	0x77
 544 014a 1E       		.byte	0x1e
 545 014b 0F       		.uleb128 0xf
 546 014c 08000000 		.4byte	.LVL3
 547 0150 E7020000 		.4byte	0x2e7
 548 0154 0F       		.uleb128 0xf
 549 0155 1A000000 		.4byte	.LVL4
 550 0159 F2020000 		.4byte	0x2f2
 551 015d 00       		.byte	0
ARM GAS  C:\Users\g\AppData\Local\Temp\cchibsRB.s 			page 18


 552 015e 10       		.uleb128 0x10
 553 015f 18010000 		.4byte	.LASF36
 554 0163 01       		.byte	0x1
 555 0164 1501     		.2byte	0x115
 556 0166 6B000000 		.4byte	0x6b
 557 016a 00000000 		.4byte	.LFB7
 558 016e 0C000000 		.4byte	.LFE7-.LFB7
 559 0172 01       		.uleb128 0x1
 560 0173 9C       		.byte	0x9c
 561 0174 96010000 		.4byte	0x196
 562 0178 11       		.uleb128 0x11
 563 0179 30010000 		.4byte	.LASF20
 564 017d 01       		.byte	0x1
 565 017e 1701     		.2byte	0x117
 566 0180 77000000 		.4byte	0x77
 567 0184 34000000 		.4byte	.LLST2
 568 0188 12       		.uleb128 0x12
 569 0189 9A020000 		.4byte	.LASF22
 570 018d 01       		.byte	0x1
 571 018e 1801     		.2byte	0x118
 572 0190 77000000 		.4byte	0x77
 573 0194 1E       		.byte	0x1e
 574 0195 00       		.byte	0
 575 0196 13       		.uleb128 0x13
 576 0197 6C010000 		.4byte	.LASF24
 577 019b 01       		.byte	0x1
 578 019c 3001     		.2byte	0x130
 579 019e 00000000 		.4byte	.LFB8
 580 01a2 0C000000 		.4byte	.LFE8-.LFB8
 581 01a6 01       		.uleb128 0x1
 582 01a7 9C       		.byte	0x9c
 583 01a8 14       		.uleb128 0x14
 584 01a9 06000000 		.4byte	.LASF26
 585 01ad 01       		.byte	0x1
 586 01ae 4501     		.2byte	0x145
 587 01b0 6B000000 		.4byte	0x6b
 588 01b4 00000000 		.4byte	.LFB9
 589 01b8 14000000 		.4byte	.LFE9-.LFB9
 590 01bc 01       		.uleb128 0x1
 591 01bd 9C       		.byte	0x9c
 592 01be 13       		.uleb128 0x13
 593 01bf 70020000 		.4byte	.LASF27
 594 01c3 01       		.byte	0x1
 595 01c4 5A01     		.2byte	0x15a
 596 01c6 00000000 		.4byte	.LFB10
 597 01ca 0C000000 		.4byte	.LFE10-.LFB10
 598 01ce 01       		.uleb128 0x1
 599 01cf 9C       		.byte	0x9c
 600 01d0 09       		.uleb128 0x9
 601 01d1 DB000000 		.4byte	.LASF28
 602 01d5 01       		.byte	0x1
 603 01d6 38       		.byte	0x38
 604 01d7 00000000 		.4byte	.LFB0
 605 01db 1C000000 		.4byte	.LFE0-.LFB0
 606 01df 01       		.uleb128 0x1
 607 01e0 9C       		.byte	0x9c
 608 01e1 22020000 		.4byte	0x222
ARM GAS  C:\Users\g\AppData\Local\Temp\cchibsRB.s 			page 19


 609 01e5 0F       		.uleb128 0xf
 610 01e6 06000000 		.4byte	.LVL8
 611 01ea BE010000 		.4byte	0x1be
 612 01ee 15       		.uleb128 0x15
 613 01ef 0C000000 		.4byte	.LVL9
 614 01f3 D4000000 		.4byte	0xd4
 615 01f7 05020000 		.4byte	0x205
 616 01fb 16       		.uleb128 0x16
 617 01fc 01       		.uleb128 0x1
 618 01fd 50       		.byte	0x50
 619 01fe 05       		.uleb128 0x5
 620 01ff 03       		.byte	0x3
 621 0200 00000000 		.4byte	txISR_Interrupt
 622 0204 00       		.byte	0
 623 0205 15       		.uleb128 0x15
 624 0206 12000000 		.4byte	.LVL10
 625 020a 0C010000 		.4byte	0x10c
 626 020e 18020000 		.4byte	0x218
 627 0212 16       		.uleb128 0x16
 628 0213 01       		.uleb128 0x1
 629 0214 50       		.byte	0x50
 630 0215 01       		.uleb128 0x1
 631 0216 33       		.byte	0x33
 632 0217 00       		.byte	0
 633 0218 0F       		.uleb128 0xf
 634 0219 16000000 		.4byte	.LVL11
 635 021d 96010000 		.4byte	0x196
 636 0221 00       		.byte	0
 637 0222 09       		.uleb128 0x9
 638 0223 97010000 		.4byte	.LASF29
 639 0227 01       		.byte	0x1
 640 0228 63       		.byte	0x63
 641 0229 00000000 		.4byte	.LFB1
 642 022d 1A000000 		.4byte	.LFE1-.LFB1
 643 0231 01       		.uleb128 0x1
 644 0232 9C       		.byte	0x9c
 645 0233 80020000 		.4byte	0x280
 646 0237 0C       		.uleb128 0xc
 647 0238 79010000 		.4byte	.LASF19
 648 023c 01       		.byte	0x1
 649 023d 63       		.byte	0x63
 650 023e A9000000 		.4byte	0xa9
 651 0242 56000000 		.4byte	.LLST3
 652 0246 0F       		.uleb128 0xf
 653 0247 08000000 		.4byte	.LVL13
 654 024b BE010000 		.4byte	0x1be
 655 024f 15       		.uleb128 0x15
 656 0250 0E000000 		.4byte	.LVL14
 657 0254 D4000000 		.4byte	0xd4
 658 0258 63020000 		.4byte	0x263
 659 025c 16       		.uleb128 0x16
 660 025d 01       		.uleb128 0x1
 661 025e 50       		.byte	0x50
 662 025f 02       		.uleb128 0x2
 663 0260 74       		.byte	0x74
 664 0261 00       		.sleb128 0
 665 0262 00       		.byte	0
ARM GAS  C:\Users\g\AppData\Local\Temp\cchibsRB.s 			page 20


 666 0263 15       		.uleb128 0x15
 667 0264 14000000 		.4byte	.LVL15
 668 0268 0C010000 		.4byte	0x10c
 669 026c 76020000 		.4byte	0x276
 670 0270 16       		.uleb128 0x16
 671 0271 01       		.uleb128 0x1
 672 0272 50       		.byte	0x50
 673 0273 01       		.uleb128 0x1
 674 0274 33       		.byte	0x33
 675 0275 00       		.byte	0
 676 0276 0F       		.uleb128 0xf
 677 0277 18000000 		.4byte	.LVL16
 678 027b 96010000 		.4byte	0x196
 679 027f 00       		.byte	0
 680 0280 09       		.uleb128 0x9
 681 0281 52020000 		.4byte	.LASF30
 682 0285 01       		.byte	0x1
 683 0286 81       		.byte	0x81
 684 0287 00000000 		.4byte	.LFB2
 685 028b 14000000 		.4byte	.LFE2-.LFB2
 686 028f 01       		.uleb128 0x1
 687 0290 9C       		.byte	0x9c
 688 0291 A8020000 		.4byte	0x2a8
 689 0295 0F       		.uleb128 0xf
 690 0296 06000000 		.4byte	.LVL18
 691 029a BE010000 		.4byte	0x1be
 692 029e 0F       		.uleb128 0xf
 693 029f 0C000000 		.4byte	.LVL19
 694 02a3 D4000000 		.4byte	0xd4
 695 02a7 00       		.byte	0
 696 02a8 13       		.uleb128 0x13
 697 02a9 22000000 		.4byte	.LASF31
 698 02ad 01       		.byte	0x1
 699 02ae 7501     		.2byte	0x175
 700 02b0 00000000 		.4byte	.LFB11
 701 02b4 0C000000 		.4byte	.LFE11-.LFB11
 702 02b8 01       		.uleb128 0x1
 703 02b9 9C       		.byte	0x9c
 704 02ba 13       		.uleb128 0x13
 705 02bb C8000000 		.4byte	.LASF32
 706 02bf 01       		.byte	0x1
 707 02c0 8E01     		.2byte	0x18e
 708 02c2 00000000 		.4byte	.LFB12
 709 02c6 0C000000 		.4byte	.LFE12-.LFB12
 710 02ca 01       		.uleb128 0x1
 711 02cb 9C       		.byte	0x9c
 712 02cc 17       		.uleb128 0x17
 713 02cd A9000000 		.4byte	0xa9
 714 02d1 DC020000 		.4byte	0x2dc
 715 02d5 18       		.uleb128 0x18
 716 02d6 BC000000 		.4byte	0xbc
 717 02da 2F       		.byte	0x2f
 718 02db 00       		.byte	0
 719 02dc 19       		.uleb128 0x19
 720 02dd 15000000 		.4byte	.LASF37
 721 02e1 01       		.byte	0x1
 722 02e2 21       		.byte	0x21
ARM GAS  C:\Users\g\AppData\Local\Temp\cchibsRB.s 			page 21


 723 02e3 CC020000 		.4byte	0x2cc
 724 02e7 1A       		.uleb128 0x1a
 725 02e8 55010000 		.4byte	.LASF38
 726 02ec 03       		.byte	0x3
 727 02ed E3       		.byte	0xe3
 728 02ee 6B000000 		.4byte	0x6b
 729 02f2 1B       		.uleb128 0x1b
 730 02f3 81010000 		.4byte	.LASF39
 731 02f7 03       		.byte	0x3
 732 02f8 E4       		.byte	0xe4
 733 02f9 1C       		.uleb128 0x1c
 734 02fa 6B000000 		.4byte	0x6b
 735 02fe 00       		.byte	0
 736 02ff 00       		.byte	0
 737              		.section	.debug_abbrev,"",%progbits
 738              	.Ldebug_abbrev0:
 739 0000 01       		.uleb128 0x1
 740 0001 11       		.uleb128 0x11
 741 0002 01       		.byte	0x1
 742 0003 25       		.uleb128 0x25
 743 0004 0E       		.uleb128 0xe
 744 0005 13       		.uleb128 0x13
 745 0006 0B       		.uleb128 0xb
 746 0007 03       		.uleb128 0x3
 747 0008 0E       		.uleb128 0xe
 748 0009 1B       		.uleb128 0x1b
 749 000a 0E       		.uleb128 0xe
 750 000b 55       		.uleb128 0x55
 751 000c 17       		.uleb128 0x17
 752 000d 11       		.uleb128 0x11
 753 000e 01       		.uleb128 0x1
 754 000f 10       		.uleb128 0x10
 755 0010 17       		.uleb128 0x17
 756 0011 00       		.byte	0
 757 0012 00       		.byte	0
 758 0013 02       		.uleb128 0x2
 759 0014 24       		.uleb128 0x24
 760 0015 00       		.byte	0
 761 0016 0B       		.uleb128 0xb
 762 0017 0B       		.uleb128 0xb
 763 0018 3E       		.uleb128 0x3e
 764 0019 0B       		.uleb128 0xb
 765 001a 03       		.uleb128 0x3
 766 001b 0E       		.uleb128 0xe
 767 001c 00       		.byte	0
 768 001d 00       		.byte	0
 769 001e 03       		.uleb128 0x3
 770 001f 24       		.uleb128 0x24
 771 0020 00       		.byte	0
 772 0021 0B       		.uleb128 0xb
 773 0022 0B       		.uleb128 0xb
 774 0023 3E       		.uleb128 0x3e
 775 0024 0B       		.uleb128 0xb
 776 0025 03       		.uleb128 0x3
 777 0026 08       		.uleb128 0x8
 778 0027 00       		.byte	0
 779 0028 00       		.byte	0
ARM GAS  C:\Users\g\AppData\Local\Temp\cchibsRB.s 			page 22


 780 0029 04       		.uleb128 0x4
 781 002a 16       		.uleb128 0x16
 782 002b 00       		.byte	0
 783 002c 03       		.uleb128 0x3
 784 002d 0E       		.uleb128 0xe
 785 002e 3A       		.uleb128 0x3a
 786 002f 0B       		.uleb128 0xb
 787 0030 3B       		.uleb128 0x3b
 788 0031 05       		.uleb128 0x5
 789 0032 49       		.uleb128 0x49
 790 0033 13       		.uleb128 0x13
 791 0034 00       		.byte	0
 792 0035 00       		.byte	0
 793 0036 05       		.uleb128 0x5
 794 0037 35       		.uleb128 0x35
 795 0038 00       		.byte	0
 796 0039 49       		.uleb128 0x49
 797 003a 13       		.uleb128 0x13
 798 003b 00       		.byte	0
 799 003c 00       		.byte	0
 800 003d 06       		.uleb128 0x6
 801 003e 0F       		.uleb128 0xf
 802 003f 00       		.byte	0
 803 0040 0B       		.uleb128 0xb
 804 0041 0B       		.uleb128 0xb
 805 0042 49       		.uleb128 0x49
 806 0043 13       		.uleb128 0x13
 807 0044 00       		.byte	0
 808 0045 00       		.byte	0
 809 0046 07       		.uleb128 0x7
 810 0047 15       		.uleb128 0x15
 811 0048 00       		.byte	0
 812 0049 27       		.uleb128 0x27
 813 004a 19       		.uleb128 0x19
 814 004b 00       		.byte	0
 815 004c 00       		.byte	0
 816 004d 08       		.uleb128 0x8
 817 004e 2E       		.uleb128 0x2e
 818 004f 00       		.byte	0
 819 0050 3F       		.uleb128 0x3f
 820 0051 19       		.uleb128 0x19
 821 0052 03       		.uleb128 0x3
 822 0053 0E       		.uleb128 0xe
 823 0054 3A       		.uleb128 0x3a
 824 0055 0B       		.uleb128 0xb
 825 0056 3B       		.uleb128 0x3b
 826 0057 0B       		.uleb128 0xb
 827 0058 27       		.uleb128 0x27
 828 0059 19       		.uleb128 0x19
 829 005a 11       		.uleb128 0x11
 830 005b 01       		.uleb128 0x1
 831 005c 12       		.uleb128 0x12
 832 005d 06       		.uleb128 0x6
 833 005e 40       		.uleb128 0x40
 834 005f 18       		.uleb128 0x18
 835 0060 9742     		.uleb128 0x2117
 836 0062 19       		.uleb128 0x19
ARM GAS  C:\Users\g\AppData\Local\Temp\cchibsRB.s 			page 23


 837 0063 00       		.byte	0
 838 0064 00       		.byte	0
 839 0065 09       		.uleb128 0x9
 840 0066 2E       		.uleb128 0x2e
 841 0067 01       		.byte	0x1
 842 0068 3F       		.uleb128 0x3f
 843 0069 19       		.uleb128 0x19
 844 006a 03       		.uleb128 0x3
 845 006b 0E       		.uleb128 0xe
 846 006c 3A       		.uleb128 0x3a
 847 006d 0B       		.uleb128 0xb
 848 006e 3B       		.uleb128 0x3b
 849 006f 0B       		.uleb128 0xb
 850 0070 27       		.uleb128 0x27
 851 0071 19       		.uleb128 0x19
 852 0072 11       		.uleb128 0x11
 853 0073 01       		.uleb128 0x1
 854 0074 12       		.uleb128 0x12
 855 0075 06       		.uleb128 0x6
 856 0076 40       		.uleb128 0x40
 857 0077 18       		.uleb128 0x18
 858 0078 9742     		.uleb128 0x2117
 859 007a 19       		.uleb128 0x19
 860 007b 01       		.uleb128 0x1
 861 007c 13       		.uleb128 0x13
 862 007d 00       		.byte	0
 863 007e 00       		.byte	0
 864 007f 0A       		.uleb128 0xa
 865 0080 05       		.uleb128 0x5
 866 0081 00       		.byte	0
 867 0082 03       		.uleb128 0x3
 868 0083 0E       		.uleb128 0xe
 869 0084 3A       		.uleb128 0x3a
 870 0085 0B       		.uleb128 0xb
 871 0086 3B       		.uleb128 0x3b
 872 0087 0B       		.uleb128 0xb
 873 0088 49       		.uleb128 0x49
 874 0089 13       		.uleb128 0x13
 875 008a 02       		.uleb128 0x2
 876 008b 18       		.uleb128 0x18
 877 008c 00       		.byte	0
 878 008d 00       		.byte	0
 879 008e 0B       		.uleb128 0xb
 880 008f 2E       		.uleb128 0x2e
 881 0090 00       		.byte	0
 882 0091 3F       		.uleb128 0x3f
 883 0092 19       		.uleb128 0x19
 884 0093 03       		.uleb128 0x3
 885 0094 0E       		.uleb128 0xe
 886 0095 3A       		.uleb128 0x3a
 887 0096 0B       		.uleb128 0xb
 888 0097 3B       		.uleb128 0x3b
 889 0098 0B       		.uleb128 0xb
 890 0099 27       		.uleb128 0x27
 891 009a 19       		.uleb128 0x19
 892 009b 49       		.uleb128 0x49
 893 009c 13       		.uleb128 0x13
ARM GAS  C:\Users\g\AppData\Local\Temp\cchibsRB.s 			page 24


 894 009d 11       		.uleb128 0x11
 895 009e 01       		.uleb128 0x1
 896 009f 12       		.uleb128 0x12
 897 00a0 06       		.uleb128 0x6
 898 00a1 40       		.uleb128 0x40
 899 00a2 18       		.uleb128 0x18
 900 00a3 9742     		.uleb128 0x2117
 901 00a5 19       		.uleb128 0x19
 902 00a6 00       		.byte	0
 903 00a7 00       		.byte	0
 904 00a8 0C       		.uleb128 0xc
 905 00a9 05       		.uleb128 0x5
 906 00aa 00       		.byte	0
 907 00ab 03       		.uleb128 0x3
 908 00ac 0E       		.uleb128 0xe
 909 00ad 3A       		.uleb128 0x3a
 910 00ae 0B       		.uleb128 0xb
 911 00af 3B       		.uleb128 0x3b
 912 00b0 0B       		.uleb128 0xb
 913 00b1 49       		.uleb128 0x49
 914 00b2 13       		.uleb128 0x13
 915 00b3 02       		.uleb128 0x2
 916 00b4 17       		.uleb128 0x17
 917 00b5 00       		.byte	0
 918 00b6 00       		.byte	0
 919 00b7 0D       		.uleb128 0xd
 920 00b8 34       		.uleb128 0x34
 921 00b9 00       		.byte	0
 922 00ba 03       		.uleb128 0x3
 923 00bb 0E       		.uleb128 0xe
 924 00bc 3A       		.uleb128 0x3a
 925 00bd 0B       		.uleb128 0xb
 926 00be 3B       		.uleb128 0x3b
 927 00bf 0B       		.uleb128 0xb
 928 00c0 49       		.uleb128 0x49
 929 00c1 13       		.uleb128 0x13
 930 00c2 02       		.uleb128 0x2
 931 00c3 17       		.uleb128 0x17
 932 00c4 00       		.byte	0
 933 00c5 00       		.byte	0
 934 00c6 0E       		.uleb128 0xe
 935 00c7 34       		.uleb128 0x34
 936 00c8 00       		.byte	0
 937 00c9 03       		.uleb128 0x3
 938 00ca 0E       		.uleb128 0xe
 939 00cb 3A       		.uleb128 0x3a
 940 00cc 0B       		.uleb128 0xb
 941 00cd 3B       		.uleb128 0x3b
 942 00ce 0B       		.uleb128 0xb
 943 00cf 49       		.uleb128 0x49
 944 00d0 13       		.uleb128 0x13
 945 00d1 1C       		.uleb128 0x1c
 946 00d2 0B       		.uleb128 0xb
 947 00d3 00       		.byte	0
 948 00d4 00       		.byte	0
 949 00d5 0F       		.uleb128 0xf
 950 00d6 898201   		.uleb128 0x4109
ARM GAS  C:\Users\g\AppData\Local\Temp\cchibsRB.s 			page 25


 951 00d9 00       		.byte	0
 952 00da 11       		.uleb128 0x11
 953 00db 01       		.uleb128 0x1
 954 00dc 31       		.uleb128 0x31
 955 00dd 13       		.uleb128 0x13
 956 00de 00       		.byte	0
 957 00df 00       		.byte	0
 958 00e0 10       		.uleb128 0x10
 959 00e1 2E       		.uleb128 0x2e
 960 00e2 01       		.byte	0x1
 961 00e3 3F       		.uleb128 0x3f
 962 00e4 19       		.uleb128 0x19
 963 00e5 03       		.uleb128 0x3
 964 00e6 0E       		.uleb128 0xe
 965 00e7 3A       		.uleb128 0x3a
 966 00e8 0B       		.uleb128 0xb
 967 00e9 3B       		.uleb128 0x3b
 968 00ea 05       		.uleb128 0x5
 969 00eb 27       		.uleb128 0x27
 970 00ec 19       		.uleb128 0x19
 971 00ed 49       		.uleb128 0x49
 972 00ee 13       		.uleb128 0x13
 973 00ef 11       		.uleb128 0x11
 974 00f0 01       		.uleb128 0x1
 975 00f1 12       		.uleb128 0x12
 976 00f2 06       		.uleb128 0x6
 977 00f3 40       		.uleb128 0x40
 978 00f4 18       		.uleb128 0x18
 979 00f5 9742     		.uleb128 0x2117
 980 00f7 19       		.uleb128 0x19
 981 00f8 01       		.uleb128 0x1
 982 00f9 13       		.uleb128 0x13
 983 00fa 00       		.byte	0
 984 00fb 00       		.byte	0
 985 00fc 11       		.uleb128 0x11
 986 00fd 34       		.uleb128 0x34
 987 00fe 00       		.byte	0
 988 00ff 03       		.uleb128 0x3
 989 0100 0E       		.uleb128 0xe
 990 0101 3A       		.uleb128 0x3a
 991 0102 0B       		.uleb128 0xb
 992 0103 3B       		.uleb128 0x3b
 993 0104 05       		.uleb128 0x5
 994 0105 49       		.uleb128 0x49
 995 0106 13       		.uleb128 0x13
 996 0107 02       		.uleb128 0x2
 997 0108 17       		.uleb128 0x17
 998 0109 00       		.byte	0
 999 010a 00       		.byte	0
 1000 010b 12       		.uleb128 0x12
 1001 010c 34       		.uleb128 0x34
 1002 010d 00       		.byte	0
 1003 010e 03       		.uleb128 0x3
 1004 010f 0E       		.uleb128 0xe
 1005 0110 3A       		.uleb128 0x3a
 1006 0111 0B       		.uleb128 0xb
 1007 0112 3B       		.uleb128 0x3b
ARM GAS  C:\Users\g\AppData\Local\Temp\cchibsRB.s 			page 26


 1008 0113 05       		.uleb128 0x5
 1009 0114 49       		.uleb128 0x49
 1010 0115 13       		.uleb128 0x13
 1011 0116 1C       		.uleb128 0x1c
 1012 0117 0B       		.uleb128 0xb
 1013 0118 00       		.byte	0
 1014 0119 00       		.byte	0
 1015 011a 13       		.uleb128 0x13
 1016 011b 2E       		.uleb128 0x2e
 1017 011c 00       		.byte	0
 1018 011d 3F       		.uleb128 0x3f
 1019 011e 19       		.uleb128 0x19
 1020 011f 03       		.uleb128 0x3
 1021 0120 0E       		.uleb128 0xe
 1022 0121 3A       		.uleb128 0x3a
 1023 0122 0B       		.uleb128 0xb
 1024 0123 3B       		.uleb128 0x3b
 1025 0124 05       		.uleb128 0x5
 1026 0125 27       		.uleb128 0x27
 1027 0126 19       		.uleb128 0x19
 1028 0127 11       		.uleb128 0x11
 1029 0128 01       		.uleb128 0x1
 1030 0129 12       		.uleb128 0x12
 1031 012a 06       		.uleb128 0x6
 1032 012b 40       		.uleb128 0x40
 1033 012c 18       		.uleb128 0x18
 1034 012d 9742     		.uleb128 0x2117
 1035 012f 19       		.uleb128 0x19
 1036 0130 00       		.byte	0
 1037 0131 00       		.byte	0
 1038 0132 14       		.uleb128 0x14
 1039 0133 2E       		.uleb128 0x2e
 1040 0134 00       		.byte	0
 1041 0135 3F       		.uleb128 0x3f
 1042 0136 19       		.uleb128 0x19
 1043 0137 03       		.uleb128 0x3
 1044 0138 0E       		.uleb128 0xe
 1045 0139 3A       		.uleb128 0x3a
 1046 013a 0B       		.uleb128 0xb
 1047 013b 3B       		.uleb128 0x3b
 1048 013c 05       		.uleb128 0x5
 1049 013d 27       		.uleb128 0x27
 1050 013e 19       		.uleb128 0x19
 1051 013f 49       		.uleb128 0x49
 1052 0140 13       		.uleb128 0x13
 1053 0141 11       		.uleb128 0x11
 1054 0142 01       		.uleb128 0x1
 1055 0143 12       		.uleb128 0x12
 1056 0144 06       		.uleb128 0x6
 1057 0145 40       		.uleb128 0x40
 1058 0146 18       		.uleb128 0x18
 1059 0147 9742     		.uleb128 0x2117
 1060 0149 19       		.uleb128 0x19
 1061 014a 00       		.byte	0
 1062 014b 00       		.byte	0
 1063 014c 15       		.uleb128 0x15
 1064 014d 898201   		.uleb128 0x4109
ARM GAS  C:\Users\g\AppData\Local\Temp\cchibsRB.s 			page 27


 1065 0150 01       		.byte	0x1
 1066 0151 11       		.uleb128 0x11
 1067 0152 01       		.uleb128 0x1
 1068 0153 31       		.uleb128 0x31
 1069 0154 13       		.uleb128 0x13
 1070 0155 01       		.uleb128 0x1
 1071 0156 13       		.uleb128 0x13
 1072 0157 00       		.byte	0
 1073 0158 00       		.byte	0
 1074 0159 16       		.uleb128 0x16
 1075 015a 8A8201   		.uleb128 0x410a
 1076 015d 00       		.byte	0
 1077 015e 02       		.uleb128 0x2
 1078 015f 18       		.uleb128 0x18
 1079 0160 9142     		.uleb128 0x2111
 1080 0162 18       		.uleb128 0x18
 1081 0163 00       		.byte	0
 1082 0164 00       		.byte	0
 1083 0165 17       		.uleb128 0x17
 1084 0166 01       		.uleb128 0x1
 1085 0167 01       		.byte	0x1
 1086 0168 49       		.uleb128 0x49
 1087 0169 13       		.uleb128 0x13
 1088 016a 01       		.uleb128 0x1
 1089 016b 13       		.uleb128 0x13
 1090 016c 00       		.byte	0
 1091 016d 00       		.byte	0
 1092 016e 18       		.uleb128 0x18
 1093 016f 21       		.uleb128 0x21
 1094 0170 00       		.byte	0
 1095 0171 49       		.uleb128 0x49
 1096 0172 13       		.uleb128 0x13
 1097 0173 2F       		.uleb128 0x2f
 1098 0174 0B       		.uleb128 0xb
 1099 0175 00       		.byte	0
 1100 0176 00       		.byte	0
 1101 0177 19       		.uleb128 0x19
 1102 0178 34       		.uleb128 0x34
 1103 0179 00       		.byte	0
 1104 017a 03       		.uleb128 0x3
 1105 017b 0E       		.uleb128 0xe
 1106 017c 3A       		.uleb128 0x3a
 1107 017d 0B       		.uleb128 0xb
 1108 017e 3B       		.uleb128 0x3b
 1109 017f 0B       		.uleb128 0xb
 1110 0180 49       		.uleb128 0x49
 1111 0181 13       		.uleb128 0x13
 1112 0182 3F       		.uleb128 0x3f
 1113 0183 19       		.uleb128 0x19
 1114 0184 3C       		.uleb128 0x3c
 1115 0185 19       		.uleb128 0x19
 1116 0186 00       		.byte	0
 1117 0187 00       		.byte	0
 1118 0188 1A       		.uleb128 0x1a
 1119 0189 2E       		.uleb128 0x2e
 1120 018a 00       		.byte	0
 1121 018b 3F       		.uleb128 0x3f
ARM GAS  C:\Users\g\AppData\Local\Temp\cchibsRB.s 			page 28


 1122 018c 19       		.uleb128 0x19
 1123 018d 03       		.uleb128 0x3
 1124 018e 0E       		.uleb128 0xe
 1125 018f 3A       		.uleb128 0x3a
 1126 0190 0B       		.uleb128 0xb
 1127 0191 3B       		.uleb128 0x3b
 1128 0192 0B       		.uleb128 0xb
 1129 0193 27       		.uleb128 0x27
 1130 0194 19       		.uleb128 0x19
 1131 0195 49       		.uleb128 0x49
 1132 0196 13       		.uleb128 0x13
 1133 0197 3C       		.uleb128 0x3c
 1134 0198 19       		.uleb128 0x19
 1135 0199 00       		.byte	0
 1136 019a 00       		.byte	0
 1137 019b 1B       		.uleb128 0x1b
 1138 019c 2E       		.uleb128 0x2e
 1139 019d 01       		.byte	0x1
 1140 019e 3F       		.uleb128 0x3f
 1141 019f 19       		.uleb128 0x19
 1142 01a0 03       		.uleb128 0x3
 1143 01a1 0E       		.uleb128 0xe
 1144 01a2 3A       		.uleb128 0x3a
 1145 01a3 0B       		.uleb128 0xb
 1146 01a4 3B       		.uleb128 0x3b
 1147 01a5 0B       		.uleb128 0xb
 1148 01a6 27       		.uleb128 0x27
 1149 01a7 19       		.uleb128 0x19
 1150 01a8 3C       		.uleb128 0x3c
 1151 01a9 19       		.uleb128 0x19
 1152 01aa 00       		.byte	0
 1153 01ab 00       		.byte	0
 1154 01ac 1C       		.uleb128 0x1c
 1155 01ad 05       		.uleb128 0x5
 1156 01ae 00       		.byte	0
 1157 01af 49       		.uleb128 0x49
 1158 01b0 13       		.uleb128 0x13
 1159 01b1 00       		.byte	0
 1160 01b2 00       		.byte	0
 1161 01b3 00       		.byte	0
 1162              		.section	.debug_loc,"",%progbits
 1163              	.Ldebug_loc0:
 1164              	.LLST0:
 1165 0000 00000000 		.4byte	.LVL1
 1166 0004 07000000 		.4byte	.LVL3-1
 1167 0008 0100     		.2byte	0x1
 1168 000a 50       		.byte	0x50
 1169 000b 07000000 		.4byte	.LVL3-1
 1170 000f 20000000 		.4byte	.LFE6
 1171 0013 0400     		.2byte	0x4
 1172 0015 F3       		.byte	0xf3
 1173 0016 01       		.uleb128 0x1
 1174 0017 50       		.byte	0x50
 1175 0018 9F       		.byte	0x9f
 1176 0019 00000000 		.4byte	0
 1177 001d 00000000 		.4byte	0
 1178              	.LLST1:
ARM GAS  C:\Users\g\AppData\Local\Temp\cchibsRB.s 			page 29


 1179 0021 08000000 		.4byte	.LVL3
 1180 0025 19000000 		.4byte	.LVL4-1
 1181 0029 0100     		.2byte	0x1
 1182 002b 50       		.byte	0x50
 1183 002c 00000000 		.4byte	0
 1184 0030 00000000 		.4byte	0
 1185              	.LLST2:
 1186 0034 04000000 		.4byte	.LVL6
 1187 0038 06000000 		.4byte	.LVL7
 1188 003c 0500     		.2byte	0x5
 1189 003e 70       		.byte	0x70
 1190 003f 00       		.sleb128 0
 1191 0040 4E       		.byte	0x4e
 1192 0041 25       		.byte	0x25
 1193 0042 9F       		.byte	0x9f
 1194 0043 06000000 		.4byte	.LVL7
 1195 0047 0C000000 		.4byte	.LFE7
 1196 004b 0100     		.2byte	0x1
 1197 004d 50       		.byte	0x50
 1198 004e 00000000 		.4byte	0
 1199 0052 00000000 		.4byte	0
 1200              	.LLST3:
 1201 0056 00000000 		.4byte	.LVL12
 1202 005a 07000000 		.4byte	.LVL13-1
 1203 005e 0100     		.2byte	0x1
 1204 0060 50       		.byte	0x50
 1205 0061 07000000 		.4byte	.LVL13-1
 1206 0065 18000000 		.4byte	.LVL17
 1207 0069 0100     		.2byte	0x1
 1208 006b 54       		.byte	0x54
 1209 006c 18000000 		.4byte	.LVL17
 1210 0070 1A000000 		.4byte	.LFE1
 1211 0074 0400     		.2byte	0x4
 1212 0076 F3       		.byte	0xf3
 1213 0077 01       		.uleb128 0x1
 1214 0078 50       		.byte	0x50
 1215 0079 9F       		.byte	0x9f
 1216 007a 00000000 		.4byte	0
 1217 007e 00000000 		.4byte	0
 1218              		.section	.debug_aranges,"",%progbits
 1219 0000 7C000000 		.4byte	0x7c
 1220 0004 0200     		.2byte	0x2
 1221 0006 00000000 		.4byte	.Ldebug_info0
 1222 000a 04       		.byte	0x4
 1223 000b 00       		.byte	0
 1224 000c 0000     		.2byte	0
 1225 000e 0000     		.2byte	0
 1226 0010 00000000 		.4byte	.LFB3
 1227 0014 02000000 		.4byte	.LFE3-.LFB3
 1228 0018 00000000 		.4byte	.LFB4
 1229 001c 0C000000 		.4byte	.LFE4-.LFB4
 1230 0020 00000000 		.4byte	.LFB5
 1231 0024 0C000000 		.4byte	.LFE5-.LFB5
 1232 0028 00000000 		.4byte	.LFB6
 1233 002c 20000000 		.4byte	.LFE6-.LFB6
 1234 0030 00000000 		.4byte	.LFB7
 1235 0034 0C000000 		.4byte	.LFE7-.LFB7
ARM GAS  C:\Users\g\AppData\Local\Temp\cchibsRB.s 			page 30


 1236 0038 00000000 		.4byte	.LFB8
 1237 003c 0C000000 		.4byte	.LFE8-.LFB8
 1238 0040 00000000 		.4byte	.LFB9
 1239 0044 14000000 		.4byte	.LFE9-.LFB9
 1240 0048 00000000 		.4byte	.LFB10
 1241 004c 0C000000 		.4byte	.LFE10-.LFB10
 1242 0050 00000000 		.4byte	.LFB0
 1243 0054 1C000000 		.4byte	.LFE0-.LFB0
 1244 0058 00000000 		.4byte	.LFB1
 1245 005c 1A000000 		.4byte	.LFE1-.LFB1
 1246 0060 00000000 		.4byte	.LFB2
 1247 0064 14000000 		.4byte	.LFE2-.LFB2
 1248 0068 00000000 		.4byte	.LFB11
 1249 006c 0C000000 		.4byte	.LFE11-.LFB11
 1250 0070 00000000 		.4byte	.LFB12
 1251 0074 0C000000 		.4byte	.LFE12-.LFB12
 1252 0078 00000000 		.4byte	0
 1253 007c 00000000 		.4byte	0
 1254              		.section	.debug_ranges,"",%progbits
 1255              	.Ldebug_ranges0:
 1256 0000 00000000 		.4byte	.LFB3
 1257 0004 02000000 		.4byte	.LFE3
 1258 0008 00000000 		.4byte	.LFB4
 1259 000c 0C000000 		.4byte	.LFE4
 1260 0010 00000000 		.4byte	.LFB5
 1261 0014 0C000000 		.4byte	.LFE5
 1262 0018 00000000 		.4byte	.LFB6
 1263 001c 20000000 		.4byte	.LFE6
 1264 0020 00000000 		.4byte	.LFB7
 1265 0024 0C000000 		.4byte	.LFE7
 1266 0028 00000000 		.4byte	.LFB8
 1267 002c 0C000000 		.4byte	.LFE8
 1268 0030 00000000 		.4byte	.LFB9
 1269 0034 14000000 		.4byte	.LFE9
 1270 0038 00000000 		.4byte	.LFB10
 1271 003c 0C000000 		.4byte	.LFE10
 1272 0040 00000000 		.4byte	.LFB0
 1273 0044 1C000000 		.4byte	.LFE0
 1274 0048 00000000 		.4byte	.LFB1
 1275 004c 1A000000 		.4byte	.LFE1
 1276 0050 00000000 		.4byte	.LFB2
 1277 0054 14000000 		.4byte	.LFE2
 1278 0058 00000000 		.4byte	.LFB11
 1279 005c 0C000000 		.4byte	.LFE11
 1280 0060 00000000 		.4byte	.LFB12
 1281 0064 0C000000 		.4byte	.LFE12
 1282 0068 00000000 		.4byte	0
 1283 006c 00000000 		.4byte	0
 1284              		.section	.debug_line,"",%progbits
 1285              	.Ldebug_line0:
 1286 0000 66010000 		.section	.debug_str,"MS",%progbits,1
 1286      02006600 
 1286      00000201 
 1286      FB0E0D00 
 1286      01010101 
 1287              	.LASF14:
 1288 0000 72656733 		.ascii	"reg32\000"
ARM GAS  C:\Users\g\AppData\Local\Temp\cchibsRB.s 			page 31


 1288      3200
 1289              	.LASF26:
 1290 0006 74784953 		.ascii	"txISR_GetState\000"
 1290      525F4765 
 1290      74537461 
 1290      746500
 1291              	.LASF37:
 1292 0015 43795261 		.ascii	"CyRamVectors\000"
 1292      6D566563 
 1292      746F7273 
 1292      00
 1293              	.LASF31:
 1294 0022 74784953 		.ascii	"txISR_SetPending\000"
 1294      525F5365 
 1294      7450656E 
 1294      64696E67 
 1294      00
 1295              	.LASF34:
 1296 0033 2E5C4765 		.ascii	".\\Generated_Source\\PSoC4\\txISR.c\000"
 1296      6E657261 
 1296      7465645F 
 1296      536F7572 
 1296      63655C50 
 1297              	.LASF3:
 1298 0054 73686F72 		.ascii	"short unsigned int\000"
 1298      7420756E 
 1298      7369676E 
 1298      65642069 
 1298      6E7400
 1299              	.LASF23:
 1300 0067 74784953 		.ascii	"txISR_Interrupt\000"
 1300      525F496E 
 1300      74657272 
 1300      75707400 
 1301              	.LASF8:
 1302 0077 756E7369 		.ascii	"unsigned int\000"
 1302      676E6564 
 1302      20696E74 
 1302      00
 1303              	.LASF35:
 1304 0084 443A5C63 		.ascii	"D:\\code\\cypress\\controllers\\dcsd.cydsn\000"
 1304      6F64655C 
 1304      63797072 
 1304      6573735C 
 1304      636F6E74 
 1305              	.LASF11:
 1306 00ab 666C6F61 		.ascii	"float\000"
 1306      7400
 1307              	.LASF7:
 1308 00b1 6C6F6E67 		.ascii	"long long unsigned int\000"
 1308      206C6F6E 
 1308      6720756E 
 1308      7369676E 
 1308      65642069 
 1309              	.LASF32:
 1310 00c8 74784953 		.ascii	"txISR_ClearPending\000"
 1310      525F436C 
ARM GAS  C:\Users\g\AppData\Local\Temp\cchibsRB.s 			page 32


 1310      65617250 
 1310      656E6469 
 1310      6E6700
 1311              	.LASF28:
 1312 00db 74784953 		.ascii	"txISR_Start\000"
 1312      525F5374 
 1312      61727400 
 1313              	.LASF25:
 1314 00e7 74784953 		.ascii	"txISR_GetVector\000"
 1314      525F4765 
 1314      74566563 
 1314      746F7200 
 1315              	.LASF21:
 1316 00f7 696E7465 		.ascii	"interruptState\000"
 1316      72727570 
 1316      74537461 
 1316      746500
 1317              	.LASF5:
 1318 0106 6C6F6E67 		.ascii	"long unsigned int\000"
 1318      20756E73 
 1318      69676E65 
 1318      6420696E 
 1318      7400
 1319              	.LASF36:
 1320 0118 74784953 		.ascii	"txISR_GetPriority\000"
 1320      525F4765 
 1320      74507269 
 1320      6F726974 
 1320      7900
 1321              	.LASF9:
 1322 012a 75696E74 		.ascii	"uint8\000"
 1322      3800
 1323              	.LASF20:
 1324 0130 7072696F 		.ascii	"priority\000"
 1324      72697479 
 1324      00
 1325              	.LASF1:
 1326 0139 756E7369 		.ascii	"unsigned char\000"
 1326      676E6564 
 1326      20636861 
 1326      7200
 1327              	.LASF12:
 1328 0147 646F7562 		.ascii	"double\000"
 1328      6C6500
 1329              	.LASF10:
 1330 014e 75696E74 		.ascii	"uint32\000"
 1330      333200
 1331              	.LASF38:
 1332 0155 4379456E 		.ascii	"CyEnterCriticalSection\000"
 1332      74657243 
 1332      72697469 
 1332      63616C53 
 1332      65637469 
 1333              	.LASF24:
 1334 016c 74784953 		.ascii	"txISR_Enable\000"
 1334      525F456E 
 1334      61626C65 
ARM GAS  C:\Users\g\AppData\Local\Temp\cchibsRB.s 			page 33


 1334      00
 1335              	.LASF19:
 1336 0179 61646472 		.ascii	"address\000"
 1336      65737300 
 1337              	.LASF39:
 1338 0181 43794578 		.ascii	"CyExitCriticalSection\000"
 1338      69744372 
 1338      69746963 
 1338      616C5365 
 1338      6374696F 
 1339              	.LASF29:
 1340 0197 74784953 		.ascii	"txISR_StartEx\000"
 1340      525F5374 
 1340      61727445 
 1340      7800
 1341              	.LASF15:
 1342 01a5 63796973 		.ascii	"cyisraddress\000"
 1342      72616464 
 1342      72657373 
 1342      00
 1343              	.LASF33:
 1344 01b2 474E5520 		.ascii	"GNU C 4.9.3 20150303 (release) [ARM/embedded-4_9-br"
 1344      4320342E 
 1344      392E3320 
 1344      32303135 
 1344      30333033 
 1345 01e5 616E6368 		.ascii	"anch revision 221220] -mcpu=cortex-m0 -mthumb -g -O"
 1345      20726576 
 1345      6973696F 
 1345      6E203232 
 1345      31323230 
 1346 0218 67202D73 		.ascii	"g -std=c99 -ffunction-sections -ffat-lto-objects\000"
 1346      74643D63 
 1346      3939202D 
 1346      6666756E 
 1346      6374696F 
 1347              	.LASF16:
 1348 0249 73697A65 		.ascii	"sizetype\000"
 1348      74797065 
 1348      00
 1349              	.LASF30:
 1350 0252 74784953 		.ascii	"txISR_Stop\000"
 1350      525F5374 
 1350      6F7000
 1351              	.LASF6:
 1352 025d 6C6F6E67 		.ascii	"long long int\000"
 1352      206C6F6E 
 1352      6720696E 
 1352      7400
 1353              	.LASF13:
 1354 026b 63686172 		.ascii	"char\000"
 1354      00
 1355              	.LASF27:
 1356 0270 74784953 		.ascii	"txISR_Disable\000"
 1356      525F4469 
 1356      7361626C 
 1356      6500
ARM GAS  C:\Users\g\AppData\Local\Temp\cchibsRB.s 			page 34


 1357              	.LASF2:
 1358 027e 73686F72 		.ascii	"short int\000"
 1358      7420696E 
 1358      7400
 1359              	.LASF18:
 1360 0288 74784953 		.ascii	"txISR_SetPriority\000"
 1360      525F5365 
 1360      74507269 
 1360      6F726974 
 1360      7900
 1361              	.LASF22:
 1362 029a 7072696F 		.ascii	"priorityOffset\000"
 1362      72697479 
 1362      4F666673 
 1362      657400
 1363              	.LASF4:
 1364 02a9 6C6F6E67 		.ascii	"long int\000"
 1364      20696E74 
 1364      00
 1365              	.LASF0:
 1366 02b2 7369676E 		.ascii	"signed char\000"
 1366      65642063 
 1366      68617200 
 1367              	.LASF17:
 1368 02be 74784953 		.ascii	"txISR_SetVector\000"
 1368      525F5365 
 1368      74566563 
 1368      746F7200 
 1369              		.ident	"GCC: (GNU Tools for ARM Embedded Processors) 4.9.3 20150303 (release) [ARM/embedded-4_9-br
