ARM GAS  C:\Users\g\AppData\Local\Temp\ccx0EeBo.s 			page 1


   1              		.cpu cortex-m0
   2              		.fpu softvfp
   3              		.eabi_attribute 20, 1
   4              		.eabi_attribute 21, 1
   5              		.eabi_attribute 23, 3
   6              		.eabi_attribute 24, 1
   7              		.eabi_attribute 25, 1
   8              		.eabi_attribute 26, 1
   9              		.eabi_attribute 30, 2
  10              		.eabi_attribute 34, 0
  11              		.eabi_attribute 18, 4
  12              		.code	16
  13              		.file	"Bootloadable_1.c"
  14              		.text
  15              	.Ltext0:
  16              		.cfi_sections	.debug_frame
  17              		.section	.text.Bootloadable_1_Load,"ax",%progbits
  18              		.align	2
  19              		.global	Bootloadable_1_Load
  20              		.code	16
  21              		.thumb_func
  22              		.type	Bootloadable_1_Load, %function
  23              	Bootloadable_1_Load:
  24              	.LFB0:
  25              		.file 1 "Generated_Source\\PSoC4\\Bootloadable_1.c"
   1:Generated_Source\PSoC4/Bootloadable_1.c **** /****************************************************************************//**
   2:Generated_Source\PSoC4/Bootloadable_1.c **** * \file Bootloadable_1.c
   3:Generated_Source\PSoC4/Bootloadable_1.c **** * \version 1.50
   4:Generated_Source\PSoC4/Bootloadable_1.c **** *
   5:Generated_Source\PSoC4/Bootloadable_1.c **** * \brief
   6:Generated_Source\PSoC4/Bootloadable_1.c **** *   Provides an API for the Bootloadable application.
   7:Generated_Source\PSoC4/Bootloadable_1.c **** *
   8:Generated_Source\PSoC4/Bootloadable_1.c **** ********************************************************************************
   9:Generated_Source\PSoC4/Bootloadable_1.c **** * \copyright
  10:Generated_Source\PSoC4/Bootloadable_1.c **** * Copyright 2008-2015, Cypress Semiconductor Corporation.  All rights reserved.
  11:Generated_Source\PSoC4/Bootloadable_1.c **** * You may use this file only in accordance with the license, terms, conditions,
  12:Generated_Source\PSoC4/Bootloadable_1.c **** * disclaimers, and limitations in the end user license agreement accompanying
  13:Generated_Source\PSoC4/Bootloadable_1.c **** * the software package with which this file was provided.
  14:Generated_Source\PSoC4/Bootloadable_1.c **** *******************************************************************************/
  15:Generated_Source\PSoC4/Bootloadable_1.c **** 
  16:Generated_Source\PSoC4/Bootloadable_1.c **** #include "Bootloadable_1.h"
  17:Generated_Source\PSoC4/Bootloadable_1.c **** 
  18:Generated_Source\PSoC4/Bootloadable_1.c **** /**
  19:Generated_Source\PSoC4/Bootloadable_1.c ****  \defgroup functions_group Functions
  20:Generated_Source\PSoC4/Bootloadable_1.c ****  @{
  21:Generated_Source\PSoC4/Bootloadable_1.c **** */
  22:Generated_Source\PSoC4/Bootloadable_1.c **** 
  23:Generated_Source\PSoC4/Bootloadable_1.c **** #if (CYDEV_PROJ_TYPE == CYDEV_PROJ_TYPE_LOADABLEANDBOOTLOADER)
  24:Generated_Source\PSoC4/Bootloadable_1.c **** static cystatus Bootloadable_1_WriteFlashByte(const uint32 address, const uint8 inputValue) CYLARGE
  25:Generated_Source\PSoC4/Bootloadable_1.c ****                                ;
  26:Generated_Source\PSoC4/Bootloadable_1.c **** #endif /*(CYDEV_PROJ_TYPE == CYDEV_PROJ_TYPE_LOADABLEANDBOOTLOADER)*/
  27:Generated_Source\PSoC4/Bootloadable_1.c **** 
  28:Generated_Source\PSoC4/Bootloadable_1.c **** /*******************************************************************************
  29:Generated_Source\PSoC4/Bootloadable_1.c **** * Function Name: Bootloadable_1_Load
  30:Generated_Source\PSoC4/Bootloadable_1.c **** ****************************************************************************//**
  31:Generated_Source\PSoC4/Bootloadable_1.c **** *
  32:Generated_Source\PSoC4/Bootloadable_1.c **** * \brief
ARM GAS  C:\Users\g\AppData\Local\Temp\ccx0EeBo.s 			page 2


  33:Generated_Source\PSoC4/Bootloadable_1.c **** *  Schedules the Bootloader/Launcher to be launched and then performs
  34:Generated_Source\PSoC4/Bootloadable_1.c **** *  a software reset to launch it
  35:Generated_Source\PSoC4/Bootloadable_1.c **** *
  36:Generated_Source\PSoC4/Bootloadable_1.c **** * \return
  37:Generated_Source\PSoC4/Bootloadable_1.c **** *  This method will never return. It will load a new application and reset
  38:Generated_Source\PSoC4/Bootloadable_1.c **** *  the device.
  39:Generated_Source\PSoC4/Bootloadable_1.c **** *
  40:Generated_Source\PSoC4/Bootloadable_1.c **** *******************************************************************************/
  41:Generated_Source\PSoC4/Bootloadable_1.c **** void Bootloadable_1_Load(void) 
  42:Generated_Source\PSoC4/Bootloadable_1.c **** {
  26              		.loc 1 42 0
  27              		.cfi_startproc
  43:Generated_Source\PSoC4/Bootloadable_1.c ****     /* Schedule Bootloader to start after reset */
  44:Generated_Source\PSoC4/Bootloadable_1.c ****     Bootloadable_1_SET_RUN_TYPE(Bootloadable_1_SCHEDULE_BTLDR);
  28              		.loc 1 44 0
  29 0000 4022     		mov	r2, #64
  42:Generated_Source\PSoC4/Bootloadable_1.c ****     /* Schedule Bootloader to start after reset */
  30              		.loc 1 42 0
  31 0002 08B5     		push	{r3, lr}
  32              		.cfi_def_cfa_offset 8
  33              		.cfi_offset 3, -8
  34              		.cfi_offset 14, -4
  35              		.loc 1 44 0
  36 0004 024B     		ldr	r3, .L2
  45:Generated_Source\PSoC4/Bootloadable_1.c **** 
  46:Generated_Source\PSoC4/Bootloadable_1.c ****     CySoftwareReset();
  47:Generated_Source\PSoC4/Bootloadable_1.c **** }
  37              		.loc 1 47 0
  38              		@ sp needed
  44:Generated_Source\PSoC4/Bootloadable_1.c **** 
  39              		.loc 1 44 0
  40 0006 1A60     		str	r2, [r3]
  46:Generated_Source\PSoC4/Bootloadable_1.c **** }
  41              		.loc 1 46 0
  42 0008 FFF7FEFF 		bl	CySoftwareReset
  43              	.LVL0:
  44              		.loc 1 47 0
  45 000c 08BD     		pop	{r3, pc}
  46              	.L3:
  47 000e C046     		.align	2
  48              	.L2:
  49 0010 00000000 		.word	cyBtldrRunType
  50              		.cfi_endproc
  51              	.LFE0:
  52              		.size	Bootloadable_1_Load, .-Bootloadable_1_Load
  53              		.section	.text.Bootloadable_1_SetFlashByte,"ax",%progbits
  54              		.align	2
  55              		.global	Bootloadable_1_SetFlashByte
  56              		.code	16
  57              		.thumb_func
  58              		.type	Bootloadable_1_SetFlashByte, %function
  59              	Bootloadable_1_SetFlashByte:
  60              	.LFB1:
  48:Generated_Source\PSoC4/Bootloadable_1.c **** 
  49:Generated_Source\PSoC4/Bootloadable_1.c **** #if (CYDEV_PROJ_TYPE == CYDEV_PROJ_TYPE_LOADABLEANDBOOTLOADER)
  50:Generated_Source\PSoC4/Bootloadable_1.c **** /*******************************************************************************
  51:Generated_Source\PSoC4/Bootloadable_1.c **** * Function Name: Bootloadable_1_GetActiveApplication
ARM GAS  C:\Users\g\AppData\Local\Temp\ccx0EeBo.s 			page 3


  52:Generated_Source\PSoC4/Bootloadable_1.c **** ****************************************************************************//**
  53:Generated_Source\PSoC4/Bootloadable_1.c **** *
  54:Generated_Source\PSoC4/Bootloadable_1.c **** * \brief
  55:Generated_Source\PSoC4/Bootloadable_1.c **** *   Gets the application which will be loaded after a next reset event.
  56:Generated_Source\PSoC4/Bootloadable_1.c **** *   NOTE Intended for the combination project type ONLY!
  57:Generated_Source\PSoC4/Bootloadable_1.c **** *
  58:Generated_Source\PSoC4/Bootloadable_1.c **** * \return 
  59:Generated_Source\PSoC4/Bootloadable_1.c **** *  A number of the current active application set in the metadata section.
  60:Generated_Source\PSoC4/Bootloadable_1.c **** *  \n  0 - app#0 is set as active.
  61:Generated_Source\PSoC4/Bootloadable_1.c **** *  \n  1 - app#1 is set as active.
  62:Generated_Source\PSoC4/Bootloadable_1.c **** *
  63:Generated_Source\PSoC4/Bootloadable_1.c **** * \note If neither of the applications is set active, then the API returns 0x02.
  64:Generated_Source\PSoC4/Bootloadable_1.c **** *
  65:Generated_Source\PSoC4/Bootloadable_1.c **** *******************************************************************************/
  66:Generated_Source\PSoC4/Bootloadable_1.c **** uint8 Bootloadable_1_GetActiveApplication(void) CYSMALL \
  67:Generated_Source\PSoC4/Bootloadable_1.c ****                           
  68:Generated_Source\PSoC4/Bootloadable_1.c **** {   
  69:Generated_Source\PSoC4/Bootloadable_1.c ****     uint8 result = Bootloadable_1_MD_BTLDB_ACTIVE_NONE;
  70:Generated_Source\PSoC4/Bootloadable_1.c ****     
  71:Generated_Source\PSoC4/Bootloadable_1.c ****     if (0u != Bootloadable_1_GET_CODE_DATA( \
  72:Generated_Source\PSoC4/Bootloadable_1.c ****               Bootloadable_1_MD_BTLDB_ACTIVE_OFFSET(Bootloadable_1_MD_BTLDB_ACTIVE_0))) 
  73:Generated_Source\PSoC4/Bootloadable_1.c ****     {
  74:Generated_Source\PSoC4/Bootloadable_1.c ****         result = Bootloadable_1_MD_BTLDB_ACTIVE_0;
  75:Generated_Source\PSoC4/Bootloadable_1.c ****     }
  76:Generated_Source\PSoC4/Bootloadable_1.c ****     else if (0u != Bootloadable_1_GET_CODE_DATA( \
  77:Generated_Source\PSoC4/Bootloadable_1.c ****                    Bootloadable_1_MD_BTLDB_ACTIVE_OFFSET(Bootloadable_1_MD_BTLDB_ACTIVE_1)))
  78:Generated_Source\PSoC4/Bootloadable_1.c ****     {
  79:Generated_Source\PSoC4/Bootloadable_1.c ****         result = Bootloadable_1_MD_BTLDB_ACTIVE_1;    
  80:Generated_Source\PSoC4/Bootloadable_1.c ****     }
  81:Generated_Source\PSoC4/Bootloadable_1.c ****     else
  82:Generated_Source\PSoC4/Bootloadable_1.c ****     {
  83:Generated_Source\PSoC4/Bootloadable_1.c ****         /*Do nothing, result is none*/
  84:Generated_Source\PSoC4/Bootloadable_1.c ****     }
  85:Generated_Source\PSoC4/Bootloadable_1.c ****     
  86:Generated_Source\PSoC4/Bootloadable_1.c ****     return (result);
  87:Generated_Source\PSoC4/Bootloadable_1.c **** }
  88:Generated_Source\PSoC4/Bootloadable_1.c **** 
  89:Generated_Source\PSoC4/Bootloadable_1.c **** /*******************************************************************************
  90:Generated_Source\PSoC4/Bootloadable_1.c **** * Function Name: Bootloadable_1_SetActiveApplication
  91:Generated_Source\PSoC4/Bootloadable_1.c **** ****************************************************************************//**
  92:Generated_Source\PSoC4/Bootloadable_1.c **** *
  93:Generated_Source\PSoC4/Bootloadable_1.c **** * \brief 
  94:Generated_Source\PSoC4/Bootloadable_1.c **** *   Sets the application which will be loaded after a next reset event.          
  95:Generated_Source\PSoC4/Bootloadable_1.c **** *   
  96:Generated_Source\PSoC4/Bootloadable_1.c **** * \details
  97:Generated_Source\PSoC4/Bootloadable_1.c **** * Theory: 
  98:Generated_Source\PSoC4/Bootloadable_1.c **** *   This API sets in the Flash (metadata section) the given active application 
  99:Generated_Source\PSoC4/Bootloadable_1.c **** *   number.
 100:Generated_Source\PSoC4/Bootloadable_1.c **** *          
 101:Generated_Source\PSoC4/Bootloadable_1.c **** *   NOTE The active application number is not set directly, but the boolean 
 102:Generated_Source\PSoC4/Bootloadable_1.c **** *   mark instead means that the application is active or not for the relative 
 103:Generated_Source\PSoC4/Bootloadable_1.c **** *   metadata. Both metadata sections are updated. For example, if the second 
 104:Generated_Source\PSoC4/Bootloadable_1.c **** *   application is to be set active, then in the metadata section for the first 
 105:Generated_Source\PSoC4/Bootloadable_1.c **** *   application there will be a "0" written, which means that it is not active, and 
 106:Generated_Source\PSoC4/Bootloadable_1.c **** *   for the second metadata section there will be a "1" written, which means that it is 
 107:Generated_Source\PSoC4/Bootloadable_1.c **** *   active. 
 108:Generated_Source\PSoC4/Bootloadable_1.c **** *
ARM GAS  C:\Users\g\AppData\Local\Temp\ccx0EeBo.s 			page 4


 109:Generated_Source\PSoC4/Bootloadable_1.c **** *   NOTE Intended for the combination project type ONLY!
 110:Generated_Source\PSoC4/Bootloadable_1.c **** *
 111:Generated_Source\PSoC4/Bootloadable_1.c **** * \param appId  
 112:Generated_Source\PSoC4/Bootloadable_1.c **** *   The active application number to be written to flash (metadata section) 
 113:Generated_Source\PSoC4/Bootloadable_1.c **** *   NOTE Possible values are:
 114:Generated_Source\PSoC4/Bootloadable_1.c **** *   0 - for the first application
 115:Generated_Source\PSoC4/Bootloadable_1.c **** *   1 - for the second application.
 116:Generated_Source\PSoC4/Bootloadable_1.c **** *   Any other number is considered invalid. 
 117:Generated_Source\PSoC4/Bootloadable_1.c **** *
 118:Generated_Source\PSoC4/Bootloadable_1.c **** * \return 
 119:Generated_Source\PSoC4/Bootloadable_1.c **** *   A status of writing to flash operation.
 120:Generated_Source\PSoC4/Bootloadable_1.c **** *   \n CYRET_SUCCESS - Returned if appId was successfully changed. 
 121:Generated_Source\PSoC4/Bootloadable_1.c **** *   \n CYRET_BAD_PARAM - Returned if the parameter appID passed to the function has the 
 122:Generated_Source\PSoC4/Bootloadable_1.c **** *                       same value as the active application ID. 
 123:Generated_Source\PSoC4/Bootloadable_1.c **** *   \note - The other non-zero value is considered as a failure during writing to flash.  
 124:Generated_Source\PSoC4/Bootloadable_1.c **** *
 125:Generated_Source\PSoC4/Bootloadable_1.c **** *   \note - This API does not update Bootloader_activeApp variable.
 126:Generated_Source\PSoC4/Bootloadable_1.c **** *
 127:Generated_Source\PSoC4/Bootloadable_1.c **** *******************************************************************************/
 128:Generated_Source\PSoC4/Bootloadable_1.c **** cystatus Bootloadable_1_SetActiveApplication(uint8 appId) CYSMALL \
 129:Generated_Source\PSoC4/Bootloadable_1.c ****                 
 130:Generated_Source\PSoC4/Bootloadable_1.c **** {
 131:Generated_Source\PSoC4/Bootloadable_1.c ****     cystatus result = CYRET_SUCCESS;
 132:Generated_Source\PSoC4/Bootloadable_1.c **** 
 133:Generated_Source\PSoC4/Bootloadable_1.c ****     uint8 CYDATA idx;
 134:Generated_Source\PSoC4/Bootloadable_1.c ****     
 135:Generated_Source\PSoC4/Bootloadable_1.c ****     /* If invalid application number */
 136:Generated_Source\PSoC4/Bootloadable_1.c ****     if (appId > Bootloadable_1_MD_BTLDB_ACTIVE_1)
 137:Generated_Source\PSoC4/Bootloadable_1.c ****     {
 138:Generated_Source\PSoC4/Bootloadable_1.c ****         result = CYRET_BAD_PARAM;
 139:Generated_Source\PSoC4/Bootloadable_1.c ****     }
 140:Generated_Source\PSoC4/Bootloadable_1.c ****     else
 141:Generated_Source\PSoC4/Bootloadable_1.c ****     {
 142:Generated_Source\PSoC4/Bootloadable_1.c ****         /* If appID has same value as active application ID */
 143:Generated_Source\PSoC4/Bootloadable_1.c ****         if (1u == Bootloadable_1_GET_CODE_DATA(Bootloadable_1_MD_BTLDB_ACTIVE_OFFSET(appId)))
 144:Generated_Source\PSoC4/Bootloadable_1.c ****         {
 145:Generated_Source\PSoC4/Bootloadable_1.c ****             result = CYRET_BAD_PARAM;
 146:Generated_Source\PSoC4/Bootloadable_1.c ****         }
 147:Generated_Source\PSoC4/Bootloadable_1.c ****         else
 148:Generated_Source\PSoC4/Bootloadable_1.c ****         {
 149:Generated_Source\PSoC4/Bootloadable_1.c ****             /* Updating metadata section */
 150:Generated_Source\PSoC4/Bootloadable_1.c ****             for(idx = 0u; idx < Bootloadable_1_MAX_NUM_OF_BTLDB; idx++)
 151:Generated_Source\PSoC4/Bootloadable_1.c ****             {
 152:Generated_Source\PSoC4/Bootloadable_1.c ****                 result |= Bootloadable_1_WriteFlashByte((uint32) Bootloadable_1_MD_BTLDB_ACTIVE_OFF
 153:Generated_Source\PSoC4/Bootloadable_1.c ****                                                                                             (uint8)
 154:Generated_Source\PSoC4/Bootloadable_1.c ****             }
 155:Generated_Source\PSoC4/Bootloadable_1.c ****         }
 156:Generated_Source\PSoC4/Bootloadable_1.c ****     }
 157:Generated_Source\PSoC4/Bootloadable_1.c ****     
 158:Generated_Source\PSoC4/Bootloadable_1.c ****     return (result);
 159:Generated_Source\PSoC4/Bootloadable_1.c **** }
 160:Generated_Source\PSoC4/Bootloadable_1.c **** 
 161:Generated_Source\PSoC4/Bootloadable_1.c **** /*******************************************************************************
 162:Generated_Source\PSoC4/Bootloadable_1.c **** * Function Name: Bootloadable_1_WriteFlashByte
 163:Generated_Source\PSoC4/Bootloadable_1.c **** ****************************************************************************//**
 164:Generated_Source\PSoC4/Bootloadable_1.c **** *
 165:Generated_Source\PSoC4/Bootloadable_1.c **** * \brief 
ARM GAS  C:\Users\g\AppData\Local\Temp\ccx0EeBo.s 			page 5


 166:Generated_Source\PSoC4/Bootloadable_1.c **** *   This API writes to flash the specified data.
 167:Generated_Source\PSoC4/Bootloadable_1.c **** *
 168:Generated_Source\PSoC4/Bootloadable_1.c **** * \param address 
 169:Generated_Source\PSoC4/Bootloadable_1.c **** *   The address in flash.
 170:Generated_Source\PSoC4/Bootloadable_1.c **** *
 171:Generated_Source\PSoC4/Bootloadable_1.c **** * \param inputValue 
 172:Generated_Source\PSoC4/Bootloadable_1.c **** *   One-byte data.
 173:Generated_Source\PSoC4/Bootloadable_1.c **** *
 174:Generated_Source\PSoC4/Bootloadable_1.c **** * \return 
 175:Generated_Source\PSoC4/Bootloadable_1.c **** *   A status of the writing to flash procedure.
 176:Generated_Source\PSoC4/Bootloadable_1.c **** *
 177:Generated_Source\PSoC4/Bootloadable_1.c **** *******************************************************************************/
 178:Generated_Source\PSoC4/Bootloadable_1.c **** static cystatus Bootloadable_1_WriteFlashByte(const uint32 address, const uint8 inputValue) CYLARGE
 179:Generated_Source\PSoC4/Bootloadable_1.c ****                                
 180:Generated_Source\PSoC4/Bootloadable_1.c **** {
 181:Generated_Source\PSoC4/Bootloadable_1.c ****     cystatus result = CYRET_SUCCESS;
 182:Generated_Source\PSoC4/Bootloadable_1.c ****     uint32 flsAddr = address - CYDEV_FLASH_BASE;
 183:Generated_Source\PSoC4/Bootloadable_1.c ****     uint8  rowData[CYDEV_FLS_ROW_SIZE];
 184:Generated_Source\PSoC4/Bootloadable_1.c **** 
 185:Generated_Source\PSoC4/Bootloadable_1.c ****     #if !(CY_PSOC4)
 186:Generated_Source\PSoC4/Bootloadable_1.c ****         uint8 arrayId = ( uint8 )(flsAddr / CYDEV_FLS_SECTOR_SIZE);
 187:Generated_Source\PSoC4/Bootloadable_1.c ****     #endif  /* !(CY_PSOC4) */
 188:Generated_Source\PSoC4/Bootloadable_1.c **** 
 189:Generated_Source\PSoC4/Bootloadable_1.c ****     #if (CY_PSOC4)
 190:Generated_Source\PSoC4/Bootloadable_1.c ****         uint16 rowNum = ( uint16 )(flsAddr / CYDEV_FLS_ROW_SIZE);
 191:Generated_Source\PSoC4/Bootloadable_1.c ****     #else
 192:Generated_Source\PSoC4/Bootloadable_1.c ****         uint16 rowNum = ( uint16 )((flsAddr % CYDEV_FLS_SECTOR_SIZE) / CYDEV_FLS_ROW_SIZE);
 193:Generated_Source\PSoC4/Bootloadable_1.c ****     #endif  /* (CY_PSOC4) */
 194:Generated_Source\PSoC4/Bootloadable_1.c **** 
 195:Generated_Source\PSoC4/Bootloadable_1.c ****     uint32 baseAddr = address - (address % CYDEV_FLS_ROW_SIZE);
 196:Generated_Source\PSoC4/Bootloadable_1.c ****     uint16 idx;
 197:Generated_Source\PSoC4/Bootloadable_1.c **** 
 198:Generated_Source\PSoC4/Bootloadable_1.c ****     for(idx = 0u; idx < CYDEV_FLS_ROW_SIZE; idx++)
 199:Generated_Source\PSoC4/Bootloadable_1.c ****     {
 200:Generated_Source\PSoC4/Bootloadable_1.c ****         rowData[idx] = (uint8)Bootloadable_1_GET_CODE_DATA(baseAddr + idx);
 201:Generated_Source\PSoC4/Bootloadable_1.c ****     }
 202:Generated_Source\PSoC4/Bootloadable_1.c **** 
 203:Generated_Source\PSoC4/Bootloadable_1.c ****     rowData[address % CYDEV_FLS_ROW_SIZE] = inputValue;
 204:Generated_Source\PSoC4/Bootloadable_1.c **** 
 205:Generated_Source\PSoC4/Bootloadable_1.c ****     #if(CY_PSOC4)
 206:Generated_Source\PSoC4/Bootloadable_1.c ****         result = CySysFlashWriteRow((uint32) rowNum, rowData);
 207:Generated_Source\PSoC4/Bootloadable_1.c ****     #else
 208:Generated_Source\PSoC4/Bootloadable_1.c ****         result = CyWriteRowData(arrayId, rowNum, rowData);
 209:Generated_Source\PSoC4/Bootloadable_1.c ****     #endif  /* (CY_PSOC4) */
 210:Generated_Source\PSoC4/Bootloadable_1.c **** 
 211:Generated_Source\PSoC4/Bootloadable_1.c ****     #if(CY_PSOC5)
 212:Generated_Source\PSoC4/Bootloadable_1.c ****         /***************************************************************************
 213:Generated_Source\PSoC4/Bootloadable_1.c ****         * When writing to flash, data in the instruction cache can become stale.
 214:Generated_Source\PSoC4/Bootloadable_1.c ****         * Therefore, the cache data does not correlate to the data just written to
 215:Generated_Source\PSoC4/Bootloadable_1.c ****         * flash. A call to CyFlushCache() is required to invalidate the data in the
 216:Generated_Source\PSoC4/Bootloadable_1.c ****         * cache and force fresh information to be loaded from flash.
 217:Generated_Source\PSoC4/Bootloadable_1.c ****         ***************************************************************************/
 218:Generated_Source\PSoC4/Bootloadable_1.c ****         CyFlushCache();
 219:Generated_Source\PSoC4/Bootloadable_1.c ****     #endif /* (CY_PSOC5) */
 220:Generated_Source\PSoC4/Bootloadable_1.c ****     return (result);
 221:Generated_Source\PSoC4/Bootloadable_1.c **** }
 222:Generated_Source\PSoC4/Bootloadable_1.c **** #endif /*(CYDEV_PROJ_TYPE == CYDEV_PROJ_TYPE_LOADABLEANDBOOTLOADER)*/
ARM GAS  C:\Users\g\AppData\Local\Temp\ccx0EeBo.s 			page 6


 223:Generated_Source\PSoC4/Bootloadable_1.c **** /** @} functions_group */
 224:Generated_Source\PSoC4/Bootloadable_1.c **** 
 225:Generated_Source\PSoC4/Bootloadable_1.c **** /*******************************************************************************
 226:Generated_Source\PSoC4/Bootloadable_1.c **** * The following code is OBSOLETE and must not be used.
 227:Generated_Source\PSoC4/Bootloadable_1.c **** *******************************************************************************/
 228:Generated_Source\PSoC4/Bootloadable_1.c **** void Bootloadable_1_SetFlashByte(uint32 address, uint8 runType) 
 229:Generated_Source\PSoC4/Bootloadable_1.c **** {
  61              		.loc 1 229 0
  62              		.cfi_startproc
  63              	.LVL1:
  64 0000 F0B5     		push	{r4, r5, r6, r7, lr}
  65              		.cfi_def_cfa_offset 20
  66              		.cfi_offset 4, -20
  67              		.cfi_offset 5, -16
  68              		.cfi_offset 6, -12
  69              		.cfi_offset 7, -8
  70              		.cfi_offset 14, -4
  71 0002 061C     		mov	r6, r0
 230:Generated_Source\PSoC4/Bootloadable_1.c ****     uint32 flsAddr = address - CYDEV_FLASH_BASE;
 231:Generated_Source\PSoC4/Bootloadable_1.c ****     uint8  rowData[CYDEV_FLS_ROW_SIZE];
 232:Generated_Source\PSoC4/Bootloadable_1.c **** 
 233:Generated_Source\PSoC4/Bootloadable_1.c ****     #if !(CY_PSOC4)
 234:Generated_Source\PSoC4/Bootloadable_1.c ****         uint8 arrayId = ( uint8 )(flsAddr / CYDEV_FLS_SECTOR_SIZE);
 235:Generated_Source\PSoC4/Bootloadable_1.c ****     #endif  /* !(CY_PSOC4) */
 236:Generated_Source\PSoC4/Bootloadable_1.c **** 
 237:Generated_Source\PSoC4/Bootloadable_1.c ****     #if (CY_PSOC4)
 238:Generated_Source\PSoC4/Bootloadable_1.c ****         uint16 rowNum = ( uint16 )(flsAddr / CYDEV_FLS_ROW_SIZE);
 239:Generated_Source\PSoC4/Bootloadable_1.c ****     #else
 240:Generated_Source\PSoC4/Bootloadable_1.c ****         uint16 rowNum = ( uint16 )((flsAddr % CYDEV_FLS_SECTOR_SIZE) / CYDEV_FLS_ROW_SIZE);
 241:Generated_Source\PSoC4/Bootloadable_1.c ****     #endif  /* (CY_PSOC4) */
 242:Generated_Source\PSoC4/Bootloadable_1.c **** 
 243:Generated_Source\PSoC4/Bootloadable_1.c ****     uint32 baseAddr = address - (address % CYDEV_FLS_ROW_SIZE);
  72              		.loc 1 243 0
  73 0004 7F23     		mov	r3, #127
  74 0006 351C     		mov	r5, r6
 229:Generated_Source\PSoC4/Bootloadable_1.c ****     uint32 flsAddr = address - CYDEV_FLASH_BASE;
  75              		.loc 1 229 0
  76 0008 A1B0     		sub	sp, sp, #132
  77              		.cfi_def_cfa_offset 152
 229:Generated_Source\PSoC4/Bootloadable_1.c ****     uint32 flsAddr = address - CYDEV_FLASH_BASE;
  78              		.loc 1 229 0
  79 000a 0F1C     		mov	r7, r1
  80              		.loc 1 243 0
  81 000c 9D43     		bic	r5, r3
  82 000e 6946     		mov	r1, sp
  83              	.LVL2:
  84 0010 6B46     		mov	r3, sp
 238:Generated_Source\PSoC4/Bootloadable_1.c ****     #else
  85              		.loc 1 238 0
  86 0012 C009     		lsr	r0, r0, #7
  87              	.LVL3:
  88 0014 20AC     		add	r4, sp, #128
  89              	.LVL4:
  90              	.L5:
  91 0016 5A1A     		sub	r2, r3, r1
 244:Generated_Source\PSoC4/Bootloadable_1.c ****     uint16 idx;
 245:Generated_Source\PSoC4/Bootloadable_1.c **** 
ARM GAS  C:\Users\g\AppData\Local\Temp\ccx0EeBo.s 			page 7


 246:Generated_Source\PSoC4/Bootloadable_1.c **** 
 247:Generated_Source\PSoC4/Bootloadable_1.c ****     for (idx = 0u; idx < CYDEV_FLS_ROW_SIZE; idx++)
 248:Generated_Source\PSoC4/Bootloadable_1.c ****     {
 249:Generated_Source\PSoC4/Bootloadable_1.c ****         rowData[idx] = Bootloadable_1_GET_CODE_DATA(baseAddr + idx);
  92              		.loc 1 249 0 discriminator 3
  93 0018 525D     		ldrb	r2, [r2, r5]
  94 001a 1A70     		strb	r2, [r3]
  95              	.LVL5:
  96 001c 0133     		add	r3, r3, #1
  97              	.LVL6:
 247:Generated_Source\PSoC4/Bootloadable_1.c ****     {
  98              		.loc 1 247 0 discriminator 3
  99 001e A342     		cmp	r3, r4
 100 0020 F9D1     		bne	.L5
 250:Generated_Source\PSoC4/Bootloadable_1.c ****     }
 251:Generated_Source\PSoC4/Bootloadable_1.c ****     rowData[address % CYDEV_FLS_ROW_SIZE] = runType;
 101              		.loc 1 251 0
 102 0022 7F23     		mov	r3, #127
 252:Generated_Source\PSoC4/Bootloadable_1.c **** 
 253:Generated_Source\PSoC4/Bootloadable_1.c ****     #if(CY_PSOC4)
 254:Generated_Source\PSoC4/Bootloadable_1.c ****         (void) CySysFlashWriteRow((uint32) rowNum, rowData);
 103              		.loc 1 254 0
 104 0024 0004     		lsl	r0, r0, #16
 105              	.LVL7:
 251:Generated_Source\PSoC4/Bootloadable_1.c **** 
 106              		.loc 1 251 0
 107 0026 1E40     		and	r6, r3
 108              	.LVL8:
 109              		.loc 1 254 0
 110 0028 000C     		lsr	r0, r0, #16
 251:Generated_Source\PSoC4/Bootloadable_1.c **** 
 111              		.loc 1 251 0
 112 002a 8F55     		strb	r7, [r1, r6]
 113              		.loc 1 254 0
 114 002c FFF7FEFF 		bl	CySysFlashWriteRow
 115              	.LVL9:
 255:Generated_Source\PSoC4/Bootloadable_1.c ****     #else
 256:Generated_Source\PSoC4/Bootloadable_1.c ****         (void) CyWriteRowData(arrayId, rowNum, rowData);
 257:Generated_Source\PSoC4/Bootloadable_1.c ****     #endif  /* (CY_PSOC4) */
 258:Generated_Source\PSoC4/Bootloadable_1.c **** 
 259:Generated_Source\PSoC4/Bootloadable_1.c ****     #if(CY_PSOC5)
 260:Generated_Source\PSoC4/Bootloadable_1.c ****         /***************************************************************************
 261:Generated_Source\PSoC4/Bootloadable_1.c ****         * When writing to flash, data in the instruction cache can become obsolete.
 262:Generated_Source\PSoC4/Bootloadable_1.c ****         * Therefore, the cache data does not correlate to the data just written to
 263:Generated_Source\PSoC4/Bootloadable_1.c ****         * flash. A call to CyFlushCache() is required to invalidate the data in the
 264:Generated_Source\PSoC4/Bootloadable_1.c ****         * cache and force fresh information to be loaded from flash.
 265:Generated_Source\PSoC4/Bootloadable_1.c ****         ***************************************************************************/
 266:Generated_Source\PSoC4/Bootloadable_1.c ****         CyFlushCache();
 267:Generated_Source\PSoC4/Bootloadable_1.c ****     #endif /* (CY_PSOC5) */
 268:Generated_Source\PSoC4/Bootloadable_1.c **** }
 116              		.loc 1 268 0
 117 0030 21B0     		add	sp, sp, #132
 118              		@ sp needed
 119              	.LVL10:
 120 0032 F0BD     		pop	{r4, r5, r6, r7, pc}
 121              		.cfi_endproc
 122              	.LFE1:
ARM GAS  C:\Users\g\AppData\Local\Temp\ccx0EeBo.s 			page 8


 123              		.size	Bootloadable_1_SetFlashByte, .-Bootloadable_1_SetFlashByte
 124              		.text
 125              	.Letext0:
 126              		.file 2 "Generated_Source\\PSoC4\\cytypes.h"
 127              		.file 3 "Generated_Source\\PSoC4\\Bootloadable_1.h"
 128              		.file 4 "Generated_Source\\PSoC4\\CyLib.h"
 129              		.file 5 "Generated_Source\\PSoC4\\CyFlash.h"
 130              		.section	.debug_info,"",%progbits
 131              	.Ldebug_info0:
 132 0000 AF010000 		.4byte	0x1af
 133 0004 0400     		.2byte	0x4
 134 0006 00000000 		.4byte	.Ldebug_abbrev0
 135 000a 04       		.byte	0x4
 136 000b 01       		.uleb128 0x1
 137 000c 40000000 		.4byte	.LASF24
 138 0010 01       		.byte	0x1
 139 0011 B2010000 		.4byte	.LASF25
 140 0015 00000000 		.4byte	.LASF26
 141 0019 00000000 		.4byte	.Ldebug_ranges0+0
 142 001d 00000000 		.4byte	0
 143 0021 00000000 		.4byte	.Ldebug_line0
 144 0025 02       		.uleb128 0x2
 145 0026 01       		.byte	0x1
 146 0027 06       		.byte	0x6
 147 0028 FD010000 		.4byte	.LASF0
 148 002c 02       		.uleb128 0x2
 149 002d 01       		.byte	0x1
 150 002e 08       		.byte	0x8
 151 002f DF000000 		.4byte	.LASF1
 152 0033 02       		.uleb128 0x2
 153 0034 02       		.byte	0x2
 154 0035 05       		.byte	0x5
 155 0036 DA010000 		.4byte	.LASF2
 156 003a 02       		.uleb128 0x2
 157 003b 02       		.byte	0x2
 158 003c 07       		.byte	0x7
 159 003d 2D000000 		.4byte	.LASF3
 160 0041 02       		.uleb128 0x2
 161 0042 04       		.byte	0x4
 162 0043 05       		.byte	0x5
 163 0044 F4010000 		.4byte	.LASF4
 164 0048 02       		.uleb128 0x2
 165 0049 04       		.byte	0x4
 166 004a 07       		.byte	0x7
 167 004b F5000000 		.4byte	.LASF5
 168 004f 02       		.uleb128 0x2
 169 0050 08       		.byte	0x8
 170 0051 05       		.byte	0x5
 171 0052 9F010000 		.4byte	.LASF6
 172 0056 02       		.uleb128 0x2
 173 0057 08       		.byte	0x8
 174 0058 07       		.byte	0x7
 175 0059 6E010000 		.4byte	.LASF7
 176 005d 03       		.uleb128 0x3
 177 005e 04       		.byte	0x4
 178 005f 05       		.byte	0x5
 179 0060 696E7400 		.ascii	"int\000"
ARM GAS  C:\Users\g\AppData\Local\Temp\ccx0EeBo.s 			page 9


 180 0064 02       		.uleb128 0x2
 181 0065 04       		.byte	0x4
 182 0066 07       		.byte	0x7
 183 0067 3D010000 		.4byte	.LASF8
 184 006b 04       		.uleb128 0x4
 185 006c 07010000 		.4byte	.LASF9
 186 0070 02       		.byte	0x2
 187 0071 9801     		.2byte	0x198
 188 0073 2C000000 		.4byte	0x2c
 189 0077 04       		.uleb128 0x4
 190 0078 2F010000 		.4byte	.LASF10
 191 007c 02       		.byte	0x2
 192 007d 9901     		.2byte	0x199
 193 007f 3A000000 		.4byte	0x3a
 194 0083 04       		.uleb128 0x4
 195 0084 36010000 		.4byte	.LASF11
 196 0088 02       		.byte	0x2
 197 0089 9A01     		.2byte	0x19a
 198 008b 48000000 		.4byte	0x48
 199 008f 02       		.uleb128 0x2
 200 0090 04       		.byte	0x4
 201 0091 04       		.byte	0x4
 202 0092 D9000000 		.4byte	.LASF12
 203 0096 02       		.uleb128 0x2
 204 0097 08       		.byte	0x8
 205 0098 04       		.byte	0x4
 206 0099 0D010000 		.4byte	.LASF13
 207 009d 02       		.uleb128 0x2
 208 009e 01       		.byte	0x1
 209 009f 08       		.byte	0x8
 210 00a0 AD010000 		.4byte	.LASF14
 211 00a4 05       		.uleb128 0x5
 212 00a5 83000000 		.4byte	0x83
 213 00a9 02       		.uleb128 0x2
 214 00aa 04       		.byte	0x4
 215 00ab 07       		.byte	0x7
 216 00ac 96010000 		.4byte	.LASF15
 217 00b0 06       		.uleb128 0x6
 218 00b1 18020000 		.4byte	.LASF16
 219 00b5 01       		.byte	0x1
 220 00b6 29       		.byte	0x29
 221 00b7 00000000 		.4byte	.LFB0
 222 00bb 14000000 		.4byte	.LFE0-.LFB0
 223 00bf 01       		.uleb128 0x1
 224 00c0 9C       		.byte	0x9c
 225 00c1 CF000000 		.4byte	0xcf
 226 00c5 07       		.uleb128 0x7
 227 00c6 0C000000 		.4byte	.LVL0
 228 00ca 86010000 		.4byte	0x186
 229 00ce 00       		.byte	0
 230 00cf 06       		.uleb128 0x6
 231 00d0 4A010000 		.4byte	.LASF17
 232 00d4 01       		.byte	0x1
 233 00d5 E4       		.byte	0xe4
 234 00d6 00000000 		.4byte	.LFB1
 235 00da 34000000 		.4byte	.LFE1-.LFB1
 236 00de 01       		.uleb128 0x1
ARM GAS  C:\Users\g\AppData\Local\Temp\ccx0EeBo.s 			page 10


 237 00df 9C       		.byte	0x9c
 238 00e0 6B010000 		.4byte	0x16b
 239 00e4 08       		.uleb128 0x8
 240 00e5 66010000 		.4byte	.LASF18
 241 00e9 01       		.byte	0x1
 242 00ea E4       		.byte	0xe4
 243 00eb 83000000 		.4byte	0x83
 244 00ef 00000000 		.4byte	.LLST0
 245 00f3 08       		.uleb128 0x8
 246 00f4 85010000 		.4byte	.LASF19
 247 00f8 01       		.byte	0x1
 248 00f9 E4       		.byte	0xe4
 249 00fa 6B000000 		.4byte	0x6b
 250 00fe 2C000000 		.4byte	.LLST1
 251 0102 09       		.uleb128 0x9
 252 0103 27010000 		.4byte	.LASF20
 253 0107 01       		.byte	0x1
 254 0108 E6       		.byte	0xe6
 255 0109 83000000 		.4byte	0x83
 256 010d 00000000 		.4byte	.LLST0
 257 0111 0A       		.uleb128 0xa
 258 0112 ED000000 		.4byte	.LASF21
 259 0116 01       		.byte	0x1
 260 0117 E7       		.byte	0xe7
 261 0118 6B010000 		.4byte	0x16b
 262 011c 03       		.uleb128 0x3
 263 011d 91       		.byte	0x91
 264 011e E87E     		.sleb128 -152
 265 0120 09       		.uleb128 0x9
 266 0121 26000000 		.4byte	.LASF22
 267 0125 01       		.byte	0x1
 268 0126 EE       		.byte	0xee
 269 0127 77000000 		.4byte	0x77
 270 012b 4D000000 		.4byte	.LLST3
 271 012f 09       		.uleb128 0x9
 272 0130 8D010000 		.4byte	.LASF23
 273 0134 01       		.byte	0x1
 274 0135 F3       		.byte	0xf3
 275 0136 83000000 		.4byte	0x83
 276 013a 7F000000 		.4byte	.LLST4
 277 013e 0B       		.uleb128 0xb
 278 013f 69647800 		.ascii	"idx\000"
 279 0143 01       		.byte	0x1
 280 0144 F4       		.byte	0xf4
 281 0145 77000000 		.4byte	0x77
 282 0149 A3000000 		.4byte	.LLST5
 283 014d 0C       		.uleb128 0xc
 284 014e 30000000 		.4byte	.LVL9
 285 0152 8D010000 		.4byte	0x18d
 286 0156 0D       		.uleb128 0xd
 287 0157 01       		.uleb128 0x1
 288 0158 51       		.byte	0x51
 289 0159 02       		.uleb128 0x2
 290 015a 7D       		.byte	0x7d
 291 015b 00       		.sleb128 0
 292 015c 0D       		.uleb128 0xd
 293 015d 01       		.uleb128 0x1
ARM GAS  C:\Users\g\AppData\Local\Temp\ccx0EeBo.s 			page 11


 294 015e 50       		.byte	0x50
 295 015f 09       		.uleb128 0x9
 296 0160 F3       		.byte	0xf3
 297 0161 01       		.uleb128 0x1
 298 0162 50       		.byte	0x50
 299 0163 37       		.byte	0x37
 300 0164 25       		.byte	0x25
 301 0165 40       		.byte	0x40
 302 0166 24       		.byte	0x24
 303 0167 40       		.byte	0x40
 304 0168 25       		.byte	0x25
 305 0169 00       		.byte	0
 306 016a 00       		.byte	0
 307 016b 0E       		.uleb128 0xe
 308 016c 6B000000 		.4byte	0x6b
 309 0170 7B010000 		.4byte	0x17b
 310 0174 0F       		.uleb128 0xf
 311 0175 A9000000 		.4byte	0xa9
 312 0179 7F       		.byte	0x7f
 313 017a 00       		.byte	0
 314 017b 10       		.uleb128 0x10
 315 017c 09020000 		.4byte	.LASF27
 316 0180 03       		.byte	0x3
 317 0181 38       		.byte	0x38
 318 0182 A4000000 		.4byte	0xa4
 319 0186 11       		.uleb128 0x11
 320 0187 E4010000 		.4byte	.LASF28
 321 018b 04       		.byte	0x4
 322 018c E2       		.byte	0xe2
 323 018d 12       		.uleb128 0x12
 324 018e 14010000 		.4byte	.LASF29
 325 0192 05       		.byte	0x5
 326 0193 4E       		.byte	0x4e
 327 0194 83000000 		.4byte	0x83
 328 0198 A7010000 		.4byte	0x1a7
 329 019c 13       		.uleb128 0x13
 330 019d 83000000 		.4byte	0x83
 331 01a1 13       		.uleb128 0x13
 332 01a2 A7010000 		.4byte	0x1a7
 333 01a6 00       		.byte	0
 334 01a7 14       		.uleb128 0x14
 335 01a8 04       		.byte	0x4
 336 01a9 AD010000 		.4byte	0x1ad
 337 01ad 15       		.uleb128 0x15
 338 01ae 6B000000 		.4byte	0x6b
 339 01b2 00       		.byte	0
 340              		.section	.debug_abbrev,"",%progbits
 341              	.Ldebug_abbrev0:
 342 0000 01       		.uleb128 0x1
 343 0001 11       		.uleb128 0x11
 344 0002 01       		.byte	0x1
 345 0003 25       		.uleb128 0x25
 346 0004 0E       		.uleb128 0xe
 347 0005 13       		.uleb128 0x13
 348 0006 0B       		.uleb128 0xb
 349 0007 03       		.uleb128 0x3
 350 0008 0E       		.uleb128 0xe
ARM GAS  C:\Users\g\AppData\Local\Temp\ccx0EeBo.s 			page 12


 351 0009 1B       		.uleb128 0x1b
 352 000a 0E       		.uleb128 0xe
 353 000b 55       		.uleb128 0x55
 354 000c 17       		.uleb128 0x17
 355 000d 11       		.uleb128 0x11
 356 000e 01       		.uleb128 0x1
 357 000f 10       		.uleb128 0x10
 358 0010 17       		.uleb128 0x17
 359 0011 00       		.byte	0
 360 0012 00       		.byte	0
 361 0013 02       		.uleb128 0x2
 362 0014 24       		.uleb128 0x24
 363 0015 00       		.byte	0
 364 0016 0B       		.uleb128 0xb
 365 0017 0B       		.uleb128 0xb
 366 0018 3E       		.uleb128 0x3e
 367 0019 0B       		.uleb128 0xb
 368 001a 03       		.uleb128 0x3
 369 001b 0E       		.uleb128 0xe
 370 001c 00       		.byte	0
 371 001d 00       		.byte	0
 372 001e 03       		.uleb128 0x3
 373 001f 24       		.uleb128 0x24
 374 0020 00       		.byte	0
 375 0021 0B       		.uleb128 0xb
 376 0022 0B       		.uleb128 0xb
 377 0023 3E       		.uleb128 0x3e
 378 0024 0B       		.uleb128 0xb
 379 0025 03       		.uleb128 0x3
 380 0026 08       		.uleb128 0x8
 381 0027 00       		.byte	0
 382 0028 00       		.byte	0
 383 0029 04       		.uleb128 0x4
 384 002a 16       		.uleb128 0x16
 385 002b 00       		.byte	0
 386 002c 03       		.uleb128 0x3
 387 002d 0E       		.uleb128 0xe
 388 002e 3A       		.uleb128 0x3a
 389 002f 0B       		.uleb128 0xb
 390 0030 3B       		.uleb128 0x3b
 391 0031 05       		.uleb128 0x5
 392 0032 49       		.uleb128 0x49
 393 0033 13       		.uleb128 0x13
 394 0034 00       		.byte	0
 395 0035 00       		.byte	0
 396 0036 05       		.uleb128 0x5
 397 0037 35       		.uleb128 0x35
 398 0038 00       		.byte	0
 399 0039 49       		.uleb128 0x49
 400 003a 13       		.uleb128 0x13
 401 003b 00       		.byte	0
 402 003c 00       		.byte	0
 403 003d 06       		.uleb128 0x6
 404 003e 2E       		.uleb128 0x2e
 405 003f 01       		.byte	0x1
 406 0040 3F       		.uleb128 0x3f
 407 0041 19       		.uleb128 0x19
ARM GAS  C:\Users\g\AppData\Local\Temp\ccx0EeBo.s 			page 13


 408 0042 03       		.uleb128 0x3
 409 0043 0E       		.uleb128 0xe
 410 0044 3A       		.uleb128 0x3a
 411 0045 0B       		.uleb128 0xb
 412 0046 3B       		.uleb128 0x3b
 413 0047 0B       		.uleb128 0xb
 414 0048 27       		.uleb128 0x27
 415 0049 19       		.uleb128 0x19
 416 004a 11       		.uleb128 0x11
 417 004b 01       		.uleb128 0x1
 418 004c 12       		.uleb128 0x12
 419 004d 06       		.uleb128 0x6
 420 004e 40       		.uleb128 0x40
 421 004f 18       		.uleb128 0x18
 422 0050 9742     		.uleb128 0x2117
 423 0052 19       		.uleb128 0x19
 424 0053 01       		.uleb128 0x1
 425 0054 13       		.uleb128 0x13
 426 0055 00       		.byte	0
 427 0056 00       		.byte	0
 428 0057 07       		.uleb128 0x7
 429 0058 898201   		.uleb128 0x4109
 430 005b 00       		.byte	0
 431 005c 11       		.uleb128 0x11
 432 005d 01       		.uleb128 0x1
 433 005e 31       		.uleb128 0x31
 434 005f 13       		.uleb128 0x13
 435 0060 00       		.byte	0
 436 0061 00       		.byte	0
 437 0062 08       		.uleb128 0x8
 438 0063 05       		.uleb128 0x5
 439 0064 00       		.byte	0
 440 0065 03       		.uleb128 0x3
 441 0066 0E       		.uleb128 0xe
 442 0067 3A       		.uleb128 0x3a
 443 0068 0B       		.uleb128 0xb
 444 0069 3B       		.uleb128 0x3b
 445 006a 0B       		.uleb128 0xb
 446 006b 49       		.uleb128 0x49
 447 006c 13       		.uleb128 0x13
 448 006d 02       		.uleb128 0x2
 449 006e 17       		.uleb128 0x17
 450 006f 00       		.byte	0
 451 0070 00       		.byte	0
 452 0071 09       		.uleb128 0x9
 453 0072 34       		.uleb128 0x34
 454 0073 00       		.byte	0
 455 0074 03       		.uleb128 0x3
 456 0075 0E       		.uleb128 0xe
 457 0076 3A       		.uleb128 0x3a
 458 0077 0B       		.uleb128 0xb
 459 0078 3B       		.uleb128 0x3b
 460 0079 0B       		.uleb128 0xb
 461 007a 49       		.uleb128 0x49
 462 007b 13       		.uleb128 0x13
 463 007c 02       		.uleb128 0x2
 464 007d 17       		.uleb128 0x17
ARM GAS  C:\Users\g\AppData\Local\Temp\ccx0EeBo.s 			page 14


 465 007e 00       		.byte	0
 466 007f 00       		.byte	0
 467 0080 0A       		.uleb128 0xa
 468 0081 34       		.uleb128 0x34
 469 0082 00       		.byte	0
 470 0083 03       		.uleb128 0x3
 471 0084 0E       		.uleb128 0xe
 472 0085 3A       		.uleb128 0x3a
 473 0086 0B       		.uleb128 0xb
 474 0087 3B       		.uleb128 0x3b
 475 0088 0B       		.uleb128 0xb
 476 0089 49       		.uleb128 0x49
 477 008a 13       		.uleb128 0x13
 478 008b 02       		.uleb128 0x2
 479 008c 18       		.uleb128 0x18
 480 008d 00       		.byte	0
 481 008e 00       		.byte	0
 482 008f 0B       		.uleb128 0xb
 483 0090 34       		.uleb128 0x34
 484 0091 00       		.byte	0
 485 0092 03       		.uleb128 0x3
 486 0093 08       		.uleb128 0x8
 487 0094 3A       		.uleb128 0x3a
 488 0095 0B       		.uleb128 0xb
 489 0096 3B       		.uleb128 0x3b
 490 0097 0B       		.uleb128 0xb
 491 0098 49       		.uleb128 0x49
 492 0099 13       		.uleb128 0x13
 493 009a 02       		.uleb128 0x2
 494 009b 17       		.uleb128 0x17
 495 009c 00       		.byte	0
 496 009d 00       		.byte	0
 497 009e 0C       		.uleb128 0xc
 498 009f 898201   		.uleb128 0x4109
 499 00a2 01       		.byte	0x1
 500 00a3 11       		.uleb128 0x11
 501 00a4 01       		.uleb128 0x1
 502 00a5 31       		.uleb128 0x31
 503 00a6 13       		.uleb128 0x13
 504 00a7 00       		.byte	0
 505 00a8 00       		.byte	0
 506 00a9 0D       		.uleb128 0xd
 507 00aa 8A8201   		.uleb128 0x410a
 508 00ad 00       		.byte	0
 509 00ae 02       		.uleb128 0x2
 510 00af 18       		.uleb128 0x18
 511 00b0 9142     		.uleb128 0x2111
 512 00b2 18       		.uleb128 0x18
 513 00b3 00       		.byte	0
 514 00b4 00       		.byte	0
 515 00b5 0E       		.uleb128 0xe
 516 00b6 01       		.uleb128 0x1
 517 00b7 01       		.byte	0x1
 518 00b8 49       		.uleb128 0x49
 519 00b9 13       		.uleb128 0x13
 520 00ba 01       		.uleb128 0x1
 521 00bb 13       		.uleb128 0x13
ARM GAS  C:\Users\g\AppData\Local\Temp\ccx0EeBo.s 			page 15


 522 00bc 00       		.byte	0
 523 00bd 00       		.byte	0
 524 00be 0F       		.uleb128 0xf
 525 00bf 21       		.uleb128 0x21
 526 00c0 00       		.byte	0
 527 00c1 49       		.uleb128 0x49
 528 00c2 13       		.uleb128 0x13
 529 00c3 2F       		.uleb128 0x2f
 530 00c4 0B       		.uleb128 0xb
 531 00c5 00       		.byte	0
 532 00c6 00       		.byte	0
 533 00c7 10       		.uleb128 0x10
 534 00c8 34       		.uleb128 0x34
 535 00c9 00       		.byte	0
 536 00ca 03       		.uleb128 0x3
 537 00cb 0E       		.uleb128 0xe
 538 00cc 3A       		.uleb128 0x3a
 539 00cd 0B       		.uleb128 0xb
 540 00ce 3B       		.uleb128 0x3b
 541 00cf 0B       		.uleb128 0xb
 542 00d0 49       		.uleb128 0x49
 543 00d1 13       		.uleb128 0x13
 544 00d2 3F       		.uleb128 0x3f
 545 00d3 19       		.uleb128 0x19
 546 00d4 3C       		.uleb128 0x3c
 547 00d5 19       		.uleb128 0x19
 548 00d6 00       		.byte	0
 549 00d7 00       		.byte	0
 550 00d8 11       		.uleb128 0x11
 551 00d9 2E       		.uleb128 0x2e
 552 00da 00       		.byte	0
 553 00db 3F       		.uleb128 0x3f
 554 00dc 19       		.uleb128 0x19
 555 00dd 03       		.uleb128 0x3
 556 00de 0E       		.uleb128 0xe
 557 00df 3A       		.uleb128 0x3a
 558 00e0 0B       		.uleb128 0xb
 559 00e1 3B       		.uleb128 0x3b
 560 00e2 0B       		.uleb128 0xb
 561 00e3 27       		.uleb128 0x27
 562 00e4 19       		.uleb128 0x19
 563 00e5 3C       		.uleb128 0x3c
 564 00e6 19       		.uleb128 0x19
 565 00e7 00       		.byte	0
 566 00e8 00       		.byte	0
 567 00e9 12       		.uleb128 0x12
 568 00ea 2E       		.uleb128 0x2e
 569 00eb 01       		.byte	0x1
 570 00ec 3F       		.uleb128 0x3f
 571 00ed 19       		.uleb128 0x19
 572 00ee 03       		.uleb128 0x3
 573 00ef 0E       		.uleb128 0xe
 574 00f0 3A       		.uleb128 0x3a
 575 00f1 0B       		.uleb128 0xb
 576 00f2 3B       		.uleb128 0x3b
 577 00f3 0B       		.uleb128 0xb
 578 00f4 27       		.uleb128 0x27
ARM GAS  C:\Users\g\AppData\Local\Temp\ccx0EeBo.s 			page 16


 579 00f5 19       		.uleb128 0x19
 580 00f6 49       		.uleb128 0x49
 581 00f7 13       		.uleb128 0x13
 582 00f8 3C       		.uleb128 0x3c
 583 00f9 19       		.uleb128 0x19
 584 00fa 01       		.uleb128 0x1
 585 00fb 13       		.uleb128 0x13
 586 00fc 00       		.byte	0
 587 00fd 00       		.byte	0
 588 00fe 13       		.uleb128 0x13
 589 00ff 05       		.uleb128 0x5
 590 0100 00       		.byte	0
 591 0101 49       		.uleb128 0x49
 592 0102 13       		.uleb128 0x13
 593 0103 00       		.byte	0
 594 0104 00       		.byte	0
 595 0105 14       		.uleb128 0x14
 596 0106 0F       		.uleb128 0xf
 597 0107 00       		.byte	0
 598 0108 0B       		.uleb128 0xb
 599 0109 0B       		.uleb128 0xb
 600 010a 49       		.uleb128 0x49
 601 010b 13       		.uleb128 0x13
 602 010c 00       		.byte	0
 603 010d 00       		.byte	0
 604 010e 15       		.uleb128 0x15
 605 010f 26       		.uleb128 0x26
 606 0110 00       		.byte	0
 607 0111 49       		.uleb128 0x49
 608 0112 13       		.uleb128 0x13
 609 0113 00       		.byte	0
 610 0114 00       		.byte	0
 611 0115 00       		.byte	0
 612              		.section	.debug_loc,"",%progbits
 613              	.Ldebug_loc0:
 614              	.LLST0:
 615 0000 00000000 		.4byte	.LVL1
 616 0004 14000000 		.4byte	.LVL3
 617 0008 0100     		.2byte	0x1
 618 000a 50       		.byte	0x50
 619 000b 14000000 		.4byte	.LVL3
 620 000f 28000000 		.4byte	.LVL8
 621 0013 0100     		.2byte	0x1
 622 0015 56       		.byte	0x56
 623 0016 28000000 		.4byte	.LVL8
 624 001a 34000000 		.4byte	.LFE1
 625 001e 0400     		.2byte	0x4
 626 0020 F3       		.byte	0xf3
 627 0021 01       		.uleb128 0x1
 628 0022 50       		.byte	0x50
 629 0023 9F       		.byte	0x9f
 630 0024 00000000 		.4byte	0
 631 0028 00000000 		.4byte	0
 632              	.LLST1:
 633 002c 00000000 		.4byte	.LVL1
 634 0030 10000000 		.4byte	.LVL2
 635 0034 0100     		.2byte	0x1
ARM GAS  C:\Users\g\AppData\Local\Temp\ccx0EeBo.s 			page 17


 636 0036 51       		.byte	0x51
 637 0037 10000000 		.4byte	.LVL2
 638 003b 34000000 		.4byte	.LFE1
 639 003f 0400     		.2byte	0x4
 640 0041 F3       		.byte	0xf3
 641 0042 01       		.uleb128 0x1
 642 0043 51       		.byte	0x51
 643 0044 9F       		.byte	0x9f
 644 0045 00000000 		.4byte	0
 645 0049 00000000 		.4byte	0
 646              	.LLST3:
 647 004d 14000000 		.4byte	.LVL3
 648 0051 26000000 		.4byte	.LVL7
 649 0055 0100     		.2byte	0x1
 650 0057 50       		.byte	0x50
 651 0058 26000000 		.4byte	.LVL7
 652 005c 28000000 		.4byte	.LVL8
 653 0060 0500     		.2byte	0x5
 654 0062 76       		.byte	0x76
 655 0063 00       		.sleb128 0
 656 0064 37       		.byte	0x37
 657 0065 25       		.byte	0x25
 658 0066 9F       		.byte	0x9f
 659 0067 28000000 		.4byte	.LVL8
 660 006b 34000000 		.4byte	.LFE1
 661 006f 0600     		.2byte	0x6
 662 0071 F3       		.byte	0xf3
 663 0072 01       		.uleb128 0x1
 664 0073 50       		.byte	0x50
 665 0074 37       		.byte	0x37
 666 0075 25       		.byte	0x25
 667 0076 9F       		.byte	0x9f
 668 0077 00000000 		.4byte	0
 669 007b 00000000 		.4byte	0
 670              	.LLST4:
 671 007f 14000000 		.4byte	.LVL3
 672 0083 32000000 		.4byte	.LVL10
 673 0087 0100     		.2byte	0x1
 674 0089 55       		.byte	0x55
 675 008a 32000000 		.4byte	.LVL10
 676 008e 34000000 		.4byte	.LFE1
 677 0092 0700     		.2byte	0x7
 678 0094 F3       		.byte	0xf3
 679 0095 01       		.uleb128 0x1
 680 0096 50       		.byte	0x50
 681 0097 09       		.byte	0x9
 682 0098 80       		.byte	0x80
 683 0099 1A       		.byte	0x1a
 684 009a 9F       		.byte	0x9f
 685 009b 00000000 		.4byte	0
 686 009f 00000000 		.4byte	0
 687              	.LLST5:
 688 00a3 14000000 		.4byte	.LVL3
 689 00a7 16000000 		.4byte	.LVL4
 690 00ab 0200     		.2byte	0x2
 691 00ad 30       		.byte	0x30
 692 00ae 9F       		.byte	0x9f
ARM GAS  C:\Users\g\AppData\Local\Temp\ccx0EeBo.s 			page 18


 693 00af 16000000 		.4byte	.LVL4
 694 00b3 1C000000 		.4byte	.LVL5
 695 00b7 0600     		.2byte	0x6
 696 00b9 73       		.byte	0x73
 697 00ba 00       		.sleb128 0
 698 00bb 7D       		.byte	0x7d
 699 00bc 00       		.sleb128 0
 700 00bd 1C       		.byte	0x1c
 701 00be 9F       		.byte	0x9f
 702 00bf 1C000000 		.4byte	.LVL5
 703 00c3 1E000000 		.4byte	.LVL6
 704 00c7 0800     		.2byte	0x8
 705 00c9 73       		.byte	0x73
 706 00ca 00       		.sleb128 0
 707 00cb 7D       		.byte	0x7d
 708 00cc 00       		.sleb128 0
 709 00cd 1C       		.byte	0x1c
 710 00ce 23       		.byte	0x23
 711 00cf 01       		.uleb128 0x1
 712 00d0 9F       		.byte	0x9f
 713 00d1 00000000 		.4byte	0
 714 00d5 00000000 		.4byte	0
 715              		.section	.debug_aranges,"",%progbits
 716 0000 24000000 		.4byte	0x24
 717 0004 0200     		.2byte	0x2
 718 0006 00000000 		.4byte	.Ldebug_info0
 719 000a 04       		.byte	0x4
 720 000b 00       		.byte	0
 721 000c 0000     		.2byte	0
 722 000e 0000     		.2byte	0
 723 0010 00000000 		.4byte	.LFB0
 724 0014 14000000 		.4byte	.LFE0-.LFB0
 725 0018 00000000 		.4byte	.LFB1
 726 001c 34000000 		.4byte	.LFE1-.LFB1
 727 0020 00000000 		.4byte	0
 728 0024 00000000 		.4byte	0
 729              		.section	.debug_ranges,"",%progbits
 730              	.Ldebug_ranges0:
 731 0000 00000000 		.4byte	.LFB0
 732 0004 14000000 		.4byte	.LFE0
 733 0008 00000000 		.4byte	.LFB1
 734 000c 34000000 		.4byte	.LFE1
 735 0010 00000000 		.4byte	0
 736 0014 00000000 		.4byte	0
 737              		.section	.debug_line,"",%progbits
 738              	.Ldebug_line0:
 739 0000 C3000000 		.section	.debug_str,"MS",%progbits,1
 739      02007700 
 739      00000201 
 739      FB0E0D00 
 739      01010101 
 740              	.LASF26:
 741 0000 443A5C63 		.ascii	"D:\\code\\cypress\\Tarocco\\Tarocco.cydsn\000"
 741      6F64655C 
 741      63797072 
 741      6573735C 
 741      5461726F 
ARM GAS  C:\Users\g\AppData\Local\Temp\ccx0EeBo.s 			page 19


 742              	.LASF22:
 743 0026 726F774E 		.ascii	"rowNum\000"
 743      756D00
 744              	.LASF3:
 745 002d 73686F72 		.ascii	"short unsigned int\000"
 745      7420756E 
 745      7369676E 
 745      65642069 
 745      6E7400
 746              	.LASF24:
 747 0040 474E5520 		.ascii	"GNU C 4.9.3 20150303 (release) [ARM/embedded-4_9-br"
 747      4320342E 
 747      392E3320 
 747      32303135 
 747      30333033 
 748 0073 616E6368 		.ascii	"anch revision 221220] -mcpu=cortex-m0 -mthumb -g -O"
 748      20726576 
 748      6973696F 
 748      6E203232 
 748      31323230 
 749 00a6 32202D73 		.ascii	"2 -std=gnu99 -ffunction-sections -ffat-lto-objects\000"
 749      74643D67 
 749      6E753939 
 749      202D6666 
 749      756E6374 
 750              	.LASF12:
 751 00d9 666C6F61 		.ascii	"float\000"
 751      7400
 752              	.LASF1:
 753 00df 756E7369 		.ascii	"unsigned char\000"
 753      676E6564 
 753      20636861 
 753      7200
 754              	.LASF21:
 755 00ed 726F7744 		.ascii	"rowData\000"
 755      61746100 
 756              	.LASF5:
 757 00f5 6C6F6E67 		.ascii	"long unsigned int\000"
 757      20756E73 
 757      69676E65 
 757      6420696E 
 757      7400
 758              	.LASF9:
 759 0107 75696E74 		.ascii	"uint8\000"
 759      3800
 760              	.LASF13:
 761 010d 646F7562 		.ascii	"double\000"
 761      6C6500
 762              	.LASF29:
 763 0114 43795379 		.ascii	"CySysFlashWriteRow\000"
 763      73466C61 
 763      73685772 
 763      69746552 
 763      6F7700
 764              	.LASF20:
 765 0127 666C7341 		.ascii	"flsAddr\000"
 765      64647200 
ARM GAS  C:\Users\g\AppData\Local\Temp\ccx0EeBo.s 			page 20


 766              	.LASF10:
 767 012f 75696E74 		.ascii	"uint16\000"
 767      313600
 768              	.LASF11:
 769 0136 75696E74 		.ascii	"uint32\000"
 769      333200
 770              	.LASF8:
 771 013d 756E7369 		.ascii	"unsigned int\000"
 771      676E6564 
 771      20696E74 
 771      00
 772              	.LASF17:
 773 014a 426F6F74 		.ascii	"Bootloadable_1_SetFlashByte\000"
 773      6C6F6164 
 773      61626C65 
 773      5F315F53 
 773      6574466C 
 774              	.LASF18:
 775 0166 61646472 		.ascii	"address\000"
 775      65737300 
 776              	.LASF7:
 777 016e 6C6F6E67 		.ascii	"long long unsigned int\000"
 777      206C6F6E 
 777      6720756E 
 777      7369676E 
 777      65642069 
 778              	.LASF19:
 779 0185 72756E54 		.ascii	"runType\000"
 779      79706500 
 780              	.LASF23:
 781 018d 62617365 		.ascii	"baseAddr\000"
 781      41646472 
 781      00
 782              	.LASF15:
 783 0196 73697A65 		.ascii	"sizetype\000"
 783      74797065 
 783      00
 784              	.LASF6:
 785 019f 6C6F6E67 		.ascii	"long long int\000"
 785      206C6F6E 
 785      6720696E 
 785      7400
 786              	.LASF14:
 787 01ad 63686172 		.ascii	"char\000"
 787      00
 788              	.LASF25:
 789 01b2 47656E65 		.ascii	"Generated_Source\\PSoC4\\Bootloadable_1.c\000"
 789      72617465 
 789      645F536F 
 789      75726365 
 789      5C50536F 
 790              	.LASF2:
 791 01da 73686F72 		.ascii	"short int\000"
 791      7420696E 
 791      7400
 792              	.LASF28:
 793 01e4 4379536F 		.ascii	"CySoftwareReset\000"
ARM GAS  C:\Users\g\AppData\Local\Temp\ccx0EeBo.s 			page 21


 793      66747761 
 793      72655265 
 793      73657400 
 794              	.LASF4:
 795 01f4 6C6F6E67 		.ascii	"long int\000"
 795      20696E74 
 795      00
 796              	.LASF0:
 797 01fd 7369676E 		.ascii	"signed char\000"
 797      65642063 
 797      68617200 
 798              	.LASF27:
 799 0209 63794274 		.ascii	"cyBtldrRunType\000"
 799      6C647252 
 799      756E5479 
 799      706500
 800              	.LASF16:
 801 0218 426F6F74 		.ascii	"Bootloadable_1_Load\000"
 801      6C6F6164 
 801      61626C65 
 801      5F315F4C 
 801      6F616400 
 802              		.ident	"GCC: (GNU Tools for ARM Embedded Processors) 4.9.3 20150303 (release) [ARM/embedded-4_9-br
