ARM GAS  C:\Users\g\AppData\Local\Temp\cc8tpmXN.s 			page 1


   1              		.cpu cortex-m0
   2              		.fpu softvfp
   3              		.eabi_attribute 20, 1
   4              		.eabi_attribute 21, 1
   5              		.eabi_attribute 23, 3
   6              		.eabi_attribute 24, 1
   7              		.eabi_attribute 25, 1
   8              		.eabi_attribute 26, 1
   9              		.eabi_attribute 30, 1
  10              		.eabi_attribute 34, 0
  11              		.eabi_attribute 18, 4
  12              		.code	16
  13              		.file	"Cyclk12.c"
  14              		.text
  15              	.Ltext0:
  16              		.cfi_sections	.debug_frame
  17              		.section	.text.Cyclk12_Start,"ax",%progbits
  18              		.align	2
  19              		.global	Cyclk12_Start
  20              		.code	16
  21              		.thumb_func
  22              		.type	Cyclk12_Start, %function
  23              	Cyclk12_Start:
  24              	.LFB0:
  25              		.file 1 "Generated_Source\\PSoC4\\Cyclk12.c"
   1:Generated_Source\PSoC4/Cyclk12.c **** /*******************************************************************************
   2:Generated_Source\PSoC4/Cyclk12.c **** * File Name: Cyclk12.c
   3:Generated_Source\PSoC4/Cyclk12.c **** * Version 2.20
   4:Generated_Source\PSoC4/Cyclk12.c **** *
   5:Generated_Source\PSoC4/Cyclk12.c **** *  Description:
   6:Generated_Source\PSoC4/Cyclk12.c **** *   Provides system API for the clocking, interrupts and watchdog timer.
   7:Generated_Source\PSoC4/Cyclk12.c **** *
   8:Generated_Source\PSoC4/Cyclk12.c **** *  Note:
   9:Generated_Source\PSoC4/Cyclk12.c **** *   Documentation of the API's in this file is located in the
  10:Generated_Source\PSoC4/Cyclk12.c **** *   System Reference Guide provided with PSoC Creator.
  11:Generated_Source\PSoC4/Cyclk12.c **** *
  12:Generated_Source\PSoC4/Cyclk12.c **** ********************************************************************************
  13:Generated_Source\PSoC4/Cyclk12.c **** * Copyright 2008-2012, Cypress Semiconductor Corporation.  All rights reserved.
  14:Generated_Source\PSoC4/Cyclk12.c **** * You may use this file only in accordance with the license, terms, conditions,
  15:Generated_Source\PSoC4/Cyclk12.c **** * disclaimers, and limitations in the end user license agreement accompanying
  16:Generated_Source\PSoC4/Cyclk12.c **** * the software package with which this file was provided.
  17:Generated_Source\PSoC4/Cyclk12.c **** *******************************************************************************/
  18:Generated_Source\PSoC4/Cyclk12.c **** 
  19:Generated_Source\PSoC4/Cyclk12.c **** #include <cydevice_trm.h>
  20:Generated_Source\PSoC4/Cyclk12.c **** #include "Cyclk12.h"
  21:Generated_Source\PSoC4/Cyclk12.c **** 
  22:Generated_Source\PSoC4/Cyclk12.c **** #if defined CYREG_PERI_DIV_CMD
  23:Generated_Source\PSoC4/Cyclk12.c **** 
  24:Generated_Source\PSoC4/Cyclk12.c **** /*******************************************************************************
  25:Generated_Source\PSoC4/Cyclk12.c **** * Function Name: Cyclk12_StartEx
  26:Generated_Source\PSoC4/Cyclk12.c **** ********************************************************************************
  27:Generated_Source\PSoC4/Cyclk12.c **** *
  28:Generated_Source\PSoC4/Cyclk12.c **** * Summary:
  29:Generated_Source\PSoC4/Cyclk12.c **** *  Starts the clock, aligned to the specified running clock.
  30:Generated_Source\PSoC4/Cyclk12.c **** *
  31:Generated_Source\PSoC4/Cyclk12.c **** * Parameters:
  32:Generated_Source\PSoC4/Cyclk12.c **** *  alignClkDiv:  The divider to which phase alignment is performed when the
ARM GAS  C:\Users\g\AppData\Local\Temp\cc8tpmXN.s 			page 2


  33:Generated_Source\PSoC4/Cyclk12.c **** *    clock is started.
  34:Generated_Source\PSoC4/Cyclk12.c **** *
  35:Generated_Source\PSoC4/Cyclk12.c **** * Returns:
  36:Generated_Source\PSoC4/Cyclk12.c **** *  None
  37:Generated_Source\PSoC4/Cyclk12.c **** *
  38:Generated_Source\PSoC4/Cyclk12.c **** *******************************************************************************/
  39:Generated_Source\PSoC4/Cyclk12.c **** void Cyclk12_StartEx(uint32 alignClkDiv)
  40:Generated_Source\PSoC4/Cyclk12.c **** {
  41:Generated_Source\PSoC4/Cyclk12.c ****     /* Make sure any previous start command has finished. */
  42:Generated_Source\PSoC4/Cyclk12.c ****     while((Cyclk12_CMD_REG & Cyclk12_CMD_ENABLE_MASK) != 0u)
  43:Generated_Source\PSoC4/Cyclk12.c ****     {
  44:Generated_Source\PSoC4/Cyclk12.c ****     }
  45:Generated_Source\PSoC4/Cyclk12.c ****     
  46:Generated_Source\PSoC4/Cyclk12.c ****     /* Specify the target divider and it's alignment divider, and enable. */
  47:Generated_Source\PSoC4/Cyclk12.c ****     Cyclk12_CMD_REG =
  48:Generated_Source\PSoC4/Cyclk12.c ****         ((uint32)Cyclk12__DIV_ID << Cyclk12_CMD_DIV_SHIFT)|
  49:Generated_Source\PSoC4/Cyclk12.c ****         (alignClkDiv << Cyclk12_CMD_PA_DIV_SHIFT) |
  50:Generated_Source\PSoC4/Cyclk12.c ****         (uint32)Cyclk12_CMD_ENABLE_MASK;
  51:Generated_Source\PSoC4/Cyclk12.c **** }
  52:Generated_Source\PSoC4/Cyclk12.c **** 
  53:Generated_Source\PSoC4/Cyclk12.c **** #else
  54:Generated_Source\PSoC4/Cyclk12.c **** 
  55:Generated_Source\PSoC4/Cyclk12.c **** /*******************************************************************************
  56:Generated_Source\PSoC4/Cyclk12.c **** * Function Name: Cyclk12_Start
  57:Generated_Source\PSoC4/Cyclk12.c **** ********************************************************************************
  58:Generated_Source\PSoC4/Cyclk12.c **** *
  59:Generated_Source\PSoC4/Cyclk12.c **** * Summary:
  60:Generated_Source\PSoC4/Cyclk12.c **** *  Starts the clock.
  61:Generated_Source\PSoC4/Cyclk12.c **** *
  62:Generated_Source\PSoC4/Cyclk12.c **** * Parameters:
  63:Generated_Source\PSoC4/Cyclk12.c **** *  None
  64:Generated_Source\PSoC4/Cyclk12.c **** *
  65:Generated_Source\PSoC4/Cyclk12.c **** * Returns:
  66:Generated_Source\PSoC4/Cyclk12.c **** *  None
  67:Generated_Source\PSoC4/Cyclk12.c **** *
  68:Generated_Source\PSoC4/Cyclk12.c **** *******************************************************************************/
  69:Generated_Source\PSoC4/Cyclk12.c **** 
  70:Generated_Source\PSoC4/Cyclk12.c **** void Cyclk12_Start(void)
  71:Generated_Source\PSoC4/Cyclk12.c **** {
  26              		.loc 1 71 0
  27              		.cfi_startproc
  72:Generated_Source\PSoC4/Cyclk12.c ****     /* Set the bit to enable the clock. */
  73:Generated_Source\PSoC4/Cyclk12.c ****     Cyclk12_ENABLE_REG |= Cyclk12__ENABLE_MASK;
  28              		.loc 1 73 0
  29 0000 034A     		ldr	r2, .L2
  30 0002 1368     		ldr	r3, [r2]
  31 0004 8021     		mov	r1, #128
  32 0006 0906     		lsl	r1, r1, #24
  33 0008 0B43     		orr	r3, r1
  34 000a 1360     		str	r3, [r2]
  74:Generated_Source\PSoC4/Cyclk12.c **** }
  35              		.loc 1 74 0
  36              		@ sp needed
  37 000c 7047     		bx	lr
  38              	.L3:
  39 000e C046     		.align	2
  40              	.L2:
ARM GAS  C:\Users\g\AppData\Local\Temp\cc8tpmXN.s 			page 3


  41 0010 00000240 		.word	1073872896
  42              		.cfi_endproc
  43              	.LFE0:
  44              		.size	Cyclk12_Start, .-Cyclk12_Start
  45              		.section	.text.Cyclk12_Stop,"ax",%progbits
  46              		.align	2
  47              		.global	Cyclk12_Stop
  48              		.code	16
  49              		.thumb_func
  50              		.type	Cyclk12_Stop, %function
  51              	Cyclk12_Stop:
  52              	.LFB1:
  75:Generated_Source\PSoC4/Cyclk12.c **** 
  76:Generated_Source\PSoC4/Cyclk12.c **** #endif /* CYREG_PERI_DIV_CMD */
  77:Generated_Source\PSoC4/Cyclk12.c **** 
  78:Generated_Source\PSoC4/Cyclk12.c **** 
  79:Generated_Source\PSoC4/Cyclk12.c **** /*******************************************************************************
  80:Generated_Source\PSoC4/Cyclk12.c **** * Function Name: Cyclk12_Stop
  81:Generated_Source\PSoC4/Cyclk12.c **** ********************************************************************************
  82:Generated_Source\PSoC4/Cyclk12.c **** *
  83:Generated_Source\PSoC4/Cyclk12.c **** * Summary:
  84:Generated_Source\PSoC4/Cyclk12.c **** *  Stops the clock and returns immediately. This API does not require the
  85:Generated_Source\PSoC4/Cyclk12.c **** *  source clock to be running but may return before the hardware is actually
  86:Generated_Source\PSoC4/Cyclk12.c **** *  disabled.
  87:Generated_Source\PSoC4/Cyclk12.c **** *
  88:Generated_Source\PSoC4/Cyclk12.c **** * Parameters:
  89:Generated_Source\PSoC4/Cyclk12.c **** *  None
  90:Generated_Source\PSoC4/Cyclk12.c **** *
  91:Generated_Source\PSoC4/Cyclk12.c **** * Returns:
  92:Generated_Source\PSoC4/Cyclk12.c **** *  None
  93:Generated_Source\PSoC4/Cyclk12.c **** *
  94:Generated_Source\PSoC4/Cyclk12.c **** *******************************************************************************/
  95:Generated_Source\PSoC4/Cyclk12.c **** void Cyclk12_Stop(void)
  96:Generated_Source\PSoC4/Cyclk12.c **** {
  53              		.loc 1 96 0
  54              		.cfi_startproc
  97:Generated_Source\PSoC4/Cyclk12.c **** #if defined CYREG_PERI_DIV_CMD
  98:Generated_Source\PSoC4/Cyclk12.c **** 
  99:Generated_Source\PSoC4/Cyclk12.c ****     /* Make sure any previous start command has finished. */
 100:Generated_Source\PSoC4/Cyclk12.c ****     while((Cyclk12_CMD_REG & Cyclk12_CMD_ENABLE_MASK) != 0u)
 101:Generated_Source\PSoC4/Cyclk12.c ****     {
 102:Generated_Source\PSoC4/Cyclk12.c ****     }
 103:Generated_Source\PSoC4/Cyclk12.c ****     
 104:Generated_Source\PSoC4/Cyclk12.c ****     /* Specify the target divider and it's alignment divider, and disable. */
 105:Generated_Source\PSoC4/Cyclk12.c ****     Cyclk12_CMD_REG =
 106:Generated_Source\PSoC4/Cyclk12.c ****         ((uint32)Cyclk12__DIV_ID << Cyclk12_CMD_DIV_SHIFT)|
 107:Generated_Source\PSoC4/Cyclk12.c ****         ((uint32)Cyclk12_CMD_DISABLE_MASK);
 108:Generated_Source\PSoC4/Cyclk12.c **** 
 109:Generated_Source\PSoC4/Cyclk12.c **** #else
 110:Generated_Source\PSoC4/Cyclk12.c **** 
 111:Generated_Source\PSoC4/Cyclk12.c ****     /* Clear the bit to disable the clock. */
 112:Generated_Source\PSoC4/Cyclk12.c ****     Cyclk12_ENABLE_REG &= (uint32)(~Cyclk12__ENABLE_MASK);
  55              		.loc 1 112 0
  56 0000 024A     		ldr	r2, .L5
  57 0002 1368     		ldr	r3, [r2]
  58 0004 5B00     		lsl	r3, r3, #1
  59 0006 5B08     		lsr	r3, r3, #1
ARM GAS  C:\Users\g\AppData\Local\Temp\cc8tpmXN.s 			page 4


  60 0008 1360     		str	r3, [r2]
 113:Generated_Source\PSoC4/Cyclk12.c ****     
 114:Generated_Source\PSoC4/Cyclk12.c **** #endif /* CYREG_PERI_DIV_CMD */
 115:Generated_Source\PSoC4/Cyclk12.c **** }
  61              		.loc 1 115 0
  62              		@ sp needed
  63 000a 7047     		bx	lr
  64              	.L6:
  65              		.align	2
  66              	.L5:
  67 000c 00000240 		.word	1073872896
  68              		.cfi_endproc
  69              	.LFE1:
  70              		.size	Cyclk12_Stop, .-Cyclk12_Stop
  71              		.section	.text.Cyclk12_SetFractionalDividerRegister,"ax",%progbits
  72              		.align	2
  73              		.global	Cyclk12_SetFractionalDividerRegister
  74              		.code	16
  75              		.thumb_func
  76              		.type	Cyclk12_SetFractionalDividerRegister, %function
  77              	Cyclk12_SetFractionalDividerRegister:
  78              	.LFB2:
 116:Generated_Source\PSoC4/Cyclk12.c **** 
 117:Generated_Source\PSoC4/Cyclk12.c **** 
 118:Generated_Source\PSoC4/Cyclk12.c **** /*******************************************************************************
 119:Generated_Source\PSoC4/Cyclk12.c **** * Function Name: Cyclk12_SetFractionalDividerRegister
 120:Generated_Source\PSoC4/Cyclk12.c **** ********************************************************************************
 121:Generated_Source\PSoC4/Cyclk12.c **** *
 122:Generated_Source\PSoC4/Cyclk12.c **** * Summary:
 123:Generated_Source\PSoC4/Cyclk12.c **** *  Modifies the clock divider and the fractional divider.
 124:Generated_Source\PSoC4/Cyclk12.c **** *
 125:Generated_Source\PSoC4/Cyclk12.c **** * Parameters:
 126:Generated_Source\PSoC4/Cyclk12.c **** *  clkDivider:  Divider register value (0-65535). This value is NOT the
 127:Generated_Source\PSoC4/Cyclk12.c **** *    divider; the clock hardware divides by clkDivider plus one. For example,
 128:Generated_Source\PSoC4/Cyclk12.c **** *    to divide the clock by 2, this parameter should be set to 1.
 129:Generated_Source\PSoC4/Cyclk12.c **** *  fracDivider:  Fractional Divider register value (0-31).
 130:Generated_Source\PSoC4/Cyclk12.c **** * Returns:
 131:Generated_Source\PSoC4/Cyclk12.c **** *  None
 132:Generated_Source\PSoC4/Cyclk12.c **** *
 133:Generated_Source\PSoC4/Cyclk12.c **** *******************************************************************************/
 134:Generated_Source\PSoC4/Cyclk12.c **** void Cyclk12_SetFractionalDividerRegister(uint16 clkDivider, uint8 clkFractional)
 135:Generated_Source\PSoC4/Cyclk12.c **** {
  79              		.loc 1 135 0
  80              		.cfi_startproc
  81              	.LVL0:
 136:Generated_Source\PSoC4/Cyclk12.c ****     uint32 maskVal;
 137:Generated_Source\PSoC4/Cyclk12.c ****     uint32 regVal;
 138:Generated_Source\PSoC4/Cyclk12.c ****     
 139:Generated_Source\PSoC4/Cyclk12.c **** #if defined (Cyclk12__FRAC_MASK) || defined (CYREG_PERI_DIV_CMD)
 140:Generated_Source\PSoC4/Cyclk12.c ****     
 141:Generated_Source\PSoC4/Cyclk12.c **** 	/* get all but divider bits */
 142:Generated_Source\PSoC4/Cyclk12.c ****     maskVal = Cyclk12_DIV_REG & 
 143:Generated_Source\PSoC4/Cyclk12.c ****                     (uint32)(~(uint32)(Cyclk12_DIV_INT_MASK | Cyclk12_DIV_FRAC_MASK)); 
 144:Generated_Source\PSoC4/Cyclk12.c **** 	/* combine mask and new divider vals into 32-bit value */
 145:Generated_Source\PSoC4/Cyclk12.c ****     regVal = maskVal |
 146:Generated_Source\PSoC4/Cyclk12.c ****         ((uint32)((uint32)clkDivider <<  Cyclk12_DIV_INT_SHIFT) & Cyclk12_DIV_INT_MASK) |
 147:Generated_Source\PSoC4/Cyclk12.c ****         ((uint32)((uint32)clkFractional << Cyclk12_DIV_FRAC_SHIFT) & Cyclk12_DIV_FRAC_MASK);
ARM GAS  C:\Users\g\AppData\Local\Temp\cc8tpmXN.s 			page 5


 148:Generated_Source\PSoC4/Cyclk12.c ****     
 149:Generated_Source\PSoC4/Cyclk12.c **** #else
 150:Generated_Source\PSoC4/Cyclk12.c ****     /* get all but integer divider bits */
 151:Generated_Source\PSoC4/Cyclk12.c ****     maskVal = Cyclk12_DIV_REG & (uint32)(~(uint32)Cyclk12__DIVIDER_MASK);
  82              		.loc 1 151 0
  83 0000 034A     		ldr	r2, .L8
  84 0002 1368     		ldr	r3, [r2]
  85 0004 1B0C     		lsr	r3, r3, #16
  86 0006 1B04     		lsl	r3, r3, #16
  87              	.LVL1:
 152:Generated_Source\PSoC4/Cyclk12.c ****     /* combine mask and new divider val into 32-bit value */
 153:Generated_Source\PSoC4/Cyclk12.c ****     regVal = clkDivider | maskVal;
  88              		.loc 1 153 0
  89 0008 1843     		orr	r0, r3
  90              	.LVL2:
 154:Generated_Source\PSoC4/Cyclk12.c ****     
 155:Generated_Source\PSoC4/Cyclk12.c **** #endif /* Cyclk12__FRAC_MASK || CYREG_PERI_DIV_CMD */
 156:Generated_Source\PSoC4/Cyclk12.c **** 
 157:Generated_Source\PSoC4/Cyclk12.c ****     Cyclk12_DIV_REG = regVal;
  91              		.loc 1 157 0
  92 000a 1060     		str	r0, [r2]
 158:Generated_Source\PSoC4/Cyclk12.c **** }
  93              		.loc 1 158 0
  94              		@ sp needed
  95 000c 7047     		bx	lr
  96              	.L9:
  97 000e C046     		.align	2
  98              	.L8:
  99 0010 00000240 		.word	1073872896
 100              		.cfi_endproc
 101              	.LFE2:
 102              		.size	Cyclk12_SetFractionalDividerRegister, .-Cyclk12_SetFractionalDividerRegister
 103              		.section	.text.Cyclk12_GetDividerRegister,"ax",%progbits
 104              		.align	2
 105              		.global	Cyclk12_GetDividerRegister
 106              		.code	16
 107              		.thumb_func
 108              		.type	Cyclk12_GetDividerRegister, %function
 109              	Cyclk12_GetDividerRegister:
 110              	.LFB3:
 159:Generated_Source\PSoC4/Cyclk12.c **** 
 160:Generated_Source\PSoC4/Cyclk12.c **** 
 161:Generated_Source\PSoC4/Cyclk12.c **** /*******************************************************************************
 162:Generated_Source\PSoC4/Cyclk12.c **** * Function Name: Cyclk12_GetDividerRegister
 163:Generated_Source\PSoC4/Cyclk12.c **** ********************************************************************************
 164:Generated_Source\PSoC4/Cyclk12.c **** *
 165:Generated_Source\PSoC4/Cyclk12.c **** * Summary:
 166:Generated_Source\PSoC4/Cyclk12.c **** *  Gets the clock divider register value.
 167:Generated_Source\PSoC4/Cyclk12.c **** *
 168:Generated_Source\PSoC4/Cyclk12.c **** * Parameters:
 169:Generated_Source\PSoC4/Cyclk12.c **** *  None
 170:Generated_Source\PSoC4/Cyclk12.c **** *
 171:Generated_Source\PSoC4/Cyclk12.c **** * Returns:
 172:Generated_Source\PSoC4/Cyclk12.c **** *  Divide value of the clock minus 1. For example, if the clock is set to
 173:Generated_Source\PSoC4/Cyclk12.c **** *  divide by 2, the return value will be 1.
 174:Generated_Source\PSoC4/Cyclk12.c **** *
 175:Generated_Source\PSoC4/Cyclk12.c **** *******************************************************************************/
ARM GAS  C:\Users\g\AppData\Local\Temp\cc8tpmXN.s 			page 6


 176:Generated_Source\PSoC4/Cyclk12.c **** uint16 Cyclk12_GetDividerRegister(void)
 177:Generated_Source\PSoC4/Cyclk12.c **** {
 111              		.loc 1 177 0
 112              		.cfi_startproc
 178:Generated_Source\PSoC4/Cyclk12.c ****     return (uint16)((Cyclk12_DIV_REG & Cyclk12_DIV_INT_MASK)
 113              		.loc 1 178 0
 114 0000 014B     		ldr	r3, .L11
 115 0002 1868     		ldr	r0, [r3]
 116 0004 80B2     		uxth	r0, r0
 179:Generated_Source\PSoC4/Cyclk12.c ****         >> Cyclk12_DIV_INT_SHIFT);
 180:Generated_Source\PSoC4/Cyclk12.c **** }
 117              		.loc 1 180 0
 118              		@ sp needed
 119 0006 7047     		bx	lr
 120              	.L12:
 121              		.align	2
 122              	.L11:
 123 0008 00000240 		.word	1073872896
 124              		.cfi_endproc
 125              	.LFE3:
 126              		.size	Cyclk12_GetDividerRegister, .-Cyclk12_GetDividerRegister
 127              		.section	.text.Cyclk12_GetFractionalDividerRegister,"ax",%progbits
 128              		.align	2
 129              		.global	Cyclk12_GetFractionalDividerRegister
 130              		.code	16
 131              		.thumb_func
 132              		.type	Cyclk12_GetFractionalDividerRegister, %function
 133              	Cyclk12_GetFractionalDividerRegister:
 134              	.LFB4:
 181:Generated_Source\PSoC4/Cyclk12.c **** 
 182:Generated_Source\PSoC4/Cyclk12.c **** 
 183:Generated_Source\PSoC4/Cyclk12.c **** /*******************************************************************************
 184:Generated_Source\PSoC4/Cyclk12.c **** * Function Name: Cyclk12_GetFractionalDividerRegister
 185:Generated_Source\PSoC4/Cyclk12.c **** ********************************************************************************
 186:Generated_Source\PSoC4/Cyclk12.c **** *
 187:Generated_Source\PSoC4/Cyclk12.c **** * Summary:
 188:Generated_Source\PSoC4/Cyclk12.c **** *  Gets the clock fractional divider register value.
 189:Generated_Source\PSoC4/Cyclk12.c **** *
 190:Generated_Source\PSoC4/Cyclk12.c **** * Parameters:
 191:Generated_Source\PSoC4/Cyclk12.c **** *  None
 192:Generated_Source\PSoC4/Cyclk12.c **** *
 193:Generated_Source\PSoC4/Cyclk12.c **** * Returns:
 194:Generated_Source\PSoC4/Cyclk12.c **** *  Fractional Divide value of the clock
 195:Generated_Source\PSoC4/Cyclk12.c **** *  0 if the fractional divider is not in use.
 196:Generated_Source\PSoC4/Cyclk12.c **** *
 197:Generated_Source\PSoC4/Cyclk12.c **** *******************************************************************************/
 198:Generated_Source\PSoC4/Cyclk12.c **** uint8 Cyclk12_GetFractionalDividerRegister(void)
 199:Generated_Source\PSoC4/Cyclk12.c **** {
 135              		.loc 1 199 0
 136              		.cfi_startproc
 200:Generated_Source\PSoC4/Cyclk12.c **** #if defined (Cyclk12__FRAC_MASK)
 201:Generated_Source\PSoC4/Cyclk12.c ****     /* return fractional divider bits */
 202:Generated_Source\PSoC4/Cyclk12.c ****     return (uint8)((Cyclk12_DIV_REG & Cyclk12_DIV_FRAC_MASK)
 203:Generated_Source\PSoC4/Cyclk12.c ****         >> Cyclk12_DIV_FRAC_SHIFT);
 204:Generated_Source\PSoC4/Cyclk12.c **** #else
 205:Generated_Source\PSoC4/Cyclk12.c ****     return 0u;
 206:Generated_Source\PSoC4/Cyclk12.c **** #endif /* Cyclk12__FRAC_MASK */
ARM GAS  C:\Users\g\AppData\Local\Temp\cc8tpmXN.s 			page 7


 207:Generated_Source\PSoC4/Cyclk12.c **** }
 137              		.loc 1 207 0
 138 0000 0020     		mov	r0, #0
 139              		@ sp needed
 140 0002 7047     		bx	lr
 141              		.cfi_endproc
 142              	.LFE4:
 143              		.size	Cyclk12_GetFractionalDividerRegister, .-Cyclk12_GetFractionalDividerRegister
 144              		.text
 145              	.Letext0:
 146              		.file 2 "Generated_Source\\PSoC4/cytypes.h"
 147              		.section	.debug_info,"",%progbits
 148              	.Ldebug_info0:
 149 0000 4A010000 		.4byte	0x14a
 150 0004 0400     		.2byte	0x4
 151 0006 00000000 		.4byte	.Ldebug_abbrev0
 152 000a 04       		.byte	0x4
 153 000b 01       		.uleb128 0x1
 154 000c 81000000 		.4byte	.LASF24
 155 0010 01       		.byte	0x1
 156 0011 C7010000 		.4byte	.LASF25
 157 0015 00000000 		.4byte	.LASF26
 158 0019 00000000 		.4byte	.Ldebug_ranges0+0
 159 001d 00000000 		.4byte	0
 160 0021 00000000 		.4byte	.Ldebug_line0
 161 0025 02       		.uleb128 0x2
 162 0026 01       		.byte	0x1
 163 0027 06       		.byte	0x6
 164 0028 07020000 		.4byte	.LASF0
 165 002c 02       		.uleb128 0x2
 166 002d 01       		.byte	0x1
 167 002e 08       		.byte	0x8
 168 002f 1A010000 		.4byte	.LASF1
 169 0033 02       		.uleb128 0x2
 170 0034 02       		.byte	0x2
 171 0035 05       		.byte	0x5
 172 0036 E8010000 		.4byte	.LASF2
 173 003a 02       		.uleb128 0x2
 174 003b 02       		.byte	0x2
 175 003c 07       		.byte	0x7
 176 003d 48010000 		.4byte	.LASF3
 177 0041 02       		.uleb128 0x2
 178 0042 04       		.byte	0x4
 179 0043 05       		.byte	0x5
 180 0044 F8010000 		.4byte	.LASF4
 181 0048 02       		.uleb128 0x2
 182 0049 04       		.byte	0x4
 183 004a 07       		.byte	0x7
 184 004b 36010000 		.4byte	.LASF5
 185 004f 02       		.uleb128 0x2
 186 0050 08       		.byte	0x8
 187 0051 05       		.byte	0x5
 188 0052 B4010000 		.4byte	.LASF6
 189 0056 02       		.uleb128 0x2
 190 0057 08       		.byte	0x8
 191 0058 07       		.byte	0x7
 192 0059 9D010000 		.4byte	.LASF7
ARM GAS  C:\Users\g\AppData\Local\Temp\cc8tpmXN.s 			page 8


 193 005d 03       		.uleb128 0x3
 194 005e 04       		.byte	0x4
 195 005f 05       		.byte	0x5
 196 0060 696E7400 		.ascii	"int\000"
 197 0064 02       		.uleb128 0x2
 198 0065 04       		.byte	0x4
 199 0066 07       		.byte	0x7
 200 0067 90010000 		.4byte	.LASF8
 201 006b 04       		.uleb128 0x4
 202 006c F2010000 		.4byte	.LASF9
 203 0070 02       		.byte	0x2
 204 0071 9801     		.2byte	0x198
 205 0073 2C000000 		.4byte	0x2c
 206 0077 04       		.uleb128 0x4
 207 0078 82010000 		.4byte	.LASF10
 208 007c 02       		.byte	0x2
 209 007d 9901     		.2byte	0x199
 210 007f 3A000000 		.4byte	0x3a
 211 0083 04       		.uleb128 0x4
 212 0084 89010000 		.4byte	.LASF11
 213 0088 02       		.byte	0x2
 214 0089 9A01     		.2byte	0x19a
 215 008b 48000000 		.4byte	0x48
 216 008f 02       		.uleb128 0x2
 217 0090 04       		.byte	0x4
 218 0091 04       		.byte	0x4
 219 0092 7B000000 		.4byte	.LASF12
 220 0096 02       		.uleb128 0x2
 221 0097 08       		.byte	0x8
 222 0098 04       		.byte	0x4
 223 0099 66010000 		.4byte	.LASF13
 224 009d 02       		.uleb128 0x2
 225 009e 01       		.byte	0x1
 226 009f 08       		.byte	0x8
 227 00a0 C2010000 		.4byte	.LASF14
 228 00a4 04       		.uleb128 0x4
 229 00a5 01020000 		.4byte	.LASF15
 230 00a9 02       		.byte	0x2
 231 00aa 4402     		.2byte	0x244
 232 00ac B0000000 		.4byte	0xb0
 233 00b0 05       		.uleb128 0x5
 234 00b1 83000000 		.4byte	0x83
 235 00b5 06       		.uleb128 0x6
 236 00b6 28010000 		.4byte	.LASF16
 237 00ba 01       		.byte	0x1
 238 00bb 46       		.byte	0x46
 239 00bc 00000000 		.4byte	.LFB0
 240 00c0 14000000 		.4byte	.LFE0-.LFB0
 241 00c4 01       		.uleb128 0x1
 242 00c5 9C       		.byte	0x9c
 243 00c6 06       		.uleb128 0x6
 244 00c7 6E000000 		.4byte	.LASF17
 245 00cb 01       		.byte	0x1
 246 00cc 5F       		.byte	0x5f
 247 00cd 00000000 		.4byte	.LFB1
 248 00d1 10000000 		.4byte	.LFE1-.LFB1
 249 00d5 01       		.uleb128 0x1
ARM GAS  C:\Users\g\AppData\Local\Temp\cc8tpmXN.s 			page 9


 250 00d6 9C       		.byte	0x9c
 251 00d7 07       		.uleb128 0x7
 252 00d8 49000000 		.4byte	.LASF27
 253 00dc 01       		.byte	0x1
 254 00dd 86       		.byte	0x86
 255 00de 00000000 		.4byte	.LFB2
 256 00e2 14000000 		.4byte	.LFE2-.LFB2
 257 00e6 01       		.uleb128 0x1
 258 00e7 9C       		.byte	0x9c
 259 00e8 23010000 		.4byte	0x123
 260 00ec 08       		.uleb128 0x8
 261 00ed 5B010000 		.4byte	.LASF18
 262 00f1 01       		.byte	0x1
 263 00f2 86       		.byte	0x86
 264 00f3 77000000 		.4byte	0x77
 265 00f7 00000000 		.4byte	.LLST0
 266 00fb 09       		.uleb128 0x9
 267 00fc 74010000 		.4byte	.LASF19
 268 0100 01       		.byte	0x1
 269 0101 86       		.byte	0x86
 270 0102 6B000000 		.4byte	0x6b
 271 0106 01       		.uleb128 0x1
 272 0107 51       		.byte	0x51
 273 0108 0A       		.uleb128 0xa
 274 0109 41000000 		.4byte	.LASF20
 275 010d 01       		.byte	0x1
 276 010e 88       		.byte	0x88
 277 010f 83000000 		.4byte	0x83
 278 0113 01       		.uleb128 0x1
 279 0114 53       		.byte	0x53
 280 0115 0A       		.uleb128 0xa
 281 0116 6D010000 		.4byte	.LASF21
 282 011a 01       		.byte	0x1
 283 011b 89       		.byte	0x89
 284 011c 83000000 		.4byte	0x83
 285 0120 01       		.uleb128 0x1
 286 0121 50       		.byte	0x50
 287 0122 00       		.byte	0
 288 0123 0B       		.uleb128 0xb
 289 0124 26000000 		.4byte	.LASF22
 290 0128 01       		.byte	0x1
 291 0129 B0       		.byte	0xb0
 292 012a 77000000 		.4byte	0x77
 293 012e 00000000 		.4byte	.LFB3
 294 0132 0C000000 		.4byte	.LFE3-.LFB3
 295 0136 01       		.uleb128 0x1
 296 0137 9C       		.byte	0x9c
 297 0138 0B       		.uleb128 0xb
 298 0139 13020000 		.4byte	.LASF23
 299 013d 01       		.byte	0x1
 300 013e C6       		.byte	0xc6
 301 013f 6B000000 		.4byte	0x6b
 302 0143 00000000 		.4byte	.LFB4
 303 0147 04000000 		.4byte	.LFE4-.LFB4
 304 014b 01       		.uleb128 0x1
 305 014c 9C       		.byte	0x9c
 306 014d 00       		.byte	0
ARM GAS  C:\Users\g\AppData\Local\Temp\cc8tpmXN.s 			page 10


 307              		.section	.debug_abbrev,"",%progbits
 308              	.Ldebug_abbrev0:
 309 0000 01       		.uleb128 0x1
 310 0001 11       		.uleb128 0x11
 311 0002 01       		.byte	0x1
 312 0003 25       		.uleb128 0x25
 313 0004 0E       		.uleb128 0xe
 314 0005 13       		.uleb128 0x13
 315 0006 0B       		.uleb128 0xb
 316 0007 03       		.uleb128 0x3
 317 0008 0E       		.uleb128 0xe
 318 0009 1B       		.uleb128 0x1b
 319 000a 0E       		.uleb128 0xe
 320 000b 55       		.uleb128 0x55
 321 000c 17       		.uleb128 0x17
 322 000d 11       		.uleb128 0x11
 323 000e 01       		.uleb128 0x1
 324 000f 10       		.uleb128 0x10
 325 0010 17       		.uleb128 0x17
 326 0011 00       		.byte	0
 327 0012 00       		.byte	0
 328 0013 02       		.uleb128 0x2
 329 0014 24       		.uleb128 0x24
 330 0015 00       		.byte	0
 331 0016 0B       		.uleb128 0xb
 332 0017 0B       		.uleb128 0xb
 333 0018 3E       		.uleb128 0x3e
 334 0019 0B       		.uleb128 0xb
 335 001a 03       		.uleb128 0x3
 336 001b 0E       		.uleb128 0xe
 337 001c 00       		.byte	0
 338 001d 00       		.byte	0
 339 001e 03       		.uleb128 0x3
 340 001f 24       		.uleb128 0x24
 341 0020 00       		.byte	0
 342 0021 0B       		.uleb128 0xb
 343 0022 0B       		.uleb128 0xb
 344 0023 3E       		.uleb128 0x3e
 345 0024 0B       		.uleb128 0xb
 346 0025 03       		.uleb128 0x3
 347 0026 08       		.uleb128 0x8
 348 0027 00       		.byte	0
 349 0028 00       		.byte	0
 350 0029 04       		.uleb128 0x4
 351 002a 16       		.uleb128 0x16
 352 002b 00       		.byte	0
 353 002c 03       		.uleb128 0x3
 354 002d 0E       		.uleb128 0xe
 355 002e 3A       		.uleb128 0x3a
 356 002f 0B       		.uleb128 0xb
 357 0030 3B       		.uleb128 0x3b
 358 0031 05       		.uleb128 0x5
 359 0032 49       		.uleb128 0x49
 360 0033 13       		.uleb128 0x13
 361 0034 00       		.byte	0
 362 0035 00       		.byte	0
 363 0036 05       		.uleb128 0x5
ARM GAS  C:\Users\g\AppData\Local\Temp\cc8tpmXN.s 			page 11


 364 0037 35       		.uleb128 0x35
 365 0038 00       		.byte	0
 366 0039 49       		.uleb128 0x49
 367 003a 13       		.uleb128 0x13
 368 003b 00       		.byte	0
 369 003c 00       		.byte	0
 370 003d 06       		.uleb128 0x6
 371 003e 2E       		.uleb128 0x2e
 372 003f 00       		.byte	0
 373 0040 3F       		.uleb128 0x3f
 374 0041 19       		.uleb128 0x19
 375 0042 03       		.uleb128 0x3
 376 0043 0E       		.uleb128 0xe
 377 0044 3A       		.uleb128 0x3a
 378 0045 0B       		.uleb128 0xb
 379 0046 3B       		.uleb128 0x3b
 380 0047 0B       		.uleb128 0xb
 381 0048 27       		.uleb128 0x27
 382 0049 19       		.uleb128 0x19
 383 004a 11       		.uleb128 0x11
 384 004b 01       		.uleb128 0x1
 385 004c 12       		.uleb128 0x12
 386 004d 06       		.uleb128 0x6
 387 004e 40       		.uleb128 0x40
 388 004f 18       		.uleb128 0x18
 389 0050 9742     		.uleb128 0x2117
 390 0052 19       		.uleb128 0x19
 391 0053 00       		.byte	0
 392 0054 00       		.byte	0
 393 0055 07       		.uleb128 0x7
 394 0056 2E       		.uleb128 0x2e
 395 0057 01       		.byte	0x1
 396 0058 3F       		.uleb128 0x3f
 397 0059 19       		.uleb128 0x19
 398 005a 03       		.uleb128 0x3
 399 005b 0E       		.uleb128 0xe
 400 005c 3A       		.uleb128 0x3a
 401 005d 0B       		.uleb128 0xb
 402 005e 3B       		.uleb128 0x3b
 403 005f 0B       		.uleb128 0xb
 404 0060 27       		.uleb128 0x27
 405 0061 19       		.uleb128 0x19
 406 0062 11       		.uleb128 0x11
 407 0063 01       		.uleb128 0x1
 408 0064 12       		.uleb128 0x12
 409 0065 06       		.uleb128 0x6
 410 0066 40       		.uleb128 0x40
 411 0067 18       		.uleb128 0x18
 412 0068 9742     		.uleb128 0x2117
 413 006a 19       		.uleb128 0x19
 414 006b 01       		.uleb128 0x1
 415 006c 13       		.uleb128 0x13
 416 006d 00       		.byte	0
 417 006e 00       		.byte	0
 418 006f 08       		.uleb128 0x8
 419 0070 05       		.uleb128 0x5
 420 0071 00       		.byte	0
ARM GAS  C:\Users\g\AppData\Local\Temp\cc8tpmXN.s 			page 12


 421 0072 03       		.uleb128 0x3
 422 0073 0E       		.uleb128 0xe
 423 0074 3A       		.uleb128 0x3a
 424 0075 0B       		.uleb128 0xb
 425 0076 3B       		.uleb128 0x3b
 426 0077 0B       		.uleb128 0xb
 427 0078 49       		.uleb128 0x49
 428 0079 13       		.uleb128 0x13
 429 007a 02       		.uleb128 0x2
 430 007b 17       		.uleb128 0x17
 431 007c 00       		.byte	0
 432 007d 00       		.byte	0
 433 007e 09       		.uleb128 0x9
 434 007f 05       		.uleb128 0x5
 435 0080 00       		.byte	0
 436 0081 03       		.uleb128 0x3
 437 0082 0E       		.uleb128 0xe
 438 0083 3A       		.uleb128 0x3a
 439 0084 0B       		.uleb128 0xb
 440 0085 3B       		.uleb128 0x3b
 441 0086 0B       		.uleb128 0xb
 442 0087 49       		.uleb128 0x49
 443 0088 13       		.uleb128 0x13
 444 0089 02       		.uleb128 0x2
 445 008a 18       		.uleb128 0x18
 446 008b 00       		.byte	0
 447 008c 00       		.byte	0
 448 008d 0A       		.uleb128 0xa
 449 008e 34       		.uleb128 0x34
 450 008f 00       		.byte	0
 451 0090 03       		.uleb128 0x3
 452 0091 0E       		.uleb128 0xe
 453 0092 3A       		.uleb128 0x3a
 454 0093 0B       		.uleb128 0xb
 455 0094 3B       		.uleb128 0x3b
 456 0095 0B       		.uleb128 0xb
 457 0096 49       		.uleb128 0x49
 458 0097 13       		.uleb128 0x13
 459 0098 02       		.uleb128 0x2
 460 0099 18       		.uleb128 0x18
 461 009a 00       		.byte	0
 462 009b 00       		.byte	0
 463 009c 0B       		.uleb128 0xb
 464 009d 2E       		.uleb128 0x2e
 465 009e 00       		.byte	0
 466 009f 3F       		.uleb128 0x3f
 467 00a0 19       		.uleb128 0x19
 468 00a1 03       		.uleb128 0x3
 469 00a2 0E       		.uleb128 0xe
 470 00a3 3A       		.uleb128 0x3a
 471 00a4 0B       		.uleb128 0xb
 472 00a5 3B       		.uleb128 0x3b
 473 00a6 0B       		.uleb128 0xb
 474 00a7 27       		.uleb128 0x27
 475 00a8 19       		.uleb128 0x19
 476 00a9 49       		.uleb128 0x49
 477 00aa 13       		.uleb128 0x13
ARM GAS  C:\Users\g\AppData\Local\Temp\cc8tpmXN.s 			page 13


 478 00ab 11       		.uleb128 0x11
 479 00ac 01       		.uleb128 0x1
 480 00ad 12       		.uleb128 0x12
 481 00ae 06       		.uleb128 0x6
 482 00af 40       		.uleb128 0x40
 483 00b0 18       		.uleb128 0x18
 484 00b1 9742     		.uleb128 0x2117
 485 00b3 19       		.uleb128 0x19
 486 00b4 00       		.byte	0
 487 00b5 00       		.byte	0
 488 00b6 00       		.byte	0
 489              		.section	.debug_loc,"",%progbits
 490              	.Ldebug_loc0:
 491              	.LLST0:
 492 0000 00000000 		.4byte	.LVL0
 493 0004 0A000000 		.4byte	.LVL2
 494 0008 0100     		.2byte	0x1
 495 000a 50       		.byte	0x50
 496 000b 0A000000 		.4byte	.LVL2
 497 000f 14000000 		.4byte	.LFE2
 498 0013 0400     		.2byte	0x4
 499 0015 F3       		.byte	0xf3
 500 0016 01       		.uleb128 0x1
 501 0017 50       		.byte	0x50
 502 0018 9F       		.byte	0x9f
 503 0019 00000000 		.4byte	0
 504 001d 00000000 		.4byte	0
 505              		.section	.debug_aranges,"",%progbits
 506 0000 3C000000 		.4byte	0x3c
 507 0004 0200     		.2byte	0x2
 508 0006 00000000 		.4byte	.Ldebug_info0
 509 000a 04       		.byte	0x4
 510 000b 00       		.byte	0
 511 000c 0000     		.2byte	0
 512 000e 0000     		.2byte	0
 513 0010 00000000 		.4byte	.LFB0
 514 0014 14000000 		.4byte	.LFE0-.LFB0
 515 0018 00000000 		.4byte	.LFB1
 516 001c 10000000 		.4byte	.LFE1-.LFB1
 517 0020 00000000 		.4byte	.LFB2
 518 0024 14000000 		.4byte	.LFE2-.LFB2
 519 0028 00000000 		.4byte	.LFB3
 520 002c 0C000000 		.4byte	.LFE3-.LFB3
 521 0030 00000000 		.4byte	.LFB4
 522 0034 04000000 		.4byte	.LFE4-.LFB4
 523 0038 00000000 		.4byte	0
 524 003c 00000000 		.4byte	0
 525              		.section	.debug_ranges,"",%progbits
 526              	.Ldebug_ranges0:
 527 0000 00000000 		.4byte	.LFB0
 528 0004 14000000 		.4byte	.LFE0
 529 0008 00000000 		.4byte	.LFB1
 530 000c 10000000 		.4byte	.LFE1
 531 0010 00000000 		.4byte	.LFB2
 532 0014 14000000 		.4byte	.LFE2
 533 0018 00000000 		.4byte	.LFB3
 534 001c 0C000000 		.4byte	.LFE3
ARM GAS  C:\Users\g\AppData\Local\Temp\cc8tpmXN.s 			page 14


 535 0020 00000000 		.4byte	.LFB4
 536 0024 04000000 		.4byte	.LFE4
 537 0028 00000000 		.4byte	0
 538 002c 00000000 		.4byte	0
 539              		.section	.debug_line,"",%progbits
 540              	.Ldebug_line0:
 541 0000 A9000000 		.section	.debug_str,"MS",%progbits,1
 541      02004400 
 541      00000201 
 541      FB0E0D00 
 541      01010101 
 542              	.LASF26:
 543 0000 443A5C63 		.ascii	"D:\\code\\cypress\\Tarocco\\Tarocco.cydsn\000"
 543      6F64655C 
 543      63797072 
 543      6573735C 
 543      5461726F 
 544              	.LASF22:
 545 0026 4379636C 		.ascii	"Cyclk12_GetDividerRegister\000"
 545      6B31325F 
 545      47657444 
 545      69766964 
 545      65725265 
 546              	.LASF20:
 547 0041 6D61736B 		.ascii	"maskVal\000"
 547      56616C00 
 548              	.LASF27:
 549 0049 4379636C 		.ascii	"Cyclk12_SetFractionalDividerRegister\000"
 549      6B31325F 
 549      53657446 
 549      72616374 
 549      696F6E61 
 550              	.LASF17:
 551 006e 4379636C 		.ascii	"Cyclk12_Stop\000"
 551      6B31325F 
 551      53746F70 
 551      00
 552              	.LASF12:
 553 007b 666C6F61 		.ascii	"float\000"
 553      7400
 554              	.LASF24:
 555 0081 474E5520 		.ascii	"GNU C 4.9.3 20150303 (release) [ARM/embedded-4_9-br"
 555      4320342E 
 555      392E3320 
 555      32303135 
 555      30333033 
 556 00b4 616E6368 		.ascii	"anch revision 221220] -mcpu=cortex-m0 -mthumb -g -O"
 556      20726576 
 556      6973696F 
 556      6E203232 
 556      31323230 
 557 00e7 67202D73 		.ascii	"g -std=gnu99 -ffunction-sections -ffat-lto-objects\000"
 557      74643D67 
 557      6E753939 
 557      202D6666 
 557      756E6374 
 558              	.LASF1:
ARM GAS  C:\Users\g\AppData\Local\Temp\cc8tpmXN.s 			page 15


 559 011a 756E7369 		.ascii	"unsigned char\000"
 559      676E6564 
 559      20636861 
 559      7200
 560              	.LASF16:
 561 0128 4379636C 		.ascii	"Cyclk12_Start\000"
 561      6B31325F 
 561      53746172 
 561      7400
 562              	.LASF5:
 563 0136 6C6F6E67 		.ascii	"long unsigned int\000"
 563      20756E73 
 563      69676E65 
 563      6420696E 
 563      7400
 564              	.LASF3:
 565 0148 73686F72 		.ascii	"short unsigned int\000"
 565      7420756E 
 565      7369676E 
 565      65642069 
 565      6E7400
 566              	.LASF18:
 567 015b 636C6B44 		.ascii	"clkDivider\000"
 567      69766964 
 567      657200
 568              	.LASF13:
 569 0166 646F7562 		.ascii	"double\000"
 569      6C6500
 570              	.LASF21:
 571 016d 72656756 		.ascii	"regVal\000"
 571      616C00
 572              	.LASF19:
 573 0174 636C6B46 		.ascii	"clkFractional\000"
 573      72616374 
 573      696F6E61 
 573      6C00
 574              	.LASF10:
 575 0182 75696E74 		.ascii	"uint16\000"
 575      313600
 576              	.LASF11:
 577 0189 75696E74 		.ascii	"uint32\000"
 577      333200
 578              	.LASF8:
 579 0190 756E7369 		.ascii	"unsigned int\000"
 579      676E6564 
 579      20696E74 
 579      00
 580              	.LASF7:
 581 019d 6C6F6E67 		.ascii	"long long unsigned int\000"
 581      206C6F6E 
 581      6720756E 
 581      7369676E 
 581      65642069 
 582              	.LASF6:
 583 01b4 6C6F6E67 		.ascii	"long long int\000"
 583      206C6F6E 
 583      6720696E 
ARM GAS  C:\Users\g\AppData\Local\Temp\cc8tpmXN.s 			page 16


 583      7400
 584              	.LASF14:
 585 01c2 63686172 		.ascii	"char\000"
 585      00
 586              	.LASF25:
 587 01c7 47656E65 		.ascii	"Generated_Source\\PSoC4\\Cyclk12.c\000"
 587      72617465 
 587      645F536F 
 587      75726365 
 587      5C50536F 
 588              	.LASF2:
 589 01e8 73686F72 		.ascii	"short int\000"
 589      7420696E 
 589      7400
 590              	.LASF9:
 591 01f2 75696E74 		.ascii	"uint8\000"
 591      3800
 592              	.LASF4:
 593 01f8 6C6F6E67 		.ascii	"long int\000"
 593      20696E74 
 593      00
 594              	.LASF15:
 595 0201 72656733 		.ascii	"reg32\000"
 595      3200
 596              	.LASF0:
 597 0207 7369676E 		.ascii	"signed char\000"
 597      65642063 
 597      68617200 
 598              	.LASF23:
 599 0213 4379636C 		.ascii	"Cyclk12_GetFractionalDividerRegister\000"
 599      6B31325F 
 599      47657446 
 599      72616374 
 599      696F6E61 
 600              		.ident	"GCC: (GNU Tools for ARM Embedded Processors) 4.9.3 20150303 (release) [ARM/embedded-4_9-br
