ARM GAS  C:\Users\g\AppData\Local\Temp\cc0DmObL.s 			page 1


   1              		.cpu cortex-m0
   2              		.fpu softvfp
   3              		.eabi_attribute 20, 1
   4              		.eabi_attribute 21, 1
   5              		.eabi_attribute 23, 3
   6              		.eabi_attribute 24, 1
   7              		.eabi_attribute 25, 1
   8              		.eabi_attribute 26, 1
   9              		.eabi_attribute 30, 1
  10              		.eabi_attribute 34, 0
  11              		.eabi_attribute 18, 4
  12              		.code	16
  13              		.file	"EEPROM.c"
  14              		.text
  15              	.Ltext0:
  16              		.cfi_sections	.debug_frame
  17              		.section	.text.EEPROM_Start,"ax",%progbits
  18              		.align	2
  19              		.global	EEPROM_Start
  20              		.code	16
  21              		.thumb_func
  22              		.type	EEPROM_Start, %function
  23              	EEPROM_Start:
  24              	.LFB0:
  25              		.file 1 "Generated_Source\\PSoC4\\EEPROM.c"
   1:Generated_Source\PSoC4/EEPROM.c **** /*******************************************************************************
   2:Generated_Source\PSoC4/EEPROM.c **** * File Name: EEPROM.c
   3:Generated_Source\PSoC4/EEPROM.c **** * Version 1.20
   4:Generated_Source\PSoC4/EEPROM.c **** *
   5:Generated_Source\PSoC4/EEPROM.c **** * Description:
   6:Generated_Source\PSoC4/EEPROM.c **** *  This file provides the source code to API for the Emulated EEPROM Component.
   7:Generated_Source\PSoC4/EEPROM.c **** *
   8:Generated_Source\PSoC4/EEPROM.c **** ********************************************************************************
   9:Generated_Source\PSoC4/EEPROM.c **** * Copyright 2013-2016, Cypress Semiconductor Corporation.  All rights reserved.
  10:Generated_Source\PSoC4/EEPROM.c **** * You may use this file only in accordance with the license, terms, conditions,
  11:Generated_Source\PSoC4/EEPROM.c **** * disclaimers, and limitations in the end user license agreement accompanying
  12:Generated_Source\PSoC4/EEPROM.c **** * the software package with which this file was provided.
  13:Generated_Source\PSoC4/EEPROM.c **** *******************************************************************************/
  14:Generated_Source\PSoC4/EEPROM.c **** 
  15:Generated_Source\PSoC4/EEPROM.c **** #include "EEPROM.h"
  16:Generated_Source\PSoC4/EEPROM.c **** 
  17:Generated_Source\PSoC4/EEPROM.c **** 
  18:Generated_Source\PSoC4/EEPROM.c **** /*******************************************************************************
  19:Generated_Source\PSoC4/EEPROM.c **** * Function Name: EEPROM_Start
  20:Generated_Source\PSoC4/EEPROM.c **** ********************************************************************************
  21:Generated_Source\PSoC4/EEPROM.c **** *
  22:Generated_Source\PSoC4/EEPROM.c **** * Summary:
  23:Generated_Source\PSoC4/EEPROM.c **** *  Empty function. Included for consistency with other
  24:Generated_Source\PSoC4/EEPROM.c **** *  components.
  25:Generated_Source\PSoC4/EEPROM.c **** *
  26:Generated_Source\PSoC4/EEPROM.c **** * Parameters:
  27:Generated_Source\PSoC4/EEPROM.c **** *  None
  28:Generated_Source\PSoC4/EEPROM.c **** *
  29:Generated_Source\PSoC4/EEPROM.c **** * Return:
  30:Generated_Source\PSoC4/EEPROM.c **** *  None
  31:Generated_Source\PSoC4/EEPROM.c **** *
  32:Generated_Source\PSoC4/EEPROM.c **** *******************************************************************************/
ARM GAS  C:\Users\g\AppData\Local\Temp\cc0DmObL.s 			page 2


  33:Generated_Source\PSoC4/EEPROM.c **** void EEPROM_Start(void) 
  34:Generated_Source\PSoC4/EEPROM.c **** {
  26              		.loc 1 34 0
  27              		.cfi_startproc
  35:Generated_Source\PSoC4/EEPROM.c **** 
  36:Generated_Source\PSoC4/EEPROM.c **** }
  28              		.loc 1 36 0
  29              		@ sp needed
  30 0000 7047     		bx	lr
  31              		.cfi_endproc
  32              	.LFE0:
  33              		.size	EEPROM_Start, .-EEPROM_Start
  34 0002 C046     		.section	.text.EEPROM_Stop,"ax",%progbits
  35              		.align	2
  36              		.global	EEPROM_Stop
  37              		.code	16
  38              		.thumb_func
  39              		.type	EEPROM_Stop, %function
  40              	EEPROM_Stop:
  41              	.LFB1:
  37:Generated_Source\PSoC4/EEPROM.c **** 
  38:Generated_Source\PSoC4/EEPROM.c **** 
  39:Generated_Source\PSoC4/EEPROM.c **** /*******************************************************************************
  40:Generated_Source\PSoC4/EEPROM.c **** * Function Name: EEPROM_Stop
  41:Generated_Source\PSoC4/EEPROM.c **** ********************************************************************************
  42:Generated_Source\PSoC4/EEPROM.c **** *
  43:Generated_Source\PSoC4/EEPROM.c **** * Summary:
  44:Generated_Source\PSoC4/EEPROM.c **** *  Empty function. Included for consistency with other
  45:Generated_Source\PSoC4/EEPROM.c **** *  components.
  46:Generated_Source\PSoC4/EEPROM.c **** *
  47:Generated_Source\PSoC4/EEPROM.c **** * Parameters:
  48:Generated_Source\PSoC4/EEPROM.c **** *  None
  49:Generated_Source\PSoC4/EEPROM.c **** *
  50:Generated_Source\PSoC4/EEPROM.c **** * Return:
  51:Generated_Source\PSoC4/EEPROM.c **** *  None
  52:Generated_Source\PSoC4/EEPROM.c **** *
  53:Generated_Source\PSoC4/EEPROM.c **** *******************************************************************************/
  54:Generated_Source\PSoC4/EEPROM.c **** void EEPROM_Stop(void) 
  55:Generated_Source\PSoC4/EEPROM.c **** {
  42              		.loc 1 55 0
  43              		.cfi_startproc
  56:Generated_Source\PSoC4/EEPROM.c **** 
  57:Generated_Source\PSoC4/EEPROM.c **** }
  44              		.loc 1 57 0
  45              		@ sp needed
  46 0000 7047     		bx	lr
  47              		.cfi_endproc
  48              	.LFE1:
  49              		.size	EEPROM_Stop, .-EEPROM_Stop
  50 0002 C046     		.section	.text.EEPROM_Write,"ax",%progbits
  51              		.align	2
  52              		.global	EEPROM_Write
  53              		.code	16
  54              		.thumb_func
  55              		.type	EEPROM_Write, %function
  56              	EEPROM_Write:
  57              	.LFB2:
ARM GAS  C:\Users\g\AppData\Local\Temp\cc0DmObL.s 			page 3


  58:Generated_Source\PSoC4/EEPROM.c **** 
  59:Generated_Source\PSoC4/EEPROM.c **** 
  60:Generated_Source\PSoC4/EEPROM.c **** /*******************************************************************************
  61:Generated_Source\PSoC4/EEPROM.c **** * Function Name: EEPROM_Write
  62:Generated_Source\PSoC4/EEPROM.c **** ********************************************************************************
  63:Generated_Source\PSoC4/EEPROM.c **** *
  64:Generated_Source\PSoC4/EEPROM.c **** * Summary:
  65:Generated_Source\PSoC4/EEPROM.c **** *  Writes the specified number of bytes from the source buffer in SRAM to the
  66:Generated_Source\PSoC4/EEPROM.c **** *  emulated EEPROM array in flash, without modifying other data in flash.
  67:Generated_Source\PSoC4/EEPROM.c **** *
  68:Generated_Source\PSoC4/EEPROM.c **** * Parameters:
  69:Generated_Source\PSoC4/EEPROM.c **** *  srcBuf:    Pointer to the SRAM buffer holding the data to write.
  70:Generated_Source\PSoC4/EEPROM.c **** *  eepromPtr: Pointer to the array or variable in flash representing
  71:Generated_Source\PSoC4/EEPROM.c **** *             the emulated EEPROM.
  72:Generated_Source\PSoC4/EEPROM.c **** *  byteCount: Number of bytes to write from srcBuf to eepromPtr.
  73:Generated_Source\PSoC4/EEPROM.c **** *
  74:Generated_Source\PSoC4/EEPROM.c **** * Return:
  75:Generated_Source\PSoC4/EEPROM.c **** *    CYRET_SUCCESS     Successful write.
  76:Generated_Source\PSoC4/EEPROM.c **** *    CYRET_BAD_PARAM   eepromPtr is out of range of flash memory.
  77:Generated_Source\PSoC4/EEPROM.c **** *    CYRET_UNKNOWN     Other error in writing flash.
  78:Generated_Source\PSoC4/EEPROM.c **** *
  79:Generated_Source\PSoC4/EEPROM.c **** *******************************************************************************/
  80:Generated_Source\PSoC4/EEPROM.c **** #if (CY_PSOC3)
  81:Generated_Source\PSoC4/EEPROM.c ****     cystatus EEPROM_Write(const uint8 srcBuf[], const uint8 eepromPtr[], uint16 byteCount)
  82:Generated_Source\PSoC4/EEPROM.c ****                                                                             
  83:Generated_Source\PSoC4/EEPROM.c **** #else
  84:Generated_Source\PSoC4/EEPROM.c ****     cystatus EEPROM_Write(const uint8 srcBuf[], const uint8 eepromPtr[], uint32 byteCount)
  85:Generated_Source\PSoC4/EEPROM.c **** #endif /* (!CY_PSOC3) */
  86:Generated_Source\PSoC4/EEPROM.c **** {
  58              		.loc 1 86 0
  59              		.cfi_startproc
  60              	.LVL0:
  61 0000 F0B5     		push	{r4, r5, r6, r7, lr}
  62              		.cfi_def_cfa_offset 20
  63              		.cfi_offset 4, -20
  64              		.cfi_offset 5, -16
  65              		.cfi_offset 6, -12
  66              		.cfi_offset 7, -8
  67              		.cfi_offset 14, -4
  68 0002 4F46     		mov	r7, r9
  69 0004 4646     		mov	r6, r8
  70 0006 C0B4     		push	{r6, r7}
  71              		.cfi_def_cfa_offset 28
  72              		.cfi_offset 8, -28
  73              		.cfi_offset 9, -24
  74 0008 A1B0     		sub	sp, sp, #132
  75              		.cfi_def_cfa_offset 160
  87:Generated_Source\PSoC4/EEPROM.c ****     uint8 writeBuffer[CY_FLASH_SIZEOF_ROW];
  88:Generated_Source\PSoC4/EEPROM.c ****     uint32 arrayId;
  89:Generated_Source\PSoC4/EEPROM.c ****     uint32 rowId;
  90:Generated_Source\PSoC4/EEPROM.c ****     uint32 dstIndex;
  91:Generated_Source\PSoC4/EEPROM.c ****     uint32 srcIndex;
  92:Generated_Source\PSoC4/EEPROM.c ****     cystatus rc;
  93:Generated_Source\PSoC4/EEPROM.c ****     uint32 eeOffset;
  94:Generated_Source\PSoC4/EEPROM.c ****     uint32 byteOffset;
  95:Generated_Source\PSoC4/EEPROM.c ****     
  96:Generated_Source\PSoC4/EEPROM.c ****     #if (!CY_PSOC4)
ARM GAS  C:\Users\g\AppData\Local\Temp\cc0DmObL.s 			page 4


  97:Generated_Source\PSoC4/EEPROM.c ****         #if (CYDEV_ECC_ENABLE == 0)
  98:Generated_Source\PSoC4/EEPROM.c ****             uint8 rowBuffer[CY_FLASH_SIZEOF_ROW + CY_FLASH_SIZEOF_ECC_ROW];
  99:Generated_Source\PSoC4/EEPROM.c ****         #endif /* CYDEV_ECC_ENABLE == 0) */
 100:Generated_Source\PSoC4/EEPROM.c ****     #endif /* (!CY_PSOC4) */
 101:Generated_Source\PSoC4/EEPROM.c **** 
 102:Generated_Source\PSoC4/EEPROM.c ****     eeOffset = (uint32)eepromPtr;
  76              		.loc 1 102 0
  77 000a 0E1C     		mov	r6, r1
  78              	.LVL1:
 103:Generated_Source\PSoC4/EEPROM.c ****     #if (CY_PSOC3)
 104:Generated_Source\PSoC4/EEPROM.c ****         eeOffset &= EEPROM_CODE_ADDR_MASK;
 105:Generated_Source\PSoC4/EEPROM.c ****     #endif /* (CY_PSOC3) */
 106:Generated_Source\PSoC4/EEPROM.c **** 
 107:Generated_Source\PSoC4/EEPROM.c ****     /* Make sure, that eepromPtr[] points to ROM */
 108:Generated_Source\PSoC4/EEPROM.c ****     #if (CY_PSOC3)
 109:Generated_Source\PSoC4/EEPROM.c ****         if (((uint32)eepromPtr >= EEPROM_CODE_ADDR_OFFSET) &&
 110:Generated_Source\PSoC4/EEPROM.c ****             (((uint32)eepromPtr + byteCount) <= EEPROM_CODE_ADDR_END))
 111:Generated_Source\PSoC4/EEPROM.c ****     #else
 112:Generated_Source\PSoC4/EEPROM.c ****         if (((uint32)eepromPtr + byteCount) <= EEPROM_FLASH_END_ADDR)
  79              		.loc 1 112 0
  80 000c 8C18     		add	r4, r1, r2
  81 000e 8023     		mov	r3, #128
  82 0010 1B02     		lsl	r3, r3, #8
  83 0012 9C42     		cmp	r4, r3
  84 0014 2AD8     		bhi	.L11
  85 0016 171C     		mov	r7, r2
  86 0018 8046     		mov	r8, r0
 113:Generated_Source\PSoC4/EEPROM.c ****     #endif /* (CY_PSOC3) */
 114:Generated_Source\PSoC4/EEPROM.c ****     {
 115:Generated_Source\PSoC4/EEPROM.c ****         #if (!CY_PSOC4)
 116:Generated_Source\PSoC4/EEPROM.c ****             (void)CySetTemp();
 117:Generated_Source\PSoC4/EEPROM.c **** 
 118:Generated_Source\PSoC4/EEPROM.c ****             #if(CYDEV_ECC_ENABLE == 0)
 119:Generated_Source\PSoC4/EEPROM.c ****                 (void)CySetFlashEEBuffer(rowBuffer);
 120:Generated_Source\PSoC4/EEPROM.c ****             #endif
 121:Generated_Source\PSoC4/EEPROM.c ****         #endif /* (!CY_PSOC4) */
 122:Generated_Source\PSoC4/EEPROM.c **** 
 123:Generated_Source\PSoC4/EEPROM.c ****         arrayId = eeOffset / CY_FLASH_SIZEOF_ARRAY;
  87              		.loc 1 123 0
  88 001a CC0B     		lsr	r4, r1, #15
  89              	.LVL2:
 124:Generated_Source\PSoC4/EEPROM.c ****         rowId = (eeOffset / CY_FLASH_SIZEOF_ROW) % EEPROM_ROWS_IN_ARRAY;
  90              		.loc 1 124 0
  91 001c 4904     		lsl	r1, r1, #17
  92              	.LVL3:
  93 001e 0B0E     		lsr	r3, r1, #24
  94 0020 9946     		mov	r9, r3
  95              	.LVL4:
 125:Generated_Source\PSoC4/EEPROM.c ****         byteOffset = (CY_FLASH_SIZEOF_ARRAY * arrayId) + (CY_FLASH_SIZEOF_ROW * rowId);
  96              		.loc 1 125 0
  97 0022 2402     		lsl	r4, r4, #8
  98              	.LVL5:
  99 0024 4C44     		add	r4, r4, r9
 100 0026 E401     		lsl	r4, r4, #7
 101              	.LVL6:
 126:Generated_Source\PSoC4/EEPROM.c ****         srcIndex = 0u;
 127:Generated_Source\PSoC4/EEPROM.c **** 
ARM GAS  C:\Users\g\AppData\Local\Temp\cc0DmObL.s 			page 5


 128:Generated_Source\PSoC4/EEPROM.c ****         rc = CYRET_SUCCESS;
 102              		.loc 1 128 0
 103 0028 0020     		mov	r0, #0
 104              	.LVL7:
 126:Generated_Source\PSoC4/EEPROM.c ****         srcIndex = 0u;
 105              		.loc 1 126 0
 106 002a 0025     		mov	r5, #0
 129:Generated_Source\PSoC4/EEPROM.c **** 
 130:Generated_Source\PSoC4/EEPROM.c ****         while ((srcIndex < byteCount) && (CYRET_SUCCESS == rc))
 107              		.loc 1 130 0
 108 002c 19E0     		b	.L5
 109              	.LVL8:
 110              	.L8:
 131:Generated_Source\PSoC4/EEPROM.c ****         {
 132:Generated_Source\PSoC4/EEPROM.c ****             /* Copy data to the write buffer either from the source buffer or from the flash */
 133:Generated_Source\PSoC4/EEPROM.c ****             for (dstIndex = 0u; dstIndex < CY_FLASH_SIZEOF_ROW; dstIndex++)
 134:Generated_Source\PSoC4/EEPROM.c ****             {
 135:Generated_Source\PSoC4/EEPROM.c ****                 if ((byteOffset >= eeOffset) && (srcIndex < byteCount))
 111              		.loc 1 135 0
 112 002e B442     		cmp	r4, r6
 113 0030 07D3     		bcc	.L6
 114              		.loc 1 135 0 is_stmt 0 discriminator 1
 115 0032 BD42     		cmp	r5, r7
 116 0034 05D2     		bcs	.L6
 136:Generated_Source\PSoC4/EEPROM.c ****                 {
 137:Generated_Source\PSoC4/EEPROM.c ****                     writeBuffer[dstIndex] = srcBuf[srcIndex];
 117              		.loc 1 137 0 is_stmt 1
 118 0036 4246     		mov	r2, r8
 119 0038 525D     		ldrb	r2, [r2, r5]
 120 003a 6946     		mov	r1, sp
 121 003c CA54     		strb	r2, [r1, r3]
 138:Generated_Source\PSoC4/EEPROM.c ****                     srcIndex++;
 122              		.loc 1 138 0
 123 003e 0135     		add	r5, r5, #1
 124              	.LVL9:
 125 0040 02E0     		b	.L7
 126              	.L6:
 139:Generated_Source\PSoC4/EEPROM.c ****                 }
 140:Generated_Source\PSoC4/EEPROM.c ****                 else
 141:Generated_Source\PSoC4/EEPROM.c ****                 {
 142:Generated_Source\PSoC4/EEPROM.c ****                     writeBuffer[dstIndex] = CY_GET_XTND_REG8(CYDEV_FLASH_BASE + byteOffset);
 127              		.loc 1 142 0
 128 0042 2278     		ldrb	r2, [r4]
 129 0044 6946     		mov	r1, sp
 130 0046 CA54     		strb	r2, [r1, r3]
 131              	.L7:
 143:Generated_Source\PSoC4/EEPROM.c ****                 }
 144:Generated_Source\PSoC4/EEPROM.c ****                 byteOffset++;
 132              		.loc 1 144 0 discriminator 2
 133 0048 0134     		add	r4, r4, #1
 134              	.LVL10:
 133:Generated_Source\PSoC4/EEPROM.c ****             {
 135              		.loc 1 133 0 discriminator 2
 136 004a 0133     		add	r3, r3, #1
 137              	.LVL11:
 138 004c 00E0     		b	.L9
 139              	.LVL12:
ARM GAS  C:\Users\g\AppData\Local\Temp\cc0DmObL.s 			page 6


 140              	.L12:
 141 004e 0023     		mov	r3, #0
 142              	.L9:
 143              	.LVL13:
 133:Generated_Source\PSoC4/EEPROM.c ****             {
 144              		.loc 1 133 0 is_stmt 0 discriminator 1
 145 0050 7F2B     		cmp	r3, #127
 146 0052 ECD9     		bls	.L8
 145:Generated_Source\PSoC4/EEPROM.c ****             }
 146:Generated_Source\PSoC4/EEPROM.c **** 
 147:Generated_Source\PSoC4/EEPROM.c ****             /* Write flash row */
 148:Generated_Source\PSoC4/EEPROM.c ****             #if (CY_PSOC4)
 149:Generated_Source\PSoC4/EEPROM.c ****                 rc = CySysFlashWriteRow(rowId, writeBuffer);
 147              		.loc 1 149 0 is_stmt 1
 148 0054 4846     		mov	r0, r9
 149              	.LVL14:
 150 0056 6946     		mov	r1, sp
 151 0058 FFF7FEFF 		bl	CySysFlashWriteRow
 152              	.LVL15:
 150:Generated_Source\PSoC4/EEPROM.c ****             #else
 151:Generated_Source\PSoC4/EEPROM.c ****                 rc = CyWriteRowData((uint8)arrayId, (uint16)rowId, writeBuffer);
 152:Generated_Source\PSoC4/EEPROM.c ****             #endif /* (CY_PSOC4) */
 153:Generated_Source\PSoC4/EEPROM.c **** 
 154:Generated_Source\PSoC4/EEPROM.c ****             /* Go to the next row */
 155:Generated_Source\PSoC4/EEPROM.c ****             rowId++;
 153              		.loc 1 155 0
 154 005c 0123     		mov	r3, #1
 155 005e 9C46     		mov	ip, r3
 156 0060 E144     		add	r9, r9, ip
 157              	.LVL16:
 158              	.L5:
 130:Generated_Source\PSoC4/EEPROM.c ****         {
 159              		.loc 1 130 0
 160 0062 BD42     		cmp	r5, r7
 161 0064 03D2     		bcs	.L4
 130:Generated_Source\PSoC4/EEPROM.c ****         {
 162              		.loc 1 130 0 is_stmt 0 discriminator 1
 163 0066 0028     		cmp	r0, #0
 164 0068 F1D0     		beq	.L12
 165 006a 00E0     		b	.L4
 166              	.LVL17:
 167              	.L11:
 156:Generated_Source\PSoC4/EEPROM.c ****             #if (CY_FLASH_NUMBER_ARRAYS > 1)
 157:Generated_Source\PSoC4/EEPROM.c ****                 if (rowId >= EEPROM_ROWS_IN_ARRAY)
 158:Generated_Source\PSoC4/EEPROM.c ****                 {
 159:Generated_Source\PSoC4/EEPROM.c ****                     arrayId++;
 160:Generated_Source\PSoC4/EEPROM.c ****                     rowId = 0u;
 161:Generated_Source\PSoC4/EEPROM.c ****                 }
 162:Generated_Source\PSoC4/EEPROM.c ****             #endif /* (CY_FLASH_NUMBER_ARRAYS > 1) */
 163:Generated_Source\PSoC4/EEPROM.c ****         }
 164:Generated_Source\PSoC4/EEPROM.c **** 
 165:Generated_Source\PSoC4/EEPROM.c ****         /* Flush both Cache and PHUB prefetch buffer */
 166:Generated_Source\PSoC4/EEPROM.c ****         #if (CY_PSOC5)
 167:Generated_Source\PSoC4/EEPROM.c ****             CyFlushCache();
 168:Generated_Source\PSoC4/EEPROM.c ****         #elif (CY_PSOC3)
 169:Generated_Source\PSoC4/EEPROM.c ****             CY_FLASH_CONTROL_REG |= 6u;
 170:Generated_Source\PSoC4/EEPROM.c ****         #endif /* (CY_PSOC5) */
ARM GAS  C:\Users\g\AppData\Local\Temp\cc0DmObL.s 			page 7


 171:Generated_Source\PSoC4/EEPROM.c ****     }
 172:Generated_Source\PSoC4/EEPROM.c ****     else
 173:Generated_Source\PSoC4/EEPROM.c ****     {
 174:Generated_Source\PSoC4/EEPROM.c ****         rc = CYRET_BAD_PARAM;
 168              		.loc 1 174 0 is_stmt 1
 169 006c 0120     		mov	r0, #1
 170              	.LVL18:
 171              	.L4:
 175:Generated_Source\PSoC4/EEPROM.c ****     }
 176:Generated_Source\PSoC4/EEPROM.c **** 
 177:Generated_Source\PSoC4/EEPROM.c ****     /* Mask return codes from flash, if they are not supported */
 178:Generated_Source\PSoC4/EEPROM.c ****     if ((CYRET_SUCCESS != rc) && (CYRET_BAD_PARAM != rc))
 172              		.loc 1 178 0
 173 006e 0128     		cmp	r0, #1
 174 0070 01D9     		bls	.L10
 179:Generated_Source\PSoC4/EEPROM.c ****     {
 180:Generated_Source\PSoC4/EEPROM.c ****         rc = CYRET_UNKNOWN;
 175              		.loc 1 180 0
 176 0072 0120     		mov	r0, #1
 177              	.LVL19:
 178 0074 4042     		neg	r0, r0
 179              	.L10:
 180              	.LVL20:
 181:Generated_Source\PSoC4/EEPROM.c ****     }
 182:Generated_Source\PSoC4/EEPROM.c ****     
 183:Generated_Source\PSoC4/EEPROM.c ****     return (rc);
 184:Generated_Source\PSoC4/EEPROM.c **** }
 181              		.loc 1 184 0
 182 0076 21B0     		add	sp, sp, #132
 183              		@ sp needed
 184              	.LVL21:
 185 0078 0CBC     		pop	{r2, r3}
 186 007a 9046     		mov	r8, r2
 187 007c 9946     		mov	r9, r3
 188 007e F0BD     		pop	{r4, r5, r6, r7, pc}
 189              		.cfi_endproc
 190              	.LFE2:
 191              		.size	EEPROM_Write, .-EEPROM_Write
 192              		.text
 193              	.Letext0:
 194              		.file 2 "Generated_Source\\PSoC4\\cytypes.h"
 195              		.file 3 "Generated_Source\\PSoC4\\CyFlash.h"
 196              		.section	.debug_info,"",%progbits
 197              	.Ldebug_info0:
 198 0000 E0010000 		.4byte	0x1e0
 199 0004 0400     		.2byte	0x4
 200 0006 00000000 		.4byte	.Ldebug_abbrev0
 201 000a 04       		.byte	0x4
 202 000b 01       		.uleb128 0x1
 203 000c 86000000 		.4byte	.LASF29
 204 0010 01       		.byte	0x1
 205 0011 4C000000 		.4byte	.LASF30
 206 0015 00000000 		.4byte	.LASF31
 207 0019 00000000 		.4byte	.Ldebug_ranges0+0
 208 001d 00000000 		.4byte	0
 209 0021 00000000 		.4byte	.Ldebug_line0
 210 0025 02       		.uleb128 0x2
ARM GAS  C:\Users\g\AppData\Local\Temp\cc0DmObL.s 			page 8


 211 0026 01       		.byte	0x1
 212 0027 06       		.byte	0x6
 213 0028 21020000 		.4byte	.LASF0
 214 002c 02       		.uleb128 0x2
 215 002d 01       		.byte	0x1
 216 002e 08       		.byte	0x8
 217 002f 1F010000 		.4byte	.LASF1
 218 0033 02       		.uleb128 0x2
 219 0034 02       		.byte	0x2
 220 0035 05       		.byte	0x5
 221 0036 F8010000 		.4byte	.LASF2
 222 003a 02       		.uleb128 0x2
 223 003b 02       		.byte	0x2
 224 003c 07       		.byte	0x7
 225 003d 39000000 		.4byte	.LASF3
 226 0041 02       		.uleb128 0x2
 227 0042 04       		.byte	0x4
 228 0043 05       		.byte	0x5
 229 0044 0F020000 		.4byte	.LASF4
 230 0048 02       		.uleb128 0x2
 231 0049 04       		.byte	0x4
 232 004a 07       		.byte	0x7
 233 004b 32010000 		.4byte	.LASF5
 234 004f 02       		.uleb128 0x2
 235 0050 08       		.byte	0x8
 236 0051 05       		.byte	0x5
 237 0052 CF010000 		.4byte	.LASF6
 238 0056 02       		.uleb128 0x2
 239 0057 08       		.byte	0x8
 240 0058 07       		.byte	0x7
 241 0059 A9010000 		.4byte	.LASF7
 242 005d 03       		.uleb128 0x3
 243 005e 04       		.byte	0x4
 244 005f 05       		.byte	0x5
 245 0060 696E7400 		.ascii	"int\000"
 246 0064 02       		.uleb128 0x2
 247 0065 04       		.byte	0x4
 248 0066 07       		.byte	0x7
 249 0067 8F010000 		.4byte	.LASF8
 250 006b 04       		.uleb128 0x4
 251 006c 44010000 		.4byte	.LASF9
 252 0070 02       		.byte	0x2
 253 0071 9801     		.2byte	0x198
 254 0073 2C000000 		.4byte	0x2c
 255 0077 04       		.uleb128 0x4
 256 0078 88010000 		.4byte	.LASF10
 257 007c 02       		.byte	0x2
 258 007d 9A01     		.2byte	0x19a
 259 007f 48000000 		.4byte	0x48
 260 0083 02       		.uleb128 0x2
 261 0084 04       		.byte	0x4
 262 0085 04       		.byte	0x4
 263 0086 80000000 		.4byte	.LASF11
 264 008a 02       		.uleb128 0x2
 265 008b 08       		.byte	0x8
 266 008c 04       		.byte	0x4
 267 008d 65010000 		.4byte	.LASF12
ARM GAS  C:\Users\g\AppData\Local\Temp\cc0DmObL.s 			page 9


 268 0091 02       		.uleb128 0x2
 269 0092 01       		.byte	0x1
 270 0093 08       		.byte	0x8
 271 0094 DD010000 		.4byte	.LASF13
 272 0098 04       		.uleb128 0x4
 273 0099 7F010000 		.4byte	.LASF14
 274 009d 02       		.byte	0x2
 275 009e 3A02     		.2byte	0x23a
 276 00a0 48000000 		.4byte	0x48
 277 00a4 04       		.uleb128 0x4
 278 00a5 2D010000 		.4byte	.LASF15
 279 00a9 02       		.byte	0x2
 280 00aa 4202     		.2byte	0x242
 281 00ac B0000000 		.4byte	0xb0
 282 00b0 05       		.uleb128 0x5
 283 00b1 6B000000 		.4byte	0x6b
 284 00b5 02       		.uleb128 0x2
 285 00b6 04       		.byte	0x4
 286 00b7 07       		.byte	0x7
 287 00b8 C6010000 		.4byte	.LASF16
 288 00bc 06       		.uleb128 0x6
 289 00bd 9C010000 		.4byte	.LASF17
 290 00c1 01       		.byte	0x1
 291 00c2 21       		.byte	0x21
 292 00c3 00000000 		.4byte	.LFB0
 293 00c7 02000000 		.4byte	.LFE0-.LFB0
 294 00cb 01       		.uleb128 0x1
 295 00cc 9C       		.byte	0x9c
 296 00cd 06       		.uleb128 0x6
 297 00ce E2010000 		.4byte	.LASF18
 298 00d2 01       		.byte	0x1
 299 00d3 36       		.byte	0x36
 300 00d4 00000000 		.4byte	.LFB1
 301 00d8 02000000 		.4byte	.LFE1-.LFB1
 302 00dc 01       		.uleb128 0x1
 303 00dd 9C       		.byte	0x9c
 304 00de 07       		.uleb128 0x7
 305 00df 02020000 		.4byte	.LASF32
 306 00e3 01       		.byte	0x1
 307 00e4 54       		.byte	0x54
 308 00e5 98000000 		.4byte	0x98
 309 00e9 00000000 		.4byte	.LFB2
 310 00ed 80000000 		.4byte	.LFE2-.LFB2
 311 00f1 01       		.uleb128 0x1
 312 00f2 9C       		.byte	0x9c
 313 00f3 B2010000 		.4byte	0x1b2
 314 00f7 08       		.uleb128 0x8
 315 00f8 32000000 		.4byte	.LASF19
 316 00fc 01       		.byte	0x1
 317 00fd 54       		.byte	0x54
 318 00fe B2010000 		.4byte	0x1b2
 319 0102 00000000 		.4byte	.LLST0
 320 0106 08       		.uleb128 0x8
 321 0107 EE010000 		.4byte	.LASF20
 322 010b 01       		.byte	0x1
 323 010c 54       		.byte	0x54
 324 010d B2010000 		.4byte	0x1b2
ARM GAS  C:\Users\g\AppData\Local\Temp\cc0DmObL.s 			page 10


 325 0111 37000000 		.4byte	.LLST1
 326 0115 08       		.uleb128 0x8
 327 0116 52010000 		.4byte	.LASF21
 328 011a 01       		.byte	0x1
 329 011b 54       		.byte	0x54
 330 011c 77000000 		.4byte	0x77
 331 0120 79000000 		.4byte	.LLST2
 332 0124 09       		.uleb128 0x9
 333 0125 26000000 		.4byte	.LASF22
 334 0129 01       		.byte	0x1
 335 012a 57       		.byte	0x57
 336 012b BD010000 		.4byte	0x1bd
 337 012f 03       		.uleb128 0x3
 338 0130 91       		.byte	0x91
 339 0131 E07E     		.sleb128 -160
 340 0133 0A       		.uleb128 0xa
 341 0134 4A010000 		.4byte	.LASF23
 342 0138 01       		.byte	0x1
 343 0139 58       		.byte	0x58
 344 013a 77000000 		.4byte	0x77
 345 013e B0000000 		.4byte	.LLST3
 346 0142 0A       		.uleb128 0xa
 347 0143 C0010000 		.4byte	.LASF24
 348 0147 01       		.byte	0x1
 349 0148 59       		.byte	0x59
 350 0149 77000000 		.4byte	0x77
 351 014d D2000000 		.4byte	.LLST4
 352 0151 0A       		.uleb128 0xa
 353 0152 5C010000 		.4byte	.LASF25
 354 0156 01       		.byte	0x1
 355 0157 5A       		.byte	0x5a
 356 0158 77000000 		.4byte	0x77
 357 015c F0000000 		.4byte	.LLST5
 358 0160 0A       		.uleb128 0xa
 359 0161 6C000000 		.4byte	.LASF26
 360 0165 01       		.byte	0x1
 361 0166 5B       		.byte	0x5b
 362 0167 77000000 		.4byte	0x77
 363 016b 0E010000 		.4byte	.LLST6
 364 016f 0B       		.uleb128 0xb
 365 0170 726300   		.ascii	"rc\000"
 366 0173 01       		.byte	0x1
 367 0174 5C       		.byte	0x5c
 368 0175 98000000 		.4byte	0x98
 369 0179 2D010000 		.4byte	.LLST7
 370 017d 0A       		.uleb128 0xa
 371 017e 18020000 		.4byte	.LASF27
 372 0182 01       		.byte	0x1
 373 0183 5D       		.byte	0x5d
 374 0184 77000000 		.4byte	0x77
 375 0188 6D010000 		.4byte	.LLST8
 376 018c 0A       		.uleb128 0xa
 377 018d 75000000 		.4byte	.LASF28
 378 0191 01       		.byte	0x1
 379 0192 5E       		.byte	0x5e
 380 0193 77000000 		.4byte	0x77
 381 0197 AF010000 		.4byte	.LLST9
ARM GAS  C:\Users\g\AppData\Local\Temp\cc0DmObL.s 			page 11


 382 019b 0C       		.uleb128 0xc
 383 019c 5C000000 		.4byte	.LVL15
 384 01a0 CD010000 		.4byte	0x1cd
 385 01a4 0D       		.uleb128 0xd
 386 01a5 01       		.uleb128 0x1
 387 01a6 51       		.byte	0x51
 388 01a7 02       		.uleb128 0x2
 389 01a8 7D       		.byte	0x7d
 390 01a9 00       		.sleb128 0
 391 01aa 0D       		.uleb128 0xd
 392 01ab 01       		.uleb128 0x1
 393 01ac 50       		.byte	0x50
 394 01ad 02       		.uleb128 0x2
 395 01ae 79       		.byte	0x79
 396 01af 00       		.sleb128 0
 397 01b0 00       		.byte	0
 398 01b1 00       		.byte	0
 399 01b2 0E       		.uleb128 0xe
 400 01b3 04       		.byte	0x4
 401 01b4 B8010000 		.4byte	0x1b8
 402 01b8 0F       		.uleb128 0xf
 403 01b9 6B000000 		.4byte	0x6b
 404 01bd 10       		.uleb128 0x10
 405 01be 6B000000 		.4byte	0x6b
 406 01c2 CD010000 		.4byte	0x1cd
 407 01c6 11       		.uleb128 0x11
 408 01c7 B5000000 		.4byte	0xb5
 409 01cb 7F       		.byte	0x7f
 410 01cc 00       		.byte	0
 411 01cd 12       		.uleb128 0x12
 412 01ce 6C010000 		.4byte	.LASF33
 413 01d2 03       		.byte	0x3
 414 01d3 4E       		.byte	0x4e
 415 01d4 77000000 		.4byte	0x77
 416 01d8 13       		.uleb128 0x13
 417 01d9 77000000 		.4byte	0x77
 418 01dd 13       		.uleb128 0x13
 419 01de B2010000 		.4byte	0x1b2
 420 01e2 00       		.byte	0
 421 01e3 00       		.byte	0
 422              		.section	.debug_abbrev,"",%progbits
 423              	.Ldebug_abbrev0:
 424 0000 01       		.uleb128 0x1
 425 0001 11       		.uleb128 0x11
 426 0002 01       		.byte	0x1
 427 0003 25       		.uleb128 0x25
 428 0004 0E       		.uleb128 0xe
 429 0005 13       		.uleb128 0x13
 430 0006 0B       		.uleb128 0xb
 431 0007 03       		.uleb128 0x3
 432 0008 0E       		.uleb128 0xe
 433 0009 1B       		.uleb128 0x1b
 434 000a 0E       		.uleb128 0xe
 435 000b 55       		.uleb128 0x55
 436 000c 17       		.uleb128 0x17
 437 000d 11       		.uleb128 0x11
 438 000e 01       		.uleb128 0x1
ARM GAS  C:\Users\g\AppData\Local\Temp\cc0DmObL.s 			page 12


 439 000f 10       		.uleb128 0x10
 440 0010 17       		.uleb128 0x17
 441 0011 00       		.byte	0
 442 0012 00       		.byte	0
 443 0013 02       		.uleb128 0x2
 444 0014 24       		.uleb128 0x24
 445 0015 00       		.byte	0
 446 0016 0B       		.uleb128 0xb
 447 0017 0B       		.uleb128 0xb
 448 0018 3E       		.uleb128 0x3e
 449 0019 0B       		.uleb128 0xb
 450 001a 03       		.uleb128 0x3
 451 001b 0E       		.uleb128 0xe
 452 001c 00       		.byte	0
 453 001d 00       		.byte	0
 454 001e 03       		.uleb128 0x3
 455 001f 24       		.uleb128 0x24
 456 0020 00       		.byte	0
 457 0021 0B       		.uleb128 0xb
 458 0022 0B       		.uleb128 0xb
 459 0023 3E       		.uleb128 0x3e
 460 0024 0B       		.uleb128 0xb
 461 0025 03       		.uleb128 0x3
 462 0026 08       		.uleb128 0x8
 463 0027 00       		.byte	0
 464 0028 00       		.byte	0
 465 0029 04       		.uleb128 0x4
 466 002a 16       		.uleb128 0x16
 467 002b 00       		.byte	0
 468 002c 03       		.uleb128 0x3
 469 002d 0E       		.uleb128 0xe
 470 002e 3A       		.uleb128 0x3a
 471 002f 0B       		.uleb128 0xb
 472 0030 3B       		.uleb128 0x3b
 473 0031 05       		.uleb128 0x5
 474 0032 49       		.uleb128 0x49
 475 0033 13       		.uleb128 0x13
 476 0034 00       		.byte	0
 477 0035 00       		.byte	0
 478 0036 05       		.uleb128 0x5
 479 0037 35       		.uleb128 0x35
 480 0038 00       		.byte	0
 481 0039 49       		.uleb128 0x49
 482 003a 13       		.uleb128 0x13
 483 003b 00       		.byte	0
 484 003c 00       		.byte	0
 485 003d 06       		.uleb128 0x6
 486 003e 2E       		.uleb128 0x2e
 487 003f 00       		.byte	0
 488 0040 3F       		.uleb128 0x3f
 489 0041 19       		.uleb128 0x19
 490 0042 03       		.uleb128 0x3
 491 0043 0E       		.uleb128 0xe
 492 0044 3A       		.uleb128 0x3a
 493 0045 0B       		.uleb128 0xb
 494 0046 3B       		.uleb128 0x3b
 495 0047 0B       		.uleb128 0xb
ARM GAS  C:\Users\g\AppData\Local\Temp\cc0DmObL.s 			page 13


 496 0048 27       		.uleb128 0x27
 497 0049 19       		.uleb128 0x19
 498 004a 11       		.uleb128 0x11
 499 004b 01       		.uleb128 0x1
 500 004c 12       		.uleb128 0x12
 501 004d 06       		.uleb128 0x6
 502 004e 40       		.uleb128 0x40
 503 004f 18       		.uleb128 0x18
 504 0050 9742     		.uleb128 0x2117
 505 0052 19       		.uleb128 0x19
 506 0053 00       		.byte	0
 507 0054 00       		.byte	0
 508 0055 07       		.uleb128 0x7
 509 0056 2E       		.uleb128 0x2e
 510 0057 01       		.byte	0x1
 511 0058 3F       		.uleb128 0x3f
 512 0059 19       		.uleb128 0x19
 513 005a 03       		.uleb128 0x3
 514 005b 0E       		.uleb128 0xe
 515 005c 3A       		.uleb128 0x3a
 516 005d 0B       		.uleb128 0xb
 517 005e 3B       		.uleb128 0x3b
 518 005f 0B       		.uleb128 0xb
 519 0060 27       		.uleb128 0x27
 520 0061 19       		.uleb128 0x19
 521 0062 49       		.uleb128 0x49
 522 0063 13       		.uleb128 0x13
 523 0064 11       		.uleb128 0x11
 524 0065 01       		.uleb128 0x1
 525 0066 12       		.uleb128 0x12
 526 0067 06       		.uleb128 0x6
 527 0068 40       		.uleb128 0x40
 528 0069 18       		.uleb128 0x18
 529 006a 9742     		.uleb128 0x2117
 530 006c 19       		.uleb128 0x19
 531 006d 01       		.uleb128 0x1
 532 006e 13       		.uleb128 0x13
 533 006f 00       		.byte	0
 534 0070 00       		.byte	0
 535 0071 08       		.uleb128 0x8
 536 0072 05       		.uleb128 0x5
 537 0073 00       		.byte	0
 538 0074 03       		.uleb128 0x3
 539 0075 0E       		.uleb128 0xe
 540 0076 3A       		.uleb128 0x3a
 541 0077 0B       		.uleb128 0xb
 542 0078 3B       		.uleb128 0x3b
 543 0079 0B       		.uleb128 0xb
 544 007a 49       		.uleb128 0x49
 545 007b 13       		.uleb128 0x13
 546 007c 02       		.uleb128 0x2
 547 007d 17       		.uleb128 0x17
 548 007e 00       		.byte	0
 549 007f 00       		.byte	0
 550 0080 09       		.uleb128 0x9
 551 0081 34       		.uleb128 0x34
 552 0082 00       		.byte	0
ARM GAS  C:\Users\g\AppData\Local\Temp\cc0DmObL.s 			page 14


 553 0083 03       		.uleb128 0x3
 554 0084 0E       		.uleb128 0xe
 555 0085 3A       		.uleb128 0x3a
 556 0086 0B       		.uleb128 0xb
 557 0087 3B       		.uleb128 0x3b
 558 0088 0B       		.uleb128 0xb
 559 0089 49       		.uleb128 0x49
 560 008a 13       		.uleb128 0x13
 561 008b 02       		.uleb128 0x2
 562 008c 18       		.uleb128 0x18
 563 008d 00       		.byte	0
 564 008e 00       		.byte	0
 565 008f 0A       		.uleb128 0xa
 566 0090 34       		.uleb128 0x34
 567 0091 00       		.byte	0
 568 0092 03       		.uleb128 0x3
 569 0093 0E       		.uleb128 0xe
 570 0094 3A       		.uleb128 0x3a
 571 0095 0B       		.uleb128 0xb
 572 0096 3B       		.uleb128 0x3b
 573 0097 0B       		.uleb128 0xb
 574 0098 49       		.uleb128 0x49
 575 0099 13       		.uleb128 0x13
 576 009a 02       		.uleb128 0x2
 577 009b 17       		.uleb128 0x17
 578 009c 00       		.byte	0
 579 009d 00       		.byte	0
 580 009e 0B       		.uleb128 0xb
 581 009f 34       		.uleb128 0x34
 582 00a0 00       		.byte	0
 583 00a1 03       		.uleb128 0x3
 584 00a2 08       		.uleb128 0x8
 585 00a3 3A       		.uleb128 0x3a
 586 00a4 0B       		.uleb128 0xb
 587 00a5 3B       		.uleb128 0x3b
 588 00a6 0B       		.uleb128 0xb
 589 00a7 49       		.uleb128 0x49
 590 00a8 13       		.uleb128 0x13
 591 00a9 02       		.uleb128 0x2
 592 00aa 17       		.uleb128 0x17
 593 00ab 00       		.byte	0
 594 00ac 00       		.byte	0
 595 00ad 0C       		.uleb128 0xc
 596 00ae 898201   		.uleb128 0x4109
 597 00b1 01       		.byte	0x1
 598 00b2 11       		.uleb128 0x11
 599 00b3 01       		.uleb128 0x1
 600 00b4 31       		.uleb128 0x31
 601 00b5 13       		.uleb128 0x13
 602 00b6 00       		.byte	0
 603 00b7 00       		.byte	0
 604 00b8 0D       		.uleb128 0xd
 605 00b9 8A8201   		.uleb128 0x410a
 606 00bc 00       		.byte	0
 607 00bd 02       		.uleb128 0x2
 608 00be 18       		.uleb128 0x18
 609 00bf 9142     		.uleb128 0x2111
ARM GAS  C:\Users\g\AppData\Local\Temp\cc0DmObL.s 			page 15


 610 00c1 18       		.uleb128 0x18
 611 00c2 00       		.byte	0
 612 00c3 00       		.byte	0
 613 00c4 0E       		.uleb128 0xe
 614 00c5 0F       		.uleb128 0xf
 615 00c6 00       		.byte	0
 616 00c7 0B       		.uleb128 0xb
 617 00c8 0B       		.uleb128 0xb
 618 00c9 49       		.uleb128 0x49
 619 00ca 13       		.uleb128 0x13
 620 00cb 00       		.byte	0
 621 00cc 00       		.byte	0
 622 00cd 0F       		.uleb128 0xf
 623 00ce 26       		.uleb128 0x26
 624 00cf 00       		.byte	0
 625 00d0 49       		.uleb128 0x49
 626 00d1 13       		.uleb128 0x13
 627 00d2 00       		.byte	0
 628 00d3 00       		.byte	0
 629 00d4 10       		.uleb128 0x10
 630 00d5 01       		.uleb128 0x1
 631 00d6 01       		.byte	0x1
 632 00d7 49       		.uleb128 0x49
 633 00d8 13       		.uleb128 0x13
 634 00d9 01       		.uleb128 0x1
 635 00da 13       		.uleb128 0x13
 636 00db 00       		.byte	0
 637 00dc 00       		.byte	0
 638 00dd 11       		.uleb128 0x11
 639 00de 21       		.uleb128 0x21
 640 00df 00       		.byte	0
 641 00e0 49       		.uleb128 0x49
 642 00e1 13       		.uleb128 0x13
 643 00e2 2F       		.uleb128 0x2f
 644 00e3 0B       		.uleb128 0xb
 645 00e4 00       		.byte	0
 646 00e5 00       		.byte	0
 647 00e6 12       		.uleb128 0x12
 648 00e7 2E       		.uleb128 0x2e
 649 00e8 01       		.byte	0x1
 650 00e9 3F       		.uleb128 0x3f
 651 00ea 19       		.uleb128 0x19
 652 00eb 03       		.uleb128 0x3
 653 00ec 0E       		.uleb128 0xe
 654 00ed 3A       		.uleb128 0x3a
 655 00ee 0B       		.uleb128 0xb
 656 00ef 3B       		.uleb128 0x3b
 657 00f0 0B       		.uleb128 0xb
 658 00f1 27       		.uleb128 0x27
 659 00f2 19       		.uleb128 0x19
 660 00f3 49       		.uleb128 0x49
 661 00f4 13       		.uleb128 0x13
 662 00f5 3C       		.uleb128 0x3c
 663 00f6 19       		.uleb128 0x19
 664 00f7 00       		.byte	0
 665 00f8 00       		.byte	0
 666 00f9 13       		.uleb128 0x13
ARM GAS  C:\Users\g\AppData\Local\Temp\cc0DmObL.s 			page 16


 667 00fa 05       		.uleb128 0x5
 668 00fb 00       		.byte	0
 669 00fc 49       		.uleb128 0x49
 670 00fd 13       		.uleb128 0x13
 671 00fe 00       		.byte	0
 672 00ff 00       		.byte	0
 673 0100 00       		.byte	0
 674              		.section	.debug_loc,"",%progbits
 675              	.Ldebug_loc0:
 676              	.LLST0:
 677 0000 00000000 		.4byte	.LVL0
 678 0004 2A000000 		.4byte	.LVL7
 679 0008 0100     		.2byte	0x1
 680 000a 50       		.byte	0x50
 681 000b 2A000000 		.4byte	.LVL7
 682 000f 6C000000 		.4byte	.LVL17
 683 0013 0100     		.2byte	0x1
 684 0015 58       		.byte	0x58
 685 0016 6C000000 		.4byte	.LVL17
 686 001a 6E000000 		.4byte	.LVL18
 687 001e 0100     		.2byte	0x1
 688 0020 50       		.byte	0x50
 689 0021 6E000000 		.4byte	.LVL18
 690 0025 80000000 		.4byte	.LFE2
 691 0029 0400     		.2byte	0x4
 692 002b F3       		.byte	0xf3
 693 002c 01       		.uleb128 0x1
 694 002d 50       		.byte	0x50
 695 002e 9F       		.byte	0x9f
 696 002f 00000000 		.4byte	0
 697 0033 00000000 		.4byte	0
 698              	.LLST1:
 699 0037 00000000 		.4byte	.LVL0
 700 003b 1E000000 		.4byte	.LVL3
 701 003f 0100     		.2byte	0x1
 702 0041 51       		.byte	0x51
 703 0042 1E000000 		.4byte	.LVL3
 704 0046 6C000000 		.4byte	.LVL17
 705 004a 0100     		.2byte	0x1
 706 004c 56       		.byte	0x56
 707 004d 6C000000 		.4byte	.LVL17
 708 0051 6E000000 		.4byte	.LVL18
 709 0055 0100     		.2byte	0x1
 710 0057 51       		.byte	0x51
 711 0058 6E000000 		.4byte	.LVL18
 712 005c 78000000 		.4byte	.LVL21
 713 0060 0100     		.2byte	0x1
 714 0062 56       		.byte	0x56
 715 0063 78000000 		.4byte	.LVL21
 716 0067 80000000 		.4byte	.LFE2
 717 006b 0400     		.2byte	0x4
 718 006d F3       		.byte	0xf3
 719 006e 01       		.uleb128 0x1
 720 006f 51       		.byte	0x51
 721 0070 9F       		.byte	0x9f
 722 0071 00000000 		.4byte	0
 723 0075 00000000 		.4byte	0
ARM GAS  C:\Users\g\AppData\Local\Temp\cc0DmObL.s 			page 17


 724              	.LLST2:
 725 0079 00000000 		.4byte	.LVL0
 726 007d 2E000000 		.4byte	.LVL8
 727 0081 0100     		.2byte	0x1
 728 0083 52       		.byte	0x52
 729 0084 2E000000 		.4byte	.LVL8
 730 0088 6C000000 		.4byte	.LVL17
 731 008c 0100     		.2byte	0x1
 732 008e 57       		.byte	0x57
 733 008f 6C000000 		.4byte	.LVL17
 734 0093 6E000000 		.4byte	.LVL18
 735 0097 0100     		.2byte	0x1
 736 0099 52       		.byte	0x52
 737 009a 6E000000 		.4byte	.LVL18
 738 009e 80000000 		.4byte	.LFE2
 739 00a2 0400     		.2byte	0x4
 740 00a4 F3       		.byte	0xf3
 741 00a5 01       		.uleb128 0x1
 742 00a6 52       		.byte	0x52
 743 00a7 9F       		.byte	0x9f
 744 00a8 00000000 		.4byte	0
 745 00ac 00000000 		.4byte	0
 746              	.LLST3:
 747 00b0 1C000000 		.4byte	.LVL2
 748 00b4 24000000 		.4byte	.LVL5
 749 00b8 0100     		.2byte	0x1
 750 00ba 54       		.byte	0x54
 751 00bb 24000000 		.4byte	.LVL5
 752 00bf 6C000000 		.4byte	.LVL17
 753 00c3 0500     		.2byte	0x5
 754 00c5 76       		.byte	0x76
 755 00c6 00       		.sleb128 0
 756 00c7 3F       		.byte	0x3f
 757 00c8 25       		.byte	0x25
 758 00c9 9F       		.byte	0x9f
 759 00ca 00000000 		.4byte	0
 760 00ce 00000000 		.4byte	0
 761              	.LLST4:
 762 00d2 22000000 		.4byte	.LVL4
 763 00d6 2E000000 		.4byte	.LVL8
 764 00da 0100     		.2byte	0x1
 765 00dc 53       		.byte	0x53
 766 00dd 2E000000 		.4byte	.LVL8
 767 00e1 6C000000 		.4byte	.LVL17
 768 00e5 0100     		.2byte	0x1
 769 00e7 59       		.byte	0x59
 770 00e8 00000000 		.4byte	0
 771 00ec 00000000 		.4byte	0
 772              	.LLST5:
 773 00f0 2E000000 		.4byte	.LVL8
 774 00f4 4E000000 		.4byte	.LVL12
 775 00f8 0100     		.2byte	0x1
 776 00fa 53       		.byte	0x53
 777 00fb 50000000 		.4byte	.LVL13
 778 00ff 5B000000 		.4byte	.LVL15-1
 779 0103 0100     		.2byte	0x1
 780 0105 53       		.byte	0x53
ARM GAS  C:\Users\g\AppData\Local\Temp\cc0DmObL.s 			page 18


 781 0106 00000000 		.4byte	0
 782 010a 00000000 		.4byte	0
 783              	.LLST6:
 784 010e 28000000 		.4byte	.LVL6
 785 0112 2E000000 		.4byte	.LVL8
 786 0116 0200     		.2byte	0x2
 787 0118 30       		.byte	0x30
 788 0119 9F       		.byte	0x9f
 789 011a 2E000000 		.4byte	.LVL8
 790 011e 6C000000 		.4byte	.LVL17
 791 0122 0100     		.2byte	0x1
 792 0124 55       		.byte	0x55
 793 0125 00000000 		.4byte	0
 794 0129 00000000 		.4byte	0
 795              	.LLST7:
 796 012d 28000000 		.4byte	.LVL6
 797 0131 2E000000 		.4byte	.LVL8
 798 0135 0200     		.2byte	0x2
 799 0137 30       		.byte	0x30
 800 0138 9F       		.byte	0x9f
 801 0139 2E000000 		.4byte	.LVL8
 802 013d 56000000 		.4byte	.LVL14
 803 0141 0100     		.2byte	0x1
 804 0143 50       		.byte	0x50
 805 0144 5C000000 		.4byte	.LVL15
 806 0148 6C000000 		.4byte	.LVL17
 807 014c 0100     		.2byte	0x1
 808 014e 50       		.byte	0x50
 809 014f 6E000000 		.4byte	.LVL18
 810 0153 74000000 		.4byte	.LVL19
 811 0157 0100     		.2byte	0x1
 812 0159 50       		.byte	0x50
 813 015a 76000000 		.4byte	.LVL20
 814 015e 80000000 		.4byte	.LFE2
 815 0162 0100     		.2byte	0x1
 816 0164 50       		.byte	0x50
 817 0165 00000000 		.4byte	0
 818 0169 00000000 		.4byte	0
 819              	.LLST8:
 820 016d 0C000000 		.4byte	.LVL1
 821 0171 1E000000 		.4byte	.LVL3
 822 0175 0100     		.2byte	0x1
 823 0177 51       		.byte	0x51
 824 0178 1E000000 		.4byte	.LVL3
 825 017c 6C000000 		.4byte	.LVL17
 826 0180 0100     		.2byte	0x1
 827 0182 56       		.byte	0x56
 828 0183 6C000000 		.4byte	.LVL17
 829 0187 6E000000 		.4byte	.LVL18
 830 018b 0100     		.2byte	0x1
 831 018d 51       		.byte	0x51
 832 018e 6E000000 		.4byte	.LVL18
 833 0192 78000000 		.4byte	.LVL21
 834 0196 0100     		.2byte	0x1
 835 0198 56       		.byte	0x56
 836 0199 78000000 		.4byte	.LVL21
 837 019d 80000000 		.4byte	.LFE2
ARM GAS  C:\Users\g\AppData\Local\Temp\cc0DmObL.s 			page 19


 838 01a1 0400     		.2byte	0x4
 839 01a3 F3       		.byte	0xf3
 840 01a4 01       		.uleb128 0x1
 841 01a5 51       		.byte	0x51
 842 01a6 9F       		.byte	0x9f
 843 01a7 00000000 		.4byte	0
 844 01ab 00000000 		.4byte	0
 845              	.LLST9:
 846 01af 28000000 		.4byte	.LVL6
 847 01b3 6C000000 		.4byte	.LVL17
 848 01b7 0100     		.2byte	0x1
 849 01b9 54       		.byte	0x54
 850 01ba 00000000 		.4byte	0
 851 01be 00000000 		.4byte	0
 852              		.section	.debug_aranges,"",%progbits
 853 0000 2C000000 		.4byte	0x2c
 854 0004 0200     		.2byte	0x2
 855 0006 00000000 		.4byte	.Ldebug_info0
 856 000a 04       		.byte	0x4
 857 000b 00       		.byte	0
 858 000c 0000     		.2byte	0
 859 000e 0000     		.2byte	0
 860 0010 00000000 		.4byte	.LFB0
 861 0014 02000000 		.4byte	.LFE0-.LFB0
 862 0018 00000000 		.4byte	.LFB1
 863 001c 02000000 		.4byte	.LFE1-.LFB1
 864 0020 00000000 		.4byte	.LFB2
 865 0024 80000000 		.4byte	.LFE2-.LFB2
 866 0028 00000000 		.4byte	0
 867 002c 00000000 		.4byte	0
 868              		.section	.debug_ranges,"",%progbits
 869              	.Ldebug_ranges0:
 870 0000 00000000 		.4byte	.LFB0
 871 0004 02000000 		.4byte	.LFE0
 872 0008 00000000 		.4byte	.LFB1
 873 000c 02000000 		.4byte	.LFE1
 874 0010 00000000 		.4byte	.LFB2
 875 0014 80000000 		.4byte	.LFE2
 876 0018 00000000 		.4byte	0
 877 001c 00000000 		.4byte	0
 878              		.section	.debug_line,"",%progbits
 879              	.Ldebug_line0:
 880 0000 C6000000 		.section	.debug_str,"MS",%progbits,1
 880      02005000 
 880      00000201 
 880      FB0E0D00 
 880      01010101 
 881              	.LASF31:
 882 0000 443A5C63 		.ascii	"D:\\code\\cypress\\Tarocco\\Tarocco.cydsn\000"
 882      6F64655C 
 882      63797072 
 882      6573735C 
 882      5461726F 
 883              	.LASF22:
 884 0026 77726974 		.ascii	"writeBuffer\000"
 884      65427566 
 884      66657200 
ARM GAS  C:\Users\g\AppData\Local\Temp\cc0DmObL.s 			page 20


 885              	.LASF19:
 886 0032 73726342 		.ascii	"srcBuf\000"
 886      756600
 887              	.LASF3:
 888 0039 73686F72 		.ascii	"short unsigned int\000"
 888      7420756E 
 888      7369676E 
 888      65642069 
 888      6E7400
 889              	.LASF30:
 890 004c 47656E65 		.ascii	"Generated_Source\\PSoC4\\EEPROM.c\000"
 890      72617465 
 890      645F536F 
 890      75726365 
 890      5C50536F 
 891              	.LASF26:
 892 006c 73726349 		.ascii	"srcIndex\000"
 892      6E646578 
 892      00
 893              	.LASF28:
 894 0075 62797465 		.ascii	"byteOffset\000"
 894      4F666673 
 894      657400
 895              	.LASF11:
 896 0080 666C6F61 		.ascii	"float\000"
 896      7400
 897              	.LASF29:
 898 0086 474E5520 		.ascii	"GNU C 4.9.3 20150303 (release) [ARM/embedded-4_9-br"
 898      4320342E 
 898      392E3320 
 898      32303135 
 898      30333033 
 899 00b9 616E6368 		.ascii	"anch revision 221220] -mcpu=cortex-m0 -mthumb -g -O"
 899      20726576 
 899      6973696F 
 899      6E203232 
 899      31323230 
 900 00ec 67202D73 		.ascii	"g -std=gnu99 -ffunction-sections -ffat-lto-objects\000"
 900      74643D67 
 900      6E753939 
 900      202D6666 
 900      756E6374 
 901              	.LASF1:
 902 011f 756E7369 		.ascii	"unsigned char\000"
 902      676E6564 
 902      20636861 
 902      7200
 903              	.LASF15:
 904 012d 72656738 		.ascii	"reg8\000"
 904      00
 905              	.LASF5:
 906 0132 6C6F6E67 		.ascii	"long unsigned int\000"
 906      20756E73 
 906      69676E65 
 906      6420696E 
 906      7400
 907              	.LASF9:
ARM GAS  C:\Users\g\AppData\Local\Temp\cc0DmObL.s 			page 21


 908 0144 75696E74 		.ascii	"uint8\000"
 908      3800
 909              	.LASF23:
 910 014a 61727261 		.ascii	"arrayId\000"
 910      79496400 
 911              	.LASF21:
 912 0152 62797465 		.ascii	"byteCount\000"
 912      436F756E 
 912      7400
 913              	.LASF25:
 914 015c 64737449 		.ascii	"dstIndex\000"
 914      6E646578 
 914      00
 915              	.LASF12:
 916 0165 646F7562 		.ascii	"double\000"
 916      6C6500
 917              	.LASF33:
 918 016c 43795379 		.ascii	"CySysFlashWriteRow\000"
 918      73466C61 
 918      73685772 
 918      69746552 
 918      6F7700
 919              	.LASF14:
 920 017f 63797374 		.ascii	"cystatus\000"
 920      61747573 
 920      00
 921              	.LASF10:
 922 0188 75696E74 		.ascii	"uint32\000"
 922      333200
 923              	.LASF8:
 924 018f 756E7369 		.ascii	"unsigned int\000"
 924      676E6564 
 924      20696E74 
 924      00
 925              	.LASF17:
 926 019c 45455052 		.ascii	"EEPROM_Start\000"
 926      4F4D5F53 
 926      74617274 
 926      00
 927              	.LASF7:
 928 01a9 6C6F6E67 		.ascii	"long long unsigned int\000"
 928      206C6F6E 
 928      6720756E 
 928      7369676E 
 928      65642069 
 929              	.LASF24:
 930 01c0 726F7749 		.ascii	"rowId\000"
 930      6400
 931              	.LASF16:
 932 01c6 73697A65 		.ascii	"sizetype\000"
 932      74797065 
 932      00
 933              	.LASF6:
 934 01cf 6C6F6E67 		.ascii	"long long int\000"
 934      206C6F6E 
 934      6720696E 
 934      7400
ARM GAS  C:\Users\g\AppData\Local\Temp\cc0DmObL.s 			page 22


 935              	.LASF13:
 936 01dd 63686172 		.ascii	"char\000"
 936      00
 937              	.LASF18:
 938 01e2 45455052 		.ascii	"EEPROM_Stop\000"
 938      4F4D5F53 
 938      746F7000 
 939              	.LASF20:
 940 01ee 65657072 		.ascii	"eepromPtr\000"
 940      6F6D5074 
 940      7200
 941              	.LASF2:
 942 01f8 73686F72 		.ascii	"short int\000"
 942      7420696E 
 942      7400
 943              	.LASF32:
 944 0202 45455052 		.ascii	"EEPROM_Write\000"
 944      4F4D5F57 
 944      72697465 
 944      00
 945              	.LASF4:
 946 020f 6C6F6E67 		.ascii	"long int\000"
 946      20696E74 
 946      00
 947              	.LASF27:
 948 0218 65654F66 		.ascii	"eeOffset\000"
 948      66736574 
 948      00
 949              	.LASF0:
 950 0221 7369676E 		.ascii	"signed char\000"
 950      65642063 
 950      68617200 
 951              		.ident	"GCC: (GNU Tools for ARM Embedded Processors) 4.9.3 20150303 (release) [ARM/embedded-4_9-br
