ARM GAS  C:\Users\g\AppData\Local\Temp\ccmVxTVg.s 			page 1


   1              		.cpu cortex-m0
   2              		.fpu softvfp
   3              		.eabi_attribute 20, 1
   4              		.eabi_attribute 21, 1
   5              		.eabi_attribute 23, 3
   6              		.eabi_attribute 24, 1
   7              		.eabi_attribute 25, 1
   8              		.eabi_attribute 26, 1
   9              		.eabi_attribute 30, 1
  10              		.eabi_attribute 34, 0
  11              		.eabi_attribute 18, 4
  12              		.code	16
  13              		.file	"TX_SEND_PM.c"
  14              		.text
  15              	.Ltext0:
  16              		.cfi_sections	.debug_frame
  17              		.section	.text.TX_SEND_SaveConfig,"ax",%progbits
  18              		.align	2
  19              		.global	TX_SEND_SaveConfig
  20              		.code	16
  21              		.thumb_func
  22              		.type	TX_SEND_SaveConfig, %function
  23              	TX_SEND_SaveConfig:
  24              	.LFB0:
  25              		.file 1 "Generated_Source\\PSoC4\\TX_SEND_PM.c"
   1:Generated_Source\PSoC4/TX_SEND_PM.c **** /*******************************************************************************
   2:Generated_Source\PSoC4/TX_SEND_PM.c **** * File Name: TX_SEND_PM.c
   3:Generated_Source\PSoC4/TX_SEND_PM.c **** * Version 2.10
   4:Generated_Source\PSoC4/TX_SEND_PM.c **** *
   5:Generated_Source\PSoC4/TX_SEND_PM.c **** * Description:
   6:Generated_Source\PSoC4/TX_SEND_PM.c **** *  This file contains the setup, control, and status commands to support
   7:Generated_Source\PSoC4/TX_SEND_PM.c **** *  the component operations in the low power mode.
   8:Generated_Source\PSoC4/TX_SEND_PM.c **** *
   9:Generated_Source\PSoC4/TX_SEND_PM.c **** * Note:
  10:Generated_Source\PSoC4/TX_SEND_PM.c **** *  None
  11:Generated_Source\PSoC4/TX_SEND_PM.c **** *
  12:Generated_Source\PSoC4/TX_SEND_PM.c **** ********************************************************************************
  13:Generated_Source\PSoC4/TX_SEND_PM.c **** * Copyright 2013-2015, Cypress Semiconductor Corporation.  All rights reserved.
  14:Generated_Source\PSoC4/TX_SEND_PM.c **** * You may use this file only in accordance with the license, terms, conditions,
  15:Generated_Source\PSoC4/TX_SEND_PM.c **** * disclaimers, and limitations in the end user license agreement accompanying
  16:Generated_Source\PSoC4/TX_SEND_PM.c **** * the software package with which this file was provided.
  17:Generated_Source\PSoC4/TX_SEND_PM.c **** *******************************************************************************/
  18:Generated_Source\PSoC4/TX_SEND_PM.c **** 
  19:Generated_Source\PSoC4/TX_SEND_PM.c **** #include "TX_SEND.h"
  20:Generated_Source\PSoC4/TX_SEND_PM.c **** 
  21:Generated_Source\PSoC4/TX_SEND_PM.c **** static TX_SEND_BACKUP_STRUCT TX_SEND_backup;
  22:Generated_Source\PSoC4/TX_SEND_PM.c **** 
  23:Generated_Source\PSoC4/TX_SEND_PM.c **** 
  24:Generated_Source\PSoC4/TX_SEND_PM.c **** /*******************************************************************************
  25:Generated_Source\PSoC4/TX_SEND_PM.c **** * Function Name: TX_SEND_SaveConfig
  26:Generated_Source\PSoC4/TX_SEND_PM.c **** ********************************************************************************
  27:Generated_Source\PSoC4/TX_SEND_PM.c **** *
  28:Generated_Source\PSoC4/TX_SEND_PM.c **** * Summary:
  29:Generated_Source\PSoC4/TX_SEND_PM.c **** *  All configuration registers are retention. Nothing to save here.
  30:Generated_Source\PSoC4/TX_SEND_PM.c **** *
  31:Generated_Source\PSoC4/TX_SEND_PM.c **** * Parameters:
  32:Generated_Source\PSoC4/TX_SEND_PM.c **** *  None
ARM GAS  C:\Users\g\AppData\Local\Temp\ccmVxTVg.s 			page 2


  33:Generated_Source\PSoC4/TX_SEND_PM.c **** *
  34:Generated_Source\PSoC4/TX_SEND_PM.c **** * Return:
  35:Generated_Source\PSoC4/TX_SEND_PM.c **** *  None
  36:Generated_Source\PSoC4/TX_SEND_PM.c **** *
  37:Generated_Source\PSoC4/TX_SEND_PM.c **** *******************************************************************************/
  38:Generated_Source\PSoC4/TX_SEND_PM.c **** void TX_SEND_SaveConfig(void)
  39:Generated_Source\PSoC4/TX_SEND_PM.c **** {
  26              		.loc 1 39 0
  27              		.cfi_startproc
  40:Generated_Source\PSoC4/TX_SEND_PM.c **** 
  41:Generated_Source\PSoC4/TX_SEND_PM.c **** }
  28              		.loc 1 41 0
  29              		@ sp needed
  30 0000 7047     		bx	lr
  31              		.cfi_endproc
  32              	.LFE0:
  33              		.size	TX_SEND_SaveConfig, .-TX_SEND_SaveConfig
  34 0002 C046     		.section	.text.TX_SEND_Sleep,"ax",%progbits
  35              		.align	2
  36              		.global	TX_SEND_Sleep
  37              		.code	16
  38              		.thumb_func
  39              		.type	TX_SEND_Sleep, %function
  40              	TX_SEND_Sleep:
  41              	.LFB1:
  42:Generated_Source\PSoC4/TX_SEND_PM.c **** 
  43:Generated_Source\PSoC4/TX_SEND_PM.c **** 
  44:Generated_Source\PSoC4/TX_SEND_PM.c **** /*******************************************************************************
  45:Generated_Source\PSoC4/TX_SEND_PM.c **** * Function Name: TX_SEND_Sleep
  46:Generated_Source\PSoC4/TX_SEND_PM.c **** ********************************************************************************
  47:Generated_Source\PSoC4/TX_SEND_PM.c **** *
  48:Generated_Source\PSoC4/TX_SEND_PM.c **** * Summary:
  49:Generated_Source\PSoC4/TX_SEND_PM.c **** *  Stops the component operation and saves the user configuration.
  50:Generated_Source\PSoC4/TX_SEND_PM.c **** *
  51:Generated_Source\PSoC4/TX_SEND_PM.c **** * Parameters:
  52:Generated_Source\PSoC4/TX_SEND_PM.c **** *  None
  53:Generated_Source\PSoC4/TX_SEND_PM.c **** *
  54:Generated_Source\PSoC4/TX_SEND_PM.c **** * Return:
  55:Generated_Source\PSoC4/TX_SEND_PM.c **** *  None
  56:Generated_Source\PSoC4/TX_SEND_PM.c **** *
  57:Generated_Source\PSoC4/TX_SEND_PM.c **** *******************************************************************************/
  58:Generated_Source\PSoC4/TX_SEND_PM.c **** void TX_SEND_Sleep(void)
  59:Generated_Source\PSoC4/TX_SEND_PM.c **** {
  42              		.loc 1 59 0
  43              		.cfi_startproc
  44 0000 08B5     		push	{r3, lr}
  45              		.cfi_def_cfa_offset 8
  46              		.cfi_offset 3, -8
  47              		.cfi_offset 14, -4
  60:Generated_Source\PSoC4/TX_SEND_PM.c ****     if(0u != (TX_SEND_BLOCK_CONTROL_REG & TX_SEND_MASK))
  48              		.loc 1 60 0
  49 0002 074B     		ldr	r3, .L5
  50 0004 1B68     		ldr	r3, [r3]
  51 0006 9B07     		lsl	r3, r3, #30
  52 0008 03D5     		bpl	.L3
  61:Generated_Source\PSoC4/TX_SEND_PM.c ****     {
  62:Generated_Source\PSoC4/TX_SEND_PM.c ****         TX_SEND_backup.enableState = 1u;
ARM GAS  C:\Users\g\AppData\Local\Temp\ccmVxTVg.s 			page 3


  53              		.loc 1 62 0
  54 000a 0122     		mov	r2, #1
  55 000c 054B     		ldr	r3, .L5+4
  56 000e 1A70     		strb	r2, [r3]
  57 0010 02E0     		b	.L4
  58              	.L3:
  63:Generated_Source\PSoC4/TX_SEND_PM.c ****     }
  64:Generated_Source\PSoC4/TX_SEND_PM.c ****     else
  65:Generated_Source\PSoC4/TX_SEND_PM.c ****     {
  66:Generated_Source\PSoC4/TX_SEND_PM.c ****         TX_SEND_backup.enableState = 0u;
  59              		.loc 1 66 0
  60 0012 0022     		mov	r2, #0
  61 0014 034B     		ldr	r3, .L5+4
  62 0016 1A70     		strb	r2, [r3]
  63              	.L4:
  67:Generated_Source\PSoC4/TX_SEND_PM.c ****     }
  68:Generated_Source\PSoC4/TX_SEND_PM.c **** 
  69:Generated_Source\PSoC4/TX_SEND_PM.c ****     TX_SEND_Stop();
  64              		.loc 1 69 0
  65 0018 FFF7FEFF 		bl	TX_SEND_Stop
  66              	.LVL0:
  70:Generated_Source\PSoC4/TX_SEND_PM.c ****     TX_SEND_SaveConfig();
  71:Generated_Source\PSoC4/TX_SEND_PM.c **** }
  67              		.loc 1 71 0
  68              		@ sp needed
  69 001c 08BD     		pop	{r3, pc}
  70              	.L6:
  71 001e C046     		.align	2
  72              	.L5:
  73 0020 00000540 		.word	1074069504
  74 0024 00000000 		.word	.LANCHOR0
  75              		.cfi_endproc
  76              	.LFE1:
  77              		.size	TX_SEND_Sleep, .-TX_SEND_Sleep
  78              		.section	.text.TX_SEND_RestoreConfig,"ax",%progbits
  79              		.align	2
  80              		.global	TX_SEND_RestoreConfig
  81              		.code	16
  82              		.thumb_func
  83              		.type	TX_SEND_RestoreConfig, %function
  84              	TX_SEND_RestoreConfig:
  85              	.LFB2:
  72:Generated_Source\PSoC4/TX_SEND_PM.c **** 
  73:Generated_Source\PSoC4/TX_SEND_PM.c **** 
  74:Generated_Source\PSoC4/TX_SEND_PM.c **** /*******************************************************************************
  75:Generated_Source\PSoC4/TX_SEND_PM.c **** * Function Name: TX_SEND_RestoreConfig
  76:Generated_Source\PSoC4/TX_SEND_PM.c **** ********************************************************************************
  77:Generated_Source\PSoC4/TX_SEND_PM.c **** *
  78:Generated_Source\PSoC4/TX_SEND_PM.c **** * Summary:
  79:Generated_Source\PSoC4/TX_SEND_PM.c **** *  All configuration registers are retention. Nothing to restore here.
  80:Generated_Source\PSoC4/TX_SEND_PM.c **** *
  81:Generated_Source\PSoC4/TX_SEND_PM.c **** * Parameters:
  82:Generated_Source\PSoC4/TX_SEND_PM.c **** *  None
  83:Generated_Source\PSoC4/TX_SEND_PM.c **** *
  84:Generated_Source\PSoC4/TX_SEND_PM.c **** * Return:
  85:Generated_Source\PSoC4/TX_SEND_PM.c **** *  None
  86:Generated_Source\PSoC4/TX_SEND_PM.c **** *
ARM GAS  C:\Users\g\AppData\Local\Temp\ccmVxTVg.s 			page 4


  87:Generated_Source\PSoC4/TX_SEND_PM.c **** *******************************************************************************/
  88:Generated_Source\PSoC4/TX_SEND_PM.c **** void TX_SEND_RestoreConfig(void)
  89:Generated_Source\PSoC4/TX_SEND_PM.c **** {
  86              		.loc 1 89 0
  87              		.cfi_startproc
  90:Generated_Source\PSoC4/TX_SEND_PM.c **** 
  91:Generated_Source\PSoC4/TX_SEND_PM.c **** }
  88              		.loc 1 91 0
  89              		@ sp needed
  90 0000 7047     		bx	lr
  91              		.cfi_endproc
  92              	.LFE2:
  93              		.size	TX_SEND_RestoreConfig, .-TX_SEND_RestoreConfig
  94 0002 C046     		.section	.text.TX_SEND_Wakeup,"ax",%progbits
  95              		.align	2
  96              		.global	TX_SEND_Wakeup
  97              		.code	16
  98              		.thumb_func
  99              		.type	TX_SEND_Wakeup, %function
 100              	TX_SEND_Wakeup:
 101              	.LFB3:
  92:Generated_Source\PSoC4/TX_SEND_PM.c **** 
  93:Generated_Source\PSoC4/TX_SEND_PM.c **** 
  94:Generated_Source\PSoC4/TX_SEND_PM.c **** /*******************************************************************************
  95:Generated_Source\PSoC4/TX_SEND_PM.c **** * Function Name: TX_SEND_Wakeup
  96:Generated_Source\PSoC4/TX_SEND_PM.c **** ********************************************************************************
  97:Generated_Source\PSoC4/TX_SEND_PM.c **** *
  98:Generated_Source\PSoC4/TX_SEND_PM.c **** * Summary:
  99:Generated_Source\PSoC4/TX_SEND_PM.c **** *  Restores the user configuration and restores the enable state.
 100:Generated_Source\PSoC4/TX_SEND_PM.c **** *
 101:Generated_Source\PSoC4/TX_SEND_PM.c **** * Parameters:
 102:Generated_Source\PSoC4/TX_SEND_PM.c **** *  None
 103:Generated_Source\PSoC4/TX_SEND_PM.c **** *
 104:Generated_Source\PSoC4/TX_SEND_PM.c **** * Return:
 105:Generated_Source\PSoC4/TX_SEND_PM.c **** *  None
 106:Generated_Source\PSoC4/TX_SEND_PM.c **** *
 107:Generated_Source\PSoC4/TX_SEND_PM.c **** *******************************************************************************/
 108:Generated_Source\PSoC4/TX_SEND_PM.c **** void TX_SEND_Wakeup(void)
 109:Generated_Source\PSoC4/TX_SEND_PM.c **** {
 102              		.loc 1 109 0
 103              		.cfi_startproc
 104 0000 08B5     		push	{r3, lr}
 105              		.cfi_def_cfa_offset 8
 106              		.cfi_offset 3, -8
 107              		.cfi_offset 14, -4
 110:Generated_Source\PSoC4/TX_SEND_PM.c ****     TX_SEND_RestoreConfig();
 111:Generated_Source\PSoC4/TX_SEND_PM.c **** 
 112:Generated_Source\PSoC4/TX_SEND_PM.c ****     if(0u != TX_SEND_backup.enableState)
 108              		.loc 1 112 0
 109 0002 034B     		ldr	r3, .L10
 110 0004 1B78     		ldrb	r3, [r3]
 111 0006 002B     		cmp	r3, #0
 112 0008 01D0     		beq	.L8
 113:Generated_Source\PSoC4/TX_SEND_PM.c ****     {
 114:Generated_Source\PSoC4/TX_SEND_PM.c ****         TX_SEND_Enable();
 113              		.loc 1 114 0
 114 000a FFF7FEFF 		bl	TX_SEND_Enable
ARM GAS  C:\Users\g\AppData\Local\Temp\ccmVxTVg.s 			page 5


 115              	.LVL1:
 116              	.L8:
 115:Generated_Source\PSoC4/TX_SEND_PM.c ****     }
 116:Generated_Source\PSoC4/TX_SEND_PM.c **** }
 117              		.loc 1 116 0
 118              		@ sp needed
 119 000e 08BD     		pop	{r3, pc}
 120              	.L11:
 121              		.align	2
 122              	.L10:
 123 0010 00000000 		.word	.LANCHOR0
 124              		.cfi_endproc
 125              	.LFE3:
 126              		.size	TX_SEND_Wakeup, .-TX_SEND_Wakeup
 127              		.bss
 128              		.align	2
 129              		.set	.LANCHOR0,. + 0
 130              		.type	TX_SEND_backup, %object
 131              		.size	TX_SEND_backup, 1
 132              	TX_SEND_backup:
 133 0000 00       		.space	1
 134 0001 000000   		.text
 135              	.Letext0:
 136              		.file 2 "Generated_Source\\PSoC4\\cytypes.h"
 137              		.file 3 "Generated_Source\\PSoC4\\TX_SEND.h"
 138              		.section	.debug_info,"",%progbits
 139              	.Ldebug_info0:
 140 0000 4E010000 		.4byte	0x14e
 141 0004 0400     		.2byte	0x4
 142 0006 00000000 		.4byte	.Ldebug_abbrev0
 143 000a 04       		.byte	0x4
 144 000b 01       		.uleb128 0x1
 145 000c 8F010000 		.4byte	.LASF23
 146 0010 01       		.byte	0x1
 147 0011 51000000 		.4byte	.LASF24
 148 0015 3A010000 		.4byte	.LASF25
 149 0019 00000000 		.4byte	.Ldebug_ranges0+0
 150 001d 00000000 		.4byte	0
 151 0021 00000000 		.4byte	.Ldebug_line0
 152 0025 02       		.uleb128 0x2
 153 0026 01       		.byte	0x1
 154 0027 06       		.byte	0x6
 155 0028 2E010000 		.4byte	.LASF0
 156 002c 02       		.uleb128 0x2
 157 002d 01       		.byte	0x1
 158 002e 08       		.byte	0x8
 159 002f C9000000 		.4byte	.LASF1
 160 0033 02       		.uleb128 0x2
 161 0034 02       		.byte	0x2
 162 0035 05       		.byte	0x5
 163 0036 7C010000 		.4byte	.LASF2
 164 003a 02       		.uleb128 0x2
 165 003b 02       		.byte	0x2
 166 003c 07       		.byte	0x7
 167 003d 1B010000 		.4byte	.LASF3
 168 0041 02       		.uleb128 0x2
 169 0042 04       		.byte	0x4
ARM GAS  C:\Users\g\AppData\Local\Temp\ccmVxTVg.s 			page 6


 170 0043 05       		.byte	0x5
 171 0044 EA000000 		.4byte	.LASF4
 172 0048 02       		.uleb128 0x2
 173 0049 04       		.byte	0x4
 174 004a 07       		.byte	0x7
 175 004b 7B000000 		.4byte	.LASF5
 176 004f 02       		.uleb128 0x2
 177 0050 08       		.byte	0x8
 178 0051 05       		.byte	0x5
 179 0052 00000000 		.4byte	.LASF6
 180 0056 02       		.uleb128 0x2
 181 0057 08       		.byte	0x8
 182 0058 07       		.byte	0x7
 183 0059 8D000000 		.4byte	.LASF7
 184 005d 03       		.uleb128 0x3
 185 005e 04       		.byte	0x4
 186 005f 05       		.byte	0x5
 187 0060 696E7400 		.ascii	"int\000"
 188 0064 02       		.uleb128 0x2
 189 0065 04       		.byte	0x4
 190 0066 07       		.byte	0x7
 191 0067 24000000 		.4byte	.LASF8
 192 006b 04       		.uleb128 0x4
 193 006c 75000000 		.4byte	.LASF9
 194 0070 02       		.byte	0x2
 195 0071 9801     		.2byte	0x198
 196 0073 2C000000 		.4byte	0x2c
 197 0077 04       		.uleb128 0x4
 198 0078 0E000000 		.4byte	.LASF10
 199 007c 02       		.byte	0x2
 200 007d 9A01     		.2byte	0x19a
 201 007f 48000000 		.4byte	0x48
 202 0083 02       		.uleb128 0x2
 203 0084 04       		.byte	0x4
 204 0085 04       		.byte	0x4
 205 0086 76010000 		.4byte	.LASF11
 206 008a 02       		.uleb128 0x2
 207 008b 08       		.byte	0x8
 208 008c 04       		.byte	0x4
 209 008d FF000000 		.4byte	.LASF12
 210 0091 02       		.uleb128 0x2
 211 0092 01       		.byte	0x1
 212 0093 08       		.byte	0x8
 213 0094 D7000000 		.4byte	.LASF13
 214 0098 04       		.uleb128 0x4
 215 0099 15010000 		.4byte	.LASF14
 216 009d 02       		.byte	0x2
 217 009e 4402     		.2byte	0x244
 218 00a0 A4000000 		.4byte	0xa4
 219 00a4 05       		.uleb128 0x5
 220 00a5 77000000 		.4byte	0x77
 221 00a9 02       		.uleb128 0x2
 222 00aa 04       		.byte	0x4
 223 00ab 07       		.byte	0x7
 224 00ac 86010000 		.4byte	.LASF15
 225 00b0 06       		.uleb128 0x6
 226 00b1 01       		.byte	0x1
ARM GAS  C:\Users\g\AppData\Local\Temp\ccmVxTVg.s 			page 7


 227 00b2 03       		.byte	0x3
 228 00b3 21       		.byte	0x21
 229 00b4 C5000000 		.4byte	0xc5
 230 00b8 07       		.uleb128 0x7
 231 00b9 F3000000 		.4byte	.LASF26
 232 00bd 03       		.byte	0x3
 233 00be 23       		.byte	0x23
 234 00bf 6B000000 		.4byte	0x6b
 235 00c3 00       		.byte	0
 236 00c4 00       		.byte	0
 237 00c5 08       		.uleb128 0x8
 238 00c6 B3000000 		.4byte	.LASF16
 239 00ca 03       		.byte	0x3
 240 00cb 24       		.byte	0x24
 241 00cc B0000000 		.4byte	0xb0
 242 00d0 09       		.uleb128 0x9
 243 00d1 3E000000 		.4byte	.LASF17
 244 00d5 01       		.byte	0x1
 245 00d6 26       		.byte	0x26
 246 00d7 00000000 		.4byte	.LFB0
 247 00db 02000000 		.4byte	.LFE0-.LFB0
 248 00df 01       		.uleb128 0x1
 249 00e0 9C       		.byte	0x9c
 250 00e1 0A       		.uleb128 0xa
 251 00e2 DC000000 		.4byte	.LASF19
 252 00e6 01       		.byte	0x1
 253 00e7 3A       		.byte	0x3a
 254 00e8 00000000 		.4byte	.LFB1
 255 00ec 28000000 		.4byte	.LFE1-.LFB1
 256 00f0 01       		.uleb128 0x1
 257 00f1 9C       		.byte	0x9c
 258 00f2 00010000 		.4byte	0x100
 259 00f6 0B       		.uleb128 0xb
 260 00f7 1C000000 		.4byte	.LVL0
 261 00fb 41010000 		.4byte	0x141
 262 00ff 00       		.byte	0
 263 0100 09       		.uleb128 0x9
 264 0101 60010000 		.4byte	.LASF18
 265 0105 01       		.byte	0x1
 266 0106 58       		.byte	0x58
 267 0107 00000000 		.4byte	.LFB2
 268 010b 02000000 		.4byte	.LFE2-.LFB2
 269 010f 01       		.uleb128 0x1
 270 0110 9C       		.byte	0x9c
 271 0111 0A       		.uleb128 0xa
 272 0112 A4000000 		.4byte	.LASF20
 273 0116 01       		.byte	0x1
 274 0117 6C       		.byte	0x6c
 275 0118 00000000 		.4byte	.LFB3
 276 011c 14000000 		.4byte	.LFE3-.LFB3
 277 0120 01       		.uleb128 0x1
 278 0121 9C       		.byte	0x9c
 279 0122 30010000 		.4byte	0x130
 280 0126 0B       		.uleb128 0xb
 281 0127 0E000000 		.4byte	.LVL1
 282 012b 49010000 		.4byte	0x149
 283 012f 00       		.byte	0
ARM GAS  C:\Users\g\AppData\Local\Temp\ccmVxTVg.s 			page 8


 284 0130 0C       		.uleb128 0xc
 285 0131 15000000 		.4byte	.LASF27
 286 0135 01       		.byte	0x1
 287 0136 15       		.byte	0x15
 288 0137 C5000000 		.4byte	0xc5
 289 013b 05       		.uleb128 0x5
 290 013c 03       		.byte	0x3
 291 013d 00000000 		.4byte	TX_SEND_backup
 292 0141 0D       		.uleb128 0xd
 293 0142 31000000 		.4byte	.LASF21
 294 0146 03       		.byte	0x3
 295 0147 3301     		.2byte	0x133
 296 0149 0D       		.uleb128 0xd
 297 014a 06010000 		.4byte	.LASF22
 298 014e 03       		.byte	0x3
 299 014f 3101     		.2byte	0x131
 300 0151 00       		.byte	0
 301              		.section	.debug_abbrev,"",%progbits
 302              	.Ldebug_abbrev0:
 303 0000 01       		.uleb128 0x1
 304 0001 11       		.uleb128 0x11
 305 0002 01       		.byte	0x1
 306 0003 25       		.uleb128 0x25
 307 0004 0E       		.uleb128 0xe
 308 0005 13       		.uleb128 0x13
 309 0006 0B       		.uleb128 0xb
 310 0007 03       		.uleb128 0x3
 311 0008 0E       		.uleb128 0xe
 312 0009 1B       		.uleb128 0x1b
 313 000a 0E       		.uleb128 0xe
 314 000b 55       		.uleb128 0x55
 315 000c 17       		.uleb128 0x17
 316 000d 11       		.uleb128 0x11
 317 000e 01       		.uleb128 0x1
 318 000f 10       		.uleb128 0x10
 319 0010 17       		.uleb128 0x17
 320 0011 00       		.byte	0
 321 0012 00       		.byte	0
 322 0013 02       		.uleb128 0x2
 323 0014 24       		.uleb128 0x24
 324 0015 00       		.byte	0
 325 0016 0B       		.uleb128 0xb
 326 0017 0B       		.uleb128 0xb
 327 0018 3E       		.uleb128 0x3e
 328 0019 0B       		.uleb128 0xb
 329 001a 03       		.uleb128 0x3
 330 001b 0E       		.uleb128 0xe
 331 001c 00       		.byte	0
 332 001d 00       		.byte	0
 333 001e 03       		.uleb128 0x3
 334 001f 24       		.uleb128 0x24
 335 0020 00       		.byte	0
 336 0021 0B       		.uleb128 0xb
 337 0022 0B       		.uleb128 0xb
 338 0023 3E       		.uleb128 0x3e
 339 0024 0B       		.uleb128 0xb
 340 0025 03       		.uleb128 0x3
ARM GAS  C:\Users\g\AppData\Local\Temp\ccmVxTVg.s 			page 9


 341 0026 08       		.uleb128 0x8
 342 0027 00       		.byte	0
 343 0028 00       		.byte	0
 344 0029 04       		.uleb128 0x4
 345 002a 16       		.uleb128 0x16
 346 002b 00       		.byte	0
 347 002c 03       		.uleb128 0x3
 348 002d 0E       		.uleb128 0xe
 349 002e 3A       		.uleb128 0x3a
 350 002f 0B       		.uleb128 0xb
 351 0030 3B       		.uleb128 0x3b
 352 0031 05       		.uleb128 0x5
 353 0032 49       		.uleb128 0x49
 354 0033 13       		.uleb128 0x13
 355 0034 00       		.byte	0
 356 0035 00       		.byte	0
 357 0036 05       		.uleb128 0x5
 358 0037 35       		.uleb128 0x35
 359 0038 00       		.byte	0
 360 0039 49       		.uleb128 0x49
 361 003a 13       		.uleb128 0x13
 362 003b 00       		.byte	0
 363 003c 00       		.byte	0
 364 003d 06       		.uleb128 0x6
 365 003e 13       		.uleb128 0x13
 366 003f 01       		.byte	0x1
 367 0040 0B       		.uleb128 0xb
 368 0041 0B       		.uleb128 0xb
 369 0042 3A       		.uleb128 0x3a
 370 0043 0B       		.uleb128 0xb
 371 0044 3B       		.uleb128 0x3b
 372 0045 0B       		.uleb128 0xb
 373 0046 01       		.uleb128 0x1
 374 0047 13       		.uleb128 0x13
 375 0048 00       		.byte	0
 376 0049 00       		.byte	0
 377 004a 07       		.uleb128 0x7
 378 004b 0D       		.uleb128 0xd
 379 004c 00       		.byte	0
 380 004d 03       		.uleb128 0x3
 381 004e 0E       		.uleb128 0xe
 382 004f 3A       		.uleb128 0x3a
 383 0050 0B       		.uleb128 0xb
 384 0051 3B       		.uleb128 0x3b
 385 0052 0B       		.uleb128 0xb
 386 0053 49       		.uleb128 0x49
 387 0054 13       		.uleb128 0x13
 388 0055 38       		.uleb128 0x38
 389 0056 0B       		.uleb128 0xb
 390 0057 00       		.byte	0
 391 0058 00       		.byte	0
 392 0059 08       		.uleb128 0x8
 393 005a 16       		.uleb128 0x16
 394 005b 00       		.byte	0
 395 005c 03       		.uleb128 0x3
 396 005d 0E       		.uleb128 0xe
 397 005e 3A       		.uleb128 0x3a
ARM GAS  C:\Users\g\AppData\Local\Temp\ccmVxTVg.s 			page 10


 398 005f 0B       		.uleb128 0xb
 399 0060 3B       		.uleb128 0x3b
 400 0061 0B       		.uleb128 0xb
 401 0062 49       		.uleb128 0x49
 402 0063 13       		.uleb128 0x13
 403 0064 00       		.byte	0
 404 0065 00       		.byte	0
 405 0066 09       		.uleb128 0x9
 406 0067 2E       		.uleb128 0x2e
 407 0068 00       		.byte	0
 408 0069 3F       		.uleb128 0x3f
 409 006a 19       		.uleb128 0x19
 410 006b 03       		.uleb128 0x3
 411 006c 0E       		.uleb128 0xe
 412 006d 3A       		.uleb128 0x3a
 413 006e 0B       		.uleb128 0xb
 414 006f 3B       		.uleb128 0x3b
 415 0070 0B       		.uleb128 0xb
 416 0071 27       		.uleb128 0x27
 417 0072 19       		.uleb128 0x19
 418 0073 11       		.uleb128 0x11
 419 0074 01       		.uleb128 0x1
 420 0075 12       		.uleb128 0x12
 421 0076 06       		.uleb128 0x6
 422 0077 40       		.uleb128 0x40
 423 0078 18       		.uleb128 0x18
 424 0079 9742     		.uleb128 0x2117
 425 007b 19       		.uleb128 0x19
 426 007c 00       		.byte	0
 427 007d 00       		.byte	0
 428 007e 0A       		.uleb128 0xa
 429 007f 2E       		.uleb128 0x2e
 430 0080 01       		.byte	0x1
 431 0081 3F       		.uleb128 0x3f
 432 0082 19       		.uleb128 0x19
 433 0083 03       		.uleb128 0x3
 434 0084 0E       		.uleb128 0xe
 435 0085 3A       		.uleb128 0x3a
 436 0086 0B       		.uleb128 0xb
 437 0087 3B       		.uleb128 0x3b
 438 0088 0B       		.uleb128 0xb
 439 0089 27       		.uleb128 0x27
 440 008a 19       		.uleb128 0x19
 441 008b 11       		.uleb128 0x11
 442 008c 01       		.uleb128 0x1
 443 008d 12       		.uleb128 0x12
 444 008e 06       		.uleb128 0x6
 445 008f 40       		.uleb128 0x40
 446 0090 18       		.uleb128 0x18
 447 0091 9742     		.uleb128 0x2117
 448 0093 19       		.uleb128 0x19
 449 0094 01       		.uleb128 0x1
 450 0095 13       		.uleb128 0x13
 451 0096 00       		.byte	0
 452 0097 00       		.byte	0
 453 0098 0B       		.uleb128 0xb
 454 0099 898201   		.uleb128 0x4109
ARM GAS  C:\Users\g\AppData\Local\Temp\ccmVxTVg.s 			page 11


 455 009c 00       		.byte	0
 456 009d 11       		.uleb128 0x11
 457 009e 01       		.uleb128 0x1
 458 009f 31       		.uleb128 0x31
 459 00a0 13       		.uleb128 0x13
 460 00a1 00       		.byte	0
 461 00a2 00       		.byte	0
 462 00a3 0C       		.uleb128 0xc
 463 00a4 34       		.uleb128 0x34
 464 00a5 00       		.byte	0
 465 00a6 03       		.uleb128 0x3
 466 00a7 0E       		.uleb128 0xe
 467 00a8 3A       		.uleb128 0x3a
 468 00a9 0B       		.uleb128 0xb
 469 00aa 3B       		.uleb128 0x3b
 470 00ab 0B       		.uleb128 0xb
 471 00ac 49       		.uleb128 0x49
 472 00ad 13       		.uleb128 0x13
 473 00ae 02       		.uleb128 0x2
 474 00af 18       		.uleb128 0x18
 475 00b0 00       		.byte	0
 476 00b1 00       		.byte	0
 477 00b2 0D       		.uleb128 0xd
 478 00b3 2E       		.uleb128 0x2e
 479 00b4 00       		.byte	0
 480 00b5 3F       		.uleb128 0x3f
 481 00b6 19       		.uleb128 0x19
 482 00b7 03       		.uleb128 0x3
 483 00b8 0E       		.uleb128 0xe
 484 00b9 3A       		.uleb128 0x3a
 485 00ba 0B       		.uleb128 0xb
 486 00bb 3B       		.uleb128 0x3b
 487 00bc 05       		.uleb128 0x5
 488 00bd 27       		.uleb128 0x27
 489 00be 19       		.uleb128 0x19
 490 00bf 3C       		.uleb128 0x3c
 491 00c0 19       		.uleb128 0x19
 492 00c1 00       		.byte	0
 493 00c2 00       		.byte	0
 494 00c3 00       		.byte	0
 495              		.section	.debug_aranges,"",%progbits
 496 0000 34000000 		.4byte	0x34
 497 0004 0200     		.2byte	0x2
 498 0006 00000000 		.4byte	.Ldebug_info0
 499 000a 04       		.byte	0x4
 500 000b 00       		.byte	0
 501 000c 0000     		.2byte	0
 502 000e 0000     		.2byte	0
 503 0010 00000000 		.4byte	.LFB0
 504 0014 02000000 		.4byte	.LFE0-.LFB0
 505 0018 00000000 		.4byte	.LFB1
 506 001c 28000000 		.4byte	.LFE1-.LFB1
 507 0020 00000000 		.4byte	.LFB2
 508 0024 02000000 		.4byte	.LFE2-.LFB2
 509 0028 00000000 		.4byte	.LFB3
 510 002c 14000000 		.4byte	.LFE3-.LFB3
 511 0030 00000000 		.4byte	0
ARM GAS  C:\Users\g\AppData\Local\Temp\ccmVxTVg.s 			page 12


 512 0034 00000000 		.4byte	0
 513              		.section	.debug_ranges,"",%progbits
 514              	.Ldebug_ranges0:
 515 0000 00000000 		.4byte	.LFB0
 516 0004 02000000 		.4byte	.LFE0
 517 0008 00000000 		.4byte	.LFB1
 518 000c 28000000 		.4byte	.LFE1
 519 0010 00000000 		.4byte	.LFB2
 520 0014 02000000 		.4byte	.LFE2
 521 0018 00000000 		.4byte	.LFB3
 522 001c 14000000 		.4byte	.LFE3
 523 0020 00000000 		.4byte	0
 524 0024 00000000 		.4byte	0
 525              		.section	.debug_line,"",%progbits
 526              	.Ldebug_line0:
 527 0000 A2000000 		.section	.debug_str,"MS",%progbits,1
 527      02005400 
 527      00000201 
 527      FB0E0D00 
 527      01010101 
 528              	.LASF6:
 529 0000 6C6F6E67 		.ascii	"long long int\000"
 529      206C6F6E 
 529      6720696E 
 529      7400
 530              	.LASF10:
 531 000e 75696E74 		.ascii	"uint32\000"
 531      333200
 532              	.LASF27:
 533 0015 54585F53 		.ascii	"TX_SEND_backup\000"
 533      454E445F 
 533      6261636B 
 533      757000
 534              	.LASF8:
 535 0024 756E7369 		.ascii	"unsigned int\000"
 535      676E6564 
 535      20696E74 
 535      00
 536              	.LASF21:
 537 0031 54585F53 		.ascii	"TX_SEND_Stop\000"
 537      454E445F 
 537      53746F70 
 537      00
 538              	.LASF17:
 539 003e 54585F53 		.ascii	"TX_SEND_SaveConfig\000"
 539      454E445F 
 539      53617665 
 539      436F6E66 
 539      696700
 540              	.LASF24:
 541 0051 47656E65 		.ascii	"Generated_Source\\PSoC4\\TX_SEND_PM.c\000"
 541      72617465 
 541      645F536F 
 541      75726365 
 541      5C50536F 
 542              	.LASF9:
 543 0075 75696E74 		.ascii	"uint8\000"
ARM GAS  C:\Users\g\AppData\Local\Temp\ccmVxTVg.s 			page 13


 543      3800
 544              	.LASF5:
 545 007b 6C6F6E67 		.ascii	"long unsigned int\000"
 545      20756E73 
 545      69676E65 
 545      6420696E 
 545      7400
 546              	.LASF7:
 547 008d 6C6F6E67 		.ascii	"long long unsigned int\000"
 547      206C6F6E 
 547      6720756E 
 547      7369676E 
 547      65642069 
 548              	.LASF20:
 549 00a4 54585F53 		.ascii	"TX_SEND_Wakeup\000"
 549      454E445F 
 549      57616B65 
 549      757000
 550              	.LASF16:
 551 00b3 54585F53 		.ascii	"TX_SEND_BACKUP_STRUCT\000"
 551      454E445F 
 551      4241434B 
 551      55505F53 
 551      54525543 
 552              	.LASF1:
 553 00c9 756E7369 		.ascii	"unsigned char\000"
 553      676E6564 
 553      20636861 
 553      7200
 554              	.LASF13:
 555 00d7 63686172 		.ascii	"char\000"
 555      00
 556              	.LASF19:
 557 00dc 54585F53 		.ascii	"TX_SEND_Sleep\000"
 557      454E445F 
 557      536C6565 
 557      7000
 558              	.LASF4:
 559 00ea 6C6F6E67 		.ascii	"long int\000"
 559      20696E74 
 559      00
 560              	.LASF26:
 561 00f3 656E6162 		.ascii	"enableState\000"
 561      6C655374 
 561      61746500 
 562              	.LASF12:
 563 00ff 646F7562 		.ascii	"double\000"
 563      6C6500
 564              	.LASF22:
 565 0106 54585F53 		.ascii	"TX_SEND_Enable\000"
 565      454E445F 
 565      456E6162 
 565      6C6500
 566              	.LASF14:
 567 0115 72656733 		.ascii	"reg32\000"
 567      3200
 568              	.LASF3:
ARM GAS  C:\Users\g\AppData\Local\Temp\ccmVxTVg.s 			page 14


 569 011b 73686F72 		.ascii	"short unsigned int\000"
 569      7420756E 
 569      7369676E 
 569      65642069 
 569      6E7400
 570              	.LASF0:
 571 012e 7369676E 		.ascii	"signed char\000"
 571      65642063 
 571      68617200 
 572              	.LASF25:
 573 013a 443A5C63 		.ascii	"D:\\code\\cypress\\Tarocco\\Tarocco.cydsn\000"
 573      6F64655C 
 573      63797072 
 573      6573735C 
 573      5461726F 
 574              	.LASF18:
 575 0160 54585F53 		.ascii	"TX_SEND_RestoreConfig\000"
 575      454E445F 
 575      52657374 
 575      6F726543 
 575      6F6E6669 
 576              	.LASF11:
 577 0176 666C6F61 		.ascii	"float\000"
 577      7400
 578              	.LASF2:
 579 017c 73686F72 		.ascii	"short int\000"
 579      7420696E 
 579      7400
 580              	.LASF15:
 581 0186 73697A65 		.ascii	"sizetype\000"
 581      74797065 
 581      00
 582              	.LASF23:
 583 018f 474E5520 		.ascii	"GNU C 4.9.3 20150303 (release) [ARM/embedded-4_9-br"
 583      4320342E 
 583      392E3320 
 583      32303135 
 583      30333033 
 584 01c2 616E6368 		.ascii	"anch revision 221220] -mcpu=cortex-m0 -mthumb -g -O"
 584      20726576 
 584      6973696F 
 584      6E203232 
 584      31323230 
 585 01f5 67202D73 		.ascii	"g -std=gnu99 -ffunction-sections -ffat-lto-objects\000"
 585      74643D67 
 585      6E753939 
 585      202D6666 
 585      756E6374 
 586              		.ident	"GCC: (GNU Tools for ARM Embedded Processors) 4.9.3 20150303 (release) [ARM/embedded-4_9-br
