ARM GAS  C:\Users\g\AppData\Local\Temp\cc7EWnHM.s 			page 1


   1              		.cpu cortex-m0
   2              		.fpu softvfp
   3              		.eabi_attribute 20, 1
   4              		.eabi_attribute 21, 1
   5              		.eabi_attribute 23, 3
   6              		.eabi_attribute 24, 1
   7              		.eabi_attribute 25, 1
   8              		.eabi_attribute 26, 1
   9              		.eabi_attribute 30, 1
  10              		.eabi_attribute 34, 0
  11              		.eabi_attribute 18, 4
  12              		.code	16
  13              		.file	"UART_PM.c"
  14              		.text
  15              	.Ltext0:
  16              		.cfi_sections	.debug_frame
  17              		.section	.text.UART_Sleep,"ax",%progbits
  18              		.align	2
  19              		.global	UART_Sleep
  20              		.code	16
  21              		.thumb_func
  22              		.type	UART_Sleep, %function
  23              	UART_Sleep:
  24              	.LFB0:
  25              		.file 1 "Generated_Source\\PSoC4\\UART_PM.c"
   1:Generated_Source\PSoC4/UART_PM.c **** /***************************************************************************//**
   2:Generated_Source\PSoC4/UART_PM.c **** * \file UART_PM.c
   3:Generated_Source\PSoC4/UART_PM.c **** * \version 3.20
   4:Generated_Source\PSoC4/UART_PM.c **** *
   5:Generated_Source\PSoC4/UART_PM.c **** * \brief
   6:Generated_Source\PSoC4/UART_PM.c **** *  This file provides the source code to the Power Management support for
   7:Generated_Source\PSoC4/UART_PM.c **** *  the SCB Component.
   8:Generated_Source\PSoC4/UART_PM.c **** *
   9:Generated_Source\PSoC4/UART_PM.c **** * Note:
  10:Generated_Source\PSoC4/UART_PM.c **** *
  11:Generated_Source\PSoC4/UART_PM.c **** ********************************************************************************
  12:Generated_Source\PSoC4/UART_PM.c **** * \copyright
  13:Generated_Source\PSoC4/UART_PM.c **** * Copyright 2013-2016, Cypress Semiconductor Corporation.  All rights reserved.
  14:Generated_Source\PSoC4/UART_PM.c **** * You may use this file only in accordance with the license, terms, conditions,
  15:Generated_Source\PSoC4/UART_PM.c **** * disclaimers, and limitations in the end user license agreement accompanying
  16:Generated_Source\PSoC4/UART_PM.c **** * the software package with which this file was provided.
  17:Generated_Source\PSoC4/UART_PM.c **** *******************************************************************************/
  18:Generated_Source\PSoC4/UART_PM.c **** 
  19:Generated_Source\PSoC4/UART_PM.c **** #include "UART.h"
  20:Generated_Source\PSoC4/UART_PM.c **** #include "UART_PVT.h"
  21:Generated_Source\PSoC4/UART_PM.c **** 
  22:Generated_Source\PSoC4/UART_PM.c **** #if(UART_SCB_MODE_I2C_INC)
  23:Generated_Source\PSoC4/UART_PM.c ****     #include "UART_I2C_PVT.h"
  24:Generated_Source\PSoC4/UART_PM.c **** #endif /* (UART_SCB_MODE_I2C_INC) */
  25:Generated_Source\PSoC4/UART_PM.c **** 
  26:Generated_Source\PSoC4/UART_PM.c **** #if(UART_SCB_MODE_EZI2C_INC)
  27:Generated_Source\PSoC4/UART_PM.c ****     #include "UART_EZI2C_PVT.h"
  28:Generated_Source\PSoC4/UART_PM.c **** #endif /* (UART_SCB_MODE_EZI2C_INC) */
  29:Generated_Source\PSoC4/UART_PM.c **** 
  30:Generated_Source\PSoC4/UART_PM.c **** #if(UART_SCB_MODE_SPI_INC || UART_SCB_MODE_UART_INC)
  31:Generated_Source\PSoC4/UART_PM.c ****     #include "UART_SPI_UART_PVT.h"
  32:Generated_Source\PSoC4/UART_PM.c **** #endif /* (UART_SCB_MODE_SPI_INC || UART_SCB_MODE_UART_INC) */
ARM GAS  C:\Users\g\AppData\Local\Temp\cc7EWnHM.s 			page 2


  33:Generated_Source\PSoC4/UART_PM.c **** 
  34:Generated_Source\PSoC4/UART_PM.c **** 
  35:Generated_Source\PSoC4/UART_PM.c **** /***************************************
  36:Generated_Source\PSoC4/UART_PM.c **** *   Backup Structure declaration
  37:Generated_Source\PSoC4/UART_PM.c **** ***************************************/
  38:Generated_Source\PSoC4/UART_PM.c **** 
  39:Generated_Source\PSoC4/UART_PM.c **** #if(UART_SCB_MODE_UNCONFIG_CONST_CFG || \
  40:Generated_Source\PSoC4/UART_PM.c ****    (UART_SCB_MODE_I2C_CONST_CFG   && (!UART_I2C_WAKE_ENABLE_CONST))   || \
  41:Generated_Source\PSoC4/UART_PM.c ****    (UART_SCB_MODE_EZI2C_CONST_CFG && (!UART_EZI2C_WAKE_ENABLE_CONST)) || \
  42:Generated_Source\PSoC4/UART_PM.c ****    (UART_SCB_MODE_SPI_CONST_CFG   && (!UART_SPI_WAKE_ENABLE_CONST))   || \
  43:Generated_Source\PSoC4/UART_PM.c ****    (UART_SCB_MODE_UART_CONST_CFG  && (!UART_UART_WAKE_ENABLE_CONST)))
  44:Generated_Source\PSoC4/UART_PM.c **** 
  45:Generated_Source\PSoC4/UART_PM.c ****     UART_BACKUP_STRUCT UART_backup =
  46:Generated_Source\PSoC4/UART_PM.c ****     {
  47:Generated_Source\PSoC4/UART_PM.c ****         0u, /* enableState */
  48:Generated_Source\PSoC4/UART_PM.c ****     };
  49:Generated_Source\PSoC4/UART_PM.c **** #endif
  50:Generated_Source\PSoC4/UART_PM.c **** 
  51:Generated_Source\PSoC4/UART_PM.c **** 
  52:Generated_Source\PSoC4/UART_PM.c **** /*******************************************************************************
  53:Generated_Source\PSoC4/UART_PM.c **** * Function Name: UART_Sleep
  54:Generated_Source\PSoC4/UART_PM.c **** ****************************************************************************//**
  55:Generated_Source\PSoC4/UART_PM.c **** *
  56:Generated_Source\PSoC4/UART_PM.c **** *  Prepares the UART component to enter Deep Sleep.
  57:Generated_Source\PSoC4/UART_PM.c **** *  The “Enable wakeup from Deep Sleep Mode” selection has an influence on this 
  58:Generated_Source\PSoC4/UART_PM.c **** *  function implementation:
  59:Generated_Source\PSoC4/UART_PM.c **** *  - Checked: configures the component to be wakeup source from Deep Sleep.
  60:Generated_Source\PSoC4/UART_PM.c **** *  - Unchecked: stores the current component state (enabled or disabled) and 
  61:Generated_Source\PSoC4/UART_PM.c **** *    disables the component. See SCB_Stop() function for details about component 
  62:Generated_Source\PSoC4/UART_PM.c **** *    disabling.
  63:Generated_Source\PSoC4/UART_PM.c **** *
  64:Generated_Source\PSoC4/UART_PM.c **** *  Call the UART_Sleep() function before calling the 
  65:Generated_Source\PSoC4/UART_PM.c **** *  CyPmSysDeepSleep() function. 
  66:Generated_Source\PSoC4/UART_PM.c **** *  Refer to the PSoC Creator System Reference Guide for more information about 
  67:Generated_Source\PSoC4/UART_PM.c **** *  power management functions and Low power section of this document for the 
  68:Generated_Source\PSoC4/UART_PM.c **** *  selected mode.
  69:Generated_Source\PSoC4/UART_PM.c **** *
  70:Generated_Source\PSoC4/UART_PM.c **** *  This function should not be called before entering Sleep.
  71:Generated_Source\PSoC4/UART_PM.c **** *
  72:Generated_Source\PSoC4/UART_PM.c **** *******************************************************************************/
  73:Generated_Source\PSoC4/UART_PM.c **** void UART_Sleep(void)
  74:Generated_Source\PSoC4/UART_PM.c **** {
  26              		.loc 1 74 0
  27              		.cfi_startproc
  28 0000 08B5     		push	{r3, lr}
  29              		.cfi_def_cfa_offset 8
  30              		.cfi_offset 3, -8
  31              		.cfi_offset 14, -4
  75:Generated_Source\PSoC4/UART_PM.c **** #if(UART_SCB_MODE_UNCONFIG_CONST_CFG)
  76:Generated_Source\PSoC4/UART_PM.c **** 
  77:Generated_Source\PSoC4/UART_PM.c ****     if(UART_SCB_WAKE_ENABLE_CHECK)
  78:Generated_Source\PSoC4/UART_PM.c ****     {
  79:Generated_Source\PSoC4/UART_PM.c ****         if(UART_SCB_MODE_I2C_RUNTM_CFG)
  80:Generated_Source\PSoC4/UART_PM.c ****         {
  81:Generated_Source\PSoC4/UART_PM.c ****             UART_I2CSaveConfig();
  82:Generated_Source\PSoC4/UART_PM.c ****         }
  83:Generated_Source\PSoC4/UART_PM.c ****         else if(UART_SCB_MODE_EZI2C_RUNTM_CFG)
ARM GAS  C:\Users\g\AppData\Local\Temp\cc7EWnHM.s 			page 3


  84:Generated_Source\PSoC4/UART_PM.c ****         {
  85:Generated_Source\PSoC4/UART_PM.c ****             UART_EzI2CSaveConfig();
  86:Generated_Source\PSoC4/UART_PM.c ****         }
  87:Generated_Source\PSoC4/UART_PM.c ****     #if(!UART_CY_SCBIP_V1)
  88:Generated_Source\PSoC4/UART_PM.c ****         else if(UART_SCB_MODE_SPI_RUNTM_CFG)
  89:Generated_Source\PSoC4/UART_PM.c ****         {
  90:Generated_Source\PSoC4/UART_PM.c ****             UART_SpiSaveConfig();
  91:Generated_Source\PSoC4/UART_PM.c ****         }
  92:Generated_Source\PSoC4/UART_PM.c ****         else if(UART_SCB_MODE_UART_RUNTM_CFG)
  93:Generated_Source\PSoC4/UART_PM.c ****         {
  94:Generated_Source\PSoC4/UART_PM.c ****             UART_UartSaveConfig();
  95:Generated_Source\PSoC4/UART_PM.c ****         }
  96:Generated_Source\PSoC4/UART_PM.c ****     #endif /* (!UART_CY_SCBIP_V1) */
  97:Generated_Source\PSoC4/UART_PM.c ****         else
  98:Generated_Source\PSoC4/UART_PM.c ****         {
  99:Generated_Source\PSoC4/UART_PM.c ****             /* Unknown mode */
 100:Generated_Source\PSoC4/UART_PM.c ****         }
 101:Generated_Source\PSoC4/UART_PM.c ****     }
 102:Generated_Source\PSoC4/UART_PM.c ****     else
 103:Generated_Source\PSoC4/UART_PM.c ****     {
 104:Generated_Source\PSoC4/UART_PM.c ****         UART_backup.enableState = (uint8) UART_GET_CTRL_ENABLED;
 105:Generated_Source\PSoC4/UART_PM.c **** 
 106:Generated_Source\PSoC4/UART_PM.c ****         if(0u != UART_backup.enableState)
 107:Generated_Source\PSoC4/UART_PM.c ****         {
 108:Generated_Source\PSoC4/UART_PM.c ****             UART_Stop();
 109:Generated_Source\PSoC4/UART_PM.c ****         }
 110:Generated_Source\PSoC4/UART_PM.c ****     }
 111:Generated_Source\PSoC4/UART_PM.c **** 
 112:Generated_Source\PSoC4/UART_PM.c **** #else
 113:Generated_Source\PSoC4/UART_PM.c **** 
 114:Generated_Source\PSoC4/UART_PM.c ****     #if (UART_SCB_MODE_I2C_CONST_CFG && UART_I2C_WAKE_ENABLE_CONST)
 115:Generated_Source\PSoC4/UART_PM.c ****         UART_I2CSaveConfig();
 116:Generated_Source\PSoC4/UART_PM.c **** 
 117:Generated_Source\PSoC4/UART_PM.c ****     #elif (UART_SCB_MODE_EZI2C_CONST_CFG && UART_EZI2C_WAKE_ENABLE_CONST)
 118:Generated_Source\PSoC4/UART_PM.c ****         UART_EzI2CSaveConfig();
 119:Generated_Source\PSoC4/UART_PM.c **** 
 120:Generated_Source\PSoC4/UART_PM.c ****     #elif (UART_SCB_MODE_SPI_CONST_CFG && UART_SPI_WAKE_ENABLE_CONST)
 121:Generated_Source\PSoC4/UART_PM.c ****         UART_SpiSaveConfig();
 122:Generated_Source\PSoC4/UART_PM.c **** 
 123:Generated_Source\PSoC4/UART_PM.c ****     #elif (UART_SCB_MODE_UART_CONST_CFG && UART_UART_WAKE_ENABLE_CONST)
 124:Generated_Source\PSoC4/UART_PM.c ****         UART_UartSaveConfig();
 125:Generated_Source\PSoC4/UART_PM.c **** 
 126:Generated_Source\PSoC4/UART_PM.c ****     #else
 127:Generated_Source\PSoC4/UART_PM.c **** 
 128:Generated_Source\PSoC4/UART_PM.c ****         UART_backup.enableState = (uint8) UART_GET_CTRL_ENABLED;
  32              		.loc 1 128 0
  33 0002 044B     		ldr	r3, .L3
  34 0004 1B68     		ldr	r3, [r3]
  35 0006 DB0F     		lsr	r3, r3, #31
  36 0008 034A     		ldr	r2, .L3+4
  37 000a 1370     		strb	r3, [r2]
 129:Generated_Source\PSoC4/UART_PM.c **** 
 130:Generated_Source\PSoC4/UART_PM.c ****         if(0u != UART_backup.enableState)
  38              		.loc 1 130 0
  39 000c 01D0     		beq	.L1
 131:Generated_Source\PSoC4/UART_PM.c ****         {
 132:Generated_Source\PSoC4/UART_PM.c ****             UART_Stop();
ARM GAS  C:\Users\g\AppData\Local\Temp\cc7EWnHM.s 			page 4


  40              		.loc 1 132 0
  41 000e FFF7FEFF 		bl	UART_Stop
  42              	.LVL0:
  43              	.L1:
 133:Generated_Source\PSoC4/UART_PM.c ****         }
 134:Generated_Source\PSoC4/UART_PM.c **** 
 135:Generated_Source\PSoC4/UART_PM.c ****     #endif /* defined (UART_SCB_MODE_I2C_CONST_CFG) && (UART_I2C_WAKE_ENABLE_CONST) */
 136:Generated_Source\PSoC4/UART_PM.c **** 
 137:Generated_Source\PSoC4/UART_PM.c **** #endif /* (UART_SCB_MODE_UNCONFIG_CONST_CFG) */
 138:Generated_Source\PSoC4/UART_PM.c **** }
  44              		.loc 1 138 0
  45              		@ sp needed
  46 0012 08BD     		pop	{r3, pc}
  47              	.L4:
  48              		.align	2
  49              	.L3:
  50 0014 00000740 		.word	1074200576
  51 0018 00000000 		.word	.LANCHOR0
  52              		.cfi_endproc
  53              	.LFE0:
  54              		.size	UART_Sleep, .-UART_Sleep
  55              		.section	.text.UART_Wakeup,"ax",%progbits
  56              		.align	2
  57              		.global	UART_Wakeup
  58              		.code	16
  59              		.thumb_func
  60              		.type	UART_Wakeup, %function
  61              	UART_Wakeup:
  62              	.LFB1:
 139:Generated_Source\PSoC4/UART_PM.c **** 
 140:Generated_Source\PSoC4/UART_PM.c **** 
 141:Generated_Source\PSoC4/UART_PM.c **** /*******************************************************************************
 142:Generated_Source\PSoC4/UART_PM.c **** * Function Name: UART_Wakeup
 143:Generated_Source\PSoC4/UART_PM.c **** ****************************************************************************//**
 144:Generated_Source\PSoC4/UART_PM.c **** *
 145:Generated_Source\PSoC4/UART_PM.c **** *  Prepares the UART component for Active mode operation after 
 146:Generated_Source\PSoC4/UART_PM.c **** *  Deep Sleep.
 147:Generated_Source\PSoC4/UART_PM.c **** *  The “Enable wakeup from Deep Sleep Mode” selection has influence on this 
 148:Generated_Source\PSoC4/UART_PM.c **** *  function implementation:
 149:Generated_Source\PSoC4/UART_PM.c **** *  - Checked: restores the component Active mode configuration.
 150:Generated_Source\PSoC4/UART_PM.c **** *  - Unchecked: enables the component if it was enabled before enter Deep Sleep.
 151:Generated_Source\PSoC4/UART_PM.c **** *
 152:Generated_Source\PSoC4/UART_PM.c **** *  This function should not be called after exiting Sleep.
 153:Generated_Source\PSoC4/UART_PM.c **** *
 154:Generated_Source\PSoC4/UART_PM.c **** *  \sideeffect
 155:Generated_Source\PSoC4/UART_PM.c **** *   Calling the UART_Wakeup() function without first calling the 
 156:Generated_Source\PSoC4/UART_PM.c **** *   UART_Sleep() function may produce unexpected behavior.
 157:Generated_Source\PSoC4/UART_PM.c **** *
 158:Generated_Source\PSoC4/UART_PM.c **** *******************************************************************************/
 159:Generated_Source\PSoC4/UART_PM.c **** void UART_Wakeup(void)
 160:Generated_Source\PSoC4/UART_PM.c **** {
  63              		.loc 1 160 0
  64              		.cfi_startproc
  65 0000 08B5     		push	{r3, lr}
  66              		.cfi_def_cfa_offset 8
  67              		.cfi_offset 3, -8
  68              		.cfi_offset 14, -4
ARM GAS  C:\Users\g\AppData\Local\Temp\cc7EWnHM.s 			page 5


 161:Generated_Source\PSoC4/UART_PM.c **** #if(UART_SCB_MODE_UNCONFIG_CONST_CFG)
 162:Generated_Source\PSoC4/UART_PM.c **** 
 163:Generated_Source\PSoC4/UART_PM.c ****     if(UART_SCB_WAKE_ENABLE_CHECK)
 164:Generated_Source\PSoC4/UART_PM.c ****     {
 165:Generated_Source\PSoC4/UART_PM.c ****         if(UART_SCB_MODE_I2C_RUNTM_CFG)
 166:Generated_Source\PSoC4/UART_PM.c ****         {
 167:Generated_Source\PSoC4/UART_PM.c ****             UART_I2CRestoreConfig();
 168:Generated_Source\PSoC4/UART_PM.c ****         }
 169:Generated_Source\PSoC4/UART_PM.c ****         else if(UART_SCB_MODE_EZI2C_RUNTM_CFG)
 170:Generated_Source\PSoC4/UART_PM.c ****         {
 171:Generated_Source\PSoC4/UART_PM.c ****             UART_EzI2CRestoreConfig();
 172:Generated_Source\PSoC4/UART_PM.c ****         }
 173:Generated_Source\PSoC4/UART_PM.c ****     #if(!UART_CY_SCBIP_V1)
 174:Generated_Source\PSoC4/UART_PM.c ****         else if(UART_SCB_MODE_SPI_RUNTM_CFG)
 175:Generated_Source\PSoC4/UART_PM.c ****         {
 176:Generated_Source\PSoC4/UART_PM.c ****             UART_SpiRestoreConfig();
 177:Generated_Source\PSoC4/UART_PM.c ****         }
 178:Generated_Source\PSoC4/UART_PM.c ****         else if(UART_SCB_MODE_UART_RUNTM_CFG)
 179:Generated_Source\PSoC4/UART_PM.c ****         {
 180:Generated_Source\PSoC4/UART_PM.c ****             UART_UartRestoreConfig();
 181:Generated_Source\PSoC4/UART_PM.c ****         }
 182:Generated_Source\PSoC4/UART_PM.c ****     #endif /* (!UART_CY_SCBIP_V1) */
 183:Generated_Source\PSoC4/UART_PM.c ****         else
 184:Generated_Source\PSoC4/UART_PM.c ****         {
 185:Generated_Source\PSoC4/UART_PM.c ****             /* Unknown mode */
 186:Generated_Source\PSoC4/UART_PM.c ****         }
 187:Generated_Source\PSoC4/UART_PM.c ****     }
 188:Generated_Source\PSoC4/UART_PM.c ****     else
 189:Generated_Source\PSoC4/UART_PM.c ****     {
 190:Generated_Source\PSoC4/UART_PM.c ****         if(0u != UART_backup.enableState)
 191:Generated_Source\PSoC4/UART_PM.c ****         {
 192:Generated_Source\PSoC4/UART_PM.c ****             UART_Enable();
 193:Generated_Source\PSoC4/UART_PM.c ****         }
 194:Generated_Source\PSoC4/UART_PM.c ****     }
 195:Generated_Source\PSoC4/UART_PM.c **** 
 196:Generated_Source\PSoC4/UART_PM.c **** #else
 197:Generated_Source\PSoC4/UART_PM.c **** 
 198:Generated_Source\PSoC4/UART_PM.c ****     #if (UART_SCB_MODE_I2C_CONST_CFG  && UART_I2C_WAKE_ENABLE_CONST)
 199:Generated_Source\PSoC4/UART_PM.c ****         UART_I2CRestoreConfig();
 200:Generated_Source\PSoC4/UART_PM.c **** 
 201:Generated_Source\PSoC4/UART_PM.c ****     #elif (UART_SCB_MODE_EZI2C_CONST_CFG && UART_EZI2C_WAKE_ENABLE_CONST)
 202:Generated_Source\PSoC4/UART_PM.c ****         UART_EzI2CRestoreConfig();
 203:Generated_Source\PSoC4/UART_PM.c **** 
 204:Generated_Source\PSoC4/UART_PM.c ****     #elif (UART_SCB_MODE_SPI_CONST_CFG && UART_SPI_WAKE_ENABLE_CONST)
 205:Generated_Source\PSoC4/UART_PM.c ****         UART_SpiRestoreConfig();
 206:Generated_Source\PSoC4/UART_PM.c **** 
 207:Generated_Source\PSoC4/UART_PM.c ****     #elif (UART_SCB_MODE_UART_CONST_CFG && UART_UART_WAKE_ENABLE_CONST)
 208:Generated_Source\PSoC4/UART_PM.c ****         UART_UartRestoreConfig();
 209:Generated_Source\PSoC4/UART_PM.c **** 
 210:Generated_Source\PSoC4/UART_PM.c ****     #else
 211:Generated_Source\PSoC4/UART_PM.c **** 
 212:Generated_Source\PSoC4/UART_PM.c ****         if(0u != UART_backup.enableState)
  69              		.loc 1 212 0
  70 0002 034B     		ldr	r3, .L7
  71 0004 1B78     		ldrb	r3, [r3]
  72 0006 002B     		cmp	r3, #0
  73 0008 01D0     		beq	.L5
ARM GAS  C:\Users\g\AppData\Local\Temp\cc7EWnHM.s 			page 6


 213:Generated_Source\PSoC4/UART_PM.c ****         {
 214:Generated_Source\PSoC4/UART_PM.c ****             UART_Enable();
  74              		.loc 1 214 0
  75 000a FFF7FEFF 		bl	UART_Enable
  76              	.LVL1:
  77              	.L5:
 215:Generated_Source\PSoC4/UART_PM.c ****         }
 216:Generated_Source\PSoC4/UART_PM.c **** 
 217:Generated_Source\PSoC4/UART_PM.c ****     #endif /* (UART_I2C_WAKE_ENABLE_CONST) */
 218:Generated_Source\PSoC4/UART_PM.c **** 
 219:Generated_Source\PSoC4/UART_PM.c **** #endif /* (UART_SCB_MODE_UNCONFIG_CONST_CFG) */
 220:Generated_Source\PSoC4/UART_PM.c **** }
  78              		.loc 1 220 0
  79              		@ sp needed
  80 000e 08BD     		pop	{r3, pc}
  81              	.L8:
  82              		.align	2
  83              	.L7:
  84 0010 00000000 		.word	.LANCHOR0
  85              		.cfi_endproc
  86              	.LFE1:
  87              		.size	UART_Wakeup, .-UART_Wakeup
  88              		.global	UART_backup
  89              		.bss
  90              		.align	2
  91              		.set	.LANCHOR0,. + 0
  92              		.type	UART_backup, %object
  93              		.size	UART_backup, 1
  94              	UART_backup:
  95 0000 00       		.space	1
  96 0001 000000   		.text
  97              	.Letext0:
  98              		.file 2 "Generated_Source\\PSoC4/cytypes.h"
  99              		.file 3 "Generated_Source\\PSoC4\\UART.h"
 100              		.section	.debug_info,"",%progbits
 101              	.Ldebug_info0:
 102 0000 2A010000 		.4byte	0x12a
 103 0004 0400     		.2byte	0x4
 104 0006 00000000 		.4byte	.Ldebug_abbrev0
 105 000a 04       		.byte	0x4
 106 000b 01       		.uleb128 0x1
 107 000c 51010000 		.4byte	.LASF21
 108 0010 01       		.byte	0x1
 109 0011 9D000000 		.4byte	.LASF22
 110 0015 12010000 		.4byte	.LASF23
 111 0019 00000000 		.4byte	.Ldebug_ranges0+0
 112 001d 00000000 		.4byte	0
 113 0021 00000000 		.4byte	.Ldebug_line0
 114 0025 02       		.uleb128 0x2
 115 0026 01       		.byte	0x1
 116 0027 06       		.byte	0x6
 117 0028 06010000 		.4byte	.LASF0
 118 002c 02       		.uleb128 0x2
 119 002d 01       		.byte	0x1
 120 002e 08       		.byte	0x8
 121 002f 8A000000 		.4byte	.LASF1
 122 0033 02       		.uleb128 0x2
ARM GAS  C:\Users\g\AppData\Local\Temp\cc7EWnHM.s 			page 7


 123 0034 02       		.byte	0x2
 124 0035 05       		.byte	0x5
 125 0036 3E010000 		.4byte	.LASF2
 126 003a 02       		.uleb128 0x2
 127 003b 02       		.byte	0x2
 128 003c 07       		.byte	0x7
 129 003d F3000000 		.4byte	.LASF3
 130 0041 02       		.uleb128 0x2
 131 0042 04       		.byte	0x4
 132 0043 05       		.byte	0x5
 133 0044 E4000000 		.4byte	.LASF4
 134 0048 02       		.uleb128 0x2
 135 0049 04       		.byte	0x4
 136 004a 07       		.byte	0x7
 137 004b 49000000 		.4byte	.LASF5
 138 004f 02       		.uleb128 0x2
 139 0050 08       		.byte	0x8
 140 0051 05       		.byte	0x5
 141 0052 00000000 		.4byte	.LASF6
 142 0056 02       		.uleb128 0x2
 143 0057 08       		.byte	0x8
 144 0058 07       		.byte	0x7
 145 0059 5B000000 		.4byte	.LASF7
 146 005d 03       		.uleb128 0x3
 147 005e 04       		.byte	0x4
 148 005f 05       		.byte	0x5
 149 0060 696E7400 		.ascii	"int\000"
 150 0064 02       		.uleb128 0x2
 151 0065 04       		.byte	0x4
 152 0066 07       		.byte	0x7
 153 0067 21000000 		.4byte	.LASF8
 154 006b 04       		.uleb128 0x4
 155 006c 43000000 		.4byte	.LASF9
 156 0070 02       		.byte	0x2
 157 0071 9801     		.2byte	0x198
 158 0073 2C000000 		.4byte	0x2c
 159 0077 04       		.uleb128 0x4
 160 0078 0E000000 		.4byte	.LASF10
 161 007c 02       		.byte	0x2
 162 007d 9A01     		.2byte	0x19a
 163 007f 48000000 		.4byte	0x48
 164 0083 02       		.uleb128 0x2
 165 0084 04       		.byte	0x4
 166 0085 04       		.byte	0x4
 167 0086 38010000 		.4byte	.LASF11
 168 008a 02       		.uleb128 0x2
 169 008b 08       		.byte	0x8
 170 008c 04       		.byte	0x4
 171 008d DD000000 		.4byte	.LASF12
 172 0091 02       		.uleb128 0x2
 173 0092 01       		.byte	0x1
 174 0093 08       		.byte	0x8
 175 0094 98000000 		.4byte	.LASF13
 176 0098 04       		.uleb128 0x4
 177 0099 ED000000 		.4byte	.LASF14
 178 009d 02       		.byte	0x2
 179 009e 4402     		.2byte	0x244
ARM GAS  C:\Users\g\AppData\Local\Temp\cc7EWnHM.s 			page 8


 180 00a0 A4000000 		.4byte	0xa4
 181 00a4 05       		.uleb128 0x5
 182 00a5 77000000 		.4byte	0x77
 183 00a9 02       		.uleb128 0x2
 184 00aa 04       		.byte	0x4
 185 00ab 07       		.byte	0x7
 186 00ac 48010000 		.4byte	.LASF15
 187 00b0 06       		.uleb128 0x6
 188 00b1 01       		.byte	0x1
 189 00b2 03       		.byte	0x3
 190 00b3 5C       		.byte	0x5c
 191 00b4 C5000000 		.4byte	0xc5
 192 00b8 07       		.uleb128 0x7
 193 00b9 D1000000 		.4byte	.LASF24
 194 00bd 03       		.byte	0x3
 195 00be 5E       		.byte	0x5e
 196 00bf 6B000000 		.4byte	0x6b
 197 00c3 00       		.byte	0
 198 00c4 00       		.byte	0
 199 00c5 08       		.uleb128 0x8
 200 00c6 BE000000 		.4byte	.LASF16
 201 00ca 03       		.byte	0x3
 202 00cb 5F       		.byte	0x5f
 203 00cc B0000000 		.4byte	0xb0
 204 00d0 09       		.uleb128 0x9
 205 00d1 38000000 		.4byte	.LASF17
 206 00d5 01       		.byte	0x1
 207 00d6 49       		.byte	0x49
 208 00d7 00000000 		.4byte	.LFB0
 209 00db 1C000000 		.4byte	.LFE0-.LFB0
 210 00df 01       		.uleb128 0x1
 211 00e0 9C       		.byte	0x9c
 212 00e1 EF000000 		.4byte	0xef
 213 00e5 0A       		.uleb128 0xa
 214 00e6 12000000 		.4byte	.LVL0
 215 00ea 1F010000 		.4byte	0x11f
 216 00ee 00       		.byte	0
 217 00ef 09       		.uleb128 0x9
 218 00f0 72000000 		.4byte	.LASF18
 219 00f4 01       		.byte	0x1
 220 00f5 9F       		.byte	0x9f
 221 00f6 00000000 		.4byte	.LFB1
 222 00fa 14000000 		.4byte	.LFE1-.LFB1
 223 00fe 01       		.uleb128 0x1
 224 00ff 9C       		.byte	0x9c
 225 0100 0E010000 		.4byte	0x10e
 226 0104 0A       		.uleb128 0xa
 227 0105 0E000000 		.4byte	.LVL1
 228 0109 26010000 		.4byte	0x126
 229 010d 00       		.byte	0
 230 010e 0B       		.uleb128 0xb
 231 010f 15000000 		.4byte	.LASF25
 232 0113 01       		.byte	0x1
 233 0114 2D       		.byte	0x2d
 234 0115 C5000000 		.4byte	0xc5
 235 0119 05       		.uleb128 0x5
 236 011a 03       		.byte	0x3
ARM GAS  C:\Users\g\AppData\Local\Temp\cc7EWnHM.s 			page 9


 237 011b 00000000 		.4byte	UART_backup
 238 011f 0C       		.uleb128 0xc
 239 0120 2E000000 		.4byte	.LASF19
 240 0124 03       		.byte	0x3
 241 0125 6F       		.byte	0x6f
 242 0126 0C       		.uleb128 0xc
 243 0127 7E000000 		.4byte	.LASF20
 244 012b 03       		.byte	0x3
 245 012c 6D       		.byte	0x6d
 246 012d 00       		.byte	0
 247              		.section	.debug_abbrev,"",%progbits
 248              	.Ldebug_abbrev0:
 249 0000 01       		.uleb128 0x1
 250 0001 11       		.uleb128 0x11
 251 0002 01       		.byte	0x1
 252 0003 25       		.uleb128 0x25
 253 0004 0E       		.uleb128 0xe
 254 0005 13       		.uleb128 0x13
 255 0006 0B       		.uleb128 0xb
 256 0007 03       		.uleb128 0x3
 257 0008 0E       		.uleb128 0xe
 258 0009 1B       		.uleb128 0x1b
 259 000a 0E       		.uleb128 0xe
 260 000b 55       		.uleb128 0x55
 261 000c 17       		.uleb128 0x17
 262 000d 11       		.uleb128 0x11
 263 000e 01       		.uleb128 0x1
 264 000f 10       		.uleb128 0x10
 265 0010 17       		.uleb128 0x17
 266 0011 00       		.byte	0
 267 0012 00       		.byte	0
 268 0013 02       		.uleb128 0x2
 269 0014 24       		.uleb128 0x24
 270 0015 00       		.byte	0
 271 0016 0B       		.uleb128 0xb
 272 0017 0B       		.uleb128 0xb
 273 0018 3E       		.uleb128 0x3e
 274 0019 0B       		.uleb128 0xb
 275 001a 03       		.uleb128 0x3
 276 001b 0E       		.uleb128 0xe
 277 001c 00       		.byte	0
 278 001d 00       		.byte	0
 279 001e 03       		.uleb128 0x3
 280 001f 24       		.uleb128 0x24
 281 0020 00       		.byte	0
 282 0021 0B       		.uleb128 0xb
 283 0022 0B       		.uleb128 0xb
 284 0023 3E       		.uleb128 0x3e
 285 0024 0B       		.uleb128 0xb
 286 0025 03       		.uleb128 0x3
 287 0026 08       		.uleb128 0x8
 288 0027 00       		.byte	0
 289 0028 00       		.byte	0
 290 0029 04       		.uleb128 0x4
 291 002a 16       		.uleb128 0x16
 292 002b 00       		.byte	0
 293 002c 03       		.uleb128 0x3
ARM GAS  C:\Users\g\AppData\Local\Temp\cc7EWnHM.s 			page 10


 294 002d 0E       		.uleb128 0xe
 295 002e 3A       		.uleb128 0x3a
 296 002f 0B       		.uleb128 0xb
 297 0030 3B       		.uleb128 0x3b
 298 0031 05       		.uleb128 0x5
 299 0032 49       		.uleb128 0x49
 300 0033 13       		.uleb128 0x13
 301 0034 00       		.byte	0
 302 0035 00       		.byte	0
 303 0036 05       		.uleb128 0x5
 304 0037 35       		.uleb128 0x35
 305 0038 00       		.byte	0
 306 0039 49       		.uleb128 0x49
 307 003a 13       		.uleb128 0x13
 308 003b 00       		.byte	0
 309 003c 00       		.byte	0
 310 003d 06       		.uleb128 0x6
 311 003e 13       		.uleb128 0x13
 312 003f 01       		.byte	0x1
 313 0040 0B       		.uleb128 0xb
 314 0041 0B       		.uleb128 0xb
 315 0042 3A       		.uleb128 0x3a
 316 0043 0B       		.uleb128 0xb
 317 0044 3B       		.uleb128 0x3b
 318 0045 0B       		.uleb128 0xb
 319 0046 01       		.uleb128 0x1
 320 0047 13       		.uleb128 0x13
 321 0048 00       		.byte	0
 322 0049 00       		.byte	0
 323 004a 07       		.uleb128 0x7
 324 004b 0D       		.uleb128 0xd
 325 004c 00       		.byte	0
 326 004d 03       		.uleb128 0x3
 327 004e 0E       		.uleb128 0xe
 328 004f 3A       		.uleb128 0x3a
 329 0050 0B       		.uleb128 0xb
 330 0051 3B       		.uleb128 0x3b
 331 0052 0B       		.uleb128 0xb
 332 0053 49       		.uleb128 0x49
 333 0054 13       		.uleb128 0x13
 334 0055 38       		.uleb128 0x38
 335 0056 0B       		.uleb128 0xb
 336 0057 00       		.byte	0
 337 0058 00       		.byte	0
 338 0059 08       		.uleb128 0x8
 339 005a 16       		.uleb128 0x16
 340 005b 00       		.byte	0
 341 005c 03       		.uleb128 0x3
 342 005d 0E       		.uleb128 0xe
 343 005e 3A       		.uleb128 0x3a
 344 005f 0B       		.uleb128 0xb
 345 0060 3B       		.uleb128 0x3b
 346 0061 0B       		.uleb128 0xb
 347 0062 49       		.uleb128 0x49
 348 0063 13       		.uleb128 0x13
 349 0064 00       		.byte	0
 350 0065 00       		.byte	0
ARM GAS  C:\Users\g\AppData\Local\Temp\cc7EWnHM.s 			page 11


 351 0066 09       		.uleb128 0x9
 352 0067 2E       		.uleb128 0x2e
 353 0068 01       		.byte	0x1
 354 0069 3F       		.uleb128 0x3f
 355 006a 19       		.uleb128 0x19
 356 006b 03       		.uleb128 0x3
 357 006c 0E       		.uleb128 0xe
 358 006d 3A       		.uleb128 0x3a
 359 006e 0B       		.uleb128 0xb
 360 006f 3B       		.uleb128 0x3b
 361 0070 0B       		.uleb128 0xb
 362 0071 27       		.uleb128 0x27
 363 0072 19       		.uleb128 0x19
 364 0073 11       		.uleb128 0x11
 365 0074 01       		.uleb128 0x1
 366 0075 12       		.uleb128 0x12
 367 0076 06       		.uleb128 0x6
 368 0077 40       		.uleb128 0x40
 369 0078 18       		.uleb128 0x18
 370 0079 9742     		.uleb128 0x2117
 371 007b 19       		.uleb128 0x19
 372 007c 01       		.uleb128 0x1
 373 007d 13       		.uleb128 0x13
 374 007e 00       		.byte	0
 375 007f 00       		.byte	0
 376 0080 0A       		.uleb128 0xa
 377 0081 898201   		.uleb128 0x4109
 378 0084 00       		.byte	0
 379 0085 11       		.uleb128 0x11
 380 0086 01       		.uleb128 0x1
 381 0087 31       		.uleb128 0x31
 382 0088 13       		.uleb128 0x13
 383 0089 00       		.byte	0
 384 008a 00       		.byte	0
 385 008b 0B       		.uleb128 0xb
 386 008c 34       		.uleb128 0x34
 387 008d 00       		.byte	0
 388 008e 03       		.uleb128 0x3
 389 008f 0E       		.uleb128 0xe
 390 0090 3A       		.uleb128 0x3a
 391 0091 0B       		.uleb128 0xb
 392 0092 3B       		.uleb128 0x3b
 393 0093 0B       		.uleb128 0xb
 394 0094 49       		.uleb128 0x49
 395 0095 13       		.uleb128 0x13
 396 0096 3F       		.uleb128 0x3f
 397 0097 19       		.uleb128 0x19
 398 0098 02       		.uleb128 0x2
 399 0099 18       		.uleb128 0x18
 400 009a 00       		.byte	0
 401 009b 00       		.byte	0
 402 009c 0C       		.uleb128 0xc
 403 009d 2E       		.uleb128 0x2e
 404 009e 00       		.byte	0
 405 009f 3F       		.uleb128 0x3f
 406 00a0 19       		.uleb128 0x19
 407 00a1 03       		.uleb128 0x3
ARM GAS  C:\Users\g\AppData\Local\Temp\cc7EWnHM.s 			page 12


 408 00a2 0E       		.uleb128 0xe
 409 00a3 3A       		.uleb128 0x3a
 410 00a4 0B       		.uleb128 0xb
 411 00a5 3B       		.uleb128 0x3b
 412 00a6 0B       		.uleb128 0xb
 413 00a7 27       		.uleb128 0x27
 414 00a8 19       		.uleb128 0x19
 415 00a9 3C       		.uleb128 0x3c
 416 00aa 19       		.uleb128 0x19
 417 00ab 00       		.byte	0
 418 00ac 00       		.byte	0
 419 00ad 00       		.byte	0
 420              		.section	.debug_aranges,"",%progbits
 421 0000 24000000 		.4byte	0x24
 422 0004 0200     		.2byte	0x2
 423 0006 00000000 		.4byte	.Ldebug_info0
 424 000a 04       		.byte	0x4
 425 000b 00       		.byte	0
 426 000c 0000     		.2byte	0
 427 000e 0000     		.2byte	0
 428 0010 00000000 		.4byte	.LFB0
 429 0014 1C000000 		.4byte	.LFE0-.LFB0
 430 0018 00000000 		.4byte	.LFB1
 431 001c 14000000 		.4byte	.LFE1-.LFB1
 432 0020 00000000 		.4byte	0
 433 0024 00000000 		.4byte	0
 434              		.section	.debug_ranges,"",%progbits
 435              	.Ldebug_ranges0:
 436 0000 00000000 		.4byte	.LFB0
 437 0004 1C000000 		.4byte	.LFE0
 438 0008 00000000 		.4byte	.LFB1
 439 000c 14000000 		.4byte	.LFE1
 440 0010 00000000 		.4byte	0
 441 0014 00000000 		.4byte	0
 442              		.section	.debug_line,"",%progbits
 443              	.Ldebug_line0:
 444 0000 7F000000 		.section	.debug_str,"MS",%progbits,1
 444      02004E00 
 444      00000201 
 444      FB0E0D00 
 444      01010101 
 445              	.LASF6:
 446 0000 6C6F6E67 		.ascii	"long long int\000"
 446      206C6F6E 
 446      6720696E 
 446      7400
 447              	.LASF10:
 448 000e 75696E74 		.ascii	"uint32\000"
 448      333200
 449              	.LASF25:
 450 0015 55415254 		.ascii	"UART_backup\000"
 450      5F626163 
 450      6B757000 
 451              	.LASF8:
 452 0021 756E7369 		.ascii	"unsigned int\000"
 452      676E6564 
 452      20696E74 
ARM GAS  C:\Users\g\AppData\Local\Temp\cc7EWnHM.s 			page 13


 452      00
 453              	.LASF19:
 454 002e 55415254 		.ascii	"UART_Stop\000"
 454      5F53746F 
 454      7000
 455              	.LASF17:
 456 0038 55415254 		.ascii	"UART_Sleep\000"
 456      5F536C65 
 456      657000
 457              	.LASF9:
 458 0043 75696E74 		.ascii	"uint8\000"
 458      3800
 459              	.LASF5:
 460 0049 6C6F6E67 		.ascii	"long unsigned int\000"
 460      20756E73 
 460      69676E65 
 460      6420696E 
 460      7400
 461              	.LASF7:
 462 005b 6C6F6E67 		.ascii	"long long unsigned int\000"
 462      206C6F6E 
 462      6720756E 
 462      7369676E 
 462      65642069 
 463              	.LASF18:
 464 0072 55415254 		.ascii	"UART_Wakeup\000"
 464      5F57616B 
 464      65757000 
 465              	.LASF20:
 466 007e 55415254 		.ascii	"UART_Enable\000"
 466      5F456E61 
 466      626C6500 
 467              	.LASF1:
 468 008a 756E7369 		.ascii	"unsigned char\000"
 468      676E6564 
 468      20636861 
 468      7200
 469              	.LASF13:
 470 0098 63686172 		.ascii	"char\000"
 470      00
 471              	.LASF22:
 472 009d 47656E65 		.ascii	"Generated_Source\\PSoC4\\UART_PM.c\000"
 472      72617465 
 472      645F536F 
 472      75726365 
 472      5C50536F 
 473              	.LASF16:
 474 00be 55415254 		.ascii	"UART_BACKUP_STRUCT\000"
 474      5F424143 
 474      4B55505F 
 474      53545255 
 474      435400
 475              	.LASF24:
 476 00d1 656E6162 		.ascii	"enableState\000"
 476      6C655374 
 476      61746500 
 477              	.LASF12:
ARM GAS  C:\Users\g\AppData\Local\Temp\cc7EWnHM.s 			page 14


 478 00dd 646F7562 		.ascii	"double\000"
 478      6C6500
 479              	.LASF4:
 480 00e4 6C6F6E67 		.ascii	"long int\000"
 480      20696E74 
 480      00
 481              	.LASF14:
 482 00ed 72656733 		.ascii	"reg32\000"
 482      3200
 483              	.LASF3:
 484 00f3 73686F72 		.ascii	"short unsigned int\000"
 484      7420756E 
 484      7369676E 
 484      65642069 
 484      6E7400
 485              	.LASF0:
 486 0106 7369676E 		.ascii	"signed char\000"
 486      65642063 
 486      68617200 
 487              	.LASF23:
 488 0112 443A5C63 		.ascii	"D:\\code\\cypress\\Tarocco\\Tarocco.cydsn\000"
 488      6F64655C 
 488      63797072 
 488      6573735C 
 488      5461726F 
 489              	.LASF11:
 490 0138 666C6F61 		.ascii	"float\000"
 490      7400
 491              	.LASF2:
 492 013e 73686F72 		.ascii	"short int\000"
 492      7420696E 
 492      7400
 493              	.LASF15:
 494 0148 73697A65 		.ascii	"sizetype\000"
 494      74797065 
 494      00
 495              	.LASF21:
 496 0151 474E5520 		.ascii	"GNU C 4.9.3 20150303 (release) [ARM/embedded-4_9-br"
 496      4320342E 
 496      392E3320 
 496      32303135 
 496      30333033 
 497 0184 616E6368 		.ascii	"anch revision 221220] -mcpu=cortex-m0 -mthumb -g -O"
 497      20726576 
 497      6973696F 
 497      6E203232 
 497      31323230 
 498 01b7 67202D73 		.ascii	"g -std=gnu99 -ffunction-sections -ffat-lto-objects\000"
 498      74643D67 
 498      6E753939 
 498      202D6666 
 498      756E6374 
 499              		.ident	"GCC: (GNU Tools for ARM Embedded Processors) 4.9.3 20150303 (release) [ARM/embedded-4_9-br
