ARM GAS  C:\Users\g\AppData\Local\Temp\ccbZpV42.s 			page 1


   1              		.cpu cortex-m0
   2              		.fpu softvfp
   3              		.eabi_attribute 20, 1
   4              		.eabi_attribute 21, 1
   5              		.eabi_attribute 23, 3
   6              		.eabi_attribute 24, 1
   7              		.eabi_attribute 25, 1
   8              		.eabi_attribute 26, 1
   9              		.eabi_attribute 30, 2
  10              		.eabi_attribute 34, 0
  11              		.eabi_attribute 18, 4
  12              		.code	16
  13              		.file	"ADC_PM.c"
  14              		.text
  15              	.Ltext0:
  16              		.cfi_sections	.debug_frame
  17              		.section	.text.ADC_SaveConfig,"ax",%progbits
  18              		.align	2
  19              		.global	ADC_SaveConfig
  20              		.code	16
  21              		.thumb_func
  22              		.type	ADC_SaveConfig, %function
  23              	ADC_SaveConfig:
  24              	.LFB0:
  25              		.file 1 ".\\Generated_Source\\PSoC4\\ADC_PM.c"
   1:.\Generated_Source\PSoC4/ADC_PM.c **** /*******************************************************************************
   2:.\Generated_Source\PSoC4/ADC_PM.c **** * File Name: ADC_PM.c
   3:.\Generated_Source\PSoC4/ADC_PM.c **** * Version 2.40
   4:.\Generated_Source\PSoC4/ADC_PM.c **** *
   5:.\Generated_Source\PSoC4/ADC_PM.c **** * Description:
   6:.\Generated_Source\PSoC4/ADC_PM.c **** *  This file provides Sleep/WakeUp APIs functionality.
   7:.\Generated_Source\PSoC4/ADC_PM.c **** *
   8:.\Generated_Source\PSoC4/ADC_PM.c **** * Note:
   9:.\Generated_Source\PSoC4/ADC_PM.c **** *
  10:.\Generated_Source\PSoC4/ADC_PM.c **** ********************************************************************************
  11:.\Generated_Source\PSoC4/ADC_PM.c **** * Copyright 2008-2015, Cypress Semiconductor Corporation.  All rights reserved.
  12:.\Generated_Source\PSoC4/ADC_PM.c **** * You may use this file only in accordance with the license, terms, conditions,
  13:.\Generated_Source\PSoC4/ADC_PM.c **** * disclaimers, and limitations in the end user license agreement accompanying
  14:.\Generated_Source\PSoC4/ADC_PM.c **** * the software package with which this file was provided.
  15:.\Generated_Source\PSoC4/ADC_PM.c **** *******************************************************************************/
  16:.\Generated_Source\PSoC4/ADC_PM.c **** 
  17:.\Generated_Source\PSoC4/ADC_PM.c **** #include "ADC.h"
  18:.\Generated_Source\PSoC4/ADC_PM.c **** 
  19:.\Generated_Source\PSoC4/ADC_PM.c **** 
  20:.\Generated_Source\PSoC4/ADC_PM.c **** /***************************************
  21:.\Generated_Source\PSoC4/ADC_PM.c **** * Local data allocation
  22:.\Generated_Source\PSoC4/ADC_PM.c **** ***************************************/
  23:.\Generated_Source\PSoC4/ADC_PM.c **** 
  24:.\Generated_Source\PSoC4/ADC_PM.c **** static ADC_BACKUP_STRUCT  ADC_backup =
  25:.\Generated_Source\PSoC4/ADC_PM.c **** {
  26:.\Generated_Source\PSoC4/ADC_PM.c ****     ADC_DISABLED
  27:.\Generated_Source\PSoC4/ADC_PM.c **** };
  28:.\Generated_Source\PSoC4/ADC_PM.c **** 
  29:.\Generated_Source\PSoC4/ADC_PM.c **** 
  30:.\Generated_Source\PSoC4/ADC_PM.c **** /*******************************************************************************
  31:.\Generated_Source\PSoC4/ADC_PM.c **** * Function Name: ADC_SaveConfig
  32:.\Generated_Source\PSoC4/ADC_PM.c **** ********************************************************************************
ARM GAS  C:\Users\g\AppData\Local\Temp\ccbZpV42.s 			page 2


  33:.\Generated_Source\PSoC4/ADC_PM.c **** *
  34:.\Generated_Source\PSoC4/ADC_PM.c **** * Summary:
  35:.\Generated_Source\PSoC4/ADC_PM.c **** *  Saves the current user configuration.
  36:.\Generated_Source\PSoC4/ADC_PM.c **** *
  37:.\Generated_Source\PSoC4/ADC_PM.c **** * Parameters:
  38:.\Generated_Source\PSoC4/ADC_PM.c **** *  None.
  39:.\Generated_Source\PSoC4/ADC_PM.c **** *
  40:.\Generated_Source\PSoC4/ADC_PM.c **** * Return:
  41:.\Generated_Source\PSoC4/ADC_PM.c **** *  None.
  42:.\Generated_Source\PSoC4/ADC_PM.c **** *
  43:.\Generated_Source\PSoC4/ADC_PM.c **** *******************************************************************************/
  44:.\Generated_Source\PSoC4/ADC_PM.c **** void ADC_SaveConfig(void)
  45:.\Generated_Source\PSoC4/ADC_PM.c **** {
  26              		.loc 1 45 0
  27              		.cfi_startproc
  46:.\Generated_Source\PSoC4/ADC_PM.c ****     /* All configuration registers are marked as [reset_all_retention] */
  47:.\Generated_Source\PSoC4/ADC_PM.c **** }
  28              		.loc 1 47 0
  29              		@ sp needed
  30 0000 7047     		bx	lr
  31              		.cfi_endproc
  32              	.LFE0:
  33              		.size	ADC_SaveConfig, .-ADC_SaveConfig
  34 0002 C046     		.section	.text.ADC_RestoreConfig,"ax",%progbits
  35              		.align	2
  36              		.global	ADC_RestoreConfig
  37              		.code	16
  38              		.thumb_func
  39              		.type	ADC_RestoreConfig, %function
  40              	ADC_RestoreConfig:
  41              	.LFB1:
  48:.\Generated_Source\PSoC4/ADC_PM.c **** 
  49:.\Generated_Source\PSoC4/ADC_PM.c **** 
  50:.\Generated_Source\PSoC4/ADC_PM.c **** /*******************************************************************************
  51:.\Generated_Source\PSoC4/ADC_PM.c **** * Function Name: ADC_RestoreConfig
  52:.\Generated_Source\PSoC4/ADC_PM.c **** ********************************************************************************
  53:.\Generated_Source\PSoC4/ADC_PM.c **** *
  54:.\Generated_Source\PSoC4/ADC_PM.c **** * Summary:
  55:.\Generated_Source\PSoC4/ADC_PM.c **** *  Restores the current user configuration.
  56:.\Generated_Source\PSoC4/ADC_PM.c **** *
  57:.\Generated_Source\PSoC4/ADC_PM.c **** * Parameters:
  58:.\Generated_Source\PSoC4/ADC_PM.c **** *  None.
  59:.\Generated_Source\PSoC4/ADC_PM.c **** *
  60:.\Generated_Source\PSoC4/ADC_PM.c **** * Return:
  61:.\Generated_Source\PSoC4/ADC_PM.c **** *  None.
  62:.\Generated_Source\PSoC4/ADC_PM.c **** *
  63:.\Generated_Source\PSoC4/ADC_PM.c **** *******************************************************************************/
  64:.\Generated_Source\PSoC4/ADC_PM.c **** void ADC_RestoreConfig(void)
  65:.\Generated_Source\PSoC4/ADC_PM.c **** {
  42              		.loc 1 65 0
  43              		.cfi_startproc
  66:.\Generated_Source\PSoC4/ADC_PM.c ****     /* All congiguration registers are marked as [reset_all_retention] */
  67:.\Generated_Source\PSoC4/ADC_PM.c **** }
  44              		.loc 1 67 0
  45              		@ sp needed
  46 0000 7047     		bx	lr
  47              		.cfi_endproc
ARM GAS  C:\Users\g\AppData\Local\Temp\ccbZpV42.s 			page 3


  48              	.LFE1:
  49              		.size	ADC_RestoreConfig, .-ADC_RestoreConfig
  50 0002 C046     		.section	.text.ADC_Sleep,"ax",%progbits
  51              		.align	2
  52              		.global	ADC_Sleep
  53              		.code	16
  54              		.thumb_func
  55              		.type	ADC_Sleep, %function
  56              	ADC_Sleep:
  57              	.LFB2:
  68:.\Generated_Source\PSoC4/ADC_PM.c **** 
  69:.\Generated_Source\PSoC4/ADC_PM.c **** 
  70:.\Generated_Source\PSoC4/ADC_PM.c **** /*******************************************************************************
  71:.\Generated_Source\PSoC4/ADC_PM.c **** * Function Name: ADC_Sleep
  72:.\Generated_Source\PSoC4/ADC_PM.c **** ********************************************************************************
  73:.\Generated_Source\PSoC4/ADC_PM.c **** *
  74:.\Generated_Source\PSoC4/ADC_PM.c **** * Summary:
  75:.\Generated_Source\PSoC4/ADC_PM.c **** *  Stops the ADC operation and saves the configuration registers and component
  76:.\Generated_Source\PSoC4/ADC_PM.c **** *  enable state. Should be called just prior to entering sleep.
  77:.\Generated_Source\PSoC4/ADC_PM.c **** *
  78:.\Generated_Source\PSoC4/ADC_PM.c **** * Parameters:
  79:.\Generated_Source\PSoC4/ADC_PM.c **** *  None.
  80:.\Generated_Source\PSoC4/ADC_PM.c **** *
  81:.\Generated_Source\PSoC4/ADC_PM.c **** * Return:
  82:.\Generated_Source\PSoC4/ADC_PM.c **** *  None.
  83:.\Generated_Source\PSoC4/ADC_PM.c **** *
  84:.\Generated_Source\PSoC4/ADC_PM.c **** * Global Variables:
  85:.\Generated_Source\PSoC4/ADC_PM.c **** *  ADC_backup - modified.
  86:.\Generated_Source\PSoC4/ADC_PM.c **** *
  87:.\Generated_Source\PSoC4/ADC_PM.c **** *******************************************************************************/
  88:.\Generated_Source\PSoC4/ADC_PM.c **** void ADC_Sleep(void)
  89:.\Generated_Source\PSoC4/ADC_PM.c **** {
  58              		.loc 1 89 0
  59              		.cfi_startproc
  90:.\Generated_Source\PSoC4/ADC_PM.c ****     /* During deepsleep/ hibernate mode keep SARMUX active, i.e. do not open
  91:.\Generated_Source\PSoC4/ADC_PM.c ****     *   all switches (disconnect), to be used for ADFT
  92:.\Generated_Source\PSoC4/ADC_PM.c ****     */
  93:.\Generated_Source\PSoC4/ADC_PM.c ****     ADC_SAR_DFT_CTRL_REG |= ADC_ADFT_OVERRIDE;
  60              		.loc 1 93 0
  61 0000 8021     		mov	r1, #128
  62 0002 144A     		ldr	r2, .L14
  63 0004 0906     		lsl	r1, r1, #24
  64 0006 1368     		ldr	r3, [r2]
  89:.\Generated_Source\PSoC4/ADC_PM.c ****     /* During deepsleep/ hibernate mode keep SARMUX active, i.e. do not open
  65              		.loc 1 89 0
  66 0008 10B5     		push	{r4, lr}
  67              		.cfi_def_cfa_offset 8
  68              		.cfi_offset 4, -8
  69              		.cfi_offset 14, -4
  70              		.loc 1 93 0
  71 000a 0B43     		orr	r3, r1
  72 000c 1360     		str	r3, [r2]
  94:.\Generated_Source\PSoC4/ADC_PM.c ****     if((ADC_SAR_CTRL_REG  & ADC_ENABLE) != 0u)
  73              		.loc 1 94 0
  74 000e 124B     		ldr	r3, .L14+4
  75 0010 1B68     		ldr	r3, [r3]
  76 0012 002B     		cmp	r3, #0
ARM GAS  C:\Users\g\AppData\Local\Temp\ccbZpV42.s 			page 4


  77 0014 03DB     		blt	.L12
  95:.\Generated_Source\PSoC4/ADC_PM.c ****     {
  96:.\Generated_Source\PSoC4/ADC_PM.c ****         if((ADC_SAR_SAMPLE_CTRL_REG & ADC_CONTINUOUS_EN) != 0u)
  97:.\Generated_Source\PSoC4/ADC_PM.c ****         {
  98:.\Generated_Source\PSoC4/ADC_PM.c ****             ADC_backup.enableState = ADC_ENABLED | ADC_STARTED;
  99:.\Generated_Source\PSoC4/ADC_PM.c ****         }
 100:.\Generated_Source\PSoC4/ADC_PM.c ****         else
 101:.\Generated_Source\PSoC4/ADC_PM.c ****         {
 102:.\Generated_Source\PSoC4/ADC_PM.c ****             ADC_backup.enableState = ADC_ENABLED;
 103:.\Generated_Source\PSoC4/ADC_PM.c ****         }
 104:.\Generated_Source\PSoC4/ADC_PM.c ****         ADC_StopConvert();
 105:.\Generated_Source\PSoC4/ADC_PM.c ****         ADC_Stop();
 106:.\Generated_Source\PSoC4/ADC_PM.c ****         
 107:.\Generated_Source\PSoC4/ADC_PM.c ****         /* Disable the SAR internal pump before entering the chip low power mode */
 108:.\Generated_Source\PSoC4/ADC_PM.c ****         if((ADC_SAR_CTRL_REG & ADC_BOOSTPUMP_EN) != 0u)
 109:.\Generated_Source\PSoC4/ADC_PM.c ****         {
 110:.\Generated_Source\PSoC4/ADC_PM.c ****             ADC_SAR_CTRL_REG &= (uint32)~ADC_BOOSTPUMP_EN;
 111:.\Generated_Source\PSoC4/ADC_PM.c ****             ADC_backup.enableState |= ADC_BOOSTPUMP_ENABLED;
 112:.\Generated_Source\PSoC4/ADC_PM.c ****         }
 113:.\Generated_Source\PSoC4/ADC_PM.c ****     }
 114:.\Generated_Source\PSoC4/ADC_PM.c ****     else
 115:.\Generated_Source\PSoC4/ADC_PM.c ****     {
 116:.\Generated_Source\PSoC4/ADC_PM.c ****         ADC_backup.enableState = ADC_DISABLED;
  78              		.loc 1 116 0
  79 0016 0022     		mov	r2, #0
  80 0018 104B     		ldr	r3, .L14+8
  81 001a 1A70     		strb	r2, [r3]
  82              	.L3:
 117:.\Generated_Source\PSoC4/ADC_PM.c ****     }
 118:.\Generated_Source\PSoC4/ADC_PM.c **** }
  83              		.loc 1 118 0
  84              		@ sp needed
  85 001c 10BD     		pop	{r4, pc}
  86              	.L12:
  96:.\Generated_Source\PSoC4/ADC_PM.c ****         {
  87              		.loc 1 96 0
  88 001e 104B     		ldr	r3, .L14+12
  98:.\Generated_Source\PSoC4/ADC_PM.c ****         }
  89              		.loc 1 98 0
  90 0020 0E4C     		ldr	r4, .L14+8
  96:.\Generated_Source\PSoC4/ADC_PM.c ****         {
  91              		.loc 1 96 0
  92 0022 1B68     		ldr	r3, [r3]
  93 0024 DB03     		lsl	r3, r3, #15
  94 0026 12D4     		bmi	.L13
 102:.\Generated_Source\PSoC4/ADC_PM.c ****         }
  95              		.loc 1 102 0
  96 0028 0123     		mov	r3, #1
  97 002a 2370     		strb	r3, [r4]
  98              	.L6:
 104:.\Generated_Source\PSoC4/ADC_PM.c ****         ADC_Stop();
  99              		.loc 1 104 0
 100 002c FFF7FEFF 		bl	ADC_StopConvert
 101              	.LVL0:
 105:.\Generated_Source\PSoC4/ADC_PM.c ****         
 102              		.loc 1 105 0
 103 0030 FFF7FEFF 		bl	ADC_Stop
ARM GAS  C:\Users\g\AppData\Local\Temp\ccbZpV42.s 			page 5


 104              	.LVL1:
 108:.\Generated_Source\PSoC4/ADC_PM.c ****         {
 105              		.loc 1 108 0
 106 0034 084B     		ldr	r3, .L14+4
 107 0036 1A68     		ldr	r2, [r3]
 108 0038 D202     		lsl	r2, r2, #11
 109 003a EFD5     		bpl	.L3
 110:.\Generated_Source\PSoC4/ADC_PM.c ****             ADC_backup.enableState |= ADC_BOOSTPUMP_ENABLED;
 110              		.loc 1 110 0
 111 003c 1968     		ldr	r1, [r3]
 112 003e 094A     		ldr	r2, .L14+16
 113 0040 0A40     		and	r2, r1
 114 0042 1A60     		str	r2, [r3]
 111:.\Generated_Source\PSoC4/ADC_PM.c ****         }
 115              		.loc 1 111 0
 116 0044 0423     		mov	r3, #4
 117 0046 2278     		ldrb	r2, [r4]
 118 0048 1343     		orr	r3, r2
 119 004a 2370     		strb	r3, [r4]
 120 004c E6E7     		b	.L3
 121              	.L13:
  98:.\Generated_Source\PSoC4/ADC_PM.c ****         }
 122              		.loc 1 98 0
 123 004e 0323     		mov	r3, #3
 124 0050 2370     		strb	r3, [r4]
 125 0052 EBE7     		b	.L6
 126              	.L15:
 127              		.align	2
 128              	.L14:
 129 0054 30001A40 		.word	1075445808
 130 0058 00001A40 		.word	1075445760
 131 005c 00000000 		.word	.LANCHOR0
 132 0060 04001A40 		.word	1075445764
 133 0064 FFFFEFFF 		.word	-1048577
 134              		.cfi_endproc
 135              	.LFE2:
 136              		.size	ADC_Sleep, .-ADC_Sleep
 137              		.section	.text.ADC_Wakeup,"ax",%progbits
 138              		.align	2
 139              		.global	ADC_Wakeup
 140              		.code	16
 141              		.thumb_func
 142              		.type	ADC_Wakeup, %function
 143              	ADC_Wakeup:
 144              	.LFB3:
 119:.\Generated_Source\PSoC4/ADC_PM.c **** 
 120:.\Generated_Source\PSoC4/ADC_PM.c **** 
 121:.\Generated_Source\PSoC4/ADC_PM.c **** /*******************************************************************************
 122:.\Generated_Source\PSoC4/ADC_PM.c **** * Function Name: ADC_Wakeup
 123:.\Generated_Source\PSoC4/ADC_PM.c **** ********************************************************************************
 124:.\Generated_Source\PSoC4/ADC_PM.c **** *
 125:.\Generated_Source\PSoC4/ADC_PM.c **** * Summary:
 126:.\Generated_Source\PSoC4/ADC_PM.c **** *  Restores the component enable state and configuration registers.
 127:.\Generated_Source\PSoC4/ADC_PM.c **** *  This should be called just after awaking from sleep mode.
 128:.\Generated_Source\PSoC4/ADC_PM.c **** *
 129:.\Generated_Source\PSoC4/ADC_PM.c **** * Parameters:
 130:.\Generated_Source\PSoC4/ADC_PM.c **** *  None.
ARM GAS  C:\Users\g\AppData\Local\Temp\ccbZpV42.s 			page 6


 131:.\Generated_Source\PSoC4/ADC_PM.c **** *
 132:.\Generated_Source\PSoC4/ADC_PM.c **** * Return:
 133:.\Generated_Source\PSoC4/ADC_PM.c **** *  None.
 134:.\Generated_Source\PSoC4/ADC_PM.c **** *
 135:.\Generated_Source\PSoC4/ADC_PM.c **** * Global Variables:
 136:.\Generated_Source\PSoC4/ADC_PM.c **** *  ADC_backup - used.
 137:.\Generated_Source\PSoC4/ADC_PM.c **** *
 138:.\Generated_Source\PSoC4/ADC_PM.c **** *******************************************************************************/
 139:.\Generated_Source\PSoC4/ADC_PM.c **** void ADC_Wakeup(void)
 140:.\Generated_Source\PSoC4/ADC_PM.c **** {
 145              		.loc 1 140 0
 146              		.cfi_startproc
 141:.\Generated_Source\PSoC4/ADC_PM.c ****     ADC_SAR_DFT_CTRL_REG &= (uint32)~ADC_ADFT_OVERRIDE;
 147              		.loc 1 141 0
 148 0000 0D4A     		ldr	r2, .L28
 140:.\Generated_Source\PSoC4/ADC_PM.c ****     ADC_SAR_DFT_CTRL_REG &= (uint32)~ADC_ADFT_OVERRIDE;
 149              		.loc 1 140 0
 150 0002 10B5     		push	{r4, lr}
 151              		.cfi_def_cfa_offset 8
 152              		.cfi_offset 4, -8
 153              		.cfi_offset 14, -4
 154              		.loc 1 141 0
 155 0004 1368     		ldr	r3, [r2]
 142:.\Generated_Source\PSoC4/ADC_PM.c ****     if(ADC_backup.enableState != ADC_DISABLED)
 156              		.loc 1 142 0
 157 0006 0D4C     		ldr	r4, .L28+4
 141:.\Generated_Source\PSoC4/ADC_PM.c ****     ADC_SAR_DFT_CTRL_REG &= (uint32)~ADC_ADFT_OVERRIDE;
 158              		.loc 1 141 0
 159 0008 5B00     		lsl	r3, r3, #1
 160 000a 5B08     		lsr	r3, r3, #1
 161 000c 1360     		str	r3, [r2]
 162              		.loc 1 142 0
 163 000e 2378     		ldrb	r3, [r4]
 164 0010 002B     		cmp	r3, #0
 165 0012 0CD0     		beq	.L16
 143:.\Generated_Source\PSoC4/ADC_PM.c ****     {
 144:.\Generated_Source\PSoC4/ADC_PM.c ****         /* Enable the SAR internal pump  */
 145:.\Generated_Source\PSoC4/ADC_PM.c ****         if((ADC_backup.enableState & ADC_BOOSTPUMP_ENABLED) != 0u)
 166              		.loc 1 145 0
 167 0014 5B07     		lsl	r3, r3, #29
 168 0016 05D5     		bpl	.L19
 146:.\Generated_Source\PSoC4/ADC_PM.c ****         {
 147:.\Generated_Source\PSoC4/ADC_PM.c ****             ADC_SAR_CTRL_REG |= ADC_BOOSTPUMP_EN;
 169              		.loc 1 147 0
 170 0018 8021     		mov	r1, #128
 171 001a 094A     		ldr	r2, .L28+8
 172 001c 4903     		lsl	r1, r1, #13
 173 001e 1368     		ldr	r3, [r2]
 174 0020 0B43     		orr	r3, r1
 175 0022 1360     		str	r3, [r2]
 176              	.L19:
 148:.\Generated_Source\PSoC4/ADC_PM.c ****         }
 149:.\Generated_Source\PSoC4/ADC_PM.c ****         ADC_Enable();
 177              		.loc 1 149 0
 178 0024 FFF7FEFF 		bl	ADC_Enable
 179              	.LVL2:
 150:.\Generated_Source\PSoC4/ADC_PM.c ****         if((ADC_backup.enableState & ADC_STARTED) != 0u)
ARM GAS  C:\Users\g\AppData\Local\Temp\ccbZpV42.s 			page 7


 180              		.loc 1 150 0
 181 0028 2378     		ldrb	r3, [r4]
 182 002a 9B07     		lsl	r3, r3, #30
 183 002c 00D4     		bmi	.L27
 184              	.L16:
 151:.\Generated_Source\PSoC4/ADC_PM.c ****         {
 152:.\Generated_Source\PSoC4/ADC_PM.c ****             ADC_StartConvert();
 153:.\Generated_Source\PSoC4/ADC_PM.c ****         }
 154:.\Generated_Source\PSoC4/ADC_PM.c ****     }
 155:.\Generated_Source\PSoC4/ADC_PM.c **** }
 185              		.loc 1 155 0
 186              		@ sp needed
 187 002e 10BD     		pop	{r4, pc}
 188              	.L27:
 152:.\Generated_Source\PSoC4/ADC_PM.c ****         }
 189              		.loc 1 152 0
 190 0030 FFF7FEFF 		bl	ADC_StartConvert
 191              	.LVL3:
 192 0034 FBE7     		b	.L16
 193              	.L29:
 194 0036 C046     		.align	2
 195              	.L28:
 196 0038 30001A40 		.word	1075445808
 197 003c 00000000 		.word	.LANCHOR0
 198 0040 00001A40 		.word	1075445760
 199              		.cfi_endproc
 200              	.LFE3:
 201              		.size	ADC_Wakeup, .-ADC_Wakeup
 202              		.bss
 203              		.align	2
 204              		.set	.LANCHOR0,. + 0
 205              		.type	ADC_backup, %object
 206              		.size	ADC_backup, 1
 207              	ADC_backup:
 208 0000 00       		.space	1
 209 0001 000000   		.text
 210              	.Letext0:
 211              		.file 2 ".\\Generated_Source\\PSoC4\\cytypes.h"
 212              		.file 3 ".\\Generated_Source\\PSoC4\\ADC.h"
 213              		.section	.debug_info,"",%progbits
 214              	.Ldebug_info0:
 215 0000 6C010000 		.4byte	0x16c
 216 0004 0400     		.2byte	0x4
 217 0006 00000000 		.4byte	.Ldebug_abbrev0
 218 000a 04       		.byte	0x4
 219 000b 01       		.uleb128 0x1
 220 000c 64010000 		.4byte	.LASF25
 221 0010 01       		.byte	0x1
 222 0011 89000000 		.4byte	.LASF26
 223 0015 36000000 		.4byte	.LASF27
 224 0019 00000000 		.4byte	.Ldebug_ranges0+0
 225 001d 00000000 		.4byte	0
 226 0021 00000000 		.4byte	.Ldebug_line0
 227 0025 02       		.uleb128 0x2
 228 0026 01       		.byte	0x1
 229 0027 06       		.byte	0x6
 230 0028 FB010000 		.4byte	.LASF0
ARM GAS  C:\Users\g\AppData\Local\Temp\ccbZpV42.s 			page 8


 231 002c 02       		.uleb128 0x2
 232 002d 01       		.byte	0x1
 233 002e 08       		.byte	0x8
 234 002f 63000000 		.4byte	.LASF1
 235 0033 02       		.uleb128 0x2
 236 0034 02       		.byte	0x2
 237 0035 05       		.byte	0x5
 238 0036 BC000000 		.4byte	.LASF2
 239 003a 02       		.uleb128 0x2
 240 003b 02       		.byte	0x2
 241 003c 07       		.byte	0x7
 242 003d 23000000 		.4byte	.LASF3
 243 0041 02       		.uleb128 0x2
 244 0042 04       		.byte	0x4
 245 0043 05       		.byte	0x5
 246 0044 4F010000 		.4byte	.LASF4
 247 0048 02       		.uleb128 0x2
 248 0049 04       		.byte	0x4
 249 004a 07       		.byte	0x7
 250 004b 71000000 		.4byte	.LASF5
 251 004f 02       		.uleb128 0x2
 252 0050 08       		.byte	0x8
 253 0051 05       		.byte	0x5
 254 0052 00000000 		.4byte	.LASF6
 255 0056 02       		.uleb128 0x2
 256 0057 08       		.byte	0x8
 257 0058 07       		.byte	0x7
 258 0059 E5000000 		.4byte	.LASF7
 259 005d 03       		.uleb128 0x3
 260 005e 04       		.byte	0x4
 261 005f 05       		.byte	0x5
 262 0060 696E7400 		.ascii	"int\000"
 263 0064 02       		.uleb128 0x2
 264 0065 04       		.byte	0x4
 265 0066 07       		.byte	0x7
 266 0067 CD000000 		.4byte	.LASF8
 267 006b 04       		.uleb128 0x4
 268 006c 83000000 		.4byte	.LASF9
 269 0070 02       		.byte	0x2
 270 0071 9801     		.2byte	0x198
 271 0073 2C000000 		.4byte	0x2c
 272 0077 04       		.uleb128 0x4
 273 0078 C6000000 		.4byte	.LASF10
 274 007c 02       		.byte	0x2
 275 007d 9A01     		.2byte	0x19a
 276 007f 48000000 		.4byte	0x48
 277 0083 02       		.uleb128 0x2
 278 0084 04       		.byte	0x4
 279 0085 04       		.byte	0x4
 280 0086 5D000000 		.4byte	.LASF11
 281 008a 02       		.uleb128 0x2
 282 008b 08       		.byte	0x8
 283 008c 04       		.byte	0x4
 284 008d B5000000 		.4byte	.LASF12
 285 0091 02       		.uleb128 0x2
 286 0092 01       		.byte	0x1
 287 0093 08       		.byte	0x8
ARM GAS  C:\Users\g\AppData\Local\Temp\ccbZpV42.s 			page 9


 288 0094 28010000 		.4byte	.LASF13
 289 0098 04       		.uleb128 0x4
 290 0099 0E000000 		.4byte	.LASF14
 291 009d 02       		.byte	0x2
 292 009e 4402     		.2byte	0x244
 293 00a0 A4000000 		.4byte	0xa4
 294 00a4 05       		.uleb128 0x5
 295 00a5 77000000 		.4byte	0x77
 296 00a9 02       		.uleb128 0x2
 297 00aa 04       		.byte	0x4
 298 00ab 07       		.byte	0x7
 299 00ac FC000000 		.4byte	.LASF15
 300 00b0 06       		.uleb128 0x6
 301 00b1 01       		.byte	0x1
 302 00b2 03       		.byte	0x3
 303 00b3 1E       		.byte	0x1e
 304 00b4 C5000000 		.4byte	0xc5
 305 00b8 07       		.uleb128 0x7
 306 00b9 58010000 		.4byte	.LASF28
 307 00bd 03       		.byte	0x3
 308 00be 20       		.byte	0x20
 309 00bf 6B000000 		.4byte	0x6b
 310 00c3 00       		.byte	0
 311 00c4 00       		.byte	0
 312 00c5 08       		.uleb128 0x8
 313 00c6 16010000 		.4byte	.LASF16
 314 00ca 03       		.byte	0x3
 315 00cb 21       		.byte	0x21
 316 00cc B0000000 		.4byte	0xb0
 317 00d0 09       		.uleb128 0x9
 318 00d1 14000000 		.4byte	.LASF17
 319 00d5 01       		.byte	0x1
 320 00d6 2C       		.byte	0x2c
 321 00d7 00000000 		.4byte	.LFB0
 322 00db 02000000 		.4byte	.LFE0-.LFB0
 323 00df 01       		.uleb128 0x1
 324 00e0 9C       		.byte	0x9c
 325 00e1 09       		.uleb128 0x9
 326 00e2 2D010000 		.4byte	.LASF18
 327 00e6 01       		.byte	0x1
 328 00e7 40       		.byte	0x40
 329 00e8 00000000 		.4byte	.LFB1
 330 00ec 02000000 		.4byte	.LFE1-.LFB1
 331 00f0 01       		.uleb128 0x1
 332 00f1 9C       		.byte	0x9c
 333 00f2 0A       		.uleb128 0xa
 334 00f3 AB000000 		.4byte	.LASF19
 335 00f7 01       		.byte	0x1
 336 00f8 58       		.byte	0x58
 337 00f9 00000000 		.4byte	.LFB2
 338 00fd 68000000 		.4byte	.LFE2-.LFB2
 339 0101 01       		.uleb128 0x1
 340 0102 9C       		.byte	0x9c
 341 0103 1A010000 		.4byte	0x11a
 342 0107 0B       		.uleb128 0xb
 343 0108 30000000 		.4byte	.LVL0
 344 010c 53010000 		.4byte	0x153
ARM GAS  C:\Users\g\AppData\Local\Temp\ccbZpV42.s 			page 10


 345 0110 0B       		.uleb128 0xb
 346 0111 34000000 		.4byte	.LVL1
 347 0115 5A010000 		.4byte	0x15a
 348 0119 00       		.byte	0
 349 011a 0A       		.uleb128 0xa
 350 011b 12020000 		.4byte	.LASF20
 351 011f 01       		.byte	0x1
 352 0120 8B       		.byte	0x8b
 353 0121 00000000 		.4byte	.LFB3
 354 0125 44000000 		.4byte	.LFE3-.LFB3
 355 0129 01       		.uleb128 0x1
 356 012a 9C       		.byte	0x9c
 357 012b 42010000 		.4byte	0x142
 358 012f 0B       		.uleb128 0xb
 359 0130 28000000 		.4byte	.LVL2
 360 0134 61010000 		.4byte	0x161
 361 0138 0B       		.uleb128 0xb
 362 0139 34000000 		.4byte	.LVL3
 363 013d 68010000 		.4byte	0x168
 364 0141 00       		.byte	0
 365 0142 0C       		.uleb128 0xc
 366 0143 07020000 		.4byte	.LASF29
 367 0147 01       		.byte	0x1
 368 0148 18       		.byte	0x18
 369 0149 C5000000 		.4byte	0xc5
 370 014d 05       		.uleb128 0x5
 371 014e 03       		.byte	0x3
 372 014f 00000000 		.4byte	ADC_backup
 373 0153 0D       		.uleb128 0xd
 374 0154 3F010000 		.4byte	.LASF21
 375 0158 03       		.byte	0x3
 376 0159 9D       		.byte	0x9d
 377 015a 0D       		.uleb128 0xd
 378 015b 1D020000 		.4byte	.LASF22
 379 015f 03       		.byte	0x3
 380 0160 99       		.byte	0x99
 381 0161 0D       		.uleb128 0xd
 382 0162 DA000000 		.4byte	.LASF23
 383 0166 03       		.byte	0x3
 384 0167 9B       		.byte	0x9b
 385 0168 0D       		.uleb128 0xd
 386 0169 05010000 		.4byte	.LASF24
 387 016d 03       		.byte	0x3
 388 016e 9C       		.byte	0x9c
 389 016f 00       		.byte	0
 390              		.section	.debug_abbrev,"",%progbits
 391              	.Ldebug_abbrev0:
 392 0000 01       		.uleb128 0x1
 393 0001 11       		.uleb128 0x11
 394 0002 01       		.byte	0x1
 395 0003 25       		.uleb128 0x25
 396 0004 0E       		.uleb128 0xe
 397 0005 13       		.uleb128 0x13
 398 0006 0B       		.uleb128 0xb
 399 0007 03       		.uleb128 0x3
 400 0008 0E       		.uleb128 0xe
 401 0009 1B       		.uleb128 0x1b
ARM GAS  C:\Users\g\AppData\Local\Temp\ccbZpV42.s 			page 11


 402 000a 0E       		.uleb128 0xe
 403 000b 55       		.uleb128 0x55
 404 000c 17       		.uleb128 0x17
 405 000d 11       		.uleb128 0x11
 406 000e 01       		.uleb128 0x1
 407 000f 10       		.uleb128 0x10
 408 0010 17       		.uleb128 0x17
 409 0011 00       		.byte	0
 410 0012 00       		.byte	0
 411 0013 02       		.uleb128 0x2
 412 0014 24       		.uleb128 0x24
 413 0015 00       		.byte	0
 414 0016 0B       		.uleb128 0xb
 415 0017 0B       		.uleb128 0xb
 416 0018 3E       		.uleb128 0x3e
 417 0019 0B       		.uleb128 0xb
 418 001a 03       		.uleb128 0x3
 419 001b 0E       		.uleb128 0xe
 420 001c 00       		.byte	0
 421 001d 00       		.byte	0
 422 001e 03       		.uleb128 0x3
 423 001f 24       		.uleb128 0x24
 424 0020 00       		.byte	0
 425 0021 0B       		.uleb128 0xb
 426 0022 0B       		.uleb128 0xb
 427 0023 3E       		.uleb128 0x3e
 428 0024 0B       		.uleb128 0xb
 429 0025 03       		.uleb128 0x3
 430 0026 08       		.uleb128 0x8
 431 0027 00       		.byte	0
 432 0028 00       		.byte	0
 433 0029 04       		.uleb128 0x4
 434 002a 16       		.uleb128 0x16
 435 002b 00       		.byte	0
 436 002c 03       		.uleb128 0x3
 437 002d 0E       		.uleb128 0xe
 438 002e 3A       		.uleb128 0x3a
 439 002f 0B       		.uleb128 0xb
 440 0030 3B       		.uleb128 0x3b
 441 0031 05       		.uleb128 0x5
 442 0032 49       		.uleb128 0x49
 443 0033 13       		.uleb128 0x13
 444 0034 00       		.byte	0
 445 0035 00       		.byte	0
 446 0036 05       		.uleb128 0x5
 447 0037 35       		.uleb128 0x35
 448 0038 00       		.byte	0
 449 0039 49       		.uleb128 0x49
 450 003a 13       		.uleb128 0x13
 451 003b 00       		.byte	0
 452 003c 00       		.byte	0
 453 003d 06       		.uleb128 0x6
 454 003e 13       		.uleb128 0x13
 455 003f 01       		.byte	0x1
 456 0040 0B       		.uleb128 0xb
 457 0041 0B       		.uleb128 0xb
 458 0042 3A       		.uleb128 0x3a
ARM GAS  C:\Users\g\AppData\Local\Temp\ccbZpV42.s 			page 12


 459 0043 0B       		.uleb128 0xb
 460 0044 3B       		.uleb128 0x3b
 461 0045 0B       		.uleb128 0xb
 462 0046 01       		.uleb128 0x1
 463 0047 13       		.uleb128 0x13
 464 0048 00       		.byte	0
 465 0049 00       		.byte	0
 466 004a 07       		.uleb128 0x7
 467 004b 0D       		.uleb128 0xd
 468 004c 00       		.byte	0
 469 004d 03       		.uleb128 0x3
 470 004e 0E       		.uleb128 0xe
 471 004f 3A       		.uleb128 0x3a
 472 0050 0B       		.uleb128 0xb
 473 0051 3B       		.uleb128 0x3b
 474 0052 0B       		.uleb128 0xb
 475 0053 49       		.uleb128 0x49
 476 0054 13       		.uleb128 0x13
 477 0055 38       		.uleb128 0x38
 478 0056 0B       		.uleb128 0xb
 479 0057 00       		.byte	0
 480 0058 00       		.byte	0
 481 0059 08       		.uleb128 0x8
 482 005a 16       		.uleb128 0x16
 483 005b 00       		.byte	0
 484 005c 03       		.uleb128 0x3
 485 005d 0E       		.uleb128 0xe
 486 005e 3A       		.uleb128 0x3a
 487 005f 0B       		.uleb128 0xb
 488 0060 3B       		.uleb128 0x3b
 489 0061 0B       		.uleb128 0xb
 490 0062 49       		.uleb128 0x49
 491 0063 13       		.uleb128 0x13
 492 0064 00       		.byte	0
 493 0065 00       		.byte	0
 494 0066 09       		.uleb128 0x9
 495 0067 2E       		.uleb128 0x2e
 496 0068 00       		.byte	0
 497 0069 3F       		.uleb128 0x3f
 498 006a 19       		.uleb128 0x19
 499 006b 03       		.uleb128 0x3
 500 006c 0E       		.uleb128 0xe
 501 006d 3A       		.uleb128 0x3a
 502 006e 0B       		.uleb128 0xb
 503 006f 3B       		.uleb128 0x3b
 504 0070 0B       		.uleb128 0xb
 505 0071 27       		.uleb128 0x27
 506 0072 19       		.uleb128 0x19
 507 0073 11       		.uleb128 0x11
 508 0074 01       		.uleb128 0x1
 509 0075 12       		.uleb128 0x12
 510 0076 06       		.uleb128 0x6
 511 0077 40       		.uleb128 0x40
 512 0078 18       		.uleb128 0x18
 513 0079 9742     		.uleb128 0x2117
 514 007b 19       		.uleb128 0x19
 515 007c 00       		.byte	0
ARM GAS  C:\Users\g\AppData\Local\Temp\ccbZpV42.s 			page 13


 516 007d 00       		.byte	0
 517 007e 0A       		.uleb128 0xa
 518 007f 2E       		.uleb128 0x2e
 519 0080 01       		.byte	0x1
 520 0081 3F       		.uleb128 0x3f
 521 0082 19       		.uleb128 0x19
 522 0083 03       		.uleb128 0x3
 523 0084 0E       		.uleb128 0xe
 524 0085 3A       		.uleb128 0x3a
 525 0086 0B       		.uleb128 0xb
 526 0087 3B       		.uleb128 0x3b
 527 0088 0B       		.uleb128 0xb
 528 0089 27       		.uleb128 0x27
 529 008a 19       		.uleb128 0x19
 530 008b 11       		.uleb128 0x11
 531 008c 01       		.uleb128 0x1
 532 008d 12       		.uleb128 0x12
 533 008e 06       		.uleb128 0x6
 534 008f 40       		.uleb128 0x40
 535 0090 18       		.uleb128 0x18
 536 0091 9742     		.uleb128 0x2117
 537 0093 19       		.uleb128 0x19
 538 0094 01       		.uleb128 0x1
 539 0095 13       		.uleb128 0x13
 540 0096 00       		.byte	0
 541 0097 00       		.byte	0
 542 0098 0B       		.uleb128 0xb
 543 0099 898201   		.uleb128 0x4109
 544 009c 00       		.byte	0
 545 009d 11       		.uleb128 0x11
 546 009e 01       		.uleb128 0x1
 547 009f 31       		.uleb128 0x31
 548 00a0 13       		.uleb128 0x13
 549 00a1 00       		.byte	0
 550 00a2 00       		.byte	0
 551 00a3 0C       		.uleb128 0xc
 552 00a4 34       		.uleb128 0x34
 553 00a5 00       		.byte	0
 554 00a6 03       		.uleb128 0x3
 555 00a7 0E       		.uleb128 0xe
 556 00a8 3A       		.uleb128 0x3a
 557 00a9 0B       		.uleb128 0xb
 558 00aa 3B       		.uleb128 0x3b
 559 00ab 0B       		.uleb128 0xb
 560 00ac 49       		.uleb128 0x49
 561 00ad 13       		.uleb128 0x13
 562 00ae 02       		.uleb128 0x2
 563 00af 18       		.uleb128 0x18
 564 00b0 00       		.byte	0
 565 00b1 00       		.byte	0
 566 00b2 0D       		.uleb128 0xd
 567 00b3 2E       		.uleb128 0x2e
 568 00b4 00       		.byte	0
 569 00b5 3F       		.uleb128 0x3f
 570 00b6 19       		.uleb128 0x19
 571 00b7 03       		.uleb128 0x3
 572 00b8 0E       		.uleb128 0xe
ARM GAS  C:\Users\g\AppData\Local\Temp\ccbZpV42.s 			page 14


 573 00b9 3A       		.uleb128 0x3a
 574 00ba 0B       		.uleb128 0xb
 575 00bb 3B       		.uleb128 0x3b
 576 00bc 0B       		.uleb128 0xb
 577 00bd 27       		.uleb128 0x27
 578 00be 19       		.uleb128 0x19
 579 00bf 3C       		.uleb128 0x3c
 580 00c0 19       		.uleb128 0x19
 581 00c1 00       		.byte	0
 582 00c2 00       		.byte	0
 583 00c3 00       		.byte	0
 584              		.section	.debug_aranges,"",%progbits
 585 0000 34000000 		.4byte	0x34
 586 0004 0200     		.2byte	0x2
 587 0006 00000000 		.4byte	.Ldebug_info0
 588 000a 04       		.byte	0x4
 589 000b 00       		.byte	0
 590 000c 0000     		.2byte	0
 591 000e 0000     		.2byte	0
 592 0010 00000000 		.4byte	.LFB0
 593 0014 02000000 		.4byte	.LFE0-.LFB0
 594 0018 00000000 		.4byte	.LFB1
 595 001c 02000000 		.4byte	.LFE1-.LFB1
 596 0020 00000000 		.4byte	.LFB2
 597 0024 68000000 		.4byte	.LFE2-.LFB2
 598 0028 00000000 		.4byte	.LFB3
 599 002c 44000000 		.4byte	.LFE3-.LFB3
 600 0030 00000000 		.4byte	0
 601 0034 00000000 		.4byte	0
 602              		.section	.debug_ranges,"",%progbits
 603              	.Ldebug_ranges0:
 604 0000 00000000 		.4byte	.LFB0
 605 0004 02000000 		.4byte	.LFE0
 606 0008 00000000 		.4byte	.LFB1
 607 000c 02000000 		.4byte	.LFE1
 608 0010 00000000 		.4byte	.LFB2
 609 0014 68000000 		.4byte	.LFE2
 610 0018 00000000 		.4byte	.LFB3
 611 001c 44000000 		.4byte	.LFE3
 612 0020 00000000 		.4byte	0
 613 0024 00000000 		.4byte	0
 614              		.section	.debug_line,"",%progbits
 615              	.Ldebug_line0:
 616 0000 B7000000 		.section	.debug_str,"MS",%progbits,1
 616      02004E00 
 616      00000201 
 616      FB0E0D00 
 616      01010101 
 617              	.LASF6:
 618 0000 6C6F6E67 		.ascii	"long long int\000"
 618      206C6F6E 
 618      6720696E 
 618      7400
 619              	.LASF14:
 620 000e 72656733 		.ascii	"reg32\000"
 620      3200
 621              	.LASF17:
ARM GAS  C:\Users\g\AppData\Local\Temp\ccbZpV42.s 			page 15


 622 0014 4144435F 		.ascii	"ADC_SaveConfig\000"
 622      53617665 
 622      436F6E66 
 622      696700
 623              	.LASF3:
 624 0023 73686F72 		.ascii	"short unsigned int\000"
 624      7420756E 
 624      7369676E 
 624      65642069 
 624      6E7400
 625              	.LASF27:
 626 0036 443A5C63 		.ascii	"D:\\code\\cypress\\controllers\\dcsd.cydsn\000"
 626      6F64655C 
 626      63797072 
 626      6573735C 
 626      636F6E74 
 627              	.LASF11:
 628 005d 666C6F61 		.ascii	"float\000"
 628      7400
 629              	.LASF1:
 630 0063 756E7369 		.ascii	"unsigned char\000"
 630      676E6564 
 630      20636861 
 630      7200
 631              	.LASF5:
 632 0071 6C6F6E67 		.ascii	"long unsigned int\000"
 632      20756E73 
 632      69676E65 
 632      6420696E 
 632      7400
 633              	.LASF9:
 634 0083 75696E74 		.ascii	"uint8\000"
 634      3800
 635              	.LASF26:
 636 0089 2E5C4765 		.ascii	".\\Generated_Source\\PSoC4\\ADC_PM.c\000"
 636      6E657261 
 636      7465645F 
 636      536F7572 
 636      63655C50 
 637              	.LASF19:
 638 00ab 4144435F 		.ascii	"ADC_Sleep\000"
 638      536C6565 
 638      7000
 639              	.LASF12:
 640 00b5 646F7562 		.ascii	"double\000"
 640      6C6500
 641              	.LASF2:
 642 00bc 73686F72 		.ascii	"short int\000"
 642      7420696E 
 642      7400
 643              	.LASF10:
 644 00c6 75696E74 		.ascii	"uint32\000"
 644      333200
 645              	.LASF8:
 646 00cd 756E7369 		.ascii	"unsigned int\000"
 646      676E6564 
 646      20696E74 
ARM GAS  C:\Users\g\AppData\Local\Temp\ccbZpV42.s 			page 16


 646      00
 647              	.LASF23:
 648 00da 4144435F 		.ascii	"ADC_Enable\000"
 648      456E6162 
 648      6C6500
 649              	.LASF7:
 650 00e5 6C6F6E67 		.ascii	"long long unsigned int\000"
 650      206C6F6E 
 650      6720756E 
 650      7369676E 
 650      65642069 
 651              	.LASF15:
 652 00fc 73697A65 		.ascii	"sizetype\000"
 652      74797065 
 652      00
 653              	.LASF24:
 654 0105 4144435F 		.ascii	"ADC_StartConvert\000"
 654      53746172 
 654      74436F6E 
 654      76657274 
 654      00
 655              	.LASF16:
 656 0116 4144435F 		.ascii	"ADC_BACKUP_STRUCT\000"
 656      4241434B 
 656      55505F53 
 656      54525543 
 656      5400
 657              	.LASF13:
 658 0128 63686172 		.ascii	"char\000"
 658      00
 659              	.LASF18:
 660 012d 4144435F 		.ascii	"ADC_RestoreConfig\000"
 660      52657374 
 660      6F726543 
 660      6F6E6669 
 660      6700
 661              	.LASF21:
 662 013f 4144435F 		.ascii	"ADC_StopConvert\000"
 662      53746F70 
 662      436F6E76 
 662      65727400 
 663              	.LASF4:
 664 014f 6C6F6E67 		.ascii	"long int\000"
 664      20696E74 
 664      00
 665              	.LASF28:
 666 0158 656E6162 		.ascii	"enableState\000"
 666      6C655374 
 666      61746500 
 667              	.LASF25:
 668 0164 474E5520 		.ascii	"GNU C 4.9.3 20150303 (release) [ARM/embedded-4_9-br"
 668      4320342E 
 668      392E3320 
 668      32303135 
 668      30333033 
 669 0197 616E6368 		.ascii	"anch revision 221220] -mcpu=cortex-m0 -mthumb -g -O"
 669      20726576 
ARM GAS  C:\Users\g\AppData\Local\Temp\ccbZpV42.s 			page 17


 669      6973696F 
 669      6E203232 
 669      31323230 
 670 01ca 32202D73 		.ascii	"2 -std=c99 -ffunction-sections -ffat-lto-objects\000"
 670      74643D63 
 670      3939202D 
 670      6666756E 
 670      6374696F 
 671              	.LASF0:
 672 01fb 7369676E 		.ascii	"signed char\000"
 672      65642063 
 672      68617200 
 673              	.LASF29:
 674 0207 4144435F 		.ascii	"ADC_backup\000"
 674      6261636B 
 674      757000
 675              	.LASF20:
 676 0212 4144435F 		.ascii	"ADC_Wakeup\000"
 676      57616B65 
 676      757000
 677              	.LASF22:
 678 021d 4144435F 		.ascii	"ADC_Stop\000"
 678      53746F70 
 678      00
 679              		.ident	"GCC: (GNU Tools for ARM Embedded Processors) 4.9.3 20150303 (release) [ARM/embedded-4_9-br
