ARM GAS  C:\Users\g\AppData\Local\Temp\ccdGwvwg.s 			page 1


   1              		.cpu cortex-m0
   2              		.fpu softvfp
   3              		.eabi_attribute 20, 1
   4              		.eabi_attribute 21, 1
   5              		.eabi_attribute 23, 3
   6              		.eabi_attribute 24, 1
   7              		.eabi_attribute 25, 1
   8              		.eabi_attribute 26, 1
   9              		.eabi_attribute 30, 2
  10              		.eabi_attribute 34, 0
  11              		.eabi_attribute 18, 4
  12              		.code	16
  13              		.file	"ADC_INT.c"
  14              		.text
  15              	.Ltext0:
  16              		.cfi_sections	.debug_frame
  17              		.section	.text.ADC_ISR,"ax",%progbits
  18              		.align	2
  19              		.global	ADC_ISR
  20              		.code	16
  21              		.thumb_func
  22              		.type	ADC_ISR, %function
  23              	ADC_ISR:
  24              	.LFB0:
  25              		.file 1 ".\\Generated_Source\\PSoC4\\ADC_INT.c"
   1:.\Generated_Source\PSoC4/ADC_INT.c **** /*******************************************************************************
   2:.\Generated_Source\PSoC4/ADC_INT.c **** * File Name: ADC_INT.c
   3:.\Generated_Source\PSoC4/ADC_INT.c **** * Version 2.40
   4:.\Generated_Source\PSoC4/ADC_INT.c **** *
   5:.\Generated_Source\PSoC4/ADC_INT.c **** *  Description:
   6:.\Generated_Source\PSoC4/ADC_INT.c **** *    This file contains the code that operates during the ADC_SAR interrupt
   7:.\Generated_Source\PSoC4/ADC_INT.c **** *    service routine.
   8:.\Generated_Source\PSoC4/ADC_INT.c **** *
   9:.\Generated_Source\PSoC4/ADC_INT.c **** *   Note:
  10:.\Generated_Source\PSoC4/ADC_INT.c **** *
  11:.\Generated_Source\PSoC4/ADC_INT.c **** ********************************************************************************
  12:.\Generated_Source\PSoC4/ADC_INT.c **** * Copyright 2008-2015, Cypress Semiconductor Corporation.  All rights reserved.
  13:.\Generated_Source\PSoC4/ADC_INT.c **** * You may use this file only in accordance with the license, terms, conditions,
  14:.\Generated_Source\PSoC4/ADC_INT.c **** * disclaimers, and limitations in the end user license agreement accompanying
  15:.\Generated_Source\PSoC4/ADC_INT.c **** * the software package with which this file was provided.
  16:.\Generated_Source\PSoC4/ADC_INT.c **** *******************************************************************************/
  17:.\Generated_Source\PSoC4/ADC_INT.c **** 
  18:.\Generated_Source\PSoC4/ADC_INT.c **** #include "ADC.h"
  19:.\Generated_Source\PSoC4/ADC_INT.c **** #include "cyapicallbacks.h"
  20:.\Generated_Source\PSoC4/ADC_INT.c **** 
  21:.\Generated_Source\PSoC4/ADC_INT.c **** 
  22:.\Generated_Source\PSoC4/ADC_INT.c **** /******************************************************************************
  23:.\Generated_Source\PSoC4/ADC_INT.c **** * Custom Declarations and Variables
  24:.\Generated_Source\PSoC4/ADC_INT.c **** * - add user inlcude files, prototypes and variables between the following
  25:.\Generated_Source\PSoC4/ADC_INT.c **** *   #START and #END tags
  26:.\Generated_Source\PSoC4/ADC_INT.c **** ******************************************************************************/
  27:.\Generated_Source\PSoC4/ADC_INT.c **** /* `#START ADC_SYS_VAR`  */
  28:.\Generated_Source\PSoC4/ADC_INT.c **** 
  29:.\Generated_Source\PSoC4/ADC_INT.c **** /* `#END`  */
  30:.\Generated_Source\PSoC4/ADC_INT.c **** 
  31:.\Generated_Source\PSoC4/ADC_INT.c **** #if(ADC_IRQ_REMOVE == 0u)
  32:.\Generated_Source\PSoC4/ADC_INT.c **** 
ARM GAS  C:\Users\g\AppData\Local\Temp\ccdGwvwg.s 			page 2


  33:.\Generated_Source\PSoC4/ADC_INT.c **** 
  34:.\Generated_Source\PSoC4/ADC_INT.c ****     /******************************************************************************
  35:.\Generated_Source\PSoC4/ADC_INT.c ****     * Function Name: ADC_ISR
  36:.\Generated_Source\PSoC4/ADC_INT.c ****     *******************************************************************************
  37:.\Generated_Source\PSoC4/ADC_INT.c ****     *
  38:.\Generated_Source\PSoC4/ADC_INT.c ****     * Summary:
  39:.\Generated_Source\PSoC4/ADC_INT.c ****     *  Handle Interrupt Service Routine.
  40:.\Generated_Source\PSoC4/ADC_INT.c ****     *
  41:.\Generated_Source\PSoC4/ADC_INT.c ****     * Parameters:
  42:.\Generated_Source\PSoC4/ADC_INT.c ****     *  None.
  43:.\Generated_Source\PSoC4/ADC_INT.c ****     *
  44:.\Generated_Source\PSoC4/ADC_INT.c ****     * Return:
  45:.\Generated_Source\PSoC4/ADC_INT.c ****     *  None.
  46:.\Generated_Source\PSoC4/ADC_INT.c ****     *
  47:.\Generated_Source\PSoC4/ADC_INT.c ****     * Reentrant:
  48:.\Generated_Source\PSoC4/ADC_INT.c ****     *  No.
  49:.\Generated_Source\PSoC4/ADC_INT.c ****     *
  50:.\Generated_Source\PSoC4/ADC_INT.c ****     ******************************************************************************/
  51:.\Generated_Source\PSoC4/ADC_INT.c ****     CY_ISR( ADC_ISR )
  52:.\Generated_Source\PSoC4/ADC_INT.c ****     {
  26              		.loc 1 52 0
  27              		.cfi_startproc
  53:.\Generated_Source\PSoC4/ADC_INT.c ****         uint32 intr_status;
  54:.\Generated_Source\PSoC4/ADC_INT.c **** 
  55:.\Generated_Source\PSoC4/ADC_INT.c ****         /* Read interrupt status register */
  56:.\Generated_Source\PSoC4/ADC_INT.c ****         intr_status = ADC_SAR_INTR_REG;
  28              		.loc 1 56 0
  29 0000 014B     		ldr	r3, .L2
  57:.\Generated_Source\PSoC4/ADC_INT.c **** 
  58:.\Generated_Source\PSoC4/ADC_INT.c ****         #ifdef ADC_ISR_INTERRUPT_CALLBACK
  59:.\Generated_Source\PSoC4/ADC_INT.c ****             ADC_ISR_InterruptCallback();
  60:.\Generated_Source\PSoC4/ADC_INT.c ****         #endif /* ADC_ISR_INTERRUPT_CALLBACK */
  61:.\Generated_Source\PSoC4/ADC_INT.c **** 
  62:.\Generated_Source\PSoC4/ADC_INT.c **** 
  63:.\Generated_Source\PSoC4/ADC_INT.c ****         /************************************************************************
  64:.\Generated_Source\PSoC4/ADC_INT.c ****         *  Custom Code
  65:.\Generated_Source\PSoC4/ADC_INT.c ****         *  - add user ISR code between the following #START and #END tags
  66:.\Generated_Source\PSoC4/ADC_INT.c ****         *************************************************************************/
  67:.\Generated_Source\PSoC4/ADC_INT.c ****         /* `#START MAIN_ADC_ISR`  */
  68:.\Generated_Source\PSoC4/ADC_INT.c **** 
  69:.\Generated_Source\PSoC4/ADC_INT.c ****         /* `#END`  */
  70:.\Generated_Source\PSoC4/ADC_INT.c ****         
  71:.\Generated_Source\PSoC4/ADC_INT.c ****         /* Clear handled interrupt */
  72:.\Generated_Source\PSoC4/ADC_INT.c ****         ADC_SAR_INTR_REG = intr_status;
  73:.\Generated_Source\PSoC4/ADC_INT.c ****     }
  30              		.loc 1 73 0
  31              		@ sp needed
  56:.\Generated_Source\PSoC4/ADC_INT.c **** 
  32              		.loc 1 56 0
  33 0002 1A68     		ldr	r2, [r3]
  34              	.LVL0:
  72:.\Generated_Source\PSoC4/ADC_INT.c ****     }
  35              		.loc 1 72 0
  36 0004 1A60     		str	r2, [r3]
  37              		.loc 1 73 0
  38 0006 7047     		bx	lr
  39              	.L3:
ARM GAS  C:\Users\g\AppData\Local\Temp\ccdGwvwg.s 			page 3


  40              		.align	2
  41              	.L2:
  42 0008 10021A40 		.word	1075446288
  43              		.cfi_endproc
  44              	.LFE0:
  45              		.size	ADC_ISR, .-ADC_ISR
  46              		.text
  47              	.Letext0:
  48              		.file 2 ".\\Generated_Source\\PSoC4\\cytypes.h"
  49              		.section	.debug_info,"",%progbits
  50              	.Ldebug_info0:
  51 0000 C0000000 		.4byte	0xc0
  52 0004 0400     		.2byte	0x4
  53 0006 00000000 		.4byte	.Ldebug_abbrev0
  54 000a 04       		.byte	0x4
  55 000b 01       		.uleb128 0x1
  56 000c 5F000000 		.4byte	.LASF15
  57 0010 01       		.byte	0x1
  58 0011 12010000 		.4byte	.LASF16
  59 0015 61010000 		.4byte	.LASF17
  60 0019 00000000 		.4byte	.Ldebug_ranges0+0
  61 001d 00000000 		.4byte	0
  62 0021 00000000 		.4byte	.Ldebug_line0
  63 0025 02       		.uleb128 0x2
  64 0026 01       		.byte	0x1
  65 0027 06       		.byte	0x6
  66 0028 55010000 		.4byte	.LASF0
  67 002c 02       		.uleb128 0x2
  68 002d 01       		.byte	0x1
  69 002e 08       		.byte	0x8
  70 002f F6000000 		.4byte	.LASF1
  71 0033 02       		.uleb128 0x2
  72 0034 02       		.byte	0x2
  73 0035 05       		.byte	0x5
  74 0036 8E010000 		.4byte	.LASF2
  75 003a 02       		.uleb128 0x2
  76 003b 02       		.byte	0x2
  77 003c 07       		.byte	0x7
  78 003d 42010000 		.4byte	.LASF3
  79 0041 02       		.uleb128 0x2
  80 0042 04       		.byte	0x4
  81 0043 05       		.byte	0x5
  82 0044 09010000 		.4byte	.LASF4
  83 0048 02       		.uleb128 0x2
  84 0049 04       		.byte	0x4
  85 004a 07       		.byte	0x7
  86 004b 2A000000 		.4byte	.LASF5
  87 004f 02       		.uleb128 0x2
  88 0050 08       		.byte	0x8
  89 0051 05       		.byte	0x5
  90 0052 00000000 		.4byte	.LASF6
  91 0056 02       		.uleb128 0x2
  92 0057 08       		.byte	0x8
  93 0058 07       		.byte	0x7
  94 0059 3C000000 		.4byte	.LASF7
  95 005d 03       		.uleb128 0x3
  96 005e 04       		.byte	0x4
ARM GAS  C:\Users\g\AppData\Local\Temp\ccdGwvwg.s 			page 4


  97 005f 05       		.byte	0x5
  98 0060 696E7400 		.ascii	"int\000"
  99 0064 02       		.uleb128 0x2
 100 0065 04       		.byte	0x4
 101 0066 07       		.byte	0x7
 102 0067 15000000 		.4byte	.LASF8
 103 006b 04       		.uleb128 0x4
 104 006c 0E000000 		.4byte	.LASF12
 105 0070 02       		.byte	0x2
 106 0071 9A01     		.2byte	0x19a
 107 0073 48000000 		.4byte	0x48
 108 0077 02       		.uleb128 0x2
 109 0078 04       		.byte	0x4
 110 0079 04       		.byte	0x4
 111 007a 88010000 		.4byte	.LASF9
 112 007e 02       		.uleb128 0x2
 113 007f 08       		.byte	0x8
 114 0080 04       		.byte	0x4
 115 0081 35010000 		.4byte	.LASF10
 116 0085 02       		.uleb128 0x2
 117 0086 01       		.byte	0x1
 118 0087 08       		.byte	0x8
 119 0088 04010000 		.4byte	.LASF11
 120 008c 04       		.uleb128 0x4
 121 008d 3C010000 		.4byte	.LASF13
 122 0091 02       		.byte	0x2
 123 0092 4402     		.2byte	0x244
 124 0094 98000000 		.4byte	0x98
 125 0098 05       		.uleb128 0x5
 126 0099 6B000000 		.4byte	0x6b
 127 009d 02       		.uleb128 0x2
 128 009e 04       		.byte	0x4
 129 009f 07       		.byte	0x7
 130 00a0 98010000 		.4byte	.LASF14
 131 00a4 06       		.uleb128 0x6
 132 00a5 22000000 		.4byte	.LASF18
 133 00a9 01       		.byte	0x1
 134 00aa 33       		.byte	0x33
 135 00ab 00000000 		.4byte	.LFB0
 136 00af 0C000000 		.4byte	.LFE0-.LFB0
 137 00b3 01       		.uleb128 0x1
 138 00b4 9C       		.byte	0x9c
 139 00b5 07       		.uleb128 0x7
 140 00b6 53000000 		.4byte	.LASF19
 141 00ba 01       		.byte	0x1
 142 00bb 35       		.byte	0x35
 143 00bc 6B000000 		.4byte	0x6b
 144 00c0 01       		.uleb128 0x1
 145 00c1 52       		.byte	0x52
 146 00c2 00       		.byte	0
 147 00c3 00       		.byte	0
 148              		.section	.debug_abbrev,"",%progbits
 149              	.Ldebug_abbrev0:
 150 0000 01       		.uleb128 0x1
 151 0001 11       		.uleb128 0x11
 152 0002 01       		.byte	0x1
 153 0003 25       		.uleb128 0x25
ARM GAS  C:\Users\g\AppData\Local\Temp\ccdGwvwg.s 			page 5


 154 0004 0E       		.uleb128 0xe
 155 0005 13       		.uleb128 0x13
 156 0006 0B       		.uleb128 0xb
 157 0007 03       		.uleb128 0x3
 158 0008 0E       		.uleb128 0xe
 159 0009 1B       		.uleb128 0x1b
 160 000a 0E       		.uleb128 0xe
 161 000b 55       		.uleb128 0x55
 162 000c 17       		.uleb128 0x17
 163 000d 11       		.uleb128 0x11
 164 000e 01       		.uleb128 0x1
 165 000f 10       		.uleb128 0x10
 166 0010 17       		.uleb128 0x17
 167 0011 00       		.byte	0
 168 0012 00       		.byte	0
 169 0013 02       		.uleb128 0x2
 170 0014 24       		.uleb128 0x24
 171 0015 00       		.byte	0
 172 0016 0B       		.uleb128 0xb
 173 0017 0B       		.uleb128 0xb
 174 0018 3E       		.uleb128 0x3e
 175 0019 0B       		.uleb128 0xb
 176 001a 03       		.uleb128 0x3
 177 001b 0E       		.uleb128 0xe
 178 001c 00       		.byte	0
 179 001d 00       		.byte	0
 180 001e 03       		.uleb128 0x3
 181 001f 24       		.uleb128 0x24
 182 0020 00       		.byte	0
 183 0021 0B       		.uleb128 0xb
 184 0022 0B       		.uleb128 0xb
 185 0023 3E       		.uleb128 0x3e
 186 0024 0B       		.uleb128 0xb
 187 0025 03       		.uleb128 0x3
 188 0026 08       		.uleb128 0x8
 189 0027 00       		.byte	0
 190 0028 00       		.byte	0
 191 0029 04       		.uleb128 0x4
 192 002a 16       		.uleb128 0x16
 193 002b 00       		.byte	0
 194 002c 03       		.uleb128 0x3
 195 002d 0E       		.uleb128 0xe
 196 002e 3A       		.uleb128 0x3a
 197 002f 0B       		.uleb128 0xb
 198 0030 3B       		.uleb128 0x3b
 199 0031 05       		.uleb128 0x5
 200 0032 49       		.uleb128 0x49
 201 0033 13       		.uleb128 0x13
 202 0034 00       		.byte	0
 203 0035 00       		.byte	0
 204 0036 05       		.uleb128 0x5
 205 0037 35       		.uleb128 0x35
 206 0038 00       		.byte	0
 207 0039 49       		.uleb128 0x49
 208 003a 13       		.uleb128 0x13
 209 003b 00       		.byte	0
 210 003c 00       		.byte	0
ARM GAS  C:\Users\g\AppData\Local\Temp\ccdGwvwg.s 			page 6


 211 003d 06       		.uleb128 0x6
 212 003e 2E       		.uleb128 0x2e
 213 003f 01       		.byte	0x1
 214 0040 3F       		.uleb128 0x3f
 215 0041 19       		.uleb128 0x19
 216 0042 03       		.uleb128 0x3
 217 0043 0E       		.uleb128 0xe
 218 0044 3A       		.uleb128 0x3a
 219 0045 0B       		.uleb128 0xb
 220 0046 3B       		.uleb128 0x3b
 221 0047 0B       		.uleb128 0xb
 222 0048 27       		.uleb128 0x27
 223 0049 19       		.uleb128 0x19
 224 004a 11       		.uleb128 0x11
 225 004b 01       		.uleb128 0x1
 226 004c 12       		.uleb128 0x12
 227 004d 06       		.uleb128 0x6
 228 004e 40       		.uleb128 0x40
 229 004f 18       		.uleb128 0x18
 230 0050 9742     		.uleb128 0x2117
 231 0052 19       		.uleb128 0x19
 232 0053 00       		.byte	0
 233 0054 00       		.byte	0
 234 0055 07       		.uleb128 0x7
 235 0056 34       		.uleb128 0x34
 236 0057 00       		.byte	0
 237 0058 03       		.uleb128 0x3
 238 0059 0E       		.uleb128 0xe
 239 005a 3A       		.uleb128 0x3a
 240 005b 0B       		.uleb128 0xb
 241 005c 3B       		.uleb128 0x3b
 242 005d 0B       		.uleb128 0xb
 243 005e 49       		.uleb128 0x49
 244 005f 13       		.uleb128 0x13
 245 0060 02       		.uleb128 0x2
 246 0061 18       		.uleb128 0x18
 247 0062 00       		.byte	0
 248 0063 00       		.byte	0
 249 0064 00       		.byte	0
 250              		.section	.debug_aranges,"",%progbits
 251 0000 1C000000 		.4byte	0x1c
 252 0004 0200     		.2byte	0x2
 253 0006 00000000 		.4byte	.Ldebug_info0
 254 000a 04       		.byte	0x4
 255 000b 00       		.byte	0
 256 000c 0000     		.2byte	0
 257 000e 0000     		.2byte	0
 258 0010 00000000 		.4byte	.LFB0
 259 0014 0C000000 		.4byte	.LFE0-.LFB0
 260 0018 00000000 		.4byte	0
 261 001c 00000000 		.4byte	0
 262              		.section	.debug_ranges,"",%progbits
 263              	.Ldebug_ranges0:
 264 0000 00000000 		.4byte	.LFB0
 265 0004 0C000000 		.4byte	.LFE0
 266 0008 00000000 		.4byte	0
 267 000c 00000000 		.4byte	0
ARM GAS  C:\Users\g\AppData\Local\Temp\ccdGwvwg.s 			page 7


 268              		.section	.debug_line,"",%progbits
 269              	.Ldebug_line0:
 270 0000 66000000 		.section	.debug_str,"MS",%progbits,1
 270      02004600 
 270      00000201 
 270      FB0E0D00 
 270      01010101 
 271              	.LASF6:
 272 0000 6C6F6E67 		.ascii	"long long int\000"
 272      206C6F6E 
 272      6720696E 
 272      7400
 273              	.LASF12:
 274 000e 75696E74 		.ascii	"uint32\000"
 274      333200
 275              	.LASF8:
 276 0015 756E7369 		.ascii	"unsigned int\000"
 276      676E6564 
 276      20696E74 
 276      00
 277              	.LASF18:
 278 0022 4144435F 		.ascii	"ADC_ISR\000"
 278      49535200 
 279              	.LASF5:
 280 002a 6C6F6E67 		.ascii	"long unsigned int\000"
 280      20756E73 
 280      69676E65 
 280      6420696E 
 280      7400
 281              	.LASF7:
 282 003c 6C6F6E67 		.ascii	"long long unsigned int\000"
 282      206C6F6E 
 282      6720756E 
 282      7369676E 
 282      65642069 
 283              	.LASF19:
 284 0053 696E7472 		.ascii	"intr_status\000"
 284      5F737461 
 284      74757300 
 285              	.LASF15:
 286 005f 474E5520 		.ascii	"GNU C 4.9.3 20150303 (release) [ARM/embedded-4_9-br"
 286      4320342E 
 286      392E3320 
 286      32303135 
 286      30333033 
 287 0092 616E6368 		.ascii	"anch revision 221220] -mcpu=cortex-m0 -mthumb -g -O"
 287      20726576 
 287      6973696F 
 287      6E203232 
 287      31323230 
 288 00c5 32202D73 		.ascii	"2 -std=c99 -ffunction-sections -ffat-lto-objects\000"
 288      74643D63 
 288      3939202D 
 288      6666756E 
 288      6374696F 
 289              	.LASF1:
 290 00f6 756E7369 		.ascii	"unsigned char\000"
ARM GAS  C:\Users\g\AppData\Local\Temp\ccdGwvwg.s 			page 8


 290      676E6564 
 290      20636861 
 290      7200
 291              	.LASF11:
 292 0104 63686172 		.ascii	"char\000"
 292      00
 293              	.LASF4:
 294 0109 6C6F6E67 		.ascii	"long int\000"
 294      20696E74 
 294      00
 295              	.LASF16:
 296 0112 2E5C4765 		.ascii	".\\Generated_Source\\PSoC4\\ADC_INT.c\000"
 296      6E657261 
 296      7465645F 
 296      536F7572 
 296      63655C50 
 297              	.LASF10:
 298 0135 646F7562 		.ascii	"double\000"
 298      6C6500
 299              	.LASF13:
 300 013c 72656733 		.ascii	"reg32\000"
 300      3200
 301              	.LASF3:
 302 0142 73686F72 		.ascii	"short unsigned int\000"
 302      7420756E 
 302      7369676E 
 302      65642069 
 302      6E7400
 303              	.LASF0:
 304 0155 7369676E 		.ascii	"signed char\000"
 304      65642063 
 304      68617200 
 305              	.LASF17:
 306 0161 443A5C63 		.ascii	"D:\\code\\cypress\\controllers\\dcsd.cydsn\000"
 306      6F64655C 
 306      63797072 
 306      6573735C 
 306      636F6E74 
 307              	.LASF9:
 308 0188 666C6F61 		.ascii	"float\000"
 308      7400
 309              	.LASF2:
 310 018e 73686F72 		.ascii	"short int\000"
 310      7420696E 
 310      7400
 311              	.LASF14:
 312 0198 73697A65 		.ascii	"sizetype\000"
 312      74797065 
 312      00
 313              		.ident	"GCC: (GNU Tools for ARM Embedded Processors) 4.9.3 20150303 (release) [ARM/embedded-4_9-br
