--------------- Build Started: 02/20/2017 19:35:12 Project: dcsd, Configuration: ARM GCC 4.9-2015-q1-update Debug ---------------
cydsfit.exe -.appdatapath "C:\Users\g\AppData\Local\Cypress Semiconductor\PSoC Creator\4.0" -.fdsnotice -.fdswarpdepfile=warp_dependencies.txt -.fdselabdepfile=elab_dependencies.txt -.fdsbldfile=generated_files.txt -.fdsreffile=referenced_files.txt -p D:\code\cypress\controllers\dcsd.cydsn\dcsd.cyprj -d CY8C4245PVI-482 -s D:\code\cypress\controllers\dcsd.cydsn\Generated_Source\PSoC4 -- -yv2 -q10 -ygs -o2 -v3 -.fftcfgtype=LE
Elaborating Design...
HDL Generation...
Synthesis...
Tech Mapping...
Analog Placement...
Analog Routing...
Analog Code Generation...
Digital Placement...
Digital Routing...
Bitstream Generation...
Bitstream Verification...
Static timing analysis...
API Generation...
Dependency Generation...
Cleanup...
arm-none-eabi-gcc.exe -mcpu=cortex-m0 -mthumb -I. -IGenerated_Source\PSoC4 -Wa,-alh=.\CortexM0\ARM_GCC_493\Debug/main.lst -g -D DEBUG -Wall -ffunction-sections -O2 -ffat-lto-objects -std=c99 -c main.c -o .\CortexM0\ARM_GCC_493\Debug\main.o
arm-none-eabi-gcc.exe -mcpu=cortex-m0 -mthumb -I. -IGenerated_Source\PSoC4 -Wa,-alh=.\CortexM0\ARM_GCC_493\Debug/cyfitter_cfg.lst -g -D DEBUG -Wall -ffunction-sections -O2 -ffat-lto-objects -std=c99 -c Generated_Source\PSoC4\cyfitter_cfg.c -o .\CortexM0\ARM_GCC_493\Debug\cyfitter_cfg.o
arm-none-eabi-gcc.exe -mcpu=cortex-m0 -mthumb -I. -IGenerated_Source\PSoC4 -Wa,-alh=.\CortexM0\ARM_GCC_493\Debug/cybootloader.lst -g -D DEBUG -Wall -ffunction-sections -O2 -ffat-lto-objects -std=c99 -c Generated_Source\PSoC4\cybootloader.c -o .\CortexM0\ARM_GCC_493\Debug\cybootloader.o
arm-none-eabi-gcc.exe -mcpu=cortex-m0 -mthumb -I. -IGenerated_Source\PSoC4 -Wa,-alh=.\CortexM0\ARM_GCC_493\Debug/UART.lst -g -D DEBUG -Wall -ffunction-sections -O2 -ffat-lto-objects -std=c99 -c Generated_Source\PSoC4\UART.c -o .\CortexM0\ARM_GCC_493\Debug\UART.o
arm-none-eabi-gcc.exe -mcpu=cortex-m0 -mthumb -I. -IGenerated_Source\PSoC4 -Wa,-alh=.\CortexM0\ARM_GCC_493\Debug/UART_SPI_UART.lst -g -D DEBUG -Wall -ffunction-sections -O2 -ffat-lto-objects -std=c99 -c Generated_Source\PSoC4\UART_SPI_UART.c -o .\CortexM0\ARM_GCC_493\Debug\UART_SPI_UART.o
arm-none-eabi-gcc.exe -mcpu=cortex-m0 -mthumb -I. -IGenerated_Source\PSoC4 -Wa,-alh=.\CortexM0\ARM_GCC_493\Debug/UART_SPI_UART_INT.lst -g -D DEBUG -Wall -ffunction-sections -O2 -ffat-lto-objects -std=c99 -c Generated_Source\PSoC4\UART_SPI_UART_INT.c -o .\CortexM0\ARM_GCC_493\Debug\UART_SPI_UART_INT.o
arm-none-eabi-gcc.exe -mcpu=cortex-m0 -mthumb -I. -IGenerated_Source\PSoC4 -Wa,-alh=.\CortexM0\ARM_GCC_493\Debug/UART_PM.lst -g -D DEBUG -Wall -ffunction-sections -O2 -ffat-lto-objects -std=c99 -c Generated_Source\PSoC4\UART_PM.c -o .\CortexM0\ARM_GCC_493\Debug\UART_PM.o
arm-none-eabi-gcc.exe -mcpu=cortex-m0 -mthumb -I. -IGenerated_Source\PSoC4 -Wa,-alh=.\CortexM0\ARM_GCC_493\Debug/UART_UART.lst -g -D DEBUG -Wall -ffunction-sections -O2 -ffat-lto-objects -std=c99 -c Generated_Source\PSoC4\UART_UART.c -o .\CortexM0\ARM_GCC_493\Debug\UART_UART.o
arm-none-eabi-gcc.exe -mcpu=cortex-m0 -mthumb -I. -IGenerated_Source\PSoC4 -Wa,-alh=.\CortexM0\ARM_GCC_493\Debug/UART_BOOT.lst -g -D DEBUG -Wall -ffunction-sections -O2 -ffat-lto-objects -std=c99 -c Generated_Source\PSoC4\UART_BOOT.c -o .\CortexM0\ARM_GCC_493\Debug\UART_BOOT.o
arm-none-eabi-gcc.exe -mcpu=cortex-m0 -mthumb -I. -IGenerated_Source\PSoC4 -Wa,-alh=.\CortexM0\ARM_GCC_493\Debug/UART_UART_BOOT.lst -g -D DEBUG -Wall -ffunction-sections -O2 -ffat-lto-objects -std=c99 -c Generated_Source\PSoC4\UART_UART_BOOT.c -o .\CortexM0\ARM_GCC_493\Debug\UART_UART_BOOT.o
arm-none-eabi-ar.exe -rs .\CortexM0\ARM_GCC_493\Debug\dcsd.a .\CortexM0\ARM_GCC_493\Debug\cyfitter_cfg.o .\CortexM0\ARM_GCC_493\Debug\PWM_MOT.o .\CortexM0\ARM_GCC_493\Debug\PWM_MOT_PM.o .\CortexM0\ARM_GCC_493\Debug\vin.o .\CortexM0\ARM_GCC_493\Debug\vin_PM.o .\CortexM0\ARM_GCC_493\Debug\err.o .\CortexM0\ARM_GCC_493\Debug\err_PM.o .\CortexM0\ARM_GCC_493\Debug\phase.o .\CortexM0\ARM_GCC_493\Debug\phase_PM.o .\CortexM0\ARM_GCC_493\Debug\enable.o .\CortexM0\ARM_GCC_493\Debug\enable_PM.o .\CortexM0\ARM_GCC_493\Debug\sleep.o .\CortexM0\ARM_GCC_493\Debug\sleep_PM.o .\CortexM0\ARM_GCC_493\Debug\Bootloadable_1.o .\CortexM0\ARM_GCC_493\Debug\fault.o .\CortexM0\ARM_GCC_493\Debug\fault_PM.o .\CortexM0\ARM_GCC_493\Debug\ovc.o .\CortexM0\ARM_GCC_493\Debug\ovc_PM.o .\CortexM0\ARM_GCC_493\Debug\ADC.o .\CortexM0\ARM_GCC_493\Debug\ADC_PM.o .\CortexM0\ARM_GCC_493\Debug\ADC_INT.o .\CortexM0\ARM_GCC_493\Debug\isense.o .\CortexM0\ARM_GCC_493\Debug\isense_PM.o .\CortexM0\ARM_GCC_493\Debug\UART.o .\CortexM0\ARM_GCC_493\Debug\UART_SPI_UART.o .\CortexM0\ARM_GCC_493\Debug\UART_SPI_UART_INT.o .\CortexM0\ARM_GCC_493\Debug\UART_PM.o .\CortexM0\ARM_GCC_493\Debug\UART_UART.o .\CortexM0\ARM_GCC_493\Debug\UART_BOOT.o .\CortexM0\ARM_GCC_493\Debug\UART_UART_BOOT.o .\CortexM0\ARM_GCC_493\Debug\reset.o .\CortexM0\ARM_GCC_493\Debug\reset_PM.o .\CortexM0\ARM_GCC_493\Debug\error.o .\CortexM0\ARM_GCC_493\Debug\error_PM.o .\CortexM0\ARM_GCC_493\Debug\A.o .\CortexM0\ARM_GCC_493\Debug\A_PM.o .\CortexM0\ARM_GCC_493\Debug\B.o .\CortexM0\ARM_GCC_493\Debug\B_PM.o .\CortexM0\ARM_GCC_493\Debug\direction.o .\CortexM0\ARM_GCC_493\Debug\direction_PM.o .\CortexM0\ARM_GCC_493\Debug\step.o .\CortexM0\ARM_GCC_493\Debug\step_PM.o .\CortexM0\ARM_GCC_493\Debug\ADC_IRQ.o .\CortexM0\ARM_GCC_493\Debug\ADC_intClock.o .\CortexM0\ARM_GCC_493\Debug\UART_SCBCLK.o .\CortexM0\ARM_GCC_493\Debug\UART_tx.o .\CortexM0\ARM_GCC_493\Debug\UART_tx_PM.o .\CortexM0\ARM_GCC_493\Debug\UART_rx.o .\CortexM0\ARM_GCC_493\Debug\UART_rx_PM.o .\CortexM0\ARM_GCC_493\Debug\CyFlash.o .\CortexM0\ARM_GCC_493\Debug\CyLib.o .\CortexM0\ARM_GCC_493\Debug\cyPm.o .\CortexM0\ARM_GCC_493\Debug\cyutils.o .\CortexM0\ARM_GCC_493\Debug\CyLFClk.o .\CortexM0\ARM_GCC_493\Debug\pwmClk.o .\CortexM0\ARM_GCC_493\Debug\Cyclk12.o .\CortexM0\ARM_GCC_493\Debug\stepISR.o .\CortexM0\ARM_GCC_493\Debug\rxISR.o .\CortexM0\ARM_GCC_493\Debug\TX_SEND.o .\CortexM0\ARM_GCC_493\Debug\TX_SEND_PM.o .\CortexM0\ARM_GCC_493\Debug\txISR.o .\CortexM0\ARM_GCC_493\Debug\EEPROM.o .\CortexM0\ARM_GCC_493\Debug\QDEC.o .\CortexM0\ARM_GCC_493\Debug\QDEC_INT.o .\CortexM0\ARM_GCC_493\Debug\QDEC_PM.o .\CortexM0\ARM_GCC_493\Debug\QDEC_isr.o .\CortexM0\ARM_GCC_493\Debug\QDEC_Cnt16.o .\CortexM0\ARM_GCC_493\Debug\QDEC_Cnt16_PM.o .\CortexM0\ARM_GCC_493\Debug\CyBootAsmGnu.o
arm-none-eabi-ar.exe: creating .\CortexM0\ARM_GCC_493\Debug\dcsd.a
arm-none-eabi-gcc.exe -Wl,--start-group -o .\CortexM0\ARM_GCC_493\Debug\dcsd.elf .\CortexM0\ARM_GCC_493\Debug\main.o .\CortexM0\ARM_GCC_493\Debug\cybootloader.o .\CortexM0\ARM_GCC_493\Debug\cymetadata.o .\CortexM0\ARM_GCC_493\Debug\Cm0Start.o .\CortexM0\ARM_GCC_493\Debug\dcsd.a "C:\Program Files (x86)\Cypress\PSoC Creator\4.0\PSoC Creator\psoc\content\cycomponentlibrary\CyComponentLibrary.cylib\CortexM0\ARM_GCC_493\Debug\CyComponentLibrary.a" -mcpu=cortex-m0 -mthumb -g -ffunction-sections -O2 -ffat-lto-objects -L Generated_Source\PSoC4 -Wl,-Map,.\CortexM0\ARM_GCC_493\Debug/dcsd.map -T D:\code\cypress\controllers\dcsd.cydsn\Generated_Source\PSoC4\cm0gcc.ld -specs=nano.specs -Wl,--gc-sections -Wl,--end-group
cyelftool.exe -B D:\code\cypress\controllers\dcsd.cydsn\CortexM0\ARM_GCC_493\Debug\dcsd.elf --flash_row_size 128 --flash_size 32768 --flash_array_size 32768
cyelftool.exe -S D:\code\cypress\controllers\dcsd.cydsn\CortexM0\ARM_GCC_493\Debug\dcsd.elf
Flash used: 13896 of 32768 bytes (42.4 %). Bootloader: 5888 bytes. Application: 7880 bytes. Metadata: 128 bytes.
SRAM used: 728 of 4096 bytes (17.8 %). Stack: 256 bytes. Heap: 32 bytes.
--------------- Build Succeeded: 02/20/2017 19:35:23 ---------------
