ARM GAS  C:\Users\g\AppData\Local\Temp\ccwBsb0q.s 			page 1


   1              		.cpu cortex-m0
   2              		.fpu softvfp
   3              		.eabi_attribute 20, 1
   4              		.eabi_attribute 21, 1
   5              		.eabi_attribute 23, 3
   6              		.eabi_attribute 24, 1
   7              		.eabi_attribute 25, 1
   8              		.eabi_attribute 26, 1
   9              		.eabi_attribute 30, 2
  10              		.eabi_attribute 34, 0
  11              		.eabi_attribute 18, 4
  12              		.code	16
  13              		.file	"cymetadata.c"
  14              		.text
  15              	.Ltext0:
  16              		.cfi_sections	.debug_frame
  17              		.global	cy_meta_loadable
  18              		.section	.cyloadablemeta,"a",%progbits
  19              		.align	2
  20              		.type	cy_meta_loadable, %object
  21              		.size	cy_meta_loadable, 64
  22              	cy_meta_loadable:
  23 0000 00000000 		.space	64
  23      00000000 
  23      00000000 
  23      00000000 
  23      00000000 
  24              		.text
  25              	.Letext0:
  26              		.file 1 ".\\Generated_Source\\PSoC4\\cytypes.h"
  27              		.file 2 ".\\Generated_Source\\PSoC4\\cymetadata.c"
  28              		.section	.debug_info,"",%progbits
  29              	.Ldebug_info0:
  30 0000 AE000000 		.4byte	0xae
  31 0004 0400     		.2byte	0x4
  32 0006 00000000 		.4byte	.Ldebug_abbrev0
  33 000a 04       		.byte	0x4
  34 000b 01       		.uleb128 0x1
  35 000c F7000000 		.4byte	.LASF13
  36 0010 01       		.byte	0x1
  37 0011 67000000 		.4byte	.LASF14
  38 0015 40000000 		.4byte	.LASF15
  39 0019 00000000 		.4byte	.Ldebug_line0
  40 001d 02       		.uleb128 0x2
  41 001e 01       		.byte	0x1
  42 001f 06       		.byte	0x6
  43 0020 8E010000 		.4byte	.LASF0
  44 0024 02       		.uleb128 0x2
  45 0025 01       		.byte	0x1
  46 0026 08       		.byte	0x8
  47 0027 0D000000 		.4byte	.LASF1
  48 002b 02       		.uleb128 0x2
  49 002c 02       		.byte	0x2
  50 002d 05       		.byte	0x5
  51 002e DE000000 		.4byte	.LASF2
  52 0032 02       		.uleb128 0x2
  53 0033 02       		.byte	0x2
ARM GAS  C:\Users\g\AppData\Local\Temp\ccwBsb0q.s 			page 2


  54 0034 07       		.byte	0x7
  55 0035 2D000000 		.4byte	.LASF3
  56 0039 02       		.uleb128 0x2
  57 003a 04       		.byte	0x4
  58 003b 05       		.byte	0x5
  59 003c EE000000 		.4byte	.LASF4
  60 0040 02       		.uleb128 0x2
  61 0041 04       		.byte	0x4
  62 0042 07       		.byte	0x7
  63 0043 1B000000 		.4byte	.LASF5
  64 0047 02       		.uleb128 0x2
  65 0048 08       		.byte	0x8
  66 0049 05       		.byte	0x5
  67 004a CB000000 		.4byte	.LASF6
  68 004e 02       		.uleb128 0x2
  69 004f 08       		.byte	0x8
  70 0050 07       		.byte	0x7
  71 0051 9A000000 		.4byte	.LASF7
  72 0055 03       		.uleb128 0x3
  73 0056 04       		.byte	0x4
  74 0057 05       		.byte	0x5
  75 0058 696E7400 		.ascii	"int\000"
  76 005c 02       		.uleb128 0x2
  77 005d 04       		.byte	0x4
  78 005e 07       		.byte	0x7
  79 005f 8D000000 		.4byte	.LASF8
  80 0063 04       		.uleb128 0x4
  81 0064 E8000000 		.4byte	.LASF16
  82 0068 01       		.byte	0x1
  83 0069 9801     		.2byte	0x198
  84 006b 24000000 		.4byte	0x24
  85 006f 02       		.uleb128 0x2
  86 0070 04       		.byte	0x4
  87 0071 04       		.byte	0x4
  88 0072 07000000 		.4byte	.LASF9
  89 0076 02       		.uleb128 0x2
  90 0077 08       		.byte	0x8
  91 0078 04       		.byte	0x4
  92 0079 00000000 		.4byte	.LASF10
  93 007d 02       		.uleb128 0x2
  94 007e 01       		.byte	0x1
  95 007f 08       		.byte	0x8
  96 0080 D9000000 		.4byte	.LASF11
  97 0084 05       		.uleb128 0x5
  98 0085 63000000 		.4byte	0x63
  99 0089 94000000 		.4byte	0x94
 100 008d 06       		.uleb128 0x6
 101 008e 94000000 		.4byte	0x94
 102 0092 3F       		.byte	0x3f
 103 0093 00       		.byte	0
 104 0094 02       		.uleb128 0x2
 105 0095 04       		.byte	0x4
 106 0096 07       		.byte	0x7
 107 0097 C2000000 		.4byte	.LASF12
 108 009b 07       		.uleb128 0x7
 109 009c B1000000 		.4byte	.LASF17
 110 00a0 02       		.byte	0x2
ARM GAS  C:\Users\g\AppData\Local\Temp\ccwBsb0q.s 			page 3


 111 00a1 1F       		.byte	0x1f
 112 00a2 AC000000 		.4byte	0xac
 113 00a6 05       		.uleb128 0x5
 114 00a7 03       		.byte	0x3
 115 00a8 00000000 		.4byte	cy_meta_loadable
 116 00ac 08       		.uleb128 0x8
 117 00ad 84000000 		.4byte	0x84
 118 00b1 00       		.byte	0
 119              		.section	.debug_abbrev,"",%progbits
 120              	.Ldebug_abbrev0:
 121 0000 01       		.uleb128 0x1
 122 0001 11       		.uleb128 0x11
 123 0002 01       		.byte	0x1
 124 0003 25       		.uleb128 0x25
 125 0004 0E       		.uleb128 0xe
 126 0005 13       		.uleb128 0x13
 127 0006 0B       		.uleb128 0xb
 128 0007 03       		.uleb128 0x3
 129 0008 0E       		.uleb128 0xe
 130 0009 1B       		.uleb128 0x1b
 131 000a 0E       		.uleb128 0xe
 132 000b 10       		.uleb128 0x10
 133 000c 17       		.uleb128 0x17
 134 000d 00       		.byte	0
 135 000e 00       		.byte	0
 136 000f 02       		.uleb128 0x2
 137 0010 24       		.uleb128 0x24
 138 0011 00       		.byte	0
 139 0012 0B       		.uleb128 0xb
 140 0013 0B       		.uleb128 0xb
 141 0014 3E       		.uleb128 0x3e
 142 0015 0B       		.uleb128 0xb
 143 0016 03       		.uleb128 0x3
 144 0017 0E       		.uleb128 0xe
 145 0018 00       		.byte	0
 146 0019 00       		.byte	0
 147 001a 03       		.uleb128 0x3
 148 001b 24       		.uleb128 0x24
 149 001c 00       		.byte	0
 150 001d 0B       		.uleb128 0xb
 151 001e 0B       		.uleb128 0xb
 152 001f 3E       		.uleb128 0x3e
 153 0020 0B       		.uleb128 0xb
 154 0021 03       		.uleb128 0x3
 155 0022 08       		.uleb128 0x8
 156 0023 00       		.byte	0
 157 0024 00       		.byte	0
 158 0025 04       		.uleb128 0x4
 159 0026 16       		.uleb128 0x16
 160 0027 00       		.byte	0
 161 0028 03       		.uleb128 0x3
 162 0029 0E       		.uleb128 0xe
 163 002a 3A       		.uleb128 0x3a
 164 002b 0B       		.uleb128 0xb
 165 002c 3B       		.uleb128 0x3b
 166 002d 05       		.uleb128 0x5
 167 002e 49       		.uleb128 0x49
ARM GAS  C:\Users\g\AppData\Local\Temp\ccwBsb0q.s 			page 4


 168 002f 13       		.uleb128 0x13
 169 0030 00       		.byte	0
 170 0031 00       		.byte	0
 171 0032 05       		.uleb128 0x5
 172 0033 01       		.uleb128 0x1
 173 0034 01       		.byte	0x1
 174 0035 49       		.uleb128 0x49
 175 0036 13       		.uleb128 0x13
 176 0037 01       		.uleb128 0x1
 177 0038 13       		.uleb128 0x13
 178 0039 00       		.byte	0
 179 003a 00       		.byte	0
 180 003b 06       		.uleb128 0x6
 181 003c 21       		.uleb128 0x21
 182 003d 00       		.byte	0
 183 003e 49       		.uleb128 0x49
 184 003f 13       		.uleb128 0x13
 185 0040 2F       		.uleb128 0x2f
 186 0041 0B       		.uleb128 0xb
 187 0042 00       		.byte	0
 188 0043 00       		.byte	0
 189 0044 07       		.uleb128 0x7
 190 0045 34       		.uleb128 0x34
 191 0046 00       		.byte	0
 192 0047 03       		.uleb128 0x3
 193 0048 0E       		.uleb128 0xe
 194 0049 3A       		.uleb128 0x3a
 195 004a 0B       		.uleb128 0xb
 196 004b 3B       		.uleb128 0x3b
 197 004c 0B       		.uleb128 0xb
 198 004d 49       		.uleb128 0x49
 199 004e 13       		.uleb128 0x13
 200 004f 3F       		.uleb128 0x3f
 201 0050 19       		.uleb128 0x19
 202 0051 02       		.uleb128 0x2
 203 0052 18       		.uleb128 0x18
 204 0053 00       		.byte	0
 205 0054 00       		.byte	0
 206 0055 08       		.uleb128 0x8
 207 0056 26       		.uleb128 0x26
 208 0057 00       		.byte	0
 209 0058 49       		.uleb128 0x49
 210 0059 13       		.uleb128 0x13
 211 005a 00       		.byte	0
 212 005b 00       		.byte	0
 213 005c 00       		.byte	0
 214              		.section	.debug_aranges,"",%progbits
 215 0000 14000000 		.4byte	0x14
 216 0004 0200     		.2byte	0x2
 217 0006 00000000 		.4byte	.Ldebug_info0
 218 000a 04       		.byte	0x4
 219 000b 00       		.byte	0
 220 000c 0000     		.2byte	0
 221 000e 0000     		.2byte	0
 222 0010 00000000 		.4byte	0
 223 0014 00000000 		.4byte	0
 224              		.section	.debug_line,"",%progbits
ARM GAS  C:\Users\g\AppData\Local\Temp\ccwBsb0q.s 			page 5


 225              	.Ldebug_line0:
 226 0000 4F000000 		.section	.debug_str,"MS",%progbits,1
 226      02004900 
 226      00000201 
 226      FB0E0D00 
 226      01010101 
 227              	.LASF10:
 228 0000 646F7562 		.ascii	"double\000"
 228      6C6500
 229              	.LASF9:
 230 0007 666C6F61 		.ascii	"float\000"
 230      7400
 231              	.LASF1:
 232 000d 756E7369 		.ascii	"unsigned char\000"
 232      676E6564 
 232      20636861 
 232      7200
 233              	.LASF5:
 234 001b 6C6F6E67 		.ascii	"long unsigned int\000"
 234      20756E73 
 234      69676E65 
 234      6420696E 
 234      7400
 235              	.LASF3:
 236 002d 73686F72 		.ascii	"short unsigned int\000"
 236      7420756E 
 236      7369676E 
 236      65642069 
 236      6E7400
 237              	.LASF15:
 238 0040 443A5C63 		.ascii	"D:\\code\\cypress\\controllers\\dcsd.cydsn\000"
 238      6F64655C 
 238      63797072 
 238      6573735C 
 238      636F6E74 
 239              	.LASF14:
 240 0067 2E5C4765 		.ascii	".\\Generated_Source\\PSoC4\\cymetadata.c\000"
 240      6E657261 
 240      7465645F 
 240      536F7572 
 240      63655C50 
 241              	.LASF8:
 242 008d 756E7369 		.ascii	"unsigned int\000"
 242      676E6564 
 242      20696E74 
 242      00
 243              	.LASF7:
 244 009a 6C6F6E67 		.ascii	"long long unsigned int\000"
 244      206C6F6E 
 244      6720756E 
 244      7369676E 
 244      65642069 
 245              	.LASF17:
 246 00b1 63795F6D 		.ascii	"cy_meta_loadable\000"
 246      6574615F 
 246      6C6F6164 
 246      61626C65 
ARM GAS  C:\Users\g\AppData\Local\Temp\ccwBsb0q.s 			page 6


 246      00
 247              	.LASF12:
 248 00c2 73697A65 		.ascii	"sizetype\000"
 248      74797065 
 248      00
 249              	.LASF6:
 250 00cb 6C6F6E67 		.ascii	"long long int\000"
 250      206C6F6E 
 250      6720696E 
 250      7400
 251              	.LASF11:
 252 00d9 63686172 		.ascii	"char\000"
 252      00
 253              	.LASF2:
 254 00de 73686F72 		.ascii	"short int\000"
 254      7420696E 
 254      7400
 255              	.LASF16:
 256 00e8 75696E74 		.ascii	"uint8\000"
 256      3800
 257              	.LASF4:
 258 00ee 6C6F6E67 		.ascii	"long int\000"
 258      20696E74 
 258      00
 259              	.LASF13:
 260 00f7 474E5520 		.ascii	"GNU C 4.9.3 20150303 (release) [ARM/embedded-4_9-br"
 260      4320342E 
 260      392E3320 
 260      32303135 
 260      30333033 
 261 012a 616E6368 		.ascii	"anch revision 221220] -mcpu=cortex-m0 -mthumb -g -O"
 261      20726576 
 261      6973696F 
 261      6E203232 
 261      31323230 
 262 015d 32202D73 		.ascii	"2 -std=c99 -ffunction-sections -ffat-lto-objects\000"
 262      74643D63 
 262      3939202D 
 262      6666756E 
 262      6374696F 
 263              	.LASF0:
 264 018e 7369676E 		.ascii	"signed char\000"
 264      65642063 
 264      68617200 
 265              		.ident	"GCC: (GNU Tools for ARM Embedded Processors) 4.9.3 20150303 (release) [ARM/embedded-4_9-br
