ARM GAS  C:\Users\g\AppData\Local\Temp\cccbWjAy.s 			page 1


   1              		.cpu cortex-m0
   2              		.fpu softvfp
   3              		.eabi_attribute 20, 1
   4              		.eabi_attribute 21, 1
   5              		.eabi_attribute 23, 3
   6              		.eabi_attribute 24, 1
   7              		.eabi_attribute 25, 1
   8              		.eabi_attribute 26, 1
   9              		.eabi_attribute 30, 2
  10              		.eabi_attribute 34, 0
  11              		.eabi_attribute 18, 4
  12              		.code	16
  13              		.file	"EEPROM.c"
  14              		.text
  15              	.Ltext0:
  16              		.cfi_sections	.debug_frame
  17              		.section	.text.EEPROM_Start,"ax",%progbits
  18              		.align	2
  19              		.global	EEPROM_Start
  20              		.code	16
  21              		.thumb_func
  22              		.type	EEPROM_Start, %function
  23              	EEPROM_Start:
  24              	.LFB0:
  25              		.file 1 "Generated_Source\\PSoC4\\EEPROM.c"
   1:Generated_Source\PSoC4/EEPROM.c **** /*******************************************************************************
   2:Generated_Source\PSoC4/EEPROM.c **** * File Name: EEPROM.c
   3:Generated_Source\PSoC4/EEPROM.c **** * Version 1.10
   4:Generated_Source\PSoC4/EEPROM.c **** *
   5:Generated_Source\PSoC4/EEPROM.c **** * Description:
   6:Generated_Source\PSoC4/EEPROM.c **** *  This file provides the source code to API for the Emulated EEPROM Component.
   7:Generated_Source\PSoC4/EEPROM.c **** *
   8:Generated_Source\PSoC4/EEPROM.c **** ********************************************************************************
   9:Generated_Source\PSoC4/EEPROM.c **** * Copyright 2013, Cypress Semiconductor Corporation.  All rights reserved.
  10:Generated_Source\PSoC4/EEPROM.c **** * You may use this file only in accordance with the license, terms, conditions,
  11:Generated_Source\PSoC4/EEPROM.c **** * disclaimers, and limitations in the end user license agreement accompanying
  12:Generated_Source\PSoC4/EEPROM.c **** * the software package with which this file was provided.
  13:Generated_Source\PSoC4/EEPROM.c **** *******************************************************************************/
  14:Generated_Source\PSoC4/EEPROM.c **** 
  15:Generated_Source\PSoC4/EEPROM.c **** #include "EEPROM.h"
  16:Generated_Source\PSoC4/EEPROM.c **** 
  17:Generated_Source\PSoC4/EEPROM.c **** 
  18:Generated_Source\PSoC4/EEPROM.c **** /*******************************************************************************
  19:Generated_Source\PSoC4/EEPROM.c **** * Function Name: EEPROM_Start
  20:Generated_Source\PSoC4/EEPROM.c **** ********************************************************************************
  21:Generated_Source\PSoC4/EEPROM.c **** *
  22:Generated_Source\PSoC4/EEPROM.c **** * Summary:
  23:Generated_Source\PSoC4/EEPROM.c **** *  Empty function. Included for consistency with other
  24:Generated_Source\PSoC4/EEPROM.c **** *  components.
  25:Generated_Source\PSoC4/EEPROM.c **** *
  26:Generated_Source\PSoC4/EEPROM.c **** * Parameters:
  27:Generated_Source\PSoC4/EEPROM.c **** *  None
  28:Generated_Source\PSoC4/EEPROM.c **** *
  29:Generated_Source\PSoC4/EEPROM.c **** * Return:
  30:Generated_Source\PSoC4/EEPROM.c **** *  None
  31:Generated_Source\PSoC4/EEPROM.c **** *
  32:Generated_Source\PSoC4/EEPROM.c **** *******************************************************************************/
ARM GAS  C:\Users\g\AppData\Local\Temp\cccbWjAy.s 			page 2


  33:Generated_Source\PSoC4/EEPROM.c **** void EEPROM_Start(void) 
  34:Generated_Source\PSoC4/EEPROM.c **** {
  26              		.loc 1 34 0
  27              		.cfi_startproc
  35:Generated_Source\PSoC4/EEPROM.c **** 
  36:Generated_Source\PSoC4/EEPROM.c **** }
  28              		.loc 1 36 0
  29              		@ sp needed
  30 0000 7047     		bx	lr
  31              		.cfi_endproc
  32              	.LFE0:
  33              		.size	EEPROM_Start, .-EEPROM_Start
  34 0002 C046     		.section	.text.EEPROM_Stop,"ax",%progbits
  35              		.align	2
  36              		.global	EEPROM_Stop
  37              		.code	16
  38              		.thumb_func
  39              		.type	EEPROM_Stop, %function
  40              	EEPROM_Stop:
  41              	.LFB1:
  37:Generated_Source\PSoC4/EEPROM.c **** 
  38:Generated_Source\PSoC4/EEPROM.c **** 
  39:Generated_Source\PSoC4/EEPROM.c **** /*******************************************************************************
  40:Generated_Source\PSoC4/EEPROM.c **** * Function Name: EEPROM_Stop
  41:Generated_Source\PSoC4/EEPROM.c **** ********************************************************************************
  42:Generated_Source\PSoC4/EEPROM.c **** *
  43:Generated_Source\PSoC4/EEPROM.c **** * Summary:
  44:Generated_Source\PSoC4/EEPROM.c **** *  Empty function. Included for consistency with other
  45:Generated_Source\PSoC4/EEPROM.c **** *  components.
  46:Generated_Source\PSoC4/EEPROM.c **** *
  47:Generated_Source\PSoC4/EEPROM.c **** * Parameters:
  48:Generated_Source\PSoC4/EEPROM.c **** *  None
  49:Generated_Source\PSoC4/EEPROM.c **** *
  50:Generated_Source\PSoC4/EEPROM.c **** * Return:
  51:Generated_Source\PSoC4/EEPROM.c **** *  None
  52:Generated_Source\PSoC4/EEPROM.c **** *
  53:Generated_Source\PSoC4/EEPROM.c **** *******************************************************************************/
  54:Generated_Source\PSoC4/EEPROM.c **** void EEPROM_Stop(void) 
  55:Generated_Source\PSoC4/EEPROM.c **** {
  42              		.loc 1 55 0
  43              		.cfi_startproc
  56:Generated_Source\PSoC4/EEPROM.c **** 
  57:Generated_Source\PSoC4/EEPROM.c **** }
  44              		.loc 1 57 0
  45              		@ sp needed
  46 0000 7047     		bx	lr
  47              		.cfi_endproc
  48              	.LFE1:
  49              		.size	EEPROM_Stop, .-EEPROM_Stop
  50 0002 C046     		.section	.text.EEPROM_Write,"ax",%progbits
  51              		.align	2
  52              		.global	EEPROM_Write
  53              		.code	16
  54              		.thumb_func
  55              		.type	EEPROM_Write, %function
  56              	EEPROM_Write:
  57              	.LFB2:
ARM GAS  C:\Users\g\AppData\Local\Temp\cccbWjAy.s 			page 3


  58:Generated_Source\PSoC4/EEPROM.c **** 
  59:Generated_Source\PSoC4/EEPROM.c **** 
  60:Generated_Source\PSoC4/EEPROM.c **** /*******************************************************************************
  61:Generated_Source\PSoC4/EEPROM.c **** * Function Name: EEPROM_Write
  62:Generated_Source\PSoC4/EEPROM.c **** ********************************************************************************
  63:Generated_Source\PSoC4/EEPROM.c **** *
  64:Generated_Source\PSoC4/EEPROM.c **** * Summary:
  65:Generated_Source\PSoC4/EEPROM.c **** *  Writes the specified number of bytes from the source buffer in SRAM to the
  66:Generated_Source\PSoC4/EEPROM.c **** *  emulated EEPROM array in flash, without modifying other data in flash.
  67:Generated_Source\PSoC4/EEPROM.c **** *
  68:Generated_Source\PSoC4/EEPROM.c **** * Parameters:
  69:Generated_Source\PSoC4/EEPROM.c **** *  srcBuf:    Pointer to the SRAM buffer holding the data to write.
  70:Generated_Source\PSoC4/EEPROM.c **** *  eepromPtr: Pointer to the array or variable in flash representing
  71:Generated_Source\PSoC4/EEPROM.c **** *             the emulated EEPROM.
  72:Generated_Source\PSoC4/EEPROM.c **** *  byteCount: Number of bytes to write from srcBuf to eepromPtr.
  73:Generated_Source\PSoC4/EEPROM.c **** *
  74:Generated_Source\PSoC4/EEPROM.c **** * Return:
  75:Generated_Source\PSoC4/EEPROM.c **** *    CYRET_SUCCESS     Successful write.
  76:Generated_Source\PSoC4/EEPROM.c **** *    CYRET_BAD_PARAM   eepromPtr is out of range of flash memory.
  77:Generated_Source\PSoC4/EEPROM.c **** *    CYRET_UNKNOWN     Other error in writing flash.
  78:Generated_Source\PSoC4/EEPROM.c **** *
  79:Generated_Source\PSoC4/EEPROM.c **** *******************************************************************************/
  80:Generated_Source\PSoC4/EEPROM.c **** #if (CY_PSOC3)
  81:Generated_Source\PSoC4/EEPROM.c ****     cystatus EEPROM_Write(const uint8 srcBuf[], const uint8 eepromPtr[], uint16 byteCount)
  82:Generated_Source\PSoC4/EEPROM.c ****                                                                             
  83:Generated_Source\PSoC4/EEPROM.c **** #else
  84:Generated_Source\PSoC4/EEPROM.c ****     cystatus EEPROM_Write(const uint8 srcBuf[], const uint8 eepromPtr[], uint32 byteCount)
  85:Generated_Source\PSoC4/EEPROM.c **** #endif /* (!CY_PSOC3) */
  86:Generated_Source\PSoC4/EEPROM.c **** {
  58              		.loc 1 86 0
  59              		.cfi_startproc
  60              	.LVL0:
  61 0000 F0B5     		push	{r4, r5, r6, r7, lr}
  62              		.cfi_def_cfa_offset 20
  63              		.cfi_offset 4, -20
  64              		.cfi_offset 5, -16
  65              		.cfi_offset 6, -12
  66              		.cfi_offset 7, -8
  67              		.cfi_offset 14, -4
  68 0002 4D46     		mov	r5, r9
  69 0004 4446     		mov	r4, r8
  70 0006 5F46     		mov	r7, fp
  71 0008 5646     		mov	r6, r10
  72 000a F0B4     		push	{r4, r5, r6, r7}
  73              		.cfi_def_cfa_offset 36
  74              		.cfi_offset 8, -36
  75              		.cfi_offset 9, -32
  76              		.cfi_offset 10, -28
  77              		.cfi_offset 11, -24
  87:Generated_Source\PSoC4/EEPROM.c ****     uint8 writeBuffer[CY_FLASH_SIZEOF_ROW];
  88:Generated_Source\PSoC4/EEPROM.c ****     uint32 arrayId;
  89:Generated_Source\PSoC4/EEPROM.c ****     uint32 rowId;
  90:Generated_Source\PSoC4/EEPROM.c ****     uint32 dstIndex;
  91:Generated_Source\PSoC4/EEPROM.c ****     uint32 srcIndex;
  92:Generated_Source\PSoC4/EEPROM.c ****     cystatus rc;
  93:Generated_Source\PSoC4/EEPROM.c ****     uint32 eeOffset;
  94:Generated_Source\PSoC4/EEPROM.c ****     uint32 byteOffset;
ARM GAS  C:\Users\g\AppData\Local\Temp\cccbWjAy.s 			page 4


  95:Generated_Source\PSoC4/EEPROM.c ****     
  96:Generated_Source\PSoC4/EEPROM.c ****     #if (!CY_PSOC4)
  97:Generated_Source\PSoC4/EEPROM.c ****         #if (CYDEV_ECC_ENABLE == 0)
  98:Generated_Source\PSoC4/EEPROM.c ****             uint8 rowBuffer[CY_FLASH_SIZEOF_ROW + CY_FLASH_SIZEOF_ECC_ROW];
  99:Generated_Source\PSoC4/EEPROM.c ****         #endif /* CYDEV_ECC_ENABLE == 0) */
 100:Generated_Source\PSoC4/EEPROM.c ****     #endif /* (!CY_PSOC4) */
 101:Generated_Source\PSoC4/EEPROM.c **** 
 102:Generated_Source\PSoC4/EEPROM.c ****     eeOffset = (uint32)eepromPtr;
 103:Generated_Source\PSoC4/EEPROM.c ****     #if (CY_PSOC3)
 104:Generated_Source\PSoC4/EEPROM.c ****         eeOffset &= EEPROM_CODE_ADDR_MASK;
 105:Generated_Source\PSoC4/EEPROM.c ****     #endif /* (CY_PSOC3) */
 106:Generated_Source\PSoC4/EEPROM.c **** 
 107:Generated_Source\PSoC4/EEPROM.c ****     /* Make sure, that eepromPtr[] points to ROM */
 108:Generated_Source\PSoC4/EEPROM.c ****     #if (CY_PSOC3)
 109:Generated_Source\PSoC4/EEPROM.c ****         if (((uint32)eepromPtr >= EEPROM_CODE_ADDR_OFFSET) &&
 110:Generated_Source\PSoC4/EEPROM.c ****             (((uint32)eepromPtr + byteCount) <= EEPROM_CODE_ADDR_END))
 111:Generated_Source\PSoC4/EEPROM.c ****     #else
 112:Generated_Source\PSoC4/EEPROM.c ****         if (((uint32)eepromPtr + byteCount) < EEPROM_FLASH_END_ADDR)
  78              		.loc 1 112 0
  79 000c 214C     		ldr	r4, .L20
  80 000e 8D18     		add	r5, r1, r2
  86:Generated_Source\PSoC4/EEPROM.c ****     uint8 writeBuffer[CY_FLASH_SIZEOF_ROW];
  81              		.loc 1 86 0
  82 0010 031C     		mov	r3, r0
  83 0012 A1B0     		sub	sp, sp, #132
  84              		.cfi_def_cfa_offset 168
 113:Generated_Source\PSoC4/EEPROM.c ****     #endif /* (CY_PSOC3) */
 114:Generated_Source\PSoC4/EEPROM.c ****     {
 115:Generated_Source\PSoC4/EEPROM.c ****         #if (!CY_PSOC4)
 116:Generated_Source\PSoC4/EEPROM.c ****             (void)CySetTemp();
 117:Generated_Source\PSoC4/EEPROM.c **** 
 118:Generated_Source\PSoC4/EEPROM.c ****             #if(CYDEV_ECC_ENABLE == 0)
 119:Generated_Source\PSoC4/EEPROM.c ****                 (void)CySetFlashEEBuffer(rowBuffer);
 120:Generated_Source\PSoC4/EEPROM.c ****             #endif
 121:Generated_Source\PSoC4/EEPROM.c ****         #endif /* (!CY_PSOC4) */
 122:Generated_Source\PSoC4/EEPROM.c **** 
 123:Generated_Source\PSoC4/EEPROM.c ****         arrayId = eeOffset / CY_FLASH_SIZEOF_ARRAY;
 124:Generated_Source\PSoC4/EEPROM.c ****         rowId = (eeOffset / CY_FLASH_SIZEOF_ROW) % EEPROM_ROWS_IN_ARRAY;
 125:Generated_Source\PSoC4/EEPROM.c ****         byteOffset = (CY_FLASH_SIZEOF_ARRAY * arrayId) + (CY_FLASH_SIZEOF_ROW * rowId);
 126:Generated_Source\PSoC4/EEPROM.c ****         srcIndex = 0u;
 127:Generated_Source\PSoC4/EEPROM.c **** 
 128:Generated_Source\PSoC4/EEPROM.c ****         rc = CYRET_SUCCESS;
 129:Generated_Source\PSoC4/EEPROM.c **** 
 130:Generated_Source\PSoC4/EEPROM.c ****         while ((srcIndex < byteCount) && (CYRET_SUCCESS == rc))
 131:Generated_Source\PSoC4/EEPROM.c ****         {
 132:Generated_Source\PSoC4/EEPROM.c ****             /* Copy data to the write buffer either from the source buffer or from the flash */
 133:Generated_Source\PSoC4/EEPROM.c ****             for (dstIndex = 0u; dstIndex < CY_FLASH_SIZEOF_ROW; dstIndex++)
 134:Generated_Source\PSoC4/EEPROM.c ****             {
 135:Generated_Source\PSoC4/EEPROM.c ****                 if ((byteOffset >= eeOffset) && (srcIndex < byteCount))
 136:Generated_Source\PSoC4/EEPROM.c ****                 {
 137:Generated_Source\PSoC4/EEPROM.c ****                     writeBuffer[dstIndex] = srcBuf[srcIndex];
 138:Generated_Source\PSoC4/EEPROM.c ****                     srcIndex++;
 139:Generated_Source\PSoC4/EEPROM.c ****                 }
 140:Generated_Source\PSoC4/EEPROM.c ****                 else
 141:Generated_Source\PSoC4/EEPROM.c ****                 {
 142:Generated_Source\PSoC4/EEPROM.c ****                     writeBuffer[dstIndex] = CY_GET_XTND_REG8(CYDEV_FLASH_BASE + byteOffset);
 143:Generated_Source\PSoC4/EEPROM.c ****                 }
ARM GAS  C:\Users\g\AppData\Local\Temp\cccbWjAy.s 			page 5


 144:Generated_Source\PSoC4/EEPROM.c ****                 byteOffset++;
 145:Generated_Source\PSoC4/EEPROM.c ****             }
 146:Generated_Source\PSoC4/EEPROM.c **** 
 147:Generated_Source\PSoC4/EEPROM.c ****             /* Write flash row */
 148:Generated_Source\PSoC4/EEPROM.c ****             #if (CY_PSOC4)
 149:Generated_Source\PSoC4/EEPROM.c ****                 rc = CySysFlashWriteRow(rowId, writeBuffer);
 150:Generated_Source\PSoC4/EEPROM.c ****             #else
 151:Generated_Source\PSoC4/EEPROM.c ****                 rc = CyWriteRowData((uint8)arrayId, (uint16)rowId, writeBuffer);
 152:Generated_Source\PSoC4/EEPROM.c ****             #endif /* (CY_PSOC4) */
 153:Generated_Source\PSoC4/EEPROM.c **** 
 154:Generated_Source\PSoC4/EEPROM.c ****             /* Go to the next row */
 155:Generated_Source\PSoC4/EEPROM.c ****             rowId++;
 156:Generated_Source\PSoC4/EEPROM.c ****             #if (CY_FLASH_NUMBER_ARRAYS > 1)
 157:Generated_Source\PSoC4/EEPROM.c ****                 if (rowId >= EEPROM_ROWS_IN_ARRAY)
 158:Generated_Source\PSoC4/EEPROM.c ****                 {
 159:Generated_Source\PSoC4/EEPROM.c ****                     arrayId++;
 160:Generated_Source\PSoC4/EEPROM.c ****                     rowId = 0u;
 161:Generated_Source\PSoC4/EEPROM.c ****                 }
 162:Generated_Source\PSoC4/EEPROM.c ****             #endif /* (CY_FLASH_NUMBER_ARRAYS > 1) */
 163:Generated_Source\PSoC4/EEPROM.c ****         }
 164:Generated_Source\PSoC4/EEPROM.c **** 
 165:Generated_Source\PSoC4/EEPROM.c ****         /* Flush both Cache and PHUB prefetch buffer */
 166:Generated_Source\PSoC4/EEPROM.c ****         #if (CY_PSOC5)
 167:Generated_Source\PSoC4/EEPROM.c ****             CyFlushCache();
 168:Generated_Source\PSoC4/EEPROM.c ****         #elif (CY_PSOC3)
 169:Generated_Source\PSoC4/EEPROM.c ****             CY_FLASH_CONTROL_REG |= 6u;
 170:Generated_Source\PSoC4/EEPROM.c ****         #endif /* (CY_PSOC5) */
 171:Generated_Source\PSoC4/EEPROM.c ****     }
 172:Generated_Source\PSoC4/EEPROM.c ****     else
 173:Generated_Source\PSoC4/EEPROM.c ****     {
 174:Generated_Source\PSoC4/EEPROM.c ****         rc = CYRET_BAD_PARAM;
  85              		.loc 1 174 0
  86 0014 0120     		mov	r0, #1
  87              	.LVL1:
 112:Generated_Source\PSoC4/EEPROM.c ****     #endif /* (CY_PSOC3) */
  88              		.loc 1 112 0
  89 0016 A542     		cmp	r5, r4
  90 0018 32D8     		bhi	.L10
  91              	.LVL2:
 124:Generated_Source\PSoC4/EEPROM.c ****         byteOffset = (CY_FLASH_SIZEOF_ARRAY * arrayId) + (CY_FLASH_SIZEOF_ROW * rowId);
  92              		.loc 1 124 0
  93 001a 4804     		lsl	r0, r1, #17
  94 001c 000E     		lsr	r0, r0, #24
  95 001e 8246     		mov	r10, r0
  96              	.LVL3:
 123:Generated_Source\PSoC4/EEPROM.c ****         rowId = (eeOffset / CY_FLASH_SIZEOF_ROW) % EEPROM_ROWS_IN_ARRAY;
  97              		.loc 1 123 0
  98 0020 CC0B     		lsr	r4, r1, #15
  99              	.LVL4:
 125:Generated_Source\PSoC4/EEPROM.c ****         srcIndex = 0u;
 100              		.loc 1 125 0
 101 0022 2402     		lsl	r4, r4, #8
 102              	.LVL5:
 103 0024 5444     		add	r4, r4, r10
 104 0026 E401     		lsl	r4, r4, #7
 105              	.LVL6:
 130:Generated_Source\PSoC4/EEPROM.c ****         {
ARM GAS  C:\Users\g\AppData\Local\Temp\cccbWjAy.s 			page 6


 106              		.loc 1 130 0
 107 0028 002A     		cmp	r2, #0
 108 002a 30D0     		beq	.L12
 109 002c 9946     		mov	r9, r3
 110 002e 6B46     		mov	r3, sp
 111              	.LVL7:
 112 0030 9046     		mov	r8, r2
 113 0032 0F1C     		mov	r7, r1
 114 0034 EB46     		mov	fp, sp
 115 0036 0025     		mov	r5, #0
 116 0038 1E1B     		sub	r6, r3, r4
 117              	.LVL8:
 118              	.L5:
 119 003a 221C     		mov	r2, r4
 120 003c 8032     		add	r2, r2, #128
 121 003e 08E0     		b	.L8
 122              	.L19:
 135:Generated_Source\PSoC4/EEPROM.c ****                 {
 123              		.loc 1 135 0 discriminator 1
 124 0040 A845     		cmp	r8, r5
 125 0042 08D9     		bls	.L6
 137:Generated_Source\PSoC4/EEPROM.c ****                     srcIndex++;
 126              		.loc 1 137 0
 127 0044 4B46     		mov	r3, r9
 128 0046 5B5D     		ldrb	r3, [r3, r5]
 138:Generated_Source\PSoC4/EEPROM.c ****                 }
 129              		.loc 1 138 0
 130 0048 0135     		add	r5, r5, #1
 131              	.LVL9:
 137:Generated_Source\PSoC4/EEPROM.c ****                     srcIndex++;
 132              		.loc 1 137 0
 133 004a 3355     		strb	r3, [r6, r4]
 144:Generated_Source\PSoC4/EEPROM.c ****             }
 134              		.loc 1 144 0
 135 004c 0134     		add	r4, r4, #1
 136              	.LVL10:
 133:Generated_Source\PSoC4/EEPROM.c ****             {
 137              		.loc 1 133 0
 138 004e 9442     		cmp	r4, r2
 139 0050 06D0     		beq	.L18
 140              	.LVL11:
 141              	.L8:
 135:Generated_Source\PSoC4/EEPROM.c ****                 {
 142              		.loc 1 135 0
 143 0052 A742     		cmp	r7, r4
 144 0054 F4D9     		bls	.L19
 145              	.L6:
 142:Generated_Source\PSoC4/EEPROM.c ****                 }
 146              		.loc 1 142 0
 147 0056 2378     		ldrb	r3, [r4]
 148 0058 3355     		strb	r3, [r6, r4]
 144:Generated_Source\PSoC4/EEPROM.c ****             }
 149              		.loc 1 144 0
 150 005a 0134     		add	r4, r4, #1
 151              	.LVL12:
 133:Generated_Source\PSoC4/EEPROM.c ****             {
 152              		.loc 1 133 0
ARM GAS  C:\Users\g\AppData\Local\Temp\cccbWjAy.s 			page 7


 153 005c 9442     		cmp	r4, r2
 154 005e F8D1     		bne	.L8
 155              	.L18:
 149:Generated_Source\PSoC4/EEPROM.c ****             #else
 156              		.loc 1 149 0
 157 0060 5046     		mov	r0, r10
 158 0062 5946     		mov	r1, fp
 159 0064 FFF7FEFF 		bl	CySysFlashWriteRow
 160              	.LVL13:
 155:Generated_Source\PSoC4/EEPROM.c ****             #if (CY_FLASH_NUMBER_ARRAYS > 1)
 161              		.loc 1 155 0
 162 0068 0123     		mov	r3, #1
 163 006a 9C46     		mov	ip, r3
 164 006c E244     		add	r10, r10, ip
 165              	.LVL14:
 130:Generated_Source\PSoC4/EEPROM.c ****         {
 166              		.loc 1 130 0
 167 006e 4545     		cmp	r5, r8
 168 0070 02D2     		bcs	.L9
 169 0072 803E     		sub	r6, r6, #128
 130:Generated_Source\PSoC4/EEPROM.c ****         {
 170              		.loc 1 130 0 is_stmt 0 discriminator 1
 171 0074 0028     		cmp	r0, #0
 172 0076 E0D0     		beq	.L5
 173              	.L9:
 175:Generated_Source\PSoC4/EEPROM.c ****     }
 176:Generated_Source\PSoC4/EEPROM.c **** 
 177:Generated_Source\PSoC4/EEPROM.c ****     /* Mask return codes from flash, if they are not supported */
 178:Generated_Source\PSoC4/EEPROM.c ****     if ((CYRET_SUCCESS != rc) && (CYRET_BAD_PARAM != rc))
 174              		.loc 1 178 0 is_stmt 1
 175 0078 0128     		cmp	r0, #1
 176 007a 01D9     		bls	.L10
 179:Generated_Source\PSoC4/EEPROM.c ****     {
 180:Generated_Source\PSoC4/EEPROM.c ****         rc = CYRET_UNKNOWN;
 177              		.loc 1 180 0
 178 007c 0120     		mov	r0, #1
 179              	.LVL15:
 180 007e 4042     		neg	r0, r0
 181              	.LVL16:
 182              	.L10:
 181:Generated_Source\PSoC4/EEPROM.c ****     }
 182:Generated_Source\PSoC4/EEPROM.c ****     
 183:Generated_Source\PSoC4/EEPROM.c ****     return (rc);
 184:Generated_Source\PSoC4/EEPROM.c **** }
 183              		.loc 1 184 0
 184 0080 21B0     		add	sp, sp, #132
 185              		@ sp needed
 186 0082 3CBC     		pop	{r2, r3, r4, r5}
 187 0084 9046     		mov	r8, r2
 188 0086 9946     		mov	r9, r3
 189 0088 A246     		mov	r10, r4
 190 008a AB46     		mov	fp, r5
 191 008c F0BD     		pop	{r4, r5, r6, r7, pc}
 192              	.LVL17:
 193              	.L12:
 128:Generated_Source\PSoC4/EEPROM.c **** 
 194              		.loc 1 128 0
ARM GAS  C:\Users\g\AppData\Local\Temp\cccbWjAy.s 			page 8


 195 008e 0020     		mov	r0, #0
 196              	.LVL18:
 197 0090 F6E7     		b	.L10
 198              	.L21:
 199 0092 C046     		.align	2
 200              	.L20:
 201 0094 FF7F0000 		.word	32767
 202              		.cfi_endproc
 203              	.LFE2:
 204              		.size	EEPROM_Write, .-EEPROM_Write
 205              		.text
 206              	.Letext0:
 207              		.file 2 "Generated_Source\\PSoC4\\cytypes.h"
 208              		.file 3 "Generated_Source\\PSoC4\\CyFlash.h"
 209              		.section	.debug_info,"",%progbits
 210              	.Ldebug_info0:
 211 0000 E0010000 		.4byte	0x1e0
 212 0004 0400     		.2byte	0x4
 213 0006 00000000 		.4byte	.Ldebug_abbrev0
 214 000a 04       		.byte	0x4
 215 000b 01       		.uleb128 0x1
 216 000c 80010000 		.4byte	.LASF29
 217 0010 01       		.byte	0x1
 218 0011 26000000 		.4byte	.LASF30
 219 0015 4F000000 		.4byte	.LASF31
 220 0019 00000000 		.4byte	.Ldebug_ranges0+0
 221 001d 00000000 		.4byte	0
 222 0021 00000000 		.4byte	.Ldebug_line0
 223 0025 02       		.uleb128 0x2
 224 0026 01       		.byte	0x1
 225 0027 06       		.byte	0x6
 226 0028 20020000 		.4byte	.LASF0
 227 002c 02       		.uleb128 0x2
 228 002d 01       		.byte	0x1
 229 002e 08       		.byte	0x8
 230 002f 87000000 		.4byte	.LASF1
 231 0033 02       		.uleb128 0x2
 232 0034 02       		.byte	0x2
 233 0035 05       		.byte	0x5
 234 0036 60010000 		.4byte	.LASF2
 235 003a 02       		.uleb128 0x2
 236 003b 02       		.byte	0x2
 237 003c 07       		.byte	0x7
 238 003d 13000000 		.4byte	.LASF3
 239 0041 02       		.uleb128 0x2
 240 0042 04       		.byte	0x4
 241 0043 05       		.byte	0x5
 242 0044 77010000 		.4byte	.LASF4
 243 0048 02       		.uleb128 0x2
 244 0049 04       		.byte	0x4
 245 004a 07       		.byte	0x7
 246 004b 9A000000 		.4byte	.LASF5
 247 004f 02       		.uleb128 0x2
 248 0050 08       		.byte	0x8
 249 0051 05       		.byte	0x5
 250 0052 37010000 		.4byte	.LASF6
 251 0056 02       		.uleb128 0x2
ARM GAS  C:\Users\g\AppData\Local\Temp\cccbWjAy.s 			page 9


 252 0057 08       		.byte	0x8
 253 0058 07       		.byte	0x7
 254 0059 11010000 		.4byte	.LASF7
 255 005d 03       		.uleb128 0x3
 256 005e 04       		.byte	0x4
 257 005f 05       		.byte	0x5
 258 0060 696E7400 		.ascii	"int\000"
 259 0064 02       		.uleb128 0x2
 260 0065 04       		.byte	0x4
 261 0066 07       		.byte	0x7
 262 0067 F7000000 		.4byte	.LASF8
 263 006b 04       		.uleb128 0x4
 264 006c AC000000 		.4byte	.LASF9
 265 0070 02       		.byte	0x2
 266 0071 9801     		.2byte	0x198
 267 0073 2C000000 		.4byte	0x2c
 268 0077 04       		.uleb128 0x4
 269 0078 F0000000 		.4byte	.LASF10
 270 007c 02       		.byte	0x2
 271 007d 9A01     		.2byte	0x19a
 272 007f 48000000 		.4byte	0x48
 273 0083 02       		.uleb128 0x2
 274 0084 04       		.byte	0x4
 275 0085 04       		.byte	0x4
 276 0086 81000000 		.4byte	.LASF11
 277 008a 02       		.uleb128 0x2
 278 008b 08       		.byte	0x8
 279 008c 04       		.byte	0x4
 280 008d CD000000 		.4byte	.LASF12
 281 0091 02       		.uleb128 0x2
 282 0092 01       		.byte	0x1
 283 0093 08       		.byte	0x8
 284 0094 45010000 		.4byte	.LASF13
 285 0098 04       		.uleb128 0x4
 286 0099 E7000000 		.4byte	.LASF14
 287 009d 02       		.byte	0x2
 288 009e 3A02     		.2byte	0x23a
 289 00a0 48000000 		.4byte	0x48
 290 00a4 04       		.uleb128 0x4
 291 00a5 95000000 		.4byte	.LASF15
 292 00a9 02       		.byte	0x2
 293 00aa 4202     		.2byte	0x242
 294 00ac B0000000 		.4byte	0xb0
 295 00b0 05       		.uleb128 0x5
 296 00b1 6B000000 		.4byte	0x6b
 297 00b5 02       		.uleb128 0x2
 298 00b6 04       		.byte	0x4
 299 00b7 07       		.byte	0x7
 300 00b8 2E010000 		.4byte	.LASF16
 301 00bc 06       		.uleb128 0x6
 302 00bd 04010000 		.4byte	.LASF17
 303 00c1 01       		.byte	0x1
 304 00c2 21       		.byte	0x21
 305 00c3 00000000 		.4byte	.LFB0
 306 00c7 02000000 		.4byte	.LFE0-.LFB0
 307 00cb 01       		.uleb128 0x1
 308 00cc 9C       		.byte	0x9c
ARM GAS  C:\Users\g\AppData\Local\Temp\cccbWjAy.s 			page 10


 309 00cd 06       		.uleb128 0x6
 310 00ce 4A010000 		.4byte	.LASF18
 311 00d2 01       		.byte	0x1
 312 00d3 36       		.byte	0x36
 313 00d4 00000000 		.4byte	.LFB1
 314 00d8 02000000 		.4byte	.LFE1-.LFB1
 315 00dc 01       		.uleb128 0x1
 316 00dd 9C       		.byte	0x9c
 317 00de 07       		.uleb128 0x7
 318 00df 6A010000 		.4byte	.LASF32
 319 00e3 01       		.byte	0x1
 320 00e4 54       		.byte	0x54
 321 00e5 98000000 		.4byte	0x98
 322 00e9 00000000 		.4byte	.LFB2
 323 00ed 98000000 		.4byte	.LFE2-.LFB2
 324 00f1 01       		.uleb128 0x1
 325 00f2 9C       		.byte	0x9c
 326 00f3 B2010000 		.4byte	0x1b2
 327 00f7 08       		.uleb128 0x8
 328 00f8 0C000000 		.4byte	.LASF19
 329 00fc 01       		.byte	0x1
 330 00fd 54       		.byte	0x54
 331 00fe B2010000 		.4byte	0x1b2
 332 0102 00000000 		.4byte	.LLST0
 333 0106 08       		.uleb128 0x8
 334 0107 56010000 		.4byte	.LASF20
 335 010b 01       		.byte	0x1
 336 010c 54       		.byte	0x54
 337 010d B2010000 		.4byte	0x1b2
 338 0111 42000000 		.4byte	.LLST1
 339 0115 08       		.uleb128 0x8
 340 0116 BA000000 		.4byte	.LASF21
 341 011a 01       		.byte	0x1
 342 011b 54       		.byte	0x54
 343 011c 77000000 		.4byte	0x77
 344 0120 79000000 		.4byte	.LLST2
 345 0124 09       		.uleb128 0x9
 346 0125 00000000 		.4byte	.LASF22
 347 0129 01       		.byte	0x1
 348 012a 57       		.byte	0x57
 349 012b BD010000 		.4byte	0x1bd
 350 012f 03       		.uleb128 0x3
 351 0130 91       		.byte	0x91
 352 0131 D87E     		.sleb128 -168
 353 0133 0A       		.uleb128 0xa
 354 0134 B2000000 		.4byte	.LASF23
 355 0138 01       		.byte	0x1
 356 0139 58       		.byte	0x58
 357 013a 77000000 		.4byte	0x77
 358 013e B0000000 		.4byte	.LLST3
 359 0142 0A       		.uleb128 0xa
 360 0143 28010000 		.4byte	.LASF24
 361 0147 01       		.byte	0x1
 362 0148 59       		.byte	0x59
 363 0149 77000000 		.4byte	0x77
 364 014d FF000000 		.4byte	.LLST4
 365 0151 0A       		.uleb128 0xa
ARM GAS  C:\Users\g\AppData\Local\Temp\cccbWjAy.s 			page 11


 366 0152 C4000000 		.4byte	.LASF25
 367 0156 01       		.byte	0x1
 368 0157 5A       		.byte	0x5a
 369 0158 77000000 		.4byte	0x77
 370 015c 33010000 		.4byte	.LLST5
 371 0160 0A       		.uleb128 0xa
 372 0161 46000000 		.4byte	.LASF26
 373 0165 01       		.byte	0x1
 374 0166 5B       		.byte	0x5b
 375 0167 77000000 		.4byte	0x77
 376 016b 47010000 		.4byte	.LLST6
 377 016f 0B       		.uleb128 0xb
 378 0170 726300   		.ascii	"rc\000"
 379 0173 01       		.byte	0x1
 380 0174 5C       		.byte	0x5c
 381 0175 98000000 		.4byte	0x98
 382 0179 72010000 		.4byte	.LLST7
 383 017d 0A       		.uleb128 0xa
 384 017e 17020000 		.4byte	.LASF27
 385 0182 01       		.byte	0x1
 386 0183 5D       		.byte	0x5d
 387 0184 77000000 		.4byte	0x77
 388 0188 42000000 		.4byte	.LLST1
 389 018c 0A       		.uleb128 0xa
 390 018d 76000000 		.4byte	.LASF28
 391 0191 01       		.byte	0x1
 392 0192 5E       		.byte	0x5e
 393 0193 77000000 		.4byte	0x77
 394 0197 A8010000 		.4byte	.LLST9
 395 019b 0C       		.uleb128 0xc
 396 019c 68000000 		.4byte	.LVL13
 397 01a0 CD010000 		.4byte	0x1cd
 398 01a4 0D       		.uleb128 0xd
 399 01a5 01       		.uleb128 0x1
 400 01a6 51       		.byte	0x51
 401 01a7 02       		.uleb128 0x2
 402 01a8 7B       		.byte	0x7b
 403 01a9 00       		.sleb128 0
 404 01aa 0D       		.uleb128 0xd
 405 01ab 01       		.uleb128 0x1
 406 01ac 50       		.byte	0x50
 407 01ad 02       		.uleb128 0x2
 408 01ae 7A       		.byte	0x7a
 409 01af 00       		.sleb128 0
 410 01b0 00       		.byte	0
 411 01b1 00       		.byte	0
 412 01b2 0E       		.uleb128 0xe
 413 01b3 04       		.byte	0x4
 414 01b4 B8010000 		.4byte	0x1b8
 415 01b8 0F       		.uleb128 0xf
 416 01b9 6B000000 		.4byte	0x6b
 417 01bd 10       		.uleb128 0x10
 418 01be 6B000000 		.4byte	0x6b
 419 01c2 CD010000 		.4byte	0x1cd
 420 01c6 11       		.uleb128 0x11
 421 01c7 B5000000 		.4byte	0xb5
 422 01cb 7F       		.byte	0x7f
ARM GAS  C:\Users\g\AppData\Local\Temp\cccbWjAy.s 			page 12


 423 01cc 00       		.byte	0
 424 01cd 12       		.uleb128 0x12
 425 01ce D4000000 		.4byte	.LASF33
 426 01d2 03       		.byte	0x3
 427 01d3 4E       		.byte	0x4e
 428 01d4 77000000 		.4byte	0x77
 429 01d8 13       		.uleb128 0x13
 430 01d9 77000000 		.4byte	0x77
 431 01dd 13       		.uleb128 0x13
 432 01de B2010000 		.4byte	0x1b2
 433 01e2 00       		.byte	0
 434 01e3 00       		.byte	0
 435              		.section	.debug_abbrev,"",%progbits
 436              	.Ldebug_abbrev0:
 437 0000 01       		.uleb128 0x1
 438 0001 11       		.uleb128 0x11
 439 0002 01       		.byte	0x1
 440 0003 25       		.uleb128 0x25
 441 0004 0E       		.uleb128 0xe
 442 0005 13       		.uleb128 0x13
 443 0006 0B       		.uleb128 0xb
 444 0007 03       		.uleb128 0x3
 445 0008 0E       		.uleb128 0xe
 446 0009 1B       		.uleb128 0x1b
 447 000a 0E       		.uleb128 0xe
 448 000b 55       		.uleb128 0x55
 449 000c 17       		.uleb128 0x17
 450 000d 11       		.uleb128 0x11
 451 000e 01       		.uleb128 0x1
 452 000f 10       		.uleb128 0x10
 453 0010 17       		.uleb128 0x17
 454 0011 00       		.byte	0
 455 0012 00       		.byte	0
 456 0013 02       		.uleb128 0x2
 457 0014 24       		.uleb128 0x24
 458 0015 00       		.byte	0
 459 0016 0B       		.uleb128 0xb
 460 0017 0B       		.uleb128 0xb
 461 0018 3E       		.uleb128 0x3e
 462 0019 0B       		.uleb128 0xb
 463 001a 03       		.uleb128 0x3
 464 001b 0E       		.uleb128 0xe
 465 001c 00       		.byte	0
 466 001d 00       		.byte	0
 467 001e 03       		.uleb128 0x3
 468 001f 24       		.uleb128 0x24
 469 0020 00       		.byte	0
 470 0021 0B       		.uleb128 0xb
 471 0022 0B       		.uleb128 0xb
 472 0023 3E       		.uleb128 0x3e
 473 0024 0B       		.uleb128 0xb
 474 0025 03       		.uleb128 0x3
 475 0026 08       		.uleb128 0x8
 476 0027 00       		.byte	0
 477 0028 00       		.byte	0
 478 0029 04       		.uleb128 0x4
 479 002a 16       		.uleb128 0x16
ARM GAS  C:\Users\g\AppData\Local\Temp\cccbWjAy.s 			page 13


 480 002b 00       		.byte	0
 481 002c 03       		.uleb128 0x3
 482 002d 0E       		.uleb128 0xe
 483 002e 3A       		.uleb128 0x3a
 484 002f 0B       		.uleb128 0xb
 485 0030 3B       		.uleb128 0x3b
 486 0031 05       		.uleb128 0x5
 487 0032 49       		.uleb128 0x49
 488 0033 13       		.uleb128 0x13
 489 0034 00       		.byte	0
 490 0035 00       		.byte	0
 491 0036 05       		.uleb128 0x5
 492 0037 35       		.uleb128 0x35
 493 0038 00       		.byte	0
 494 0039 49       		.uleb128 0x49
 495 003a 13       		.uleb128 0x13
 496 003b 00       		.byte	0
 497 003c 00       		.byte	0
 498 003d 06       		.uleb128 0x6
 499 003e 2E       		.uleb128 0x2e
 500 003f 00       		.byte	0
 501 0040 3F       		.uleb128 0x3f
 502 0041 19       		.uleb128 0x19
 503 0042 03       		.uleb128 0x3
 504 0043 0E       		.uleb128 0xe
 505 0044 3A       		.uleb128 0x3a
 506 0045 0B       		.uleb128 0xb
 507 0046 3B       		.uleb128 0x3b
 508 0047 0B       		.uleb128 0xb
 509 0048 27       		.uleb128 0x27
 510 0049 19       		.uleb128 0x19
 511 004a 11       		.uleb128 0x11
 512 004b 01       		.uleb128 0x1
 513 004c 12       		.uleb128 0x12
 514 004d 06       		.uleb128 0x6
 515 004e 40       		.uleb128 0x40
 516 004f 18       		.uleb128 0x18
 517 0050 9742     		.uleb128 0x2117
 518 0052 19       		.uleb128 0x19
 519 0053 00       		.byte	0
 520 0054 00       		.byte	0
 521 0055 07       		.uleb128 0x7
 522 0056 2E       		.uleb128 0x2e
 523 0057 01       		.byte	0x1
 524 0058 3F       		.uleb128 0x3f
 525 0059 19       		.uleb128 0x19
 526 005a 03       		.uleb128 0x3
 527 005b 0E       		.uleb128 0xe
 528 005c 3A       		.uleb128 0x3a
 529 005d 0B       		.uleb128 0xb
 530 005e 3B       		.uleb128 0x3b
 531 005f 0B       		.uleb128 0xb
 532 0060 27       		.uleb128 0x27
 533 0061 19       		.uleb128 0x19
 534 0062 49       		.uleb128 0x49
 535 0063 13       		.uleb128 0x13
 536 0064 11       		.uleb128 0x11
ARM GAS  C:\Users\g\AppData\Local\Temp\cccbWjAy.s 			page 14


 537 0065 01       		.uleb128 0x1
 538 0066 12       		.uleb128 0x12
 539 0067 06       		.uleb128 0x6
 540 0068 40       		.uleb128 0x40
 541 0069 18       		.uleb128 0x18
 542 006a 9742     		.uleb128 0x2117
 543 006c 19       		.uleb128 0x19
 544 006d 01       		.uleb128 0x1
 545 006e 13       		.uleb128 0x13
 546 006f 00       		.byte	0
 547 0070 00       		.byte	0
 548 0071 08       		.uleb128 0x8
 549 0072 05       		.uleb128 0x5
 550 0073 00       		.byte	0
 551 0074 03       		.uleb128 0x3
 552 0075 0E       		.uleb128 0xe
 553 0076 3A       		.uleb128 0x3a
 554 0077 0B       		.uleb128 0xb
 555 0078 3B       		.uleb128 0x3b
 556 0079 0B       		.uleb128 0xb
 557 007a 49       		.uleb128 0x49
 558 007b 13       		.uleb128 0x13
 559 007c 02       		.uleb128 0x2
 560 007d 17       		.uleb128 0x17
 561 007e 00       		.byte	0
 562 007f 00       		.byte	0
 563 0080 09       		.uleb128 0x9
 564 0081 34       		.uleb128 0x34
 565 0082 00       		.byte	0
 566 0083 03       		.uleb128 0x3
 567 0084 0E       		.uleb128 0xe
 568 0085 3A       		.uleb128 0x3a
 569 0086 0B       		.uleb128 0xb
 570 0087 3B       		.uleb128 0x3b
 571 0088 0B       		.uleb128 0xb
 572 0089 49       		.uleb128 0x49
 573 008a 13       		.uleb128 0x13
 574 008b 02       		.uleb128 0x2
 575 008c 18       		.uleb128 0x18
 576 008d 00       		.byte	0
 577 008e 00       		.byte	0
 578 008f 0A       		.uleb128 0xa
 579 0090 34       		.uleb128 0x34
 580 0091 00       		.byte	0
 581 0092 03       		.uleb128 0x3
 582 0093 0E       		.uleb128 0xe
 583 0094 3A       		.uleb128 0x3a
 584 0095 0B       		.uleb128 0xb
 585 0096 3B       		.uleb128 0x3b
 586 0097 0B       		.uleb128 0xb
 587 0098 49       		.uleb128 0x49
 588 0099 13       		.uleb128 0x13
 589 009a 02       		.uleb128 0x2
 590 009b 17       		.uleb128 0x17
 591 009c 00       		.byte	0
 592 009d 00       		.byte	0
 593 009e 0B       		.uleb128 0xb
ARM GAS  C:\Users\g\AppData\Local\Temp\cccbWjAy.s 			page 15


 594 009f 34       		.uleb128 0x34
 595 00a0 00       		.byte	0
 596 00a1 03       		.uleb128 0x3
 597 00a2 08       		.uleb128 0x8
 598 00a3 3A       		.uleb128 0x3a
 599 00a4 0B       		.uleb128 0xb
 600 00a5 3B       		.uleb128 0x3b
 601 00a6 0B       		.uleb128 0xb
 602 00a7 49       		.uleb128 0x49
 603 00a8 13       		.uleb128 0x13
 604 00a9 02       		.uleb128 0x2
 605 00aa 17       		.uleb128 0x17
 606 00ab 00       		.byte	0
 607 00ac 00       		.byte	0
 608 00ad 0C       		.uleb128 0xc
 609 00ae 898201   		.uleb128 0x4109
 610 00b1 01       		.byte	0x1
 611 00b2 11       		.uleb128 0x11
 612 00b3 01       		.uleb128 0x1
 613 00b4 31       		.uleb128 0x31
 614 00b5 13       		.uleb128 0x13
 615 00b6 00       		.byte	0
 616 00b7 00       		.byte	0
 617 00b8 0D       		.uleb128 0xd
 618 00b9 8A8201   		.uleb128 0x410a
 619 00bc 00       		.byte	0
 620 00bd 02       		.uleb128 0x2
 621 00be 18       		.uleb128 0x18
 622 00bf 9142     		.uleb128 0x2111
 623 00c1 18       		.uleb128 0x18
 624 00c2 00       		.byte	0
 625 00c3 00       		.byte	0
 626 00c4 0E       		.uleb128 0xe
 627 00c5 0F       		.uleb128 0xf
 628 00c6 00       		.byte	0
 629 00c7 0B       		.uleb128 0xb
 630 00c8 0B       		.uleb128 0xb
 631 00c9 49       		.uleb128 0x49
 632 00ca 13       		.uleb128 0x13
 633 00cb 00       		.byte	0
 634 00cc 00       		.byte	0
 635 00cd 0F       		.uleb128 0xf
 636 00ce 26       		.uleb128 0x26
 637 00cf 00       		.byte	0
 638 00d0 49       		.uleb128 0x49
 639 00d1 13       		.uleb128 0x13
 640 00d2 00       		.byte	0
 641 00d3 00       		.byte	0
 642 00d4 10       		.uleb128 0x10
 643 00d5 01       		.uleb128 0x1
 644 00d6 01       		.byte	0x1
 645 00d7 49       		.uleb128 0x49
 646 00d8 13       		.uleb128 0x13
 647 00d9 01       		.uleb128 0x1
 648 00da 13       		.uleb128 0x13
 649 00db 00       		.byte	0
 650 00dc 00       		.byte	0
ARM GAS  C:\Users\g\AppData\Local\Temp\cccbWjAy.s 			page 16


 651 00dd 11       		.uleb128 0x11
 652 00de 21       		.uleb128 0x21
 653 00df 00       		.byte	0
 654 00e0 49       		.uleb128 0x49
 655 00e1 13       		.uleb128 0x13
 656 00e2 2F       		.uleb128 0x2f
 657 00e3 0B       		.uleb128 0xb
 658 00e4 00       		.byte	0
 659 00e5 00       		.byte	0
 660 00e6 12       		.uleb128 0x12
 661 00e7 2E       		.uleb128 0x2e
 662 00e8 01       		.byte	0x1
 663 00e9 3F       		.uleb128 0x3f
 664 00ea 19       		.uleb128 0x19
 665 00eb 03       		.uleb128 0x3
 666 00ec 0E       		.uleb128 0xe
 667 00ed 3A       		.uleb128 0x3a
 668 00ee 0B       		.uleb128 0xb
 669 00ef 3B       		.uleb128 0x3b
 670 00f0 0B       		.uleb128 0xb
 671 00f1 27       		.uleb128 0x27
 672 00f2 19       		.uleb128 0x19
 673 00f3 49       		.uleb128 0x49
 674 00f4 13       		.uleb128 0x13
 675 00f5 3C       		.uleb128 0x3c
 676 00f6 19       		.uleb128 0x19
 677 00f7 00       		.byte	0
 678 00f8 00       		.byte	0
 679 00f9 13       		.uleb128 0x13
 680 00fa 05       		.uleb128 0x5
 681 00fb 00       		.byte	0
 682 00fc 49       		.uleb128 0x49
 683 00fd 13       		.uleb128 0x13
 684 00fe 00       		.byte	0
 685 00ff 00       		.byte	0
 686 0100 00       		.byte	0
 687              		.section	.debug_loc,"",%progbits
 688              	.Ldebug_loc0:
 689              	.LLST0:
 690 0000 00000000 		.4byte	.LVL0
 691 0004 16000000 		.4byte	.LVL1
 692 0008 0100     		.2byte	0x1
 693 000a 50       		.byte	0x50
 694 000b 16000000 		.4byte	.LVL1
 695 000f 30000000 		.4byte	.LVL7
 696 0013 0100     		.2byte	0x1
 697 0015 53       		.byte	0x53
 698 0016 30000000 		.4byte	.LVL7
 699 001a 80000000 		.4byte	.LVL16
 700 001e 0100     		.2byte	0x1
 701 0020 59       		.byte	0x59
 702 0021 80000000 		.4byte	.LVL16
 703 0025 8E000000 		.4byte	.LVL17
 704 0029 0400     		.2byte	0x4
 705 002b F3       		.byte	0xf3
 706 002c 01       		.uleb128 0x1
 707 002d 50       		.byte	0x50
ARM GAS  C:\Users\g\AppData\Local\Temp\cccbWjAy.s 			page 17


 708 002e 9F       		.byte	0x9f
 709 002f 8E000000 		.4byte	.LVL17
 710 0033 98000000 		.4byte	.LFE2
 711 0037 0100     		.2byte	0x1
 712 0039 53       		.byte	0x53
 713 003a 00000000 		.4byte	0
 714 003e 00000000 		.4byte	0
 715              	.LLST1:
 716 0042 00000000 		.4byte	.LVL0
 717 0046 3A000000 		.4byte	.LVL8
 718 004a 0100     		.2byte	0x1
 719 004c 51       		.byte	0x51
 720 004d 3A000000 		.4byte	.LVL8
 721 0051 80000000 		.4byte	.LVL16
 722 0055 0100     		.2byte	0x1
 723 0057 57       		.byte	0x57
 724 0058 80000000 		.4byte	.LVL16
 725 005c 8E000000 		.4byte	.LVL17
 726 0060 0400     		.2byte	0x4
 727 0062 F3       		.byte	0xf3
 728 0063 01       		.uleb128 0x1
 729 0064 51       		.byte	0x51
 730 0065 9F       		.byte	0x9f
 731 0066 8E000000 		.4byte	.LVL17
 732 006a 98000000 		.4byte	.LFE2
 733 006e 0100     		.2byte	0x1
 734 0070 51       		.byte	0x51
 735 0071 00000000 		.4byte	0
 736 0075 00000000 		.4byte	0
 737              	.LLST2:
 738 0079 00000000 		.4byte	.LVL0
 739 007d 3A000000 		.4byte	.LVL8
 740 0081 0100     		.2byte	0x1
 741 0083 52       		.byte	0x52
 742 0084 3A000000 		.4byte	.LVL8
 743 0088 80000000 		.4byte	.LVL16
 744 008c 0100     		.2byte	0x1
 745 008e 58       		.byte	0x58
 746 008f 80000000 		.4byte	.LVL16
 747 0093 8E000000 		.4byte	.LVL17
 748 0097 0400     		.2byte	0x4
 749 0099 F3       		.byte	0xf3
 750 009a 01       		.uleb128 0x1
 751 009b 52       		.byte	0x52
 752 009c 9F       		.byte	0x9f
 753 009d 8E000000 		.4byte	.LVL17
 754 00a1 98000000 		.4byte	.LFE2
 755 00a5 0100     		.2byte	0x1
 756 00a7 52       		.byte	0x52
 757 00a8 00000000 		.4byte	0
 758 00ac 00000000 		.4byte	0
 759              	.LLST3:
 760 00b0 1A000000 		.4byte	.LVL2
 761 00b4 22000000 		.4byte	.LVL4
 762 00b8 0500     		.2byte	0x5
 763 00ba 71       		.byte	0x71
 764 00bb 00       		.sleb128 0
ARM GAS  C:\Users\g\AppData\Local\Temp\cccbWjAy.s 			page 18


 765 00bc 3F       		.byte	0x3f
 766 00bd 25       		.byte	0x25
 767 00be 9F       		.byte	0x9f
 768 00bf 22000000 		.4byte	.LVL4
 769 00c3 24000000 		.4byte	.LVL5
 770 00c7 0100     		.2byte	0x1
 771 00c9 54       		.byte	0x54
 772 00ca 24000000 		.4byte	.LVL5
 773 00ce 3A000000 		.4byte	.LVL8
 774 00d2 0500     		.2byte	0x5
 775 00d4 71       		.byte	0x71
 776 00d5 00       		.sleb128 0
 777 00d6 3F       		.byte	0x3f
 778 00d7 25       		.byte	0x25
 779 00d8 9F       		.byte	0x9f
 780 00d9 3A000000 		.4byte	.LVL8
 781 00dd 80000000 		.4byte	.LVL16
 782 00e1 0500     		.2byte	0x5
 783 00e3 77       		.byte	0x77
 784 00e4 00       		.sleb128 0
 785 00e5 3F       		.byte	0x3f
 786 00e6 25       		.byte	0x25
 787 00e7 9F       		.byte	0x9f
 788 00e8 8E000000 		.4byte	.LVL17
 789 00ec 98000000 		.4byte	.LFE2
 790 00f0 0500     		.2byte	0x5
 791 00f2 71       		.byte	0x71
 792 00f3 00       		.sleb128 0
 793 00f4 3F       		.byte	0x3f
 794 00f5 25       		.byte	0x25
 795 00f6 9F       		.byte	0x9f
 796 00f7 00000000 		.4byte	0
 797 00fb 00000000 		.4byte	0
 798              	.LLST4:
 799 00ff 20000000 		.4byte	.LVL3
 800 0103 3A000000 		.4byte	.LVL8
 801 0107 0100     		.2byte	0x1
 802 0109 50       		.byte	0x50
 803 010a 3A000000 		.4byte	.LVL8
 804 010e 80000000 		.4byte	.LVL16
 805 0112 0100     		.2byte	0x1
 806 0114 5A       		.byte	0x5a
 807 0115 8E000000 		.4byte	.LVL17
 808 0119 90000000 		.4byte	.LVL18
 809 011d 0100     		.2byte	0x1
 810 011f 50       		.byte	0x50
 811 0120 90000000 		.4byte	.LVL18
 812 0124 98000000 		.4byte	.LFE2
 813 0128 0100     		.2byte	0x1
 814 012a 5A       		.byte	0x5a
 815 012b 00000000 		.4byte	0
 816 012f 00000000 		.4byte	0
 817              	.LLST5:
 818 0133 3A000000 		.4byte	.LVL8
 819 0137 80000000 		.4byte	.LVL16
 820 013b 0200     		.2byte	0x2
 821 013d 30       		.byte	0x30
ARM GAS  C:\Users\g\AppData\Local\Temp\cccbWjAy.s 			page 19


 822 013e 9F       		.byte	0x9f
 823 013f 00000000 		.4byte	0
 824 0143 00000000 		.4byte	0
 825              	.LLST6:
 826 0147 28000000 		.4byte	.LVL6
 827 014b 3A000000 		.4byte	.LVL8
 828 014f 0200     		.2byte	0x2
 829 0151 30       		.byte	0x30
 830 0152 9F       		.byte	0x9f
 831 0153 3A000000 		.4byte	.LVL8
 832 0157 80000000 		.4byte	.LVL16
 833 015b 0100     		.2byte	0x1
 834 015d 55       		.byte	0x55
 835 015e 8E000000 		.4byte	.LVL17
 836 0162 98000000 		.4byte	.LFE2
 837 0166 0200     		.2byte	0x2
 838 0168 30       		.byte	0x30
 839 0169 9F       		.byte	0x9f
 840 016a 00000000 		.4byte	0
 841 016e 00000000 		.4byte	0
 842              	.LLST7:
 843 0172 28000000 		.4byte	.LVL6
 844 0176 68000000 		.4byte	.LVL13
 845 017a 0200     		.2byte	0x2
 846 017c 30       		.byte	0x30
 847 017d 9F       		.byte	0x9f
 848 017e 68000000 		.4byte	.LVL13
 849 0182 7E000000 		.4byte	.LVL15
 850 0186 0100     		.2byte	0x1
 851 0188 50       		.byte	0x50
 852 0189 80000000 		.4byte	.LVL16
 853 018d 8E000000 		.4byte	.LVL17
 854 0191 0100     		.2byte	0x1
 855 0193 50       		.byte	0x50
 856 0194 8E000000 		.4byte	.LVL17
 857 0198 98000000 		.4byte	.LFE2
 858 019c 0200     		.2byte	0x2
 859 019e 30       		.byte	0x30
 860 019f 9F       		.byte	0x9f
 861 01a0 00000000 		.4byte	0
 862 01a4 00000000 		.4byte	0
 863              	.LLST9:
 864 01a8 28000000 		.4byte	.LVL6
 865 01ac 80000000 		.4byte	.LVL16
 866 01b0 0100     		.2byte	0x1
 867 01b2 54       		.byte	0x54
 868 01b3 8E000000 		.4byte	.LVL17
 869 01b7 98000000 		.4byte	.LFE2
 870 01bb 0100     		.2byte	0x1
 871 01bd 54       		.byte	0x54
 872 01be 00000000 		.4byte	0
 873 01c2 00000000 		.4byte	0
 874              		.section	.debug_aranges,"",%progbits
 875 0000 2C000000 		.4byte	0x2c
 876 0004 0200     		.2byte	0x2
 877 0006 00000000 		.4byte	.Ldebug_info0
 878 000a 04       		.byte	0x4
ARM GAS  C:\Users\g\AppData\Local\Temp\cccbWjAy.s 			page 20


 879 000b 00       		.byte	0
 880 000c 0000     		.2byte	0
 881 000e 0000     		.2byte	0
 882 0010 00000000 		.4byte	.LFB0
 883 0014 02000000 		.4byte	.LFE0-.LFB0
 884 0018 00000000 		.4byte	.LFB1
 885 001c 02000000 		.4byte	.LFE1-.LFB1
 886 0020 00000000 		.4byte	.LFB2
 887 0024 98000000 		.4byte	.LFE2-.LFB2
 888 0028 00000000 		.4byte	0
 889 002c 00000000 		.4byte	0
 890              		.section	.debug_ranges,"",%progbits
 891              	.Ldebug_ranges0:
 892 0000 00000000 		.4byte	.LFB0
 893 0004 02000000 		.4byte	.LFE0
 894 0008 00000000 		.4byte	.LFB1
 895 000c 02000000 		.4byte	.LFE1
 896 0010 00000000 		.4byte	.LFB2
 897 0014 98000000 		.4byte	.LFE2
 898 0018 00000000 		.4byte	0
 899 001c 00000000 		.4byte	0
 900              		.section	.debug_line,"",%progbits
 901              	.Ldebug_line0:
 902 0000 C1000000 		.section	.debug_str,"MS",%progbits,1
 902      02005000 
 902      00000201 
 902      FB0E0D00 
 902      01010101 
 903              	.LASF22:
 904 0000 77726974 		.ascii	"writeBuffer\000"
 904      65427566 
 904      66657200 
 905              	.LASF19:
 906 000c 73726342 		.ascii	"srcBuf\000"
 906      756600
 907              	.LASF3:
 908 0013 73686F72 		.ascii	"short unsigned int\000"
 908      7420756E 
 908      7369676E 
 908      65642069 
 908      6E7400
 909              	.LASF30:
 910 0026 47656E65 		.ascii	"Generated_Source\\PSoC4\\EEPROM.c\000"
 910      72617465 
 910      645F536F 
 910      75726365 
 910      5C50536F 
 911              	.LASF26:
 912 0046 73726349 		.ascii	"srcIndex\000"
 912      6E646578 
 912      00
 913              	.LASF31:
 914 004f 443A5C63 		.ascii	"D:\\code\\cypress\\controllers\\dcsd.cydsn\000"
 914      6F64655C 
 914      63797072 
 914      6573735C 
 914      636F6E74 
ARM GAS  C:\Users\g\AppData\Local\Temp\cccbWjAy.s 			page 21


 915              	.LASF28:
 916 0076 62797465 		.ascii	"byteOffset\000"
 916      4F666673 
 916      657400
 917              	.LASF11:
 918 0081 666C6F61 		.ascii	"float\000"
 918      7400
 919              	.LASF1:
 920 0087 756E7369 		.ascii	"unsigned char\000"
 920      676E6564 
 920      20636861 
 920      7200
 921              	.LASF15:
 922 0095 72656738 		.ascii	"reg8\000"
 922      00
 923              	.LASF5:
 924 009a 6C6F6E67 		.ascii	"long unsigned int\000"
 924      20756E73 
 924      69676E65 
 924      6420696E 
 924      7400
 925              	.LASF9:
 926 00ac 75696E74 		.ascii	"uint8\000"
 926      3800
 927              	.LASF23:
 928 00b2 61727261 		.ascii	"arrayId\000"
 928      79496400 
 929              	.LASF21:
 930 00ba 62797465 		.ascii	"byteCount\000"
 930      436F756E 
 930      7400
 931              	.LASF25:
 932 00c4 64737449 		.ascii	"dstIndex\000"
 932      6E646578 
 932      00
 933              	.LASF12:
 934 00cd 646F7562 		.ascii	"double\000"
 934      6C6500
 935              	.LASF33:
 936 00d4 43795379 		.ascii	"CySysFlashWriteRow\000"
 936      73466C61 
 936      73685772 
 936      69746552 
 936      6F7700
 937              	.LASF14:
 938 00e7 63797374 		.ascii	"cystatus\000"
 938      61747573 
 938      00
 939              	.LASF10:
 940 00f0 75696E74 		.ascii	"uint32\000"
 940      333200
 941              	.LASF8:
 942 00f7 756E7369 		.ascii	"unsigned int\000"
 942      676E6564 
 942      20696E74 
 942      00
 943              	.LASF17:
ARM GAS  C:\Users\g\AppData\Local\Temp\cccbWjAy.s 			page 22


 944 0104 45455052 		.ascii	"EEPROM_Start\000"
 944      4F4D5F53 
 944      74617274 
 944      00
 945              	.LASF7:
 946 0111 6C6F6E67 		.ascii	"long long unsigned int\000"
 946      206C6F6E 
 946      6720756E 
 946      7369676E 
 946      65642069 
 947              	.LASF24:
 948 0128 726F7749 		.ascii	"rowId\000"
 948      6400
 949              	.LASF16:
 950 012e 73697A65 		.ascii	"sizetype\000"
 950      74797065 
 950      00
 951              	.LASF6:
 952 0137 6C6F6E67 		.ascii	"long long int\000"
 952      206C6F6E 
 952      6720696E 
 952      7400
 953              	.LASF13:
 954 0145 63686172 		.ascii	"char\000"
 954      00
 955              	.LASF18:
 956 014a 45455052 		.ascii	"EEPROM_Stop\000"
 956      4F4D5F53 
 956      746F7000 
 957              	.LASF20:
 958 0156 65657072 		.ascii	"eepromPtr\000"
 958      6F6D5074 
 958      7200
 959              	.LASF2:
 960 0160 73686F72 		.ascii	"short int\000"
 960      7420696E 
 960      7400
 961              	.LASF32:
 962 016a 45455052 		.ascii	"EEPROM_Write\000"
 962      4F4D5F57 
 962      72697465 
 962      00
 963              	.LASF4:
 964 0177 6C6F6E67 		.ascii	"long int\000"
 964      20696E74 
 964      00
 965              	.LASF29:
 966 0180 474E5520 		.ascii	"GNU C 4.9.3 20150303 (release) [ARM/embedded-4_9-br"
 966      4320342E 
 966      392E3320 
 966      32303135 
 966      30333033 
 967 01b3 616E6368 		.ascii	"anch revision 221220] -mcpu=cortex-m0 -mthumb -g -O"
 967      20726576 
 967      6973696F 
 967      6E203232 
 967      31323230 
ARM GAS  C:\Users\g\AppData\Local\Temp\cccbWjAy.s 			page 23


 968 01e6 32202D73 		.ascii	"2 -std=c99 -ffunction-sections -ffat-lto-objects\000"
 968      74643D63 
 968      3939202D 
 968      6666756E 
 968      6374696F 
 969              	.LASF27:
 970 0217 65654F66 		.ascii	"eeOffset\000"
 970      66736574 
 970      00
 971              	.LASF0:
 972 0220 7369676E 		.ascii	"signed char\000"
 972      65642063 
 972      68617200 
 973              		.ident	"GCC: (GNU Tools for ARM Embedded Processors) 4.9.3 20150303 (release) [ARM/embedded-4_9-br
