ARM GAS  C:\Users\g\AppData\Local\Temp\ccJuDGaD.s 			page 1


   1              		.cpu cortex-m0
   2              		.fpu softvfp
   3              		.eabi_attribute 20, 1
   4              		.eabi_attribute 21, 1
   5              		.eabi_attribute 23, 3
   6              		.eabi_attribute 24, 1
   7              		.eabi_attribute 25, 1
   8              		.eabi_attribute 26, 1
   9              		.eabi_attribute 30, 2
  10              		.eabi_attribute 34, 0
  11              		.eabi_attribute 18, 4
  12              		.code	16
  13              		.file	"INVERT_DIR.c"
  14              		.text
  15              	.Ltext0:
  16              		.cfi_sections	.debug_frame
  17              		.section	.text.INVERT_DIR_Write,"ax",%progbits
  18              		.align	2
  19              		.global	INVERT_DIR_Write
  20              		.code	16
  21              		.thumb_func
  22              		.type	INVERT_DIR_Write, %function
  23              	INVERT_DIR_Write:
  24              	.LFB0:
  25              		.file 1 ".\\Generated_Source\\PSoC4\\INVERT_DIR.c"
   1:.\Generated_Source\PSoC4/INVERT_DIR.c **** /*******************************************************************************
   2:.\Generated_Source\PSoC4/INVERT_DIR.c **** * File Name: INVERT_DIR.c  
   3:.\Generated_Source\PSoC4/INVERT_DIR.c **** * Version 1.80
   4:.\Generated_Source\PSoC4/INVERT_DIR.c **** *
   5:.\Generated_Source\PSoC4/INVERT_DIR.c **** * Description:
   6:.\Generated_Source\PSoC4/INVERT_DIR.c **** *  This file contains API to enable firmware control of a Control Register.
   7:.\Generated_Source\PSoC4/INVERT_DIR.c **** *
   8:.\Generated_Source\PSoC4/INVERT_DIR.c **** * Note:
   9:.\Generated_Source\PSoC4/INVERT_DIR.c **** *
  10:.\Generated_Source\PSoC4/INVERT_DIR.c **** ********************************************************************************
  11:.\Generated_Source\PSoC4/INVERT_DIR.c **** * Copyright 2008-2015, Cypress Semiconductor Corporation.  All rights reserved.
  12:.\Generated_Source\PSoC4/INVERT_DIR.c **** * You may use this file only in accordance with the license, terms, conditions, 
  13:.\Generated_Source\PSoC4/INVERT_DIR.c **** * disclaimers, and limitations in the end user license agreement accompanying 
  14:.\Generated_Source\PSoC4/INVERT_DIR.c **** * the software package with which this file was provided.
  15:.\Generated_Source\PSoC4/INVERT_DIR.c **** *******************************************************************************/
  16:.\Generated_Source\PSoC4/INVERT_DIR.c **** 
  17:.\Generated_Source\PSoC4/INVERT_DIR.c **** #include "INVERT_DIR.h"
  18:.\Generated_Source\PSoC4/INVERT_DIR.c **** 
  19:.\Generated_Source\PSoC4/INVERT_DIR.c **** /* Check for removal by optimization */
  20:.\Generated_Source\PSoC4/INVERT_DIR.c **** #if !defined(INVERT_DIR_Sync_ctrl_reg__REMOVED)
  21:.\Generated_Source\PSoC4/INVERT_DIR.c **** 
  22:.\Generated_Source\PSoC4/INVERT_DIR.c ****     
  23:.\Generated_Source\PSoC4/INVERT_DIR.c **** /*******************************************************************************
  24:.\Generated_Source\PSoC4/INVERT_DIR.c **** * Function Name: INVERT_DIR_Write
  25:.\Generated_Source\PSoC4/INVERT_DIR.c **** ********************************************************************************
  26:.\Generated_Source\PSoC4/INVERT_DIR.c **** *
  27:.\Generated_Source\PSoC4/INVERT_DIR.c **** * Summary:
  28:.\Generated_Source\PSoC4/INVERT_DIR.c **** *  Write a byte to the Control Register.
  29:.\Generated_Source\PSoC4/INVERT_DIR.c **** *
  30:.\Generated_Source\PSoC4/INVERT_DIR.c **** * Parameters:
  31:.\Generated_Source\PSoC4/INVERT_DIR.c **** *  control:  The value to be assigned to the Control Register.
  32:.\Generated_Source\PSoC4/INVERT_DIR.c **** *
ARM GAS  C:\Users\g\AppData\Local\Temp\ccJuDGaD.s 			page 2


  33:.\Generated_Source\PSoC4/INVERT_DIR.c **** * Return:
  34:.\Generated_Source\PSoC4/INVERT_DIR.c **** *  None.
  35:.\Generated_Source\PSoC4/INVERT_DIR.c **** *
  36:.\Generated_Source\PSoC4/INVERT_DIR.c **** *******************************************************************************/
  37:.\Generated_Source\PSoC4/INVERT_DIR.c **** void INVERT_DIR_Write(uint8 control) 
  38:.\Generated_Source\PSoC4/INVERT_DIR.c **** {
  26              		.loc 1 38 0
  27              		.cfi_startproc
  28              	.LVL0:
  39:.\Generated_Source\PSoC4/INVERT_DIR.c ****     INVERT_DIR_Control = control;
  29              		.loc 1 39 0
  30 0000 014B     		ldr	r3, .L2
  40:.\Generated_Source\PSoC4/INVERT_DIR.c **** }
  31              		.loc 1 40 0
  32              		@ sp needed
  39:.\Generated_Source\PSoC4/INVERT_DIR.c ****     INVERT_DIR_Control = control;
  33              		.loc 1 39 0
  34 0002 1870     		strb	r0, [r3]
  35              		.loc 1 40 0
  36 0004 7047     		bx	lr
  37              	.L3:
  38 0006 C046     		.align	2
  39              	.L2:
  40 0008 70000F40 		.word	1074724976
  41              		.cfi_endproc
  42              	.LFE0:
  43              		.size	INVERT_DIR_Write, .-INVERT_DIR_Write
  44              		.section	.text.INVERT_DIR_Read,"ax",%progbits
  45              		.align	2
  46              		.global	INVERT_DIR_Read
  47              		.code	16
  48              		.thumb_func
  49              		.type	INVERT_DIR_Read, %function
  50              	INVERT_DIR_Read:
  51              	.LFB1:
  41:.\Generated_Source\PSoC4/INVERT_DIR.c **** 
  42:.\Generated_Source\PSoC4/INVERT_DIR.c **** 
  43:.\Generated_Source\PSoC4/INVERT_DIR.c **** /*******************************************************************************
  44:.\Generated_Source\PSoC4/INVERT_DIR.c **** * Function Name: INVERT_DIR_Read
  45:.\Generated_Source\PSoC4/INVERT_DIR.c **** ********************************************************************************
  46:.\Generated_Source\PSoC4/INVERT_DIR.c **** *
  47:.\Generated_Source\PSoC4/INVERT_DIR.c **** * Summary:
  48:.\Generated_Source\PSoC4/INVERT_DIR.c **** *  Reads the current value assigned to the Control Register.
  49:.\Generated_Source\PSoC4/INVERT_DIR.c **** *
  50:.\Generated_Source\PSoC4/INVERT_DIR.c **** * Parameters:
  51:.\Generated_Source\PSoC4/INVERT_DIR.c **** *  None.
  52:.\Generated_Source\PSoC4/INVERT_DIR.c **** *
  53:.\Generated_Source\PSoC4/INVERT_DIR.c **** * Return:
  54:.\Generated_Source\PSoC4/INVERT_DIR.c **** *  Returns the current value in the Control Register.
  55:.\Generated_Source\PSoC4/INVERT_DIR.c **** *
  56:.\Generated_Source\PSoC4/INVERT_DIR.c **** *******************************************************************************/
  57:.\Generated_Source\PSoC4/INVERT_DIR.c **** uint8 INVERT_DIR_Read(void) 
  58:.\Generated_Source\PSoC4/INVERT_DIR.c **** {
  52              		.loc 1 58 0
  53              		.cfi_startproc
  59:.\Generated_Source\PSoC4/INVERT_DIR.c ****     return INVERT_DIR_Control;
  54              		.loc 1 59 0
ARM GAS  C:\Users\g\AppData\Local\Temp\ccJuDGaD.s 			page 3


  55 0000 014B     		ldr	r3, .L5
  60:.\Generated_Source\PSoC4/INVERT_DIR.c **** }
  56              		.loc 1 60 0
  57              		@ sp needed
  59:.\Generated_Source\PSoC4/INVERT_DIR.c ****     return INVERT_DIR_Control;
  58              		.loc 1 59 0
  59 0002 1878     		ldrb	r0, [r3]
  60 0004 C0B2     		uxtb	r0, r0
  61              		.loc 1 60 0
  62 0006 7047     		bx	lr
  63              	.L6:
  64              		.align	2
  65              	.L5:
  66 0008 70000F40 		.word	1074724976
  67              		.cfi_endproc
  68              	.LFE1:
  69              		.size	INVERT_DIR_Read, .-INVERT_DIR_Read
  70              		.text
  71              	.Letext0:
  72              		.file 2 ".\\Generated_Source\\PSoC4\\cytypes.h"
  73              		.section	.debug_info,"",%progbits
  74              	.Ldebug_info0:
  75 0000 D2000000 		.4byte	0xd2
  76 0004 0400     		.2byte	0x4
  77 0006 00000000 		.4byte	.Ldebug_abbrev0
  78 000a 04       		.byte	0x4
  79 000b 01       		.uleb128 0x1
  80 000c 0B010000 		.4byte	.LASF14
  81 0010 01       		.byte	0x1
  82 0011 4D000000 		.4byte	.LASF15
  83 0015 94000000 		.4byte	.LASF16
  84 0019 00000000 		.4byte	.Ldebug_ranges0+0
  85 001d 00000000 		.4byte	0
  86 0021 00000000 		.4byte	.Ldebug_line0
  87 0025 02       		.uleb128 0x2
  88 0026 01       		.byte	0x1
  89 0027 06       		.byte	0x6
  90 0028 A2010000 		.4byte	.LASF0
  91 002c 02       		.uleb128 0x2
  92 002d 01       		.byte	0x1
  93 002e 08       		.byte	0x8
  94 002f 0D000000 		.4byte	.LASF1
  95 0033 02       		.uleb128 0x2
  96 0034 02       		.byte	0x2
  97 0035 05       		.byte	0x5
  98 0036 F2000000 		.4byte	.LASF2
  99 003a 02       		.uleb128 0x2
 100 003b 02       		.byte	0x2
 101 003c 07       		.byte	0x7
 102 003d 32000000 		.4byte	.LASF3
 103 0041 02       		.uleb128 0x2
 104 0042 04       		.byte	0x4
 105 0043 05       		.byte	0x5
 106 0044 02010000 		.4byte	.LASF4
 107 0048 02       		.uleb128 0x2
 108 0049 04       		.byte	0x4
 109 004a 07       		.byte	0x7
ARM GAS  C:\Users\g\AppData\Local\Temp\ccJuDGaD.s 			page 4


 110 004b 20000000 		.4byte	.LASF5
 111 004f 02       		.uleb128 0x2
 112 0050 08       		.byte	0x8
 113 0051 05       		.byte	0x5
 114 0052 DF000000 		.4byte	.LASF6
 115 0056 02       		.uleb128 0x2
 116 0057 08       		.byte	0x8
 117 0058 07       		.byte	0x7
 118 0059 C8000000 		.4byte	.LASF7
 119 005d 03       		.uleb128 0x3
 120 005e 04       		.byte	0x4
 121 005f 05       		.byte	0x5
 122 0060 696E7400 		.ascii	"int\000"
 123 0064 02       		.uleb128 0x2
 124 0065 04       		.byte	0x4
 125 0066 07       		.byte	0x7
 126 0067 BB000000 		.4byte	.LASF8
 127 006b 04       		.uleb128 0x4
 128 006c FC000000 		.4byte	.LASF12
 129 0070 02       		.byte	0x2
 130 0071 9801     		.2byte	0x198
 131 0073 2C000000 		.4byte	0x2c
 132 0077 02       		.uleb128 0x2
 133 0078 04       		.byte	0x4
 134 0079 04       		.byte	0x4
 135 007a 07000000 		.4byte	.LASF9
 136 007e 02       		.uleb128 0x2
 137 007f 08       		.byte	0x8
 138 0080 04       		.byte	0x4
 139 0081 00000000 		.4byte	.LASF10
 140 0085 02       		.uleb128 0x2
 141 0086 01       		.byte	0x1
 142 0087 08       		.byte	0x8
 143 0088 ED000000 		.4byte	.LASF11
 144 008c 04       		.uleb128 0x4
 145 008d 1B000000 		.4byte	.LASF13
 146 0091 02       		.byte	0x2
 147 0092 4202     		.2byte	0x242
 148 0094 98000000 		.4byte	0x98
 149 0098 05       		.uleb128 0x5
 150 0099 6B000000 		.4byte	0x6b
 151 009d 06       		.uleb128 0x6
 152 009e 83000000 		.4byte	.LASF17
 153 00a2 01       		.byte	0x1
 154 00a3 25       		.byte	0x25
 155 00a4 00000000 		.4byte	.LFB0
 156 00a8 0C000000 		.4byte	.LFE0-.LFB0
 157 00ac 01       		.uleb128 0x1
 158 00ad 9C       		.byte	0x9c
 159 00ae C0000000 		.4byte	0xc0
 160 00b2 07       		.uleb128 0x7
 161 00b3 45000000 		.4byte	.LASF18
 162 00b7 01       		.byte	0x1
 163 00b8 25       		.byte	0x25
 164 00b9 6B000000 		.4byte	0x6b
 165 00bd 01       		.uleb128 0x1
 166 00be 50       		.byte	0x50
ARM GAS  C:\Users\g\AppData\Local\Temp\ccJuDGaD.s 			page 5


 167 00bf 00       		.byte	0
 168 00c0 08       		.uleb128 0x8
 169 00c1 73000000 		.4byte	.LASF19
 170 00c5 01       		.byte	0x1
 171 00c6 39       		.byte	0x39
 172 00c7 6B000000 		.4byte	0x6b
 173 00cb 00000000 		.4byte	.LFB1
 174 00cf 0C000000 		.4byte	.LFE1-.LFB1
 175 00d3 01       		.uleb128 0x1
 176 00d4 9C       		.byte	0x9c
 177 00d5 00       		.byte	0
 178              		.section	.debug_abbrev,"",%progbits
 179              	.Ldebug_abbrev0:
 180 0000 01       		.uleb128 0x1
 181 0001 11       		.uleb128 0x11
 182 0002 01       		.byte	0x1
 183 0003 25       		.uleb128 0x25
 184 0004 0E       		.uleb128 0xe
 185 0005 13       		.uleb128 0x13
 186 0006 0B       		.uleb128 0xb
 187 0007 03       		.uleb128 0x3
 188 0008 0E       		.uleb128 0xe
 189 0009 1B       		.uleb128 0x1b
 190 000a 0E       		.uleb128 0xe
 191 000b 55       		.uleb128 0x55
 192 000c 17       		.uleb128 0x17
 193 000d 11       		.uleb128 0x11
 194 000e 01       		.uleb128 0x1
 195 000f 10       		.uleb128 0x10
 196 0010 17       		.uleb128 0x17
 197 0011 00       		.byte	0
 198 0012 00       		.byte	0
 199 0013 02       		.uleb128 0x2
 200 0014 24       		.uleb128 0x24
 201 0015 00       		.byte	0
 202 0016 0B       		.uleb128 0xb
 203 0017 0B       		.uleb128 0xb
 204 0018 3E       		.uleb128 0x3e
 205 0019 0B       		.uleb128 0xb
 206 001a 03       		.uleb128 0x3
 207 001b 0E       		.uleb128 0xe
 208 001c 00       		.byte	0
 209 001d 00       		.byte	0
 210 001e 03       		.uleb128 0x3
 211 001f 24       		.uleb128 0x24
 212 0020 00       		.byte	0
 213 0021 0B       		.uleb128 0xb
 214 0022 0B       		.uleb128 0xb
 215 0023 3E       		.uleb128 0x3e
 216 0024 0B       		.uleb128 0xb
 217 0025 03       		.uleb128 0x3
 218 0026 08       		.uleb128 0x8
 219 0027 00       		.byte	0
 220 0028 00       		.byte	0
 221 0029 04       		.uleb128 0x4
 222 002a 16       		.uleb128 0x16
 223 002b 00       		.byte	0
ARM GAS  C:\Users\g\AppData\Local\Temp\ccJuDGaD.s 			page 6


 224 002c 03       		.uleb128 0x3
 225 002d 0E       		.uleb128 0xe
 226 002e 3A       		.uleb128 0x3a
 227 002f 0B       		.uleb128 0xb
 228 0030 3B       		.uleb128 0x3b
 229 0031 05       		.uleb128 0x5
 230 0032 49       		.uleb128 0x49
 231 0033 13       		.uleb128 0x13
 232 0034 00       		.byte	0
 233 0035 00       		.byte	0
 234 0036 05       		.uleb128 0x5
 235 0037 35       		.uleb128 0x35
 236 0038 00       		.byte	0
 237 0039 49       		.uleb128 0x49
 238 003a 13       		.uleb128 0x13
 239 003b 00       		.byte	0
 240 003c 00       		.byte	0
 241 003d 06       		.uleb128 0x6
 242 003e 2E       		.uleb128 0x2e
 243 003f 01       		.byte	0x1
 244 0040 3F       		.uleb128 0x3f
 245 0041 19       		.uleb128 0x19
 246 0042 03       		.uleb128 0x3
 247 0043 0E       		.uleb128 0xe
 248 0044 3A       		.uleb128 0x3a
 249 0045 0B       		.uleb128 0xb
 250 0046 3B       		.uleb128 0x3b
 251 0047 0B       		.uleb128 0xb
 252 0048 27       		.uleb128 0x27
 253 0049 19       		.uleb128 0x19
 254 004a 11       		.uleb128 0x11
 255 004b 01       		.uleb128 0x1
 256 004c 12       		.uleb128 0x12
 257 004d 06       		.uleb128 0x6
 258 004e 40       		.uleb128 0x40
 259 004f 18       		.uleb128 0x18
 260 0050 9742     		.uleb128 0x2117
 261 0052 19       		.uleb128 0x19
 262 0053 01       		.uleb128 0x1
 263 0054 13       		.uleb128 0x13
 264 0055 00       		.byte	0
 265 0056 00       		.byte	0
 266 0057 07       		.uleb128 0x7
 267 0058 05       		.uleb128 0x5
 268 0059 00       		.byte	0
 269 005a 03       		.uleb128 0x3
 270 005b 0E       		.uleb128 0xe
 271 005c 3A       		.uleb128 0x3a
 272 005d 0B       		.uleb128 0xb
 273 005e 3B       		.uleb128 0x3b
 274 005f 0B       		.uleb128 0xb
 275 0060 49       		.uleb128 0x49
 276 0061 13       		.uleb128 0x13
 277 0062 02       		.uleb128 0x2
 278 0063 18       		.uleb128 0x18
 279 0064 00       		.byte	0
 280 0065 00       		.byte	0
ARM GAS  C:\Users\g\AppData\Local\Temp\ccJuDGaD.s 			page 7


 281 0066 08       		.uleb128 0x8
 282 0067 2E       		.uleb128 0x2e
 283 0068 00       		.byte	0
 284 0069 3F       		.uleb128 0x3f
 285 006a 19       		.uleb128 0x19
 286 006b 03       		.uleb128 0x3
 287 006c 0E       		.uleb128 0xe
 288 006d 3A       		.uleb128 0x3a
 289 006e 0B       		.uleb128 0xb
 290 006f 3B       		.uleb128 0x3b
 291 0070 0B       		.uleb128 0xb
 292 0071 27       		.uleb128 0x27
 293 0072 19       		.uleb128 0x19
 294 0073 49       		.uleb128 0x49
 295 0074 13       		.uleb128 0x13
 296 0075 11       		.uleb128 0x11
 297 0076 01       		.uleb128 0x1
 298 0077 12       		.uleb128 0x12
 299 0078 06       		.uleb128 0x6
 300 0079 40       		.uleb128 0x40
 301 007a 18       		.uleb128 0x18
 302 007b 9742     		.uleb128 0x2117
 303 007d 19       		.uleb128 0x19
 304 007e 00       		.byte	0
 305 007f 00       		.byte	0
 306 0080 00       		.byte	0
 307              		.section	.debug_aranges,"",%progbits
 308 0000 24000000 		.4byte	0x24
 309 0004 0200     		.2byte	0x2
 310 0006 00000000 		.4byte	.Ldebug_info0
 311 000a 04       		.byte	0x4
 312 000b 00       		.byte	0
 313 000c 0000     		.2byte	0
 314 000e 0000     		.2byte	0
 315 0010 00000000 		.4byte	.LFB0
 316 0014 0C000000 		.4byte	.LFE0-.LFB0
 317 0018 00000000 		.4byte	.LFB1
 318 001c 0C000000 		.4byte	.LFE1-.LFB1
 319 0020 00000000 		.4byte	0
 320 0024 00000000 		.4byte	0
 321              		.section	.debug_ranges,"",%progbits
 322              	.Ldebug_ranges0:
 323 0000 00000000 		.4byte	.LFB0
 324 0004 0C000000 		.4byte	.LFE0
 325 0008 00000000 		.4byte	.LFB1
 326 000c 0C000000 		.4byte	.LFE1
 327 0010 00000000 		.4byte	0
 328 0014 00000000 		.4byte	0
 329              		.section	.debug_line,"",%progbits
 330              	.Ldebug_line0:
 331 0000 75000000 		.section	.debug_str,"MS",%progbits,1
 331      02004900 
 331      00000201 
 331      FB0E0D00 
 331      01010101 
 332              	.LASF10:
 333 0000 646F7562 		.ascii	"double\000"
ARM GAS  C:\Users\g\AppData\Local\Temp\ccJuDGaD.s 			page 8


 333      6C6500
 334              	.LASF9:
 335 0007 666C6F61 		.ascii	"float\000"
 335      7400
 336              	.LASF1:
 337 000d 756E7369 		.ascii	"unsigned char\000"
 337      676E6564 
 337      20636861 
 337      7200
 338              	.LASF13:
 339 001b 72656738 		.ascii	"reg8\000"
 339      00
 340              	.LASF5:
 341 0020 6C6F6E67 		.ascii	"long unsigned int\000"
 341      20756E73 
 341      69676E65 
 341      6420696E 
 341      7400
 342              	.LASF3:
 343 0032 73686F72 		.ascii	"short unsigned int\000"
 343      7420756E 
 343      7369676E 
 343      65642069 
 343      6E7400
 344              	.LASF18:
 345 0045 636F6E74 		.ascii	"control\000"
 345      726F6C00 
 346              	.LASF15:
 347 004d 2E5C4765 		.ascii	".\\Generated_Source\\PSoC4\\INVERT_DIR.c\000"
 347      6E657261 
 347      7465645F 
 347      536F7572 
 347      63655C50 
 348              	.LASF19:
 349 0073 494E5645 		.ascii	"INVERT_DIR_Read\000"
 349      52545F44 
 349      49525F52 
 349      65616400 
 350              	.LASF17:
 351 0083 494E5645 		.ascii	"INVERT_DIR_Write\000"
 351      52545F44 
 351      49525F57 
 351      72697465 
 351      00
 352              	.LASF16:
 353 0094 443A5C63 		.ascii	"D:\\code\\cypress\\controllers\\dcsd.cydsn\000"
 353      6F64655C 
 353      63797072 
 353      6573735C 
 353      636F6E74 
 354              	.LASF8:
 355 00bb 756E7369 		.ascii	"unsigned int\000"
 355      676E6564 
 355      20696E74 
 355      00
 356              	.LASF7:
 357 00c8 6C6F6E67 		.ascii	"long long unsigned int\000"
ARM GAS  C:\Users\g\AppData\Local\Temp\ccJuDGaD.s 			page 9


 357      206C6F6E 
 357      6720756E 
 357      7369676E 
 357      65642069 
 358              	.LASF6:
 359 00df 6C6F6E67 		.ascii	"long long int\000"
 359      206C6F6E 
 359      6720696E 
 359      7400
 360              	.LASF11:
 361 00ed 63686172 		.ascii	"char\000"
 361      00
 362              	.LASF2:
 363 00f2 73686F72 		.ascii	"short int\000"
 363      7420696E 
 363      7400
 364              	.LASF12:
 365 00fc 75696E74 		.ascii	"uint8\000"
 365      3800
 366              	.LASF4:
 367 0102 6C6F6E67 		.ascii	"long int\000"
 367      20696E74 
 367      00
 368              	.LASF14:
 369 010b 474E5520 		.ascii	"GNU C 4.9.3 20150303 (release) [ARM/embedded-4_9-br"
 369      4320342E 
 369      392E3320 
 369      32303135 
 369      30333033 
 370 013e 616E6368 		.ascii	"anch revision 221220] -mcpu=cortex-m0 -mthumb -g -O"
 370      20726576 
 370      6973696F 
 370      6E203232 
 370      31323230 
 371 0171 32202D73 		.ascii	"2 -std=c99 -ffunction-sections -ffat-lto-objects\000"
 371      74643D63 
 371      3939202D 
 371      6666756E 
 371      6374696F 
 372              	.LASF0:
 373 01a2 7369676E 		.ascii	"signed char\000"
 373      65642063 
 373      68617200 
 374              		.ident	"GCC: (GNU Tools for ARM Embedded Processors) 4.9.3 20150303 (release) [ARM/embedded-4_9-br
