ARM GAS  C:\Users\g\AppData\Local\Temp\cclCTl7g.s 			page 1


   1              		.cpu cortex-m0
   2              		.fpu softvfp
   3              		.eabi_attribute 20, 1
   4              		.eabi_attribute 21, 1
   5              		.eabi_attribute 23, 3
   6              		.eabi_attribute 24, 1
   7              		.eabi_attribute 25, 1
   8              		.eabi_attribute 26, 1
   9              		.eabi_attribute 30, 2
  10              		.eabi_attribute 34, 0
  11              		.eabi_attribute 18, 4
  12              		.code	16
  13              		.file	"isense.c"
  14              		.text
  15              	.Ltext0:
  16              		.cfi_sections	.debug_frame
  17              		.section	.text.isense_SetDriveMode,"ax",%progbits
  18              		.align	2
  19              		.global	isense_SetDriveMode
  20              		.code	16
  21              		.thumb_func
  22              		.type	isense_SetDriveMode, %function
  23              	isense_SetDriveMode:
  24              	.LFB0:
  25              		.file 1 "Generated_Source\\PSoC4\\isense.c"
   1:Generated_Source\PSoC4/isense.c **** /*******************************************************************************
   2:Generated_Source\PSoC4/isense.c **** * File Name: isense.c  
   3:Generated_Source\PSoC4/isense.c **** * Version 2.20
   4:Generated_Source\PSoC4/isense.c **** *
   5:Generated_Source\PSoC4/isense.c **** * Description:
   6:Generated_Source\PSoC4/isense.c **** *  This file contains API to enable firmware control of a Pins component.
   7:Generated_Source\PSoC4/isense.c **** *
   8:Generated_Source\PSoC4/isense.c **** ********************************************************************************
   9:Generated_Source\PSoC4/isense.c **** * Copyright 2008-2015, Cypress Semiconductor Corporation.  All rights reserved.
  10:Generated_Source\PSoC4/isense.c **** * You may use this file only in accordance with the license, terms, conditions, 
  11:Generated_Source\PSoC4/isense.c **** * disclaimers, and limitations in the end user license agreement accompanying 
  12:Generated_Source\PSoC4/isense.c **** * the software package with which this file was provided.
  13:Generated_Source\PSoC4/isense.c **** *******************************************************************************/
  14:Generated_Source\PSoC4/isense.c **** 
  15:Generated_Source\PSoC4/isense.c **** #include "cytypes.h"
  16:Generated_Source\PSoC4/isense.c **** #include "isense.h"
  17:Generated_Source\PSoC4/isense.c **** 
  18:Generated_Source\PSoC4/isense.c **** 
  19:Generated_Source\PSoC4/isense.c **** #if defined(isense__PC)
  20:Generated_Source\PSoC4/isense.c ****     #define isense_SetP4PinDriveMode(shift, mode)  \
  21:Generated_Source\PSoC4/isense.c ****     do { \
  22:Generated_Source\PSoC4/isense.c ****         isense_PC =   (isense_PC & \
  23:Generated_Source\PSoC4/isense.c ****                                 (uint32)(~(uint32)(isense_DRIVE_MODE_IND_MASK << \
  24:Generated_Source\PSoC4/isense.c ****                                 (isense_DRIVE_MODE_BITS * (shift))))) | \
  25:Generated_Source\PSoC4/isense.c ****                                 (uint32)((uint32)(mode) << \
  26:Generated_Source\PSoC4/isense.c ****                                 (isense_DRIVE_MODE_BITS * (shift))); \
  27:Generated_Source\PSoC4/isense.c ****     } while (0)
  28:Generated_Source\PSoC4/isense.c **** #else
  29:Generated_Source\PSoC4/isense.c ****     #if (CY_PSOC4_4200L)
  30:Generated_Source\PSoC4/isense.c ****         #define isense_SetP4PinDriveMode(shift, mode)  \
  31:Generated_Source\PSoC4/isense.c ****         do { \
  32:Generated_Source\PSoC4/isense.c ****             isense_USBIO_CTRL_REG = (isense_USBIO_CTRL_REG & \
ARM GAS  C:\Users\g\AppData\Local\Temp\cclCTl7g.s 			page 2


  33:Generated_Source\PSoC4/isense.c ****                                     (uint32)(~(uint32)(isense_DRIVE_MODE_IND_MASK << \
  34:Generated_Source\PSoC4/isense.c ****                                     (isense_DRIVE_MODE_BITS * (shift))))) | \
  35:Generated_Source\PSoC4/isense.c ****                                     (uint32)((uint32)(mode) << \
  36:Generated_Source\PSoC4/isense.c ****                                     (isense_DRIVE_MODE_BITS * (shift))); \
  37:Generated_Source\PSoC4/isense.c ****         } while (0)
  38:Generated_Source\PSoC4/isense.c ****     #endif
  39:Generated_Source\PSoC4/isense.c **** #endif
  40:Generated_Source\PSoC4/isense.c ****   
  41:Generated_Source\PSoC4/isense.c **** 
  42:Generated_Source\PSoC4/isense.c **** #if defined(isense__PC) || (CY_PSOC4_4200L) 
  43:Generated_Source\PSoC4/isense.c ****     /*******************************************************************************
  44:Generated_Source\PSoC4/isense.c ****     * Function Name: isense_SetDriveMode
  45:Generated_Source\PSoC4/isense.c ****     ****************************************************************************//**
  46:Generated_Source\PSoC4/isense.c ****     *
  47:Generated_Source\PSoC4/isense.c ****     * \brief Sets the drive mode for each of the Pins component's pins.
  48:Generated_Source\PSoC4/isense.c ****     * 
  49:Generated_Source\PSoC4/isense.c ****     * <b>Note</b> This affects all pins in the Pins component instance. Use the
  50:Generated_Source\PSoC4/isense.c ****     * Per-Pin APIs if you wish to control individual pin's drive modes.
  51:Generated_Source\PSoC4/isense.c ****     *
  52:Generated_Source\PSoC4/isense.c ****     * <b>Note</b> USBIOs have limited drive functionality. Refer to the Drive Mode
  53:Generated_Source\PSoC4/isense.c ****     * parameter for more information.
  54:Generated_Source\PSoC4/isense.c ****     *
  55:Generated_Source\PSoC4/isense.c ****     * \param mode
  56:Generated_Source\PSoC4/isense.c ****     *  Mode for the selected signals. Valid options are documented in 
  57:Generated_Source\PSoC4/isense.c ****     *  \ref driveMode.
  58:Generated_Source\PSoC4/isense.c ****     *
  59:Generated_Source\PSoC4/isense.c ****     * \return
  60:Generated_Source\PSoC4/isense.c ****     *  None
  61:Generated_Source\PSoC4/isense.c ****     *
  62:Generated_Source\PSoC4/isense.c ****     * \sideeffect
  63:Generated_Source\PSoC4/isense.c ****     *  If you use read-modify-write operations that are not atomic, the ISR can
  64:Generated_Source\PSoC4/isense.c ****     *  cause corruption of this function. An ISR that interrupts this function 
  65:Generated_Source\PSoC4/isense.c ****     *  and performs writes to the Pins component Drive Mode registers can cause 
  66:Generated_Source\PSoC4/isense.c ****     *  corrupted port data. To avoid this issue, you should either use the Per-Pin
  67:Generated_Source\PSoC4/isense.c ****     *  APIs (primary method) or disable interrupts around this function.
  68:Generated_Source\PSoC4/isense.c ****     *
  69:Generated_Source\PSoC4/isense.c ****     * \funcusage
  70:Generated_Source\PSoC4/isense.c ****     *  \snippet isense_SUT.c usage_isense_SetDriveMode
  71:Generated_Source\PSoC4/isense.c ****     *******************************************************************************/
  72:Generated_Source\PSoC4/isense.c ****     void isense_SetDriveMode(uint8 mode)
  73:Generated_Source\PSoC4/isense.c ****     {
  26              		.loc 1 73 0
  27              		.cfi_startproc
  28              	.LVL0:
  74:Generated_Source\PSoC4/isense.c **** 		isense_SetP4PinDriveMode(isense__0__SHIFT, mode);
  29              		.loc 1 74 0
  30 0000 034A     		ldr	r2, .L2
  31 0002 044B     		ldr	r3, .L2+4
  32 0004 1168     		ldr	r1, [r2]
  33 0006 8001     		lsl	r0, r0, #6
  34              	.LVL1:
  35 0008 0B40     		and	r3, r1
  36 000a 1843     		orr	r0, r3
  37 000c 1060     		str	r0, [r2]
  75:Generated_Source\PSoC4/isense.c ****     }
  38              		.loc 1 75 0
  39              		@ sp needed
ARM GAS  C:\Users\g\AppData\Local\Temp\cclCTl7g.s 			page 3


  40 000e 7047     		bx	lr
  41              	.L3:
  42              		.align	2
  43              	.L2:
  44 0010 08020440 		.word	1074004488
  45 0014 3FFEFFFF 		.word	-449
  46              		.cfi_endproc
  47              	.LFE0:
  48              		.size	isense_SetDriveMode, .-isense_SetDriveMode
  49              		.section	.text.isense_Write,"ax",%progbits
  50              		.align	2
  51              		.global	isense_Write
  52              		.code	16
  53              		.thumb_func
  54              		.type	isense_Write, %function
  55              	isense_Write:
  56              	.LFB1:
  76:Generated_Source\PSoC4/isense.c **** #endif
  77:Generated_Source\PSoC4/isense.c **** 
  78:Generated_Source\PSoC4/isense.c **** 
  79:Generated_Source\PSoC4/isense.c **** /*******************************************************************************
  80:Generated_Source\PSoC4/isense.c **** * Function Name: isense_Write
  81:Generated_Source\PSoC4/isense.c **** ****************************************************************************//**
  82:Generated_Source\PSoC4/isense.c **** *
  83:Generated_Source\PSoC4/isense.c **** * \brief Writes the value to the physical port (data output register), masking
  84:Generated_Source\PSoC4/isense.c **** *  and shifting the bits appropriately. 
  85:Generated_Source\PSoC4/isense.c **** *
  86:Generated_Source\PSoC4/isense.c **** * The data output register controls the signal applied to the physical pin in 
  87:Generated_Source\PSoC4/isense.c **** * conjunction with the drive mode parameter. This function avoids changing 
  88:Generated_Source\PSoC4/isense.c **** * other bits in the port by using the appropriate method (read-modify-write or
  89:Generated_Source\PSoC4/isense.c **** * bit banding).
  90:Generated_Source\PSoC4/isense.c **** *
  91:Generated_Source\PSoC4/isense.c **** * <b>Note</b> This function should not be used on a hardware digital output pin 
  92:Generated_Source\PSoC4/isense.c **** * as it is driven by the hardware signal attached to it.
  93:Generated_Source\PSoC4/isense.c **** *
  94:Generated_Source\PSoC4/isense.c **** * \param value
  95:Generated_Source\PSoC4/isense.c **** *  Value to write to the component instance.
  96:Generated_Source\PSoC4/isense.c **** *
  97:Generated_Source\PSoC4/isense.c **** * \return 
  98:Generated_Source\PSoC4/isense.c **** *  None 
  99:Generated_Source\PSoC4/isense.c **** *
 100:Generated_Source\PSoC4/isense.c **** * \sideeffect
 101:Generated_Source\PSoC4/isense.c **** *  If you use read-modify-write operations that are not atomic; the Interrupt 
 102:Generated_Source\PSoC4/isense.c **** *  Service Routines (ISR) can cause corruption of this function. An ISR that 
 103:Generated_Source\PSoC4/isense.c **** *  interrupts this function and performs writes to the Pins component data 
 104:Generated_Source\PSoC4/isense.c **** *  register can cause corrupted port data. To avoid this issue, you should 
 105:Generated_Source\PSoC4/isense.c **** *  either use the Per-Pin APIs (primary method) or disable interrupts around 
 106:Generated_Source\PSoC4/isense.c **** *  this function.
 107:Generated_Source\PSoC4/isense.c **** *
 108:Generated_Source\PSoC4/isense.c **** * \funcusage
 109:Generated_Source\PSoC4/isense.c **** *  \snippet isense_SUT.c usage_isense_Write
 110:Generated_Source\PSoC4/isense.c **** *******************************************************************************/
 111:Generated_Source\PSoC4/isense.c **** void isense_Write(uint8 value)
 112:Generated_Source\PSoC4/isense.c **** {
  57              		.loc 1 112 0
  58              		.cfi_startproc
  59              	.LVL2:
ARM GAS  C:\Users\g\AppData\Local\Temp\cclCTl7g.s 			page 4


  60              		.loc 1 112 0
  61 0000 031C     		mov	r3, r0
 113:Generated_Source\PSoC4/isense.c ****     uint8 drVal = (uint8)(isense_DR & (uint8)(~isense_MASK));
  62              		.loc 1 113 0
  63 0002 0420     		mov	r0, #4
  64              	.LVL3:
  65 0004 0449     		ldr	r1, .L5
 114:Generated_Source\PSoC4/isense.c ****     drVal = (drVal | ((uint8)(value << isense_SHIFT) & isense_MASK));
  66              		.loc 1 114 0
  67 0006 9B00     		lsl	r3, r3, #2
 113:Generated_Source\PSoC4/isense.c ****     uint8 drVal = (uint8)(isense_DR & (uint8)(~isense_MASK));
  68              		.loc 1 113 0
  69 0008 0A68     		ldr	r2, [r1]
 115:Generated_Source\PSoC4/isense.c ****     isense_DR = (uint32)drVal;
 116:Generated_Source\PSoC4/isense.c **** }
  70              		.loc 1 116 0
  71              		@ sp needed
 113:Generated_Source\PSoC4/isense.c ****     drVal = (drVal | ((uint8)(value << isense_SHIFT) & isense_MASK));
  72              		.loc 1 113 0
  73 000a 8243     		bic	r2, r0
  74 000c D2B2     		uxtb	r2, r2
 114:Generated_Source\PSoC4/isense.c ****     drVal = (drVal | ((uint8)(value << isense_SHIFT) & isense_MASK));
  75              		.loc 1 114 0
  76 000e 1840     		and	r0, r3
 115:Generated_Source\PSoC4/isense.c ****     isense_DR = (uint32)drVal;
  77              		.loc 1 115 0
  78 0010 1043     		orr	r0, r2
  79 0012 0860     		str	r0, [r1]
  80              		.loc 1 116 0
  81 0014 7047     		bx	lr
  82              	.L6:
  83 0016 C046     		.align	2
  84              	.L5:
  85 0018 00020440 		.word	1074004480
  86              		.cfi_endproc
  87              	.LFE1:
  88              		.size	isense_Write, .-isense_Write
  89              		.section	.text.isense_Read,"ax",%progbits
  90              		.align	2
  91              		.global	isense_Read
  92              		.code	16
  93              		.thumb_func
  94              		.type	isense_Read, %function
  95              	isense_Read:
  96              	.LFB2:
 117:Generated_Source\PSoC4/isense.c **** 
 118:Generated_Source\PSoC4/isense.c **** 
 119:Generated_Source\PSoC4/isense.c **** /*******************************************************************************
 120:Generated_Source\PSoC4/isense.c **** * Function Name: isense_Read
 121:Generated_Source\PSoC4/isense.c **** ****************************************************************************//**
 122:Generated_Source\PSoC4/isense.c **** *
 123:Generated_Source\PSoC4/isense.c **** * \brief Reads the associated physical port (pin status register) and masks 
 124:Generated_Source\PSoC4/isense.c **** *  the required bits according to the width and bit position of the component
 125:Generated_Source\PSoC4/isense.c **** *  instance. 
 126:Generated_Source\PSoC4/isense.c **** *
 127:Generated_Source\PSoC4/isense.c **** * The pin's status register returns the current logic level present on the 
 128:Generated_Source\PSoC4/isense.c **** * physical pin.
ARM GAS  C:\Users\g\AppData\Local\Temp\cclCTl7g.s 			page 5


 129:Generated_Source\PSoC4/isense.c **** *
 130:Generated_Source\PSoC4/isense.c **** * \return 
 131:Generated_Source\PSoC4/isense.c **** *  The current value for the pins in the component as a right justified number.
 132:Generated_Source\PSoC4/isense.c **** *
 133:Generated_Source\PSoC4/isense.c **** * \funcusage
 134:Generated_Source\PSoC4/isense.c **** *  \snippet isense_SUT.c usage_isense_Read  
 135:Generated_Source\PSoC4/isense.c **** *******************************************************************************/
 136:Generated_Source\PSoC4/isense.c **** uint8 isense_Read(void)
 137:Generated_Source\PSoC4/isense.c **** {
  97              		.loc 1 137 0
  98              		.cfi_startproc
 138:Generated_Source\PSoC4/isense.c ****     return (uint8)((isense_PS & isense_MASK) >> isense_SHIFT);
  99              		.loc 1 138 0
 100 0000 024B     		ldr	r3, .L8
 139:Generated_Source\PSoC4/isense.c **** }
 101              		.loc 1 139 0
 102              		@ sp needed
 138:Generated_Source\PSoC4/isense.c ****     return (uint8)((isense_PS & isense_MASK) >> isense_SHIFT);
 103              		.loc 1 138 0
 104 0002 1868     		ldr	r0, [r3]
 105 0004 4007     		lsl	r0, r0, #29
 106 0006 C00F     		lsr	r0, r0, #31
 107              		.loc 1 139 0
 108 0008 7047     		bx	lr
 109              	.L9:
 110 000a C046     		.align	2
 111              	.L8:
 112 000c 04020440 		.word	1074004484
 113              		.cfi_endproc
 114              	.LFE2:
 115              		.size	isense_Read, .-isense_Read
 116              		.section	.text.isense_ReadDataReg,"ax",%progbits
 117              		.align	2
 118              		.global	isense_ReadDataReg
 119              		.code	16
 120              		.thumb_func
 121              		.type	isense_ReadDataReg, %function
 122              	isense_ReadDataReg:
 123              	.LFB3:
 140:Generated_Source\PSoC4/isense.c **** 
 141:Generated_Source\PSoC4/isense.c **** 
 142:Generated_Source\PSoC4/isense.c **** /*******************************************************************************
 143:Generated_Source\PSoC4/isense.c **** * Function Name: isense_ReadDataReg
 144:Generated_Source\PSoC4/isense.c **** ****************************************************************************//**
 145:Generated_Source\PSoC4/isense.c **** *
 146:Generated_Source\PSoC4/isense.c **** * \brief Reads the associated physical port's data output register and masks 
 147:Generated_Source\PSoC4/isense.c **** *  the correct bits according to the width and bit position of the component 
 148:Generated_Source\PSoC4/isense.c **** *  instance. 
 149:Generated_Source\PSoC4/isense.c **** *
 150:Generated_Source\PSoC4/isense.c **** * The data output register controls the signal applied to the physical pin in 
 151:Generated_Source\PSoC4/isense.c **** * conjunction with the drive mode parameter. This is not the same as the 
 152:Generated_Source\PSoC4/isense.c **** * preferred isense_Read() API because the 
 153:Generated_Source\PSoC4/isense.c **** * isense_ReadDataReg() reads the data register instead of the status 
 154:Generated_Source\PSoC4/isense.c **** * register. For output pins this is a useful function to determine the value 
 155:Generated_Source\PSoC4/isense.c **** * just written to the pin.
 156:Generated_Source\PSoC4/isense.c **** *
 157:Generated_Source\PSoC4/isense.c **** * \return 
ARM GAS  C:\Users\g\AppData\Local\Temp\cclCTl7g.s 			page 6


 158:Generated_Source\PSoC4/isense.c **** *  The current value of the data register masked and shifted into a right 
 159:Generated_Source\PSoC4/isense.c **** *  justified number for the component instance.
 160:Generated_Source\PSoC4/isense.c **** *
 161:Generated_Source\PSoC4/isense.c **** * \funcusage
 162:Generated_Source\PSoC4/isense.c **** *  \snippet isense_SUT.c usage_isense_ReadDataReg 
 163:Generated_Source\PSoC4/isense.c **** *******************************************************************************/
 164:Generated_Source\PSoC4/isense.c **** uint8 isense_ReadDataReg(void)
 165:Generated_Source\PSoC4/isense.c **** {
 124              		.loc 1 165 0
 125              		.cfi_startproc
 166:Generated_Source\PSoC4/isense.c ****     return (uint8)((isense_DR & isense_MASK) >> isense_SHIFT);
 126              		.loc 1 166 0
 127 0000 024B     		ldr	r3, .L11
 167:Generated_Source\PSoC4/isense.c **** }
 128              		.loc 1 167 0
 129              		@ sp needed
 166:Generated_Source\PSoC4/isense.c ****     return (uint8)((isense_DR & isense_MASK) >> isense_SHIFT);
 130              		.loc 1 166 0
 131 0002 1868     		ldr	r0, [r3]
 132 0004 4007     		lsl	r0, r0, #29
 133 0006 C00F     		lsr	r0, r0, #31
 134              		.loc 1 167 0
 135 0008 7047     		bx	lr
 136              	.L12:
 137 000a C046     		.align	2
 138              	.L11:
 139 000c 00020440 		.word	1074004480
 140              		.cfi_endproc
 141              	.LFE3:
 142              		.size	isense_ReadDataReg, .-isense_ReadDataReg
 143              		.section	.text.isense_SetInterruptMode,"ax",%progbits
 144              		.align	2
 145              		.global	isense_SetInterruptMode
 146              		.code	16
 147              		.thumb_func
 148              		.type	isense_SetInterruptMode, %function
 149              	isense_SetInterruptMode:
 150              	.LFB4:
 168:Generated_Source\PSoC4/isense.c **** 
 169:Generated_Source\PSoC4/isense.c **** 
 170:Generated_Source\PSoC4/isense.c **** /*******************************************************************************
 171:Generated_Source\PSoC4/isense.c **** * Function Name: isense_SetInterruptMode
 172:Generated_Source\PSoC4/isense.c **** ****************************************************************************//**
 173:Generated_Source\PSoC4/isense.c **** *
 174:Generated_Source\PSoC4/isense.c **** * \brief Configures the interrupt mode for each of the Pins component's
 175:Generated_Source\PSoC4/isense.c **** *  pins. Alternatively you may set the interrupt mode for all the pins
 176:Generated_Source\PSoC4/isense.c **** *  specified in the Pins component.
 177:Generated_Source\PSoC4/isense.c **** *
 178:Generated_Source\PSoC4/isense.c **** *  <b>Note</b> The interrupt is port-wide and therefore any enabled pin
 179:Generated_Source\PSoC4/isense.c **** *  interrupt may trigger it.
 180:Generated_Source\PSoC4/isense.c **** *
 181:Generated_Source\PSoC4/isense.c **** * \param position
 182:Generated_Source\PSoC4/isense.c **** *  The pin position as listed in the Pins component. You may OR these to be 
 183:Generated_Source\PSoC4/isense.c **** *  able to configure the interrupt mode of multiple pins within a Pins 
 184:Generated_Source\PSoC4/isense.c **** *  component. Or you may use isense_INTR_ALL to configure the
 185:Generated_Source\PSoC4/isense.c **** *  interrupt mode of all the pins in the Pins component.       
 186:Generated_Source\PSoC4/isense.c **** *  - isense_0_INTR       (First pin in the list)
ARM GAS  C:\Users\g\AppData\Local\Temp\cclCTl7g.s 			page 7


 187:Generated_Source\PSoC4/isense.c **** *  - isense_1_INTR       (Second pin in the list)
 188:Generated_Source\PSoC4/isense.c **** *  - ...
 189:Generated_Source\PSoC4/isense.c **** *  - isense_INTR_ALL     (All pins in Pins component)
 190:Generated_Source\PSoC4/isense.c **** *
 191:Generated_Source\PSoC4/isense.c **** * \param mode
 192:Generated_Source\PSoC4/isense.c **** *  Interrupt mode for the selected pins. Valid options are documented in
 193:Generated_Source\PSoC4/isense.c **** *  \ref intrMode.
 194:Generated_Source\PSoC4/isense.c **** *
 195:Generated_Source\PSoC4/isense.c **** * \return 
 196:Generated_Source\PSoC4/isense.c **** *  None
 197:Generated_Source\PSoC4/isense.c **** *  
 198:Generated_Source\PSoC4/isense.c **** * \sideeffect
 199:Generated_Source\PSoC4/isense.c **** *  It is recommended that the interrupt be disabled before calling this 
 200:Generated_Source\PSoC4/isense.c **** *  function to avoid unintended interrupt requests. Note that the interrupt
 201:Generated_Source\PSoC4/isense.c **** *  type is port wide, and therefore will trigger for any enabled pin on the 
 202:Generated_Source\PSoC4/isense.c **** *  port.
 203:Generated_Source\PSoC4/isense.c **** *
 204:Generated_Source\PSoC4/isense.c **** * \funcusage
 205:Generated_Source\PSoC4/isense.c **** *  \snippet isense_SUT.c usage_isense_SetInterruptMode
 206:Generated_Source\PSoC4/isense.c **** *******************************************************************************/
 207:Generated_Source\PSoC4/isense.c **** void isense_SetInterruptMode(uint16 position, uint16 mode)
 208:Generated_Source\PSoC4/isense.c **** {
 151              		.loc 1 208 0
 152              		.cfi_startproc
 153              	.LVL4:
 209:Generated_Source\PSoC4/isense.c ****     uint32 intrCfg;
 210:Generated_Source\PSoC4/isense.c ****     
 211:Generated_Source\PSoC4/isense.c ****     intrCfg =  isense_INTCFG & (uint32)(~(uint32)position);
 154              		.loc 1 211 0
 155 0000 034A     		ldr	r2, .L14
 212:Generated_Source\PSoC4/isense.c ****     isense_INTCFG = intrCfg | ((uint32)position & (uint32)mode);
 213:Generated_Source\PSoC4/isense.c **** }
 156              		.loc 1 213 0
 157              		@ sp needed
 211:Generated_Source\PSoC4/isense.c ****     isense_INTCFG = intrCfg | ((uint32)position & (uint32)mode);
 158              		.loc 1 211 0
 159 0002 1368     		ldr	r3, [r2]
 160              	.LVL5:
 161 0004 8343     		bic	r3, r0
 162              	.LVL6:
 212:Generated_Source\PSoC4/isense.c ****     isense_INTCFG = intrCfg | ((uint32)position & (uint32)mode);
 163              		.loc 1 212 0
 164 0006 0840     		and	r0, r1
 165              	.LVL7:
 166 0008 1843     		orr	r0, r3
 167 000a 1060     		str	r0, [r2]
 168              		.loc 1 213 0
 169 000c 7047     		bx	lr
 170              	.L15:
 171 000e C046     		.align	2
 172              	.L14:
 173 0010 0C020440 		.word	1074004492
 174              		.cfi_endproc
 175              	.LFE4:
 176              		.size	isense_SetInterruptMode, .-isense_SetInterruptMode
 177              		.section	.text.isense_ClearInterrupt,"ax",%progbits
 178              		.align	2
ARM GAS  C:\Users\g\AppData\Local\Temp\cclCTl7g.s 			page 8


 179              		.global	isense_ClearInterrupt
 180              		.code	16
 181              		.thumb_func
 182              		.type	isense_ClearInterrupt, %function
 183              	isense_ClearInterrupt:
 184              	.LFB5:
 214:Generated_Source\PSoC4/isense.c **** 
 215:Generated_Source\PSoC4/isense.c **** 
 216:Generated_Source\PSoC4/isense.c **** /*******************************************************************************
 217:Generated_Source\PSoC4/isense.c **** * Function Name: isense_ClearInterrupt
 218:Generated_Source\PSoC4/isense.c **** ****************************************************************************//**
 219:Generated_Source\PSoC4/isense.c **** *
 220:Generated_Source\PSoC4/isense.c **** * \brief Clears any active interrupts attached with the component and returns 
 221:Generated_Source\PSoC4/isense.c **** *  the value of the interrupt status register allowing determination of which
 222:Generated_Source\PSoC4/isense.c **** *  pins generated an interrupt event.
 223:Generated_Source\PSoC4/isense.c **** *
 224:Generated_Source\PSoC4/isense.c **** * \return 
 225:Generated_Source\PSoC4/isense.c **** *  The right-shifted current value of the interrupt status register. Each pin 
 226:Generated_Source\PSoC4/isense.c **** *  has one bit set if it generated an interrupt event. For example, bit 0 is 
 227:Generated_Source\PSoC4/isense.c **** *  for pin 0 and bit 1 is for pin 1 of the Pins component.
 228:Generated_Source\PSoC4/isense.c **** *  
 229:Generated_Source\PSoC4/isense.c **** * \sideeffect
 230:Generated_Source\PSoC4/isense.c **** *  Clears all bits of the physical port's interrupt status register, not just
 231:Generated_Source\PSoC4/isense.c **** *  those associated with the Pins component.
 232:Generated_Source\PSoC4/isense.c **** *
 233:Generated_Source\PSoC4/isense.c **** * \funcusage
 234:Generated_Source\PSoC4/isense.c **** *  \snippet isense_SUT.c usage_isense_ClearInterrupt
 235:Generated_Source\PSoC4/isense.c **** *******************************************************************************/
 236:Generated_Source\PSoC4/isense.c **** uint8 isense_ClearInterrupt(void)
 237:Generated_Source\PSoC4/isense.c **** {
 185              		.loc 1 237 0
 186              		.cfi_startproc
 238:Generated_Source\PSoC4/isense.c **** 	uint8 maskedStatus = (uint8)(isense_INTSTAT & isense_MASK);
 187              		.loc 1 238 0
 188 0000 0420     		mov	r0, #4
 189 0002 034A     		ldr	r2, .L17
 239:Generated_Source\PSoC4/isense.c **** 	isense_INTSTAT = maskedStatus;
 240:Generated_Source\PSoC4/isense.c ****     return maskedStatus >> isense_SHIFT;
 241:Generated_Source\PSoC4/isense.c **** }
 190              		.loc 1 241 0
 191              		@ sp needed
 238:Generated_Source\PSoC4/isense.c **** 	uint8 maskedStatus = (uint8)(isense_INTSTAT & isense_MASK);
 192              		.loc 1 238 0
 193 0004 1368     		ldr	r3, [r2]
 194 0006 1840     		and	r0, r3
 195              	.LVL8:
 239:Generated_Source\PSoC4/isense.c **** 	isense_INTSTAT = maskedStatus;
 196              		.loc 1 239 0
 197 0008 1060     		str	r0, [r2]
 240:Generated_Source\PSoC4/isense.c **** }
 198              		.loc 1 240 0
 199 000a 8008     		lsr	r0, r0, #2
 200              	.LVL9:
 201 000c C0B2     		uxtb	r0, r0
 202              		.loc 1 241 0
 203 000e 7047     		bx	lr
 204              	.L18:
ARM GAS  C:\Users\g\AppData\Local\Temp\cclCTl7g.s 			page 9


 205              		.align	2
 206              	.L17:
 207 0010 10020440 		.word	1074004496
 208              		.cfi_endproc
 209              	.LFE5:
 210              		.size	isense_ClearInterrupt, .-isense_ClearInterrupt
 211              		.text
 212              	.Letext0:
 213              		.file 2 "Generated_Source\\PSoC4\\cytypes.h"
 214              		.section	.debug_info,"",%progbits
 215              	.Ldebug_info0:
 216 0000 97010000 		.4byte	0x197
 217 0004 0400     		.2byte	0x4
 218 0006 00000000 		.4byte	.Ldebug_abbrev0
 219 000a 04       		.byte	0x4
 220 000b 01       		.uleb128 0x1
 221 000c 63010000 		.4byte	.LASF27
 222 0010 01       		.byte	0x1
 223 0011 28010000 		.4byte	.LASF28
 224 0015 7B000000 		.4byte	.LASF29
 225 0019 00000000 		.4byte	.Ldebug_ranges0+0
 226 001d 00000000 		.4byte	0
 227 0021 00000000 		.4byte	.Ldebug_line0
 228 0025 02       		.uleb128 0x2
 229 0026 01       		.byte	0x1
 230 0027 06       		.byte	0x6
 231 0028 FA010000 		.4byte	.LASF0
 232 002c 02       		.uleb128 0x2
 233 002d 01       		.byte	0x1
 234 002e 08       		.byte	0x8
 235 002f 2F000000 		.4byte	.LASF1
 236 0033 02       		.uleb128 0x2
 237 0034 02       		.byte	0x2
 238 0035 05       		.byte	0x5
 239 0036 1E010000 		.4byte	.LASF2
 240 003a 02       		.uleb128 0x2
 241 003b 02       		.byte	0x2
 242 003c 07       		.byte	0x7
 243 003d 68000000 		.4byte	.LASF3
 244 0041 02       		.uleb128 0x2
 245 0042 04       		.byte	0x4
 246 0043 05       		.byte	0x5
 247 0044 5A010000 		.4byte	.LASF4
 248 0048 02       		.uleb128 0x2
 249 0049 04       		.byte	0x4
 250 004a 07       		.byte	0x7
 251 004b 56000000 		.4byte	.LASF5
 252 004f 02       		.uleb128 0x2
 253 0050 08       		.byte	0x8
 254 0051 05       		.byte	0x5
 255 0052 EA000000 		.4byte	.LASF6
 256 0056 02       		.uleb128 0x2
 257 0057 08       		.byte	0x8
 258 0058 07       		.byte	0x7
 259 0059 CE000000 		.4byte	.LASF7
 260 005d 03       		.uleb128 0x3
 261 005e 04       		.byte	0x4
ARM GAS  C:\Users\g\AppData\Local\Temp\cclCTl7g.s 			page 10


 262 005f 05       		.byte	0x5
 263 0060 696E7400 		.ascii	"int\000"
 264 0064 02       		.uleb128 0x2
 265 0065 04       		.byte	0x4
 266 0066 07       		.byte	0x7
 267 0067 C1000000 		.4byte	.LASF8
 268 006b 04       		.uleb128 0x4
 269 006c 48010000 		.4byte	.LASF9
 270 0070 02       		.byte	0x2
 271 0071 9801     		.2byte	0x198
 272 0073 2C000000 		.4byte	0x2c
 273 0077 04       		.uleb128 0x4
 274 0078 A2000000 		.4byte	.LASF10
 275 007c 02       		.byte	0x2
 276 007d 9901     		.2byte	0x199
 277 007f 3A000000 		.4byte	0x3a
 278 0083 04       		.uleb128 0x4
 279 0084 B2000000 		.4byte	.LASF11
 280 0088 02       		.byte	0x2
 281 0089 9A01     		.2byte	0x19a
 282 008b 48000000 		.4byte	0x48
 283 008f 02       		.uleb128 0x2
 284 0090 04       		.byte	0x4
 285 0091 04       		.byte	0x4
 286 0092 29000000 		.4byte	.LASF12
 287 0096 02       		.uleb128 0x2
 288 0097 08       		.byte	0x8
 289 0098 04       		.byte	0x4
 290 0099 22000000 		.4byte	.LASF13
 291 009d 02       		.uleb128 0x2
 292 009e 01       		.byte	0x1
 293 009f 08       		.byte	0x8
 294 00a0 05010000 		.4byte	.LASF14
 295 00a4 04       		.uleb128 0x4
 296 00a5 00000000 		.4byte	.LASF15
 297 00a9 02       		.byte	0x2
 298 00aa 4402     		.2byte	0x244
 299 00ac B0000000 		.4byte	0xb0
 300 00b0 05       		.uleb128 0x5
 301 00b1 83000000 		.4byte	0x83
 302 00b5 06       		.uleb128 0x6
 303 00b6 0A010000 		.4byte	.LASF16
 304 00ba 01       		.byte	0x1
 305 00bb 48       		.byte	0x48
 306 00bc 00000000 		.4byte	.LFB0
 307 00c0 18000000 		.4byte	.LFE0-.LFB0
 308 00c4 01       		.uleb128 0x1
 309 00c5 9C       		.byte	0x9c
 310 00c6 DA000000 		.4byte	0xda
 311 00ca 07       		.uleb128 0x7
 312 00cb E5000000 		.4byte	.LASF18
 313 00cf 01       		.byte	0x1
 314 00d0 48       		.byte	0x48
 315 00d1 6B000000 		.4byte	0x6b
 316 00d5 00000000 		.4byte	.LLST0
 317 00d9 00       		.byte	0
 318 00da 06       		.uleb128 0x6
ARM GAS  C:\Users\g\AppData\Local\Temp\cclCTl7g.s 			page 11


 319 00db 1E020000 		.4byte	.LASF17
 320 00df 01       		.byte	0x1
 321 00e0 6F       		.byte	0x6f
 322 00e1 00000000 		.4byte	.LFB1
 323 00e5 1C000000 		.4byte	.LFE1-.LFB1
 324 00e9 01       		.uleb128 0x1
 325 00ea 9C       		.byte	0x9c
 326 00eb 0A010000 		.4byte	0x10a
 327 00ef 07       		.uleb128 0x7
 328 00f0 1C000000 		.4byte	.LASF19
 329 00f4 01       		.byte	0x1
 330 00f5 6F       		.byte	0x6f
 331 00f6 6B000000 		.4byte	0x6b
 332 00fa 21000000 		.4byte	.LLST1
 333 00fe 08       		.uleb128 0x8
 334 00ff 50000000 		.4byte	.LASF30
 335 0103 01       		.byte	0x1
 336 0104 71       		.byte	0x71
 337 0105 6B000000 		.4byte	0x6b
 338 0109 00       		.byte	0
 339 010a 09       		.uleb128 0x9
 340 010b 4E010000 		.4byte	.LASF20
 341 010f 01       		.byte	0x1
 342 0110 88       		.byte	0x88
 343 0111 6B000000 		.4byte	0x6b
 344 0115 00000000 		.4byte	.LFB2
 345 0119 10000000 		.4byte	.LFE2-.LFB2
 346 011d 01       		.uleb128 0x1
 347 011e 9C       		.byte	0x9c
 348 011f 09       		.uleb128 0x9
 349 0120 3D000000 		.4byte	.LASF21
 350 0124 01       		.byte	0x1
 351 0125 A4       		.byte	0xa4
 352 0126 6B000000 		.4byte	0x6b
 353 012a 00000000 		.4byte	.LFB3
 354 012e 10000000 		.4byte	.LFE3-.LFB3
 355 0132 01       		.uleb128 0x1
 356 0133 9C       		.byte	0x9c
 357 0134 06       		.uleb128 0x6
 358 0135 06020000 		.4byte	.LASF22
 359 0139 01       		.byte	0x1
 360 013a CF       		.byte	0xcf
 361 013b 00000000 		.4byte	.LFB4
 362 013f 14000000 		.4byte	.LFE4-.LFB4
 363 0143 01       		.uleb128 0x1
 364 0144 9C       		.byte	0x9c
 365 0145 75010000 		.4byte	0x175
 366 0149 07       		.uleb128 0x7
 367 014a A9000000 		.4byte	.LASF23
 368 014e 01       		.byte	0x1
 369 014f CF       		.byte	0xcf
 370 0150 77000000 		.4byte	0x77
 371 0154 42000000 		.4byte	.LLST2
 372 0158 0A       		.uleb128 0xa
 373 0159 E5000000 		.4byte	.LASF18
 374 015d 01       		.byte	0x1
 375 015e CF       		.byte	0xcf
ARM GAS  C:\Users\g\AppData\Local\Temp\cclCTl7g.s 			page 12


 376 015f 77000000 		.4byte	0x77
 377 0163 01       		.uleb128 0x1
 378 0164 51       		.byte	0x51
 379 0165 0B       		.uleb128 0xb
 380 0166 B9000000 		.4byte	.LASF25
 381 016a 01       		.byte	0x1
 382 016b D1       		.byte	0xd1
 383 016c 83000000 		.4byte	0x83
 384 0170 63000000 		.4byte	.LLST3
 385 0174 00       		.byte	0
 386 0175 0C       		.uleb128 0xc
 387 0176 06000000 		.4byte	.LASF24
 388 017a 01       		.byte	0x1
 389 017b EC       		.byte	0xec
 390 017c 6B000000 		.4byte	0x6b
 391 0180 00000000 		.4byte	.LFB5
 392 0184 14000000 		.4byte	.LFE5-.LFB5
 393 0188 01       		.uleb128 0x1
 394 0189 9C       		.byte	0x9c
 395 018a 0B       		.uleb128 0xb
 396 018b F8000000 		.4byte	.LASF26
 397 018f 01       		.byte	0x1
 398 0190 EE       		.byte	0xee
 399 0191 6B000000 		.4byte	0x6b
 400 0195 80000000 		.4byte	.LLST4
 401 0199 00       		.byte	0
 402 019a 00       		.byte	0
 403              		.section	.debug_abbrev,"",%progbits
 404              	.Ldebug_abbrev0:
 405 0000 01       		.uleb128 0x1
 406 0001 11       		.uleb128 0x11
 407 0002 01       		.byte	0x1
 408 0003 25       		.uleb128 0x25
 409 0004 0E       		.uleb128 0xe
 410 0005 13       		.uleb128 0x13
 411 0006 0B       		.uleb128 0xb
 412 0007 03       		.uleb128 0x3
 413 0008 0E       		.uleb128 0xe
 414 0009 1B       		.uleb128 0x1b
 415 000a 0E       		.uleb128 0xe
 416 000b 55       		.uleb128 0x55
 417 000c 17       		.uleb128 0x17
 418 000d 11       		.uleb128 0x11
 419 000e 01       		.uleb128 0x1
 420 000f 10       		.uleb128 0x10
 421 0010 17       		.uleb128 0x17
 422 0011 00       		.byte	0
 423 0012 00       		.byte	0
 424 0013 02       		.uleb128 0x2
 425 0014 24       		.uleb128 0x24
 426 0015 00       		.byte	0
 427 0016 0B       		.uleb128 0xb
 428 0017 0B       		.uleb128 0xb
 429 0018 3E       		.uleb128 0x3e
 430 0019 0B       		.uleb128 0xb
 431 001a 03       		.uleb128 0x3
 432 001b 0E       		.uleb128 0xe
ARM GAS  C:\Users\g\AppData\Local\Temp\cclCTl7g.s 			page 13


 433 001c 00       		.byte	0
 434 001d 00       		.byte	0
 435 001e 03       		.uleb128 0x3
 436 001f 24       		.uleb128 0x24
 437 0020 00       		.byte	0
 438 0021 0B       		.uleb128 0xb
 439 0022 0B       		.uleb128 0xb
 440 0023 3E       		.uleb128 0x3e
 441 0024 0B       		.uleb128 0xb
 442 0025 03       		.uleb128 0x3
 443 0026 08       		.uleb128 0x8
 444 0027 00       		.byte	0
 445 0028 00       		.byte	0
 446 0029 04       		.uleb128 0x4
 447 002a 16       		.uleb128 0x16
 448 002b 00       		.byte	0
 449 002c 03       		.uleb128 0x3
 450 002d 0E       		.uleb128 0xe
 451 002e 3A       		.uleb128 0x3a
 452 002f 0B       		.uleb128 0xb
 453 0030 3B       		.uleb128 0x3b
 454 0031 05       		.uleb128 0x5
 455 0032 49       		.uleb128 0x49
 456 0033 13       		.uleb128 0x13
 457 0034 00       		.byte	0
 458 0035 00       		.byte	0
 459 0036 05       		.uleb128 0x5
 460 0037 35       		.uleb128 0x35
 461 0038 00       		.byte	0
 462 0039 49       		.uleb128 0x49
 463 003a 13       		.uleb128 0x13
 464 003b 00       		.byte	0
 465 003c 00       		.byte	0
 466 003d 06       		.uleb128 0x6
 467 003e 2E       		.uleb128 0x2e
 468 003f 01       		.byte	0x1
 469 0040 3F       		.uleb128 0x3f
 470 0041 19       		.uleb128 0x19
 471 0042 03       		.uleb128 0x3
 472 0043 0E       		.uleb128 0xe
 473 0044 3A       		.uleb128 0x3a
 474 0045 0B       		.uleb128 0xb
 475 0046 3B       		.uleb128 0x3b
 476 0047 0B       		.uleb128 0xb
 477 0048 27       		.uleb128 0x27
 478 0049 19       		.uleb128 0x19
 479 004a 11       		.uleb128 0x11
 480 004b 01       		.uleb128 0x1
 481 004c 12       		.uleb128 0x12
 482 004d 06       		.uleb128 0x6
 483 004e 40       		.uleb128 0x40
 484 004f 18       		.uleb128 0x18
 485 0050 9742     		.uleb128 0x2117
 486 0052 19       		.uleb128 0x19
 487 0053 01       		.uleb128 0x1
 488 0054 13       		.uleb128 0x13
 489 0055 00       		.byte	0
ARM GAS  C:\Users\g\AppData\Local\Temp\cclCTl7g.s 			page 14


 490 0056 00       		.byte	0
 491 0057 07       		.uleb128 0x7
 492 0058 05       		.uleb128 0x5
 493 0059 00       		.byte	0
 494 005a 03       		.uleb128 0x3
 495 005b 0E       		.uleb128 0xe
 496 005c 3A       		.uleb128 0x3a
 497 005d 0B       		.uleb128 0xb
 498 005e 3B       		.uleb128 0x3b
 499 005f 0B       		.uleb128 0xb
 500 0060 49       		.uleb128 0x49
 501 0061 13       		.uleb128 0x13
 502 0062 02       		.uleb128 0x2
 503 0063 17       		.uleb128 0x17
 504 0064 00       		.byte	0
 505 0065 00       		.byte	0
 506 0066 08       		.uleb128 0x8
 507 0067 34       		.uleb128 0x34
 508 0068 00       		.byte	0
 509 0069 03       		.uleb128 0x3
 510 006a 0E       		.uleb128 0xe
 511 006b 3A       		.uleb128 0x3a
 512 006c 0B       		.uleb128 0xb
 513 006d 3B       		.uleb128 0x3b
 514 006e 0B       		.uleb128 0xb
 515 006f 49       		.uleb128 0x49
 516 0070 13       		.uleb128 0x13
 517 0071 00       		.byte	0
 518 0072 00       		.byte	0
 519 0073 09       		.uleb128 0x9
 520 0074 2E       		.uleb128 0x2e
 521 0075 00       		.byte	0
 522 0076 3F       		.uleb128 0x3f
 523 0077 19       		.uleb128 0x19
 524 0078 03       		.uleb128 0x3
 525 0079 0E       		.uleb128 0xe
 526 007a 3A       		.uleb128 0x3a
 527 007b 0B       		.uleb128 0xb
 528 007c 3B       		.uleb128 0x3b
 529 007d 0B       		.uleb128 0xb
 530 007e 27       		.uleb128 0x27
 531 007f 19       		.uleb128 0x19
 532 0080 49       		.uleb128 0x49
 533 0081 13       		.uleb128 0x13
 534 0082 11       		.uleb128 0x11
 535 0083 01       		.uleb128 0x1
 536 0084 12       		.uleb128 0x12
 537 0085 06       		.uleb128 0x6
 538 0086 40       		.uleb128 0x40
 539 0087 18       		.uleb128 0x18
 540 0088 9742     		.uleb128 0x2117
 541 008a 19       		.uleb128 0x19
 542 008b 00       		.byte	0
 543 008c 00       		.byte	0
 544 008d 0A       		.uleb128 0xa
 545 008e 05       		.uleb128 0x5
 546 008f 00       		.byte	0
ARM GAS  C:\Users\g\AppData\Local\Temp\cclCTl7g.s 			page 15


 547 0090 03       		.uleb128 0x3
 548 0091 0E       		.uleb128 0xe
 549 0092 3A       		.uleb128 0x3a
 550 0093 0B       		.uleb128 0xb
 551 0094 3B       		.uleb128 0x3b
 552 0095 0B       		.uleb128 0xb
 553 0096 49       		.uleb128 0x49
 554 0097 13       		.uleb128 0x13
 555 0098 02       		.uleb128 0x2
 556 0099 18       		.uleb128 0x18
 557 009a 00       		.byte	0
 558 009b 00       		.byte	0
 559 009c 0B       		.uleb128 0xb
 560 009d 34       		.uleb128 0x34
 561 009e 00       		.byte	0
 562 009f 03       		.uleb128 0x3
 563 00a0 0E       		.uleb128 0xe
 564 00a1 3A       		.uleb128 0x3a
 565 00a2 0B       		.uleb128 0xb
 566 00a3 3B       		.uleb128 0x3b
 567 00a4 0B       		.uleb128 0xb
 568 00a5 49       		.uleb128 0x49
 569 00a6 13       		.uleb128 0x13
 570 00a7 02       		.uleb128 0x2
 571 00a8 17       		.uleb128 0x17
 572 00a9 00       		.byte	0
 573 00aa 00       		.byte	0
 574 00ab 0C       		.uleb128 0xc
 575 00ac 2E       		.uleb128 0x2e
 576 00ad 01       		.byte	0x1
 577 00ae 3F       		.uleb128 0x3f
 578 00af 19       		.uleb128 0x19
 579 00b0 03       		.uleb128 0x3
 580 00b1 0E       		.uleb128 0xe
 581 00b2 3A       		.uleb128 0x3a
 582 00b3 0B       		.uleb128 0xb
 583 00b4 3B       		.uleb128 0x3b
 584 00b5 0B       		.uleb128 0xb
 585 00b6 27       		.uleb128 0x27
 586 00b7 19       		.uleb128 0x19
 587 00b8 49       		.uleb128 0x49
 588 00b9 13       		.uleb128 0x13
 589 00ba 11       		.uleb128 0x11
 590 00bb 01       		.uleb128 0x1
 591 00bc 12       		.uleb128 0x12
 592 00bd 06       		.uleb128 0x6
 593 00be 40       		.uleb128 0x40
 594 00bf 18       		.uleb128 0x18
 595 00c0 9742     		.uleb128 0x2117
 596 00c2 19       		.uleb128 0x19
 597 00c3 00       		.byte	0
 598 00c4 00       		.byte	0
 599 00c5 00       		.byte	0
 600              		.section	.debug_loc,"",%progbits
 601              	.Ldebug_loc0:
 602              	.LLST0:
 603 0000 00000000 		.4byte	.LVL0
ARM GAS  C:\Users\g\AppData\Local\Temp\cclCTl7g.s 			page 16


 604 0004 08000000 		.4byte	.LVL1
 605 0008 0100     		.2byte	0x1
 606 000a 50       		.byte	0x50
 607 000b 08000000 		.4byte	.LVL1
 608 000f 18000000 		.4byte	.LFE0
 609 0013 0400     		.2byte	0x4
 610 0015 F3       		.byte	0xf3
 611 0016 01       		.uleb128 0x1
 612 0017 50       		.byte	0x50
 613 0018 9F       		.byte	0x9f
 614 0019 00000000 		.4byte	0
 615 001d 00000000 		.4byte	0
 616              	.LLST1:
 617 0021 00000000 		.4byte	.LVL2
 618 0025 04000000 		.4byte	.LVL3
 619 0029 0100     		.2byte	0x1
 620 002b 50       		.byte	0x50
 621 002c 04000000 		.4byte	.LVL3
 622 0030 1C000000 		.4byte	.LFE1
 623 0034 0400     		.2byte	0x4
 624 0036 F3       		.byte	0xf3
 625 0037 01       		.uleb128 0x1
 626 0038 50       		.byte	0x50
 627 0039 9F       		.byte	0x9f
 628 003a 00000000 		.4byte	0
 629 003e 00000000 		.4byte	0
 630              	.LLST2:
 631 0042 00000000 		.4byte	.LVL4
 632 0046 08000000 		.4byte	.LVL7
 633 004a 0100     		.2byte	0x1
 634 004c 50       		.byte	0x50
 635 004d 08000000 		.4byte	.LVL7
 636 0051 14000000 		.4byte	.LFE4
 637 0055 0400     		.2byte	0x4
 638 0057 F3       		.byte	0xf3
 639 0058 01       		.uleb128 0x1
 640 0059 50       		.byte	0x50
 641 005a 9F       		.byte	0x9f
 642 005b 00000000 		.4byte	0
 643 005f 00000000 		.4byte	0
 644              	.LLST3:
 645 0063 04000000 		.4byte	.LVL5
 646 0067 06000000 		.4byte	.LVL6
 647 006b 0B00     		.2byte	0xb
 648 006d 70       		.byte	0x70
 649 006e 00       		.sleb128 0
 650 006f 0A       		.byte	0xa
 651 0070 FFFF     		.2byte	0xffff
 652 0072 1A       		.byte	0x1a
 653 0073 20       		.byte	0x20
 654 0074 73       		.byte	0x73
 655 0075 00       		.sleb128 0
 656 0076 1A       		.byte	0x1a
 657 0077 9F       		.byte	0x9f
 658 0078 00000000 		.4byte	0
 659 007c 00000000 		.4byte	0
 660              	.LLST4:
ARM GAS  C:\Users\g\AppData\Local\Temp\cclCTl7g.s 			page 17


 661 0080 08000000 		.4byte	.LVL8
 662 0084 0C000000 		.4byte	.LVL9
 663 0088 0100     		.2byte	0x1
 664 008a 50       		.byte	0x50
 665 008b 0C000000 		.4byte	.LVL9
 666 008f 14000000 		.4byte	.LFE5
 667 0093 0400     		.2byte	0x4
 668 0095 72       		.byte	0x72
 669 0096 00       		.sleb128 0
 670 0097 06       		.byte	0x6
 671 0098 9F       		.byte	0x9f
 672 0099 00000000 		.4byte	0
 673 009d 00000000 		.4byte	0
 674              		.section	.debug_aranges,"",%progbits
 675 0000 44000000 		.4byte	0x44
 676 0004 0200     		.2byte	0x2
 677 0006 00000000 		.4byte	.Ldebug_info0
 678 000a 04       		.byte	0x4
 679 000b 00       		.byte	0
 680 000c 0000     		.2byte	0
 681 000e 0000     		.2byte	0
 682 0010 00000000 		.4byte	.LFB0
 683 0014 18000000 		.4byte	.LFE0-.LFB0
 684 0018 00000000 		.4byte	.LFB1
 685 001c 1C000000 		.4byte	.LFE1-.LFB1
 686 0020 00000000 		.4byte	.LFB2
 687 0024 10000000 		.4byte	.LFE2-.LFB2
 688 0028 00000000 		.4byte	.LFB3
 689 002c 10000000 		.4byte	.LFE3-.LFB3
 690 0030 00000000 		.4byte	.LFB4
 691 0034 14000000 		.4byte	.LFE4-.LFB4
 692 0038 00000000 		.4byte	.LFB5
 693 003c 14000000 		.4byte	.LFE5-.LFB5
 694 0040 00000000 		.4byte	0
 695 0044 00000000 		.4byte	0
 696              		.section	.debug_ranges,"",%progbits
 697              	.Ldebug_ranges0:
 698 0000 00000000 		.4byte	.LFB0
 699 0004 18000000 		.4byte	.LFE0
 700 0008 00000000 		.4byte	.LFB1
 701 000c 1C000000 		.4byte	.LFE1
 702 0010 00000000 		.4byte	.LFB2
 703 0014 10000000 		.4byte	.LFE2
 704 0018 00000000 		.4byte	.LFB3
 705 001c 10000000 		.4byte	.LFE3
 706 0020 00000000 		.4byte	.LFB4
 707 0024 14000000 		.4byte	.LFE4
 708 0028 00000000 		.4byte	.LFB5
 709 002c 14000000 		.4byte	.LFE5
 710 0030 00000000 		.4byte	0
 711 0034 00000000 		.4byte	0
 712              		.section	.debug_line,"",%progbits
 713              	.Ldebug_line0:
 714 0000 C7000000 		.section	.debug_str,"MS",%progbits,1
 714      02004300 
 714      00000201 
 714      FB0E0D00 
ARM GAS  C:\Users\g\AppData\Local\Temp\cclCTl7g.s 			page 18


 714      01010101 
 715              	.LASF15:
 716 0000 72656733 		.ascii	"reg32\000"
 716      3200
 717              	.LASF24:
 718 0006 6973656E 		.ascii	"isense_ClearInterrupt\000"
 718      73655F43 
 718      6C656172 
 718      496E7465 
 718      72727570 
 719              	.LASF19:
 720 001c 76616C75 		.ascii	"value\000"
 720      6500
 721              	.LASF13:
 722 0022 646F7562 		.ascii	"double\000"
 722      6C6500
 723              	.LASF12:
 724 0029 666C6F61 		.ascii	"float\000"
 724      7400
 725              	.LASF1:
 726 002f 756E7369 		.ascii	"unsigned char\000"
 726      676E6564 
 726      20636861 
 726      7200
 727              	.LASF21:
 728 003d 6973656E 		.ascii	"isense_ReadDataReg\000"
 728      73655F52 
 728      65616444 
 728      61746152 
 728      656700
 729              	.LASF30:
 730 0050 64725661 		.ascii	"drVal\000"
 730      6C00
 731              	.LASF5:
 732 0056 6C6F6E67 		.ascii	"long unsigned int\000"
 732      20756E73 
 732      69676E65 
 732      6420696E 
 732      7400
 733              	.LASF3:
 734 0068 73686F72 		.ascii	"short unsigned int\000"
 734      7420756E 
 734      7369676E 
 734      65642069 
 734      6E7400
 735              	.LASF29:
 736 007b 443A5C63 		.ascii	"D:\\code\\cypress\\controllers\\dcsd.cydsn\000"
 736      6F64655C 
 736      63797072 
 736      6573735C 
 736      636F6E74 
 737              	.LASF10:
 738 00a2 75696E74 		.ascii	"uint16\000"
 738      313600
 739              	.LASF23:
 740 00a9 706F7369 		.ascii	"position\000"
 740      74696F6E 
ARM GAS  C:\Users\g\AppData\Local\Temp\cclCTl7g.s 			page 19


 740      00
 741              	.LASF11:
 742 00b2 75696E74 		.ascii	"uint32\000"
 742      333200
 743              	.LASF25:
 744 00b9 696E7472 		.ascii	"intrCfg\000"
 744      43666700 
 745              	.LASF8:
 746 00c1 756E7369 		.ascii	"unsigned int\000"
 746      676E6564 
 746      20696E74 
 746      00
 747              	.LASF7:
 748 00ce 6C6F6E67 		.ascii	"long long unsigned int\000"
 748      206C6F6E 
 748      6720756E 
 748      7369676E 
 748      65642069 
 749              	.LASF18:
 750 00e5 6D6F6465 		.ascii	"mode\000"
 750      00
 751              	.LASF6:
 752 00ea 6C6F6E67 		.ascii	"long long int\000"
 752      206C6F6E 
 752      6720696E 
 752      7400
 753              	.LASF26:
 754 00f8 6D61736B 		.ascii	"maskedStatus\000"
 754      65645374 
 754      61747573 
 754      00
 755              	.LASF14:
 756 0105 63686172 		.ascii	"char\000"
 756      00
 757              	.LASF16:
 758 010a 6973656E 		.ascii	"isense_SetDriveMode\000"
 758      73655F53 
 758      65744472 
 758      6976654D 
 758      6F646500 
 759              	.LASF2:
 760 011e 73686F72 		.ascii	"short int\000"
 760      7420696E 
 760      7400
 761              	.LASF28:
 762 0128 47656E65 		.ascii	"Generated_Source\\PSoC4\\isense.c\000"
 762      72617465 
 762      645F536F 
 762      75726365 
 762      5C50536F 
 763              	.LASF9:
 764 0148 75696E74 		.ascii	"uint8\000"
 764      3800
 765              	.LASF20:
 766 014e 6973656E 		.ascii	"isense_Read\000"
 766      73655F52 
 766      65616400 
ARM GAS  C:\Users\g\AppData\Local\Temp\cclCTl7g.s 			page 20


 767              	.LASF4:
 768 015a 6C6F6E67 		.ascii	"long int\000"
 768      20696E74 
 768      00
 769              	.LASF27:
 770 0163 474E5520 		.ascii	"GNU C 4.9.3 20150303 (release) [ARM/embedded-4_9-br"
 770      4320342E 
 770      392E3320 
 770      32303135 
 770      30333033 
 771 0196 616E6368 		.ascii	"anch revision 221220] -mcpu=cortex-m0 -mthumb -g -O"
 771      20726576 
 771      6973696F 
 771      6E203232 
 771      31323230 
 772 01c9 32202D73 		.ascii	"2 -std=c99 -ffunction-sections -ffat-lto-objects\000"
 772      74643D63 
 772      3939202D 
 772      6666756E 
 772      6374696F 
 773              	.LASF0:
 774 01fa 7369676E 		.ascii	"signed char\000"
 774      65642063 
 774      68617200 
 775              	.LASF22:
 776 0206 6973656E 		.ascii	"isense_SetInterruptMode\000"
 776      73655F53 
 776      6574496E 
 776      74657272 
 776      7570744D 
 777              	.LASF17:
 778 021e 6973656E 		.ascii	"isense_Write\000"
 778      73655F57 
 778      72697465 
 778      00
 779              		.ident	"GCC: (GNU Tools for ARM Embedded Processors) 4.9.3 20150303 (release) [ARM/embedded-4_9-br
