ARM GAS  C:\Users\g\AppData\Local\Temp\ccuILjoe.s 			page 1


   1              		.cpu cortex-m0
   2              		.fpu softvfp
   3              		.eabi_attribute 20, 1
   4              		.eabi_attribute 21, 1
   5              		.eabi_attribute 23, 3
   6              		.eabi_attribute 24, 1
   7              		.eabi_attribute 25, 1
   8              		.eabi_attribute 26, 1
   9              		.eabi_attribute 30, 2
  10              		.eabi_attribute 34, 0
  11              		.eabi_attribute 18, 4
  12              		.code	16
  13              		.file	"QDEC_PM.c"
  14              		.text
  15              	.Ltext0:
  16              		.cfi_sections	.debug_frame
  17              		.section	.text.QDEC_SaveConfig,"ax",%progbits
  18              		.align	2
  19              		.global	QDEC_SaveConfig
  20              		.code	16
  21              		.thumb_func
  22              		.type	QDEC_SaveConfig, %function
  23              	QDEC_SaveConfig:
  24              	.LFB0:
  25              		.file 1 "Generated_Source\\PSoC4\\QDEC_PM.c"
   1:Generated_Source\PSoC4/QDEC_PM.c **** /*******************************************************************************
   2:Generated_Source\PSoC4/QDEC_PM.c **** * File Name: QDEC_PM.c
   3:Generated_Source\PSoC4/QDEC_PM.c **** * Version 3.0
   4:Generated_Source\PSoC4/QDEC_PM.c **** *
   5:Generated_Source\PSoC4/QDEC_PM.c **** * Description:
   6:Generated_Source\PSoC4/QDEC_PM.c **** *  This file contains the setup, control and status commands to support 
   7:Generated_Source\PSoC4/QDEC_PM.c **** *  component operations in low power mode.  
   8:Generated_Source\PSoC4/QDEC_PM.c **** *
   9:Generated_Source\PSoC4/QDEC_PM.c **** * Note:
  10:Generated_Source\PSoC4/QDEC_PM.c **** *  None.
  11:Generated_Source\PSoC4/QDEC_PM.c **** *
  12:Generated_Source\PSoC4/QDEC_PM.c **** ********************************************************************************
  13:Generated_Source\PSoC4/QDEC_PM.c **** * Copyright 2008-2014, Cypress Semiconductor Corporation.  All rights reserved.
  14:Generated_Source\PSoC4/QDEC_PM.c **** * You may use this file only in accordance with the license, terms, conditions,
  15:Generated_Source\PSoC4/QDEC_PM.c **** * disclaimers, and limitations in the end user license agreement accompanying
  16:Generated_Source\PSoC4/QDEC_PM.c **** * the software package with which this file was provided.
  17:Generated_Source\PSoC4/QDEC_PM.c **** *******************************************************************************/
  18:Generated_Source\PSoC4/QDEC_PM.c **** 
  19:Generated_Source\PSoC4/QDEC_PM.c **** #include "QDEC.h"
  20:Generated_Source\PSoC4/QDEC_PM.c **** 
  21:Generated_Source\PSoC4/QDEC_PM.c **** static QDEC_BACKUP_STRUCT QDEC_backup = {0u};
  22:Generated_Source\PSoC4/QDEC_PM.c **** 
  23:Generated_Source\PSoC4/QDEC_PM.c **** 
  24:Generated_Source\PSoC4/QDEC_PM.c **** /*******************************************************************************
  25:Generated_Source\PSoC4/QDEC_PM.c **** * Function Name: QDEC_SaveConfig
  26:Generated_Source\PSoC4/QDEC_PM.c **** ********************************************************************************
  27:Generated_Source\PSoC4/QDEC_PM.c **** * Summary:
  28:Generated_Source\PSoC4/QDEC_PM.c **** *  Saves the current user configuration of the component.
  29:Generated_Source\PSoC4/QDEC_PM.c **** *
  30:Generated_Source\PSoC4/QDEC_PM.c **** * Parameters:
  31:Generated_Source\PSoC4/QDEC_PM.c **** *  None.
  32:Generated_Source\PSoC4/QDEC_PM.c **** *
ARM GAS  C:\Users\g\AppData\Local\Temp\ccuILjoe.s 			page 2


  33:Generated_Source\PSoC4/QDEC_PM.c **** * Return:
  34:Generated_Source\PSoC4/QDEC_PM.c **** *  None.
  35:Generated_Source\PSoC4/QDEC_PM.c **** *
  36:Generated_Source\PSoC4/QDEC_PM.c **** *******************************************************************************/
  37:Generated_Source\PSoC4/QDEC_PM.c **** void QDEC_SaveConfig(void) 
  38:Generated_Source\PSoC4/QDEC_PM.c **** {
  26              		.loc 1 38 0
  27              		.cfi_startproc
  28 0000 08B5     		push	{r3, lr}
  29              		.cfi_def_cfa_offset 8
  30              		.cfi_offset 3, -8
  31              		.cfi_offset 14, -4
  39:Generated_Source\PSoC4/QDEC_PM.c ****     #if (QDEC_COUNTER_SIZE == QDEC_COUNTER_SIZE_8_BIT)
  40:Generated_Source\PSoC4/QDEC_PM.c ****         QDEC_Cnt8_SaveConfig();
  41:Generated_Source\PSoC4/QDEC_PM.c ****     #else 
  42:Generated_Source\PSoC4/QDEC_PM.c ****         /* (QDEC_COUNTER_SIZE == QDEC_COUNTER_SIZE_16_BIT) || 
  43:Generated_Source\PSoC4/QDEC_PM.c ****          * (QDEC_COUNTER_SIZE == QDEC_COUNTER_SIZE_32_BIT)
  44:Generated_Source\PSoC4/QDEC_PM.c ****          */
  45:Generated_Source\PSoC4/QDEC_PM.c ****         QDEC_Cnt16_SaveConfig();
  32              		.loc 1 45 0
  33 0002 FFF7FEFF 		bl	QDEC_Cnt16_SaveConfig
  34              	.LVL0:
  46:Generated_Source\PSoC4/QDEC_PM.c ****     #endif /* (QDEC_COUNTER_SIZE == QDEC_COUNTER_SIZE_8_BIT) */
  47:Generated_Source\PSoC4/QDEC_PM.c **** }
  35              		.loc 1 47 0
  36              		@ sp needed
  37 0006 08BD     		pop	{r3, pc}
  38              		.cfi_endproc
  39              	.LFE0:
  40              		.size	QDEC_SaveConfig, .-QDEC_SaveConfig
  41              		.section	.text.QDEC_RestoreConfig,"ax",%progbits
  42              		.align	2
  43              		.global	QDEC_RestoreConfig
  44              		.code	16
  45              		.thumb_func
  46              		.type	QDEC_RestoreConfig, %function
  47              	QDEC_RestoreConfig:
  48              	.LFB1:
  48:Generated_Source\PSoC4/QDEC_PM.c **** 
  49:Generated_Source\PSoC4/QDEC_PM.c **** 
  50:Generated_Source\PSoC4/QDEC_PM.c **** /*******************************************************************************
  51:Generated_Source\PSoC4/QDEC_PM.c **** * Function Name: QDEC_RestoreConfig
  52:Generated_Source\PSoC4/QDEC_PM.c **** ********************************************************************************
  53:Generated_Source\PSoC4/QDEC_PM.c **** * Summary:
  54:Generated_Source\PSoC4/QDEC_PM.c **** *  Restores the current user configuration of the component.
  55:Generated_Source\PSoC4/QDEC_PM.c **** *
  56:Generated_Source\PSoC4/QDEC_PM.c **** * Parameters:
  57:Generated_Source\PSoC4/QDEC_PM.c **** *  None.
  58:Generated_Source\PSoC4/QDEC_PM.c **** *
  59:Generated_Source\PSoC4/QDEC_PM.c **** * Return:
  60:Generated_Source\PSoC4/QDEC_PM.c **** *  None.
  61:Generated_Source\PSoC4/QDEC_PM.c **** *
  62:Generated_Source\PSoC4/QDEC_PM.c **** *******************************************************************************/
  63:Generated_Source\PSoC4/QDEC_PM.c **** void QDEC_RestoreConfig(void) 
  64:Generated_Source\PSoC4/QDEC_PM.c **** {
  49              		.loc 1 64 0
  50              		.cfi_startproc
ARM GAS  C:\Users\g\AppData\Local\Temp\ccuILjoe.s 			page 3


  51 0000 08B5     		push	{r3, lr}
  52              		.cfi_def_cfa_offset 8
  53              		.cfi_offset 3, -8
  54              		.cfi_offset 14, -4
  65:Generated_Source\PSoC4/QDEC_PM.c ****     #if (QDEC_COUNTER_SIZE == QDEC_COUNTER_SIZE_8_BIT)
  66:Generated_Source\PSoC4/QDEC_PM.c ****         QDEC_Cnt8_RestoreConfig();
  67:Generated_Source\PSoC4/QDEC_PM.c ****     #else 
  68:Generated_Source\PSoC4/QDEC_PM.c ****         /* (QDEC_COUNTER_SIZE == QDEC_COUNTER_SIZE_16_BIT) || 
  69:Generated_Source\PSoC4/QDEC_PM.c ****          * (QDEC_COUNTER_SIZE == QDEC_COUNTER_SIZE_32_BIT) 
  70:Generated_Source\PSoC4/QDEC_PM.c ****          */
  71:Generated_Source\PSoC4/QDEC_PM.c ****         QDEC_Cnt16_RestoreConfig();
  55              		.loc 1 71 0
  56 0002 FFF7FEFF 		bl	QDEC_Cnt16_RestoreConfig
  57              	.LVL1:
  72:Generated_Source\PSoC4/QDEC_PM.c ****     #endif /* (QDEC_COUNTER_SIZE == QDEC_COUNTER_SIZE_8_BIT) */
  73:Generated_Source\PSoC4/QDEC_PM.c **** }
  58              		.loc 1 73 0
  59              		@ sp needed
  60 0006 08BD     		pop	{r3, pc}
  61              		.cfi_endproc
  62              	.LFE1:
  63              		.size	QDEC_RestoreConfig, .-QDEC_RestoreConfig
  64              		.section	.text.QDEC_Sleep,"ax",%progbits
  65              		.align	2
  66              		.global	QDEC_Sleep
  67              		.code	16
  68              		.thumb_func
  69              		.type	QDEC_Sleep, %function
  70              	QDEC_Sleep:
  71              	.LFB2:
  74:Generated_Source\PSoC4/QDEC_PM.c **** 
  75:Generated_Source\PSoC4/QDEC_PM.c **** 
  76:Generated_Source\PSoC4/QDEC_PM.c **** /*******************************************************************************
  77:Generated_Source\PSoC4/QDEC_PM.c **** * Function Name: QDEC_Sleep
  78:Generated_Source\PSoC4/QDEC_PM.c **** ********************************************************************************
  79:Generated_Source\PSoC4/QDEC_PM.c **** * 
  80:Generated_Source\PSoC4/QDEC_PM.c **** * Summary:
  81:Generated_Source\PSoC4/QDEC_PM.c **** *  Prepare Quadrature Decoder Component goes to sleep.
  82:Generated_Source\PSoC4/QDEC_PM.c **** *
  83:Generated_Source\PSoC4/QDEC_PM.c **** * Parameters:
  84:Generated_Source\PSoC4/QDEC_PM.c **** *  None.
  85:Generated_Source\PSoC4/QDEC_PM.c **** *
  86:Generated_Source\PSoC4/QDEC_PM.c **** * Return:
  87:Generated_Source\PSoC4/QDEC_PM.c **** *  None.
  88:Generated_Source\PSoC4/QDEC_PM.c **** *
  89:Generated_Source\PSoC4/QDEC_PM.c **** * Global Variables:
  90:Generated_Source\PSoC4/QDEC_PM.c **** *  QDEC_backup - modified when non-retention registers are saved.
  91:Generated_Source\PSoC4/QDEC_PM.c **** *
  92:Generated_Source\PSoC4/QDEC_PM.c **** * Reentrant:
  93:Generated_Source\PSoC4/QDEC_PM.c **** *  No.
  94:Generated_Source\PSoC4/QDEC_PM.c **** *
  95:Generated_Source\PSoC4/QDEC_PM.c **** *******************************************************************************/
  96:Generated_Source\PSoC4/QDEC_PM.c **** void QDEC_Sleep(void) 
  97:Generated_Source\PSoC4/QDEC_PM.c **** {
  72              		.loc 1 97 0
  73              		.cfi_startproc
  98:Generated_Source\PSoC4/QDEC_PM.c ****     if (0u != (QDEC_SR_AUX_CONTROL & QDEC_INTERRUPTS_ENABLE))
ARM GAS  C:\Users\g\AppData\Local\Temp\ccuILjoe.s 			page 4


  74              		.loc 1 98 0
  75 0000 1022     		mov	r2, #16
  97:Generated_Source\PSoC4/QDEC_PM.c ****     if (0u != (QDEC_SR_AUX_CONTROL & QDEC_INTERRUPTS_ENABLE))
  76              		.loc 1 97 0
  77 0002 08B5     		push	{r3, lr}
  78              		.cfi_def_cfa_offset 8
  79              		.cfi_offset 3, -8
  80              		.cfi_offset 14, -4
  81              		.loc 1 98 0
  82 0004 074B     		ldr	r3, .L8
  83 0006 1B78     		ldrb	r3, [r3]
  84 0008 1340     		and	r3, r2
  85 000a 06D1     		bne	.L7
  99:Generated_Source\PSoC4/QDEC_PM.c ****     {
 100:Generated_Source\PSoC4/QDEC_PM.c ****         QDEC_backup.enableState = 1u;
 101:Generated_Source\PSoC4/QDEC_PM.c ****     }
 102:Generated_Source\PSoC4/QDEC_PM.c ****     else /* The Quadrature Decoder Component is disabled */
 103:Generated_Source\PSoC4/QDEC_PM.c ****     {
 104:Generated_Source\PSoC4/QDEC_PM.c ****         QDEC_backup.enableState = 0u;
  86              		.loc 1 104 0
  87 000c 064A     		ldr	r2, .L8+4
  88 000e 1370     		strb	r3, [r2]
  89              	.L5:
 105:Generated_Source\PSoC4/QDEC_PM.c ****     }
 106:Generated_Source\PSoC4/QDEC_PM.c **** 
 107:Generated_Source\PSoC4/QDEC_PM.c ****     QDEC_Stop();
  90              		.loc 1 107 0
  91 0010 FFF7FEFF 		bl	QDEC_Stop
  92              	.LVL2:
 108:Generated_Source\PSoC4/QDEC_PM.c ****     QDEC_SaveConfig();
 109:Generated_Source\PSoC4/QDEC_PM.c **** }
  93              		.loc 1 109 0
  94              		@ sp needed
  95              	.LBB6:
  96              	.LBB7:
  45:Generated_Source\PSoC4/QDEC_PM.c ****     #endif /* (QDEC_COUNTER_SIZE == QDEC_COUNTER_SIZE_8_BIT) */
  97              		.loc 1 45 0
  98 0014 FFF7FEFF 		bl	QDEC_Cnt16_SaveConfig
  99              	.LVL3:
 100              	.LBE7:
 101              	.LBE6:
 102              		.loc 1 109 0
 103 0018 08BD     		pop	{r3, pc}
 104              	.L7:
 100:Generated_Source\PSoC4/QDEC_PM.c ****     }
 105              		.loc 1 100 0
 106 001a 034B     		ldr	r3, .L8+4
 107 001c 0F3A     		sub	r2, r2, #15
 108 001e 1A70     		strb	r2, [r3]
 109 0020 F6E7     		b	.L5
 110              	.L9:
 111 0022 C046     		.align	2
 112              	.L8:
 113 0024 90000F40 		.word	1074725008
 114 0028 00000000 		.word	.LANCHOR0
 115              		.cfi_endproc
 116              	.LFE2:
ARM GAS  C:\Users\g\AppData\Local\Temp\ccuILjoe.s 			page 5


 117              		.size	QDEC_Sleep, .-QDEC_Sleep
 118              		.section	.text.QDEC_Wakeup,"ax",%progbits
 119              		.align	2
 120              		.global	QDEC_Wakeup
 121              		.code	16
 122              		.thumb_func
 123              		.type	QDEC_Wakeup, %function
 124              	QDEC_Wakeup:
 125              	.LFB3:
 110:Generated_Source\PSoC4/QDEC_PM.c **** 
 111:Generated_Source\PSoC4/QDEC_PM.c **** 
 112:Generated_Source\PSoC4/QDEC_PM.c **** /*******************************************************************************
 113:Generated_Source\PSoC4/QDEC_PM.c **** * Function Name: QDEC_Wakeup
 114:Generated_Source\PSoC4/QDEC_PM.c **** ********************************************************************************
 115:Generated_Source\PSoC4/QDEC_PM.c **** *
 116:Generated_Source\PSoC4/QDEC_PM.c **** * Summary:
 117:Generated_Source\PSoC4/QDEC_PM.c **** *  Prepare Quadrature Decoder Component to wake up.
 118:Generated_Source\PSoC4/QDEC_PM.c **** *
 119:Generated_Source\PSoC4/QDEC_PM.c **** * Parameters:
 120:Generated_Source\PSoC4/QDEC_PM.c **** *  None.
 121:Generated_Source\PSoC4/QDEC_PM.c **** *
 122:Generated_Source\PSoC4/QDEC_PM.c **** * Return:
 123:Generated_Source\PSoC4/QDEC_PM.c **** *  None.
 124:Generated_Source\PSoC4/QDEC_PM.c **** *
 125:Generated_Source\PSoC4/QDEC_PM.c **** * Global Variables:
 126:Generated_Source\PSoC4/QDEC_PM.c **** *  QDEC_backup - used when non-retention registers are restored.
 127:Generated_Source\PSoC4/QDEC_PM.c **** *
 128:Generated_Source\PSoC4/QDEC_PM.c **** *******************************************************************************/
 129:Generated_Source\PSoC4/QDEC_PM.c **** void QDEC_Wakeup(void) 
 130:Generated_Source\PSoC4/QDEC_PM.c **** {
 126              		.loc 1 130 0
 127              		.cfi_startproc
 128 0000 08B5     		push	{r3, lr}
 129              		.cfi_def_cfa_offset 8
 130              		.cfi_offset 3, -8
 131              		.cfi_offset 14, -4
 132              	.LBB8:
 133              	.LBB9:
  71:Generated_Source\PSoC4/QDEC_PM.c ****     #endif /* (QDEC_COUNTER_SIZE == QDEC_COUNTER_SIZE_8_BIT) */
 134              		.loc 1 71 0
 135 0002 FFF7FEFF 		bl	QDEC_Cnt16_RestoreConfig
 136              	.LVL4:
 137              	.LBE9:
 138              	.LBE8:
 131:Generated_Source\PSoC4/QDEC_PM.c ****     QDEC_RestoreConfig();
 132:Generated_Source\PSoC4/QDEC_PM.c **** 
 133:Generated_Source\PSoC4/QDEC_PM.c ****     if (QDEC_backup.enableState != 0u)
 139              		.loc 1 133 0
 140 0006 044B     		ldr	r3, .L15
 141 0008 1B78     		ldrb	r3, [r3]
 142 000a 002B     		cmp	r3, #0
 143 000c 03D0     		beq	.L10
 134:Generated_Source\PSoC4/QDEC_PM.c ****     {
 135:Generated_Source\PSoC4/QDEC_PM.c ****         #if (QDEC_COUNTER_SIZE == QDEC_COUNTER_SIZE_8_BIT)
 136:Generated_Source\PSoC4/QDEC_PM.c ****             QDEC_Cnt8_Enable();
 137:Generated_Source\PSoC4/QDEC_PM.c ****         #else 
 138:Generated_Source\PSoC4/QDEC_PM.c ****             /* (QDEC_COUNTER_SIZE == QDEC_COUNTER_SIZE_16_BIT) || 
ARM GAS  C:\Users\g\AppData\Local\Temp\ccuILjoe.s 			page 6


 139:Generated_Source\PSoC4/QDEC_PM.c ****             *  (QDEC_COUNTER_SIZE == QDEC_COUNTER_SIZE_32_BIT) 
 140:Generated_Source\PSoC4/QDEC_PM.c ****             */
 141:Generated_Source\PSoC4/QDEC_PM.c ****             QDEC_Cnt16_Enable();
 144              		.loc 1 141 0
 145 000e FFF7FEFF 		bl	QDEC_Cnt16_Enable
 146              	.LVL5:
 142:Generated_Source\PSoC4/QDEC_PM.c ****         #endif /* (QDEC_COUNTER_SIZE == QDEC_COUNTER_SIZE_8_BIT) */
 143:Generated_Source\PSoC4/QDEC_PM.c **** 
 144:Generated_Source\PSoC4/QDEC_PM.c ****         /* Enable component's operation */
 145:Generated_Source\PSoC4/QDEC_PM.c ****         QDEC_Enable();
 147              		.loc 1 145 0
 148 0012 FFF7FEFF 		bl	QDEC_Enable
 149              	.LVL6:
 150              	.L10:
 146:Generated_Source\PSoC4/QDEC_PM.c ****     } /* Do nothing if component's block was disabled before */
 147:Generated_Source\PSoC4/QDEC_PM.c **** }
 151              		.loc 1 147 0
 152              		@ sp needed
 153 0016 08BD     		pop	{r3, pc}
 154              	.L16:
 155              		.align	2
 156              	.L15:
 157 0018 00000000 		.word	.LANCHOR0
 158              		.cfi_endproc
 159              	.LFE3:
 160              		.size	QDEC_Wakeup, .-QDEC_Wakeup
 161              		.bss
 162              		.align	2
 163              		.set	.LANCHOR0,. + 0
 164              		.type	QDEC_backup, %object
 165              		.size	QDEC_backup, 1
 166              	QDEC_backup:
 167 0000 00       		.space	1
 168 0001 000000   		.text
 169              	.Letext0:
 170              		.file 2 "Generated_Source\\PSoC4\\cytypes.h"
 171              		.file 3 "Generated_Source\\PSoC4\\QDEC.h"
 172              		.file 4 "Generated_Source\\PSoC4\\QDEC_Cnt16.h"
 173              		.section	.debug_info,"",%progbits
 174              	.Ldebug_info0:
 175 0000 C0010000 		.4byte	0x1c0
 176 0004 0400     		.2byte	0x4
 177 0006 00000000 		.4byte	.Ldebug_abbrev0
 178 000a 04       		.byte	0x4
 179 000b 01       		.uleb128 0x1
 180 000c 7E010000 		.4byte	.LASF25
 181 0010 01       		.byte	0x1
 182 0011 0A010000 		.4byte	.LASF26
 183 0015 33000000 		.4byte	.LASF27
 184 0019 00000000 		.4byte	.Ldebug_ranges0+0
 185 001d 00000000 		.4byte	0
 186 0021 00000000 		.4byte	.Ldebug_line0
 187 0025 02       		.uleb128 0x2
 188 0026 01       		.byte	0x1
 189 0027 06       		.byte	0x6
 190 0028 2E020000 		.4byte	.LASF0
 191 002c 02       		.uleb128 0x2
ARM GAS  C:\Users\g\AppData\Local\Temp\ccuILjoe.s 			page 7


 192 002d 01       		.byte	0x1
 193 002e 08       		.byte	0x8
 194 002f 70000000 		.4byte	.LASF1
 195 0033 02       		.uleb128 0x2
 196 0034 02       		.byte	0x2
 197 0035 05       		.byte	0x5
 198 0036 5F010000 		.4byte	.LASF2
 199 003a 02       		.uleb128 0x2
 200 003b 02       		.byte	0x2
 201 003c 07       		.byte	0x7
 202 003d 20000000 		.4byte	.LASF3
 203 0041 02       		.uleb128 0x2
 204 0042 04       		.byte	0x4
 205 0043 05       		.byte	0x5
 206 0044 69010000 		.4byte	.LASF4
 207 0048 02       		.uleb128 0x2
 208 0049 04       		.byte	0x4
 209 004a 07       		.byte	0x7
 210 004b A1000000 		.4byte	.LASF5
 211 004f 02       		.uleb128 0x2
 212 0050 08       		.byte	0x8
 213 0051 05       		.byte	0x5
 214 0052 40010000 		.4byte	.LASF6
 215 0056 02       		.uleb128 0x2
 216 0057 08       		.byte	0x8
 217 0058 07       		.byte	0x7
 218 0059 F3000000 		.4byte	.LASF7
 219 005d 03       		.uleb128 0x3
 220 005e 04       		.byte	0x4
 221 005f 05       		.byte	0x5
 222 0060 696E7400 		.ascii	"int\000"
 223 0064 02       		.uleb128 0x2
 224 0065 04       		.byte	0x4
 225 0066 07       		.byte	0x7
 226 0067 E6000000 		.4byte	.LASF8
 227 006b 04       		.uleb128 0x4
 228 006c B3000000 		.4byte	.LASF12
 229 0070 02       		.byte	0x2
 230 0071 9801     		.2byte	0x198
 231 0073 2C000000 		.4byte	0x2c
 232 0077 02       		.uleb128 0x2
 233 0078 04       		.byte	0x4
 234 0079 04       		.byte	0x4
 235 007a 6A000000 		.4byte	.LASF9
 236 007e 02       		.uleb128 0x2
 237 007f 08       		.byte	0x8
 238 0080 04       		.byte	0x4
 239 0081 CC000000 		.4byte	.LASF10
 240 0085 02       		.uleb128 0x2
 241 0086 01       		.byte	0x1
 242 0087 08       		.byte	0x8
 243 0088 4E010000 		.4byte	.LASF11
 244 008c 04       		.uleb128 0x4
 245 008d 7E000000 		.4byte	.LASF13
 246 0091 02       		.byte	0x2
 247 0092 4202     		.2byte	0x242
 248 0094 98000000 		.4byte	0x98
ARM GAS  C:\Users\g\AppData\Local\Temp\ccuILjoe.s 			page 8


 249 0098 05       		.uleb128 0x5
 250 0099 6B000000 		.4byte	0x6b
 251 009d 02       		.uleb128 0x2
 252 009e 04       		.byte	0x4
 253 009f 07       		.byte	0x7
 254 00a0 37010000 		.4byte	.LASF14
 255 00a4 06       		.uleb128 0x6
 256 00a5 01       		.byte	0x1
 257 00a6 03       		.byte	0x3
 258 00a7 3D       		.byte	0x3d
 259 00a8 B9000000 		.4byte	0xb9
 260 00ac 07       		.uleb128 0x7
 261 00ad 72010000 		.4byte	.LASF28
 262 00b1 03       		.byte	0x3
 263 00b2 3F       		.byte	0x3f
 264 00b3 6B000000 		.4byte	0x6b
 265 00b7 00       		.byte	0
 266 00b8 00       		.byte	0
 267 00b9 08       		.uleb128 0x8
 268 00ba B9000000 		.4byte	.LASF15
 269 00be 03       		.byte	0x3
 270 00bf 40       		.byte	0x40
 271 00c0 A4000000 		.4byte	0xa4
 272 00c4 09       		.uleb128 0x9
 273 00c5 5A000000 		.4byte	.LASF16
 274 00c9 01       		.byte	0x1
 275 00ca 25       		.byte	0x25
 276 00cb 01       		.byte	0x1
 277 00cc 09       		.uleb128 0x9
 278 00cd D3000000 		.4byte	.LASF17
 279 00d1 01       		.byte	0x1
 280 00d2 3F       		.byte	0x3f
 281 00d3 01       		.byte	0x1
 282 00d4 0A       		.uleb128 0xa
 283 00d5 C4000000 		.4byte	0xc4
 284 00d9 00000000 		.4byte	.LFB0
 285 00dd 08000000 		.4byte	.LFE0-.LFB0
 286 00e1 01       		.uleb128 0x1
 287 00e2 9C       		.byte	0x9c
 288 00e3 F1000000 		.4byte	0xf1
 289 00e7 0B       		.uleb128 0xb
 290 00e8 06000000 		.4byte	.LVL0
 291 00ec A0010000 		.4byte	0x1a0
 292 00f0 00       		.byte	0
 293 00f1 0A       		.uleb128 0xa
 294 00f2 CC000000 		.4byte	0xcc
 295 00f6 00000000 		.4byte	.LFB1
 296 00fa 08000000 		.4byte	.LFE1-.LFB1
 297 00fe 01       		.uleb128 0x1
 298 00ff 9C       		.byte	0x9c
 299 0100 0E010000 		.4byte	0x10e
 300 0104 0B       		.uleb128 0xb
 301 0105 06000000 		.4byte	.LVL1
 302 0109 A7010000 		.4byte	0x1a7
 303 010d 00       		.byte	0
 304 010e 0C       		.uleb128 0xc
 305 010f 3A020000 		.4byte	.LASF18
ARM GAS  C:\Users\g\AppData\Local\Temp\ccuILjoe.s 			page 9


 306 0113 01       		.byte	0x1
 307 0114 60       		.byte	0x60
 308 0115 00000000 		.4byte	.LFB2
 309 0119 2C000000 		.4byte	.LFE2-.LFB2
 310 011d 01       		.uleb128 0x1
 311 011e 9C       		.byte	0x9c
 312 011f 4A010000 		.4byte	0x14a
 313 0123 0D       		.uleb128 0xd
 314 0124 C4000000 		.4byte	0xc4
 315 0128 14000000 		.4byte	.LBB6
 316 012c 04000000 		.4byte	.LBE6-.LBB6
 317 0130 01       		.byte	0x1
 318 0131 6C       		.byte	0x6c
 319 0132 40010000 		.4byte	0x140
 320 0136 0B       		.uleb128 0xb
 321 0137 18000000 		.4byte	.LVL3
 322 013b A0010000 		.4byte	0x1a0
 323 013f 00       		.byte	0
 324 0140 0B       		.uleb128 0xb
 325 0141 14000000 		.4byte	.LVL2
 326 0145 AE010000 		.4byte	0x1ae
 327 0149 00       		.byte	0
 328 014a 0C       		.uleb128 0xc
 329 014b 53010000 		.4byte	.LASF19
 330 014f 01       		.byte	0x1
 331 0150 81       		.byte	0x81
 332 0151 00000000 		.4byte	.LFB3
 333 0155 1C000000 		.4byte	.LFE3-.LFB3
 334 0159 01       		.uleb128 0x1
 335 015a 9C       		.byte	0x9c
 336 015b 8F010000 		.4byte	0x18f
 337 015f 0D       		.uleb128 0xd
 338 0160 CC000000 		.4byte	0xcc
 339 0164 02000000 		.4byte	.LBB8
 340 0168 04000000 		.4byte	.LBE8-.LBB8
 341 016c 01       		.byte	0x1
 342 016d 83       		.byte	0x83
 343 016e 7C010000 		.4byte	0x17c
 344 0172 0B       		.uleb128 0xb
 345 0173 06000000 		.4byte	.LVL4
 346 0177 A7010000 		.4byte	0x1a7
 347 017b 00       		.byte	0
 348 017c 0B       		.uleb128 0xb
 349 017d 12000000 		.4byte	.LVL5
 350 0181 B5010000 		.4byte	0x1b5
 351 0185 0B       		.uleb128 0xb
 352 0186 16000000 		.4byte	.LVL6
 353 018a BC010000 		.4byte	0x1bc
 354 018e 00       		.byte	0
 355 018f 0E       		.uleb128 0xe
 356 0190 2B010000 		.4byte	.LASF29
 357 0194 01       		.byte	0x1
 358 0195 15       		.byte	0x15
 359 0196 B9000000 		.4byte	0xb9
 360 019a 05       		.uleb128 0x5
 361 019b 03       		.byte	0x3
 362 019c 00000000 		.4byte	QDEC_backup
ARM GAS  C:\Users\g\AppData\Local\Temp\ccuILjoe.s 			page 10


 363 01a0 0F       		.uleb128 0xf
 364 01a1 00000000 		.4byte	.LASF20
 365 01a5 04       		.byte	0x4
 366 01a6 72       		.byte	0x72
 367 01a7 0F       		.uleb128 0xf
 368 01a8 15020000 		.4byte	.LASF21
 369 01ac 04       		.byte	0x4
 370 01ad 73       		.byte	0x73
 371 01ae 0F       		.uleb128 0xf
 372 01af 16000000 		.4byte	.LASF22
 373 01b3 03       		.byte	0x3
 374 01b4 49       		.byte	0x49
 375 01b5 0F       		.uleb128 0xf
 376 01b6 8F000000 		.4byte	.LASF23
 377 01ba 04       		.byte	0x4
 378 01bb 71       		.byte	0x71
 379 01bc 0F       		.uleb128 0xf
 380 01bd 83000000 		.4byte	.LASF24
 381 01c1 03       		.byte	0x3
 382 01c2 4A       		.byte	0x4a
 383 01c3 00       		.byte	0
 384              		.section	.debug_abbrev,"",%progbits
 385              	.Ldebug_abbrev0:
 386 0000 01       		.uleb128 0x1
 387 0001 11       		.uleb128 0x11
 388 0002 01       		.byte	0x1
 389 0003 25       		.uleb128 0x25
 390 0004 0E       		.uleb128 0xe
 391 0005 13       		.uleb128 0x13
 392 0006 0B       		.uleb128 0xb
 393 0007 03       		.uleb128 0x3
 394 0008 0E       		.uleb128 0xe
 395 0009 1B       		.uleb128 0x1b
 396 000a 0E       		.uleb128 0xe
 397 000b 55       		.uleb128 0x55
 398 000c 17       		.uleb128 0x17
 399 000d 11       		.uleb128 0x11
 400 000e 01       		.uleb128 0x1
 401 000f 10       		.uleb128 0x10
 402 0010 17       		.uleb128 0x17
 403 0011 00       		.byte	0
 404 0012 00       		.byte	0
 405 0013 02       		.uleb128 0x2
 406 0014 24       		.uleb128 0x24
 407 0015 00       		.byte	0
 408 0016 0B       		.uleb128 0xb
 409 0017 0B       		.uleb128 0xb
 410 0018 3E       		.uleb128 0x3e
 411 0019 0B       		.uleb128 0xb
 412 001a 03       		.uleb128 0x3
 413 001b 0E       		.uleb128 0xe
 414 001c 00       		.byte	0
 415 001d 00       		.byte	0
 416 001e 03       		.uleb128 0x3
 417 001f 24       		.uleb128 0x24
 418 0020 00       		.byte	0
 419 0021 0B       		.uleb128 0xb
ARM GAS  C:\Users\g\AppData\Local\Temp\ccuILjoe.s 			page 11


 420 0022 0B       		.uleb128 0xb
 421 0023 3E       		.uleb128 0x3e
 422 0024 0B       		.uleb128 0xb
 423 0025 03       		.uleb128 0x3
 424 0026 08       		.uleb128 0x8
 425 0027 00       		.byte	0
 426 0028 00       		.byte	0
 427 0029 04       		.uleb128 0x4
 428 002a 16       		.uleb128 0x16
 429 002b 00       		.byte	0
 430 002c 03       		.uleb128 0x3
 431 002d 0E       		.uleb128 0xe
 432 002e 3A       		.uleb128 0x3a
 433 002f 0B       		.uleb128 0xb
 434 0030 3B       		.uleb128 0x3b
 435 0031 05       		.uleb128 0x5
 436 0032 49       		.uleb128 0x49
 437 0033 13       		.uleb128 0x13
 438 0034 00       		.byte	0
 439 0035 00       		.byte	0
 440 0036 05       		.uleb128 0x5
 441 0037 35       		.uleb128 0x35
 442 0038 00       		.byte	0
 443 0039 49       		.uleb128 0x49
 444 003a 13       		.uleb128 0x13
 445 003b 00       		.byte	0
 446 003c 00       		.byte	0
 447 003d 06       		.uleb128 0x6
 448 003e 13       		.uleb128 0x13
 449 003f 01       		.byte	0x1
 450 0040 0B       		.uleb128 0xb
 451 0041 0B       		.uleb128 0xb
 452 0042 3A       		.uleb128 0x3a
 453 0043 0B       		.uleb128 0xb
 454 0044 3B       		.uleb128 0x3b
 455 0045 0B       		.uleb128 0xb
 456 0046 01       		.uleb128 0x1
 457 0047 13       		.uleb128 0x13
 458 0048 00       		.byte	0
 459 0049 00       		.byte	0
 460 004a 07       		.uleb128 0x7
 461 004b 0D       		.uleb128 0xd
 462 004c 00       		.byte	0
 463 004d 03       		.uleb128 0x3
 464 004e 0E       		.uleb128 0xe
 465 004f 3A       		.uleb128 0x3a
 466 0050 0B       		.uleb128 0xb
 467 0051 3B       		.uleb128 0x3b
 468 0052 0B       		.uleb128 0xb
 469 0053 49       		.uleb128 0x49
 470 0054 13       		.uleb128 0x13
 471 0055 38       		.uleb128 0x38
 472 0056 0B       		.uleb128 0xb
 473 0057 00       		.byte	0
 474 0058 00       		.byte	0
 475 0059 08       		.uleb128 0x8
 476 005a 16       		.uleb128 0x16
ARM GAS  C:\Users\g\AppData\Local\Temp\ccuILjoe.s 			page 12


 477 005b 00       		.byte	0
 478 005c 03       		.uleb128 0x3
 479 005d 0E       		.uleb128 0xe
 480 005e 3A       		.uleb128 0x3a
 481 005f 0B       		.uleb128 0xb
 482 0060 3B       		.uleb128 0x3b
 483 0061 0B       		.uleb128 0xb
 484 0062 49       		.uleb128 0x49
 485 0063 13       		.uleb128 0x13
 486 0064 00       		.byte	0
 487 0065 00       		.byte	0
 488 0066 09       		.uleb128 0x9
 489 0067 2E       		.uleb128 0x2e
 490 0068 00       		.byte	0
 491 0069 3F       		.uleb128 0x3f
 492 006a 19       		.uleb128 0x19
 493 006b 03       		.uleb128 0x3
 494 006c 0E       		.uleb128 0xe
 495 006d 3A       		.uleb128 0x3a
 496 006e 0B       		.uleb128 0xb
 497 006f 3B       		.uleb128 0x3b
 498 0070 0B       		.uleb128 0xb
 499 0071 27       		.uleb128 0x27
 500 0072 19       		.uleb128 0x19
 501 0073 20       		.uleb128 0x20
 502 0074 0B       		.uleb128 0xb
 503 0075 00       		.byte	0
 504 0076 00       		.byte	0
 505 0077 0A       		.uleb128 0xa
 506 0078 2E       		.uleb128 0x2e
 507 0079 01       		.byte	0x1
 508 007a 31       		.uleb128 0x31
 509 007b 13       		.uleb128 0x13
 510 007c 11       		.uleb128 0x11
 511 007d 01       		.uleb128 0x1
 512 007e 12       		.uleb128 0x12
 513 007f 06       		.uleb128 0x6
 514 0080 40       		.uleb128 0x40
 515 0081 18       		.uleb128 0x18
 516 0082 9742     		.uleb128 0x2117
 517 0084 19       		.uleb128 0x19
 518 0085 01       		.uleb128 0x1
 519 0086 13       		.uleb128 0x13
 520 0087 00       		.byte	0
 521 0088 00       		.byte	0
 522 0089 0B       		.uleb128 0xb
 523 008a 898201   		.uleb128 0x4109
 524 008d 00       		.byte	0
 525 008e 11       		.uleb128 0x11
 526 008f 01       		.uleb128 0x1
 527 0090 31       		.uleb128 0x31
 528 0091 13       		.uleb128 0x13
 529 0092 00       		.byte	0
 530 0093 00       		.byte	0
 531 0094 0C       		.uleb128 0xc
 532 0095 2E       		.uleb128 0x2e
 533 0096 01       		.byte	0x1
ARM GAS  C:\Users\g\AppData\Local\Temp\ccuILjoe.s 			page 13


 534 0097 3F       		.uleb128 0x3f
 535 0098 19       		.uleb128 0x19
 536 0099 03       		.uleb128 0x3
 537 009a 0E       		.uleb128 0xe
 538 009b 3A       		.uleb128 0x3a
 539 009c 0B       		.uleb128 0xb
 540 009d 3B       		.uleb128 0x3b
 541 009e 0B       		.uleb128 0xb
 542 009f 27       		.uleb128 0x27
 543 00a0 19       		.uleb128 0x19
 544 00a1 11       		.uleb128 0x11
 545 00a2 01       		.uleb128 0x1
 546 00a3 12       		.uleb128 0x12
 547 00a4 06       		.uleb128 0x6
 548 00a5 40       		.uleb128 0x40
 549 00a6 18       		.uleb128 0x18
 550 00a7 9742     		.uleb128 0x2117
 551 00a9 19       		.uleb128 0x19
 552 00aa 01       		.uleb128 0x1
 553 00ab 13       		.uleb128 0x13
 554 00ac 00       		.byte	0
 555 00ad 00       		.byte	0
 556 00ae 0D       		.uleb128 0xd
 557 00af 1D       		.uleb128 0x1d
 558 00b0 01       		.byte	0x1
 559 00b1 31       		.uleb128 0x31
 560 00b2 13       		.uleb128 0x13
 561 00b3 11       		.uleb128 0x11
 562 00b4 01       		.uleb128 0x1
 563 00b5 12       		.uleb128 0x12
 564 00b6 06       		.uleb128 0x6
 565 00b7 58       		.uleb128 0x58
 566 00b8 0B       		.uleb128 0xb
 567 00b9 59       		.uleb128 0x59
 568 00ba 0B       		.uleb128 0xb
 569 00bb 01       		.uleb128 0x1
 570 00bc 13       		.uleb128 0x13
 571 00bd 00       		.byte	0
 572 00be 00       		.byte	0
 573 00bf 0E       		.uleb128 0xe
 574 00c0 34       		.uleb128 0x34
 575 00c1 00       		.byte	0
 576 00c2 03       		.uleb128 0x3
 577 00c3 0E       		.uleb128 0xe
 578 00c4 3A       		.uleb128 0x3a
 579 00c5 0B       		.uleb128 0xb
 580 00c6 3B       		.uleb128 0x3b
 581 00c7 0B       		.uleb128 0xb
 582 00c8 49       		.uleb128 0x49
 583 00c9 13       		.uleb128 0x13
 584 00ca 02       		.uleb128 0x2
 585 00cb 18       		.uleb128 0x18
 586 00cc 00       		.byte	0
 587 00cd 00       		.byte	0
 588 00ce 0F       		.uleb128 0xf
 589 00cf 2E       		.uleb128 0x2e
 590 00d0 00       		.byte	0
ARM GAS  C:\Users\g\AppData\Local\Temp\ccuILjoe.s 			page 14


 591 00d1 3F       		.uleb128 0x3f
 592 00d2 19       		.uleb128 0x19
 593 00d3 03       		.uleb128 0x3
 594 00d4 0E       		.uleb128 0xe
 595 00d5 3A       		.uleb128 0x3a
 596 00d6 0B       		.uleb128 0xb
 597 00d7 3B       		.uleb128 0x3b
 598 00d8 0B       		.uleb128 0xb
 599 00d9 27       		.uleb128 0x27
 600 00da 19       		.uleb128 0x19
 601 00db 3C       		.uleb128 0x3c
 602 00dc 19       		.uleb128 0x19
 603 00dd 00       		.byte	0
 604 00de 00       		.byte	0
 605 00df 00       		.byte	0
 606              		.section	.debug_aranges,"",%progbits
 607 0000 34000000 		.4byte	0x34
 608 0004 0200     		.2byte	0x2
 609 0006 00000000 		.4byte	.Ldebug_info0
 610 000a 04       		.byte	0x4
 611 000b 00       		.byte	0
 612 000c 0000     		.2byte	0
 613 000e 0000     		.2byte	0
 614 0010 00000000 		.4byte	.LFB0
 615 0014 08000000 		.4byte	.LFE0-.LFB0
 616 0018 00000000 		.4byte	.LFB1
 617 001c 08000000 		.4byte	.LFE1-.LFB1
 618 0020 00000000 		.4byte	.LFB2
 619 0024 2C000000 		.4byte	.LFE2-.LFB2
 620 0028 00000000 		.4byte	.LFB3
 621 002c 1C000000 		.4byte	.LFE3-.LFB3
 622 0030 00000000 		.4byte	0
 623 0034 00000000 		.4byte	0
 624              		.section	.debug_ranges,"",%progbits
 625              	.Ldebug_ranges0:
 626 0000 00000000 		.4byte	.LFB0
 627 0004 08000000 		.4byte	.LFE0
 628 0008 00000000 		.4byte	.LFB1
 629 000c 08000000 		.4byte	.LFE1
 630 0010 00000000 		.4byte	.LFB2
 631 0014 2C000000 		.4byte	.LFE2
 632 0018 00000000 		.4byte	.LFB3
 633 001c 1C000000 		.4byte	.LFE3
 634 0020 00000000 		.4byte	0
 635 0024 00000000 		.4byte	0
 636              		.section	.debug_line,"",%progbits
 637              	.Ldebug_line0:
 638 0000 BF000000 		.section	.debug_str,"MS",%progbits,1
 638      02005E00 
 638      00000201 
 638      FB0E0D00 
 638      01010101 
 639              	.LASF20:
 640 0000 51444543 		.ascii	"QDEC_Cnt16_SaveConfig\000"
 640      5F436E74 
 640      31365F53 
 640      61766543 
ARM GAS  C:\Users\g\AppData\Local\Temp\ccuILjoe.s 			page 15


 640      6F6E6669 
 641              	.LASF22:
 642 0016 51444543 		.ascii	"QDEC_Stop\000"
 642      5F53746F 
 642      7000
 643              	.LASF3:
 644 0020 73686F72 		.ascii	"short unsigned int\000"
 644      7420756E 
 644      7369676E 
 644      65642069 
 644      6E7400
 645              	.LASF27:
 646 0033 443A5C63 		.ascii	"D:\\code\\cypress\\controllers\\dcsd.cydsn\000"
 646      6F64655C 
 646      63797072 
 646      6573735C 
 646      636F6E74 
 647              	.LASF16:
 648 005a 51444543 		.ascii	"QDEC_SaveConfig\000"
 648      5F536176 
 648      65436F6E 
 648      66696700 
 649              	.LASF9:
 650 006a 666C6F61 		.ascii	"float\000"
 650      7400
 651              	.LASF1:
 652 0070 756E7369 		.ascii	"unsigned char\000"
 652      676E6564 
 652      20636861 
 652      7200
 653              	.LASF13:
 654 007e 72656738 		.ascii	"reg8\000"
 654      00
 655              	.LASF24:
 656 0083 51444543 		.ascii	"QDEC_Enable\000"
 656      5F456E61 
 656      626C6500 
 657              	.LASF23:
 658 008f 51444543 		.ascii	"QDEC_Cnt16_Enable\000"
 658      5F436E74 
 658      31365F45 
 658      6E61626C 
 658      6500
 659              	.LASF5:
 660 00a1 6C6F6E67 		.ascii	"long unsigned int\000"
 660      20756E73 
 660      69676E65 
 660      6420696E 
 660      7400
 661              	.LASF12:
 662 00b3 75696E74 		.ascii	"uint8\000"
 662      3800
 663              	.LASF15:
 664 00b9 51444543 		.ascii	"QDEC_BACKUP_STRUCT\000"
 664      5F424143 
 664      4B55505F 
 664      53545255 
ARM GAS  C:\Users\g\AppData\Local\Temp\ccuILjoe.s 			page 16


 664      435400
 665              	.LASF10:
 666 00cc 646F7562 		.ascii	"double\000"
 666      6C6500
 667              	.LASF17:
 668 00d3 51444543 		.ascii	"QDEC_RestoreConfig\000"
 668      5F526573 
 668      746F7265 
 668      436F6E66 
 668      696700
 669              	.LASF8:
 670 00e6 756E7369 		.ascii	"unsigned int\000"
 670      676E6564 
 670      20696E74 
 670      00
 671              	.LASF7:
 672 00f3 6C6F6E67 		.ascii	"long long unsigned int\000"
 672      206C6F6E 
 672      6720756E 
 672      7369676E 
 672      65642069 
 673              	.LASF26:
 674 010a 47656E65 		.ascii	"Generated_Source\\PSoC4\\QDEC_PM.c\000"
 674      72617465 
 674      645F536F 
 674      75726365 
 674      5C50536F 
 675              	.LASF29:
 676 012b 51444543 		.ascii	"QDEC_backup\000"
 676      5F626163 
 676      6B757000 
 677              	.LASF14:
 678 0137 73697A65 		.ascii	"sizetype\000"
 678      74797065 
 678      00
 679              	.LASF6:
 680 0140 6C6F6E67 		.ascii	"long long int\000"
 680      206C6F6E 
 680      6720696E 
 680      7400
 681              	.LASF11:
 682 014e 63686172 		.ascii	"char\000"
 682      00
 683              	.LASF19:
 684 0153 51444543 		.ascii	"QDEC_Wakeup\000"
 684      5F57616B 
 684      65757000 
 685              	.LASF2:
 686 015f 73686F72 		.ascii	"short int\000"
 686      7420696E 
 686      7400
 687              	.LASF4:
 688 0169 6C6F6E67 		.ascii	"long int\000"
 688      20696E74 
 688      00
 689              	.LASF28:
 690 0172 656E6162 		.ascii	"enableState\000"
ARM GAS  C:\Users\g\AppData\Local\Temp\ccuILjoe.s 			page 17


 690      6C655374 
 690      61746500 
 691              	.LASF25:
 692 017e 474E5520 		.ascii	"GNU C 4.9.3 20150303 (release) [ARM/embedded-4_9-br"
 692      4320342E 
 692      392E3320 
 692      32303135 
 692      30333033 
 693 01b1 616E6368 		.ascii	"anch revision 221220] -mcpu=cortex-m0 -mthumb -g -O"
 693      20726576 
 693      6973696F 
 693      6E203232 
 693      31323230 
 694 01e4 32202D73 		.ascii	"2 -std=c99 -ffunction-sections -ffat-lto-objects\000"
 694      74643D63 
 694      3939202D 
 694      6666756E 
 694      6374696F 
 695              	.LASF21:
 696 0215 51444543 		.ascii	"QDEC_Cnt16_RestoreConfig\000"
 696      5F436E74 
 696      31365F52 
 696      6573746F 
 696      7265436F 
 697              	.LASF0:
 698 022e 7369676E 		.ascii	"signed char\000"
 698      65642063 
 698      68617200 
 699              	.LASF18:
 700 023a 51444543 		.ascii	"QDEC_Sleep\000"
 700      5F536C65 
 700      657000
 701              		.ident	"GCC: (GNU Tools for ARM Embedded Processors) 4.9.3 20150303 (release) [ARM/embedded-4_9-br
