ARM GAS  C:\Users\g\AppData\Local\Temp\ccJvPa3O.s 			page 1


   1              		.cpu cortex-m0
   2              		.fpu softvfp
   3              		.eabi_attribute 20, 1
   4              		.eabi_attribute 21, 1
   5              		.eabi_attribute 23, 3
   6              		.eabi_attribute 24, 1
   7              		.eabi_attribute 25, 1
   8              		.eabi_attribute 26, 1
   9              		.eabi_attribute 30, 2
  10              		.eabi_attribute 34, 0
  11              		.eabi_attribute 18, 4
  12              		.code	16
  13              		.file	"QDEC_FAULT.c"
  14              		.text
  15              	.Ltext0:
  16              		.cfi_sections	.debug_frame
  17              		.section	.text.QDEC_FAULT_Read,"ax",%progbits
  18              		.align	2
  19              		.global	QDEC_FAULT_Read
  20              		.code	16
  21              		.thumb_func
  22              		.type	QDEC_FAULT_Read, %function
  23              	QDEC_FAULT_Read:
  24              	.LFB0:
  25              		.file 1 ".\\Generated_Source\\PSoC4\\QDEC_FAULT.c"
   1:.\Generated_Source\PSoC4/QDEC_FAULT.c **** /*******************************************************************************
   2:.\Generated_Source\PSoC4/QDEC_FAULT.c **** * File Name: QDEC_FAULT.c  
   3:.\Generated_Source\PSoC4/QDEC_FAULT.c **** * Version 1.90
   4:.\Generated_Source\PSoC4/QDEC_FAULT.c **** *
   5:.\Generated_Source\PSoC4/QDEC_FAULT.c **** * Description:
   6:.\Generated_Source\PSoC4/QDEC_FAULT.c **** *  This file contains API to enable firmware to read the value of a Status 
   7:.\Generated_Source\PSoC4/QDEC_FAULT.c **** *  Register.
   8:.\Generated_Source\PSoC4/QDEC_FAULT.c **** *
   9:.\Generated_Source\PSoC4/QDEC_FAULT.c **** * Note:
  10:.\Generated_Source\PSoC4/QDEC_FAULT.c **** *
  11:.\Generated_Source\PSoC4/QDEC_FAULT.c **** ********************************************************************************
  12:.\Generated_Source\PSoC4/QDEC_FAULT.c **** * Copyright 2008-2015, Cypress Semiconductor Corporation.  All rights reserved.
  13:.\Generated_Source\PSoC4/QDEC_FAULT.c **** * You may use this file only in accordance with the license, terms, conditions, 
  14:.\Generated_Source\PSoC4/QDEC_FAULT.c **** * disclaimers, and limitations in the end user license agreement accompanying 
  15:.\Generated_Source\PSoC4/QDEC_FAULT.c **** * the software package with which this file was provided.
  16:.\Generated_Source\PSoC4/QDEC_FAULT.c **** *******************************************************************************/
  17:.\Generated_Source\PSoC4/QDEC_FAULT.c **** 
  18:.\Generated_Source\PSoC4/QDEC_FAULT.c **** #include "QDEC_FAULT.h"
  19:.\Generated_Source\PSoC4/QDEC_FAULT.c **** 
  20:.\Generated_Source\PSoC4/QDEC_FAULT.c **** #if !defined(QDEC_FAULT_sts_sts_reg__REMOVED) /* Check for removal by optimization */
  21:.\Generated_Source\PSoC4/QDEC_FAULT.c **** 
  22:.\Generated_Source\PSoC4/QDEC_FAULT.c **** 
  23:.\Generated_Source\PSoC4/QDEC_FAULT.c **** /*******************************************************************************
  24:.\Generated_Source\PSoC4/QDEC_FAULT.c **** * Function Name: QDEC_FAULT_Read
  25:.\Generated_Source\PSoC4/QDEC_FAULT.c **** ********************************************************************************
  26:.\Generated_Source\PSoC4/QDEC_FAULT.c **** *
  27:.\Generated_Source\PSoC4/QDEC_FAULT.c **** * Summary:
  28:.\Generated_Source\PSoC4/QDEC_FAULT.c **** *  Reads the current value assigned to the Status Register.
  29:.\Generated_Source\PSoC4/QDEC_FAULT.c **** *
  30:.\Generated_Source\PSoC4/QDEC_FAULT.c **** * Parameters:
  31:.\Generated_Source\PSoC4/QDEC_FAULT.c **** *  None.
  32:.\Generated_Source\PSoC4/QDEC_FAULT.c **** *
ARM GAS  C:\Users\g\AppData\Local\Temp\ccJvPa3O.s 			page 2


  33:.\Generated_Source\PSoC4/QDEC_FAULT.c **** * Return:
  34:.\Generated_Source\PSoC4/QDEC_FAULT.c **** *  The current value in the Status Register.
  35:.\Generated_Source\PSoC4/QDEC_FAULT.c **** *
  36:.\Generated_Source\PSoC4/QDEC_FAULT.c **** *******************************************************************************/
  37:.\Generated_Source\PSoC4/QDEC_FAULT.c **** uint8 QDEC_FAULT_Read(void) 
  38:.\Generated_Source\PSoC4/QDEC_FAULT.c **** { 
  26              		.loc 1 38 0
  27              		.cfi_startproc
  39:.\Generated_Source\PSoC4/QDEC_FAULT.c ****     return QDEC_FAULT_Status;
  28              		.loc 1 39 0
  29 0000 014B     		ldr	r3, .L2
  40:.\Generated_Source\PSoC4/QDEC_FAULT.c **** }
  30              		.loc 1 40 0
  31              		@ sp needed
  39:.\Generated_Source\PSoC4/QDEC_FAULT.c ****     return QDEC_FAULT_Status;
  32              		.loc 1 39 0
  33 0002 1878     		ldrb	r0, [r3]
  34 0004 C0B2     		uxtb	r0, r0
  35              		.loc 1 40 0
  36 0006 7047     		bx	lr
  37              	.L3:
  38              		.align	2
  39              	.L2:
  40 0008 62000F40 		.word	1074724962
  41              		.cfi_endproc
  42              	.LFE0:
  43              		.size	QDEC_FAULT_Read, .-QDEC_FAULT_Read
  44              		.section	.text.QDEC_FAULT_InterruptEnable,"ax",%progbits
  45              		.align	2
  46              		.global	QDEC_FAULT_InterruptEnable
  47              		.code	16
  48              		.thumb_func
  49              		.type	QDEC_FAULT_InterruptEnable, %function
  50              	QDEC_FAULT_InterruptEnable:
  51              	.LFB1:
  41:.\Generated_Source\PSoC4/QDEC_FAULT.c **** 
  42:.\Generated_Source\PSoC4/QDEC_FAULT.c **** 
  43:.\Generated_Source\PSoC4/QDEC_FAULT.c **** /*******************************************************************************
  44:.\Generated_Source\PSoC4/QDEC_FAULT.c **** * Function Name: QDEC_FAULT_InterruptEnable
  45:.\Generated_Source\PSoC4/QDEC_FAULT.c **** ********************************************************************************
  46:.\Generated_Source\PSoC4/QDEC_FAULT.c **** *
  47:.\Generated_Source\PSoC4/QDEC_FAULT.c **** * Summary:
  48:.\Generated_Source\PSoC4/QDEC_FAULT.c **** *  Enables the Status Register interrupt.
  49:.\Generated_Source\PSoC4/QDEC_FAULT.c **** *
  50:.\Generated_Source\PSoC4/QDEC_FAULT.c **** * Parameters:
  51:.\Generated_Source\PSoC4/QDEC_FAULT.c **** *  None.
  52:.\Generated_Source\PSoC4/QDEC_FAULT.c **** *
  53:.\Generated_Source\PSoC4/QDEC_FAULT.c **** * Return:
  54:.\Generated_Source\PSoC4/QDEC_FAULT.c **** *  None.
  55:.\Generated_Source\PSoC4/QDEC_FAULT.c **** *
  56:.\Generated_Source\PSoC4/QDEC_FAULT.c **** *******************************************************************************/
  57:.\Generated_Source\PSoC4/QDEC_FAULT.c **** void QDEC_FAULT_InterruptEnable(void) 
  58:.\Generated_Source\PSoC4/QDEC_FAULT.c **** {
  52              		.loc 1 58 0
  53              		.cfi_startproc
  54 0000 08B5     		push	{r3, lr}
  55              		.cfi_def_cfa_offset 8
ARM GAS  C:\Users\g\AppData\Local\Temp\ccJvPa3O.s 			page 3


  56              		.cfi_offset 3, -8
  57              		.cfi_offset 14, -4
  59:.\Generated_Source\PSoC4/QDEC_FAULT.c ****     uint8 interruptState;
  60:.\Generated_Source\PSoC4/QDEC_FAULT.c ****     interruptState = CyEnterCriticalSection();
  58              		.loc 1 60 0
  59 0002 FFF7FEFF 		bl	CyEnterCriticalSection
  60              	.LVL0:
  61:.\Generated_Source\PSoC4/QDEC_FAULT.c ****     QDEC_FAULT_Status_Aux_Ctrl |= QDEC_FAULT_STATUS_INTR_ENBL;
  61              		.loc 1 61 0
  62 0006 1023     		mov	r3, #16
  63 0008 034A     		ldr	r2, .L5
  62:.\Generated_Source\PSoC4/QDEC_FAULT.c ****     CyExitCriticalSection(interruptState);
  63:.\Generated_Source\PSoC4/QDEC_FAULT.c **** }
  64              		.loc 1 63 0
  65              		@ sp needed
  61:.\Generated_Source\PSoC4/QDEC_FAULT.c ****     QDEC_FAULT_Status_Aux_Ctrl |= QDEC_FAULT_STATUS_INTR_ENBL;
  66              		.loc 1 61 0
  67 000a 1178     		ldrb	r1, [r2]
  68 000c 0B43     		orr	r3, r1
  69 000e 1370     		strb	r3, [r2]
  62:.\Generated_Source\PSoC4/QDEC_FAULT.c ****     CyExitCriticalSection(interruptState);
  70              		.loc 1 62 0
  71 0010 FFF7FEFF 		bl	CyExitCriticalSection
  72              	.LVL1:
  73              		.loc 1 63 0
  74 0014 08BD     		pop	{r3, pc}
  75              	.L6:
  76 0016 C046     		.align	2
  77              	.L5:
  78 0018 92000F40 		.word	1074725010
  79              		.cfi_endproc
  80              	.LFE1:
  81              		.size	QDEC_FAULT_InterruptEnable, .-QDEC_FAULT_InterruptEnable
  82              		.section	.text.QDEC_FAULT_InterruptDisable,"ax",%progbits
  83              		.align	2
  84              		.global	QDEC_FAULT_InterruptDisable
  85              		.code	16
  86              		.thumb_func
  87              		.type	QDEC_FAULT_InterruptDisable, %function
  88              	QDEC_FAULT_InterruptDisable:
  89              	.LFB2:
  64:.\Generated_Source\PSoC4/QDEC_FAULT.c **** 
  65:.\Generated_Source\PSoC4/QDEC_FAULT.c **** 
  66:.\Generated_Source\PSoC4/QDEC_FAULT.c **** /*******************************************************************************
  67:.\Generated_Source\PSoC4/QDEC_FAULT.c **** * Function Name: QDEC_FAULT_InterruptDisable
  68:.\Generated_Source\PSoC4/QDEC_FAULT.c **** ********************************************************************************
  69:.\Generated_Source\PSoC4/QDEC_FAULT.c **** *
  70:.\Generated_Source\PSoC4/QDEC_FAULT.c **** * Summary:
  71:.\Generated_Source\PSoC4/QDEC_FAULT.c **** *  Disables the Status Register interrupt.
  72:.\Generated_Source\PSoC4/QDEC_FAULT.c **** *
  73:.\Generated_Source\PSoC4/QDEC_FAULT.c **** * Parameters:
  74:.\Generated_Source\PSoC4/QDEC_FAULT.c **** *  None.
  75:.\Generated_Source\PSoC4/QDEC_FAULT.c **** *
  76:.\Generated_Source\PSoC4/QDEC_FAULT.c **** * Return:
  77:.\Generated_Source\PSoC4/QDEC_FAULT.c **** *  None.
  78:.\Generated_Source\PSoC4/QDEC_FAULT.c **** *
  79:.\Generated_Source\PSoC4/QDEC_FAULT.c **** *******************************************************************************/
ARM GAS  C:\Users\g\AppData\Local\Temp\ccJvPa3O.s 			page 4


  80:.\Generated_Source\PSoC4/QDEC_FAULT.c **** void QDEC_FAULT_InterruptDisable(void) 
  81:.\Generated_Source\PSoC4/QDEC_FAULT.c **** {
  90              		.loc 1 81 0
  91              		.cfi_startproc
  92 0000 08B5     		push	{r3, lr}
  93              		.cfi_def_cfa_offset 8
  94              		.cfi_offset 3, -8
  95              		.cfi_offset 14, -4
  82:.\Generated_Source\PSoC4/QDEC_FAULT.c ****     uint8 interruptState;
  83:.\Generated_Source\PSoC4/QDEC_FAULT.c ****     interruptState = CyEnterCriticalSection();
  96              		.loc 1 83 0
  97 0002 FFF7FEFF 		bl	CyEnterCriticalSection
  98              	.LVL2:
  84:.\Generated_Source\PSoC4/QDEC_FAULT.c ****     QDEC_FAULT_Status_Aux_Ctrl &= (uint8)(~QDEC_FAULT_STATUS_INTR_ENBL);
  99              		.loc 1 84 0
 100 0006 1021     		mov	r1, #16
 101 0008 034A     		ldr	r2, .L8
  85:.\Generated_Source\PSoC4/QDEC_FAULT.c ****     CyExitCriticalSection(interruptState);
  86:.\Generated_Source\PSoC4/QDEC_FAULT.c **** }
 102              		.loc 1 86 0
 103              		@ sp needed
  84:.\Generated_Source\PSoC4/QDEC_FAULT.c ****     QDEC_FAULT_Status_Aux_Ctrl &= (uint8)(~QDEC_FAULT_STATUS_INTR_ENBL);
 104              		.loc 1 84 0
 105 000a 1378     		ldrb	r3, [r2]
 106 000c 8B43     		bic	r3, r1
 107 000e 1370     		strb	r3, [r2]
  85:.\Generated_Source\PSoC4/QDEC_FAULT.c ****     CyExitCriticalSection(interruptState);
 108              		.loc 1 85 0
 109 0010 FFF7FEFF 		bl	CyExitCriticalSection
 110              	.LVL3:
 111              		.loc 1 86 0
 112 0014 08BD     		pop	{r3, pc}
 113              	.L9:
 114 0016 C046     		.align	2
 115              	.L8:
 116 0018 92000F40 		.word	1074725010
 117              		.cfi_endproc
 118              	.LFE2:
 119              		.size	QDEC_FAULT_InterruptDisable, .-QDEC_FAULT_InterruptDisable
 120              		.section	.text.QDEC_FAULT_WriteMask,"ax",%progbits
 121              		.align	2
 122              		.global	QDEC_FAULT_WriteMask
 123              		.code	16
 124              		.thumb_func
 125              		.type	QDEC_FAULT_WriteMask, %function
 126              	QDEC_FAULT_WriteMask:
 127              	.LFB3:
  87:.\Generated_Source\PSoC4/QDEC_FAULT.c **** 
  88:.\Generated_Source\PSoC4/QDEC_FAULT.c **** 
  89:.\Generated_Source\PSoC4/QDEC_FAULT.c **** /*******************************************************************************
  90:.\Generated_Source\PSoC4/QDEC_FAULT.c **** * Function Name: QDEC_FAULT_WriteMask
  91:.\Generated_Source\PSoC4/QDEC_FAULT.c **** ********************************************************************************
  92:.\Generated_Source\PSoC4/QDEC_FAULT.c **** *
  93:.\Generated_Source\PSoC4/QDEC_FAULT.c **** * Summary:
  94:.\Generated_Source\PSoC4/QDEC_FAULT.c **** *  Writes the current mask value assigned to the Status Register.
  95:.\Generated_Source\PSoC4/QDEC_FAULT.c **** *
  96:.\Generated_Source\PSoC4/QDEC_FAULT.c **** * Parameters:
ARM GAS  C:\Users\g\AppData\Local\Temp\ccJvPa3O.s 			page 5


  97:.\Generated_Source\PSoC4/QDEC_FAULT.c **** *  mask:  Value to write into the mask register.
  98:.\Generated_Source\PSoC4/QDEC_FAULT.c **** *
  99:.\Generated_Source\PSoC4/QDEC_FAULT.c **** * Return:
 100:.\Generated_Source\PSoC4/QDEC_FAULT.c **** *  None.
 101:.\Generated_Source\PSoC4/QDEC_FAULT.c **** *
 102:.\Generated_Source\PSoC4/QDEC_FAULT.c **** *******************************************************************************/
 103:.\Generated_Source\PSoC4/QDEC_FAULT.c **** void QDEC_FAULT_WriteMask(uint8 mask) 
 104:.\Generated_Source\PSoC4/QDEC_FAULT.c **** {
 128              		.loc 1 104 0
 129              		.cfi_startproc
 130              	.LVL4:
 105:.\Generated_Source\PSoC4/QDEC_FAULT.c ****     #if(QDEC_FAULT_INPUTS < 8u)
 106:.\Generated_Source\PSoC4/QDEC_FAULT.c ****     	mask &= ((uint8)(1u << QDEC_FAULT_INPUTS) - 1u);
 131              		.loc 1 106 0
 132 0000 0123     		mov	r3, #1
 133 0002 1840     		and	r0, r3
 134              	.LVL5:
 107:.\Generated_Source\PSoC4/QDEC_FAULT.c **** 	#endif /* End QDEC_FAULT_INPUTS < 8u */
 108:.\Generated_Source\PSoC4/QDEC_FAULT.c ****     QDEC_FAULT_Status_Mask = mask;
 135              		.loc 1 108 0
 136 0004 014B     		ldr	r3, .L11
 109:.\Generated_Source\PSoC4/QDEC_FAULT.c **** }
 137              		.loc 1 109 0
 138              		@ sp needed
 108:.\Generated_Source\PSoC4/QDEC_FAULT.c **** }
 139              		.loc 1 108 0
 140 0006 1870     		strb	r0, [r3]
 141              		.loc 1 109 0
 142 0008 7047     		bx	lr
 143              	.L12:
 144 000a C046     		.align	2
 145              	.L11:
 146 000c 82000F40 		.word	1074724994
 147              		.cfi_endproc
 148              	.LFE3:
 149              		.size	QDEC_FAULT_WriteMask, .-QDEC_FAULT_WriteMask
 150              		.section	.text.QDEC_FAULT_ReadMask,"ax",%progbits
 151              		.align	2
 152              		.global	QDEC_FAULT_ReadMask
 153              		.code	16
 154              		.thumb_func
 155              		.type	QDEC_FAULT_ReadMask, %function
 156              	QDEC_FAULT_ReadMask:
 157              	.LFB4:
 110:.\Generated_Source\PSoC4/QDEC_FAULT.c **** 
 111:.\Generated_Source\PSoC4/QDEC_FAULT.c **** 
 112:.\Generated_Source\PSoC4/QDEC_FAULT.c **** /*******************************************************************************
 113:.\Generated_Source\PSoC4/QDEC_FAULT.c **** * Function Name: QDEC_FAULT_ReadMask
 114:.\Generated_Source\PSoC4/QDEC_FAULT.c **** ********************************************************************************
 115:.\Generated_Source\PSoC4/QDEC_FAULT.c **** *
 116:.\Generated_Source\PSoC4/QDEC_FAULT.c **** * Summary:
 117:.\Generated_Source\PSoC4/QDEC_FAULT.c **** *  Reads the current interrupt mask assigned to the Status Register.
 118:.\Generated_Source\PSoC4/QDEC_FAULT.c **** *
 119:.\Generated_Source\PSoC4/QDEC_FAULT.c **** * Parameters:
 120:.\Generated_Source\PSoC4/QDEC_FAULT.c **** *  None.
 121:.\Generated_Source\PSoC4/QDEC_FAULT.c **** *
 122:.\Generated_Source\PSoC4/QDEC_FAULT.c **** * Return:
ARM GAS  C:\Users\g\AppData\Local\Temp\ccJvPa3O.s 			page 6


 123:.\Generated_Source\PSoC4/QDEC_FAULT.c **** *  The value of the interrupt mask of the Status Register.
 124:.\Generated_Source\PSoC4/QDEC_FAULT.c **** *
 125:.\Generated_Source\PSoC4/QDEC_FAULT.c **** *******************************************************************************/
 126:.\Generated_Source\PSoC4/QDEC_FAULT.c **** uint8 QDEC_FAULT_ReadMask(void) 
 127:.\Generated_Source\PSoC4/QDEC_FAULT.c **** {
 158              		.loc 1 127 0
 159              		.cfi_startproc
 128:.\Generated_Source\PSoC4/QDEC_FAULT.c ****     return QDEC_FAULT_Status_Mask;
 160              		.loc 1 128 0
 161 0000 014B     		ldr	r3, .L14
 129:.\Generated_Source\PSoC4/QDEC_FAULT.c **** }
 162              		.loc 1 129 0
 163              		@ sp needed
 128:.\Generated_Source\PSoC4/QDEC_FAULT.c ****     return QDEC_FAULT_Status_Mask;
 164              		.loc 1 128 0
 165 0002 1878     		ldrb	r0, [r3]
 166 0004 C0B2     		uxtb	r0, r0
 167              		.loc 1 129 0
 168 0006 7047     		bx	lr
 169              	.L15:
 170              		.align	2
 171              	.L14:
 172 0008 82000F40 		.word	1074724994
 173              		.cfi_endproc
 174              	.LFE4:
 175              		.size	QDEC_FAULT_ReadMask, .-QDEC_FAULT_ReadMask
 176              		.text
 177              	.Letext0:
 178              		.file 2 ".\\Generated_Source\\PSoC4\\cytypes.h"
 179              		.file 3 ".\\Generated_Source\\PSoC4\\CyLib.h"
 180              		.section	.debug_info,"",%progbits
 181              	.Ldebug_info0:
 182 0000 76010000 		.4byte	0x176
 183 0004 0400     		.2byte	0x4
 184 0006 00000000 		.4byte	.Ldebug_abbrev0
 185 000a 04       		.byte	0x4
 186 000b 01       		.uleb128 0x1
 187 000c DF000000 		.4byte	.LASF21
 188 0010 01       		.byte	0x1
 189 0011 23000000 		.4byte	.LASF22
 190 0015 B8010000 		.4byte	.LASF23
 191 0019 00000000 		.4byte	.Ldebug_ranges0+0
 192 001d 00000000 		.4byte	0
 193 0021 00000000 		.4byte	.Ldebug_line0
 194 0025 02       		.uleb128 0x2
 195 0026 01       		.byte	0x1
 196 0027 06       		.byte	0x6
 197 0028 AC010000 		.4byte	.LASF0
 198 002c 02       		.uleb128 0x2
 199 002d 01       		.byte	0x1
 200 002e 08       		.byte	0x8
 201 002f 76010000 		.4byte	.LASF1
 202 0033 02       		.uleb128 0x2
 203 0034 02       		.byte	0x2
 204 0035 05       		.byte	0x5
 205 0036 FB010000 		.4byte	.LASF2
 206 003a 02       		.uleb128 0x2
ARM GAS  C:\Users\g\AppData\Local\Temp\ccJvPa3O.s 			page 7


 207 003b 02       		.byte	0x2
 208 003c 07       		.byte	0x7
 209 003d 99010000 		.4byte	.LASF3
 210 0041 02       		.uleb128 0x2
 211 0042 04       		.byte	0x4
 212 0043 05       		.byte	0x5
 213 0044 89010000 		.4byte	.LASF4
 214 0048 02       		.uleb128 0x2
 215 0049 04       		.byte	0x4
 216 004a 07       		.byte	0x7
 217 004b 9D000000 		.4byte	.LASF5
 218 004f 02       		.uleb128 0x2
 219 0050 08       		.byte	0x8
 220 0051 05       		.byte	0x5
 221 0052 00000000 		.4byte	.LASF6
 222 0056 02       		.uleb128 0x2
 223 0057 08       		.byte	0x8
 224 0058 07       		.byte	0x7
 225 0059 AF000000 		.4byte	.LASF7
 226 005d 03       		.uleb128 0x3
 227 005e 04       		.byte	0x4
 228 005f 05       		.byte	0x5
 229 0060 696E7400 		.ascii	"int\000"
 230 0064 02       		.uleb128 0x2
 231 0065 04       		.byte	0x4
 232 0066 07       		.byte	0x7
 233 0067 0A020000 		.4byte	.LASF8
 234 006b 04       		.uleb128 0x4
 235 006c 97000000 		.4byte	.LASF12
 236 0070 02       		.byte	0x2
 237 0071 9801     		.2byte	0x198
 238 0073 2C000000 		.4byte	0x2c
 239 0077 02       		.uleb128 0x2
 240 0078 04       		.byte	0x4
 241 0079 04       		.byte	0x4
 242 007a F5010000 		.4byte	.LASF9
 243 007e 02       		.uleb128 0x2
 244 007f 08       		.byte	0x8
 245 0080 04       		.byte	0x4
 246 0081 92010000 		.4byte	.LASF10
 247 0085 02       		.uleb128 0x2
 248 0086 01       		.byte	0x1
 249 0087 08       		.byte	0x8
 250 0088 84010000 		.4byte	.LASF11
 251 008c 04       		.uleb128 0x4
 252 008d 05020000 		.4byte	.LASF13
 253 0091 02       		.byte	0x2
 254 0092 4202     		.2byte	0x242
 255 0094 98000000 		.4byte	0x98
 256 0098 05       		.uleb128 0x5
 257 0099 6B000000 		.4byte	0x6b
 258 009d 02       		.uleb128 0x2
 259 009e 04       		.byte	0x4
 260 009f 07       		.byte	0x7
 261 00a0 17020000 		.4byte	.LASF14
 262 00a4 06       		.uleb128 0x6
 263 00a5 2F020000 		.4byte	.LASF19
ARM GAS  C:\Users\g\AppData\Local\Temp\ccJvPa3O.s 			page 8


 264 00a9 01       		.byte	0x1
 265 00aa 25       		.byte	0x25
 266 00ab 6B000000 		.4byte	0x6b
 267 00af 00000000 		.4byte	.LFB0
 268 00b3 0C000000 		.4byte	.LFE0-.LFB0
 269 00b7 01       		.uleb128 0x1
 270 00b8 9C       		.byte	0x9c
 271 00b9 07       		.uleb128 0x7
 272 00ba 7C000000 		.4byte	.LASF15
 273 00be 01       		.byte	0x1
 274 00bf 39       		.byte	0x39
 275 00c0 00000000 		.4byte	.LFB1
 276 00c4 1C000000 		.4byte	.LFE1-.LFB1
 277 00c8 01       		.uleb128 0x1
 278 00c9 9C       		.byte	0x9c
 279 00ca F0000000 		.4byte	0xf0
 280 00ce 08       		.uleb128 0x8
 281 00cf 20020000 		.4byte	.LASF17
 282 00d3 01       		.byte	0x1
 283 00d4 3B       		.byte	0x3b
 284 00d5 6B000000 		.4byte	0x6b
 285 00d9 00000000 		.4byte	.LLST0
 286 00dd 09       		.uleb128 0x9
 287 00de 06000000 		.4byte	.LVL0
 288 00e2 61010000 		.4byte	0x161
 289 00e6 09       		.uleb128 0x9
 290 00e7 14000000 		.4byte	.LVL1
 291 00eb 6C010000 		.4byte	0x16c
 292 00ef 00       		.byte	0
 293 00f0 07       		.uleb128 0x7
 294 00f1 49000000 		.4byte	.LASF16
 295 00f5 01       		.byte	0x1
 296 00f6 50       		.byte	0x50
 297 00f7 00000000 		.4byte	.LFB2
 298 00fb 1C000000 		.4byte	.LFE2-.LFB2
 299 00ff 01       		.uleb128 0x1
 300 0100 9C       		.byte	0x9c
 301 0101 27010000 		.4byte	0x127
 302 0105 08       		.uleb128 0x8
 303 0106 20020000 		.4byte	.LASF17
 304 010a 01       		.byte	0x1
 305 010b 52       		.byte	0x52
 306 010c 6B000000 		.4byte	0x6b
 307 0110 13000000 		.4byte	.LLST1
 308 0114 09       		.uleb128 0x9
 309 0115 06000000 		.4byte	.LVL2
 310 0119 61010000 		.4byte	0x161
 311 011d 09       		.uleb128 0x9
 312 011e 14000000 		.4byte	.LVL3
 313 0122 6C010000 		.4byte	0x16c
 314 0126 00       		.byte	0
 315 0127 07       		.uleb128 0x7
 316 0128 0E000000 		.4byte	.LASF18
 317 012c 01       		.byte	0x1
 318 012d 67       		.byte	0x67
 319 012e 00000000 		.4byte	.LFB3
 320 0132 10000000 		.4byte	.LFE3-.LFB3
ARM GAS  C:\Users\g\AppData\Local\Temp\ccJvPa3O.s 			page 9


 321 0136 01       		.uleb128 0x1
 322 0137 9C       		.byte	0x9c
 323 0138 4C010000 		.4byte	0x14c
 324 013c 0A       		.uleb128 0xa
 325 013d DA000000 		.4byte	.LASF24
 326 0141 01       		.byte	0x1
 327 0142 67       		.byte	0x67
 328 0143 6B000000 		.4byte	0x6b
 329 0147 26000000 		.4byte	.LLST2
 330 014b 00       		.byte	0
 331 014c 06       		.uleb128 0x6
 332 014d C6000000 		.4byte	.LASF20
 333 0151 01       		.byte	0x1
 334 0152 7E       		.byte	0x7e
 335 0153 6B000000 		.4byte	0x6b
 336 0157 00000000 		.4byte	.LFB4
 337 015b 0C000000 		.4byte	.LFE4-.LFB4
 338 015f 01       		.uleb128 0x1
 339 0160 9C       		.byte	0x9c
 340 0161 0B       		.uleb128 0xb
 341 0162 65000000 		.4byte	.LASF25
 342 0166 03       		.byte	0x3
 343 0167 E3       		.byte	0xe3
 344 0168 6B000000 		.4byte	0x6b
 345 016c 0C       		.uleb128 0xc
 346 016d DF010000 		.4byte	.LASF26
 347 0171 03       		.byte	0x3
 348 0172 E4       		.byte	0xe4
 349 0173 0D       		.uleb128 0xd
 350 0174 6B000000 		.4byte	0x6b
 351 0178 00       		.byte	0
 352 0179 00       		.byte	0
 353              		.section	.debug_abbrev,"",%progbits
 354              	.Ldebug_abbrev0:
 355 0000 01       		.uleb128 0x1
 356 0001 11       		.uleb128 0x11
 357 0002 01       		.byte	0x1
 358 0003 25       		.uleb128 0x25
 359 0004 0E       		.uleb128 0xe
 360 0005 13       		.uleb128 0x13
 361 0006 0B       		.uleb128 0xb
 362 0007 03       		.uleb128 0x3
 363 0008 0E       		.uleb128 0xe
 364 0009 1B       		.uleb128 0x1b
 365 000a 0E       		.uleb128 0xe
 366 000b 55       		.uleb128 0x55
 367 000c 17       		.uleb128 0x17
 368 000d 11       		.uleb128 0x11
 369 000e 01       		.uleb128 0x1
 370 000f 10       		.uleb128 0x10
 371 0010 17       		.uleb128 0x17
 372 0011 00       		.byte	0
 373 0012 00       		.byte	0
 374 0013 02       		.uleb128 0x2
 375 0014 24       		.uleb128 0x24
 376 0015 00       		.byte	0
 377 0016 0B       		.uleb128 0xb
ARM GAS  C:\Users\g\AppData\Local\Temp\ccJvPa3O.s 			page 10


 378 0017 0B       		.uleb128 0xb
 379 0018 3E       		.uleb128 0x3e
 380 0019 0B       		.uleb128 0xb
 381 001a 03       		.uleb128 0x3
 382 001b 0E       		.uleb128 0xe
 383 001c 00       		.byte	0
 384 001d 00       		.byte	0
 385 001e 03       		.uleb128 0x3
 386 001f 24       		.uleb128 0x24
 387 0020 00       		.byte	0
 388 0021 0B       		.uleb128 0xb
 389 0022 0B       		.uleb128 0xb
 390 0023 3E       		.uleb128 0x3e
 391 0024 0B       		.uleb128 0xb
 392 0025 03       		.uleb128 0x3
 393 0026 08       		.uleb128 0x8
 394 0027 00       		.byte	0
 395 0028 00       		.byte	0
 396 0029 04       		.uleb128 0x4
 397 002a 16       		.uleb128 0x16
 398 002b 00       		.byte	0
 399 002c 03       		.uleb128 0x3
 400 002d 0E       		.uleb128 0xe
 401 002e 3A       		.uleb128 0x3a
 402 002f 0B       		.uleb128 0xb
 403 0030 3B       		.uleb128 0x3b
 404 0031 05       		.uleb128 0x5
 405 0032 49       		.uleb128 0x49
 406 0033 13       		.uleb128 0x13
 407 0034 00       		.byte	0
 408 0035 00       		.byte	0
 409 0036 05       		.uleb128 0x5
 410 0037 35       		.uleb128 0x35
 411 0038 00       		.byte	0
 412 0039 49       		.uleb128 0x49
 413 003a 13       		.uleb128 0x13
 414 003b 00       		.byte	0
 415 003c 00       		.byte	0
 416 003d 06       		.uleb128 0x6
 417 003e 2E       		.uleb128 0x2e
 418 003f 00       		.byte	0
 419 0040 3F       		.uleb128 0x3f
 420 0041 19       		.uleb128 0x19
 421 0042 03       		.uleb128 0x3
 422 0043 0E       		.uleb128 0xe
 423 0044 3A       		.uleb128 0x3a
 424 0045 0B       		.uleb128 0xb
 425 0046 3B       		.uleb128 0x3b
 426 0047 0B       		.uleb128 0xb
 427 0048 27       		.uleb128 0x27
 428 0049 19       		.uleb128 0x19
 429 004a 49       		.uleb128 0x49
 430 004b 13       		.uleb128 0x13
 431 004c 11       		.uleb128 0x11
 432 004d 01       		.uleb128 0x1
 433 004e 12       		.uleb128 0x12
 434 004f 06       		.uleb128 0x6
ARM GAS  C:\Users\g\AppData\Local\Temp\ccJvPa3O.s 			page 11


 435 0050 40       		.uleb128 0x40
 436 0051 18       		.uleb128 0x18
 437 0052 9742     		.uleb128 0x2117
 438 0054 19       		.uleb128 0x19
 439 0055 00       		.byte	0
 440 0056 00       		.byte	0
 441 0057 07       		.uleb128 0x7
 442 0058 2E       		.uleb128 0x2e
 443 0059 01       		.byte	0x1
 444 005a 3F       		.uleb128 0x3f
 445 005b 19       		.uleb128 0x19
 446 005c 03       		.uleb128 0x3
 447 005d 0E       		.uleb128 0xe
 448 005e 3A       		.uleb128 0x3a
 449 005f 0B       		.uleb128 0xb
 450 0060 3B       		.uleb128 0x3b
 451 0061 0B       		.uleb128 0xb
 452 0062 27       		.uleb128 0x27
 453 0063 19       		.uleb128 0x19
 454 0064 11       		.uleb128 0x11
 455 0065 01       		.uleb128 0x1
 456 0066 12       		.uleb128 0x12
 457 0067 06       		.uleb128 0x6
 458 0068 40       		.uleb128 0x40
 459 0069 18       		.uleb128 0x18
 460 006a 9742     		.uleb128 0x2117
 461 006c 19       		.uleb128 0x19
 462 006d 01       		.uleb128 0x1
 463 006e 13       		.uleb128 0x13
 464 006f 00       		.byte	0
 465 0070 00       		.byte	0
 466 0071 08       		.uleb128 0x8
 467 0072 34       		.uleb128 0x34
 468 0073 00       		.byte	0
 469 0074 03       		.uleb128 0x3
 470 0075 0E       		.uleb128 0xe
 471 0076 3A       		.uleb128 0x3a
 472 0077 0B       		.uleb128 0xb
 473 0078 3B       		.uleb128 0x3b
 474 0079 0B       		.uleb128 0xb
 475 007a 49       		.uleb128 0x49
 476 007b 13       		.uleb128 0x13
 477 007c 02       		.uleb128 0x2
 478 007d 17       		.uleb128 0x17
 479 007e 00       		.byte	0
 480 007f 00       		.byte	0
 481 0080 09       		.uleb128 0x9
 482 0081 898201   		.uleb128 0x4109
 483 0084 00       		.byte	0
 484 0085 11       		.uleb128 0x11
 485 0086 01       		.uleb128 0x1
 486 0087 31       		.uleb128 0x31
 487 0088 13       		.uleb128 0x13
 488 0089 00       		.byte	0
 489 008a 00       		.byte	0
 490 008b 0A       		.uleb128 0xa
 491 008c 05       		.uleb128 0x5
ARM GAS  C:\Users\g\AppData\Local\Temp\ccJvPa3O.s 			page 12


 492 008d 00       		.byte	0
 493 008e 03       		.uleb128 0x3
 494 008f 0E       		.uleb128 0xe
 495 0090 3A       		.uleb128 0x3a
 496 0091 0B       		.uleb128 0xb
 497 0092 3B       		.uleb128 0x3b
 498 0093 0B       		.uleb128 0xb
 499 0094 49       		.uleb128 0x49
 500 0095 13       		.uleb128 0x13
 501 0096 02       		.uleb128 0x2
 502 0097 17       		.uleb128 0x17
 503 0098 00       		.byte	0
 504 0099 00       		.byte	0
 505 009a 0B       		.uleb128 0xb
 506 009b 2E       		.uleb128 0x2e
 507 009c 00       		.byte	0
 508 009d 3F       		.uleb128 0x3f
 509 009e 19       		.uleb128 0x19
 510 009f 03       		.uleb128 0x3
 511 00a0 0E       		.uleb128 0xe
 512 00a1 3A       		.uleb128 0x3a
 513 00a2 0B       		.uleb128 0xb
 514 00a3 3B       		.uleb128 0x3b
 515 00a4 0B       		.uleb128 0xb
 516 00a5 27       		.uleb128 0x27
 517 00a6 19       		.uleb128 0x19
 518 00a7 49       		.uleb128 0x49
 519 00a8 13       		.uleb128 0x13
 520 00a9 3C       		.uleb128 0x3c
 521 00aa 19       		.uleb128 0x19
 522 00ab 00       		.byte	0
 523 00ac 00       		.byte	0
 524 00ad 0C       		.uleb128 0xc
 525 00ae 2E       		.uleb128 0x2e
 526 00af 01       		.byte	0x1
 527 00b0 3F       		.uleb128 0x3f
 528 00b1 19       		.uleb128 0x19
 529 00b2 03       		.uleb128 0x3
 530 00b3 0E       		.uleb128 0xe
 531 00b4 3A       		.uleb128 0x3a
 532 00b5 0B       		.uleb128 0xb
 533 00b6 3B       		.uleb128 0x3b
 534 00b7 0B       		.uleb128 0xb
 535 00b8 27       		.uleb128 0x27
 536 00b9 19       		.uleb128 0x19
 537 00ba 3C       		.uleb128 0x3c
 538 00bb 19       		.uleb128 0x19
 539 00bc 00       		.byte	0
 540 00bd 00       		.byte	0
 541 00be 0D       		.uleb128 0xd
 542 00bf 05       		.uleb128 0x5
 543 00c0 00       		.byte	0
 544 00c1 49       		.uleb128 0x49
 545 00c2 13       		.uleb128 0x13
 546 00c3 00       		.byte	0
 547 00c4 00       		.byte	0
 548 00c5 00       		.byte	0
ARM GAS  C:\Users\g\AppData\Local\Temp\ccJvPa3O.s 			page 13


 549              		.section	.debug_loc,"",%progbits
 550              	.Ldebug_loc0:
 551              	.LLST0:
 552 0000 06000000 		.4byte	.LVL0
 553 0004 13000000 		.4byte	.LVL1-1
 554 0008 0100     		.2byte	0x1
 555 000a 50       		.byte	0x50
 556 000b 00000000 		.4byte	0
 557 000f 00000000 		.4byte	0
 558              	.LLST1:
 559 0013 06000000 		.4byte	.LVL2
 560 0017 13000000 		.4byte	.LVL3-1
 561 001b 0100     		.2byte	0x1
 562 001d 50       		.byte	0x50
 563 001e 00000000 		.4byte	0
 564 0022 00000000 		.4byte	0
 565              	.LLST2:
 566 0026 00000000 		.4byte	.LVL4
 567 002a 04000000 		.4byte	.LVL5
 568 002e 0100     		.2byte	0x1
 569 0030 50       		.byte	0x50
 570 0031 04000000 		.4byte	.LVL5
 571 0035 10000000 		.4byte	.LFE3
 572 0039 0100     		.2byte	0x1
 573 003b 50       		.byte	0x50
 574 003c 00000000 		.4byte	0
 575 0040 00000000 		.4byte	0
 576              		.section	.debug_aranges,"",%progbits
 577 0000 3C000000 		.4byte	0x3c
 578 0004 0200     		.2byte	0x2
 579 0006 00000000 		.4byte	.Ldebug_info0
 580 000a 04       		.byte	0x4
 581 000b 00       		.byte	0
 582 000c 0000     		.2byte	0
 583 000e 0000     		.2byte	0
 584 0010 00000000 		.4byte	.LFB0
 585 0014 0C000000 		.4byte	.LFE0-.LFB0
 586 0018 00000000 		.4byte	.LFB1
 587 001c 1C000000 		.4byte	.LFE1-.LFB1
 588 0020 00000000 		.4byte	.LFB2
 589 0024 1C000000 		.4byte	.LFE2-.LFB2
 590 0028 00000000 		.4byte	.LFB3
 591 002c 10000000 		.4byte	.LFE3-.LFB3
 592 0030 00000000 		.4byte	.LFB4
 593 0034 0C000000 		.4byte	.LFE4-.LFB4
 594 0038 00000000 		.4byte	0
 595 003c 00000000 		.4byte	0
 596              		.section	.debug_ranges,"",%progbits
 597              	.Ldebug_ranges0:
 598 0000 00000000 		.4byte	.LFB0
 599 0004 0C000000 		.4byte	.LFE0
 600 0008 00000000 		.4byte	.LFB1
 601 000c 1C000000 		.4byte	.LFE1
 602 0010 00000000 		.4byte	.LFB2
 603 0014 1C000000 		.4byte	.LFE2
 604 0018 00000000 		.4byte	.LFB3
 605 001c 10000000 		.4byte	.LFE3
ARM GAS  C:\Users\g\AppData\Local\Temp\ccJvPa3O.s 			page 14


 606 0020 00000000 		.4byte	.LFB4
 607 0024 0C000000 		.4byte	.LFE4
 608 0028 00000000 		.4byte	0
 609 002c 00000000 		.4byte	0
 610              		.section	.debug_line,"",%progbits
 611              	.Ldebug_line0:
 612 0000 C1000000 		.section	.debug_str,"MS",%progbits,1
 612      02005400 
 612      00000201 
 612      FB0E0D00 
 612      01010101 
 613              	.LASF6:
 614 0000 6C6F6E67 		.ascii	"long long int\000"
 614      206C6F6E 
 614      6720696E 
 614      7400
 615              	.LASF18:
 616 000e 51444543 		.ascii	"QDEC_FAULT_WriteMask\000"
 616      5F464155 
 616      4C545F57 
 616      72697465 
 616      4D61736B 
 617              	.LASF22:
 618 0023 2E5C4765 		.ascii	".\\Generated_Source\\PSoC4\\QDEC_FAULT.c\000"
 618      6E657261 
 618      7465645F 
 618      536F7572 
 618      63655C50 
 619              	.LASF16:
 620 0049 51444543 		.ascii	"QDEC_FAULT_InterruptDisable\000"
 620      5F464155 
 620      4C545F49 
 620      6E746572 
 620      72757074 
 621              	.LASF25:
 622 0065 4379456E 		.ascii	"CyEnterCriticalSection\000"
 622      74657243 
 622      72697469 
 622      63616C53 
 622      65637469 
 623              	.LASF15:
 624 007c 51444543 		.ascii	"QDEC_FAULT_InterruptEnable\000"
 624      5F464155 
 624      4C545F49 
 624      6E746572 
 624      72757074 
 625              	.LASF12:
 626 0097 75696E74 		.ascii	"uint8\000"
 626      3800
 627              	.LASF5:
 628 009d 6C6F6E67 		.ascii	"long unsigned int\000"
 628      20756E73 
 628      69676E65 
 628      6420696E 
 628      7400
 629              	.LASF7:
 630 00af 6C6F6E67 		.ascii	"long long unsigned int\000"
ARM GAS  C:\Users\g\AppData\Local\Temp\ccJvPa3O.s 			page 15


 630      206C6F6E 
 630      6720756E 
 630      7369676E 
 630      65642069 
 631              	.LASF20:
 632 00c6 51444543 		.ascii	"QDEC_FAULT_ReadMask\000"
 632      5F464155 
 632      4C545F52 
 632      6561644D 
 632      61736B00 
 633              	.LASF24:
 634 00da 6D61736B 		.ascii	"mask\000"
 634      00
 635              	.LASF21:
 636 00df 474E5520 		.ascii	"GNU C 4.9.3 20150303 (release) [ARM/embedded-4_9-br"
 636      4320342E 
 636      392E3320 
 636      32303135 
 636      30333033 
 637 0112 616E6368 		.ascii	"anch revision 221220] -mcpu=cortex-m0 -mthumb -g -O"
 637      20726576 
 637      6973696F 
 637      6E203232 
 637      31323230 
 638 0145 32202D73 		.ascii	"2 -std=c99 -ffunction-sections -ffat-lto-objects\000"
 638      74643D63 
 638      3939202D 
 638      6666756E 
 638      6374696F 
 639              	.LASF1:
 640 0176 756E7369 		.ascii	"unsigned char\000"
 640      676E6564 
 640      20636861 
 640      7200
 641              	.LASF11:
 642 0184 63686172 		.ascii	"char\000"
 642      00
 643              	.LASF4:
 644 0189 6C6F6E67 		.ascii	"long int\000"
 644      20696E74 
 644      00
 645              	.LASF10:
 646 0192 646F7562 		.ascii	"double\000"
 646      6C6500
 647              	.LASF3:
 648 0199 73686F72 		.ascii	"short unsigned int\000"
 648      7420756E 
 648      7369676E 
 648      65642069 
 648      6E7400
 649              	.LASF0:
 650 01ac 7369676E 		.ascii	"signed char\000"
 650      65642063 
 650      68617200 
 651              	.LASF23:
 652 01b8 443A5C63 		.ascii	"D:\\code\\cypress\\controllers\\dcsd.cydsn\000"
 652      6F64655C 
ARM GAS  C:\Users\g\AppData\Local\Temp\ccJvPa3O.s 			page 16


 652      63797072 
 652      6573735C 
 652      636F6E74 
 653              	.LASF26:
 654 01df 43794578 		.ascii	"CyExitCriticalSection\000"
 654      69744372 
 654      69746963 
 654      616C5365 
 654      6374696F 
 655              	.LASF9:
 656 01f5 666C6F61 		.ascii	"float\000"
 656      7400
 657              	.LASF2:
 658 01fb 73686F72 		.ascii	"short int\000"
 658      7420696E 
 658      7400
 659              	.LASF13:
 660 0205 72656738 		.ascii	"reg8\000"
 660      00
 661              	.LASF8:
 662 020a 756E7369 		.ascii	"unsigned int\000"
 662      676E6564 
 662      20696E74 
 662      00
 663              	.LASF14:
 664 0217 73697A65 		.ascii	"sizetype\000"
 664      74797065 
 664      00
 665              	.LASF17:
 666 0220 696E7465 		.ascii	"interruptState\000"
 666      72727570 
 666      74537461 
 666      746500
 667              	.LASF19:
 668 022f 51444543 		.ascii	"QDEC_FAULT_Read\000"
 668      5F464155 
 668      4C545F52 
 668      65616400 
 669              		.ident	"GCC: (GNU Tools for ARM Embedded Processors) 4.9.3 20150303 (release) [ARM/embedded-4_9-br
