ARM GAS  C:\Users\g\AppData\Local\Temp\ccGzJzsm.s 			page 1


   1              		.cpu cortex-m0
   2              		.fpu softvfp
   3              		.eabi_attribute 20, 1
   4              		.eabi_attribute 21, 1
   5              		.eabi_attribute 23, 3
   6              		.eabi_attribute 24, 1
   7              		.eabi_attribute 25, 1
   8              		.eabi_attribute 26, 1
   9              		.eabi_attribute 30, 2
  10              		.eabi_attribute 34, 0
  11              		.eabi_attribute 18, 4
  12              		.code	16
  13              		.file	"QuadDec_1_Cnt8_PM.c"
  14              		.text
  15              	.Ltext0:
  16              		.cfi_sections	.debug_frame
  17              		.section	.text.QuadDec_1_Cnt8_SaveConfig,"ax",%progbits
  18              		.align	2
  19              		.global	QuadDec_1_Cnt8_SaveConfig
  20              		.code	16
  21              		.thumb_func
  22              		.type	QuadDec_1_Cnt8_SaveConfig, %function
  23              	QuadDec_1_Cnt8_SaveConfig:
  24              	.LFB0:
  25              		.file 1 ".\\Generated_Source\\PSoC4\\QuadDec_1_Cnt8_PM.c"
   1:.\Generated_Source\PSoC4/QuadDec_1_Cnt8_PM.c **** /*******************************************************************************
   2:.\Generated_Source\PSoC4/QuadDec_1_Cnt8_PM.c **** * File Name: QuadDec_1_Cnt8_PM.c  
   3:.\Generated_Source\PSoC4/QuadDec_1_Cnt8_PM.c **** * Version 3.0
   4:.\Generated_Source\PSoC4/QuadDec_1_Cnt8_PM.c **** *
   5:.\Generated_Source\PSoC4/QuadDec_1_Cnt8_PM.c **** *  Description:
   6:.\Generated_Source\PSoC4/QuadDec_1_Cnt8_PM.c **** *    This file provides the power management source code to API for the
   7:.\Generated_Source\PSoC4/QuadDec_1_Cnt8_PM.c **** *    Counter.  
   8:.\Generated_Source\PSoC4/QuadDec_1_Cnt8_PM.c **** *
   9:.\Generated_Source\PSoC4/QuadDec_1_Cnt8_PM.c **** *   Note:
  10:.\Generated_Source\PSoC4/QuadDec_1_Cnt8_PM.c **** *     None
  11:.\Generated_Source\PSoC4/QuadDec_1_Cnt8_PM.c **** *
  12:.\Generated_Source\PSoC4/QuadDec_1_Cnt8_PM.c **** ********************************************************************************
  13:.\Generated_Source\PSoC4/QuadDec_1_Cnt8_PM.c **** * Copyright 2008-2012, Cypress Semiconductor Corporation.  All rights reserved.
  14:.\Generated_Source\PSoC4/QuadDec_1_Cnt8_PM.c **** * You may use this file only in accordance with the license, terms, conditions, 
  15:.\Generated_Source\PSoC4/QuadDec_1_Cnt8_PM.c **** * disclaimers, and limitations in the end user license agreement accompanying 
  16:.\Generated_Source\PSoC4/QuadDec_1_Cnt8_PM.c **** * the software package with which this file was provided.
  17:.\Generated_Source\PSoC4/QuadDec_1_Cnt8_PM.c **** *******************************************************************************/
  18:.\Generated_Source\PSoC4/QuadDec_1_Cnt8_PM.c **** 
  19:.\Generated_Source\PSoC4/QuadDec_1_Cnt8_PM.c **** #include "QuadDec_1_Cnt8.h"
  20:.\Generated_Source\PSoC4/QuadDec_1_Cnt8_PM.c **** 
  21:.\Generated_Source\PSoC4/QuadDec_1_Cnt8_PM.c **** static QuadDec_1_Cnt8_backupStruct QuadDec_1_Cnt8_backup;
  22:.\Generated_Source\PSoC4/QuadDec_1_Cnt8_PM.c **** 
  23:.\Generated_Source\PSoC4/QuadDec_1_Cnt8_PM.c **** 
  24:.\Generated_Source\PSoC4/QuadDec_1_Cnt8_PM.c **** /*******************************************************************************
  25:.\Generated_Source\PSoC4/QuadDec_1_Cnt8_PM.c **** * Function Name: QuadDec_1_Cnt8_SaveConfig
  26:.\Generated_Source\PSoC4/QuadDec_1_Cnt8_PM.c **** ********************************************************************************
  27:.\Generated_Source\PSoC4/QuadDec_1_Cnt8_PM.c **** * Summary:
  28:.\Generated_Source\PSoC4/QuadDec_1_Cnt8_PM.c **** *     Save the current user configuration
  29:.\Generated_Source\PSoC4/QuadDec_1_Cnt8_PM.c **** *
  30:.\Generated_Source\PSoC4/QuadDec_1_Cnt8_PM.c **** * Parameters:  
  31:.\Generated_Source\PSoC4/QuadDec_1_Cnt8_PM.c **** *  void
  32:.\Generated_Source\PSoC4/QuadDec_1_Cnt8_PM.c **** *
ARM GAS  C:\Users\g\AppData\Local\Temp\ccGzJzsm.s 			page 2


  33:.\Generated_Source\PSoC4/QuadDec_1_Cnt8_PM.c **** * Return: 
  34:.\Generated_Source\PSoC4/QuadDec_1_Cnt8_PM.c **** *  void
  35:.\Generated_Source\PSoC4/QuadDec_1_Cnt8_PM.c **** *
  36:.\Generated_Source\PSoC4/QuadDec_1_Cnt8_PM.c **** * Global variables:
  37:.\Generated_Source\PSoC4/QuadDec_1_Cnt8_PM.c **** *  QuadDec_1_Cnt8_backup:  Variables of this global structure are modified to 
  38:.\Generated_Source\PSoC4/QuadDec_1_Cnt8_PM.c **** *  store the values of non retention configuration registers when Sleep() API is 
  39:.\Generated_Source\PSoC4/QuadDec_1_Cnt8_PM.c **** *  called.
  40:.\Generated_Source\PSoC4/QuadDec_1_Cnt8_PM.c **** *
  41:.\Generated_Source\PSoC4/QuadDec_1_Cnt8_PM.c **** *******************************************************************************/
  42:.\Generated_Source\PSoC4/QuadDec_1_Cnt8_PM.c **** void QuadDec_1_Cnt8_SaveConfig(void) 
  43:.\Generated_Source\PSoC4/QuadDec_1_Cnt8_PM.c **** {
  26              		.loc 1 43 0
  27              		.cfi_startproc
  28 0000 10B5     		push	{r4, lr}
  29              		.cfi_def_cfa_offset 8
  30              		.cfi_offset 4, -8
  31              		.cfi_offset 14, -4
  44:.\Generated_Source\PSoC4/QuadDec_1_Cnt8_PM.c ****     #if (!QuadDec_1_Cnt8_UsingFixedFunction)
  45:.\Generated_Source\PSoC4/QuadDec_1_Cnt8_PM.c **** 
  46:.\Generated_Source\PSoC4/QuadDec_1_Cnt8_PM.c ****         QuadDec_1_Cnt8_backup.CounterUdb = QuadDec_1_Cnt8_ReadCounter();
  32              		.loc 1 46 0
  33 0002 FFF7FEFF 		bl	QuadDec_1_Cnt8_ReadCounter
  34              	.LVL0:
  35 0006 034C     		ldr	r4, .L2
  47:.\Generated_Source\PSoC4/QuadDec_1_Cnt8_PM.c **** 
  48:.\Generated_Source\PSoC4/QuadDec_1_Cnt8_PM.c ****         #if(!QuadDec_1_Cnt8_ControlRegRemoved)
  49:.\Generated_Source\PSoC4/QuadDec_1_Cnt8_PM.c ****             QuadDec_1_Cnt8_backup.CounterControlRegister = QuadDec_1_Cnt8_ReadControlRegister();
  50:.\Generated_Source\PSoC4/QuadDec_1_Cnt8_PM.c ****         #endif /* (!QuadDec_1_Cnt8_ControlRegRemoved) */
  51:.\Generated_Source\PSoC4/QuadDec_1_Cnt8_PM.c **** 
  52:.\Generated_Source\PSoC4/QuadDec_1_Cnt8_PM.c ****     #endif /* (!QuadDec_1_Cnt8_UsingFixedFunction) */
  53:.\Generated_Source\PSoC4/QuadDec_1_Cnt8_PM.c **** }
  36              		.loc 1 53 0
  37              		@ sp needed
  46:.\Generated_Source\PSoC4/QuadDec_1_Cnt8_PM.c **** 
  38              		.loc 1 46 0
  39 0008 6070     		strb	r0, [r4, #1]
  49:.\Generated_Source\PSoC4/QuadDec_1_Cnt8_PM.c ****         #endif /* (!QuadDec_1_Cnt8_ControlRegRemoved) */
  40              		.loc 1 49 0
  41 000a FFF7FEFF 		bl	QuadDec_1_Cnt8_ReadControlRegister
  42              	.LVL1:
  43 000e A070     		strb	r0, [r4, #2]
  44              		.loc 1 53 0
  45 0010 10BD     		pop	{r4, pc}
  46              	.L3:
  47 0012 C046     		.align	2
  48              	.L2:
  49 0014 00000000 		.word	.LANCHOR0
  50              		.cfi_endproc
  51              	.LFE0:
  52              		.size	QuadDec_1_Cnt8_SaveConfig, .-QuadDec_1_Cnt8_SaveConfig
  53              		.section	.text.QuadDec_1_Cnt8_RestoreConfig,"ax",%progbits
  54              		.align	2
  55              		.global	QuadDec_1_Cnt8_RestoreConfig
  56              		.code	16
  57              		.thumb_func
  58              		.type	QuadDec_1_Cnt8_RestoreConfig, %function
  59              	QuadDec_1_Cnt8_RestoreConfig:
ARM GAS  C:\Users\g\AppData\Local\Temp\ccGzJzsm.s 			page 3


  60              	.LFB1:
  54:.\Generated_Source\PSoC4/QuadDec_1_Cnt8_PM.c **** 
  55:.\Generated_Source\PSoC4/QuadDec_1_Cnt8_PM.c **** 
  56:.\Generated_Source\PSoC4/QuadDec_1_Cnt8_PM.c **** /*******************************************************************************
  57:.\Generated_Source\PSoC4/QuadDec_1_Cnt8_PM.c **** * Function Name: QuadDec_1_Cnt8_RestoreConfig
  58:.\Generated_Source\PSoC4/QuadDec_1_Cnt8_PM.c **** ********************************************************************************
  59:.\Generated_Source\PSoC4/QuadDec_1_Cnt8_PM.c **** *
  60:.\Generated_Source\PSoC4/QuadDec_1_Cnt8_PM.c **** * Summary:
  61:.\Generated_Source\PSoC4/QuadDec_1_Cnt8_PM.c **** *  Restores the current user configuration.
  62:.\Generated_Source\PSoC4/QuadDec_1_Cnt8_PM.c **** *
  63:.\Generated_Source\PSoC4/QuadDec_1_Cnt8_PM.c **** * Parameters:  
  64:.\Generated_Source\PSoC4/QuadDec_1_Cnt8_PM.c **** *  void
  65:.\Generated_Source\PSoC4/QuadDec_1_Cnt8_PM.c **** *
  66:.\Generated_Source\PSoC4/QuadDec_1_Cnt8_PM.c **** * Return: 
  67:.\Generated_Source\PSoC4/QuadDec_1_Cnt8_PM.c **** *  void
  68:.\Generated_Source\PSoC4/QuadDec_1_Cnt8_PM.c **** *
  69:.\Generated_Source\PSoC4/QuadDec_1_Cnt8_PM.c **** * Global variables:
  70:.\Generated_Source\PSoC4/QuadDec_1_Cnt8_PM.c **** *  QuadDec_1_Cnt8_backup:  Variables of this global structure are used to 
  71:.\Generated_Source\PSoC4/QuadDec_1_Cnt8_PM.c **** *  restore the values of non retention registers on wakeup from sleep mode.
  72:.\Generated_Source\PSoC4/QuadDec_1_Cnt8_PM.c **** *
  73:.\Generated_Source\PSoC4/QuadDec_1_Cnt8_PM.c **** *******************************************************************************/
  74:.\Generated_Source\PSoC4/QuadDec_1_Cnt8_PM.c **** void QuadDec_1_Cnt8_RestoreConfig(void) 
  75:.\Generated_Source\PSoC4/QuadDec_1_Cnt8_PM.c **** {      
  61              		.loc 1 75 0
  62              		.cfi_startproc
  63 0000 10B5     		push	{r4, lr}
  64              		.cfi_def_cfa_offset 8
  65              		.cfi_offset 4, -8
  66              		.cfi_offset 14, -4
  76:.\Generated_Source\PSoC4/QuadDec_1_Cnt8_PM.c ****     #if (!QuadDec_1_Cnt8_UsingFixedFunction)
  77:.\Generated_Source\PSoC4/QuadDec_1_Cnt8_PM.c **** 
  78:.\Generated_Source\PSoC4/QuadDec_1_Cnt8_PM.c ****        QuadDec_1_Cnt8_WriteCounter(QuadDec_1_Cnt8_backup.CounterUdb);
  67              		.loc 1 78 0
  68 0002 044C     		ldr	r4, .L5
  79:.\Generated_Source\PSoC4/QuadDec_1_Cnt8_PM.c **** 
  80:.\Generated_Source\PSoC4/QuadDec_1_Cnt8_PM.c ****         #if(!QuadDec_1_Cnt8_ControlRegRemoved)
  81:.\Generated_Source\PSoC4/QuadDec_1_Cnt8_PM.c ****             QuadDec_1_Cnt8_WriteControlRegister(QuadDec_1_Cnt8_backup.CounterControlRegister);
  82:.\Generated_Source\PSoC4/QuadDec_1_Cnt8_PM.c ****         #endif /* (!QuadDec_1_Cnt8_ControlRegRemoved) */
  83:.\Generated_Source\PSoC4/QuadDec_1_Cnt8_PM.c **** 
  84:.\Generated_Source\PSoC4/QuadDec_1_Cnt8_PM.c ****     #endif /* (!QuadDec_1_Cnt8_UsingFixedFunction) */
  85:.\Generated_Source\PSoC4/QuadDec_1_Cnt8_PM.c **** }
  69              		.loc 1 85 0
  70              		@ sp needed
  78:.\Generated_Source\PSoC4/QuadDec_1_Cnt8_PM.c **** 
  71              		.loc 1 78 0
  72 0004 6078     		ldrb	r0, [r4, #1]
  73 0006 FFF7FEFF 		bl	QuadDec_1_Cnt8_WriteCounter
  74              	.LVL2:
  81:.\Generated_Source\PSoC4/QuadDec_1_Cnt8_PM.c ****         #endif /* (!QuadDec_1_Cnt8_ControlRegRemoved) */
  75              		.loc 1 81 0
  76 000a A078     		ldrb	r0, [r4, #2]
  77 000c FFF7FEFF 		bl	QuadDec_1_Cnt8_WriteControlRegister
  78              	.LVL3:
  79              		.loc 1 85 0
  80 0010 10BD     		pop	{r4, pc}
  81              	.L6:
  82 0012 C046     		.align	2
ARM GAS  C:\Users\g\AppData\Local\Temp\ccGzJzsm.s 			page 4


  83              	.L5:
  84 0014 00000000 		.word	.LANCHOR0
  85              		.cfi_endproc
  86              	.LFE1:
  87              		.size	QuadDec_1_Cnt8_RestoreConfig, .-QuadDec_1_Cnt8_RestoreConfig
  88              		.section	.text.QuadDec_1_Cnt8_Sleep,"ax",%progbits
  89              		.align	2
  90              		.global	QuadDec_1_Cnt8_Sleep
  91              		.code	16
  92              		.thumb_func
  93              		.type	QuadDec_1_Cnt8_Sleep, %function
  94              	QuadDec_1_Cnt8_Sleep:
  95              	.LFB2:
  86:.\Generated_Source\PSoC4/QuadDec_1_Cnt8_PM.c **** 
  87:.\Generated_Source\PSoC4/QuadDec_1_Cnt8_PM.c **** 
  88:.\Generated_Source\PSoC4/QuadDec_1_Cnt8_PM.c **** /*******************************************************************************
  89:.\Generated_Source\PSoC4/QuadDec_1_Cnt8_PM.c **** * Function Name: QuadDec_1_Cnt8_Sleep
  90:.\Generated_Source\PSoC4/QuadDec_1_Cnt8_PM.c **** ********************************************************************************
  91:.\Generated_Source\PSoC4/QuadDec_1_Cnt8_PM.c **** * Summary:
  92:.\Generated_Source\PSoC4/QuadDec_1_Cnt8_PM.c **** *     Stop and Save the user configuration
  93:.\Generated_Source\PSoC4/QuadDec_1_Cnt8_PM.c **** *
  94:.\Generated_Source\PSoC4/QuadDec_1_Cnt8_PM.c **** * Parameters:  
  95:.\Generated_Source\PSoC4/QuadDec_1_Cnt8_PM.c **** *  void
  96:.\Generated_Source\PSoC4/QuadDec_1_Cnt8_PM.c **** *
  97:.\Generated_Source\PSoC4/QuadDec_1_Cnt8_PM.c **** * Return: 
  98:.\Generated_Source\PSoC4/QuadDec_1_Cnt8_PM.c **** *  void
  99:.\Generated_Source\PSoC4/QuadDec_1_Cnt8_PM.c **** *
 100:.\Generated_Source\PSoC4/QuadDec_1_Cnt8_PM.c **** * Global variables:
 101:.\Generated_Source\PSoC4/QuadDec_1_Cnt8_PM.c **** *  QuadDec_1_Cnt8_backup.enableState:  Is modified depending on the enable 
 102:.\Generated_Source\PSoC4/QuadDec_1_Cnt8_PM.c **** *  state of the block before entering sleep mode.
 103:.\Generated_Source\PSoC4/QuadDec_1_Cnt8_PM.c **** *
 104:.\Generated_Source\PSoC4/QuadDec_1_Cnt8_PM.c **** *******************************************************************************/
 105:.\Generated_Source\PSoC4/QuadDec_1_Cnt8_PM.c **** void QuadDec_1_Cnt8_Sleep(void) 
 106:.\Generated_Source\PSoC4/QuadDec_1_Cnt8_PM.c **** {
  96              		.loc 1 106 0
  97              		.cfi_startproc
  98 0000 08B5     		push	{r3, lr}
  99              		.cfi_def_cfa_offset 8
 100              		.cfi_offset 3, -8
 101              		.cfi_offset 14, -4
 107:.\Generated_Source\PSoC4/QuadDec_1_Cnt8_PM.c ****     #if(!QuadDec_1_Cnt8_ControlRegRemoved)
 108:.\Generated_Source\PSoC4/QuadDec_1_Cnt8_PM.c ****         /* Save Counter's enable state */
 109:.\Generated_Source\PSoC4/QuadDec_1_Cnt8_PM.c ****         if(QuadDec_1_Cnt8_CTRL_ENABLE == (QuadDec_1_Cnt8_CONTROL & QuadDec_1_Cnt8_CTRL_ENABLE))
 102              		.loc 1 109 0
 103 0002 084B     		ldr	r3, .L12
 104 0004 1B78     		ldrb	r3, [r3]
 105 0006 5BB2     		sxtb	r3, r3
 106 0008 002B     		cmp	r3, #0
 107 000a 07DB     		blt	.L11
 110:.\Generated_Source\PSoC4/QuadDec_1_Cnt8_PM.c ****         {
 111:.\Generated_Source\PSoC4/QuadDec_1_Cnt8_PM.c ****             /* Counter is enabled */
 112:.\Generated_Source\PSoC4/QuadDec_1_Cnt8_PM.c ****             QuadDec_1_Cnt8_backup.CounterEnableState = 1u;
 113:.\Generated_Source\PSoC4/QuadDec_1_Cnt8_PM.c ****         }
 114:.\Generated_Source\PSoC4/QuadDec_1_Cnt8_PM.c ****         else
 115:.\Generated_Source\PSoC4/QuadDec_1_Cnt8_PM.c ****         {
 116:.\Generated_Source\PSoC4/QuadDec_1_Cnt8_PM.c ****             /* Counter is disabled */
 117:.\Generated_Source\PSoC4/QuadDec_1_Cnt8_PM.c ****             QuadDec_1_Cnt8_backup.CounterEnableState = 0u;
ARM GAS  C:\Users\g\AppData\Local\Temp\ccGzJzsm.s 			page 5


 108              		.loc 1 117 0
 109 000c 0022     		mov	r2, #0
 110 000e 064B     		ldr	r3, .L12+4
 111 0010 1A70     		strb	r2, [r3]
 112              	.L9:
 118:.\Generated_Source\PSoC4/QuadDec_1_Cnt8_PM.c ****         }
 119:.\Generated_Source\PSoC4/QuadDec_1_Cnt8_PM.c ****     #else
 120:.\Generated_Source\PSoC4/QuadDec_1_Cnt8_PM.c ****         QuadDec_1_Cnt8_backup.CounterEnableState = 1u;
 121:.\Generated_Source\PSoC4/QuadDec_1_Cnt8_PM.c ****         if(QuadDec_1_Cnt8_backup.CounterEnableState != 0u)
 122:.\Generated_Source\PSoC4/QuadDec_1_Cnt8_PM.c ****         {
 123:.\Generated_Source\PSoC4/QuadDec_1_Cnt8_PM.c ****             QuadDec_1_Cnt8_backup.CounterEnableState = 0u;
 124:.\Generated_Source\PSoC4/QuadDec_1_Cnt8_PM.c ****         }
 125:.\Generated_Source\PSoC4/QuadDec_1_Cnt8_PM.c ****     #endif /* (!QuadDec_1_Cnt8_ControlRegRemoved) */
 126:.\Generated_Source\PSoC4/QuadDec_1_Cnt8_PM.c ****     
 127:.\Generated_Source\PSoC4/QuadDec_1_Cnt8_PM.c ****     QuadDec_1_Cnt8_Stop();
 113              		.loc 1 127 0
 114 0012 FFF7FEFF 		bl	QuadDec_1_Cnt8_Stop
 115              	.LVL4:
 128:.\Generated_Source\PSoC4/QuadDec_1_Cnt8_PM.c ****     QuadDec_1_Cnt8_SaveConfig();
 129:.\Generated_Source\PSoC4/QuadDec_1_Cnt8_PM.c **** }
 116              		.loc 1 129 0
 117              		@ sp needed
 128:.\Generated_Source\PSoC4/QuadDec_1_Cnt8_PM.c ****     QuadDec_1_Cnt8_SaveConfig();
 118              		.loc 1 128 0
 119 0016 FFF7FEFF 		bl	QuadDec_1_Cnt8_SaveConfig
 120              	.LVL5:
 121              		.loc 1 129 0
 122 001a 08BD     		pop	{r3, pc}
 123              	.L11:
 112:.\Generated_Source\PSoC4/QuadDec_1_Cnt8_PM.c ****         }
 124              		.loc 1 112 0
 125 001c 0122     		mov	r2, #1
 126 001e 024B     		ldr	r3, .L12+4
 127 0020 1A70     		strb	r2, [r3]
 128 0022 F6E7     		b	.L9
 129              	.L13:
 130              		.align	2
 131              	.L12:
 132 0024 73000F40 		.word	1074724979
 133 0028 00000000 		.word	.LANCHOR0
 134              		.cfi_endproc
 135              	.LFE2:
 136              		.size	QuadDec_1_Cnt8_Sleep, .-QuadDec_1_Cnt8_Sleep
 137              		.section	.text.QuadDec_1_Cnt8_Wakeup,"ax",%progbits
 138              		.align	2
 139              		.global	QuadDec_1_Cnt8_Wakeup
 140              		.code	16
 141              		.thumb_func
 142              		.type	QuadDec_1_Cnt8_Wakeup, %function
 143              	QuadDec_1_Cnt8_Wakeup:
 144              	.LFB3:
 130:.\Generated_Source\PSoC4/QuadDec_1_Cnt8_PM.c **** 
 131:.\Generated_Source\PSoC4/QuadDec_1_Cnt8_PM.c **** 
 132:.\Generated_Source\PSoC4/QuadDec_1_Cnt8_PM.c **** /*******************************************************************************
 133:.\Generated_Source\PSoC4/QuadDec_1_Cnt8_PM.c **** * Function Name: QuadDec_1_Cnt8_Wakeup
 134:.\Generated_Source\PSoC4/QuadDec_1_Cnt8_PM.c **** ********************************************************************************
 135:.\Generated_Source\PSoC4/QuadDec_1_Cnt8_PM.c **** *
ARM GAS  C:\Users\g\AppData\Local\Temp\ccGzJzsm.s 			page 6


 136:.\Generated_Source\PSoC4/QuadDec_1_Cnt8_PM.c **** * Summary:
 137:.\Generated_Source\PSoC4/QuadDec_1_Cnt8_PM.c **** *  Restores and enables the user configuration
 138:.\Generated_Source\PSoC4/QuadDec_1_Cnt8_PM.c **** *  
 139:.\Generated_Source\PSoC4/QuadDec_1_Cnt8_PM.c **** * Parameters:  
 140:.\Generated_Source\PSoC4/QuadDec_1_Cnt8_PM.c **** *  void
 141:.\Generated_Source\PSoC4/QuadDec_1_Cnt8_PM.c **** *
 142:.\Generated_Source\PSoC4/QuadDec_1_Cnt8_PM.c **** * Return: 
 143:.\Generated_Source\PSoC4/QuadDec_1_Cnt8_PM.c **** *  void
 144:.\Generated_Source\PSoC4/QuadDec_1_Cnt8_PM.c **** *
 145:.\Generated_Source\PSoC4/QuadDec_1_Cnt8_PM.c **** * Global variables:
 146:.\Generated_Source\PSoC4/QuadDec_1_Cnt8_PM.c **** *  QuadDec_1_Cnt8_backup.enableState:  Is used to restore the enable state of 
 147:.\Generated_Source\PSoC4/QuadDec_1_Cnt8_PM.c **** *  block on wakeup from sleep mode.
 148:.\Generated_Source\PSoC4/QuadDec_1_Cnt8_PM.c **** *
 149:.\Generated_Source\PSoC4/QuadDec_1_Cnt8_PM.c **** *******************************************************************************/
 150:.\Generated_Source\PSoC4/QuadDec_1_Cnt8_PM.c **** void QuadDec_1_Cnt8_Wakeup(void) 
 151:.\Generated_Source\PSoC4/QuadDec_1_Cnt8_PM.c **** {
 145              		.loc 1 151 0
 146              		.cfi_startproc
 147 0000 08B5     		push	{r3, lr}
 148              		.cfi_def_cfa_offset 8
 149              		.cfi_offset 3, -8
 150              		.cfi_offset 14, -4
 152:.\Generated_Source\PSoC4/QuadDec_1_Cnt8_PM.c ****     QuadDec_1_Cnt8_RestoreConfig();
 151              		.loc 1 152 0
 152 0002 FFF7FEFF 		bl	QuadDec_1_Cnt8_RestoreConfig
 153              	.LVL6:
 153:.\Generated_Source\PSoC4/QuadDec_1_Cnt8_PM.c ****     #if(!QuadDec_1_Cnt8_ControlRegRemoved)
 154:.\Generated_Source\PSoC4/QuadDec_1_Cnt8_PM.c ****         if(QuadDec_1_Cnt8_backup.CounterEnableState == 1u)
 154              		.loc 1 154 0
 155 0006 044B     		ldr	r3, .L17
 156 0008 1B78     		ldrb	r3, [r3]
 157 000a 012B     		cmp	r3, #1
 158 000c 00D0     		beq	.L16
 159              	.L14:
 155:.\Generated_Source\PSoC4/QuadDec_1_Cnt8_PM.c ****         {
 156:.\Generated_Source\PSoC4/QuadDec_1_Cnt8_PM.c ****             /* Enable Counter's operation */
 157:.\Generated_Source\PSoC4/QuadDec_1_Cnt8_PM.c ****             QuadDec_1_Cnt8_Enable();
 158:.\Generated_Source\PSoC4/QuadDec_1_Cnt8_PM.c ****         } /* Do nothing if Counter was disabled before */    
 159:.\Generated_Source\PSoC4/QuadDec_1_Cnt8_PM.c ****     #endif /* (!QuadDec_1_Cnt8_ControlRegRemoved) */
 160:.\Generated_Source\PSoC4/QuadDec_1_Cnt8_PM.c ****     
 161:.\Generated_Source\PSoC4/QuadDec_1_Cnt8_PM.c **** }
 160              		.loc 1 161 0
 161              		@ sp needed
 162 000e 08BD     		pop	{r3, pc}
 163              	.L16:
 157:.\Generated_Source\PSoC4/QuadDec_1_Cnt8_PM.c ****         } /* Do nothing if Counter was disabled before */    
 164              		.loc 1 157 0
 165 0010 FFF7FEFF 		bl	QuadDec_1_Cnt8_Enable
 166              	.LVL7:
 167 0014 FBE7     		b	.L14
 168              	.L18:
 169 0016 C046     		.align	2
 170              	.L17:
 171 0018 00000000 		.word	.LANCHOR0
 172              		.cfi_endproc
 173              	.LFE3:
 174              		.size	QuadDec_1_Cnt8_Wakeup, .-QuadDec_1_Cnt8_Wakeup
ARM GAS  C:\Users\g\AppData\Local\Temp\ccGzJzsm.s 			page 7


 175              		.bss
 176              		.align	2
 177              		.set	.LANCHOR0,. + 0
 178              		.type	QuadDec_1_Cnt8_backup, %object
 179              		.size	QuadDec_1_Cnt8_backup, 3
 180              	QuadDec_1_Cnt8_backup:
 181 0000 000000   		.space	3
 182 0003 00       		.text
 183              	.Letext0:
 184              		.file 2 ".\\Generated_Source\\PSoC4\\cytypes.h"
 185              		.file 3 ".\\Generated_Source\\PSoC4\\QuadDec_1_Cnt8.h"
 186              		.section	.debug_info,"",%progbits
 187              	.Ldebug_info0:
 188 0000 D0010000 		.4byte	0x1d0
 189 0004 0400     		.2byte	0x4
 190 0006 00000000 		.4byte	.Ldebug_abbrev0
 191 000a 04       		.byte	0x4
 192 000b 01       		.uleb128 0x1
 193 000c 9A010000 		.4byte	.LASF29
 194 0010 01       		.byte	0x1
 195 0011 CD020000 		.4byte	.LASF30
 196 0015 67000000 		.4byte	.LASF31
 197 0019 00000000 		.4byte	.Ldebug_ranges0+0
 198 001d 00000000 		.4byte	0
 199 0021 00000000 		.4byte	.Ldebug_line0
 200 0025 02       		.uleb128 0x2
 201 0026 01       		.byte	0x1
 202 0027 06       		.byte	0x6
 203 0028 FA020000 		.4byte	.LASF0
 204 002c 02       		.uleb128 0x2
 205 002d 01       		.byte	0x1
 206 002e 08       		.byte	0x8
 207 002f AF000000 		.4byte	.LASF1
 208 0033 02       		.uleb128 0x2
 209 0034 02       		.byte	0x2
 210 0035 05       		.byte	0x5
 211 0036 A4020000 		.4byte	.LASF2
 212 003a 02       		.uleb128 0x2
 213 003b 02       		.byte	0x2
 214 003c 07       		.byte	0x7
 215 003d 00000000 		.4byte	.LASF3
 216 0041 02       		.uleb128 0x2
 217 0042 04       		.byte	0x4
 218 0043 05       		.byte	0x5
 219 0044 AE020000 		.4byte	.LASF4
 220 0048 02       		.uleb128 0x2
 221 0049 04       		.byte	0x4
 222 004a 07       		.byte	0x7
 223 004b E8000000 		.4byte	.LASF5
 224 004f 02       		.uleb128 0x2
 225 0050 08       		.byte	0x8
 226 0051 05       		.byte	0x5
 227 0052 52020000 		.4byte	.LASF6
 228 0056 02       		.uleb128 0x2
 229 0057 08       		.byte	0x8
 230 0058 07       		.byte	0x7
 231 0059 42010000 		.4byte	.LASF7
ARM GAS  C:\Users\g\AppData\Local\Temp\ccGzJzsm.s 			page 8


 232 005d 03       		.uleb128 0x3
 233 005e 04       		.byte	0x4
 234 005f 05       		.byte	0x5
 235 0060 696E7400 		.ascii	"int\000"
 236 0064 02       		.uleb128 0x2
 237 0065 04       		.byte	0x4
 238 0066 07       		.byte	0x7
 239 0067 35010000 		.4byte	.LASF8
 240 006b 04       		.uleb128 0x4
 241 006c FA000000 		.4byte	.LASF12
 242 0070 02       		.byte	0x2
 243 0071 9801     		.2byte	0x198
 244 0073 2C000000 		.4byte	0x2c
 245 0077 02       		.uleb128 0x2
 246 0078 04       		.byte	0x4
 247 0079 04       		.byte	0x4
 248 007a 8E000000 		.4byte	.LASF9
 249 007e 02       		.uleb128 0x2
 250 007f 08       		.byte	0x8
 251 0080 04       		.byte	0x4
 252 0081 00010000 		.4byte	.LASF10
 253 0085 02       		.uleb128 0x2
 254 0086 01       		.byte	0x1
 255 0087 08       		.byte	0x8
 256 0088 7C020000 		.4byte	.LASF11
 257 008c 04       		.uleb128 0x4
 258 008d 31020000 		.4byte	.LASF13
 259 0091 02       		.byte	0x2
 260 0092 4202     		.2byte	0x242
 261 0094 98000000 		.4byte	0x98
 262 0098 05       		.uleb128 0x5
 263 0099 6B000000 		.4byte	0x6b
 264 009d 02       		.uleb128 0x2
 265 009e 04       		.byte	0x4
 266 009f 07       		.byte	0x7
 267 00a0 36020000 		.4byte	.LASF14
 268 00a4 06       		.uleb128 0x6
 269 00a5 03       		.byte	0x3
 270 00a6 03       		.byte	0x3
 271 00a7 40       		.byte	0x40
 272 00a8 D1000000 		.4byte	0xd1
 273 00ac 07       		.uleb128 0x7
 274 00ad 3F020000 		.4byte	.LASF15
 275 00b1 03       		.byte	0x3
 276 00b2 42       		.byte	0x42
 277 00b3 6B000000 		.4byte	0x6b
 278 00b7 00       		.byte	0
 279 00b8 07       		.uleb128 0x7
 280 00b9 2F000000 		.4byte	.LASF16
 281 00bd 03       		.byte	0x3
 282 00be 43       		.byte	0x43
 283 00bf 6B000000 		.4byte	0x6b
 284 00c3 01       		.byte	0x1
 285 00c4 07       		.uleb128 0x7
 286 00c5 3A000000 		.4byte	.LASF17
 287 00c9 03       		.byte	0x3
 288 00ca 46       		.byte	0x46
ARM GAS  C:\Users\g\AppData\Local\Temp\ccGzJzsm.s 			page 9


 289 00cb 6B000000 		.4byte	0x6b
 290 00cf 02       		.byte	0x2
 291 00d0 00       		.byte	0
 292 00d1 08       		.uleb128 0x8
 293 00d2 13000000 		.4byte	.LASF18
 294 00d6 03       		.byte	0x3
 295 00d7 49       		.byte	0x49
 296 00d8 A4000000 		.4byte	0xa4
 297 00dc 09       		.uleb128 0x9
 298 00dd 1B010000 		.4byte	.LASF19
 299 00e1 01       		.byte	0x1
 300 00e2 2A       		.byte	0x2a
 301 00e3 00000000 		.4byte	.LFB0
 302 00e7 18000000 		.4byte	.LFE0-.LFB0
 303 00eb 01       		.uleb128 0x1
 304 00ec 9C       		.byte	0x9c
 305 00ed 04010000 		.4byte	0x104
 306 00f1 0A       		.uleb128 0xa
 307 00f2 06000000 		.4byte	.LVL0
 308 00f6 8D010000 		.4byte	0x18d
 309 00fa 0A       		.uleb128 0xa
 310 00fb 0E000000 		.4byte	.LVL1
 311 00ff 98010000 		.4byte	0x198
 312 0103 00       		.byte	0
 313 0104 09       		.uleb128 0x9
 314 0105 59010000 		.4byte	.LASF20
 315 0109 01       		.byte	0x1
 316 010a 4A       		.byte	0x4a
 317 010b 00000000 		.4byte	.LFB1
 318 010f 18000000 		.4byte	.LFE1-.LFB1
 319 0113 01       		.uleb128 0x1
 320 0114 9C       		.byte	0x9c
 321 0115 2C010000 		.4byte	0x12c
 322 0119 0A       		.uleb128 0xa
 323 011a 0A000000 		.4byte	.LVL2
 324 011e A3010000 		.4byte	0x1a3
 325 0122 0A       		.uleb128 0xa
 326 0123 10000000 		.4byte	.LVL3
 327 0127 B4010000 		.4byte	0x1b4
 328 012b 00       		.byte	0
 329 012c 09       		.uleb128 0x9
 330 012d D3000000 		.4byte	.LASF21
 331 0131 01       		.byte	0x1
 332 0132 69       		.byte	0x69
 333 0133 00000000 		.4byte	.LFB2
 334 0137 2C000000 		.4byte	.LFE2-.LFB2
 335 013b 01       		.uleb128 0x1
 336 013c 9C       		.byte	0x9c
 337 013d 54010000 		.4byte	0x154
 338 0141 0A       		.uleb128 0xa
 339 0142 16000000 		.4byte	.LVL4
 340 0146 C5010000 		.4byte	0x1c5
 341 014a 0A       		.uleb128 0xa
 342 014b 1A000000 		.4byte	.LVL5
 343 014f DC000000 		.4byte	0xdc
 344 0153 00       		.byte	0
 345 0154 09       		.uleb128 0x9
ARM GAS  C:\Users\g\AppData\Local\Temp\ccGzJzsm.s 			page 10


 346 0155 BD000000 		.4byte	.LASF22
 347 0159 01       		.byte	0x1
 348 015a 96       		.byte	0x96
 349 015b 00000000 		.4byte	.LFB3
 350 015f 1C000000 		.4byte	.LFE3-.LFB3
 351 0163 01       		.uleb128 0x1
 352 0164 9C       		.byte	0x9c
 353 0165 7C010000 		.4byte	0x17c
 354 0169 0A       		.uleb128 0xa
 355 016a 06000000 		.4byte	.LVL6
 356 016e 04010000 		.4byte	0x104
 357 0172 0A       		.uleb128 0xa
 358 0173 14000000 		.4byte	.LVL7
 359 0177 CC010000 		.4byte	0x1cc
 360 017b 00       		.byte	0
 361 017c 0B       		.uleb128 0xb
 362 017d 51000000 		.4byte	.LASF32
 363 0181 01       		.byte	0x1
 364 0182 15       		.byte	0x15
 365 0183 D1000000 		.4byte	0xd1
 366 0187 05       		.uleb128 0x5
 367 0188 03       		.byte	0x3
 368 0189 00000000 		.4byte	QuadDec_1_Cnt8_backup
 369 018d 0C       		.uleb128 0xc
 370 018e 94000000 		.4byte	.LASF23
 371 0192 03       		.byte	0x3
 372 0193 5D       		.byte	0x5d
 373 0194 6B000000 		.4byte	0x6b
 374 0198 0C       		.uleb128 0xc
 375 0199 81020000 		.4byte	.LASF24
 376 019d 03       		.byte	0x3
 377 019e 55       		.byte	0x55
 378 019f 6B000000 		.4byte	0x6b
 379 01a3 0D       		.uleb128 0xd
 380 01a4 60020000 		.4byte	.LASF25
 381 01a8 03       		.byte	0x3
 382 01a9 5A       		.byte	0x5a
 383 01aa B4010000 		.4byte	0x1b4
 384 01ae 0E       		.uleb128 0xe
 385 01af 6B000000 		.4byte	0x6b
 386 01b3 00       		.byte	0
 387 01b4 0D       		.uleb128 0xd
 388 01b5 76010000 		.4byte	.LASF26
 389 01b9 03       		.byte	0x3
 390 01ba 56       		.byte	0x56
 391 01bb C5010000 		.4byte	0x1c5
 392 01bf 0E       		.uleb128 0xe
 393 01c0 6B000000 		.4byte	0x6b
 394 01c4 00       		.byte	0
 395 01c5 0F       		.uleb128 0xf
 396 01c6 07010000 		.4byte	.LASF27
 397 01ca 03       		.byte	0x3
 398 01cb 50       		.byte	0x50
 399 01cc 0F       		.uleb128 0xf
 400 01cd B7020000 		.4byte	.LASF28
 401 01d1 03       		.byte	0x3
 402 01d2 71       		.byte	0x71
ARM GAS  C:\Users\g\AppData\Local\Temp\ccGzJzsm.s 			page 11


 403 01d3 00       		.byte	0
 404              		.section	.debug_abbrev,"",%progbits
 405              	.Ldebug_abbrev0:
 406 0000 01       		.uleb128 0x1
 407 0001 11       		.uleb128 0x11
 408 0002 01       		.byte	0x1
 409 0003 25       		.uleb128 0x25
 410 0004 0E       		.uleb128 0xe
 411 0005 13       		.uleb128 0x13
 412 0006 0B       		.uleb128 0xb
 413 0007 03       		.uleb128 0x3
 414 0008 0E       		.uleb128 0xe
 415 0009 1B       		.uleb128 0x1b
 416 000a 0E       		.uleb128 0xe
 417 000b 55       		.uleb128 0x55
 418 000c 17       		.uleb128 0x17
 419 000d 11       		.uleb128 0x11
 420 000e 01       		.uleb128 0x1
 421 000f 10       		.uleb128 0x10
 422 0010 17       		.uleb128 0x17
 423 0011 00       		.byte	0
 424 0012 00       		.byte	0
 425 0013 02       		.uleb128 0x2
 426 0014 24       		.uleb128 0x24
 427 0015 00       		.byte	0
 428 0016 0B       		.uleb128 0xb
 429 0017 0B       		.uleb128 0xb
 430 0018 3E       		.uleb128 0x3e
 431 0019 0B       		.uleb128 0xb
 432 001a 03       		.uleb128 0x3
 433 001b 0E       		.uleb128 0xe
 434 001c 00       		.byte	0
 435 001d 00       		.byte	0
 436 001e 03       		.uleb128 0x3
 437 001f 24       		.uleb128 0x24
 438 0020 00       		.byte	0
 439 0021 0B       		.uleb128 0xb
 440 0022 0B       		.uleb128 0xb
 441 0023 3E       		.uleb128 0x3e
 442 0024 0B       		.uleb128 0xb
 443 0025 03       		.uleb128 0x3
 444 0026 08       		.uleb128 0x8
 445 0027 00       		.byte	0
 446 0028 00       		.byte	0
 447 0029 04       		.uleb128 0x4
 448 002a 16       		.uleb128 0x16
 449 002b 00       		.byte	0
 450 002c 03       		.uleb128 0x3
 451 002d 0E       		.uleb128 0xe
 452 002e 3A       		.uleb128 0x3a
 453 002f 0B       		.uleb128 0xb
 454 0030 3B       		.uleb128 0x3b
 455 0031 05       		.uleb128 0x5
 456 0032 49       		.uleb128 0x49
 457 0033 13       		.uleb128 0x13
 458 0034 00       		.byte	0
 459 0035 00       		.byte	0
ARM GAS  C:\Users\g\AppData\Local\Temp\ccGzJzsm.s 			page 12


 460 0036 05       		.uleb128 0x5
 461 0037 35       		.uleb128 0x35
 462 0038 00       		.byte	0
 463 0039 49       		.uleb128 0x49
 464 003a 13       		.uleb128 0x13
 465 003b 00       		.byte	0
 466 003c 00       		.byte	0
 467 003d 06       		.uleb128 0x6
 468 003e 13       		.uleb128 0x13
 469 003f 01       		.byte	0x1
 470 0040 0B       		.uleb128 0xb
 471 0041 0B       		.uleb128 0xb
 472 0042 3A       		.uleb128 0x3a
 473 0043 0B       		.uleb128 0xb
 474 0044 3B       		.uleb128 0x3b
 475 0045 0B       		.uleb128 0xb
 476 0046 01       		.uleb128 0x1
 477 0047 13       		.uleb128 0x13
 478 0048 00       		.byte	0
 479 0049 00       		.byte	0
 480 004a 07       		.uleb128 0x7
 481 004b 0D       		.uleb128 0xd
 482 004c 00       		.byte	0
 483 004d 03       		.uleb128 0x3
 484 004e 0E       		.uleb128 0xe
 485 004f 3A       		.uleb128 0x3a
 486 0050 0B       		.uleb128 0xb
 487 0051 3B       		.uleb128 0x3b
 488 0052 0B       		.uleb128 0xb
 489 0053 49       		.uleb128 0x49
 490 0054 13       		.uleb128 0x13
 491 0055 38       		.uleb128 0x38
 492 0056 0B       		.uleb128 0xb
 493 0057 00       		.byte	0
 494 0058 00       		.byte	0
 495 0059 08       		.uleb128 0x8
 496 005a 16       		.uleb128 0x16
 497 005b 00       		.byte	0
 498 005c 03       		.uleb128 0x3
 499 005d 0E       		.uleb128 0xe
 500 005e 3A       		.uleb128 0x3a
 501 005f 0B       		.uleb128 0xb
 502 0060 3B       		.uleb128 0x3b
 503 0061 0B       		.uleb128 0xb
 504 0062 49       		.uleb128 0x49
 505 0063 13       		.uleb128 0x13
 506 0064 00       		.byte	0
 507 0065 00       		.byte	0
 508 0066 09       		.uleb128 0x9
 509 0067 2E       		.uleb128 0x2e
 510 0068 01       		.byte	0x1
 511 0069 3F       		.uleb128 0x3f
 512 006a 19       		.uleb128 0x19
 513 006b 03       		.uleb128 0x3
 514 006c 0E       		.uleb128 0xe
 515 006d 3A       		.uleb128 0x3a
 516 006e 0B       		.uleb128 0xb
ARM GAS  C:\Users\g\AppData\Local\Temp\ccGzJzsm.s 			page 13


 517 006f 3B       		.uleb128 0x3b
 518 0070 0B       		.uleb128 0xb
 519 0071 27       		.uleb128 0x27
 520 0072 19       		.uleb128 0x19
 521 0073 11       		.uleb128 0x11
 522 0074 01       		.uleb128 0x1
 523 0075 12       		.uleb128 0x12
 524 0076 06       		.uleb128 0x6
 525 0077 40       		.uleb128 0x40
 526 0078 18       		.uleb128 0x18
 527 0079 9742     		.uleb128 0x2117
 528 007b 19       		.uleb128 0x19
 529 007c 01       		.uleb128 0x1
 530 007d 13       		.uleb128 0x13
 531 007e 00       		.byte	0
 532 007f 00       		.byte	0
 533 0080 0A       		.uleb128 0xa
 534 0081 898201   		.uleb128 0x4109
 535 0084 00       		.byte	0
 536 0085 11       		.uleb128 0x11
 537 0086 01       		.uleb128 0x1
 538 0087 31       		.uleb128 0x31
 539 0088 13       		.uleb128 0x13
 540 0089 00       		.byte	0
 541 008a 00       		.byte	0
 542 008b 0B       		.uleb128 0xb
 543 008c 34       		.uleb128 0x34
 544 008d 00       		.byte	0
 545 008e 03       		.uleb128 0x3
 546 008f 0E       		.uleb128 0xe
 547 0090 3A       		.uleb128 0x3a
 548 0091 0B       		.uleb128 0xb
 549 0092 3B       		.uleb128 0x3b
 550 0093 0B       		.uleb128 0xb
 551 0094 49       		.uleb128 0x49
 552 0095 13       		.uleb128 0x13
 553 0096 02       		.uleb128 0x2
 554 0097 18       		.uleb128 0x18
 555 0098 00       		.byte	0
 556 0099 00       		.byte	0
 557 009a 0C       		.uleb128 0xc
 558 009b 2E       		.uleb128 0x2e
 559 009c 00       		.byte	0
 560 009d 3F       		.uleb128 0x3f
 561 009e 19       		.uleb128 0x19
 562 009f 03       		.uleb128 0x3
 563 00a0 0E       		.uleb128 0xe
 564 00a1 3A       		.uleb128 0x3a
 565 00a2 0B       		.uleb128 0xb
 566 00a3 3B       		.uleb128 0x3b
 567 00a4 0B       		.uleb128 0xb
 568 00a5 27       		.uleb128 0x27
 569 00a6 19       		.uleb128 0x19
 570 00a7 49       		.uleb128 0x49
 571 00a8 13       		.uleb128 0x13
 572 00a9 3C       		.uleb128 0x3c
 573 00aa 19       		.uleb128 0x19
ARM GAS  C:\Users\g\AppData\Local\Temp\ccGzJzsm.s 			page 14


 574 00ab 00       		.byte	0
 575 00ac 00       		.byte	0
 576 00ad 0D       		.uleb128 0xd
 577 00ae 2E       		.uleb128 0x2e
 578 00af 01       		.byte	0x1
 579 00b0 3F       		.uleb128 0x3f
 580 00b1 19       		.uleb128 0x19
 581 00b2 03       		.uleb128 0x3
 582 00b3 0E       		.uleb128 0xe
 583 00b4 3A       		.uleb128 0x3a
 584 00b5 0B       		.uleb128 0xb
 585 00b6 3B       		.uleb128 0x3b
 586 00b7 0B       		.uleb128 0xb
 587 00b8 27       		.uleb128 0x27
 588 00b9 19       		.uleb128 0x19
 589 00ba 3C       		.uleb128 0x3c
 590 00bb 19       		.uleb128 0x19
 591 00bc 01       		.uleb128 0x1
 592 00bd 13       		.uleb128 0x13
 593 00be 00       		.byte	0
 594 00bf 00       		.byte	0
 595 00c0 0E       		.uleb128 0xe
 596 00c1 05       		.uleb128 0x5
 597 00c2 00       		.byte	0
 598 00c3 49       		.uleb128 0x49
 599 00c4 13       		.uleb128 0x13
 600 00c5 00       		.byte	0
 601 00c6 00       		.byte	0
 602 00c7 0F       		.uleb128 0xf
 603 00c8 2E       		.uleb128 0x2e
 604 00c9 00       		.byte	0
 605 00ca 3F       		.uleb128 0x3f
 606 00cb 19       		.uleb128 0x19
 607 00cc 03       		.uleb128 0x3
 608 00cd 0E       		.uleb128 0xe
 609 00ce 3A       		.uleb128 0x3a
 610 00cf 0B       		.uleb128 0xb
 611 00d0 3B       		.uleb128 0x3b
 612 00d1 0B       		.uleb128 0xb
 613 00d2 27       		.uleb128 0x27
 614 00d3 19       		.uleb128 0x19
 615 00d4 3C       		.uleb128 0x3c
 616 00d5 19       		.uleb128 0x19
 617 00d6 00       		.byte	0
 618 00d7 00       		.byte	0
 619 00d8 00       		.byte	0
 620              		.section	.debug_aranges,"",%progbits
 621 0000 34000000 		.4byte	0x34
 622 0004 0200     		.2byte	0x2
 623 0006 00000000 		.4byte	.Ldebug_info0
 624 000a 04       		.byte	0x4
 625 000b 00       		.byte	0
 626 000c 0000     		.2byte	0
 627 000e 0000     		.2byte	0
 628 0010 00000000 		.4byte	.LFB0
 629 0014 18000000 		.4byte	.LFE0-.LFB0
 630 0018 00000000 		.4byte	.LFB1
ARM GAS  C:\Users\g\AppData\Local\Temp\ccGzJzsm.s 			page 15


 631 001c 18000000 		.4byte	.LFE1-.LFB1
 632 0020 00000000 		.4byte	.LFB2
 633 0024 2C000000 		.4byte	.LFE2-.LFB2
 634 0028 00000000 		.4byte	.LFB3
 635 002c 1C000000 		.4byte	.LFE3-.LFB3
 636 0030 00000000 		.4byte	0
 637 0034 00000000 		.4byte	0
 638              		.section	.debug_ranges,"",%progbits
 639              	.Ldebug_ranges0:
 640 0000 00000000 		.4byte	.LFB0
 641 0004 18000000 		.4byte	.LFE0
 642 0008 00000000 		.4byte	.LFB1
 643 000c 18000000 		.4byte	.LFE1
 644 0010 00000000 		.4byte	.LFB2
 645 0014 2C000000 		.4byte	.LFE2
 646 0018 00000000 		.4byte	.LFB3
 647 001c 1C000000 		.4byte	.LFE3
 648 0020 00000000 		.4byte	0
 649 0024 00000000 		.4byte	0
 650              		.section	.debug_line,"",%progbits
 651              	.Ldebug_line0:
 652 0000 C6000000 		.section	.debug_str,"MS",%progbits,1
 652      02006400 
 652      00000201 
 652      FB0E0D00 
 652      01010101 
 653              	.LASF3:
 654 0000 73686F72 		.ascii	"short unsigned int\000"
 654      7420756E 
 654      7369676E 
 654      65642069 
 654      6E7400
 655              	.LASF18:
 656 0013 51756164 		.ascii	"QuadDec_1_Cnt8_backupStruct\000"
 656      4465635F 
 656      315F436E 
 656      74385F62 
 656      61636B75 
 657              	.LASF16:
 658 002f 436F756E 		.ascii	"CounterUdb\000"
 658      74657255 
 658      646200
 659              	.LASF17:
 660 003a 436F756E 		.ascii	"CounterControlRegister\000"
 660      74657243 
 660      6F6E7472 
 660      6F6C5265 
 660      67697374 
 661              	.LASF32:
 662 0051 51756164 		.ascii	"QuadDec_1_Cnt8_backup\000"
 662      4465635F 
 662      315F436E 
 662      74385F62 
 662      61636B75 
 663              	.LASF31:
 664 0067 443A5C63 		.ascii	"D:\\code\\cypress\\controllers\\dcsd.cydsn\000"
 664      6F64655C 
ARM GAS  C:\Users\g\AppData\Local\Temp\ccGzJzsm.s 			page 16


 664      63797072 
 664      6573735C 
 664      636F6E74 
 665              	.LASF9:
 666 008e 666C6F61 		.ascii	"float\000"
 666      7400
 667              	.LASF23:
 668 0094 51756164 		.ascii	"QuadDec_1_Cnt8_ReadCounter\000"
 668      4465635F 
 668      315F436E 
 668      74385F52 
 668      65616443 
 669              	.LASF1:
 670 00af 756E7369 		.ascii	"unsigned char\000"
 670      676E6564 
 670      20636861 
 670      7200
 671              	.LASF22:
 672 00bd 51756164 		.ascii	"QuadDec_1_Cnt8_Wakeup\000"
 672      4465635F 
 672      315F436E 
 672      74385F57 
 672      616B6575 
 673              	.LASF21:
 674 00d3 51756164 		.ascii	"QuadDec_1_Cnt8_Sleep\000"
 674      4465635F 
 674      315F436E 
 674      74385F53 
 674      6C656570 
 675              	.LASF5:
 676 00e8 6C6F6E67 		.ascii	"long unsigned int\000"
 676      20756E73 
 676      69676E65 
 676      6420696E 
 676      7400
 677              	.LASF12:
 678 00fa 75696E74 		.ascii	"uint8\000"
 678      3800
 679              	.LASF10:
 680 0100 646F7562 		.ascii	"double\000"
 680      6C6500
 681              	.LASF27:
 682 0107 51756164 		.ascii	"QuadDec_1_Cnt8_Stop\000"
 682      4465635F 
 682      315F436E 
 682      74385F53 
 682      746F7000 
 683              	.LASF19:
 684 011b 51756164 		.ascii	"QuadDec_1_Cnt8_SaveConfig\000"
 684      4465635F 
 684      315F436E 
 684      74385F53 
 684      61766543 
 685              	.LASF8:
 686 0135 756E7369 		.ascii	"unsigned int\000"
 686      676E6564 
 686      20696E74 
ARM GAS  C:\Users\g\AppData\Local\Temp\ccGzJzsm.s 			page 17


 686      00
 687              	.LASF7:
 688 0142 6C6F6E67 		.ascii	"long long unsigned int\000"
 688      206C6F6E 
 688      6720756E 
 688      7369676E 
 688      65642069 
 689              	.LASF20:
 690 0159 51756164 		.ascii	"QuadDec_1_Cnt8_RestoreConfig\000"
 690      4465635F 
 690      315F436E 
 690      74385F52 
 690      6573746F 
 691              	.LASF26:
 692 0176 51756164 		.ascii	"QuadDec_1_Cnt8_WriteControlRegister\000"
 692      4465635F 
 692      315F436E 
 692      74385F57 
 692      72697465 
 693              	.LASF29:
 694 019a 474E5520 		.ascii	"GNU C 4.9.3 20150303 (release) [ARM/embedded-4_9-br"
 694      4320342E 
 694      392E3320 
 694      32303135 
 694      30333033 
 695 01cd 616E6368 		.ascii	"anch revision 221220] -mcpu=cortex-m0 -mthumb -g -O"
 695      20726576 
 695      6973696F 
 695      6E203232 
 695      31323230 
 696 0200 32202D73 		.ascii	"2 -std=c99 -ffunction-sections -ffat-lto-objects\000"
 696      74643D63 
 696      3939202D 
 696      6666756E 
 696      6374696F 
 697              	.LASF13:
 698 0231 72656738 		.ascii	"reg8\000"
 698      00
 699              	.LASF14:
 700 0236 73697A65 		.ascii	"sizetype\000"
 700      74797065 
 700      00
 701              	.LASF15:
 702 023f 436F756E 		.ascii	"CounterEnableState\000"
 702      74657245 
 702      6E61626C 
 702      65537461 
 702      746500
 703              	.LASF6:
 704 0252 6C6F6E67 		.ascii	"long long int\000"
 704      206C6F6E 
 704      6720696E 
 704      7400
 705              	.LASF25:
 706 0260 51756164 		.ascii	"QuadDec_1_Cnt8_WriteCounter\000"
 706      4465635F 
 706      315F436E 
ARM GAS  C:\Users\g\AppData\Local\Temp\ccGzJzsm.s 			page 18


 706      74385F57 
 706      72697465 
 707              	.LASF11:
 708 027c 63686172 		.ascii	"char\000"
 708      00
 709              	.LASF24:
 710 0281 51756164 		.ascii	"QuadDec_1_Cnt8_ReadControlRegister\000"
 710      4465635F 
 710      315F436E 
 710      74385F52 
 710      65616443 
 711              	.LASF2:
 712 02a4 73686F72 		.ascii	"short int\000"
 712      7420696E 
 712      7400
 713              	.LASF4:
 714 02ae 6C6F6E67 		.ascii	"long int\000"
 714      20696E74 
 714      00
 715              	.LASF28:
 716 02b7 51756164 		.ascii	"QuadDec_1_Cnt8_Enable\000"
 716      4465635F 
 716      315F436E 
 716      74385F45 
 716      6E61626C 
 717              	.LASF30:
 718 02cd 2E5C4765 		.ascii	".\\Generated_Source\\PSoC4\\QuadDec_1_Cnt8_PM.c\000"
 718      6E657261 
 718      7465645F 
 718      536F7572 
 718      63655C50 
 719              	.LASF0:
 720 02fa 7369676E 		.ascii	"signed char\000"
 720      65642063 
 720      68617200 
 721              		.ident	"GCC: (GNU Tools for ARM Embedded Processors) 4.9.3 20150303 (release) [ARM/embedded-4_9-br
