ARM GAS  C:\Users\g\AppData\Local\Temp\ccLGlPLf.s 			page 1


   1              		.cpu cortex-m0
   2              		.fpu softvfp
   3              		.eabi_attribute 20, 1
   4              		.eabi_attribute 21, 1
   5              		.eabi_attribute 23, 3
   6              		.eabi_attribute 24, 1
   7              		.eabi_attribute 25, 1
   8              		.eabi_attribute 26, 1
   9              		.eabi_attribute 30, 2
  10              		.eabi_attribute 34, 0
  11              		.eabi_attribute 18, 4
  12              		.code	16
  13              		.file	"RESET_FAULT_PM.c"
  14              		.text
  15              	.Ltext0:
  16              		.cfi_sections	.debug_frame
  17              		.section	.text.RESET_FAULT_SaveConfig,"ax",%progbits
  18              		.align	2
  19              		.global	RESET_FAULT_SaveConfig
  20              		.code	16
  21              		.thumb_func
  22              		.type	RESET_FAULT_SaveConfig, %function
  23              	RESET_FAULT_SaveConfig:
  24              	.LFB0:
  25              		.file 1 ".\\Generated_Source\\PSoC4\\RESET_FAULT_PM.c"
   1:.\Generated_Source\PSoC4/RESET_FAULT_PM.c **** /*******************************************************************************
   2:.\Generated_Source\PSoC4/RESET_FAULT_PM.c **** * File Name: RESET_FAULT_PM.c
   3:.\Generated_Source\PSoC4/RESET_FAULT_PM.c **** * Version 1.80
   4:.\Generated_Source\PSoC4/RESET_FAULT_PM.c **** *
   5:.\Generated_Source\PSoC4/RESET_FAULT_PM.c **** * Description:
   6:.\Generated_Source\PSoC4/RESET_FAULT_PM.c **** *  This file contains the setup, control, and status commands to support 
   7:.\Generated_Source\PSoC4/RESET_FAULT_PM.c **** *  the component operation in the low power mode. 
   8:.\Generated_Source\PSoC4/RESET_FAULT_PM.c **** *
   9:.\Generated_Source\PSoC4/RESET_FAULT_PM.c **** * Note:
  10:.\Generated_Source\PSoC4/RESET_FAULT_PM.c **** *
  11:.\Generated_Source\PSoC4/RESET_FAULT_PM.c **** ********************************************************************************
  12:.\Generated_Source\PSoC4/RESET_FAULT_PM.c **** * Copyright 2015, Cypress Semiconductor Corporation.  All rights reserved.
  13:.\Generated_Source\PSoC4/RESET_FAULT_PM.c **** * You may use this file only in accordance with the license, terms, conditions, 
  14:.\Generated_Source\PSoC4/RESET_FAULT_PM.c **** * disclaimers, and limitations in the end user license agreement accompanying 
  15:.\Generated_Source\PSoC4/RESET_FAULT_PM.c **** * the software package with which this file was provided.
  16:.\Generated_Source\PSoC4/RESET_FAULT_PM.c **** *******************************************************************************/
  17:.\Generated_Source\PSoC4/RESET_FAULT_PM.c **** 
  18:.\Generated_Source\PSoC4/RESET_FAULT_PM.c **** #include "RESET_FAULT.h"
  19:.\Generated_Source\PSoC4/RESET_FAULT_PM.c **** 
  20:.\Generated_Source\PSoC4/RESET_FAULT_PM.c **** /* Check for removal by optimization */
  21:.\Generated_Source\PSoC4/RESET_FAULT_PM.c **** #if !defined(RESET_FAULT_Sync_ctrl_reg__REMOVED)
  22:.\Generated_Source\PSoC4/RESET_FAULT_PM.c **** 
  23:.\Generated_Source\PSoC4/RESET_FAULT_PM.c **** static RESET_FAULT_BACKUP_STRUCT  RESET_FAULT_backup = {0u};
  24:.\Generated_Source\PSoC4/RESET_FAULT_PM.c **** 
  25:.\Generated_Source\PSoC4/RESET_FAULT_PM.c ****     
  26:.\Generated_Source\PSoC4/RESET_FAULT_PM.c **** /*******************************************************************************
  27:.\Generated_Source\PSoC4/RESET_FAULT_PM.c **** * Function Name: RESET_FAULT_SaveConfig
  28:.\Generated_Source\PSoC4/RESET_FAULT_PM.c **** ********************************************************************************
  29:.\Generated_Source\PSoC4/RESET_FAULT_PM.c **** *
  30:.\Generated_Source\PSoC4/RESET_FAULT_PM.c **** * Summary:
  31:.\Generated_Source\PSoC4/RESET_FAULT_PM.c **** *  Saves the control register value.
  32:.\Generated_Source\PSoC4/RESET_FAULT_PM.c **** *
ARM GAS  C:\Users\g\AppData\Local\Temp\ccLGlPLf.s 			page 2


  33:.\Generated_Source\PSoC4/RESET_FAULT_PM.c **** * Parameters:
  34:.\Generated_Source\PSoC4/RESET_FAULT_PM.c **** *  None
  35:.\Generated_Source\PSoC4/RESET_FAULT_PM.c **** *
  36:.\Generated_Source\PSoC4/RESET_FAULT_PM.c **** * Return:
  37:.\Generated_Source\PSoC4/RESET_FAULT_PM.c **** *  None
  38:.\Generated_Source\PSoC4/RESET_FAULT_PM.c **** *
  39:.\Generated_Source\PSoC4/RESET_FAULT_PM.c **** *******************************************************************************/
  40:.\Generated_Source\PSoC4/RESET_FAULT_PM.c **** void RESET_FAULT_SaveConfig(void) 
  41:.\Generated_Source\PSoC4/RESET_FAULT_PM.c **** {
  26              		.loc 1 41 0
  27              		.cfi_startproc
  42:.\Generated_Source\PSoC4/RESET_FAULT_PM.c ****     RESET_FAULT_backup.controlState = RESET_FAULT_Control;
  28              		.loc 1 42 0
  29 0000 024B     		ldr	r3, .L2
  43:.\Generated_Source\PSoC4/RESET_FAULT_PM.c **** }
  30              		.loc 1 43 0
  31              		@ sp needed
  42:.\Generated_Source\PSoC4/RESET_FAULT_PM.c ****     RESET_FAULT_backup.controlState = RESET_FAULT_Control;
  32              		.loc 1 42 0
  33 0002 1A78     		ldrb	r2, [r3]
  34 0004 024B     		ldr	r3, .L2+4
  35 0006 1A70     		strb	r2, [r3]
  36              		.loc 1 43 0
  37 0008 7047     		bx	lr
  38              	.L3:
  39 000a C046     		.align	2
  40              	.L2:
  41 000c 72000F40 		.word	1074724978
  42 0010 00000000 		.word	.LANCHOR0
  43              		.cfi_endproc
  44              	.LFE0:
  45              		.size	RESET_FAULT_SaveConfig, .-RESET_FAULT_SaveConfig
  46              		.section	.text.RESET_FAULT_RestoreConfig,"ax",%progbits
  47              		.align	2
  48              		.global	RESET_FAULT_RestoreConfig
  49              		.code	16
  50              		.thumb_func
  51              		.type	RESET_FAULT_RestoreConfig, %function
  52              	RESET_FAULT_RestoreConfig:
  53              	.LFB1:
  44:.\Generated_Source\PSoC4/RESET_FAULT_PM.c **** 
  45:.\Generated_Source\PSoC4/RESET_FAULT_PM.c **** 
  46:.\Generated_Source\PSoC4/RESET_FAULT_PM.c **** /*******************************************************************************
  47:.\Generated_Source\PSoC4/RESET_FAULT_PM.c **** * Function Name: RESET_FAULT_RestoreConfig
  48:.\Generated_Source\PSoC4/RESET_FAULT_PM.c **** ********************************************************************************
  49:.\Generated_Source\PSoC4/RESET_FAULT_PM.c **** *
  50:.\Generated_Source\PSoC4/RESET_FAULT_PM.c **** * Summary:
  51:.\Generated_Source\PSoC4/RESET_FAULT_PM.c **** *  Restores the control register value.
  52:.\Generated_Source\PSoC4/RESET_FAULT_PM.c **** *
  53:.\Generated_Source\PSoC4/RESET_FAULT_PM.c **** * Parameters:
  54:.\Generated_Source\PSoC4/RESET_FAULT_PM.c **** *  None
  55:.\Generated_Source\PSoC4/RESET_FAULT_PM.c **** *
  56:.\Generated_Source\PSoC4/RESET_FAULT_PM.c **** * Return:
  57:.\Generated_Source\PSoC4/RESET_FAULT_PM.c **** *  None
  58:.\Generated_Source\PSoC4/RESET_FAULT_PM.c **** *
  59:.\Generated_Source\PSoC4/RESET_FAULT_PM.c **** *
  60:.\Generated_Source\PSoC4/RESET_FAULT_PM.c **** *******************************************************************************/
ARM GAS  C:\Users\g\AppData\Local\Temp\ccLGlPLf.s 			page 3


  61:.\Generated_Source\PSoC4/RESET_FAULT_PM.c **** void RESET_FAULT_RestoreConfig(void) 
  62:.\Generated_Source\PSoC4/RESET_FAULT_PM.c **** {
  54              		.loc 1 62 0
  55              		.cfi_startproc
  63:.\Generated_Source\PSoC4/RESET_FAULT_PM.c ****      RESET_FAULT_Control = RESET_FAULT_backup.controlState;
  56              		.loc 1 63 0
  57 0000 024B     		ldr	r3, .L5
  64:.\Generated_Source\PSoC4/RESET_FAULT_PM.c **** }
  58              		.loc 1 64 0
  59              		@ sp needed
  63:.\Generated_Source\PSoC4/RESET_FAULT_PM.c ****      RESET_FAULT_Control = RESET_FAULT_backup.controlState;
  60              		.loc 1 63 0
  61 0002 1A78     		ldrb	r2, [r3]
  62 0004 024B     		ldr	r3, .L5+4
  63 0006 1A70     		strb	r2, [r3]
  64              		.loc 1 64 0
  65 0008 7047     		bx	lr
  66              	.L6:
  67 000a C046     		.align	2
  68              	.L5:
  69 000c 00000000 		.word	.LANCHOR0
  70 0010 72000F40 		.word	1074724978
  71              		.cfi_endproc
  72              	.LFE1:
  73              		.size	RESET_FAULT_RestoreConfig, .-RESET_FAULT_RestoreConfig
  74              		.section	.text.RESET_FAULT_Sleep,"ax",%progbits
  75              		.align	2
  76              		.global	RESET_FAULT_Sleep
  77              		.code	16
  78              		.thumb_func
  79              		.type	RESET_FAULT_Sleep, %function
  80              	RESET_FAULT_Sleep:
  81              	.LFB2:
  65:.\Generated_Source\PSoC4/RESET_FAULT_PM.c **** 
  66:.\Generated_Source\PSoC4/RESET_FAULT_PM.c **** 
  67:.\Generated_Source\PSoC4/RESET_FAULT_PM.c **** /*******************************************************************************
  68:.\Generated_Source\PSoC4/RESET_FAULT_PM.c **** * Function Name: RESET_FAULT_Sleep
  69:.\Generated_Source\PSoC4/RESET_FAULT_PM.c **** ********************************************************************************
  70:.\Generated_Source\PSoC4/RESET_FAULT_PM.c **** *
  71:.\Generated_Source\PSoC4/RESET_FAULT_PM.c **** * Summary:
  72:.\Generated_Source\PSoC4/RESET_FAULT_PM.c **** *  Prepares the component for entering the low power mode.
  73:.\Generated_Source\PSoC4/RESET_FAULT_PM.c **** *
  74:.\Generated_Source\PSoC4/RESET_FAULT_PM.c **** * Parameters:
  75:.\Generated_Source\PSoC4/RESET_FAULT_PM.c **** *  None
  76:.\Generated_Source\PSoC4/RESET_FAULT_PM.c **** *
  77:.\Generated_Source\PSoC4/RESET_FAULT_PM.c **** * Return:
  78:.\Generated_Source\PSoC4/RESET_FAULT_PM.c **** *  None
  79:.\Generated_Source\PSoC4/RESET_FAULT_PM.c **** *
  80:.\Generated_Source\PSoC4/RESET_FAULT_PM.c **** *******************************************************************************/
  81:.\Generated_Source\PSoC4/RESET_FAULT_PM.c **** void RESET_FAULT_Sleep(void) 
  82:.\Generated_Source\PSoC4/RESET_FAULT_PM.c **** {
  82              		.loc 1 82 0
  83              		.cfi_startproc
  84              	.LBB6:
  85              	.LBB7:
  42:.\Generated_Source\PSoC4/RESET_FAULT_PM.c **** }
  86              		.loc 1 42 0
ARM GAS  C:\Users\g\AppData\Local\Temp\ccLGlPLf.s 			page 4


  87 0000 024B     		ldr	r3, .L8
  88              	.LBE7:
  89              	.LBE6:
  83:.\Generated_Source\PSoC4/RESET_FAULT_PM.c ****     RESET_FAULT_SaveConfig();
  84:.\Generated_Source\PSoC4/RESET_FAULT_PM.c **** }
  90              		.loc 1 84 0
  91              		@ sp needed
  92              	.LBB9:
  93              	.LBB8:
  42:.\Generated_Source\PSoC4/RESET_FAULT_PM.c **** }
  94              		.loc 1 42 0
  95 0002 1A78     		ldrb	r2, [r3]
  96 0004 024B     		ldr	r3, .L8+4
  97 0006 1A70     		strb	r2, [r3]
  98              	.LBE8:
  99              	.LBE9:
 100              		.loc 1 84 0
 101 0008 7047     		bx	lr
 102              	.L9:
 103 000a C046     		.align	2
 104              	.L8:
 105 000c 72000F40 		.word	1074724978
 106 0010 00000000 		.word	.LANCHOR0
 107              		.cfi_endproc
 108              	.LFE2:
 109              		.size	RESET_FAULT_Sleep, .-RESET_FAULT_Sleep
 110              		.section	.text.RESET_FAULT_Wakeup,"ax",%progbits
 111              		.align	2
 112              		.global	RESET_FAULT_Wakeup
 113              		.code	16
 114              		.thumb_func
 115              		.type	RESET_FAULT_Wakeup, %function
 116              	RESET_FAULT_Wakeup:
 117              	.LFB3:
  85:.\Generated_Source\PSoC4/RESET_FAULT_PM.c **** 
  86:.\Generated_Source\PSoC4/RESET_FAULT_PM.c **** 
  87:.\Generated_Source\PSoC4/RESET_FAULT_PM.c **** /*******************************************************************************
  88:.\Generated_Source\PSoC4/RESET_FAULT_PM.c **** * Function Name: RESET_FAULT_Wakeup
  89:.\Generated_Source\PSoC4/RESET_FAULT_PM.c **** ********************************************************************************
  90:.\Generated_Source\PSoC4/RESET_FAULT_PM.c **** *
  91:.\Generated_Source\PSoC4/RESET_FAULT_PM.c **** * Summary:
  92:.\Generated_Source\PSoC4/RESET_FAULT_PM.c **** *  Restores the component after waking up from the low power mode.
  93:.\Generated_Source\PSoC4/RESET_FAULT_PM.c **** *
  94:.\Generated_Source\PSoC4/RESET_FAULT_PM.c **** * Parameters:
  95:.\Generated_Source\PSoC4/RESET_FAULT_PM.c **** *  None
  96:.\Generated_Source\PSoC4/RESET_FAULT_PM.c **** *
  97:.\Generated_Source\PSoC4/RESET_FAULT_PM.c **** * Return:
  98:.\Generated_Source\PSoC4/RESET_FAULT_PM.c **** *  None
  99:.\Generated_Source\PSoC4/RESET_FAULT_PM.c **** *
 100:.\Generated_Source\PSoC4/RESET_FAULT_PM.c **** *******************************************************************************/
 101:.\Generated_Source\PSoC4/RESET_FAULT_PM.c **** void RESET_FAULT_Wakeup(void)  
 102:.\Generated_Source\PSoC4/RESET_FAULT_PM.c **** {
 118              		.loc 1 102 0
 119              		.cfi_startproc
 120              	.LBB10:
 121              	.LBB11:
  63:.\Generated_Source\PSoC4/RESET_FAULT_PM.c **** }
ARM GAS  C:\Users\g\AppData\Local\Temp\ccLGlPLf.s 			page 5


 122              		.loc 1 63 0
 123 0000 024B     		ldr	r3, .L11
 124              	.LBE11:
 125              	.LBE10:
 103:.\Generated_Source\PSoC4/RESET_FAULT_PM.c ****     RESET_FAULT_RestoreConfig();
 104:.\Generated_Source\PSoC4/RESET_FAULT_PM.c **** }
 126              		.loc 1 104 0
 127              		@ sp needed
 128              	.LBB13:
 129              	.LBB12:
  63:.\Generated_Source\PSoC4/RESET_FAULT_PM.c **** }
 130              		.loc 1 63 0
 131 0002 1A78     		ldrb	r2, [r3]
 132 0004 024B     		ldr	r3, .L11+4
 133 0006 1A70     		strb	r2, [r3]
 134              	.LBE12:
 135              	.LBE13:
 136              		.loc 1 104 0
 137 0008 7047     		bx	lr
 138              	.L12:
 139 000a C046     		.align	2
 140              	.L11:
 141 000c 00000000 		.word	.LANCHOR0
 142 0010 72000F40 		.word	1074724978
 143              		.cfi_endproc
 144              	.LFE3:
 145              		.size	RESET_FAULT_Wakeup, .-RESET_FAULT_Wakeup
 146              		.bss
 147              		.align	2
 148              		.set	.LANCHOR0,. + 0
 149              		.type	RESET_FAULT_backup, %object
 150              		.size	RESET_FAULT_backup, 1
 151              	RESET_FAULT_backup:
 152 0000 00       		.space	1
 153 0001 000000   		.text
 154              	.Letext0:
 155              		.file 2 ".\\Generated_Source\\PSoC4\\cytypes.h"
 156              		.file 3 ".\\Generated_Source\\PSoC4\\RESET_FAULT.h"
 157              		.section	.debug_info,"",%progbits
 158              	.Ldebug_info0:
 159 0000 43010000 		.4byte	0x143
 160 0004 0400     		.2byte	0x4
 161 0006 00000000 		.4byte	.Ldebug_abbrev0
 162 000a 04       		.byte	0x4
 163 000b 01       		.uleb128 0x1
 164 000c 76010000 		.4byte	.LASF19
 165 0010 01       		.byte	0x1
 166 0011 A3000000 		.4byte	.LASF20
 167 0015 DA000000 		.4byte	.LASF21
 168 0019 30000000 		.4byte	.Ldebug_ranges0+0x30
 169 001d 00000000 		.4byte	0
 170 0021 00000000 		.4byte	.Ldebug_line0
 171 0025 02       		.uleb128 0x2
 172 0026 01       		.byte	0x1
 173 0027 06       		.byte	0x6
 174 0028 0D020000 		.4byte	.LASF0
 175 002c 02       		.uleb128 0x2
ARM GAS  C:\Users\g\AppData\Local\Temp\ccLGlPLf.s 			page 6


 176 002d 01       		.byte	0x1
 177 002e 08       		.byte	0x8
 178 002f 6B000000 		.4byte	.LASF1
 179 0033 02       		.uleb128 0x2
 180 0034 02       		.byte	0x2
 181 0035 05       		.byte	0x5
 182 0036 5D010000 		.4byte	.LASF2
 183 003a 02       		.uleb128 0x2
 184 003b 02       		.byte	0x2
 185 003c 07       		.byte	0x7
 186 003d 90000000 		.4byte	.LASF3
 187 0041 02       		.uleb128 0x2
 188 0042 04       		.byte	0x4
 189 0043 05       		.byte	0x5
 190 0044 6D010000 		.4byte	.LASF4
 191 0048 02       		.uleb128 0x2
 192 0049 04       		.byte	0x4
 193 004a 07       		.byte	0x7
 194 004b 7E000000 		.4byte	.LASF5
 195 004f 02       		.uleb128 0x2
 196 0050 08       		.byte	0x8
 197 0051 05       		.byte	0x5
 198 0052 38010000 		.4byte	.LASF6
 199 0056 02       		.uleb128 0x2
 200 0057 08       		.byte	0x8
 201 0058 07       		.byte	0x7
 202 0059 0E010000 		.4byte	.LASF7
 203 005d 03       		.uleb128 0x3
 204 005e 04       		.byte	0x4
 205 005f 05       		.byte	0x5
 206 0060 696E7400 		.ascii	"int\000"
 207 0064 02       		.uleb128 0x2
 208 0065 04       		.byte	0x4
 209 0066 07       		.byte	0x7
 210 0067 01010000 		.4byte	.LASF8
 211 006b 04       		.uleb128 0x4
 212 006c 67010000 		.4byte	.LASF12
 213 0070 02       		.byte	0x2
 214 0071 9801     		.2byte	0x198
 215 0073 2C000000 		.4byte	0x2c
 216 0077 02       		.uleb128 0x2
 217 0078 04       		.byte	0x4
 218 0079 04       		.byte	0x4
 219 007a 52000000 		.4byte	.LASF9
 220 007e 02       		.uleb128 0x2
 221 007f 08       		.byte	0x8
 222 0080 04       		.byte	0x4
 223 0081 4B000000 		.4byte	.LASF10
 224 0085 02       		.uleb128 0x2
 225 0086 01       		.byte	0x1
 226 0087 08       		.byte	0x8
 227 0088 46010000 		.4byte	.LASF11
 228 008c 04       		.uleb128 0x4
 229 008d 79000000 		.4byte	.LASF13
 230 0091 02       		.byte	0x2
 231 0092 4202     		.2byte	0x242
 232 0094 98000000 		.4byte	0x98
ARM GAS  C:\Users\g\AppData\Local\Temp\ccLGlPLf.s 			page 7


 233 0098 05       		.uleb128 0x5
 234 0099 6B000000 		.4byte	0x6b
 235 009d 06       		.uleb128 0x6
 236 009e 01       		.byte	0x1
 237 009f 03       		.byte	0x3
 238 00a0 1C       		.byte	0x1c
 239 00a1 B2000000 		.4byte	0xb2
 240 00a5 07       		.uleb128 0x7
 241 00a6 CD000000 		.4byte	.LASF22
 242 00aa 03       		.byte	0x3
 243 00ab 1E       		.byte	0x1e
 244 00ac 6B000000 		.4byte	0x6b
 245 00b0 00       		.byte	0
 246 00b1 00       		.byte	0
 247 00b2 08       		.uleb128 0x8
 248 00b3 17000000 		.4byte	.LASF14
 249 00b7 03       		.byte	0x3
 250 00b8 20       		.byte	0x20
 251 00b9 9D000000 		.4byte	0x9d
 252 00bd 09       		.uleb128 0x9
 253 00be 00000000 		.4byte	.LASF15
 254 00c2 01       		.byte	0x1
 255 00c3 28       		.byte	0x28
 256 00c4 01       		.byte	0x1
 257 00c5 09       		.uleb128 0x9
 258 00c6 31000000 		.4byte	.LASF16
 259 00ca 01       		.byte	0x1
 260 00cb 3D       		.byte	0x3d
 261 00cc 01       		.byte	0x1
 262 00cd 0A       		.uleb128 0xa
 263 00ce BD000000 		.4byte	0xbd
 264 00d2 00000000 		.4byte	.LFB0
 265 00d6 14000000 		.4byte	.LFE0-.LFB0
 266 00da 01       		.uleb128 0x1
 267 00db 9C       		.byte	0x9c
 268 00dc 0A       		.uleb128 0xa
 269 00dd C5000000 		.4byte	0xc5
 270 00e1 00000000 		.4byte	.LFB1
 271 00e5 14000000 		.4byte	.LFE1-.LFB1
 272 00e9 01       		.uleb128 0x1
 273 00ea 9C       		.byte	0x9c
 274 00eb 0B       		.uleb128 0xb
 275 00ec 4B010000 		.4byte	.LASF17
 276 00f0 01       		.byte	0x1
 277 00f1 51       		.byte	0x51
 278 00f2 00000000 		.4byte	.LFB2
 279 00f6 14000000 		.4byte	.LFE2-.LFB2
 280 00fa 01       		.uleb128 0x1
 281 00fb 9C       		.byte	0x9c
 282 00fc 10010000 		.4byte	0x110
 283 0100 0C       		.uleb128 0xc
 284 0101 BD000000 		.4byte	0xbd
 285 0105 00000000 		.4byte	.LBB6
 286 0109 00000000 		.4byte	.Ldebug_ranges0+0
 287 010d 01       		.byte	0x1
 288 010e 53       		.byte	0x53
 289 010f 00       		.byte	0
ARM GAS  C:\Users\g\AppData\Local\Temp\ccLGlPLf.s 			page 8


 290 0110 0B       		.uleb128 0xb
 291 0111 25010000 		.4byte	.LASF18
 292 0115 01       		.byte	0x1
 293 0116 65       		.byte	0x65
 294 0117 00000000 		.4byte	.LFB3
 295 011b 14000000 		.4byte	.LFE3-.LFB3
 296 011f 01       		.uleb128 0x1
 297 0120 9C       		.byte	0x9c
 298 0121 35010000 		.4byte	0x135
 299 0125 0C       		.uleb128 0xc
 300 0126 C5000000 		.4byte	0xc5
 301 012a 00000000 		.4byte	.LBB10
 302 012e 18000000 		.4byte	.Ldebug_ranges0+0x18
 303 0132 01       		.byte	0x1
 304 0133 67       		.byte	0x67
 305 0134 00       		.byte	0
 306 0135 0D       		.uleb128 0xd
 307 0136 58000000 		.4byte	.LASF23
 308 013a 01       		.byte	0x1
 309 013b 17       		.byte	0x17
 310 013c B2000000 		.4byte	0xb2
 311 0140 05       		.uleb128 0x5
 312 0141 03       		.byte	0x3
 313 0142 00000000 		.4byte	RESET_FAULT_backup
 314 0146 00       		.byte	0
 315              		.section	.debug_abbrev,"",%progbits
 316              	.Ldebug_abbrev0:
 317 0000 01       		.uleb128 0x1
 318 0001 11       		.uleb128 0x11
 319 0002 01       		.byte	0x1
 320 0003 25       		.uleb128 0x25
 321 0004 0E       		.uleb128 0xe
 322 0005 13       		.uleb128 0x13
 323 0006 0B       		.uleb128 0xb
 324 0007 03       		.uleb128 0x3
 325 0008 0E       		.uleb128 0xe
 326 0009 1B       		.uleb128 0x1b
 327 000a 0E       		.uleb128 0xe
 328 000b 55       		.uleb128 0x55
 329 000c 17       		.uleb128 0x17
 330 000d 11       		.uleb128 0x11
 331 000e 01       		.uleb128 0x1
 332 000f 10       		.uleb128 0x10
 333 0010 17       		.uleb128 0x17
 334 0011 00       		.byte	0
 335 0012 00       		.byte	0
 336 0013 02       		.uleb128 0x2
 337 0014 24       		.uleb128 0x24
 338 0015 00       		.byte	0
 339 0016 0B       		.uleb128 0xb
 340 0017 0B       		.uleb128 0xb
 341 0018 3E       		.uleb128 0x3e
 342 0019 0B       		.uleb128 0xb
 343 001a 03       		.uleb128 0x3
 344 001b 0E       		.uleb128 0xe
 345 001c 00       		.byte	0
 346 001d 00       		.byte	0
ARM GAS  C:\Users\g\AppData\Local\Temp\ccLGlPLf.s 			page 9


 347 001e 03       		.uleb128 0x3
 348 001f 24       		.uleb128 0x24
 349 0020 00       		.byte	0
 350 0021 0B       		.uleb128 0xb
 351 0022 0B       		.uleb128 0xb
 352 0023 3E       		.uleb128 0x3e
 353 0024 0B       		.uleb128 0xb
 354 0025 03       		.uleb128 0x3
 355 0026 08       		.uleb128 0x8
 356 0027 00       		.byte	0
 357 0028 00       		.byte	0
 358 0029 04       		.uleb128 0x4
 359 002a 16       		.uleb128 0x16
 360 002b 00       		.byte	0
 361 002c 03       		.uleb128 0x3
 362 002d 0E       		.uleb128 0xe
 363 002e 3A       		.uleb128 0x3a
 364 002f 0B       		.uleb128 0xb
 365 0030 3B       		.uleb128 0x3b
 366 0031 05       		.uleb128 0x5
 367 0032 49       		.uleb128 0x49
 368 0033 13       		.uleb128 0x13
 369 0034 00       		.byte	0
 370 0035 00       		.byte	0
 371 0036 05       		.uleb128 0x5
 372 0037 35       		.uleb128 0x35
 373 0038 00       		.byte	0
 374 0039 49       		.uleb128 0x49
 375 003a 13       		.uleb128 0x13
 376 003b 00       		.byte	0
 377 003c 00       		.byte	0
 378 003d 06       		.uleb128 0x6
 379 003e 13       		.uleb128 0x13
 380 003f 01       		.byte	0x1
 381 0040 0B       		.uleb128 0xb
 382 0041 0B       		.uleb128 0xb
 383 0042 3A       		.uleb128 0x3a
 384 0043 0B       		.uleb128 0xb
 385 0044 3B       		.uleb128 0x3b
 386 0045 0B       		.uleb128 0xb
 387 0046 01       		.uleb128 0x1
 388 0047 13       		.uleb128 0x13
 389 0048 00       		.byte	0
 390 0049 00       		.byte	0
 391 004a 07       		.uleb128 0x7
 392 004b 0D       		.uleb128 0xd
 393 004c 00       		.byte	0
 394 004d 03       		.uleb128 0x3
 395 004e 0E       		.uleb128 0xe
 396 004f 3A       		.uleb128 0x3a
 397 0050 0B       		.uleb128 0xb
 398 0051 3B       		.uleb128 0x3b
 399 0052 0B       		.uleb128 0xb
 400 0053 49       		.uleb128 0x49
 401 0054 13       		.uleb128 0x13
 402 0055 38       		.uleb128 0x38
 403 0056 0B       		.uleb128 0xb
ARM GAS  C:\Users\g\AppData\Local\Temp\ccLGlPLf.s 			page 10


 404 0057 00       		.byte	0
 405 0058 00       		.byte	0
 406 0059 08       		.uleb128 0x8
 407 005a 16       		.uleb128 0x16
 408 005b 00       		.byte	0
 409 005c 03       		.uleb128 0x3
 410 005d 0E       		.uleb128 0xe
 411 005e 3A       		.uleb128 0x3a
 412 005f 0B       		.uleb128 0xb
 413 0060 3B       		.uleb128 0x3b
 414 0061 0B       		.uleb128 0xb
 415 0062 49       		.uleb128 0x49
 416 0063 13       		.uleb128 0x13
 417 0064 00       		.byte	0
 418 0065 00       		.byte	0
 419 0066 09       		.uleb128 0x9
 420 0067 2E       		.uleb128 0x2e
 421 0068 00       		.byte	0
 422 0069 3F       		.uleb128 0x3f
 423 006a 19       		.uleb128 0x19
 424 006b 03       		.uleb128 0x3
 425 006c 0E       		.uleb128 0xe
 426 006d 3A       		.uleb128 0x3a
 427 006e 0B       		.uleb128 0xb
 428 006f 3B       		.uleb128 0x3b
 429 0070 0B       		.uleb128 0xb
 430 0071 27       		.uleb128 0x27
 431 0072 19       		.uleb128 0x19
 432 0073 20       		.uleb128 0x20
 433 0074 0B       		.uleb128 0xb
 434 0075 00       		.byte	0
 435 0076 00       		.byte	0
 436 0077 0A       		.uleb128 0xa
 437 0078 2E       		.uleb128 0x2e
 438 0079 00       		.byte	0
 439 007a 31       		.uleb128 0x31
 440 007b 13       		.uleb128 0x13
 441 007c 11       		.uleb128 0x11
 442 007d 01       		.uleb128 0x1
 443 007e 12       		.uleb128 0x12
 444 007f 06       		.uleb128 0x6
 445 0080 40       		.uleb128 0x40
 446 0081 18       		.uleb128 0x18
 447 0082 9742     		.uleb128 0x2117
 448 0084 19       		.uleb128 0x19
 449 0085 00       		.byte	0
 450 0086 00       		.byte	0
 451 0087 0B       		.uleb128 0xb
 452 0088 2E       		.uleb128 0x2e
 453 0089 01       		.byte	0x1
 454 008a 3F       		.uleb128 0x3f
 455 008b 19       		.uleb128 0x19
 456 008c 03       		.uleb128 0x3
 457 008d 0E       		.uleb128 0xe
 458 008e 3A       		.uleb128 0x3a
 459 008f 0B       		.uleb128 0xb
 460 0090 3B       		.uleb128 0x3b
ARM GAS  C:\Users\g\AppData\Local\Temp\ccLGlPLf.s 			page 11


 461 0091 0B       		.uleb128 0xb
 462 0092 27       		.uleb128 0x27
 463 0093 19       		.uleb128 0x19
 464 0094 11       		.uleb128 0x11
 465 0095 01       		.uleb128 0x1
 466 0096 12       		.uleb128 0x12
 467 0097 06       		.uleb128 0x6
 468 0098 40       		.uleb128 0x40
 469 0099 18       		.uleb128 0x18
 470 009a 9742     		.uleb128 0x2117
 471 009c 19       		.uleb128 0x19
 472 009d 01       		.uleb128 0x1
 473 009e 13       		.uleb128 0x13
 474 009f 00       		.byte	0
 475 00a0 00       		.byte	0
 476 00a1 0C       		.uleb128 0xc
 477 00a2 1D       		.uleb128 0x1d
 478 00a3 00       		.byte	0
 479 00a4 31       		.uleb128 0x31
 480 00a5 13       		.uleb128 0x13
 481 00a6 52       		.uleb128 0x52
 482 00a7 01       		.uleb128 0x1
 483 00a8 55       		.uleb128 0x55
 484 00a9 17       		.uleb128 0x17
 485 00aa 58       		.uleb128 0x58
 486 00ab 0B       		.uleb128 0xb
 487 00ac 59       		.uleb128 0x59
 488 00ad 0B       		.uleb128 0xb
 489 00ae 00       		.byte	0
 490 00af 00       		.byte	0
 491 00b0 0D       		.uleb128 0xd
 492 00b1 34       		.uleb128 0x34
 493 00b2 00       		.byte	0
 494 00b3 03       		.uleb128 0x3
 495 00b4 0E       		.uleb128 0xe
 496 00b5 3A       		.uleb128 0x3a
 497 00b6 0B       		.uleb128 0xb
 498 00b7 3B       		.uleb128 0x3b
 499 00b8 0B       		.uleb128 0xb
 500 00b9 49       		.uleb128 0x49
 501 00ba 13       		.uleb128 0x13
 502 00bb 02       		.uleb128 0x2
 503 00bc 18       		.uleb128 0x18
 504 00bd 00       		.byte	0
 505 00be 00       		.byte	0
 506 00bf 00       		.byte	0
 507              		.section	.debug_aranges,"",%progbits
 508 0000 34000000 		.4byte	0x34
 509 0004 0200     		.2byte	0x2
 510 0006 00000000 		.4byte	.Ldebug_info0
 511 000a 04       		.byte	0x4
 512 000b 00       		.byte	0
 513 000c 0000     		.2byte	0
 514 000e 0000     		.2byte	0
 515 0010 00000000 		.4byte	.LFB0
 516 0014 14000000 		.4byte	.LFE0-.LFB0
 517 0018 00000000 		.4byte	.LFB1
ARM GAS  C:\Users\g\AppData\Local\Temp\ccLGlPLf.s 			page 12


 518 001c 14000000 		.4byte	.LFE1-.LFB1
 519 0020 00000000 		.4byte	.LFB2
 520 0024 14000000 		.4byte	.LFE2-.LFB2
 521 0028 00000000 		.4byte	.LFB3
 522 002c 14000000 		.4byte	.LFE3-.LFB3
 523 0030 00000000 		.4byte	0
 524 0034 00000000 		.4byte	0
 525              		.section	.debug_ranges,"",%progbits
 526              	.Ldebug_ranges0:
 527 0000 00000000 		.4byte	.LBB6
 528 0004 02000000 		.4byte	.LBE6
 529 0008 02000000 		.4byte	.LBB9
 530 000c 08000000 		.4byte	.LBE9
 531 0010 00000000 		.4byte	0
 532 0014 00000000 		.4byte	0
 533 0018 00000000 		.4byte	.LBB10
 534 001c 02000000 		.4byte	.LBE10
 535 0020 02000000 		.4byte	.LBB13
 536 0024 08000000 		.4byte	.LBE13
 537 0028 00000000 		.4byte	0
 538 002c 00000000 		.4byte	0
 539 0030 00000000 		.4byte	.LFB0
 540 0034 14000000 		.4byte	.LFE0
 541 0038 00000000 		.4byte	.LFB1
 542 003c 14000000 		.4byte	.LFE1
 543 0040 00000000 		.4byte	.LFB2
 544 0044 14000000 		.4byte	.LFE2
 545 0048 00000000 		.4byte	.LFB3
 546 004c 14000000 		.4byte	.LFE3
 547 0050 00000000 		.4byte	0
 548 0054 00000000 		.4byte	0
 549              		.section	.debug_line,"",%progbits
 550              	.Ldebug_line0:
 551 0000 C2000000 		.section	.debug_str,"MS",%progbits,1
 551      02005E00 
 551      00000201 
 551      FB0E0D00 
 551      01010101 
 552              	.LASF15:
 553 0000 52455345 		.ascii	"RESET_FAULT_SaveConfig\000"
 553      545F4641 
 553      554C545F 
 553      53617665 
 553      436F6E66 
 554              	.LASF14:
 555 0017 52455345 		.ascii	"RESET_FAULT_BACKUP_STRUCT\000"
 555      545F4641 
 555      554C545F 
 555      4241434B 
 555      55505F53 
 556              	.LASF16:
 557 0031 52455345 		.ascii	"RESET_FAULT_RestoreConfig\000"
 557      545F4641 
 557      554C545F 
 557      52657374 
 557      6F726543 
 558              	.LASF10:
ARM GAS  C:\Users\g\AppData\Local\Temp\ccLGlPLf.s 			page 13


 559 004b 646F7562 		.ascii	"double\000"
 559      6C6500
 560              	.LASF9:
 561 0052 666C6F61 		.ascii	"float\000"
 561      7400
 562              	.LASF23:
 563 0058 52455345 		.ascii	"RESET_FAULT_backup\000"
 563      545F4641 
 563      554C545F 
 563      6261636B 
 563      757000
 564              	.LASF1:
 565 006b 756E7369 		.ascii	"unsigned char\000"
 565      676E6564 
 565      20636861 
 565      7200
 566              	.LASF13:
 567 0079 72656738 		.ascii	"reg8\000"
 567      00
 568              	.LASF5:
 569 007e 6C6F6E67 		.ascii	"long unsigned int\000"
 569      20756E73 
 569      69676E65 
 569      6420696E 
 569      7400
 570              	.LASF3:
 571 0090 73686F72 		.ascii	"short unsigned int\000"
 571      7420756E 
 571      7369676E 
 571      65642069 
 571      6E7400
 572              	.LASF20:
 573 00a3 2E5C4765 		.ascii	".\\Generated_Source\\PSoC4\\RESET_FAULT_PM.c\000"
 573      6E657261 
 573      7465645F 
 573      536F7572 
 573      63655C50 
 574              	.LASF22:
 575 00cd 636F6E74 		.ascii	"controlState\000"
 575      726F6C53 
 575      74617465 
 575      00
 576              	.LASF21:
 577 00da 443A5C63 		.ascii	"D:\\code\\cypress\\controllers\\dcsd.cydsn\000"
 577      6F64655C 
 577      63797072 
 577      6573735C 
 577      636F6E74 
 578              	.LASF8:
 579 0101 756E7369 		.ascii	"unsigned int\000"
 579      676E6564 
 579      20696E74 
 579      00
 580              	.LASF7:
 581 010e 6C6F6E67 		.ascii	"long long unsigned int\000"
 581      206C6F6E 
 581      6720756E 
ARM GAS  C:\Users\g\AppData\Local\Temp\ccLGlPLf.s 			page 14


 581      7369676E 
 581      65642069 
 582              	.LASF18:
 583 0125 52455345 		.ascii	"RESET_FAULT_Wakeup\000"
 583      545F4641 
 583      554C545F 
 583      57616B65 
 583      757000
 584              	.LASF6:
 585 0138 6C6F6E67 		.ascii	"long long int\000"
 585      206C6F6E 
 585      6720696E 
 585      7400
 586              	.LASF11:
 587 0146 63686172 		.ascii	"char\000"
 587      00
 588              	.LASF17:
 589 014b 52455345 		.ascii	"RESET_FAULT_Sleep\000"
 589      545F4641 
 589      554C545F 
 589      536C6565 
 589      7000
 590              	.LASF2:
 591 015d 73686F72 		.ascii	"short int\000"
 591      7420696E 
 591      7400
 592              	.LASF12:
 593 0167 75696E74 		.ascii	"uint8\000"
 593      3800
 594              	.LASF4:
 595 016d 6C6F6E67 		.ascii	"long int\000"
 595      20696E74 
 595      00
 596              	.LASF19:
 597 0176 474E5520 		.ascii	"GNU C 4.9.3 20150303 (release) [ARM/embedded-4_9-br"
 597      4320342E 
 597      392E3320 
 597      32303135 
 597      30333033 
 598 01a9 616E6368 		.ascii	"anch revision 221220] -mcpu=cortex-m0 -mthumb -g -O"
 598      20726576 
 598      6973696F 
 598      6E203232 
 598      31323230 
 599 01dc 32202D73 		.ascii	"2 -std=c99 -ffunction-sections -ffat-lto-objects\000"
 599      74643D63 
 599      3939202D 
 599      6666756E 
 599      6374696F 
 600              	.LASF0:
 601 020d 7369676E 		.ascii	"signed char\000"
 601      65642063 
 601      68617200 
 602              		.ident	"GCC: (GNU Tools for ARM Embedded Processors) 4.9.3 20150303 (release) [ARM/embedded-4_9-br
