ARM GAS  C:\Users\g\AppData\Local\Temp\ccVuRnsD.s 			page 1


   1              		.cpu cortex-m0
   2              		.fpu softvfp
   3              		.eabi_attribute 20, 1
   4              		.eabi_attribute 21, 1
   5              		.eabi_attribute 23, 3
   6              		.eabi_attribute 24, 1
   7              		.eabi_attribute 25, 1
   8              		.eabi_attribute 26, 1
   9              		.eabi_attribute 30, 2
  10              		.eabi_attribute 34, 0
  11              		.eabi_attribute 18, 4
  12              		.code	16
  13              		.file	"rxISR.c"
  14              		.text
  15              	.Ltext0:
  16              		.cfi_sections	.debug_frame
  17              		.section	.text.rxISR_Interrupt,"ax",%progbits
  18              		.align	2
  19              		.global	rxISR_Interrupt
  20              		.code	16
  21              		.thumb_func
  22              		.type	rxISR_Interrupt, %function
  23              	rxISR_Interrupt:
  24              	.LFB3:
  25              		.file 1 "Generated_Source\\PSoC4\\rxISR.c"
   1:Generated_Source\PSoC4/rxISR.c **** /*******************************************************************************
   2:Generated_Source\PSoC4/rxISR.c **** * File Name: rxISR.c  
   3:Generated_Source\PSoC4/rxISR.c **** * Version 1.70
   4:Generated_Source\PSoC4/rxISR.c **** *
   5:Generated_Source\PSoC4/rxISR.c **** *  Description:
   6:Generated_Source\PSoC4/rxISR.c **** *   API for controlling the state of an interrupt.
   7:Generated_Source\PSoC4/rxISR.c **** *
   8:Generated_Source\PSoC4/rxISR.c **** *
   9:Generated_Source\PSoC4/rxISR.c **** *  Note:
  10:Generated_Source\PSoC4/rxISR.c **** *
  11:Generated_Source\PSoC4/rxISR.c **** ********************************************************************************
  12:Generated_Source\PSoC4/rxISR.c **** * Copyright 2008-2015, Cypress Semiconductor Corporation.  All rights reserved.
  13:Generated_Source\PSoC4/rxISR.c **** * You may use this file only in accordance with the license, terms, conditions, 
  14:Generated_Source\PSoC4/rxISR.c **** * disclaimers, and limitations in the end user license agreement accompanying 
  15:Generated_Source\PSoC4/rxISR.c **** * the software package with which this file was provided.
  16:Generated_Source\PSoC4/rxISR.c **** *******************************************************************************/
  17:Generated_Source\PSoC4/rxISR.c **** 
  18:Generated_Source\PSoC4/rxISR.c **** 
  19:Generated_Source\PSoC4/rxISR.c **** #include <cydevice_trm.h>
  20:Generated_Source\PSoC4/rxISR.c **** #include <CyLib.h>
  21:Generated_Source\PSoC4/rxISR.c **** #include <rxISR.h>
  22:Generated_Source\PSoC4/rxISR.c **** #include "cyapicallbacks.h"
  23:Generated_Source\PSoC4/rxISR.c **** 
  24:Generated_Source\PSoC4/rxISR.c **** #if !defined(rxISR__REMOVED) /* Check for removal by optimization */
  25:Generated_Source\PSoC4/rxISR.c **** 
  26:Generated_Source\PSoC4/rxISR.c **** /*******************************************************************************
  27:Generated_Source\PSoC4/rxISR.c **** *  Place your includes, defines and code here 
  28:Generated_Source\PSoC4/rxISR.c **** ********************************************************************************/
  29:Generated_Source\PSoC4/rxISR.c **** /* `#START rxISR_intc` */
  30:Generated_Source\PSoC4/rxISR.c **** 
  31:Generated_Source\PSoC4/rxISR.c **** /* `#END` */
  32:Generated_Source\PSoC4/rxISR.c **** 
ARM GAS  C:\Users\g\AppData\Local\Temp\ccVuRnsD.s 			page 2


  33:Generated_Source\PSoC4/rxISR.c **** extern cyisraddress CyRamVectors[CYINT_IRQ_BASE + CY_NUM_INTERRUPTS];
  34:Generated_Source\PSoC4/rxISR.c **** 
  35:Generated_Source\PSoC4/rxISR.c **** /* Declared in startup, used to set unused interrupts to. */
  36:Generated_Source\PSoC4/rxISR.c **** CY_ISR_PROTO(IntDefaultHandler);
  37:Generated_Source\PSoC4/rxISR.c **** 
  38:Generated_Source\PSoC4/rxISR.c **** 
  39:Generated_Source\PSoC4/rxISR.c **** /*******************************************************************************
  40:Generated_Source\PSoC4/rxISR.c **** * Function Name: rxISR_Start
  41:Generated_Source\PSoC4/rxISR.c **** ********************************************************************************
  42:Generated_Source\PSoC4/rxISR.c **** *
  43:Generated_Source\PSoC4/rxISR.c **** * Summary:
  44:Generated_Source\PSoC4/rxISR.c **** *  Set up the interrupt and enable it. This function disables the interrupt, 
  45:Generated_Source\PSoC4/rxISR.c **** *  sets the default interrupt vector, sets the priority from the value in the
  46:Generated_Source\PSoC4/rxISR.c **** *  Design Wide Resources Interrupt Editor, then enables the interrupt to the 
  47:Generated_Source\PSoC4/rxISR.c **** *  interrupt controller.
  48:Generated_Source\PSoC4/rxISR.c **** *
  49:Generated_Source\PSoC4/rxISR.c **** * Parameters:  
  50:Generated_Source\PSoC4/rxISR.c **** *   None
  51:Generated_Source\PSoC4/rxISR.c **** *
  52:Generated_Source\PSoC4/rxISR.c **** * Return:
  53:Generated_Source\PSoC4/rxISR.c **** *   None
  54:Generated_Source\PSoC4/rxISR.c **** *
  55:Generated_Source\PSoC4/rxISR.c **** *******************************************************************************/
  56:Generated_Source\PSoC4/rxISR.c **** void rxISR_Start(void)
  57:Generated_Source\PSoC4/rxISR.c **** {
  58:Generated_Source\PSoC4/rxISR.c ****     /* For all we know the interrupt is active. */
  59:Generated_Source\PSoC4/rxISR.c ****     rxISR_Disable();
  60:Generated_Source\PSoC4/rxISR.c **** 
  61:Generated_Source\PSoC4/rxISR.c ****     /* Set the ISR to point to the rxISR Interrupt. */
  62:Generated_Source\PSoC4/rxISR.c ****     rxISR_SetVector(&rxISR_Interrupt);
  63:Generated_Source\PSoC4/rxISR.c **** 
  64:Generated_Source\PSoC4/rxISR.c ****     /* Set the priority. */
  65:Generated_Source\PSoC4/rxISR.c ****     rxISR_SetPriority((uint8)rxISR_INTC_PRIOR_NUMBER);
  66:Generated_Source\PSoC4/rxISR.c **** 
  67:Generated_Source\PSoC4/rxISR.c ****     /* Enable it. */
  68:Generated_Source\PSoC4/rxISR.c ****     rxISR_Enable();
  69:Generated_Source\PSoC4/rxISR.c **** }
  70:Generated_Source\PSoC4/rxISR.c **** 
  71:Generated_Source\PSoC4/rxISR.c **** 
  72:Generated_Source\PSoC4/rxISR.c **** /*******************************************************************************
  73:Generated_Source\PSoC4/rxISR.c **** * Function Name: rxISR_StartEx
  74:Generated_Source\PSoC4/rxISR.c **** ********************************************************************************
  75:Generated_Source\PSoC4/rxISR.c **** *
  76:Generated_Source\PSoC4/rxISR.c **** * Summary:
  77:Generated_Source\PSoC4/rxISR.c **** *  Sets up the interrupt and enables it. This function disables the interrupt,
  78:Generated_Source\PSoC4/rxISR.c **** *  sets the interrupt vector based on the address passed in, sets the priority 
  79:Generated_Source\PSoC4/rxISR.c **** *  from the value in the Design Wide Resources Interrupt Editor, then enables 
  80:Generated_Source\PSoC4/rxISR.c **** *  the interrupt to the interrupt controller.
  81:Generated_Source\PSoC4/rxISR.c **** *  
  82:Generated_Source\PSoC4/rxISR.c **** *  When defining ISR functions, the CY_ISR and CY_ISR_PROTO macros should be 
  83:Generated_Source\PSoC4/rxISR.c **** *  used to provide consistent definition across compilers:
  84:Generated_Source\PSoC4/rxISR.c **** *  
  85:Generated_Source\PSoC4/rxISR.c **** *  Function definition example:
  86:Generated_Source\PSoC4/rxISR.c **** *   CY_ISR(MyISR)
  87:Generated_Source\PSoC4/rxISR.c **** *   {
  88:Generated_Source\PSoC4/rxISR.c **** *   }
  89:Generated_Source\PSoC4/rxISR.c **** *   Function prototype example:
ARM GAS  C:\Users\g\AppData\Local\Temp\ccVuRnsD.s 			page 3


  90:Generated_Source\PSoC4/rxISR.c **** *   CY_ISR_PROTO(MyISR);
  91:Generated_Source\PSoC4/rxISR.c **** *
  92:Generated_Source\PSoC4/rxISR.c **** * Parameters:  
  93:Generated_Source\PSoC4/rxISR.c **** *   address: Address of the ISR to set in the interrupt vector table.
  94:Generated_Source\PSoC4/rxISR.c **** *
  95:Generated_Source\PSoC4/rxISR.c **** * Return:
  96:Generated_Source\PSoC4/rxISR.c **** *   None
  97:Generated_Source\PSoC4/rxISR.c **** *
  98:Generated_Source\PSoC4/rxISR.c **** *******************************************************************************/
  99:Generated_Source\PSoC4/rxISR.c **** void rxISR_StartEx(cyisraddress address)
 100:Generated_Source\PSoC4/rxISR.c **** {
 101:Generated_Source\PSoC4/rxISR.c ****     /* For all we know the interrupt is active. */
 102:Generated_Source\PSoC4/rxISR.c ****     rxISR_Disable();
 103:Generated_Source\PSoC4/rxISR.c **** 
 104:Generated_Source\PSoC4/rxISR.c ****     /* Set the ISR to point to the rxISR Interrupt. */
 105:Generated_Source\PSoC4/rxISR.c ****     rxISR_SetVector(address);
 106:Generated_Source\PSoC4/rxISR.c **** 
 107:Generated_Source\PSoC4/rxISR.c ****     /* Set the priority. */
 108:Generated_Source\PSoC4/rxISR.c ****     rxISR_SetPriority((uint8)rxISR_INTC_PRIOR_NUMBER);
 109:Generated_Source\PSoC4/rxISR.c **** 
 110:Generated_Source\PSoC4/rxISR.c ****     /* Enable it. */
 111:Generated_Source\PSoC4/rxISR.c ****     rxISR_Enable();
 112:Generated_Source\PSoC4/rxISR.c **** }
 113:Generated_Source\PSoC4/rxISR.c **** 
 114:Generated_Source\PSoC4/rxISR.c **** 
 115:Generated_Source\PSoC4/rxISR.c **** /*******************************************************************************
 116:Generated_Source\PSoC4/rxISR.c **** * Function Name: rxISR_Stop
 117:Generated_Source\PSoC4/rxISR.c **** ********************************************************************************
 118:Generated_Source\PSoC4/rxISR.c **** *
 119:Generated_Source\PSoC4/rxISR.c **** * Summary:
 120:Generated_Source\PSoC4/rxISR.c **** *   Disables and removes the interrupt.
 121:Generated_Source\PSoC4/rxISR.c **** *
 122:Generated_Source\PSoC4/rxISR.c **** * Parameters:  
 123:Generated_Source\PSoC4/rxISR.c **** *   None
 124:Generated_Source\PSoC4/rxISR.c **** *
 125:Generated_Source\PSoC4/rxISR.c **** * Return:
 126:Generated_Source\PSoC4/rxISR.c **** *   None
 127:Generated_Source\PSoC4/rxISR.c **** *
 128:Generated_Source\PSoC4/rxISR.c **** *******************************************************************************/
 129:Generated_Source\PSoC4/rxISR.c **** void rxISR_Stop(void)
 130:Generated_Source\PSoC4/rxISR.c **** {
 131:Generated_Source\PSoC4/rxISR.c ****     /* Disable this interrupt. */
 132:Generated_Source\PSoC4/rxISR.c ****     rxISR_Disable();
 133:Generated_Source\PSoC4/rxISR.c **** 
 134:Generated_Source\PSoC4/rxISR.c ****     /* Set the ISR to point to the passive one. */
 135:Generated_Source\PSoC4/rxISR.c ****     rxISR_SetVector(&IntDefaultHandler);
 136:Generated_Source\PSoC4/rxISR.c **** }
 137:Generated_Source\PSoC4/rxISR.c **** 
 138:Generated_Source\PSoC4/rxISR.c **** 
 139:Generated_Source\PSoC4/rxISR.c **** /*******************************************************************************
 140:Generated_Source\PSoC4/rxISR.c **** * Function Name: rxISR_Interrupt
 141:Generated_Source\PSoC4/rxISR.c **** ********************************************************************************
 142:Generated_Source\PSoC4/rxISR.c **** *
 143:Generated_Source\PSoC4/rxISR.c **** * Summary:
 144:Generated_Source\PSoC4/rxISR.c **** *   The default Interrupt Service Routine for rxISR.
 145:Generated_Source\PSoC4/rxISR.c **** *
 146:Generated_Source\PSoC4/rxISR.c **** *   Add custom code between the START and END comments to keep the next version
ARM GAS  C:\Users\g\AppData\Local\Temp\ccVuRnsD.s 			page 4


 147:Generated_Source\PSoC4/rxISR.c **** *   of this file from over-writing your code.
 148:Generated_Source\PSoC4/rxISR.c **** *
 149:Generated_Source\PSoC4/rxISR.c **** *   Note You may use either the default ISR by using this API, or you may define
 150:Generated_Source\PSoC4/rxISR.c **** *   your own separate ISR through ISR_StartEx().
 151:Generated_Source\PSoC4/rxISR.c **** *
 152:Generated_Source\PSoC4/rxISR.c **** * Parameters:  
 153:Generated_Source\PSoC4/rxISR.c **** *   None
 154:Generated_Source\PSoC4/rxISR.c **** *
 155:Generated_Source\PSoC4/rxISR.c **** * Return:
 156:Generated_Source\PSoC4/rxISR.c **** *   None
 157:Generated_Source\PSoC4/rxISR.c **** *
 158:Generated_Source\PSoC4/rxISR.c **** *******************************************************************************/
 159:Generated_Source\PSoC4/rxISR.c **** CY_ISR(rxISR_Interrupt)
 160:Generated_Source\PSoC4/rxISR.c **** {
  26              		.loc 1 160 0
  27              		.cfi_startproc
 161:Generated_Source\PSoC4/rxISR.c ****     #ifdef rxISR_INTERRUPT_INTERRUPT_CALLBACK
 162:Generated_Source\PSoC4/rxISR.c ****         rxISR_Interrupt_InterruptCallback();
 163:Generated_Source\PSoC4/rxISR.c ****     #endif /* rxISR_INTERRUPT_INTERRUPT_CALLBACK */ 
 164:Generated_Source\PSoC4/rxISR.c **** 
 165:Generated_Source\PSoC4/rxISR.c ****     /*  Place your Interrupt code here. */
 166:Generated_Source\PSoC4/rxISR.c ****     /* `#START rxISR_Interrupt` */
 167:Generated_Source\PSoC4/rxISR.c **** 
 168:Generated_Source\PSoC4/rxISR.c ****     /* `#END` */
 169:Generated_Source\PSoC4/rxISR.c **** }
  28              		.loc 1 169 0
  29              		@ sp needed
  30 0000 7047     		bx	lr
  31              		.cfi_endproc
  32              	.LFE3:
  33              		.size	rxISR_Interrupt, .-rxISR_Interrupt
  34 0002 C046     		.section	.text.rxISR_Stop,"ax",%progbits
  35              		.align	2
  36              		.global	rxISR_Stop
  37              		.code	16
  38              		.thumb_func
  39              		.type	rxISR_Stop, %function
  40              	rxISR_Stop:
  41              	.LFB2:
 130:Generated_Source\PSoC4/rxISR.c ****     /* Disable this interrupt. */
  42              		.loc 1 130 0
  43              		.cfi_startproc
  44              	.LBB18:
  45              	.LBB19:
 170:Generated_Source\PSoC4/rxISR.c **** 
 171:Generated_Source\PSoC4/rxISR.c **** 
 172:Generated_Source\PSoC4/rxISR.c **** /*******************************************************************************
 173:Generated_Source\PSoC4/rxISR.c **** * Function Name: rxISR_SetVector
 174:Generated_Source\PSoC4/rxISR.c **** ********************************************************************************
 175:Generated_Source\PSoC4/rxISR.c **** *
 176:Generated_Source\PSoC4/rxISR.c **** * Summary:
 177:Generated_Source\PSoC4/rxISR.c **** *   Change the ISR vector for the Interrupt. Note calling rxISR_Start
 178:Generated_Source\PSoC4/rxISR.c **** *   will override any effect this method would have had. To set the vector 
 179:Generated_Source\PSoC4/rxISR.c **** *   before the component has been started use rxISR_StartEx instead.
 180:Generated_Source\PSoC4/rxISR.c **** * 
 181:Generated_Source\PSoC4/rxISR.c **** *   When defining ISR functions, the CY_ISR and CY_ISR_PROTO macros should be 
 182:Generated_Source\PSoC4/rxISR.c **** *   used to provide consistent definition across compilers:
ARM GAS  C:\Users\g\AppData\Local\Temp\ccVuRnsD.s 			page 5


 183:Generated_Source\PSoC4/rxISR.c **** *
 184:Generated_Source\PSoC4/rxISR.c **** *   Function definition example:
 185:Generated_Source\PSoC4/rxISR.c **** *   CY_ISR(MyISR)
 186:Generated_Source\PSoC4/rxISR.c **** *   {
 187:Generated_Source\PSoC4/rxISR.c **** *   }
 188:Generated_Source\PSoC4/rxISR.c **** *
 189:Generated_Source\PSoC4/rxISR.c **** *   Function prototype example:
 190:Generated_Source\PSoC4/rxISR.c **** *     CY_ISR_PROTO(MyISR);
 191:Generated_Source\PSoC4/rxISR.c **** *
 192:Generated_Source\PSoC4/rxISR.c **** * Parameters:
 193:Generated_Source\PSoC4/rxISR.c **** *   address: Address of the ISR to set in the interrupt vector table.
 194:Generated_Source\PSoC4/rxISR.c **** *
 195:Generated_Source\PSoC4/rxISR.c **** * Return:
 196:Generated_Source\PSoC4/rxISR.c **** *   None
 197:Generated_Source\PSoC4/rxISR.c **** *
 198:Generated_Source\PSoC4/rxISR.c **** *******************************************************************************/
 199:Generated_Source\PSoC4/rxISR.c **** void rxISR_SetVector(cyisraddress address)
 200:Generated_Source\PSoC4/rxISR.c **** {
 201:Generated_Source\PSoC4/rxISR.c ****     CyRamVectors[CYINT_IRQ_BASE + rxISR__INTC_NUMBER] = address;
 202:Generated_Source\PSoC4/rxISR.c **** }
 203:Generated_Source\PSoC4/rxISR.c **** 
 204:Generated_Source\PSoC4/rxISR.c **** 
 205:Generated_Source\PSoC4/rxISR.c **** /*******************************************************************************
 206:Generated_Source\PSoC4/rxISR.c **** * Function Name: rxISR_GetVector
 207:Generated_Source\PSoC4/rxISR.c **** ********************************************************************************
 208:Generated_Source\PSoC4/rxISR.c **** *
 209:Generated_Source\PSoC4/rxISR.c **** * Summary:
 210:Generated_Source\PSoC4/rxISR.c **** *   Gets the "address" of the current ISR vector for the Interrupt.
 211:Generated_Source\PSoC4/rxISR.c **** *
 212:Generated_Source\PSoC4/rxISR.c **** * Parameters:
 213:Generated_Source\PSoC4/rxISR.c **** *   None
 214:Generated_Source\PSoC4/rxISR.c **** *
 215:Generated_Source\PSoC4/rxISR.c **** * Return:
 216:Generated_Source\PSoC4/rxISR.c **** *   Address of the ISR in the interrupt vector table.
 217:Generated_Source\PSoC4/rxISR.c **** *
 218:Generated_Source\PSoC4/rxISR.c **** *******************************************************************************/
 219:Generated_Source\PSoC4/rxISR.c **** cyisraddress rxISR_GetVector(void)
 220:Generated_Source\PSoC4/rxISR.c **** {
 221:Generated_Source\PSoC4/rxISR.c ****     return CyRamVectors[CYINT_IRQ_BASE + rxISR__INTC_NUMBER];
 222:Generated_Source\PSoC4/rxISR.c **** }
 223:Generated_Source\PSoC4/rxISR.c **** 
 224:Generated_Source\PSoC4/rxISR.c **** 
 225:Generated_Source\PSoC4/rxISR.c **** /*******************************************************************************
 226:Generated_Source\PSoC4/rxISR.c **** * Function Name: rxISR_SetPriority
 227:Generated_Source\PSoC4/rxISR.c **** ********************************************************************************
 228:Generated_Source\PSoC4/rxISR.c **** *
 229:Generated_Source\PSoC4/rxISR.c **** * Summary:
 230:Generated_Source\PSoC4/rxISR.c **** *   Sets the Priority of the Interrupt. 
 231:Generated_Source\PSoC4/rxISR.c **** *
 232:Generated_Source\PSoC4/rxISR.c **** *   Note calling rxISR_Start or rxISR_StartEx will 
 233:Generated_Source\PSoC4/rxISR.c **** *   override any effect this API would have had. This API should only be called
 234:Generated_Source\PSoC4/rxISR.c **** *   after rxISR_Start or rxISR_StartEx has been called. 
 235:Generated_Source\PSoC4/rxISR.c **** *   To set the initial priority for the component, use the Design-Wide Resources
 236:Generated_Source\PSoC4/rxISR.c **** *   Interrupt Editor.
 237:Generated_Source\PSoC4/rxISR.c **** *
 238:Generated_Source\PSoC4/rxISR.c **** *   Note This API has no effect on Non-maskable interrupt NMI).
 239:Generated_Source\PSoC4/rxISR.c **** *
ARM GAS  C:\Users\g\AppData\Local\Temp\ccVuRnsD.s 			page 6


 240:Generated_Source\PSoC4/rxISR.c **** * Parameters:
 241:Generated_Source\PSoC4/rxISR.c **** *   priority: Priority of the interrupt, 0 being the highest priority
 242:Generated_Source\PSoC4/rxISR.c **** *             PSoC 3 and PSoC 5LP: Priority is from 0 to 7.
 243:Generated_Source\PSoC4/rxISR.c **** *             PSoC 4: Priority is from 0 to 3.
 244:Generated_Source\PSoC4/rxISR.c **** *
 245:Generated_Source\PSoC4/rxISR.c **** * Return:
 246:Generated_Source\PSoC4/rxISR.c **** *   None
 247:Generated_Source\PSoC4/rxISR.c **** *
 248:Generated_Source\PSoC4/rxISR.c **** *******************************************************************************/
 249:Generated_Source\PSoC4/rxISR.c **** void rxISR_SetPriority(uint8 priority)
 250:Generated_Source\PSoC4/rxISR.c **** {
 251:Generated_Source\PSoC4/rxISR.c **** 	uint8 interruptState;
 252:Generated_Source\PSoC4/rxISR.c ****     uint32 priorityOffset = ((rxISR__INTC_NUMBER % 4u) * 8u) + 6u;
 253:Generated_Source\PSoC4/rxISR.c ****     
 254:Generated_Source\PSoC4/rxISR.c **** 	interruptState = CyEnterCriticalSection();
 255:Generated_Source\PSoC4/rxISR.c ****     *rxISR_INTC_PRIOR = (*rxISR_INTC_PRIOR & (uint32)(~rxISR__INTC_PRIOR_MASK)) |
 256:Generated_Source\PSoC4/rxISR.c ****                                     ((uint32)priority << priorityOffset);
 257:Generated_Source\PSoC4/rxISR.c **** 	CyExitCriticalSection(interruptState);
 258:Generated_Source\PSoC4/rxISR.c **** }
 259:Generated_Source\PSoC4/rxISR.c **** 
 260:Generated_Source\PSoC4/rxISR.c **** 
 261:Generated_Source\PSoC4/rxISR.c **** /*******************************************************************************
 262:Generated_Source\PSoC4/rxISR.c **** * Function Name: rxISR_GetPriority
 263:Generated_Source\PSoC4/rxISR.c **** ********************************************************************************
 264:Generated_Source\PSoC4/rxISR.c **** *
 265:Generated_Source\PSoC4/rxISR.c **** * Summary:
 266:Generated_Source\PSoC4/rxISR.c **** *   Gets the Priority of the Interrupt.
 267:Generated_Source\PSoC4/rxISR.c **** *
 268:Generated_Source\PSoC4/rxISR.c **** * Parameters:
 269:Generated_Source\PSoC4/rxISR.c **** *   None
 270:Generated_Source\PSoC4/rxISR.c **** *
 271:Generated_Source\PSoC4/rxISR.c **** * Return:
 272:Generated_Source\PSoC4/rxISR.c **** *   Priority of the interrupt, 0 being the highest priority
 273:Generated_Source\PSoC4/rxISR.c **** *    PSoC 3 and PSoC 5LP: Priority is from 0 to 7.
 274:Generated_Source\PSoC4/rxISR.c **** *    PSoC 4: Priority is from 0 to 3.
 275:Generated_Source\PSoC4/rxISR.c **** *
 276:Generated_Source\PSoC4/rxISR.c **** *******************************************************************************/
 277:Generated_Source\PSoC4/rxISR.c **** uint8 rxISR_GetPriority(void)
 278:Generated_Source\PSoC4/rxISR.c **** {
 279:Generated_Source\PSoC4/rxISR.c ****     uint32 priority;
 280:Generated_Source\PSoC4/rxISR.c **** 	uint32 priorityOffset = ((rxISR__INTC_NUMBER % 4u) * 8u) + 6u;
 281:Generated_Source\PSoC4/rxISR.c **** 
 282:Generated_Source\PSoC4/rxISR.c ****     priority = (*rxISR_INTC_PRIOR & rxISR__INTC_PRIOR_MASK) >> priorityOffset;
 283:Generated_Source\PSoC4/rxISR.c **** 
 284:Generated_Source\PSoC4/rxISR.c ****     return (uint8)priority;
 285:Generated_Source\PSoC4/rxISR.c **** }
 286:Generated_Source\PSoC4/rxISR.c **** 
 287:Generated_Source\PSoC4/rxISR.c **** 
 288:Generated_Source\PSoC4/rxISR.c **** /*******************************************************************************
 289:Generated_Source\PSoC4/rxISR.c **** * Function Name: rxISR_Enable
 290:Generated_Source\PSoC4/rxISR.c **** ********************************************************************************
 291:Generated_Source\PSoC4/rxISR.c **** *
 292:Generated_Source\PSoC4/rxISR.c **** * Summary:
 293:Generated_Source\PSoC4/rxISR.c **** *   Enables the interrupt to the interrupt controller. Do not call this function
 294:Generated_Source\PSoC4/rxISR.c **** *   unless ISR_Start() has been called or the functionality of the ISR_Start() 
 295:Generated_Source\PSoC4/rxISR.c **** *   function, which sets the vector and the priority, has been called.
 296:Generated_Source\PSoC4/rxISR.c **** *
ARM GAS  C:\Users\g\AppData\Local\Temp\ccVuRnsD.s 			page 7


 297:Generated_Source\PSoC4/rxISR.c **** * Parameters:
 298:Generated_Source\PSoC4/rxISR.c **** *   None
 299:Generated_Source\PSoC4/rxISR.c **** *
 300:Generated_Source\PSoC4/rxISR.c **** * Return:
 301:Generated_Source\PSoC4/rxISR.c **** *   None
 302:Generated_Source\PSoC4/rxISR.c **** *
 303:Generated_Source\PSoC4/rxISR.c **** *******************************************************************************/
 304:Generated_Source\PSoC4/rxISR.c **** void rxISR_Enable(void)
 305:Generated_Source\PSoC4/rxISR.c **** {
 306:Generated_Source\PSoC4/rxISR.c ****     /* Enable the general interrupt. */
 307:Generated_Source\PSoC4/rxISR.c ****     *rxISR_INTC_SET_EN = rxISR__INTC_MASK;
 308:Generated_Source\PSoC4/rxISR.c **** }
 309:Generated_Source\PSoC4/rxISR.c **** 
 310:Generated_Source\PSoC4/rxISR.c **** 
 311:Generated_Source\PSoC4/rxISR.c **** /*******************************************************************************
 312:Generated_Source\PSoC4/rxISR.c **** * Function Name: rxISR_GetState
 313:Generated_Source\PSoC4/rxISR.c **** ********************************************************************************
 314:Generated_Source\PSoC4/rxISR.c **** *
 315:Generated_Source\PSoC4/rxISR.c **** * Summary:
 316:Generated_Source\PSoC4/rxISR.c **** *   Gets the state (enabled, disabled) of the Interrupt.
 317:Generated_Source\PSoC4/rxISR.c **** *
 318:Generated_Source\PSoC4/rxISR.c **** * Parameters:
 319:Generated_Source\PSoC4/rxISR.c **** *   None
 320:Generated_Source\PSoC4/rxISR.c **** *
 321:Generated_Source\PSoC4/rxISR.c **** * Return:
 322:Generated_Source\PSoC4/rxISR.c **** *   1 if enabled, 0 if disabled.
 323:Generated_Source\PSoC4/rxISR.c **** *
 324:Generated_Source\PSoC4/rxISR.c **** *******************************************************************************/
 325:Generated_Source\PSoC4/rxISR.c **** uint8 rxISR_GetState(void)
 326:Generated_Source\PSoC4/rxISR.c **** {
 327:Generated_Source\PSoC4/rxISR.c ****     /* Get the state of the general interrupt. */
 328:Generated_Source\PSoC4/rxISR.c ****     return ((*rxISR_INTC_SET_EN & (uint32)rxISR__INTC_MASK) != 0u) ? 1u:0u;
 329:Generated_Source\PSoC4/rxISR.c **** }
 330:Generated_Source\PSoC4/rxISR.c **** 
 331:Generated_Source\PSoC4/rxISR.c **** 
 332:Generated_Source\PSoC4/rxISR.c **** /*******************************************************************************
 333:Generated_Source\PSoC4/rxISR.c **** * Function Name: rxISR_Disable
 334:Generated_Source\PSoC4/rxISR.c **** ********************************************************************************
 335:Generated_Source\PSoC4/rxISR.c **** *
 336:Generated_Source\PSoC4/rxISR.c **** * Summary:
 337:Generated_Source\PSoC4/rxISR.c **** *   Disables the Interrupt in the interrupt controller.
 338:Generated_Source\PSoC4/rxISR.c **** *
 339:Generated_Source\PSoC4/rxISR.c **** * Parameters:
 340:Generated_Source\PSoC4/rxISR.c **** *   None
 341:Generated_Source\PSoC4/rxISR.c **** *
 342:Generated_Source\PSoC4/rxISR.c **** * Return:
 343:Generated_Source\PSoC4/rxISR.c **** *   None
 344:Generated_Source\PSoC4/rxISR.c **** *
 345:Generated_Source\PSoC4/rxISR.c **** *******************************************************************************/
 346:Generated_Source\PSoC4/rxISR.c **** void rxISR_Disable(void)
 347:Generated_Source\PSoC4/rxISR.c **** {
 348:Generated_Source\PSoC4/rxISR.c ****     /* Disable the general interrupt. */
 349:Generated_Source\PSoC4/rxISR.c ****     *rxISR_INTC_CLR_EN = rxISR__INTC_MASK;
  46              		.loc 1 349 0
  47 0000 8022     		mov	r2, #128
  48 0002 034B     		ldr	r3, .L3
  49 0004 1201     		lsl	r2, r2, #4
ARM GAS  C:\Users\g\AppData\Local\Temp\ccVuRnsD.s 			page 8


  50 0006 1A60     		str	r2, [r3]
  51              	.LVL0:
  52              	.LBE19:
  53              	.LBE18:
  54              	.LBB20:
  55              	.LBB21:
 201:Generated_Source\PSoC4/rxISR.c **** }
  56              		.loc 1 201 0
  57 0008 024A     		ldr	r2, .L3+4
  58 000a 034B     		ldr	r3, .L3+8
  59              	.LBE21:
  60              	.LBE20:
 136:Generated_Source\PSoC4/rxISR.c **** 
  61              		.loc 1 136 0
  62              		@ sp needed
  63              	.LBB23:
  64              	.LBB22:
 201:Generated_Source\PSoC4/rxISR.c **** }
  65              		.loc 1 201 0
  66 000c DA66     		str	r2, [r3, #108]
  67              	.LBE22:
  68              	.LBE23:
 136:Generated_Source\PSoC4/rxISR.c **** 
  69              		.loc 1 136 0
  70 000e 7047     		bx	lr
  71              	.L4:
  72              		.align	2
  73              	.L3:
  74 0010 80E100E0 		.word	-536813184
  75 0014 00000000 		.word	IntDefaultHandler
  76 0018 00000000 		.word	CyRamVectors
  77              		.cfi_endproc
  78              	.LFE2:
  79              		.size	rxISR_Stop, .-rxISR_Stop
  80              		.section	.text.rxISR_SetVector,"ax",%progbits
  81              		.align	2
  82              		.global	rxISR_SetVector
  83              		.code	16
  84              		.thumb_func
  85              		.type	rxISR_SetVector, %function
  86              	rxISR_SetVector:
  87              	.LFB4:
 200:Generated_Source\PSoC4/rxISR.c ****     CyRamVectors[CYINT_IRQ_BASE + rxISR__INTC_NUMBER] = address;
  88              		.loc 1 200 0
  89              		.cfi_startproc
  90              	.LVL1:
 201:Generated_Source\PSoC4/rxISR.c **** }
  91              		.loc 1 201 0
  92 0000 014B     		ldr	r3, .L6
 202:Generated_Source\PSoC4/rxISR.c **** 
  93              		.loc 1 202 0
  94              		@ sp needed
 201:Generated_Source\PSoC4/rxISR.c **** }
  95              		.loc 1 201 0
  96 0002 D866     		str	r0, [r3, #108]
 202:Generated_Source\PSoC4/rxISR.c **** 
  97              		.loc 1 202 0
ARM GAS  C:\Users\g\AppData\Local\Temp\ccVuRnsD.s 			page 9


  98 0004 7047     		bx	lr
  99              	.L7:
 100 0006 C046     		.align	2
 101              	.L6:
 102 0008 00000000 		.word	CyRamVectors
 103              		.cfi_endproc
 104              	.LFE4:
 105              		.size	rxISR_SetVector, .-rxISR_SetVector
 106              		.section	.text.rxISR_GetVector,"ax",%progbits
 107              		.align	2
 108              		.global	rxISR_GetVector
 109              		.code	16
 110              		.thumb_func
 111              		.type	rxISR_GetVector, %function
 112              	rxISR_GetVector:
 113              	.LFB5:
 220:Generated_Source\PSoC4/rxISR.c ****     return CyRamVectors[CYINT_IRQ_BASE + rxISR__INTC_NUMBER];
 114              		.loc 1 220 0
 115              		.cfi_startproc
 221:Generated_Source\PSoC4/rxISR.c **** }
 116              		.loc 1 221 0
 117 0000 014B     		ldr	r3, .L9
 222:Generated_Source\PSoC4/rxISR.c **** 
 118              		.loc 1 222 0
 119              		@ sp needed
 221:Generated_Source\PSoC4/rxISR.c **** }
 120              		.loc 1 221 0
 121 0002 D86E     		ldr	r0, [r3, #108]
 222:Generated_Source\PSoC4/rxISR.c **** 
 122              		.loc 1 222 0
 123 0004 7047     		bx	lr
 124              	.L10:
 125 0006 C046     		.align	2
 126              	.L9:
 127 0008 00000000 		.word	CyRamVectors
 128              		.cfi_endproc
 129              	.LFE5:
 130              		.size	rxISR_GetVector, .-rxISR_GetVector
 131              		.section	.text.rxISR_SetPriority,"ax",%progbits
 132              		.align	2
 133              		.global	rxISR_SetPriority
 134              		.code	16
 135              		.thumb_func
 136              		.type	rxISR_SetPriority, %function
 137              	rxISR_SetPriority:
 138              	.LFB6:
 250:Generated_Source\PSoC4/rxISR.c **** 	uint8 interruptState;
 139              		.loc 1 250 0
 140              		.cfi_startproc
 141              	.LVL2:
 142 0000 10B5     		push	{r4, lr}
 143              		.cfi_def_cfa_offset 8
 144              		.cfi_offset 4, -8
 145              		.cfi_offset 14, -4
 250:Generated_Source\PSoC4/rxISR.c **** 	uint8 interruptState;
 146              		.loc 1 250 0
 147 0002 041C     		mov	r4, r0
ARM GAS  C:\Users\g\AppData\Local\Temp\ccVuRnsD.s 			page 10


 254:Generated_Source\PSoC4/rxISR.c ****     *rxISR_INTC_PRIOR = (*rxISR_INTC_PRIOR & (uint32)(~rxISR__INTC_PRIOR_MASK)) |
 148              		.loc 1 254 0
 149 0004 FFF7FEFF 		bl	CyEnterCriticalSection
 150              	.LVL3:
 255:Generated_Source\PSoC4/rxISR.c ****                                     ((uint32)priority << priorityOffset);
 151              		.loc 1 255 0
 152 0008 044A     		ldr	r2, .L12
 256:Generated_Source\PSoC4/rxISR.c **** 	CyExitCriticalSection(interruptState);
 153              		.loc 1 256 0
 154 000a A407     		lsl	r4, r4, #30
 255:Generated_Source\PSoC4/rxISR.c ****                                     ((uint32)priority << priorityOffset);
 155              		.loc 1 255 0
 156 000c 1368     		ldr	r3, [r2]
 258:Generated_Source\PSoC4/rxISR.c **** 
 157              		.loc 1 258 0
 158              		@ sp needed
 255:Generated_Source\PSoC4/rxISR.c ****                                     ((uint32)priority << priorityOffset);
 159              		.loc 1 255 0
 160 000e 9B00     		lsl	r3, r3, #2
 161 0010 9B08     		lsr	r3, r3, #2
 162 0012 2343     		orr	r3, r4
 163 0014 1360     		str	r3, [r2]
 257:Generated_Source\PSoC4/rxISR.c **** }
 164              		.loc 1 257 0
 165 0016 FFF7FEFF 		bl	CyExitCriticalSection
 166              	.LVL4:
 258:Generated_Source\PSoC4/rxISR.c **** 
 167              		.loc 1 258 0
 168 001a 10BD     		pop	{r4, pc}
 169              	.L13:
 170              		.align	2
 171              	.L12:
 172 001c 08E400E0 		.word	-536812536
 173              		.cfi_endproc
 174              	.LFE6:
 175              		.size	rxISR_SetPriority, .-rxISR_SetPriority
 176              		.section	.text.rxISR_Start,"ax",%progbits
 177              		.align	2
 178              		.global	rxISR_Start
 179              		.code	16
 180              		.thumb_func
 181              		.type	rxISR_Start, %function
 182              	rxISR_Start:
 183              	.LFB0:
  57:Generated_Source\PSoC4/rxISR.c ****     /* For all we know the interrupt is active. */
 184              		.loc 1 57 0
 185              		.cfi_startproc
 186 0000 10B5     		push	{r4, lr}
 187              		.cfi_def_cfa_offset 8
 188              		.cfi_offset 4, -8
 189              		.cfi_offset 14, -4
 190              	.LBB24:
 191              	.LBB25:
 192              		.loc 1 349 0
 193 0002 8024     		mov	r4, #128
 194 0004 054B     		ldr	r3, .L15
 195 0006 2401     		lsl	r4, r4, #4
ARM GAS  C:\Users\g\AppData\Local\Temp\ccVuRnsD.s 			page 11


 196 0008 1C60     		str	r4, [r3]
 197              	.LVL5:
 198              	.LBE25:
 199              	.LBE24:
 200              	.LBB26:
 201              	.LBB27:
 201:Generated_Source\PSoC4/rxISR.c **** }
 202              		.loc 1 201 0
 203 000a 054A     		ldr	r2, .L15+4
 204 000c 054B     		ldr	r3, .L15+8
 205              	.LBE27:
 206              	.LBE26:
  65:Generated_Source\PSoC4/rxISR.c **** 
 207              		.loc 1 65 0
 208 000e 0120     		mov	r0, #1
 209              	.LBB29:
 210              	.LBB28:
 201:Generated_Source\PSoC4/rxISR.c **** }
 211              		.loc 1 201 0
 212 0010 DA66     		str	r2, [r3, #108]
 213              	.LBE28:
 214              	.LBE29:
  65:Generated_Source\PSoC4/rxISR.c **** 
 215              		.loc 1 65 0
 216 0012 FFF7FEFF 		bl	rxISR_SetPriority
 217              	.LVL6:
 218              	.LBB30:
 219              	.LBB31:
 307:Generated_Source\PSoC4/rxISR.c **** }
 220              		.loc 1 307 0
 221 0016 044B     		ldr	r3, .L15+12
 222              	.LBE31:
 223              	.LBE30:
  69:Generated_Source\PSoC4/rxISR.c **** 
 224              		.loc 1 69 0
 225              		@ sp needed
 226              	.LBB33:
 227              	.LBB32:
 307:Generated_Source\PSoC4/rxISR.c **** }
 228              		.loc 1 307 0
 229 0018 1C60     		str	r4, [r3]
 230              	.LBE32:
 231              	.LBE33:
  69:Generated_Source\PSoC4/rxISR.c **** 
 232              		.loc 1 69 0
 233 001a 10BD     		pop	{r4, pc}
 234              	.L16:
 235              		.align	2
 236              	.L15:
 237 001c 80E100E0 		.word	-536813184
 238 0020 00000000 		.word	rxISR_Interrupt
 239 0024 00000000 		.word	CyRamVectors
 240 0028 00E100E0 		.word	-536813312
 241              		.cfi_endproc
 242              	.LFE0:
 243              		.size	rxISR_Start, .-rxISR_Start
 244              		.section	.text.rxISR_StartEx,"ax",%progbits
ARM GAS  C:\Users\g\AppData\Local\Temp\ccVuRnsD.s 			page 12


 245              		.align	2
 246              		.global	rxISR_StartEx
 247              		.code	16
 248              		.thumb_func
 249              		.type	rxISR_StartEx, %function
 250              	rxISR_StartEx:
 251              	.LFB1:
 100:Generated_Source\PSoC4/rxISR.c ****     /* For all we know the interrupt is active. */
 252              		.loc 1 100 0
 253              		.cfi_startproc
 254              	.LVL7:
 255 0000 10B5     		push	{r4, lr}
 256              		.cfi_def_cfa_offset 8
 257              		.cfi_offset 4, -8
 258              		.cfi_offset 14, -4
 259              	.LBB34:
 260              	.LBB35:
 261              		.loc 1 349 0
 262 0002 8024     		mov	r4, #128
 263 0004 054B     		ldr	r3, .L18
 264 0006 2401     		lsl	r4, r4, #4
 265 0008 1C60     		str	r4, [r3]
 266              	.LVL8:
 267              	.LBE35:
 268              	.LBE34:
 269              	.LBB36:
 270              	.LBB37:
 201:Generated_Source\PSoC4/rxISR.c **** }
 271              		.loc 1 201 0
 272 000a 054B     		ldr	r3, .L18+4
 273              	.LBE37:
 274              	.LBE36:
 112:Generated_Source\PSoC4/rxISR.c **** 
 275              		.loc 1 112 0
 276              		@ sp needed
 277              	.LBB39:
 278              	.LBB38:
 201:Generated_Source\PSoC4/rxISR.c **** }
 279              		.loc 1 201 0
 280 000c D866     		str	r0, [r3, #108]
 281              	.LBE38:
 282              	.LBE39:
 108:Generated_Source\PSoC4/rxISR.c **** 
 283              		.loc 1 108 0
 284 000e 0120     		mov	r0, #1
 285              	.LVL9:
 286 0010 FFF7FEFF 		bl	rxISR_SetPriority
 287              	.LVL10:
 288              	.LBB40:
 289              	.LBB41:
 307:Generated_Source\PSoC4/rxISR.c **** }
 290              		.loc 1 307 0
 291 0014 034B     		ldr	r3, .L18+8
 292 0016 1C60     		str	r4, [r3]
 293              	.LBE41:
 294              	.LBE40:
 112:Generated_Source\PSoC4/rxISR.c **** 
ARM GAS  C:\Users\g\AppData\Local\Temp\ccVuRnsD.s 			page 13


 295              		.loc 1 112 0
 296 0018 10BD     		pop	{r4, pc}
 297              	.L19:
 298 001a C046     		.align	2
 299              	.L18:
 300 001c 80E100E0 		.word	-536813184
 301 0020 00000000 		.word	CyRamVectors
 302 0024 00E100E0 		.word	-536813312
 303              		.cfi_endproc
 304              	.LFE1:
 305              		.size	rxISR_StartEx, .-rxISR_StartEx
 306              		.section	.text.rxISR_GetPriority,"ax",%progbits
 307              		.align	2
 308              		.global	rxISR_GetPriority
 309              		.code	16
 310              		.thumb_func
 311              		.type	rxISR_GetPriority, %function
 312              	rxISR_GetPriority:
 313              	.LFB7:
 278:Generated_Source\PSoC4/rxISR.c ****     uint32 priority;
 314              		.loc 1 278 0
 315              		.cfi_startproc
 316              	.LVL11:
 282:Generated_Source\PSoC4/rxISR.c **** 
 317              		.loc 1 282 0
 318 0000 014B     		ldr	r3, .L21
 285:Generated_Source\PSoC4/rxISR.c **** 
 319              		.loc 1 285 0
 320              		@ sp needed
 282:Generated_Source\PSoC4/rxISR.c **** 
 321              		.loc 1 282 0
 322 0002 1868     		ldr	r0, [r3]
 323              	.LVL12:
 284:Generated_Source\PSoC4/rxISR.c **** }
 324              		.loc 1 284 0
 325 0004 800F     		lsr	r0, r0, #30
 326              	.LVL13:
 285:Generated_Source\PSoC4/rxISR.c **** 
 327              		.loc 1 285 0
 328 0006 7047     		bx	lr
 329              	.L22:
 330              		.align	2
 331              	.L21:
 332 0008 08E400E0 		.word	-536812536
 333              		.cfi_endproc
 334              	.LFE7:
 335              		.size	rxISR_GetPriority, .-rxISR_GetPriority
 336              		.section	.text.rxISR_Enable,"ax",%progbits
 337              		.align	2
 338              		.global	rxISR_Enable
 339              		.code	16
 340              		.thumb_func
 341              		.type	rxISR_Enable, %function
 342              	rxISR_Enable:
 343              	.LFB8:
 305:Generated_Source\PSoC4/rxISR.c ****     /* Enable the general interrupt. */
 344              		.loc 1 305 0
ARM GAS  C:\Users\g\AppData\Local\Temp\ccVuRnsD.s 			page 14


 345              		.cfi_startproc
 307:Generated_Source\PSoC4/rxISR.c **** }
 346              		.loc 1 307 0
 347 0000 8022     		mov	r2, #128
 348 0002 024B     		ldr	r3, .L24
 349 0004 1201     		lsl	r2, r2, #4
 350 0006 1A60     		str	r2, [r3]
 308:Generated_Source\PSoC4/rxISR.c **** 
 351              		.loc 1 308 0
 352              		@ sp needed
 353 0008 7047     		bx	lr
 354              	.L25:
 355 000a C046     		.align	2
 356              	.L24:
 357 000c 00E100E0 		.word	-536813312
 358              		.cfi_endproc
 359              	.LFE8:
 360              		.size	rxISR_Enable, .-rxISR_Enable
 361              		.section	.text.rxISR_GetState,"ax",%progbits
 362              		.align	2
 363              		.global	rxISR_GetState
 364              		.code	16
 365              		.thumb_func
 366              		.type	rxISR_GetState, %function
 367              	rxISR_GetState:
 368              	.LFB9:
 326:Generated_Source\PSoC4/rxISR.c ****     /* Get the state of the general interrupt. */
 369              		.loc 1 326 0
 370              		.cfi_startproc
 328:Generated_Source\PSoC4/rxISR.c **** }
 371              		.loc 1 328 0
 372 0000 024B     		ldr	r3, .L27
 329:Generated_Source\PSoC4/rxISR.c **** 
 373              		.loc 1 329 0
 374              		@ sp needed
 328:Generated_Source\PSoC4/rxISR.c **** }
 375              		.loc 1 328 0
 376 0002 1868     		ldr	r0, [r3]
 377 0004 0005     		lsl	r0, r0, #20
 378 0006 C00F     		lsr	r0, r0, #31
 329:Generated_Source\PSoC4/rxISR.c **** 
 379              		.loc 1 329 0
 380 0008 7047     		bx	lr
 381              	.L28:
 382 000a C046     		.align	2
 383              	.L27:
 384 000c 00E100E0 		.word	-536813312
 385              		.cfi_endproc
 386              	.LFE9:
 387              		.size	rxISR_GetState, .-rxISR_GetState
 388              		.section	.text.rxISR_Disable,"ax",%progbits
 389              		.align	2
 390              		.global	rxISR_Disable
 391              		.code	16
 392              		.thumb_func
 393              		.type	rxISR_Disable, %function
 394              	rxISR_Disable:
ARM GAS  C:\Users\g\AppData\Local\Temp\ccVuRnsD.s 			page 15


 395              	.LFB10:
 347:Generated_Source\PSoC4/rxISR.c ****     /* Disable the general interrupt. */
 396              		.loc 1 347 0
 397              		.cfi_startproc
 398              		.loc 1 349 0
 399 0000 8022     		mov	r2, #128
 400 0002 024B     		ldr	r3, .L30
 401 0004 1201     		lsl	r2, r2, #4
 402 0006 1A60     		str	r2, [r3]
 350:Generated_Source\PSoC4/rxISR.c **** }
 403              		.loc 1 350 0
 404              		@ sp needed
 405 0008 7047     		bx	lr
 406              	.L31:
 407 000a C046     		.align	2
 408              	.L30:
 409 000c 80E100E0 		.word	-536813184
 410              		.cfi_endproc
 411              	.LFE10:
 412              		.size	rxISR_Disable, .-rxISR_Disable
 413              		.section	.text.rxISR_SetPending,"ax",%progbits
 414              		.align	2
 415              		.global	rxISR_SetPending
 416              		.code	16
 417              		.thumb_func
 418              		.type	rxISR_SetPending, %function
 419              	rxISR_SetPending:
 420              	.LFB11:
 351:Generated_Source\PSoC4/rxISR.c **** 
 352:Generated_Source\PSoC4/rxISR.c **** 
 353:Generated_Source\PSoC4/rxISR.c **** /*******************************************************************************
 354:Generated_Source\PSoC4/rxISR.c **** * Function Name: rxISR_SetPending
 355:Generated_Source\PSoC4/rxISR.c **** ********************************************************************************
 356:Generated_Source\PSoC4/rxISR.c **** *
 357:Generated_Source\PSoC4/rxISR.c **** * Summary:
 358:Generated_Source\PSoC4/rxISR.c **** *   Causes the Interrupt to enter the pending state, a software method of
 359:Generated_Source\PSoC4/rxISR.c **** *   generating the interrupt.
 360:Generated_Source\PSoC4/rxISR.c **** *
 361:Generated_Source\PSoC4/rxISR.c **** * Parameters:
 362:Generated_Source\PSoC4/rxISR.c **** *   None
 363:Generated_Source\PSoC4/rxISR.c **** *
 364:Generated_Source\PSoC4/rxISR.c **** * Return:
 365:Generated_Source\PSoC4/rxISR.c **** *   None
 366:Generated_Source\PSoC4/rxISR.c **** *
 367:Generated_Source\PSoC4/rxISR.c **** * Side Effects:
 368:Generated_Source\PSoC4/rxISR.c **** *   If interrupts are enabled and the interrupt is set up properly, the ISR is
 369:Generated_Source\PSoC4/rxISR.c **** *   entered (depending on the priority of this interrupt and other pending 
 370:Generated_Source\PSoC4/rxISR.c **** *   interrupts).
 371:Generated_Source\PSoC4/rxISR.c **** *
 372:Generated_Source\PSoC4/rxISR.c **** *******************************************************************************/
 373:Generated_Source\PSoC4/rxISR.c **** void rxISR_SetPending(void)
 374:Generated_Source\PSoC4/rxISR.c **** {
 421              		.loc 1 374 0
 422              		.cfi_startproc
 375:Generated_Source\PSoC4/rxISR.c ****     *rxISR_INTC_SET_PD = rxISR__INTC_MASK;
 423              		.loc 1 375 0
 424 0000 8022     		mov	r2, #128
ARM GAS  C:\Users\g\AppData\Local\Temp\ccVuRnsD.s 			page 16


 425 0002 024B     		ldr	r3, .L33
 426 0004 1201     		lsl	r2, r2, #4
 427 0006 1A60     		str	r2, [r3]
 376:Generated_Source\PSoC4/rxISR.c **** }
 428              		.loc 1 376 0
 429              		@ sp needed
 430 0008 7047     		bx	lr
 431              	.L34:
 432 000a C046     		.align	2
 433              	.L33:
 434 000c 00E200E0 		.word	-536813056
 435              		.cfi_endproc
 436              	.LFE11:
 437              		.size	rxISR_SetPending, .-rxISR_SetPending
 438              		.section	.text.rxISR_ClearPending,"ax",%progbits
 439              		.align	2
 440              		.global	rxISR_ClearPending
 441              		.code	16
 442              		.thumb_func
 443              		.type	rxISR_ClearPending, %function
 444              	rxISR_ClearPending:
 445              	.LFB12:
 377:Generated_Source\PSoC4/rxISR.c **** 
 378:Generated_Source\PSoC4/rxISR.c **** 
 379:Generated_Source\PSoC4/rxISR.c **** /*******************************************************************************
 380:Generated_Source\PSoC4/rxISR.c **** * Function Name: rxISR_ClearPending
 381:Generated_Source\PSoC4/rxISR.c **** ********************************************************************************
 382:Generated_Source\PSoC4/rxISR.c **** *
 383:Generated_Source\PSoC4/rxISR.c **** * Summary:
 384:Generated_Source\PSoC4/rxISR.c **** *   Clears a pending interrupt in the interrupt controller.
 385:Generated_Source\PSoC4/rxISR.c **** *
 386:Generated_Source\PSoC4/rxISR.c **** *   Note Some interrupt sources are clear-on-read and require the block 
 387:Generated_Source\PSoC4/rxISR.c **** *   interrupt/status register to be read/cleared with the appropriate block API 
 388:Generated_Source\PSoC4/rxISR.c **** *   (GPIO, UART, and so on). Otherwise the ISR will continue to remain in 
 389:Generated_Source\PSoC4/rxISR.c **** *   pending state even though the interrupt itself is cleared using this API.
 390:Generated_Source\PSoC4/rxISR.c **** *
 391:Generated_Source\PSoC4/rxISR.c **** * Parameters:
 392:Generated_Source\PSoC4/rxISR.c **** *   None
 393:Generated_Source\PSoC4/rxISR.c **** *
 394:Generated_Source\PSoC4/rxISR.c **** * Return:
 395:Generated_Source\PSoC4/rxISR.c **** *   None
 396:Generated_Source\PSoC4/rxISR.c **** *
 397:Generated_Source\PSoC4/rxISR.c **** *******************************************************************************/
 398:Generated_Source\PSoC4/rxISR.c **** void rxISR_ClearPending(void)
 399:Generated_Source\PSoC4/rxISR.c **** {
 446              		.loc 1 399 0
 447              		.cfi_startproc
 400:Generated_Source\PSoC4/rxISR.c ****     *rxISR_INTC_CLR_PD = rxISR__INTC_MASK;
 448              		.loc 1 400 0
 449 0000 8022     		mov	r2, #128
 450 0002 024B     		ldr	r3, .L36
 451 0004 1201     		lsl	r2, r2, #4
 452 0006 1A60     		str	r2, [r3]
 401:Generated_Source\PSoC4/rxISR.c **** }
 453              		.loc 1 401 0
 454              		@ sp needed
 455 0008 7047     		bx	lr
ARM GAS  C:\Users\g\AppData\Local\Temp\ccVuRnsD.s 			page 17


 456              	.L37:
 457 000a C046     		.align	2
 458              	.L36:
 459 000c 80E200E0 		.word	-536812928
 460              		.cfi_endproc
 461              	.LFE12:
 462              		.size	rxISR_ClearPending, .-rxISR_ClearPending
 463              		.text
 464              	.Letext0:
 465              		.file 2 "Generated_Source\\PSoC4/cytypes.h"
 466              		.file 3 "Generated_Source\\PSoC4/CyLib.h"
 467              		.section	.debug_info,"",%progbits
 468              	.Ldebug_info0:
 469 0000 4C030000 		.4byte	0x34c
 470 0004 0400     		.2byte	0x4
 471 0006 00000000 		.4byte	.Ldebug_abbrev0
 472 000a 04       		.byte	0x4
 473 000b 01       		.uleb128 0x1
 474 000c 1D020000 		.4byte	.LASF32
 475 0010 01       		.byte	0x1
 476 0011 FC000000 		.4byte	.LASF33
 477 0015 64000000 		.4byte	.LASF34
 478 0019 60000000 		.4byte	.Ldebug_ranges0+0x60
 479 001d 00000000 		.4byte	0
 480 0021 00000000 		.4byte	.Ldebug_line0
 481 0025 02       		.uleb128 0x2
 482 0026 01       		.byte	0x1
 483 0027 06       		.byte	0x6
 484 0028 B4020000 		.4byte	.LASF0
 485 002c 02       		.uleb128 0x2
 486 002d 01       		.byte	0x1
 487 002e 08       		.byte	0x8
 488 002f 24010000 		.4byte	.LASF1
 489 0033 02       		.uleb128 0x2
 490 0034 02       		.byte	0x2
 491 0035 05       		.byte	0x5
 492 0036 EB010000 		.4byte	.LASF2
 493 003a 02       		.uleb128 0x2
 494 003b 02       		.byte	0x2
 495 003c 07       		.byte	0x7
 496 003d 2F000000 		.4byte	.LASF3
 497 0041 02       		.uleb128 0x2
 498 0042 04       		.byte	0x4
 499 0043 05       		.byte	0x5
 500 0044 14020000 		.4byte	.LASF4
 501 0048 02       		.uleb128 0x2
 502 0049 04       		.byte	0x4
 503 004a 07       		.byte	0x7
 504 004b D4000000 		.4byte	.LASF5
 505 004f 02       		.uleb128 0x2
 506 0050 08       		.byte	0x8
 507 0051 05       		.byte	0x5
 508 0052 CB010000 		.4byte	.LASF6
 509 0056 02       		.uleb128 0x2
 510 0057 08       		.byte	0x8
 511 0058 07       		.byte	0x7
 512 0059 91000000 		.4byte	.LASF7
ARM GAS  C:\Users\g\AppData\Local\Temp\ccVuRnsD.s 			page 18


 513 005d 03       		.uleb128 0x3
 514 005e 04       		.byte	0x4
 515 005f 05       		.byte	0x5
 516 0060 696E7400 		.ascii	"int\000"
 517 0064 02       		.uleb128 0x2
 518 0065 04       		.byte	0x4
 519 0066 07       		.byte	0x7
 520 0067 69010000 		.4byte	.LASF8
 521 006b 04       		.uleb128 0x4
 522 006c F6000000 		.4byte	.LASF9
 523 0070 02       		.byte	0x2
 524 0071 9801     		.2byte	0x198
 525 0073 2C000000 		.4byte	0x2c
 526 0077 04       		.uleb128 0x4
 527 0078 4B010000 		.4byte	.LASF10
 528 007c 02       		.byte	0x2
 529 007d 9A01     		.2byte	0x19a
 530 007f 48000000 		.4byte	0x48
 531 0083 02       		.uleb128 0x2
 532 0084 04       		.byte	0x4
 533 0085 04       		.byte	0x4
 534 0086 8B000000 		.4byte	.LASF11
 535 008a 02       		.uleb128 0x2
 536 008b 08       		.byte	0x8
 537 008c 04       		.byte	0x4
 538 008d 32010000 		.4byte	.LASF12
 539 0091 02       		.uleb128 0x2
 540 0092 01       		.byte	0x1
 541 0093 08       		.byte	0x8
 542 0094 E6010000 		.4byte	.LASF13
 543 0098 04       		.uleb128 0x4
 544 0099 0B000000 		.4byte	.LASF14
 545 009d 02       		.byte	0x2
 546 009e 4402     		.2byte	0x244
 547 00a0 A4000000 		.4byte	0xa4
 548 00a4 05       		.uleb128 0x5
 549 00a5 77000000 		.4byte	0x77
 550 00a9 04       		.uleb128 0x4
 551 00aa B5010000 		.4byte	.LASF15
 552 00ae 02       		.byte	0x2
 553 00af 5402     		.2byte	0x254
 554 00b1 B5000000 		.4byte	0xb5
 555 00b5 06       		.uleb128 0x6
 556 00b6 04       		.byte	0x4
 557 00b7 BB000000 		.4byte	0xbb
 558 00bb 07       		.uleb128 0x7
 559 00bc 02       		.uleb128 0x2
 560 00bd 04       		.byte	0x4
 561 00be 07       		.byte	0x7
 562 00bf C2010000 		.4byte	.LASF16
 563 00c3 08       		.uleb128 0x8
 564 00c4 76010000 		.4byte	.LASF17
 565 00c8 01       		.byte	0x1
 566 00c9 5A01     		.2byte	0x15a
 567 00cb 01       		.byte	0x1
 568 00cc 09       		.uleb128 0x9
 569 00cd F5010000 		.4byte	.LASF35
ARM GAS  C:\Users\g\AppData\Local\Temp\ccVuRnsD.s 			page 19


 570 00d1 01       		.byte	0x1
 571 00d2 C7       		.byte	0xc7
 572 00d3 01       		.byte	0x1
 573 00d4 E4000000 		.4byte	0xe4
 574 00d8 0A       		.uleb128 0xa
 575 00d9 97010000 		.4byte	.LASF26
 576 00dd 01       		.byte	0x1
 577 00de C7       		.byte	0xc7
 578 00df A9000000 		.4byte	0xa9
 579 00e3 00       		.byte	0
 580 00e4 08       		.uleb128 0x8
 581 00e5 D9010000 		.4byte	.LASF18
 582 00e9 01       		.byte	0x1
 583 00ea 3001     		.2byte	0x130
 584 00ec 01       		.byte	0x1
 585 00ed 0B       		.uleb128 0xb
 586 00ee E6000000 		.4byte	.LASF29
 587 00f2 01       		.byte	0x1
 588 00f3 9F       		.byte	0x9f
 589 00f4 00000000 		.4byte	.LFB3
 590 00f8 02000000 		.4byte	.LFE3-.LFB3
 591 00fc 01       		.uleb128 0x1
 592 00fd 9C       		.byte	0x9c
 593 00fe 0C       		.uleb128 0xc
 594 00ff 00000000 		.4byte	.LASF19
 595 0103 01       		.byte	0x1
 596 0104 81       		.byte	0x81
 597 0105 00000000 		.4byte	.LFB2
 598 0109 1C000000 		.4byte	.LFE2-.LFB2
 599 010d 01       		.uleb128 0x1
 600 010e 9C       		.byte	0x9c
 601 010f 38010000 		.4byte	0x138
 602 0113 0D       		.uleb128 0xd
 603 0114 C3000000 		.4byte	0xc3
 604 0118 00000000 		.4byte	.LBB18
 605 011c 08000000 		.4byte	.LBE18-.LBB18
 606 0120 01       		.byte	0x1
 607 0121 84       		.byte	0x84
 608 0122 0E       		.uleb128 0xe
 609 0123 CC000000 		.4byte	0xcc
 610 0127 08000000 		.4byte	.LBB20
 611 012b 00000000 		.4byte	.Ldebug_ranges0+0
 612 012f 01       		.byte	0x1
 613 0130 87       		.byte	0x87
 614 0131 0F       		.uleb128 0xf
 615 0132 D8000000 		.4byte	0xd8
 616 0136 00       		.byte	0
 617 0137 00       		.byte	0
 618 0138 10       		.uleb128 0x10
 619 0139 CC000000 		.4byte	0xcc
 620 013d 00000000 		.4byte	.LFB4
 621 0141 0C000000 		.4byte	.LFE4-.LFB4
 622 0145 01       		.uleb128 0x1
 623 0146 9C       		.byte	0x9c
 624 0147 53010000 		.4byte	0x153
 625 014b 11       		.uleb128 0x11
 626 014c D8000000 		.4byte	0xd8
ARM GAS  C:\Users\g\AppData\Local\Temp\ccVuRnsD.s 			page 20


 627 0150 01       		.uleb128 0x1
 628 0151 50       		.byte	0x50
 629 0152 00       		.byte	0
 630 0153 12       		.uleb128 0x12
 631 0154 54000000 		.4byte	.LASF27
 632 0158 01       		.byte	0x1
 633 0159 DB       		.byte	0xdb
 634 015a A9000000 		.4byte	0xa9
 635 015e 00000000 		.4byte	.LFB5
 636 0162 0C000000 		.4byte	.LFE5-.LFB5
 637 0166 01       		.uleb128 0x1
 638 0167 9C       		.byte	0x9c
 639 0168 0C       		.uleb128 0xc
 640 0169 39010000 		.4byte	.LASF20
 641 016d 01       		.byte	0x1
 642 016e F9       		.byte	0xf9
 643 016f 00000000 		.4byte	.LFB6
 644 0173 20000000 		.4byte	.LFE6-.LFB6
 645 0177 01       		.uleb128 0x1
 646 0178 9C       		.byte	0x9c
 647 0179 BA010000 		.4byte	0x1ba
 648 017d 13       		.uleb128 0x13
 649 017e 1B010000 		.4byte	.LASF25
 650 0182 01       		.byte	0x1
 651 0183 F9       		.byte	0xf9
 652 0184 6B000000 		.4byte	0x6b
 653 0188 00000000 		.4byte	.LLST0
 654 018c 14       		.uleb128 0x14
 655 018d C5000000 		.4byte	.LASF21
 656 0191 01       		.byte	0x1
 657 0192 FB       		.byte	0xfb
 658 0193 6B000000 		.4byte	0x6b
 659 0197 21000000 		.4byte	.LLST1
 660 019b 15       		.uleb128 0x15
 661 019c 05020000 		.4byte	.LASF22
 662 01a0 01       		.byte	0x1
 663 01a1 FC       		.byte	0xfc
 664 01a2 77000000 		.4byte	0x77
 665 01a6 1E       		.byte	0x1e
 666 01a7 16       		.uleb128 0x16
 667 01a8 08000000 		.4byte	.LVL3
 668 01ac 37030000 		.4byte	0x337
 669 01b0 16       		.uleb128 0x16
 670 01b1 1A000000 		.4byte	.LVL4
 671 01b5 42030000 		.4byte	0x342
 672 01b9 00       		.byte	0
 673 01ba 0C       		.uleb128 0xc
 674 01bb C0020000 		.4byte	.LASF23
 675 01bf 01       		.byte	0x1
 676 01c0 38       		.byte	0x38
 677 01c1 00000000 		.4byte	.LFB0
 678 01c5 2C000000 		.4byte	.LFE0-.LFB0
 679 01c9 01       		.uleb128 0x1
 680 01ca 9C       		.byte	0x9c
 681 01cb 1D020000 		.4byte	0x21d
 682 01cf 0D       		.uleb128 0xd
 683 01d0 C3000000 		.4byte	0xc3
ARM GAS  C:\Users\g\AppData\Local\Temp\ccVuRnsD.s 			page 21


 684 01d4 02000000 		.4byte	.LBB24
 685 01d8 08000000 		.4byte	.LBE24-.LBB24
 686 01dc 01       		.byte	0x1
 687 01dd 3B       		.byte	0x3b
 688 01de 17       		.uleb128 0x17
 689 01df CC000000 		.4byte	0xcc
 690 01e3 0A000000 		.4byte	.LBB26
 691 01e7 18000000 		.4byte	.Ldebug_ranges0+0x18
 692 01eb 01       		.byte	0x1
 693 01ec 3E       		.byte	0x3e
 694 01ed FE010000 		.4byte	0x1fe
 695 01f1 11       		.uleb128 0x11
 696 01f2 D8000000 		.4byte	0xd8
 697 01f6 06       		.uleb128 0x6
 698 01f7 03       		.byte	0x3
 699 01f8 00000000 		.4byte	rxISR_Interrupt
 700 01fc 9F       		.byte	0x9f
 701 01fd 00       		.byte	0
 702 01fe 18       		.uleb128 0x18
 703 01ff E4000000 		.4byte	0xe4
 704 0203 16000000 		.4byte	.LBB30
 705 0207 30000000 		.4byte	.Ldebug_ranges0+0x30
 706 020b 01       		.byte	0x1
 707 020c 44       		.byte	0x44
 708 020d 19       		.uleb128 0x19
 709 020e 16000000 		.4byte	.LVL6
 710 0212 68010000 		.4byte	0x168
 711 0216 1A       		.uleb128 0x1a
 712 0217 01       		.uleb128 0x1
 713 0218 50       		.byte	0x50
 714 0219 01       		.uleb128 0x1
 715 021a 31       		.byte	0x31
 716 021b 00       		.byte	0
 717 021c 00       		.byte	0
 718 021d 0C       		.uleb128 0xc
 719 021e A8000000 		.4byte	.LASF24
 720 0222 01       		.byte	0x1
 721 0223 63       		.byte	0x63
 722 0224 00000000 		.4byte	.LFB1
 723 0228 28000000 		.4byte	.LFE1-.LFB1
 724 022c 01       		.uleb128 0x1
 725 022d 9C       		.byte	0x9c
 726 022e 8C020000 		.4byte	0x28c
 727 0232 13       		.uleb128 0x13
 728 0233 97010000 		.4byte	.LASF26
 729 0237 01       		.byte	0x1
 730 0238 63       		.byte	0x63
 731 0239 A9000000 		.4byte	0xa9
 732 023d 34000000 		.4byte	.LLST2
 733 0241 0D       		.uleb128 0xd
 734 0242 C3000000 		.4byte	0xc3
 735 0246 02000000 		.4byte	.LBB34
 736 024a 08000000 		.4byte	.LBE34-.LBB34
 737 024e 01       		.byte	0x1
 738 024f 66       		.byte	0x66
 739 0250 17       		.uleb128 0x17
 740 0251 CC000000 		.4byte	0xcc
ARM GAS  C:\Users\g\AppData\Local\Temp\ccVuRnsD.s 			page 22


 741 0255 0A000000 		.4byte	.LBB36
 742 0259 48000000 		.4byte	.Ldebug_ranges0+0x48
 743 025d 01       		.byte	0x1
 744 025e 69       		.byte	0x69
 745 025f 6D020000 		.4byte	0x26d
 746 0263 1B       		.uleb128 0x1b
 747 0264 D8000000 		.4byte	0xd8
 748 0268 62000000 		.4byte	.LLST3
 749 026c 00       		.byte	0
 750 026d 0D       		.uleb128 0xd
 751 026e E4000000 		.4byte	0xe4
 752 0272 14000000 		.4byte	.LBB40
 753 0276 04000000 		.4byte	.LBE40-.LBB40
 754 027a 01       		.byte	0x1
 755 027b 6F       		.byte	0x6f
 756 027c 19       		.uleb128 0x19
 757 027d 14000000 		.4byte	.LVL10
 758 0281 68010000 		.4byte	0x168
 759 0285 1A       		.uleb128 0x1a
 760 0286 01       		.uleb128 0x1
 761 0287 50       		.byte	0x50
 762 0288 01       		.uleb128 0x1
 763 0289 31       		.byte	0x31
 764 028a 00       		.byte	0
 765 028b 00       		.byte	0
 766 028c 1C       		.uleb128 0x1c
 767 028d 42000000 		.4byte	.LASF36
 768 0291 01       		.byte	0x1
 769 0292 1501     		.2byte	0x115
 770 0294 6B000000 		.4byte	0x6b
 771 0298 00000000 		.4byte	.LFB7
 772 029c 0C000000 		.4byte	.LFE7-.LFB7
 773 02a0 01       		.uleb128 0x1
 774 02a1 9C       		.byte	0x9c
 775 02a2 C4020000 		.4byte	0x2c4
 776 02a6 1D       		.uleb128 0x1d
 777 02a7 1B010000 		.4byte	.LASF25
 778 02ab 01       		.byte	0x1
 779 02ac 1701     		.2byte	0x117
 780 02ae 77000000 		.4byte	0x77
 781 02b2 90000000 		.4byte	.LLST4
 782 02b6 1E       		.uleb128 0x1e
 783 02b7 05020000 		.4byte	.LASF22
 784 02bb 01       		.byte	0x1
 785 02bc 1801     		.2byte	0x118
 786 02be 77000000 		.4byte	0x77
 787 02c2 1E       		.byte	0x1e
 788 02c3 00       		.byte	0
 789 02c4 1F       		.uleb128 0x1f
 790 02c5 E4000000 		.4byte	0xe4
 791 02c9 00000000 		.4byte	.LFB8
 792 02cd 10000000 		.4byte	.LFE8-.LFB8
 793 02d1 01       		.uleb128 0x1
 794 02d2 9C       		.byte	0x9c
 795 02d3 20       		.uleb128 0x20
 796 02d4 B6000000 		.4byte	.LASF28
 797 02d8 01       		.byte	0x1
ARM GAS  C:\Users\g\AppData\Local\Temp\ccVuRnsD.s 			page 23


 798 02d9 4501     		.2byte	0x145
 799 02db 6B000000 		.4byte	0x6b
 800 02df 00000000 		.4byte	.LFB9
 801 02e3 10000000 		.4byte	.LFE9-.LFB9
 802 02e7 01       		.uleb128 0x1
 803 02e8 9C       		.byte	0x9c
 804 02e9 1F       		.uleb128 0x1f
 805 02ea C3000000 		.4byte	0xc3
 806 02ee 00000000 		.4byte	.LFB10
 807 02f2 10000000 		.4byte	.LFE10-.LFB10
 808 02f6 01       		.uleb128 0x1
 809 02f7 9C       		.byte	0x9c
 810 02f8 21       		.uleb128 0x21
 811 02f9 1E000000 		.4byte	.LASF30
 812 02fd 01       		.byte	0x1
 813 02fe 7501     		.2byte	0x175
 814 0300 00000000 		.4byte	.LFB11
 815 0304 10000000 		.4byte	.LFE11-.LFB11
 816 0308 01       		.uleb128 0x1
 817 0309 9C       		.byte	0x9c
 818 030a 21       		.uleb128 0x21
 819 030b 84010000 		.4byte	.LASF31
 820 030f 01       		.byte	0x1
 821 0310 8E01     		.2byte	0x18e
 822 0312 00000000 		.4byte	.LFB12
 823 0316 10000000 		.4byte	.LFE12-.LFB12
 824 031a 01       		.uleb128 0x1
 825 031b 9C       		.byte	0x9c
 826 031c 22       		.uleb128 0x22
 827 031d A9000000 		.4byte	0xa9
 828 0321 2C030000 		.4byte	0x32c
 829 0325 23       		.uleb128 0x23
 830 0326 BC000000 		.4byte	0xbc
 831 032a 2F       		.byte	0x2f
 832 032b 00       		.byte	0
 833 032c 24       		.uleb128 0x24
 834 032d 11000000 		.4byte	.LASF37
 835 0331 01       		.byte	0x1
 836 0332 21       		.byte	0x21
 837 0333 1C030000 		.4byte	0x31c
 838 0337 25       		.uleb128 0x25
 839 0338 52010000 		.4byte	.LASF38
 840 033c 03       		.byte	0x3
 841 033d E3       		.byte	0xe3
 842 033e 6B000000 		.4byte	0x6b
 843 0342 26       		.uleb128 0x26
 844 0343 9F010000 		.4byte	.LASF39
 845 0347 03       		.byte	0x3
 846 0348 E4       		.byte	0xe4
 847 0349 27       		.uleb128 0x27
 848 034a 6B000000 		.4byte	0x6b
 849 034e 00       		.byte	0
 850 034f 00       		.byte	0
 851              		.section	.debug_abbrev,"",%progbits
 852              	.Ldebug_abbrev0:
 853 0000 01       		.uleb128 0x1
 854 0001 11       		.uleb128 0x11
ARM GAS  C:\Users\g\AppData\Local\Temp\ccVuRnsD.s 			page 24


 855 0002 01       		.byte	0x1
 856 0003 25       		.uleb128 0x25
 857 0004 0E       		.uleb128 0xe
 858 0005 13       		.uleb128 0x13
 859 0006 0B       		.uleb128 0xb
 860 0007 03       		.uleb128 0x3
 861 0008 0E       		.uleb128 0xe
 862 0009 1B       		.uleb128 0x1b
 863 000a 0E       		.uleb128 0xe
 864 000b 55       		.uleb128 0x55
 865 000c 17       		.uleb128 0x17
 866 000d 11       		.uleb128 0x11
 867 000e 01       		.uleb128 0x1
 868 000f 10       		.uleb128 0x10
 869 0010 17       		.uleb128 0x17
 870 0011 00       		.byte	0
 871 0012 00       		.byte	0
 872 0013 02       		.uleb128 0x2
 873 0014 24       		.uleb128 0x24
 874 0015 00       		.byte	0
 875 0016 0B       		.uleb128 0xb
 876 0017 0B       		.uleb128 0xb
 877 0018 3E       		.uleb128 0x3e
 878 0019 0B       		.uleb128 0xb
 879 001a 03       		.uleb128 0x3
 880 001b 0E       		.uleb128 0xe
 881 001c 00       		.byte	0
 882 001d 00       		.byte	0
 883 001e 03       		.uleb128 0x3
 884 001f 24       		.uleb128 0x24
 885 0020 00       		.byte	0
 886 0021 0B       		.uleb128 0xb
 887 0022 0B       		.uleb128 0xb
 888 0023 3E       		.uleb128 0x3e
 889 0024 0B       		.uleb128 0xb
 890 0025 03       		.uleb128 0x3
 891 0026 08       		.uleb128 0x8
 892 0027 00       		.byte	0
 893 0028 00       		.byte	0
 894 0029 04       		.uleb128 0x4
 895 002a 16       		.uleb128 0x16
 896 002b 00       		.byte	0
 897 002c 03       		.uleb128 0x3
 898 002d 0E       		.uleb128 0xe
 899 002e 3A       		.uleb128 0x3a
 900 002f 0B       		.uleb128 0xb
 901 0030 3B       		.uleb128 0x3b
 902 0031 05       		.uleb128 0x5
 903 0032 49       		.uleb128 0x49
 904 0033 13       		.uleb128 0x13
 905 0034 00       		.byte	0
 906 0035 00       		.byte	0
 907 0036 05       		.uleb128 0x5
 908 0037 35       		.uleb128 0x35
 909 0038 00       		.byte	0
 910 0039 49       		.uleb128 0x49
 911 003a 13       		.uleb128 0x13
ARM GAS  C:\Users\g\AppData\Local\Temp\ccVuRnsD.s 			page 25


 912 003b 00       		.byte	0
 913 003c 00       		.byte	0
 914 003d 06       		.uleb128 0x6
 915 003e 0F       		.uleb128 0xf
 916 003f 00       		.byte	0
 917 0040 0B       		.uleb128 0xb
 918 0041 0B       		.uleb128 0xb
 919 0042 49       		.uleb128 0x49
 920 0043 13       		.uleb128 0x13
 921 0044 00       		.byte	0
 922 0045 00       		.byte	0
 923 0046 07       		.uleb128 0x7
 924 0047 15       		.uleb128 0x15
 925 0048 00       		.byte	0
 926 0049 27       		.uleb128 0x27
 927 004a 19       		.uleb128 0x19
 928 004b 00       		.byte	0
 929 004c 00       		.byte	0
 930 004d 08       		.uleb128 0x8
 931 004e 2E       		.uleb128 0x2e
 932 004f 00       		.byte	0
 933 0050 3F       		.uleb128 0x3f
 934 0051 19       		.uleb128 0x19
 935 0052 03       		.uleb128 0x3
 936 0053 0E       		.uleb128 0xe
 937 0054 3A       		.uleb128 0x3a
 938 0055 0B       		.uleb128 0xb
 939 0056 3B       		.uleb128 0x3b
 940 0057 05       		.uleb128 0x5
 941 0058 27       		.uleb128 0x27
 942 0059 19       		.uleb128 0x19
 943 005a 20       		.uleb128 0x20
 944 005b 0B       		.uleb128 0xb
 945 005c 00       		.byte	0
 946 005d 00       		.byte	0
 947 005e 09       		.uleb128 0x9
 948 005f 2E       		.uleb128 0x2e
 949 0060 01       		.byte	0x1
 950 0061 3F       		.uleb128 0x3f
 951 0062 19       		.uleb128 0x19
 952 0063 03       		.uleb128 0x3
 953 0064 0E       		.uleb128 0xe
 954 0065 3A       		.uleb128 0x3a
 955 0066 0B       		.uleb128 0xb
 956 0067 3B       		.uleb128 0x3b
 957 0068 0B       		.uleb128 0xb
 958 0069 27       		.uleb128 0x27
 959 006a 19       		.uleb128 0x19
 960 006b 20       		.uleb128 0x20
 961 006c 0B       		.uleb128 0xb
 962 006d 01       		.uleb128 0x1
 963 006e 13       		.uleb128 0x13
 964 006f 00       		.byte	0
 965 0070 00       		.byte	0
 966 0071 0A       		.uleb128 0xa
 967 0072 05       		.uleb128 0x5
 968 0073 00       		.byte	0
ARM GAS  C:\Users\g\AppData\Local\Temp\ccVuRnsD.s 			page 26


 969 0074 03       		.uleb128 0x3
 970 0075 0E       		.uleb128 0xe
 971 0076 3A       		.uleb128 0x3a
 972 0077 0B       		.uleb128 0xb
 973 0078 3B       		.uleb128 0x3b
 974 0079 0B       		.uleb128 0xb
 975 007a 49       		.uleb128 0x49
 976 007b 13       		.uleb128 0x13
 977 007c 00       		.byte	0
 978 007d 00       		.byte	0
 979 007e 0B       		.uleb128 0xb
 980 007f 2E       		.uleb128 0x2e
 981 0080 00       		.byte	0
 982 0081 3F       		.uleb128 0x3f
 983 0082 19       		.uleb128 0x19
 984 0083 03       		.uleb128 0x3
 985 0084 0E       		.uleb128 0xe
 986 0085 3A       		.uleb128 0x3a
 987 0086 0B       		.uleb128 0xb
 988 0087 3B       		.uleb128 0x3b
 989 0088 0B       		.uleb128 0xb
 990 0089 27       		.uleb128 0x27
 991 008a 19       		.uleb128 0x19
 992 008b 11       		.uleb128 0x11
 993 008c 01       		.uleb128 0x1
 994 008d 12       		.uleb128 0x12
 995 008e 06       		.uleb128 0x6
 996 008f 40       		.uleb128 0x40
 997 0090 18       		.uleb128 0x18
 998 0091 9742     		.uleb128 0x2117
 999 0093 19       		.uleb128 0x19
 1000 0094 00       		.byte	0
 1001 0095 00       		.byte	0
 1002 0096 0C       		.uleb128 0xc
 1003 0097 2E       		.uleb128 0x2e
 1004 0098 01       		.byte	0x1
 1005 0099 3F       		.uleb128 0x3f
 1006 009a 19       		.uleb128 0x19
 1007 009b 03       		.uleb128 0x3
 1008 009c 0E       		.uleb128 0xe
 1009 009d 3A       		.uleb128 0x3a
 1010 009e 0B       		.uleb128 0xb
 1011 009f 3B       		.uleb128 0x3b
 1012 00a0 0B       		.uleb128 0xb
 1013 00a1 27       		.uleb128 0x27
 1014 00a2 19       		.uleb128 0x19
 1015 00a3 11       		.uleb128 0x11
 1016 00a4 01       		.uleb128 0x1
 1017 00a5 12       		.uleb128 0x12
 1018 00a6 06       		.uleb128 0x6
 1019 00a7 40       		.uleb128 0x40
 1020 00a8 18       		.uleb128 0x18
 1021 00a9 9742     		.uleb128 0x2117
 1022 00ab 19       		.uleb128 0x19
 1023 00ac 01       		.uleb128 0x1
 1024 00ad 13       		.uleb128 0x13
 1025 00ae 00       		.byte	0
ARM GAS  C:\Users\g\AppData\Local\Temp\ccVuRnsD.s 			page 27


 1026 00af 00       		.byte	0
 1027 00b0 0D       		.uleb128 0xd
 1028 00b1 1D       		.uleb128 0x1d
 1029 00b2 00       		.byte	0
 1030 00b3 31       		.uleb128 0x31
 1031 00b4 13       		.uleb128 0x13
 1032 00b5 11       		.uleb128 0x11
 1033 00b6 01       		.uleb128 0x1
 1034 00b7 12       		.uleb128 0x12
 1035 00b8 06       		.uleb128 0x6
 1036 00b9 58       		.uleb128 0x58
 1037 00ba 0B       		.uleb128 0xb
 1038 00bb 59       		.uleb128 0x59
 1039 00bc 0B       		.uleb128 0xb
 1040 00bd 00       		.byte	0
 1041 00be 00       		.byte	0
 1042 00bf 0E       		.uleb128 0xe
 1043 00c0 1D       		.uleb128 0x1d
 1044 00c1 01       		.byte	0x1
 1045 00c2 31       		.uleb128 0x31
 1046 00c3 13       		.uleb128 0x13
 1047 00c4 52       		.uleb128 0x52
 1048 00c5 01       		.uleb128 0x1
 1049 00c6 55       		.uleb128 0x55
 1050 00c7 17       		.uleb128 0x17
 1051 00c8 58       		.uleb128 0x58
 1052 00c9 0B       		.uleb128 0xb
 1053 00ca 59       		.uleb128 0x59
 1054 00cb 0B       		.uleb128 0xb
 1055 00cc 00       		.byte	0
 1056 00cd 00       		.byte	0
 1057 00ce 0F       		.uleb128 0xf
 1058 00cf 05       		.uleb128 0x5
 1059 00d0 00       		.byte	0
 1060 00d1 31       		.uleb128 0x31
 1061 00d2 13       		.uleb128 0x13
 1062 00d3 00       		.byte	0
 1063 00d4 00       		.byte	0
 1064 00d5 10       		.uleb128 0x10
 1065 00d6 2E       		.uleb128 0x2e
 1066 00d7 01       		.byte	0x1
 1067 00d8 31       		.uleb128 0x31
 1068 00d9 13       		.uleb128 0x13
 1069 00da 11       		.uleb128 0x11
 1070 00db 01       		.uleb128 0x1
 1071 00dc 12       		.uleb128 0x12
 1072 00dd 06       		.uleb128 0x6
 1073 00de 40       		.uleb128 0x40
 1074 00df 18       		.uleb128 0x18
 1075 00e0 9742     		.uleb128 0x2117
 1076 00e2 19       		.uleb128 0x19
 1077 00e3 01       		.uleb128 0x1
 1078 00e4 13       		.uleb128 0x13
 1079 00e5 00       		.byte	0
 1080 00e6 00       		.byte	0
 1081 00e7 11       		.uleb128 0x11
 1082 00e8 05       		.uleb128 0x5
ARM GAS  C:\Users\g\AppData\Local\Temp\ccVuRnsD.s 			page 28


 1083 00e9 00       		.byte	0
 1084 00ea 31       		.uleb128 0x31
 1085 00eb 13       		.uleb128 0x13
 1086 00ec 02       		.uleb128 0x2
 1087 00ed 18       		.uleb128 0x18
 1088 00ee 00       		.byte	0
 1089 00ef 00       		.byte	0
 1090 00f0 12       		.uleb128 0x12
 1091 00f1 2E       		.uleb128 0x2e
 1092 00f2 00       		.byte	0
 1093 00f3 3F       		.uleb128 0x3f
 1094 00f4 19       		.uleb128 0x19
 1095 00f5 03       		.uleb128 0x3
 1096 00f6 0E       		.uleb128 0xe
 1097 00f7 3A       		.uleb128 0x3a
 1098 00f8 0B       		.uleb128 0xb
 1099 00f9 3B       		.uleb128 0x3b
 1100 00fa 0B       		.uleb128 0xb
 1101 00fb 27       		.uleb128 0x27
 1102 00fc 19       		.uleb128 0x19
 1103 00fd 49       		.uleb128 0x49
 1104 00fe 13       		.uleb128 0x13
 1105 00ff 11       		.uleb128 0x11
 1106 0100 01       		.uleb128 0x1
 1107 0101 12       		.uleb128 0x12
 1108 0102 06       		.uleb128 0x6
 1109 0103 40       		.uleb128 0x40
 1110 0104 18       		.uleb128 0x18
 1111 0105 9742     		.uleb128 0x2117
 1112 0107 19       		.uleb128 0x19
 1113 0108 00       		.byte	0
 1114 0109 00       		.byte	0
 1115 010a 13       		.uleb128 0x13
 1116 010b 05       		.uleb128 0x5
 1117 010c 00       		.byte	0
 1118 010d 03       		.uleb128 0x3
 1119 010e 0E       		.uleb128 0xe
 1120 010f 3A       		.uleb128 0x3a
 1121 0110 0B       		.uleb128 0xb
 1122 0111 3B       		.uleb128 0x3b
 1123 0112 0B       		.uleb128 0xb
 1124 0113 49       		.uleb128 0x49
 1125 0114 13       		.uleb128 0x13
 1126 0115 02       		.uleb128 0x2
 1127 0116 17       		.uleb128 0x17
 1128 0117 00       		.byte	0
 1129 0118 00       		.byte	0
 1130 0119 14       		.uleb128 0x14
 1131 011a 34       		.uleb128 0x34
 1132 011b 00       		.byte	0
 1133 011c 03       		.uleb128 0x3
 1134 011d 0E       		.uleb128 0xe
 1135 011e 3A       		.uleb128 0x3a
 1136 011f 0B       		.uleb128 0xb
 1137 0120 3B       		.uleb128 0x3b
 1138 0121 0B       		.uleb128 0xb
 1139 0122 49       		.uleb128 0x49
ARM GAS  C:\Users\g\AppData\Local\Temp\ccVuRnsD.s 			page 29


 1140 0123 13       		.uleb128 0x13
 1141 0124 02       		.uleb128 0x2
 1142 0125 17       		.uleb128 0x17
 1143 0126 00       		.byte	0
 1144 0127 00       		.byte	0
 1145 0128 15       		.uleb128 0x15
 1146 0129 34       		.uleb128 0x34
 1147 012a 00       		.byte	0
 1148 012b 03       		.uleb128 0x3
 1149 012c 0E       		.uleb128 0xe
 1150 012d 3A       		.uleb128 0x3a
 1151 012e 0B       		.uleb128 0xb
 1152 012f 3B       		.uleb128 0x3b
 1153 0130 0B       		.uleb128 0xb
 1154 0131 49       		.uleb128 0x49
 1155 0132 13       		.uleb128 0x13
 1156 0133 1C       		.uleb128 0x1c
 1157 0134 0B       		.uleb128 0xb
 1158 0135 00       		.byte	0
 1159 0136 00       		.byte	0
 1160 0137 16       		.uleb128 0x16
 1161 0138 898201   		.uleb128 0x4109
 1162 013b 00       		.byte	0
 1163 013c 11       		.uleb128 0x11
 1164 013d 01       		.uleb128 0x1
 1165 013e 31       		.uleb128 0x31
 1166 013f 13       		.uleb128 0x13
 1167 0140 00       		.byte	0
 1168 0141 00       		.byte	0
 1169 0142 17       		.uleb128 0x17
 1170 0143 1D       		.uleb128 0x1d
 1171 0144 01       		.byte	0x1
 1172 0145 31       		.uleb128 0x31
 1173 0146 13       		.uleb128 0x13
 1174 0147 52       		.uleb128 0x52
 1175 0148 01       		.uleb128 0x1
 1176 0149 55       		.uleb128 0x55
 1177 014a 17       		.uleb128 0x17
 1178 014b 58       		.uleb128 0x58
 1179 014c 0B       		.uleb128 0xb
 1180 014d 59       		.uleb128 0x59
 1181 014e 0B       		.uleb128 0xb
 1182 014f 01       		.uleb128 0x1
 1183 0150 13       		.uleb128 0x13
 1184 0151 00       		.byte	0
 1185 0152 00       		.byte	0
 1186 0153 18       		.uleb128 0x18
 1187 0154 1D       		.uleb128 0x1d
 1188 0155 00       		.byte	0
 1189 0156 31       		.uleb128 0x31
 1190 0157 13       		.uleb128 0x13
 1191 0158 52       		.uleb128 0x52
 1192 0159 01       		.uleb128 0x1
 1193 015a 55       		.uleb128 0x55
 1194 015b 17       		.uleb128 0x17
 1195 015c 58       		.uleb128 0x58
 1196 015d 0B       		.uleb128 0xb
ARM GAS  C:\Users\g\AppData\Local\Temp\ccVuRnsD.s 			page 30


 1197 015e 59       		.uleb128 0x59
 1198 015f 0B       		.uleb128 0xb
 1199 0160 00       		.byte	0
 1200 0161 00       		.byte	0
 1201 0162 19       		.uleb128 0x19
 1202 0163 898201   		.uleb128 0x4109
 1203 0166 01       		.byte	0x1
 1204 0167 11       		.uleb128 0x11
 1205 0168 01       		.uleb128 0x1
 1206 0169 31       		.uleb128 0x31
 1207 016a 13       		.uleb128 0x13
 1208 016b 00       		.byte	0
 1209 016c 00       		.byte	0
 1210 016d 1A       		.uleb128 0x1a
 1211 016e 8A8201   		.uleb128 0x410a
 1212 0171 00       		.byte	0
 1213 0172 02       		.uleb128 0x2
 1214 0173 18       		.uleb128 0x18
 1215 0174 9142     		.uleb128 0x2111
 1216 0176 18       		.uleb128 0x18
 1217 0177 00       		.byte	0
 1218 0178 00       		.byte	0
 1219 0179 1B       		.uleb128 0x1b
 1220 017a 05       		.uleb128 0x5
 1221 017b 00       		.byte	0
 1222 017c 31       		.uleb128 0x31
 1223 017d 13       		.uleb128 0x13
 1224 017e 02       		.uleb128 0x2
 1225 017f 17       		.uleb128 0x17
 1226 0180 00       		.byte	0
 1227 0181 00       		.byte	0
 1228 0182 1C       		.uleb128 0x1c
 1229 0183 2E       		.uleb128 0x2e
 1230 0184 01       		.byte	0x1
 1231 0185 3F       		.uleb128 0x3f
 1232 0186 19       		.uleb128 0x19
 1233 0187 03       		.uleb128 0x3
 1234 0188 0E       		.uleb128 0xe
 1235 0189 3A       		.uleb128 0x3a
 1236 018a 0B       		.uleb128 0xb
 1237 018b 3B       		.uleb128 0x3b
 1238 018c 05       		.uleb128 0x5
 1239 018d 27       		.uleb128 0x27
 1240 018e 19       		.uleb128 0x19
 1241 018f 49       		.uleb128 0x49
 1242 0190 13       		.uleb128 0x13
 1243 0191 11       		.uleb128 0x11
 1244 0192 01       		.uleb128 0x1
 1245 0193 12       		.uleb128 0x12
 1246 0194 06       		.uleb128 0x6
 1247 0195 40       		.uleb128 0x40
 1248 0196 18       		.uleb128 0x18
 1249 0197 9742     		.uleb128 0x2117
 1250 0199 19       		.uleb128 0x19
 1251 019a 01       		.uleb128 0x1
 1252 019b 13       		.uleb128 0x13
 1253 019c 00       		.byte	0
ARM GAS  C:\Users\g\AppData\Local\Temp\ccVuRnsD.s 			page 31


 1254 019d 00       		.byte	0
 1255 019e 1D       		.uleb128 0x1d
 1256 019f 34       		.uleb128 0x34
 1257 01a0 00       		.byte	0
 1258 01a1 03       		.uleb128 0x3
 1259 01a2 0E       		.uleb128 0xe
 1260 01a3 3A       		.uleb128 0x3a
 1261 01a4 0B       		.uleb128 0xb
 1262 01a5 3B       		.uleb128 0x3b
 1263 01a6 05       		.uleb128 0x5
 1264 01a7 49       		.uleb128 0x49
 1265 01a8 13       		.uleb128 0x13
 1266 01a9 02       		.uleb128 0x2
 1267 01aa 17       		.uleb128 0x17
 1268 01ab 00       		.byte	0
 1269 01ac 00       		.byte	0
 1270 01ad 1E       		.uleb128 0x1e
 1271 01ae 34       		.uleb128 0x34
 1272 01af 00       		.byte	0
 1273 01b0 03       		.uleb128 0x3
 1274 01b1 0E       		.uleb128 0xe
 1275 01b2 3A       		.uleb128 0x3a
 1276 01b3 0B       		.uleb128 0xb
 1277 01b4 3B       		.uleb128 0x3b
 1278 01b5 05       		.uleb128 0x5
 1279 01b6 49       		.uleb128 0x49
 1280 01b7 13       		.uleb128 0x13
 1281 01b8 1C       		.uleb128 0x1c
 1282 01b9 0B       		.uleb128 0xb
 1283 01ba 00       		.byte	0
 1284 01bb 00       		.byte	0
 1285 01bc 1F       		.uleb128 0x1f
 1286 01bd 2E       		.uleb128 0x2e
 1287 01be 00       		.byte	0
 1288 01bf 31       		.uleb128 0x31
 1289 01c0 13       		.uleb128 0x13
 1290 01c1 11       		.uleb128 0x11
 1291 01c2 01       		.uleb128 0x1
 1292 01c3 12       		.uleb128 0x12
 1293 01c4 06       		.uleb128 0x6
 1294 01c5 40       		.uleb128 0x40
 1295 01c6 18       		.uleb128 0x18
 1296 01c7 9742     		.uleb128 0x2117
 1297 01c9 19       		.uleb128 0x19
 1298 01ca 00       		.byte	0
 1299 01cb 00       		.byte	0
 1300 01cc 20       		.uleb128 0x20
 1301 01cd 2E       		.uleb128 0x2e
 1302 01ce 00       		.byte	0
 1303 01cf 3F       		.uleb128 0x3f
 1304 01d0 19       		.uleb128 0x19
 1305 01d1 03       		.uleb128 0x3
 1306 01d2 0E       		.uleb128 0xe
 1307 01d3 3A       		.uleb128 0x3a
 1308 01d4 0B       		.uleb128 0xb
 1309 01d5 3B       		.uleb128 0x3b
 1310 01d6 05       		.uleb128 0x5
ARM GAS  C:\Users\g\AppData\Local\Temp\ccVuRnsD.s 			page 32


 1311 01d7 27       		.uleb128 0x27
 1312 01d8 19       		.uleb128 0x19
 1313 01d9 49       		.uleb128 0x49
 1314 01da 13       		.uleb128 0x13
 1315 01db 11       		.uleb128 0x11
 1316 01dc 01       		.uleb128 0x1
 1317 01dd 12       		.uleb128 0x12
 1318 01de 06       		.uleb128 0x6
 1319 01df 40       		.uleb128 0x40
 1320 01e0 18       		.uleb128 0x18
 1321 01e1 9742     		.uleb128 0x2117
 1322 01e3 19       		.uleb128 0x19
 1323 01e4 00       		.byte	0
 1324 01e5 00       		.byte	0
 1325 01e6 21       		.uleb128 0x21
 1326 01e7 2E       		.uleb128 0x2e
 1327 01e8 00       		.byte	0
 1328 01e9 3F       		.uleb128 0x3f
 1329 01ea 19       		.uleb128 0x19
 1330 01eb 03       		.uleb128 0x3
 1331 01ec 0E       		.uleb128 0xe
 1332 01ed 3A       		.uleb128 0x3a
 1333 01ee 0B       		.uleb128 0xb
 1334 01ef 3B       		.uleb128 0x3b
 1335 01f0 05       		.uleb128 0x5
 1336 01f1 27       		.uleb128 0x27
 1337 01f2 19       		.uleb128 0x19
 1338 01f3 11       		.uleb128 0x11
 1339 01f4 01       		.uleb128 0x1
 1340 01f5 12       		.uleb128 0x12
 1341 01f6 06       		.uleb128 0x6
 1342 01f7 40       		.uleb128 0x40
 1343 01f8 18       		.uleb128 0x18
 1344 01f9 9742     		.uleb128 0x2117
 1345 01fb 19       		.uleb128 0x19
 1346 01fc 00       		.byte	0
 1347 01fd 00       		.byte	0
 1348 01fe 22       		.uleb128 0x22
 1349 01ff 01       		.uleb128 0x1
 1350 0200 01       		.byte	0x1
 1351 0201 49       		.uleb128 0x49
 1352 0202 13       		.uleb128 0x13
 1353 0203 01       		.uleb128 0x1
 1354 0204 13       		.uleb128 0x13
 1355 0205 00       		.byte	0
 1356 0206 00       		.byte	0
 1357 0207 23       		.uleb128 0x23
 1358 0208 21       		.uleb128 0x21
 1359 0209 00       		.byte	0
 1360 020a 49       		.uleb128 0x49
 1361 020b 13       		.uleb128 0x13
 1362 020c 2F       		.uleb128 0x2f
 1363 020d 0B       		.uleb128 0xb
 1364 020e 00       		.byte	0
 1365 020f 00       		.byte	0
 1366 0210 24       		.uleb128 0x24
 1367 0211 34       		.uleb128 0x34
ARM GAS  C:\Users\g\AppData\Local\Temp\ccVuRnsD.s 			page 33


 1368 0212 00       		.byte	0
 1369 0213 03       		.uleb128 0x3
 1370 0214 0E       		.uleb128 0xe
 1371 0215 3A       		.uleb128 0x3a
 1372 0216 0B       		.uleb128 0xb
 1373 0217 3B       		.uleb128 0x3b
 1374 0218 0B       		.uleb128 0xb
 1375 0219 49       		.uleb128 0x49
 1376 021a 13       		.uleb128 0x13
 1377 021b 3F       		.uleb128 0x3f
 1378 021c 19       		.uleb128 0x19
 1379 021d 3C       		.uleb128 0x3c
 1380 021e 19       		.uleb128 0x19
 1381 021f 00       		.byte	0
 1382 0220 00       		.byte	0
 1383 0221 25       		.uleb128 0x25
 1384 0222 2E       		.uleb128 0x2e
 1385 0223 00       		.byte	0
 1386 0224 3F       		.uleb128 0x3f
 1387 0225 19       		.uleb128 0x19
 1388 0226 03       		.uleb128 0x3
 1389 0227 0E       		.uleb128 0xe
 1390 0228 3A       		.uleb128 0x3a
 1391 0229 0B       		.uleb128 0xb
 1392 022a 3B       		.uleb128 0x3b
 1393 022b 0B       		.uleb128 0xb
 1394 022c 27       		.uleb128 0x27
 1395 022d 19       		.uleb128 0x19
 1396 022e 49       		.uleb128 0x49
 1397 022f 13       		.uleb128 0x13
 1398 0230 3C       		.uleb128 0x3c
 1399 0231 19       		.uleb128 0x19
 1400 0232 00       		.byte	0
 1401 0233 00       		.byte	0
 1402 0234 26       		.uleb128 0x26
 1403 0235 2E       		.uleb128 0x2e
 1404 0236 01       		.byte	0x1
 1405 0237 3F       		.uleb128 0x3f
 1406 0238 19       		.uleb128 0x19
 1407 0239 03       		.uleb128 0x3
 1408 023a 0E       		.uleb128 0xe
 1409 023b 3A       		.uleb128 0x3a
 1410 023c 0B       		.uleb128 0xb
 1411 023d 3B       		.uleb128 0x3b
 1412 023e 0B       		.uleb128 0xb
 1413 023f 27       		.uleb128 0x27
 1414 0240 19       		.uleb128 0x19
 1415 0241 3C       		.uleb128 0x3c
 1416 0242 19       		.uleb128 0x19
 1417 0243 00       		.byte	0
 1418 0244 00       		.byte	0
 1419 0245 27       		.uleb128 0x27
 1420 0246 05       		.uleb128 0x5
 1421 0247 00       		.byte	0
 1422 0248 49       		.uleb128 0x49
 1423 0249 13       		.uleb128 0x13
 1424 024a 00       		.byte	0
ARM GAS  C:\Users\g\AppData\Local\Temp\ccVuRnsD.s 			page 34


 1425 024b 00       		.byte	0
 1426 024c 00       		.byte	0
 1427              		.section	.debug_loc,"",%progbits
 1428              	.Ldebug_loc0:
 1429              	.LLST0:
 1430 0000 00000000 		.4byte	.LVL2
 1431 0004 07000000 		.4byte	.LVL3-1
 1432 0008 0100     		.2byte	0x1
 1433 000a 50       		.byte	0x50
 1434 000b 07000000 		.4byte	.LVL3-1
 1435 000f 20000000 		.4byte	.LFE6
 1436 0013 0400     		.2byte	0x4
 1437 0015 F3       		.byte	0xf3
 1438 0016 01       		.uleb128 0x1
 1439 0017 50       		.byte	0x50
 1440 0018 9F       		.byte	0x9f
 1441 0019 00000000 		.4byte	0
 1442 001d 00000000 		.4byte	0
 1443              	.LLST1:
 1444 0021 08000000 		.4byte	.LVL3
 1445 0025 19000000 		.4byte	.LVL4-1
 1446 0029 0100     		.2byte	0x1
 1447 002b 50       		.byte	0x50
 1448 002c 00000000 		.4byte	0
 1449 0030 00000000 		.4byte	0
 1450              	.LLST2:
 1451 0034 00000000 		.4byte	.LVL7
 1452 0038 10000000 		.4byte	.LVL9
 1453 003c 0100     		.2byte	0x1
 1454 003e 50       		.byte	0x50
 1455 003f 10000000 		.4byte	.LVL9
 1456 0043 13000000 		.4byte	.LVL10-1
 1457 0047 0300     		.2byte	0x3
 1458 0049 73       		.byte	0x73
 1459 004a EC00     		.sleb128 108
 1460 004c 13000000 		.4byte	.LVL10-1
 1461 0050 28000000 		.4byte	.LFE1
 1462 0054 0400     		.2byte	0x4
 1463 0056 F3       		.byte	0xf3
 1464 0057 01       		.uleb128 0x1
 1465 0058 50       		.byte	0x50
 1466 0059 9F       		.byte	0x9f
 1467 005a 00000000 		.4byte	0
 1468 005e 00000000 		.4byte	0
 1469              	.LLST3:
 1470 0062 0A000000 		.4byte	.LVL8
 1471 0066 10000000 		.4byte	.LVL9
 1472 006a 0100     		.2byte	0x1
 1473 006c 50       		.byte	0x50
 1474 006d 10000000 		.4byte	.LVL9
 1475 0071 13000000 		.4byte	.LVL10-1
 1476 0075 0300     		.2byte	0x3
 1477 0077 73       		.byte	0x73
 1478 0078 EC00     		.sleb128 108
 1479 007a 13000000 		.4byte	.LVL10-1
 1480 007e 28000000 		.4byte	.LFE1
 1481 0082 0400     		.2byte	0x4
ARM GAS  C:\Users\g\AppData\Local\Temp\ccVuRnsD.s 			page 35


 1482 0084 F3       		.byte	0xf3
 1483 0085 01       		.uleb128 0x1
 1484 0086 50       		.byte	0x50
 1485 0087 9F       		.byte	0x9f
 1486 0088 00000000 		.4byte	0
 1487 008c 00000000 		.4byte	0
 1488              	.LLST4:
 1489 0090 04000000 		.4byte	.LVL12
 1490 0094 06000000 		.4byte	.LVL13
 1491 0098 0A00     		.2byte	0xa
 1492 009a 70       		.byte	0x70
 1493 009b 00       		.sleb128 0
 1494 009c 40       		.byte	0x40
 1495 009d 4A       		.byte	0x4a
 1496 009e 24       		.byte	0x24
 1497 009f 1F       		.byte	0x1f
 1498 00a0 1A       		.byte	0x1a
 1499 00a1 4E       		.byte	0x4e
 1500 00a2 25       		.byte	0x25
 1501 00a3 9F       		.byte	0x9f
 1502 00a4 00000000 		.4byte	0
 1503 00a8 00000000 		.4byte	0
 1504              		.section	.debug_aranges,"",%progbits
 1505 0000 7C000000 		.4byte	0x7c
 1506 0004 0200     		.2byte	0x2
 1507 0006 00000000 		.4byte	.Ldebug_info0
 1508 000a 04       		.byte	0x4
 1509 000b 00       		.byte	0
 1510 000c 0000     		.2byte	0
 1511 000e 0000     		.2byte	0
 1512 0010 00000000 		.4byte	.LFB3
 1513 0014 02000000 		.4byte	.LFE3-.LFB3
 1514 0018 00000000 		.4byte	.LFB2
 1515 001c 1C000000 		.4byte	.LFE2-.LFB2
 1516 0020 00000000 		.4byte	.LFB4
 1517 0024 0C000000 		.4byte	.LFE4-.LFB4
 1518 0028 00000000 		.4byte	.LFB5
 1519 002c 0C000000 		.4byte	.LFE5-.LFB5
 1520 0030 00000000 		.4byte	.LFB6
 1521 0034 20000000 		.4byte	.LFE6-.LFB6
 1522 0038 00000000 		.4byte	.LFB0
 1523 003c 2C000000 		.4byte	.LFE0-.LFB0
 1524 0040 00000000 		.4byte	.LFB1
 1525 0044 28000000 		.4byte	.LFE1-.LFB1
 1526 0048 00000000 		.4byte	.LFB7
 1527 004c 0C000000 		.4byte	.LFE7-.LFB7
 1528 0050 00000000 		.4byte	.LFB8
 1529 0054 10000000 		.4byte	.LFE8-.LFB8
 1530 0058 00000000 		.4byte	.LFB9
 1531 005c 10000000 		.4byte	.LFE9-.LFB9
 1532 0060 00000000 		.4byte	.LFB10
 1533 0064 10000000 		.4byte	.LFE10-.LFB10
 1534 0068 00000000 		.4byte	.LFB11
 1535 006c 10000000 		.4byte	.LFE11-.LFB11
 1536 0070 00000000 		.4byte	.LFB12
 1537 0074 10000000 		.4byte	.LFE12-.LFB12
 1538 0078 00000000 		.4byte	0
ARM GAS  C:\Users\g\AppData\Local\Temp\ccVuRnsD.s 			page 36


 1539 007c 00000000 		.4byte	0
 1540              		.section	.debug_ranges,"",%progbits
 1541              	.Ldebug_ranges0:
 1542 0000 08000000 		.4byte	.LBB20
 1543 0004 0C000000 		.4byte	.LBE20
 1544 0008 0C000000 		.4byte	.LBB23
 1545 000c 0E000000 		.4byte	.LBE23
 1546 0010 00000000 		.4byte	0
 1547 0014 00000000 		.4byte	0
 1548 0018 0A000000 		.4byte	.LBB26
 1549 001c 0E000000 		.4byte	.LBE26
 1550 0020 10000000 		.4byte	.LBB29
 1551 0024 12000000 		.4byte	.LBE29
 1552 0028 00000000 		.4byte	0
 1553 002c 00000000 		.4byte	0
 1554 0030 16000000 		.4byte	.LBB30
 1555 0034 18000000 		.4byte	.LBE30
 1556 0038 18000000 		.4byte	.LBB33
 1557 003c 1A000000 		.4byte	.LBE33
 1558 0040 00000000 		.4byte	0
 1559 0044 00000000 		.4byte	0
 1560 0048 0A000000 		.4byte	.LBB36
 1561 004c 0C000000 		.4byte	.LBE36
 1562 0050 0C000000 		.4byte	.LBB39
 1563 0054 0E000000 		.4byte	.LBE39
 1564 0058 00000000 		.4byte	0
 1565 005c 00000000 		.4byte	0
 1566 0060 00000000 		.4byte	.LFB3
 1567 0064 02000000 		.4byte	.LFE3
 1568 0068 00000000 		.4byte	.LFB2
 1569 006c 1C000000 		.4byte	.LFE2
 1570 0070 00000000 		.4byte	.LFB4
 1571 0074 0C000000 		.4byte	.LFE4
 1572 0078 00000000 		.4byte	.LFB5
 1573 007c 0C000000 		.4byte	.LFE5
 1574 0080 00000000 		.4byte	.LFB6
 1575 0084 20000000 		.4byte	.LFE6
 1576 0088 00000000 		.4byte	.LFB0
 1577 008c 2C000000 		.4byte	.LFE0
 1578 0090 00000000 		.4byte	.LFB1
 1579 0094 28000000 		.4byte	.LFE1
 1580 0098 00000000 		.4byte	.LFB7
 1581 009c 0C000000 		.4byte	.LFE7
 1582 00a0 00000000 		.4byte	.LFB8
 1583 00a4 10000000 		.4byte	.LFE8
 1584 00a8 00000000 		.4byte	.LFB9
 1585 00ac 10000000 		.4byte	.LFE9
 1586 00b0 00000000 		.4byte	.LFB10
 1587 00b4 10000000 		.4byte	.LFE10
 1588 00b8 00000000 		.4byte	.LFB11
 1589 00bc 10000000 		.4byte	.LFE11
 1590 00c0 00000000 		.4byte	.LFB12
 1591 00c4 10000000 		.4byte	.LFE12
 1592 00c8 00000000 		.4byte	0
 1593 00cc 00000000 		.4byte	0
 1594              		.section	.debug_line,"",%progbits
 1595              	.Ldebug_line0:
ARM GAS  C:\Users\g\AppData\Local\Temp\ccVuRnsD.s 			page 37


 1596 0000 9B010000 		.section	.debug_str,"MS",%progbits,1
 1596      02004D00 
 1596      00000201 
 1596      FB0E0D00 
 1596      01010101 
 1597              	.LASF19:
 1598 0000 72784953 		.ascii	"rxISR_Stop\000"
 1598      525F5374 
 1598      6F7000
 1599              	.LASF14:
 1600 000b 72656733 		.ascii	"reg32\000"
 1600      3200
 1601              	.LASF37:
 1602 0011 43795261 		.ascii	"CyRamVectors\000"
 1602      6D566563 
 1602      746F7273 
 1602      00
 1603              	.LASF30:
 1604 001e 72784953 		.ascii	"rxISR_SetPending\000"
 1604      525F5365 
 1604      7450656E 
 1604      64696E67 
 1604      00
 1605              	.LASF3:
 1606 002f 73686F72 		.ascii	"short unsigned int\000"
 1606      7420756E 
 1606      7369676E 
 1606      65642069 
 1606      6E7400
 1607              	.LASF36:
 1608 0042 72784953 		.ascii	"rxISR_GetPriority\000"
 1608      525F4765 
 1608      74507269 
 1608      6F726974 
 1608      7900
 1609              	.LASF27:
 1610 0054 72784953 		.ascii	"rxISR_GetVector\000"
 1610      525F4765 
 1610      74566563 
 1610      746F7200 
 1611              	.LASF34:
 1612 0064 443A5C63 		.ascii	"D:\\code\\cypress\\controllers\\dcsd.cydsn\000"
 1612      6F64655C 
 1612      63797072 
 1612      6573735C 
 1612      636F6E74 
 1613              	.LASF11:
 1614 008b 666C6F61 		.ascii	"float\000"
 1614      7400
 1615              	.LASF7:
 1616 0091 6C6F6E67 		.ascii	"long long unsigned int\000"
 1616      206C6F6E 
 1616      6720756E 
 1616      7369676E 
 1616      65642069 
 1617              	.LASF24:
 1618 00a8 72784953 		.ascii	"rxISR_StartEx\000"
ARM GAS  C:\Users\g\AppData\Local\Temp\ccVuRnsD.s 			page 38


 1618      525F5374 
 1618      61727445 
 1618      7800
 1619              	.LASF28:
 1620 00b6 72784953 		.ascii	"rxISR_GetState\000"
 1620      525F4765 
 1620      74537461 
 1620      746500
 1621              	.LASF21:
 1622 00c5 696E7465 		.ascii	"interruptState\000"
 1622      72727570 
 1622      74537461 
 1622      746500
 1623              	.LASF5:
 1624 00d4 6C6F6E67 		.ascii	"long unsigned int\000"
 1624      20756E73 
 1624      69676E65 
 1624      6420696E 
 1624      7400
 1625              	.LASF29:
 1626 00e6 72784953 		.ascii	"rxISR_Interrupt\000"
 1626      525F496E 
 1626      74657272 
 1626      75707400 
 1627              	.LASF9:
 1628 00f6 75696E74 		.ascii	"uint8\000"
 1628      3800
 1629              	.LASF33:
 1630 00fc 47656E65 		.ascii	"Generated_Source\\PSoC4\\rxISR.c\000"
 1630      72617465 
 1630      645F536F 
 1630      75726365 
 1630      5C50536F 
 1631              	.LASF25:
 1632 011b 7072696F 		.ascii	"priority\000"
 1632      72697479 
 1632      00
 1633              	.LASF1:
 1634 0124 756E7369 		.ascii	"unsigned char\000"
 1634      676E6564 
 1634      20636861 
 1634      7200
 1635              	.LASF12:
 1636 0132 646F7562 		.ascii	"double\000"
 1636      6C6500
 1637              	.LASF20:
 1638 0139 72784953 		.ascii	"rxISR_SetPriority\000"
 1638      525F5365 
 1638      74507269 
 1638      6F726974 
 1638      7900
 1639              	.LASF10:
 1640 014b 75696E74 		.ascii	"uint32\000"
 1640      333200
 1641              	.LASF38:
 1642 0152 4379456E 		.ascii	"CyEnterCriticalSection\000"
 1642      74657243 
ARM GAS  C:\Users\g\AppData\Local\Temp\ccVuRnsD.s 			page 39


 1642      72697469 
 1642      63616C53 
 1642      65637469 
 1643              	.LASF8:
 1644 0169 756E7369 		.ascii	"unsigned int\000"
 1644      676E6564 
 1644      20696E74 
 1644      00
 1645              	.LASF17:
 1646 0176 72784953 		.ascii	"rxISR_Disable\000"
 1646      525F4469 
 1646      7361626C 
 1646      6500
 1647              	.LASF31:
 1648 0184 72784953 		.ascii	"rxISR_ClearPending\000"
 1648      525F436C 
 1648      65617250 
 1648      656E6469 
 1648      6E6700
 1649              	.LASF26:
 1650 0197 61646472 		.ascii	"address\000"
 1650      65737300 
 1651              	.LASF39:
 1652 019f 43794578 		.ascii	"CyExitCriticalSection\000"
 1652      69744372 
 1652      69746963 
 1652      616C5365 
 1652      6374696F 
 1653              	.LASF15:
 1654 01b5 63796973 		.ascii	"cyisraddress\000"
 1654      72616464 
 1654      72657373 
 1654      00
 1655              	.LASF16:
 1656 01c2 73697A65 		.ascii	"sizetype\000"
 1656      74797065 
 1656      00
 1657              	.LASF6:
 1658 01cb 6C6F6E67 		.ascii	"long long int\000"
 1658      206C6F6E 
 1658      6720696E 
 1658      7400
 1659              	.LASF18:
 1660 01d9 72784953 		.ascii	"rxISR_Enable\000"
 1660      525F456E 
 1660      61626C65 
 1660      00
 1661              	.LASF13:
 1662 01e6 63686172 		.ascii	"char\000"
 1662      00
 1663              	.LASF2:
 1664 01eb 73686F72 		.ascii	"short int\000"
 1664      7420696E 
 1664      7400
 1665              	.LASF35:
 1666 01f5 72784953 		.ascii	"rxISR_SetVector\000"
 1666      525F5365 
ARM GAS  C:\Users\g\AppData\Local\Temp\ccVuRnsD.s 			page 40


 1666      74566563 
 1666      746F7200 
 1667              	.LASF22:
 1668 0205 7072696F 		.ascii	"priorityOffset\000"
 1668      72697479 
 1668      4F666673 
 1668      657400
 1669              	.LASF4:
 1670 0214 6C6F6E67 		.ascii	"long int\000"
 1670      20696E74 
 1670      00
 1671              	.LASF32:
 1672 021d 474E5520 		.ascii	"GNU C 4.9.3 20150303 (release) [ARM/embedded-4_9-br"
 1672      4320342E 
 1672      392E3320 
 1672      32303135 
 1672      30333033 
 1673 0250 616E6368 		.ascii	"anch revision 221220] -mcpu=cortex-m0 -mthumb -g -O"
 1673      20726576 
 1673      6973696F 
 1673      6E203232 
 1673      31323230 
 1674 0283 32202D73 		.ascii	"2 -std=c99 -ffunction-sections -ffat-lto-objects\000"
 1674      74643D63 
 1674      3939202D 
 1674      6666756E 
 1674      6374696F 
 1675              	.LASF0:
 1676 02b4 7369676E 		.ascii	"signed char\000"
 1676      65642063 
 1676      68617200 
 1677              	.LASF23:
 1678 02c0 72784953 		.ascii	"rxISR_Start\000"
 1678      525F5374 
 1678      61727400 
 1679              		.ident	"GCC: (GNU Tools for ARM Embedded Processors) 4.9.3 20150303 (release) [ARM/embedded-4_9-br
