ARM GAS  C:\Users\g\AppData\Local\Temp\ccR0Zkbi.s 			page 1


   1              		.cpu cortex-m0
   2              		.fpu softvfp
   3              		.eabi_attribute 20, 1
   4              		.eabi_attribute 21, 1
   5              		.eabi_attribute 23, 3
   6              		.eabi_attribute 24, 1
   7              		.eabi_attribute 25, 1
   8              		.eabi_attribute 26, 1
   9              		.eabi_attribute 30, 2
  10              		.eabi_attribute 34, 0
  11              		.eabi_attribute 18, 4
  12              		.code	16
  13              		.file	"TX_SEND_PM.c"
  14              		.text
  15              	.Ltext0:
  16              		.cfi_sections	.debug_frame
  17              		.section	.text.TX_SEND_SaveConfig,"ax",%progbits
  18              		.align	2
  19              		.global	TX_SEND_SaveConfig
  20              		.code	16
  21              		.thumb_func
  22              		.type	TX_SEND_SaveConfig, %function
  23              	TX_SEND_SaveConfig:
  24              	.LFB0:
  25              		.file 1 ".\\Generated_Source\\PSoC4\\TX_SEND_PM.c"
   1:.\Generated_Source\PSoC4/TX_SEND_PM.c **** /*******************************************************************************
   2:.\Generated_Source\PSoC4/TX_SEND_PM.c **** * File Name: TX_SEND_PM.c
   3:.\Generated_Source\PSoC4/TX_SEND_PM.c **** * Version 2.10
   4:.\Generated_Source\PSoC4/TX_SEND_PM.c **** *
   5:.\Generated_Source\PSoC4/TX_SEND_PM.c **** * Description:
   6:.\Generated_Source\PSoC4/TX_SEND_PM.c **** *  This file contains the setup, control, and status commands to support
   7:.\Generated_Source\PSoC4/TX_SEND_PM.c **** *  the component operations in the low power mode.
   8:.\Generated_Source\PSoC4/TX_SEND_PM.c **** *
   9:.\Generated_Source\PSoC4/TX_SEND_PM.c **** * Note:
  10:.\Generated_Source\PSoC4/TX_SEND_PM.c **** *  None
  11:.\Generated_Source\PSoC4/TX_SEND_PM.c **** *
  12:.\Generated_Source\PSoC4/TX_SEND_PM.c **** ********************************************************************************
  13:.\Generated_Source\PSoC4/TX_SEND_PM.c **** * Copyright 2013-2015, Cypress Semiconductor Corporation.  All rights reserved.
  14:.\Generated_Source\PSoC4/TX_SEND_PM.c **** * You may use this file only in accordance with the license, terms, conditions,
  15:.\Generated_Source\PSoC4/TX_SEND_PM.c **** * disclaimers, and limitations in the end user license agreement accompanying
  16:.\Generated_Source\PSoC4/TX_SEND_PM.c **** * the software package with which this file was provided.
  17:.\Generated_Source\PSoC4/TX_SEND_PM.c **** *******************************************************************************/
  18:.\Generated_Source\PSoC4/TX_SEND_PM.c **** 
  19:.\Generated_Source\PSoC4/TX_SEND_PM.c **** #include "TX_SEND.h"
  20:.\Generated_Source\PSoC4/TX_SEND_PM.c **** 
  21:.\Generated_Source\PSoC4/TX_SEND_PM.c **** static TX_SEND_BACKUP_STRUCT TX_SEND_backup;
  22:.\Generated_Source\PSoC4/TX_SEND_PM.c **** 
  23:.\Generated_Source\PSoC4/TX_SEND_PM.c **** 
  24:.\Generated_Source\PSoC4/TX_SEND_PM.c **** /*******************************************************************************
  25:.\Generated_Source\PSoC4/TX_SEND_PM.c **** * Function Name: TX_SEND_SaveConfig
  26:.\Generated_Source\PSoC4/TX_SEND_PM.c **** ********************************************************************************
  27:.\Generated_Source\PSoC4/TX_SEND_PM.c **** *
  28:.\Generated_Source\PSoC4/TX_SEND_PM.c **** * Summary:
  29:.\Generated_Source\PSoC4/TX_SEND_PM.c **** *  All configuration registers are retention. Nothing to save here.
  30:.\Generated_Source\PSoC4/TX_SEND_PM.c **** *
  31:.\Generated_Source\PSoC4/TX_SEND_PM.c **** * Parameters:
  32:.\Generated_Source\PSoC4/TX_SEND_PM.c **** *  None
ARM GAS  C:\Users\g\AppData\Local\Temp\ccR0Zkbi.s 			page 2


  33:.\Generated_Source\PSoC4/TX_SEND_PM.c **** *
  34:.\Generated_Source\PSoC4/TX_SEND_PM.c **** * Return:
  35:.\Generated_Source\PSoC4/TX_SEND_PM.c **** *  None
  36:.\Generated_Source\PSoC4/TX_SEND_PM.c **** *
  37:.\Generated_Source\PSoC4/TX_SEND_PM.c **** *******************************************************************************/
  38:.\Generated_Source\PSoC4/TX_SEND_PM.c **** void TX_SEND_SaveConfig(void)
  39:.\Generated_Source\PSoC4/TX_SEND_PM.c **** {
  26              		.loc 1 39 0
  27              		.cfi_startproc
  40:.\Generated_Source\PSoC4/TX_SEND_PM.c **** 
  41:.\Generated_Source\PSoC4/TX_SEND_PM.c **** }
  28              		.loc 1 41 0
  29              		@ sp needed
  30 0000 7047     		bx	lr
  31              		.cfi_endproc
  32              	.LFE0:
  33              		.size	TX_SEND_SaveConfig, .-TX_SEND_SaveConfig
  34 0002 C046     		.section	.text.TX_SEND_Sleep,"ax",%progbits
  35              		.align	2
  36              		.global	TX_SEND_Sleep
  37              		.code	16
  38              		.thumb_func
  39              		.type	TX_SEND_Sleep, %function
  40              	TX_SEND_Sleep:
  41              	.LFB1:
  42:.\Generated_Source\PSoC4/TX_SEND_PM.c **** 
  43:.\Generated_Source\PSoC4/TX_SEND_PM.c **** 
  44:.\Generated_Source\PSoC4/TX_SEND_PM.c **** /*******************************************************************************
  45:.\Generated_Source\PSoC4/TX_SEND_PM.c **** * Function Name: TX_SEND_Sleep
  46:.\Generated_Source\PSoC4/TX_SEND_PM.c **** ********************************************************************************
  47:.\Generated_Source\PSoC4/TX_SEND_PM.c **** *
  48:.\Generated_Source\PSoC4/TX_SEND_PM.c **** * Summary:
  49:.\Generated_Source\PSoC4/TX_SEND_PM.c **** *  Stops the component operation and saves the user configuration.
  50:.\Generated_Source\PSoC4/TX_SEND_PM.c **** *
  51:.\Generated_Source\PSoC4/TX_SEND_PM.c **** * Parameters:
  52:.\Generated_Source\PSoC4/TX_SEND_PM.c **** *  None
  53:.\Generated_Source\PSoC4/TX_SEND_PM.c **** *
  54:.\Generated_Source\PSoC4/TX_SEND_PM.c **** * Return:
  55:.\Generated_Source\PSoC4/TX_SEND_PM.c **** *  None
  56:.\Generated_Source\PSoC4/TX_SEND_PM.c **** *
  57:.\Generated_Source\PSoC4/TX_SEND_PM.c **** *******************************************************************************/
  58:.\Generated_Source\PSoC4/TX_SEND_PM.c **** void TX_SEND_Sleep(void)
  59:.\Generated_Source\PSoC4/TX_SEND_PM.c **** {
  42              		.loc 1 59 0
  43              		.cfi_startproc
  60:.\Generated_Source\PSoC4/TX_SEND_PM.c ****     if(0u != (TX_SEND_BLOCK_CONTROL_REG & TX_SEND_MASK))
  44              		.loc 1 60 0
  45 0000 0122     		mov	r2, #1
  59:.\Generated_Source\PSoC4/TX_SEND_PM.c ****     if(0u != (TX_SEND_BLOCK_CONTROL_REG & TX_SEND_MASK))
  46              		.loc 1 59 0
  47 0002 08B5     		push	{r3, lr}
  48              		.cfi_def_cfa_offset 8
  49              		.cfi_offset 3, -8
  50              		.cfi_offset 14, -4
  51              		.loc 1 60 0
  52 0004 054B     		ldr	r3, .L7
  53 0006 1B68     		ldr	r3, [r3]
ARM GAS  C:\Users\g\AppData\Local\Temp\ccR0Zkbi.s 			page 3


  54 0008 1340     		and	r3, r2
  55 000a 04D1     		bne	.L6
  61:.\Generated_Source\PSoC4/TX_SEND_PM.c ****     {
  62:.\Generated_Source\PSoC4/TX_SEND_PM.c ****         TX_SEND_backup.enableState = 1u;
  63:.\Generated_Source\PSoC4/TX_SEND_PM.c ****     }
  64:.\Generated_Source\PSoC4/TX_SEND_PM.c ****     else
  65:.\Generated_Source\PSoC4/TX_SEND_PM.c ****     {
  66:.\Generated_Source\PSoC4/TX_SEND_PM.c ****         TX_SEND_backup.enableState = 0u;
  56              		.loc 1 66 0
  57 000c 044A     		ldr	r2, .L7+4
  58 000e 1370     		strb	r3, [r2]
  59              	.L4:
  67:.\Generated_Source\PSoC4/TX_SEND_PM.c ****     }
  68:.\Generated_Source\PSoC4/TX_SEND_PM.c **** 
  69:.\Generated_Source\PSoC4/TX_SEND_PM.c ****     TX_SEND_Stop();
  60              		.loc 1 69 0
  61 0010 FFF7FEFF 		bl	TX_SEND_Stop
  62              	.LVL0:
  70:.\Generated_Source\PSoC4/TX_SEND_PM.c ****     TX_SEND_SaveConfig();
  71:.\Generated_Source\PSoC4/TX_SEND_PM.c **** }
  63              		.loc 1 71 0
  64              		@ sp needed
  65 0014 08BD     		pop	{r3, pc}
  66              	.L6:
  62:.\Generated_Source\PSoC4/TX_SEND_PM.c ****     }
  67              		.loc 1 62 0
  68 0016 024B     		ldr	r3, .L7+4
  69 0018 1A70     		strb	r2, [r3]
  70 001a F9E7     		b	.L4
  71              	.L8:
  72              		.align	2
  73              	.L7:
  74 001c 00000540 		.word	1074069504
  75 0020 00000000 		.word	.LANCHOR0
  76              		.cfi_endproc
  77              	.LFE1:
  78              		.size	TX_SEND_Sleep, .-TX_SEND_Sleep
  79              		.section	.text.TX_SEND_RestoreConfig,"ax",%progbits
  80              		.align	2
  81              		.global	TX_SEND_RestoreConfig
  82              		.code	16
  83              		.thumb_func
  84              		.type	TX_SEND_RestoreConfig, %function
  85              	TX_SEND_RestoreConfig:
  86              	.LFB2:
  72:.\Generated_Source\PSoC4/TX_SEND_PM.c **** 
  73:.\Generated_Source\PSoC4/TX_SEND_PM.c **** 
  74:.\Generated_Source\PSoC4/TX_SEND_PM.c **** /*******************************************************************************
  75:.\Generated_Source\PSoC4/TX_SEND_PM.c **** * Function Name: TX_SEND_RestoreConfig
  76:.\Generated_Source\PSoC4/TX_SEND_PM.c **** ********************************************************************************
  77:.\Generated_Source\PSoC4/TX_SEND_PM.c **** *
  78:.\Generated_Source\PSoC4/TX_SEND_PM.c **** * Summary:
  79:.\Generated_Source\PSoC4/TX_SEND_PM.c **** *  All configuration registers are retention. Nothing to restore here.
  80:.\Generated_Source\PSoC4/TX_SEND_PM.c **** *
  81:.\Generated_Source\PSoC4/TX_SEND_PM.c **** * Parameters:
  82:.\Generated_Source\PSoC4/TX_SEND_PM.c **** *  None
  83:.\Generated_Source\PSoC4/TX_SEND_PM.c **** *
ARM GAS  C:\Users\g\AppData\Local\Temp\ccR0Zkbi.s 			page 4


  84:.\Generated_Source\PSoC4/TX_SEND_PM.c **** * Return:
  85:.\Generated_Source\PSoC4/TX_SEND_PM.c **** *  None
  86:.\Generated_Source\PSoC4/TX_SEND_PM.c **** *
  87:.\Generated_Source\PSoC4/TX_SEND_PM.c **** *******************************************************************************/
  88:.\Generated_Source\PSoC4/TX_SEND_PM.c **** void TX_SEND_RestoreConfig(void)
  89:.\Generated_Source\PSoC4/TX_SEND_PM.c **** {
  87              		.loc 1 89 0
  88              		.cfi_startproc
  90:.\Generated_Source\PSoC4/TX_SEND_PM.c **** 
  91:.\Generated_Source\PSoC4/TX_SEND_PM.c **** }
  89              		.loc 1 91 0
  90              		@ sp needed
  91 0000 7047     		bx	lr
  92              		.cfi_endproc
  93              	.LFE2:
  94              		.size	TX_SEND_RestoreConfig, .-TX_SEND_RestoreConfig
  95 0002 C046     		.section	.text.TX_SEND_Wakeup,"ax",%progbits
  96              		.align	2
  97              		.global	TX_SEND_Wakeup
  98              		.code	16
  99              		.thumb_func
 100              		.type	TX_SEND_Wakeup, %function
 101              	TX_SEND_Wakeup:
 102              	.LFB3:
  92:.\Generated_Source\PSoC4/TX_SEND_PM.c **** 
  93:.\Generated_Source\PSoC4/TX_SEND_PM.c **** 
  94:.\Generated_Source\PSoC4/TX_SEND_PM.c **** /*******************************************************************************
  95:.\Generated_Source\PSoC4/TX_SEND_PM.c **** * Function Name: TX_SEND_Wakeup
  96:.\Generated_Source\PSoC4/TX_SEND_PM.c **** ********************************************************************************
  97:.\Generated_Source\PSoC4/TX_SEND_PM.c **** *
  98:.\Generated_Source\PSoC4/TX_SEND_PM.c **** * Summary:
  99:.\Generated_Source\PSoC4/TX_SEND_PM.c **** *  Restores the user configuration and restores the enable state.
 100:.\Generated_Source\PSoC4/TX_SEND_PM.c **** *
 101:.\Generated_Source\PSoC4/TX_SEND_PM.c **** * Parameters:
 102:.\Generated_Source\PSoC4/TX_SEND_PM.c **** *  None
 103:.\Generated_Source\PSoC4/TX_SEND_PM.c **** *
 104:.\Generated_Source\PSoC4/TX_SEND_PM.c **** * Return:
 105:.\Generated_Source\PSoC4/TX_SEND_PM.c **** *  None
 106:.\Generated_Source\PSoC4/TX_SEND_PM.c **** *
 107:.\Generated_Source\PSoC4/TX_SEND_PM.c **** *******************************************************************************/
 108:.\Generated_Source\PSoC4/TX_SEND_PM.c **** void TX_SEND_Wakeup(void)
 109:.\Generated_Source\PSoC4/TX_SEND_PM.c **** {
 103              		.loc 1 109 0
 104              		.cfi_startproc
 105 0000 08B5     		push	{r3, lr}
 106              		.cfi_def_cfa_offset 8
 107              		.cfi_offset 3, -8
 108              		.cfi_offset 14, -4
 110:.\Generated_Source\PSoC4/TX_SEND_PM.c ****     TX_SEND_RestoreConfig();
 111:.\Generated_Source\PSoC4/TX_SEND_PM.c **** 
 112:.\Generated_Source\PSoC4/TX_SEND_PM.c ****     if(0u != TX_SEND_backup.enableState)
 109              		.loc 1 112 0
 110 0002 034B     		ldr	r3, .L15
 111 0004 1B78     		ldrb	r3, [r3]
 112 0006 002B     		cmp	r3, #0
 113 0008 01D0     		beq	.L10
 113:.\Generated_Source\PSoC4/TX_SEND_PM.c ****     {
ARM GAS  C:\Users\g\AppData\Local\Temp\ccR0Zkbi.s 			page 5


 114:.\Generated_Source\PSoC4/TX_SEND_PM.c ****         TX_SEND_Enable();
 114              		.loc 1 114 0
 115 000a FFF7FEFF 		bl	TX_SEND_Enable
 116              	.LVL1:
 117              	.L10:
 115:.\Generated_Source\PSoC4/TX_SEND_PM.c ****     }
 116:.\Generated_Source\PSoC4/TX_SEND_PM.c **** }
 118              		.loc 1 116 0
 119              		@ sp needed
 120 000e 08BD     		pop	{r3, pc}
 121              	.L16:
 122              		.align	2
 123              	.L15:
 124 0010 00000000 		.word	.LANCHOR0
 125              		.cfi_endproc
 126              	.LFE3:
 127              		.size	TX_SEND_Wakeup, .-TX_SEND_Wakeup
 128              		.bss
 129              		.align	2
 130              		.set	.LANCHOR0,. + 0
 131              		.type	TX_SEND_backup, %object
 132              		.size	TX_SEND_backup, 1
 133              	TX_SEND_backup:
 134 0000 00       		.space	1
 135 0001 000000   		.text
 136              	.Letext0:
 137              		.file 2 ".\\Generated_Source\\PSoC4\\cytypes.h"
 138              		.file 3 ".\\Generated_Source\\PSoC4\\TX_SEND.h"
 139              		.section	.debug_info,"",%progbits
 140              	.Ldebug_info0:
 141 0000 5A010000 		.4byte	0x15a
 142 0004 0400     		.2byte	0x4
 143 0006 00000000 		.4byte	.Ldebug_abbrev0
 144 000a 04       		.byte	0x4
 145 000b 01       		.uleb128 0x1
 146 000c BF000000 		.4byte	.LASF23
 147 0010 01       		.byte	0x1
 148 0011 FA010000 		.4byte	.LASF24
 149 0015 73000000 		.4byte	.LASF25
 150 0019 00000000 		.4byte	.Ldebug_ranges0+0
 151 001d 00000000 		.4byte	0
 152 0021 00000000 		.4byte	.Ldebug_line0
 153 0025 02       		.uleb128 0x2
 154 0026 01       		.byte	0x1
 155 0027 06       		.byte	0x6
 156 0028 BB010000 		.4byte	.LASF0
 157 002c 02       		.uleb128 0x2
 158 002d 01       		.byte	0x1
 159 002e 08       		.byte	0x8
 160 002f 56010000 		.4byte	.LASF1
 161 0033 02       		.uleb128 0x2
 162 0034 02       		.byte	0x2
 163 0035 05       		.byte	0x5
 164 0036 F0010000 		.4byte	.LASF2
 165 003a 02       		.uleb128 0x2
 166 003b 02       		.byte	0x2
 167 003c 07       		.byte	0x7
ARM GAS  C:\Users\g\AppData\Local\Temp\ccR0Zkbi.s 			page 6


 168 003d A8010000 		.4byte	.LASF3
 169 0041 02       		.uleb128 0x2
 170 0042 04       		.byte	0x4
 171 0043 05       		.byte	0x5
 172 0044 77010000 		.4byte	.LASF4
 173 0048 02       		.uleb128 0x2
 174 0049 04       		.byte	0x4
 175 004a 07       		.byte	0x7
 176 004b 4A000000 		.4byte	.LASF5
 177 004f 02       		.uleb128 0x2
 178 0050 08       		.byte	0x8
 179 0051 05       		.byte	0x5
 180 0052 00000000 		.4byte	.LASF6
 181 0056 02       		.uleb128 0x2
 182 0057 08       		.byte	0x8
 183 0058 07       		.byte	0x7
 184 0059 5C000000 		.4byte	.LASF7
 185 005d 03       		.uleb128 0x3
 186 005e 04       		.byte	0x4
 187 005f 05       		.byte	0x5
 188 0060 696E7400 		.ascii	"int\000"
 189 0064 02       		.uleb128 0x2
 190 0065 04       		.byte	0x4
 191 0066 07       		.byte	0x7
 192 0067 24000000 		.4byte	.LASF8
 193 006b 04       		.uleb128 0x4
 194 006c 44000000 		.4byte	.LASF9
 195 0070 02       		.byte	0x2
 196 0071 9801     		.2byte	0x198
 197 0073 2C000000 		.4byte	0x2c
 198 0077 04       		.uleb128 0x4
 199 0078 0E000000 		.4byte	.LASF10
 200 007c 02       		.byte	0x2
 201 007d 9A01     		.2byte	0x19a
 202 007f 48000000 		.4byte	0x48
 203 0083 02       		.uleb128 0x2
 204 0084 04       		.byte	0x4
 205 0085 04       		.byte	0x4
 206 0086 EA010000 		.4byte	.LASF11
 207 008a 02       		.uleb128 0x2
 208 008b 08       		.byte	0x8
 209 008c 04       		.byte	0x4
 210 008d 8C010000 		.4byte	.LASF12
 211 0091 02       		.uleb128 0x2
 212 0092 01       		.byte	0x1
 213 0093 08       		.byte	0x8
 214 0094 64010000 		.4byte	.LASF13
 215 0098 04       		.uleb128 0x4
 216 0099 A2010000 		.4byte	.LASF14
 217 009d 02       		.byte	0x2
 218 009e 4402     		.2byte	0x244
 219 00a0 A4000000 		.4byte	0xa4
 220 00a4 05       		.uleb128 0x5
 221 00a5 77000000 		.4byte	0x77
 222 00a9 02       		.uleb128 0x2
 223 00aa 04       		.byte	0x4
 224 00ab 07       		.byte	0x7
ARM GAS  C:\Users\g\AppData\Local\Temp\ccR0Zkbi.s 			page 7


 225 00ac 20020000 		.4byte	.LASF15
 226 00b0 06       		.uleb128 0x6
 227 00b1 01       		.byte	0x1
 228 00b2 03       		.byte	0x3
 229 00b3 21       		.byte	0x21
 230 00b4 C5000000 		.4byte	0xc5
 231 00b8 07       		.uleb128 0x7
 232 00b9 80010000 		.4byte	.LASF26
 233 00bd 03       		.byte	0x3
 234 00be 23       		.byte	0x23
 235 00bf 6B000000 		.4byte	0x6b
 236 00c3 00       		.byte	0
 237 00c4 00       		.byte	0
 238 00c5 08       		.uleb128 0x8
 239 00c6 A9000000 		.4byte	.LASF16
 240 00ca 03       		.byte	0x3
 241 00cb 24       		.byte	0x24
 242 00cc B0000000 		.4byte	0xb0
 243 00d0 09       		.uleb128 0x9
 244 00d1 31000000 		.4byte	.LASF17
 245 00d5 01       		.byte	0x1
 246 00d6 26       		.byte	0x26
 247 00d7 01       		.byte	0x1
 248 00d8 09       		.uleb128 0x9
 249 00d9 D4010000 		.4byte	.LASF18
 250 00dd 01       		.byte	0x1
 251 00de 58       		.byte	0x58
 252 00df 01       		.byte	0x1
 253 00e0 0A       		.uleb128 0xa
 254 00e1 D0000000 		.4byte	0xd0
 255 00e5 00000000 		.4byte	.LFB0
 256 00e9 02000000 		.4byte	.LFE0-.LFB0
 257 00ed 01       		.uleb128 0x1
 258 00ee 9C       		.byte	0x9c
 259 00ef 0B       		.uleb128 0xb
 260 00f0 69010000 		.4byte	.LASF19
 261 00f4 01       		.byte	0x1
 262 00f5 3A       		.byte	0x3a
 263 00f6 00000000 		.4byte	.LFB1
 264 00fa 24000000 		.4byte	.LFE1-.LFB1
 265 00fe 01       		.uleb128 0x1
 266 00ff 9C       		.byte	0x9c
 267 0100 0E010000 		.4byte	0x10e
 268 0104 0C       		.uleb128 0xc
 269 0105 14000000 		.4byte	.LVL0
 270 0109 4D010000 		.4byte	0x14d
 271 010d 00       		.byte	0
 272 010e 0A       		.uleb128 0xa
 273 010f D8000000 		.4byte	0xd8
 274 0113 00000000 		.4byte	.LFB2
 275 0117 02000000 		.4byte	.LFE2-.LFB2
 276 011b 01       		.uleb128 0x1
 277 011c 9C       		.byte	0x9c
 278 011d 0B       		.uleb128 0xb
 279 011e 9A000000 		.4byte	.LASF20
 280 0122 01       		.byte	0x1
 281 0123 6C       		.byte	0x6c
ARM GAS  C:\Users\g\AppData\Local\Temp\ccR0Zkbi.s 			page 8


 282 0124 00000000 		.4byte	.LFB3
 283 0128 14000000 		.4byte	.LFE3-.LFB3
 284 012c 01       		.uleb128 0x1
 285 012d 9C       		.byte	0x9c
 286 012e 3C010000 		.4byte	0x13c
 287 0132 0C       		.uleb128 0xc
 288 0133 0E000000 		.4byte	.LVL1
 289 0137 55010000 		.4byte	0x155
 290 013b 00       		.byte	0
 291 013c 0D       		.uleb128 0xd
 292 013d 15000000 		.4byte	.LASF27
 293 0141 01       		.byte	0x1
 294 0142 15       		.byte	0x15
 295 0143 C5000000 		.4byte	0xc5
 296 0147 05       		.uleb128 0x5
 297 0148 03       		.byte	0x3
 298 0149 00000000 		.4byte	TX_SEND_backup
 299 014d 0E       		.uleb128 0xe
 300 014e C7010000 		.4byte	.LASF21
 301 0152 03       		.byte	0x3
 302 0153 3301     		.2byte	0x133
 303 0155 0E       		.uleb128 0xe
 304 0156 93010000 		.4byte	.LASF22
 305 015a 03       		.byte	0x3
 306 015b 3101     		.2byte	0x131
 307 015d 00       		.byte	0
 308              		.section	.debug_abbrev,"",%progbits
 309              	.Ldebug_abbrev0:
 310 0000 01       		.uleb128 0x1
 311 0001 11       		.uleb128 0x11
 312 0002 01       		.byte	0x1
 313 0003 25       		.uleb128 0x25
 314 0004 0E       		.uleb128 0xe
 315 0005 13       		.uleb128 0x13
 316 0006 0B       		.uleb128 0xb
 317 0007 03       		.uleb128 0x3
 318 0008 0E       		.uleb128 0xe
 319 0009 1B       		.uleb128 0x1b
 320 000a 0E       		.uleb128 0xe
 321 000b 55       		.uleb128 0x55
 322 000c 17       		.uleb128 0x17
 323 000d 11       		.uleb128 0x11
 324 000e 01       		.uleb128 0x1
 325 000f 10       		.uleb128 0x10
 326 0010 17       		.uleb128 0x17
 327 0011 00       		.byte	0
 328 0012 00       		.byte	0
 329 0013 02       		.uleb128 0x2
 330 0014 24       		.uleb128 0x24
 331 0015 00       		.byte	0
 332 0016 0B       		.uleb128 0xb
 333 0017 0B       		.uleb128 0xb
 334 0018 3E       		.uleb128 0x3e
 335 0019 0B       		.uleb128 0xb
 336 001a 03       		.uleb128 0x3
 337 001b 0E       		.uleb128 0xe
 338 001c 00       		.byte	0
ARM GAS  C:\Users\g\AppData\Local\Temp\ccR0Zkbi.s 			page 9


 339 001d 00       		.byte	0
 340 001e 03       		.uleb128 0x3
 341 001f 24       		.uleb128 0x24
 342 0020 00       		.byte	0
 343 0021 0B       		.uleb128 0xb
 344 0022 0B       		.uleb128 0xb
 345 0023 3E       		.uleb128 0x3e
 346 0024 0B       		.uleb128 0xb
 347 0025 03       		.uleb128 0x3
 348 0026 08       		.uleb128 0x8
 349 0027 00       		.byte	0
 350 0028 00       		.byte	0
 351 0029 04       		.uleb128 0x4
 352 002a 16       		.uleb128 0x16
 353 002b 00       		.byte	0
 354 002c 03       		.uleb128 0x3
 355 002d 0E       		.uleb128 0xe
 356 002e 3A       		.uleb128 0x3a
 357 002f 0B       		.uleb128 0xb
 358 0030 3B       		.uleb128 0x3b
 359 0031 05       		.uleb128 0x5
 360 0032 49       		.uleb128 0x49
 361 0033 13       		.uleb128 0x13
 362 0034 00       		.byte	0
 363 0035 00       		.byte	0
 364 0036 05       		.uleb128 0x5
 365 0037 35       		.uleb128 0x35
 366 0038 00       		.byte	0
 367 0039 49       		.uleb128 0x49
 368 003a 13       		.uleb128 0x13
 369 003b 00       		.byte	0
 370 003c 00       		.byte	0
 371 003d 06       		.uleb128 0x6
 372 003e 13       		.uleb128 0x13
 373 003f 01       		.byte	0x1
 374 0040 0B       		.uleb128 0xb
 375 0041 0B       		.uleb128 0xb
 376 0042 3A       		.uleb128 0x3a
 377 0043 0B       		.uleb128 0xb
 378 0044 3B       		.uleb128 0x3b
 379 0045 0B       		.uleb128 0xb
 380 0046 01       		.uleb128 0x1
 381 0047 13       		.uleb128 0x13
 382 0048 00       		.byte	0
 383 0049 00       		.byte	0
 384 004a 07       		.uleb128 0x7
 385 004b 0D       		.uleb128 0xd
 386 004c 00       		.byte	0
 387 004d 03       		.uleb128 0x3
 388 004e 0E       		.uleb128 0xe
 389 004f 3A       		.uleb128 0x3a
 390 0050 0B       		.uleb128 0xb
 391 0051 3B       		.uleb128 0x3b
 392 0052 0B       		.uleb128 0xb
 393 0053 49       		.uleb128 0x49
 394 0054 13       		.uleb128 0x13
 395 0055 38       		.uleb128 0x38
ARM GAS  C:\Users\g\AppData\Local\Temp\ccR0Zkbi.s 			page 10


 396 0056 0B       		.uleb128 0xb
 397 0057 00       		.byte	0
 398 0058 00       		.byte	0
 399 0059 08       		.uleb128 0x8
 400 005a 16       		.uleb128 0x16
 401 005b 00       		.byte	0
 402 005c 03       		.uleb128 0x3
 403 005d 0E       		.uleb128 0xe
 404 005e 3A       		.uleb128 0x3a
 405 005f 0B       		.uleb128 0xb
 406 0060 3B       		.uleb128 0x3b
 407 0061 0B       		.uleb128 0xb
 408 0062 49       		.uleb128 0x49
 409 0063 13       		.uleb128 0x13
 410 0064 00       		.byte	0
 411 0065 00       		.byte	0
 412 0066 09       		.uleb128 0x9
 413 0067 2E       		.uleb128 0x2e
 414 0068 00       		.byte	0
 415 0069 3F       		.uleb128 0x3f
 416 006a 19       		.uleb128 0x19
 417 006b 03       		.uleb128 0x3
 418 006c 0E       		.uleb128 0xe
 419 006d 3A       		.uleb128 0x3a
 420 006e 0B       		.uleb128 0xb
 421 006f 3B       		.uleb128 0x3b
 422 0070 0B       		.uleb128 0xb
 423 0071 27       		.uleb128 0x27
 424 0072 19       		.uleb128 0x19
 425 0073 20       		.uleb128 0x20
 426 0074 0B       		.uleb128 0xb
 427 0075 00       		.byte	0
 428 0076 00       		.byte	0
 429 0077 0A       		.uleb128 0xa
 430 0078 2E       		.uleb128 0x2e
 431 0079 00       		.byte	0
 432 007a 31       		.uleb128 0x31
 433 007b 13       		.uleb128 0x13
 434 007c 11       		.uleb128 0x11
 435 007d 01       		.uleb128 0x1
 436 007e 12       		.uleb128 0x12
 437 007f 06       		.uleb128 0x6
 438 0080 40       		.uleb128 0x40
 439 0081 18       		.uleb128 0x18
 440 0082 9742     		.uleb128 0x2117
 441 0084 19       		.uleb128 0x19
 442 0085 00       		.byte	0
 443 0086 00       		.byte	0
 444 0087 0B       		.uleb128 0xb
 445 0088 2E       		.uleb128 0x2e
 446 0089 01       		.byte	0x1
 447 008a 3F       		.uleb128 0x3f
 448 008b 19       		.uleb128 0x19
 449 008c 03       		.uleb128 0x3
 450 008d 0E       		.uleb128 0xe
 451 008e 3A       		.uleb128 0x3a
 452 008f 0B       		.uleb128 0xb
ARM GAS  C:\Users\g\AppData\Local\Temp\ccR0Zkbi.s 			page 11


 453 0090 3B       		.uleb128 0x3b
 454 0091 0B       		.uleb128 0xb
 455 0092 27       		.uleb128 0x27
 456 0093 19       		.uleb128 0x19
 457 0094 11       		.uleb128 0x11
 458 0095 01       		.uleb128 0x1
 459 0096 12       		.uleb128 0x12
 460 0097 06       		.uleb128 0x6
 461 0098 40       		.uleb128 0x40
 462 0099 18       		.uleb128 0x18
 463 009a 9742     		.uleb128 0x2117
 464 009c 19       		.uleb128 0x19
 465 009d 01       		.uleb128 0x1
 466 009e 13       		.uleb128 0x13
 467 009f 00       		.byte	0
 468 00a0 00       		.byte	0
 469 00a1 0C       		.uleb128 0xc
 470 00a2 898201   		.uleb128 0x4109
 471 00a5 00       		.byte	0
 472 00a6 11       		.uleb128 0x11
 473 00a7 01       		.uleb128 0x1
 474 00a8 31       		.uleb128 0x31
 475 00a9 13       		.uleb128 0x13
 476 00aa 00       		.byte	0
 477 00ab 00       		.byte	0
 478 00ac 0D       		.uleb128 0xd
 479 00ad 34       		.uleb128 0x34
 480 00ae 00       		.byte	0
 481 00af 03       		.uleb128 0x3
 482 00b0 0E       		.uleb128 0xe
 483 00b1 3A       		.uleb128 0x3a
 484 00b2 0B       		.uleb128 0xb
 485 00b3 3B       		.uleb128 0x3b
 486 00b4 0B       		.uleb128 0xb
 487 00b5 49       		.uleb128 0x49
 488 00b6 13       		.uleb128 0x13
 489 00b7 02       		.uleb128 0x2
 490 00b8 18       		.uleb128 0x18
 491 00b9 00       		.byte	0
 492 00ba 00       		.byte	0
 493 00bb 0E       		.uleb128 0xe
 494 00bc 2E       		.uleb128 0x2e
 495 00bd 00       		.byte	0
 496 00be 3F       		.uleb128 0x3f
 497 00bf 19       		.uleb128 0x19
 498 00c0 03       		.uleb128 0x3
 499 00c1 0E       		.uleb128 0xe
 500 00c2 3A       		.uleb128 0x3a
 501 00c3 0B       		.uleb128 0xb
 502 00c4 3B       		.uleb128 0x3b
 503 00c5 05       		.uleb128 0x5
 504 00c6 27       		.uleb128 0x27
 505 00c7 19       		.uleb128 0x19
 506 00c8 3C       		.uleb128 0x3c
 507 00c9 19       		.uleb128 0x19
 508 00ca 00       		.byte	0
 509 00cb 00       		.byte	0
ARM GAS  C:\Users\g\AppData\Local\Temp\ccR0Zkbi.s 			page 12


 510 00cc 00       		.byte	0
 511              		.section	.debug_aranges,"",%progbits
 512 0000 34000000 		.4byte	0x34
 513 0004 0200     		.2byte	0x2
 514 0006 00000000 		.4byte	.Ldebug_info0
 515 000a 04       		.byte	0x4
 516 000b 00       		.byte	0
 517 000c 0000     		.2byte	0
 518 000e 0000     		.2byte	0
 519 0010 00000000 		.4byte	.LFB0
 520 0014 02000000 		.4byte	.LFE0-.LFB0
 521 0018 00000000 		.4byte	.LFB1
 522 001c 24000000 		.4byte	.LFE1-.LFB1
 523 0020 00000000 		.4byte	.LFB2
 524 0024 02000000 		.4byte	.LFE2-.LFB2
 525 0028 00000000 		.4byte	.LFB3
 526 002c 14000000 		.4byte	.LFE3-.LFB3
 527 0030 00000000 		.4byte	0
 528 0034 00000000 		.4byte	0
 529              		.section	.debug_ranges,"",%progbits
 530              	.Ldebug_ranges0:
 531 0000 00000000 		.4byte	.LFB0
 532 0004 02000000 		.4byte	.LFE0
 533 0008 00000000 		.4byte	.LFB1
 534 000c 24000000 		.4byte	.LFE1
 535 0010 00000000 		.4byte	.LFB2
 536 0014 02000000 		.4byte	.LFE2
 537 0018 00000000 		.4byte	.LFB3
 538 001c 14000000 		.4byte	.LFE3
 539 0020 00000000 		.4byte	0
 540 0024 00000000 		.4byte	0
 541              		.section	.debug_line,"",%progbits
 542              	.Ldebug_line0:
 543 0000 A8000000 		.section	.debug_str,"MS",%progbits,1
 543      02005600 
 543      00000201 
 543      FB0E0D00 
 543      01010101 
 544              	.LASF6:
 545 0000 6C6F6E67 		.ascii	"long long int\000"
 545      206C6F6E 
 545      6720696E 
 545      7400
 546              	.LASF10:
 547 000e 75696E74 		.ascii	"uint32\000"
 547      333200
 548              	.LASF27:
 549 0015 54585F53 		.ascii	"TX_SEND_backup\000"
 549      454E445F 
 549      6261636B 
 549      757000
 550              	.LASF8:
 551 0024 756E7369 		.ascii	"unsigned int\000"
 551      676E6564 
 551      20696E74 
 551      00
 552              	.LASF17:
ARM GAS  C:\Users\g\AppData\Local\Temp\ccR0Zkbi.s 			page 13


 553 0031 54585F53 		.ascii	"TX_SEND_SaveConfig\000"
 553      454E445F 
 553      53617665 
 553      436F6E66 
 553      696700
 554              	.LASF9:
 555 0044 75696E74 		.ascii	"uint8\000"
 555      3800
 556              	.LASF5:
 557 004a 6C6F6E67 		.ascii	"long unsigned int\000"
 557      20756E73 
 557      69676E65 
 557      6420696E 
 557      7400
 558              	.LASF7:
 559 005c 6C6F6E67 		.ascii	"long long unsigned int\000"
 559      206C6F6E 
 559      6720756E 
 559      7369676E 
 559      65642069 
 560              	.LASF25:
 561 0073 443A5C63 		.ascii	"D:\\code\\cypress\\controllers\\dcsd.cydsn\000"
 561      6F64655C 
 561      63797072 
 561      6573735C 
 561      636F6E74 
 562              	.LASF20:
 563 009a 54585F53 		.ascii	"TX_SEND_Wakeup\000"
 563      454E445F 
 563      57616B65 
 563      757000
 564              	.LASF16:
 565 00a9 54585F53 		.ascii	"TX_SEND_BACKUP_STRUCT\000"
 565      454E445F 
 565      4241434B 
 565      55505F53 
 565      54525543 
 566              	.LASF23:
 567 00bf 474E5520 		.ascii	"GNU C 4.9.3 20150303 (release) [ARM/embedded-4_9-br"
 567      4320342E 
 567      392E3320 
 567      32303135 
 567      30333033 
 568 00f2 616E6368 		.ascii	"anch revision 221220] -mcpu=cortex-m0 -mthumb -g -O"
 568      20726576 
 568      6973696F 
 568      6E203232 
 568      31323230 
 569 0125 32202D73 		.ascii	"2 -std=c99 -ffunction-sections -ffat-lto-objects\000"
 569      74643D63 
 569      3939202D 
 569      6666756E 
 569      6374696F 
 570              	.LASF1:
 571 0156 756E7369 		.ascii	"unsigned char\000"
 571      676E6564 
 571      20636861 
ARM GAS  C:\Users\g\AppData\Local\Temp\ccR0Zkbi.s 			page 14


 571      7200
 572              	.LASF13:
 573 0164 63686172 		.ascii	"char\000"
 573      00
 574              	.LASF19:
 575 0169 54585F53 		.ascii	"TX_SEND_Sleep\000"
 575      454E445F 
 575      536C6565 
 575      7000
 576              	.LASF4:
 577 0177 6C6F6E67 		.ascii	"long int\000"
 577      20696E74 
 577      00
 578              	.LASF26:
 579 0180 656E6162 		.ascii	"enableState\000"
 579      6C655374 
 579      61746500 
 580              	.LASF12:
 581 018c 646F7562 		.ascii	"double\000"
 581      6C6500
 582              	.LASF22:
 583 0193 54585F53 		.ascii	"TX_SEND_Enable\000"
 583      454E445F 
 583      456E6162 
 583      6C6500
 584              	.LASF14:
 585 01a2 72656733 		.ascii	"reg32\000"
 585      3200
 586              	.LASF3:
 587 01a8 73686F72 		.ascii	"short unsigned int\000"
 587      7420756E 
 587      7369676E 
 587      65642069 
 587      6E7400
 588              	.LASF0:
 589 01bb 7369676E 		.ascii	"signed char\000"
 589      65642063 
 589      68617200 
 590              	.LASF21:
 591 01c7 54585F53 		.ascii	"TX_SEND_Stop\000"
 591      454E445F 
 591      53746F70 
 591      00
 592              	.LASF18:
 593 01d4 54585F53 		.ascii	"TX_SEND_RestoreConfig\000"
 593      454E445F 
 593      52657374 
 593      6F726543 
 593      6F6E6669 
 594              	.LASF11:
 595 01ea 666C6F61 		.ascii	"float\000"
 595      7400
 596              	.LASF2:
 597 01f0 73686F72 		.ascii	"short int\000"
 597      7420696E 
 597      7400
 598              	.LASF24:
ARM GAS  C:\Users\g\AppData\Local\Temp\ccR0Zkbi.s 			page 15


 599 01fa 2E5C4765 		.ascii	".\\Generated_Source\\PSoC4\\TX_SEND_PM.c\000"
 599      6E657261 
 599      7465645F 
 599      536F7572 
 599      63655C50 
 600              	.LASF15:
 601 0220 73697A65 		.ascii	"sizetype\000"
 601      74797065 
 601      00
 602              		.ident	"GCC: (GNU Tools for ARM Embedded Processors) 4.9.3 20150303 (release) [ARM/embedded-4_9-br
