ARM GAS  C:\Users\ottor\AppData\Local\Temp\ccnrZdPq.s 			page 1


   1              		.syntax unified
   2              		.cpu cortex-m0
   3              		.fpu softvfp
   4              		.eabi_attribute 20, 1
   5              		.eabi_attribute 21, 1
   6              		.eabi_attribute 23, 3
   7              		.eabi_attribute 24, 1
   8              		.eabi_attribute 25, 1
   9              		.eabi_attribute 26, 1
  10              		.eabi_attribute 30, 1
  11              		.eabi_attribute 34, 0
  12              		.eabi_attribute 18, 4
  13              		.thumb
  14              		.syntax unified
  15              		.file	"cyfitter_cfg.c"
  16              		.text
  17              	.Ltext0:
  18              		.cfi_sections	.debug_frame
  19              		.section	.text.CYMEMZERO,"ax",%progbits
  20              		.align	2
  21              		.code	16
  22              		.thumb_func
  23              		.type	CYMEMZERO, %function
  24              	CYMEMZERO:
  25              	.LFB0:
  26              		.file 1 "Generated_Source\\PSoC4\\cyfitter_cfg.c"
   1:Generated_Source\PSoC4/cyfitter_cfg.c **** 
   2:Generated_Source\PSoC4/cyfitter_cfg.c **** /*******************************************************************************
   3:Generated_Source\PSoC4/cyfitter_cfg.c **** * File Name: cyfitter_cfg.c
   4:Generated_Source\PSoC4/cyfitter_cfg.c **** * 
   5:Generated_Source\PSoC4/cyfitter_cfg.c **** * PSoC Creator  4.2
   6:Generated_Source\PSoC4/cyfitter_cfg.c **** *
   7:Generated_Source\PSoC4/cyfitter_cfg.c **** * Description:
   8:Generated_Source\PSoC4/cyfitter_cfg.c **** * This file contains device initialization code.
   9:Generated_Source\PSoC4/cyfitter_cfg.c **** * Except for the user defined sections in CyClockStartupError(), this file should not be modified.
  10:Generated_Source\PSoC4/cyfitter_cfg.c **** * This file is automatically generated by PSoC Creator.
  11:Generated_Source\PSoC4/cyfitter_cfg.c **** *
  12:Generated_Source\PSoC4/cyfitter_cfg.c **** ********************************************************************************
  13:Generated_Source\PSoC4/cyfitter_cfg.c **** * Copyright (c) 2007-2018 Cypress Semiconductor.  All rights reserved.
  14:Generated_Source\PSoC4/cyfitter_cfg.c **** * You may use this file only in accordance with the license, terms, conditions, 
  15:Generated_Source\PSoC4/cyfitter_cfg.c **** * disclaimers, and limitations in the end user license agreement accompanying 
  16:Generated_Source\PSoC4/cyfitter_cfg.c **** * the software package with which this file was provided.
  17:Generated_Source\PSoC4/cyfitter_cfg.c **** ********************************************************************************/
  18:Generated_Source\PSoC4/cyfitter_cfg.c **** 
  19:Generated_Source\PSoC4/cyfitter_cfg.c **** #include <string.h>
  20:Generated_Source\PSoC4/cyfitter_cfg.c **** #include "cytypes.h"
  21:Generated_Source\PSoC4/cyfitter_cfg.c **** #include "cydevice_trm.h"
  22:Generated_Source\PSoC4/cyfitter_cfg.c **** #include "cyfitter.h"
  23:Generated_Source\PSoC4/cyfitter_cfg.c **** #include "CyLib.h"
  24:Generated_Source\PSoC4/cyfitter_cfg.c **** #include "CyLFClk.h"
  25:Generated_Source\PSoC4/cyfitter_cfg.c **** #include "cyfitter_cfg.h"
  26:Generated_Source\PSoC4/cyfitter_cfg.c **** #include "cyapicallbacks.h"
  27:Generated_Source\PSoC4/cyfitter_cfg.c **** 
  28:Generated_Source\PSoC4/cyfitter_cfg.c **** 
  29:Generated_Source\PSoC4/cyfitter_cfg.c **** #if defined(__GNUC__) || defined(__ARMCC_VERSION)
  30:Generated_Source\PSoC4/cyfitter_cfg.c ****     #define CYPACKED 
  31:Generated_Source\PSoC4/cyfitter_cfg.c ****     #define CYPACKED_ATTR __attribute__ ((packed))
ARM GAS  C:\Users\ottor\AppData\Local\Temp\ccnrZdPq.s 			page 2


  32:Generated_Source\PSoC4/cyfitter_cfg.c ****     #define CYALIGNED __attribute__ ((aligned))
  33:Generated_Source\PSoC4/cyfitter_cfg.c ****     #define CY_CFG_UNUSED __attribute__ ((unused))
  34:Generated_Source\PSoC4/cyfitter_cfg.c ****     #ifndef CY_CFG_SECTION
  35:Generated_Source\PSoC4/cyfitter_cfg.c ****         #define CY_CFG_SECTION __attribute__ ((section(".psocinit")))
  36:Generated_Source\PSoC4/cyfitter_cfg.c ****     #endif
  37:Generated_Source\PSoC4/cyfitter_cfg.c ****     
  38:Generated_Source\PSoC4/cyfitter_cfg.c ****     #if defined(__ARMCC_VERSION)
  39:Generated_Source\PSoC4/cyfitter_cfg.c ****         #define CY_CFG_MEMORY_BARRIER() __memory_changed()
  40:Generated_Source\PSoC4/cyfitter_cfg.c ****     #else
  41:Generated_Source\PSoC4/cyfitter_cfg.c ****         #define CY_CFG_MEMORY_BARRIER() __sync_synchronize()
  42:Generated_Source\PSoC4/cyfitter_cfg.c ****     #endif
  43:Generated_Source\PSoC4/cyfitter_cfg.c ****     
  44:Generated_Source\PSoC4/cyfitter_cfg.c **** #elif defined(__ICCARM__)
  45:Generated_Source\PSoC4/cyfitter_cfg.c ****     #include <intrinsics.h>
  46:Generated_Source\PSoC4/cyfitter_cfg.c **** 
  47:Generated_Source\PSoC4/cyfitter_cfg.c ****     #define CYPACKED __packed
  48:Generated_Source\PSoC4/cyfitter_cfg.c ****     #define CYPACKED_ATTR 
  49:Generated_Source\PSoC4/cyfitter_cfg.c ****     #define CYALIGNED _Pragma("data_alignment=4")
  50:Generated_Source\PSoC4/cyfitter_cfg.c ****     #define CY_CFG_UNUSED _Pragma("diag_suppress=Pe177")
  51:Generated_Source\PSoC4/cyfitter_cfg.c ****     #define CY_CFG_SECTION _Pragma("location=\".psocinit\"")
  52:Generated_Source\PSoC4/cyfitter_cfg.c ****     
  53:Generated_Source\PSoC4/cyfitter_cfg.c ****     #define CY_CFG_MEMORY_BARRIER() __DMB()
  54:Generated_Source\PSoC4/cyfitter_cfg.c ****     
  55:Generated_Source\PSoC4/cyfitter_cfg.c **** #else
  56:Generated_Source\PSoC4/cyfitter_cfg.c ****     #error Unsupported toolchain
  57:Generated_Source\PSoC4/cyfitter_cfg.c **** #endif
  58:Generated_Source\PSoC4/cyfitter_cfg.c **** 
  59:Generated_Source\PSoC4/cyfitter_cfg.c **** #ifndef CYCODE
  60:Generated_Source\PSoC4/cyfitter_cfg.c ****     #define CYCODE
  61:Generated_Source\PSoC4/cyfitter_cfg.c **** #endif
  62:Generated_Source\PSoC4/cyfitter_cfg.c **** #ifndef CYDATA
  63:Generated_Source\PSoC4/cyfitter_cfg.c ****     #define CYDATA
  64:Generated_Source\PSoC4/cyfitter_cfg.c **** #endif
  65:Generated_Source\PSoC4/cyfitter_cfg.c **** #ifndef CYFAR
  66:Generated_Source\PSoC4/cyfitter_cfg.c ****     #define CYFAR
  67:Generated_Source\PSoC4/cyfitter_cfg.c **** #endif
  68:Generated_Source\PSoC4/cyfitter_cfg.c **** #ifndef CYXDATA
  69:Generated_Source\PSoC4/cyfitter_cfg.c ****     #define CYXDATA
  70:Generated_Source\PSoC4/cyfitter_cfg.c **** #endif
  71:Generated_Source\PSoC4/cyfitter_cfg.c **** 
  72:Generated_Source\PSoC4/cyfitter_cfg.c **** 
  73:Generated_Source\PSoC4/cyfitter_cfg.c **** CY_CFG_UNUSED
  74:Generated_Source\PSoC4/cyfitter_cfg.c **** static void CYMEMZERO(void *s, size_t n);
  75:Generated_Source\PSoC4/cyfitter_cfg.c **** CY_CFG_UNUSED
  76:Generated_Source\PSoC4/cyfitter_cfg.c **** static void CYMEMZERO(void *s, size_t n)
  77:Generated_Source\PSoC4/cyfitter_cfg.c **** {
  27              		.loc 1 77 0
  28              		.cfi_startproc
  29              		@ args = 0, pretend = 0, frame = 0
  30              		@ frame_needed = 0, uses_anonymous_args = 0
  31              	.LVL0:
  32 0000 10B5     		push	{r4, lr}
  33              		.cfi_def_cfa_offset 8
  34              		.cfi_offset 4, -8
  35              		.cfi_offset 14, -4
  36 0002 0A00     		movs	r2, r1
  78:Generated_Source\PSoC4/cyfitter_cfg.c **** 	(void)memset(s, 0, n);
ARM GAS  C:\Users\ottor\AppData\Local\Temp\ccnrZdPq.s 			page 3


  37              		.loc 1 78 0
  38 0004 0021     		movs	r1, #0
  39              	.LVL1:
  40 0006 FFF7FEFF 		bl	memset
  41              	.LVL2:
  79:Generated_Source\PSoC4/cyfitter_cfg.c **** }
  42              		.loc 1 79 0
  43              		@ sp needed
  44 000a 10BD     		pop	{r4, pc}
  45              		.cfi_endproc
  46              	.LFE0:
  47              		.size	CYMEMZERO, .-CYMEMZERO
  48              		.section	.psocinit,"ax",%progbits
  49              		.align	2
  50              		.code	16
  51              		.thumb_func
  52              		.type	ClockSetup, %function
  53              	ClockSetup:
  54              	.LFB3:
  80:Generated_Source\PSoC4/cyfitter_cfg.c **** CY_CFG_UNUSED
  81:Generated_Source\PSoC4/cyfitter_cfg.c **** static void CYCONFIGCPY(void *dest, const void *src, size_t n);
  82:Generated_Source\PSoC4/cyfitter_cfg.c **** CY_CFG_UNUSED
  83:Generated_Source\PSoC4/cyfitter_cfg.c **** static void CYCONFIGCPY(void *dest, const void *src, size_t n)
  84:Generated_Source\PSoC4/cyfitter_cfg.c **** {
  85:Generated_Source\PSoC4/cyfitter_cfg.c **** 	(void)memcpy(dest, src, n);
  86:Generated_Source\PSoC4/cyfitter_cfg.c **** }
  87:Generated_Source\PSoC4/cyfitter_cfg.c **** CY_CFG_UNUSED
  88:Generated_Source\PSoC4/cyfitter_cfg.c **** static void CYCONFIGCPYCODE(void *dest, const void *src, size_t n);
  89:Generated_Source\PSoC4/cyfitter_cfg.c **** CY_CFG_UNUSED
  90:Generated_Source\PSoC4/cyfitter_cfg.c **** static void CYCONFIGCPYCODE(void *dest, const void *src, size_t n)
  91:Generated_Source\PSoC4/cyfitter_cfg.c **** {
  92:Generated_Source\PSoC4/cyfitter_cfg.c **** 	(void)memcpy(dest, src, n);
  93:Generated_Source\PSoC4/cyfitter_cfg.c **** }
  94:Generated_Source\PSoC4/cyfitter_cfg.c **** 
  95:Generated_Source\PSoC4/cyfitter_cfg.c **** 
  96:Generated_Source\PSoC4/cyfitter_cfg.c **** 
  97:Generated_Source\PSoC4/cyfitter_cfg.c **** 
  98:Generated_Source\PSoC4/cyfitter_cfg.c **** /* Clock startup error codes                                                   */
  99:Generated_Source\PSoC4/cyfitter_cfg.c **** #define CYCLOCKSTART_NO_ERROR    0u
 100:Generated_Source\PSoC4/cyfitter_cfg.c **** #define CYCLOCKSTART_XTAL_ERROR  1u
 101:Generated_Source\PSoC4/cyfitter_cfg.c **** #define CYCLOCKSTART_32KHZ_ERROR 2u
 102:Generated_Source\PSoC4/cyfitter_cfg.c **** #define CYCLOCKSTART_PLL_ERROR   3u
 103:Generated_Source\PSoC4/cyfitter_cfg.c **** #define CYCLOCKSTART_FLL_ERROR   4u
 104:Generated_Source\PSoC4/cyfitter_cfg.c **** #define CYCLOCKSTART_WCO_ERROR   5u
 105:Generated_Source\PSoC4/cyfitter_cfg.c **** 
 106:Generated_Source\PSoC4/cyfitter_cfg.c **** 
 107:Generated_Source\PSoC4/cyfitter_cfg.c **** #ifdef CY_NEED_CYCLOCKSTARTUPERROR
 108:Generated_Source\PSoC4/cyfitter_cfg.c **** /*******************************************************************************
 109:Generated_Source\PSoC4/cyfitter_cfg.c **** * Function Name: CyClockStartupError
 110:Generated_Source\PSoC4/cyfitter_cfg.c **** ********************************************************************************
 111:Generated_Source\PSoC4/cyfitter_cfg.c **** * Summary:
 112:Generated_Source\PSoC4/cyfitter_cfg.c **** *  If an error is encountered during clock configuration (crystal startup error,
 113:Generated_Source\PSoC4/cyfitter_cfg.c **** *  PLL lock error, etc.), the system will end up here.  Unless reimplemented by
 114:Generated_Source\PSoC4/cyfitter_cfg.c **** *  the customer, this function will stop in an infinite loop.
 115:Generated_Source\PSoC4/cyfitter_cfg.c **** *
 116:Generated_Source\PSoC4/cyfitter_cfg.c **** * Parameters:
 117:Generated_Source\PSoC4/cyfitter_cfg.c **** *   void
ARM GAS  C:\Users\ottor\AppData\Local\Temp\ccnrZdPq.s 			page 4


 118:Generated_Source\PSoC4/cyfitter_cfg.c **** *
 119:Generated_Source\PSoC4/cyfitter_cfg.c **** * Return:
 120:Generated_Source\PSoC4/cyfitter_cfg.c **** *   void
 121:Generated_Source\PSoC4/cyfitter_cfg.c **** *
 122:Generated_Source\PSoC4/cyfitter_cfg.c **** *******************************************************************************/
 123:Generated_Source\PSoC4/cyfitter_cfg.c **** CY_CFG_UNUSED
 124:Generated_Source\PSoC4/cyfitter_cfg.c **** static void CyClockStartupError(uint8 errorCode);
 125:Generated_Source\PSoC4/cyfitter_cfg.c **** CY_CFG_UNUSED
 126:Generated_Source\PSoC4/cyfitter_cfg.c **** static void CyClockStartupError(uint8 errorCode)
 127:Generated_Source\PSoC4/cyfitter_cfg.c **** {
 128:Generated_Source\PSoC4/cyfitter_cfg.c ****     /* To remove the compiler warning if errorCode not used.                */
 129:Generated_Source\PSoC4/cyfitter_cfg.c ****     errorCode = errorCode;
 130:Generated_Source\PSoC4/cyfitter_cfg.c **** 
 131:Generated_Source\PSoC4/cyfitter_cfg.c ****     /* If we have a clock startup error (bad MHz crystal, PLL lock, etc.),  */
 132:Generated_Source\PSoC4/cyfitter_cfg.c ****     /* we will end up here to allow the customer to implement something to  */
 133:Generated_Source\PSoC4/cyfitter_cfg.c ****     /* deal with the clock condition.                                       */
 134:Generated_Source\PSoC4/cyfitter_cfg.c **** 
 135:Generated_Source\PSoC4/cyfitter_cfg.c **** #ifdef CY_CFG_CLOCK_STARTUP_ERROR_CALLBACK
 136:Generated_Source\PSoC4/cyfitter_cfg.c ****     CY_CFG_Clock_Startup_ErrorCallback();
 137:Generated_Source\PSoC4/cyfitter_cfg.c **** #else
 138:Generated_Source\PSoC4/cyfitter_cfg.c ****     /*  If not using CY_CFG_CLOCK_STARTUP_ERROR_CALLBACK, place your clock startup code here. */
 139:Generated_Source\PSoC4/cyfitter_cfg.c ****     /* `#START CyClockStartupError` */
 140:Generated_Source\PSoC4/cyfitter_cfg.c **** 
 141:Generated_Source\PSoC4/cyfitter_cfg.c ****     /* If we have a clock startup error (bad MHz crystal, PLL lock, etc.),  */
 142:Generated_Source\PSoC4/cyfitter_cfg.c ****     /* we will end up here to allow the customer to implement something to  */
 143:Generated_Source\PSoC4/cyfitter_cfg.c ****     /* deal with the clock condition.                                       */
 144:Generated_Source\PSoC4/cyfitter_cfg.c **** 
 145:Generated_Source\PSoC4/cyfitter_cfg.c ****     /* `#END` */
 146:Generated_Source\PSoC4/cyfitter_cfg.c **** 
 147:Generated_Source\PSoC4/cyfitter_cfg.c ****     while(1) {}
 148:Generated_Source\PSoC4/cyfitter_cfg.c **** #endif /* CY_CFG_CLOCK_STARTUP_ERROR_CALLBACK */
 149:Generated_Source\PSoC4/cyfitter_cfg.c **** }
 150:Generated_Source\PSoC4/cyfitter_cfg.c **** #endif
 151:Generated_Source\PSoC4/cyfitter_cfg.c **** 
 152:Generated_Source\PSoC4/cyfitter_cfg.c **** 
 153:Generated_Source\PSoC4/cyfitter_cfg.c **** 
 154:Generated_Source\PSoC4/cyfitter_cfg.c **** /*******************************************************************************
 155:Generated_Source\PSoC4/cyfitter_cfg.c **** * Function Name: ClockSetup
 156:Generated_Source\PSoC4/cyfitter_cfg.c **** ********************************************************************************
 157:Generated_Source\PSoC4/cyfitter_cfg.c **** *
 158:Generated_Source\PSoC4/cyfitter_cfg.c **** * Summary:
 159:Generated_Source\PSoC4/cyfitter_cfg.c **** *   Performs the initialization of all of the clocks in the device based on the
 160:Generated_Source\PSoC4/cyfitter_cfg.c **** *   settings in the Clock tab of the DWR.  This includes enabling the requested
 161:Generated_Source\PSoC4/cyfitter_cfg.c **** *   clocks and setting the necessary dividers to produce the desired frequency. 
 162:Generated_Source\PSoC4/cyfitter_cfg.c **** *
 163:Generated_Source\PSoC4/cyfitter_cfg.c **** * Parameters:
 164:Generated_Source\PSoC4/cyfitter_cfg.c **** *   void
 165:Generated_Source\PSoC4/cyfitter_cfg.c **** *
 166:Generated_Source\PSoC4/cyfitter_cfg.c **** * Return:
 167:Generated_Source\PSoC4/cyfitter_cfg.c **** *   void
 168:Generated_Source\PSoC4/cyfitter_cfg.c **** *
 169:Generated_Source\PSoC4/cyfitter_cfg.c **** *******************************************************************************/
 170:Generated_Source\PSoC4/cyfitter_cfg.c **** static void ClockSetup(void);
 171:Generated_Source\PSoC4/cyfitter_cfg.c **** CY_CFG_SECTION
 172:Generated_Source\PSoC4/cyfitter_cfg.c **** static void ClockSetup(void)
 173:Generated_Source\PSoC4/cyfitter_cfg.c **** {
  55              		.loc 1 173 0
ARM GAS  C:\Users\ottor\AppData\Local\Temp\ccnrZdPq.s 			page 5


  56              		.cfi_startproc
  57              		@ args = 0, pretend = 0, frame = 0
  58              		@ frame_needed = 0, uses_anonymous_args = 0
  59 0000 70B5     		push	{r4, r5, r6, lr}
  60              		.cfi_def_cfa_offset 16
  61              		.cfi_offset 4, -16
  62              		.cfi_offset 5, -12
  63              		.cfi_offset 6, -8
  64              		.cfi_offset 14, -4
 174:Generated_Source\PSoC4/cyfitter_cfg.c **** 	/* Enable HALF_EN before trimming for the flash accelerator. */
 175:Generated_Source\PSoC4/cyfitter_cfg.c **** 	CY_SET_REG32((void CYXDATA *)(CYREG_CLK_SELECT), (CY_GET_REG32((void *)CYREG_CLK_SELECT) | 0x00040
  65              		.loc 1 175 0
  66 0002 144C     		ldr	r4, .L3
  67 0004 2368     		ldr	r3, [r4]
  68 0006 8025     		movs	r5, #128
  69 0008 ED02     		lsls	r5, r5, #11
  70 000a 2B43     		orrs	r3, r5
  71 000c 2360     		str	r3, [r4]
 176:Generated_Source\PSoC4/cyfitter_cfg.c **** 
 177:Generated_Source\PSoC4/cyfitter_cfg.c **** 	/* Setup and trim IMO based on desired frequency. */
 178:Generated_Source\PSoC4/cyfitter_cfg.c **** 	CySysClkWriteImoFreq(48u);
  72              		.loc 1 178 0
  73 000e 3020     		movs	r0, #48
  74 0010 FFF7FEFF 		bl	CySysClkWriteImoFreq
  75              	.LVL3:
 179:Generated_Source\PSoC4/cyfitter_cfg.c **** 	/* CYDEV_CLK_ILO_CONFIG Starting address: CYDEV_CLK_ILO_CONFIG */
 180:Generated_Source\PSoC4/cyfitter_cfg.c **** 	CY_SET_REG32((void *)(CYREG_CLK_ILO_CONFIG), 0x80000006u);
  76              		.loc 1 180 0
  77 0014 104A     		ldr	r2, .L3+4
  78 0016 114B     		ldr	r3, .L3+8
  79 0018 1A60     		str	r2, [r3]
 181:Generated_Source\PSoC4/cyfitter_cfg.c **** 
 182:Generated_Source\PSoC4/cyfitter_cfg.c **** 
 183:Generated_Source\PSoC4/cyfitter_cfg.c **** 	/* CYDEV_CLK_SELECT00 Starting address: CYDEV_CLK_SELECT00 */
 184:Generated_Source\PSoC4/cyfitter_cfg.c **** 	CY_SET_REG32((void *)(CYREG_CLK_SELECT03), 0x00000020u);
  80              		.loc 1 184 0
  81 001a 2022     		movs	r2, #32
  82 001c 104B     		ldr	r3, .L3+12
  83 001e 1A60     		str	r2, [r3]
 185:Generated_Source\PSoC4/cyfitter_cfg.c **** 	CY_SET_REG32((void *)(CYREG_CLK_SELECT09), 0x00000010u);
  84              		.loc 1 185 0
  85 0020 103A     		subs	r2, r2, #16
  86 0022 104B     		ldr	r3, .L3+16
  87 0024 1A60     		str	r2, [r3]
 186:Generated_Source\PSoC4/cyfitter_cfg.c **** 
 187:Generated_Source\PSoC4/cyfitter_cfg.c **** 	/* CYDEV_CLK_IMO_CONFIG Starting address: CYDEV_CLK_IMO_CONFIG */
 188:Generated_Source\PSoC4/cyfitter_cfg.c **** 	CY_SET_REG32((void *)(CYREG_CLK_IMO_CONFIG), 0x80000000u);
  88              		.loc 1 188 0
  89 0026 8022     		movs	r2, #128
  90 0028 1206     		lsls	r2, r2, #24
  91 002a 0F4B     		ldr	r3, .L3+20
  92 002c 1A60     		str	r2, [r3]
 189:Generated_Source\PSoC4/cyfitter_cfg.c **** 
 190:Generated_Source\PSoC4/cyfitter_cfg.c **** 	/* CYDEV_CLK_SELECT Starting address: CYDEV_CLK_SELECT */
 191:Generated_Source\PSoC4/cyfitter_cfg.c **** 	CY_SET_REG32((void *)(CYREG_CLK_SELECT), 0x00040000u);
  93              		.loc 1 191 0
  94 002e 2560     		str	r5, [r4]
ARM GAS  C:\Users\ottor\AppData\Local\Temp\ccnrZdPq.s 			page 6


 192:Generated_Source\PSoC4/cyfitter_cfg.c **** 
 193:Generated_Source\PSoC4/cyfitter_cfg.c **** 	/* CYDEV_CLK_DIVIDER_A00 Starting address: CYDEV_CLK_DIVIDER_A00 */
 194:Generated_Source\PSoC4/cyfitter_cfg.c **** 	CY_SET_REG32((void *)(CYREG_CLK_DIVIDER_A00), 0x8000000Fu);
  95              		.loc 1 194 0
  96 0030 0E4A     		ldr	r2, .L3+24
  97 0032 0F4B     		ldr	r3, .L3+28
  98 0034 1A60     		str	r2, [r3]
 195:Generated_Source\PSoC4/cyfitter_cfg.c **** 
 196:Generated_Source\PSoC4/cyfitter_cfg.c **** 	/* CYDEV_CLK_DIVIDER_B00 Starting address: CYDEV_CLK_DIVIDER_B00 */
 197:Generated_Source\PSoC4/cyfitter_cfg.c **** 	CY_SET_REG32((void *)(CYREG_CLK_DIVIDER_B00), 0x80000067u);
  99              		.loc 1 197 0
 100 0036 0F4A     		ldr	r2, .L3+32
 101 0038 0F4B     		ldr	r3, .L3+36
 102 003a 1A60     		str	r2, [r3]
 198:Generated_Source\PSoC4/cyfitter_cfg.c **** 
 199:Generated_Source\PSoC4/cyfitter_cfg.c **** 	(void)CyIntSetVector(9u, &CySysWdtIsr);
 103              		.loc 1 199 0
 104 003c 0F49     		ldr	r1, .L3+40
 105 003e 0920     		movs	r0, #9
 106 0040 FFF7FEFF 		bl	CyIntSetVector
 107              	.LVL4:
 200:Generated_Source\PSoC4/cyfitter_cfg.c **** 	CyIntEnable(9u);
 108              		.loc 1 200 0
 109 0044 0920     		movs	r0, #9
 110 0046 FFF7FEFF 		bl	CyIntEnable
 111              	.LVL5:
 201:Generated_Source\PSoC4/cyfitter_cfg.c **** 	CY_SET_REG32((void *)(CYREG_WDT_CONFIG), 0x00000000u);
 112              		.loc 1 201 0
 113 004a 0022     		movs	r2, #0
 114 004c 0C4B     		ldr	r3, .L3+44
 115 004e 1A60     		str	r2, [r3]
 202:Generated_Source\PSoC4/cyfitter_cfg.c **** }
 116              		.loc 1 202 0
 117              		@ sp needed
 118 0050 70BD     		pop	{r4, r5, r6, pc}
 119              	.L4:
 120 0052 C046     		.align	2
 121              	.L3:
 122 0054 00010B40 		.word	1074462976
 123 0058 06000080 		.word	-2147483642
 124 005c 04010B40 		.word	1074462980
 125 0060 0C020240 		.word	1073873420
 126 0064 24020240 		.word	1073873444
 127 0068 08010B40 		.word	1074462984
 128 006c 0F000080 		.word	-2147483633
 129 0070 00000240 		.word	1073872896
 130 0074 67000080 		.word	-2147483545
 131 0078 40000240 		.word	1073872960
 132 007c 00000000 		.word	CySysWdtIsr
 133 0080 0C020B40 		.word	1074463244
 134              		.cfi_endproc
 135              	.LFE3:
 136              		.size	ClockSetup, .-ClockSetup
 137              		.align	2
 138              		.global	cyfitter_cfg
 139              		.code	16
 140              		.thumb_func
ARM GAS  C:\Users\ottor\AppData\Local\Temp\ccnrZdPq.s 			page 7


 141              		.type	cyfitter_cfg, %function
 142              	cyfitter_cfg:
 143              	.LFB5:
 203:Generated_Source\PSoC4/cyfitter_cfg.c **** 
 204:Generated_Source\PSoC4/cyfitter_cfg.c **** 
 205:Generated_Source\PSoC4/cyfitter_cfg.c **** /* Analog API Functions */
 206:Generated_Source\PSoC4/cyfitter_cfg.c **** 
 207:Generated_Source\PSoC4/cyfitter_cfg.c **** 
 208:Generated_Source\PSoC4/cyfitter_cfg.c **** /*******************************************************************************
 209:Generated_Source\PSoC4/cyfitter_cfg.c **** * Function Name: AnalogSetDefault
 210:Generated_Source\PSoC4/cyfitter_cfg.c **** ********************************************************************************
 211:Generated_Source\PSoC4/cyfitter_cfg.c **** *
 212:Generated_Source\PSoC4/cyfitter_cfg.c **** * Summary:
 213:Generated_Source\PSoC4/cyfitter_cfg.c **** *  Sets up the analog portions of the chip to default values based on chip
 214:Generated_Source\PSoC4/cyfitter_cfg.c **** *  configuration options from the project.
 215:Generated_Source\PSoC4/cyfitter_cfg.c **** *
 216:Generated_Source\PSoC4/cyfitter_cfg.c **** * Parameters:
 217:Generated_Source\PSoC4/cyfitter_cfg.c **** *  void
 218:Generated_Source\PSoC4/cyfitter_cfg.c **** *
 219:Generated_Source\PSoC4/cyfitter_cfg.c **** * Return:
 220:Generated_Source\PSoC4/cyfitter_cfg.c **** *  void
 221:Generated_Source\PSoC4/cyfitter_cfg.c **** *
 222:Generated_Source\PSoC4/cyfitter_cfg.c **** *******************************************************************************/
 223:Generated_Source\PSoC4/cyfitter_cfg.c **** static void AnalogSetDefault(void);
 224:Generated_Source\PSoC4/cyfitter_cfg.c **** static void AnalogSetDefault(void)
 225:Generated_Source\PSoC4/cyfitter_cfg.c **** {
 226:Generated_Source\PSoC4/cyfitter_cfg.c **** }
 227:Generated_Source\PSoC4/cyfitter_cfg.c **** 
 228:Generated_Source\PSoC4/cyfitter_cfg.c **** 
 229:Generated_Source\PSoC4/cyfitter_cfg.c **** 
 230:Generated_Source\PSoC4/cyfitter_cfg.c **** 
 231:Generated_Source\PSoC4/cyfitter_cfg.c **** /*******************************************************************************
 232:Generated_Source\PSoC4/cyfitter_cfg.c **** * Function Name: cyfitter_cfg
 233:Generated_Source\PSoC4/cyfitter_cfg.c **** ********************************************************************************
 234:Generated_Source\PSoC4/cyfitter_cfg.c **** * Summary:
 235:Generated_Source\PSoC4/cyfitter_cfg.c **** *  This function is called by the start-up code for the selected device. It
 236:Generated_Source\PSoC4/cyfitter_cfg.c **** *  performs all of the necessary device configuration based on the design
 237:Generated_Source\PSoC4/cyfitter_cfg.c **** *  settings.  This includes settings from the Design Wide Resources (DWR) such
 238:Generated_Source\PSoC4/cyfitter_cfg.c **** *  as Clocks and Pins as well as any component configuration that is necessary.
 239:Generated_Source\PSoC4/cyfitter_cfg.c **** *
 240:Generated_Source\PSoC4/cyfitter_cfg.c **** * Parameters:
 241:Generated_Source\PSoC4/cyfitter_cfg.c **** *   void
 242:Generated_Source\PSoC4/cyfitter_cfg.c **** *
 243:Generated_Source\PSoC4/cyfitter_cfg.c **** * Return:
 244:Generated_Source\PSoC4/cyfitter_cfg.c **** *   void
 245:Generated_Source\PSoC4/cyfitter_cfg.c **** *
 246:Generated_Source\PSoC4/cyfitter_cfg.c **** *******************************************************************************/
 247:Generated_Source\PSoC4/cyfitter_cfg.c **** CY_CFG_SECTION
 248:Generated_Source\PSoC4/cyfitter_cfg.c **** void cyfitter_cfg(void)
 249:Generated_Source\PSoC4/cyfitter_cfg.c **** {
 144              		.loc 1 249 0
 145              		.cfi_startproc
 146              		@ args = 0, pretend = 0, frame = 0
 147              		@ frame_needed = 0, uses_anonymous_args = 0
 148 0084 10B5     		push	{r4, lr}
 149              		.cfi_def_cfa_offset 8
 150              		.cfi_offset 4, -8
ARM GAS  C:\Users\ottor\AppData\Local\Temp\ccnrZdPq.s 			page 8


 151              		.cfi_offset 14, -4
 250:Generated_Source\PSoC4/cyfitter_cfg.c **** 	/* Disable interrupts by default. Let user enable if/when they want. */
 251:Generated_Source\PSoC4/cyfitter_cfg.c **** 	CyGlobalIntDisable;
 152              		.loc 1 251 0
 153              		.syntax divided
 154              	@ 251 "Generated_Source\PSoC4\cyfitter_cfg.c" 1
 155 0086 72B6     		CPSID   i
 156              	@ 0 "" 2
 157              	.LVL6:
 158              		.thumb
 159              		.syntax unified
 160              	.LBB2:
 252:Generated_Source\PSoC4/cyfitter_cfg.c **** 
 253:Generated_Source\PSoC4/cyfitter_cfg.c **** 	{
 254:Generated_Source\PSoC4/cyfitter_cfg.c **** 
 255:Generated_Source\PSoC4/cyfitter_cfg.c **** 		CYPACKED typedef struct {
 256:Generated_Source\PSoC4/cyfitter_cfg.c **** 			void CYFAR *address;
 257:Generated_Source\PSoC4/cyfitter_cfg.c **** 			uint16 size;
 258:Generated_Source\PSoC4/cyfitter_cfg.c **** 		} CYPACKED_ATTR cfg_memset_t;
 259:Generated_Source\PSoC4/cyfitter_cfg.c **** 
 260:Generated_Source\PSoC4/cyfitter_cfg.c **** 		static const cfg_memset_t CYCODE cfg_memset_list[] = {
 261:Generated_Source\PSoC4/cyfitter_cfg.c **** 			/* address, size */
 262:Generated_Source\PSoC4/cyfitter_cfg.c **** 			{(void CYFAR *)(CYDEV_UDB_P0_U0_BASE), 1024u},
 263:Generated_Source\PSoC4/cyfitter_cfg.c **** 			{(void CYFAR *)(CYDEV_UDB_DSI0_BASE), 1024u},
 264:Generated_Source\PSoC4/cyfitter_cfg.c **** 		};
 265:Generated_Source\PSoC4/cyfitter_cfg.c **** 
 266:Generated_Source\PSoC4/cyfitter_cfg.c **** 		uint8 CYDATA i;
 267:Generated_Source\PSoC4/cyfitter_cfg.c **** 
 268:Generated_Source\PSoC4/cyfitter_cfg.c **** 		/* Zero out critical memory blocks before beginning configuration */
 269:Generated_Source\PSoC4/cyfitter_cfg.c **** 		for (i = 0u; i < (sizeof(cfg_memset_list)/sizeof(cfg_memset_list[0])); i++)
 161              		.loc 1 269 0
 162 0088 0024     		movs	r4, #0
 163 008a 0FE0     		b	.L6
 164              	.LVL7:
 165              	.L7:
 166              	.LBB3:
 270:Generated_Source\PSoC4/cyfitter_cfg.c **** 		{
 271:Generated_Source\PSoC4/cyfitter_cfg.c **** 			const cfg_memset_t CYCODE * CYDATA ms = &cfg_memset_list[i];
 272:Generated_Source\PSoC4/cyfitter_cfg.c **** 			CYMEMZERO(ms->address, (size_t)(uint32)(ms->size));
 167              		.loc 1 272 0 discriminator 3
 168 008c 1548     		ldr	r0, .L8
 169 008e 6200     		lsls	r2, r4, #1
 170 0090 1319     		adds	r3, r2, r4
 171 0092 5900     		lsls	r1, r3, #1
 172 0094 0B00     		movs	r3, r1
 173 0096 4118     		adds	r1, r0, r1
 174 0098 8988     		ldrh	r1, [r1, #4]
 175 009a 1A5A     		ldrh	r2, [r3, r0]
 176 009c C318     		adds	r3, r0, r3
 177 009e 5888     		ldrh	r0, [r3, #2]
 178 00a0 0004     		lsls	r0, r0, #16
 179 00a2 1043     		orrs	r0, r2
 180 00a4 FFF7FEFF 		bl	CYMEMZERO
 181              	.LVL8:
 182              	.LBE3:
 269:Generated_Source\PSoC4/cyfitter_cfg.c **** 		{
 183              		.loc 1 269 0 discriminator 3
ARM GAS  C:\Users\ottor\AppData\Local\Temp\ccnrZdPq.s 			page 9


 184 00a8 0134     		adds	r4, r4, #1
 185              	.LVL9:
 186 00aa E4B2     		uxtb	r4, r4
 187              	.LVL10:
 188              	.L6:
 269:Generated_Source\PSoC4/cyfitter_cfg.c **** 		{
 189              		.loc 1 269 0 is_stmt 0 discriminator 1
 190 00ac 012C     		cmp	r4, #1
 191 00ae EDD9     		bls	.L7
 273:Generated_Source\PSoC4/cyfitter_cfg.c **** 		}
 274:Generated_Source\PSoC4/cyfitter_cfg.c **** 
 275:Generated_Source\PSoC4/cyfitter_cfg.c **** 		/* HSIOM Starting address: CYDEV_HSIOM_BASE */
 276:Generated_Source\PSoC4/cyfitter_cfg.c **** 		CY_SET_REG32((void *)(CYREG_HSIOM_PORT_SEL3), 0x00008899u);
 192              		.loc 1 276 0 is_stmt 1
 193 00b0 0D4A     		ldr	r2, .L8+4
 194 00b2 0E4B     		ldr	r3, .L8+8
 195 00b4 1A60     		str	r2, [r3]
 277:Generated_Source\PSoC4/cyfitter_cfg.c **** 
 278:Generated_Source\PSoC4/cyfitter_cfg.c **** 		/* UDB_PA_3 Starting address: CYDEV_UDB_PA3_BASE */
 279:Generated_Source\PSoC4/cyfitter_cfg.c **** 		CY_SET_REG32((void *)(CYDEV_UDB_PA3_BASE), 0x00990000u);
 196              		.loc 1 279 0
 197 00b6 9922     		movs	r2, #153
 198 00b8 1204     		lsls	r2, r2, #16
 199 00ba 0D4B     		ldr	r3, .L8+12
 200 00bc 1A60     		str	r2, [r3]
 280:Generated_Source\PSoC4/cyfitter_cfg.c **** 
 281:Generated_Source\PSoC4/cyfitter_cfg.c **** 		/* Enable digital routing */
 282:Generated_Source\PSoC4/cyfitter_cfg.c **** 		CY_SET_XTND_REG8((void *)CYREG_UDB_UDBIF_BANK_CTL, (uint8)(CY_GET_XTND_REG8((void *)CYREG_UDB_UDB
 201              		.loc 1 282 0
 202 00be 0D4A     		ldr	r2, .L8+16
 203 00c0 1178     		ldrb	r1, [r2]
 204 00c2 0623     		movs	r3, #6
 205 00c4 0B43     		orrs	r3, r1
 206 00c6 DBB2     		uxtb	r3, r3
 207 00c8 1370     		strb	r3, [r2]
 208              	.LBE2:
 283:Generated_Source\PSoC4/cyfitter_cfg.c **** 	}
 284:Generated_Source\PSoC4/cyfitter_cfg.c **** 
 285:Generated_Source\PSoC4/cyfitter_cfg.c **** 	/* Perform second pass device configuration. These items must be configured in specific order afte
 286:Generated_Source\PSoC4/cyfitter_cfg.c **** 	/* IOPINS0_3 Starting address: CYDEV_PRT3_BASE */
 287:Generated_Source\PSoC4/cyfitter_cfg.c **** 	CY_SET_REG32((void *)(CYDEV_PRT3_BASE), 0x0000000Eu);
 209              		.loc 1 287 0
 210 00ca 0E22     		movs	r2, #14
 211 00cc 0A4B     		ldr	r3, .L8+20
 212 00ce 1A60     		str	r2, [r3]
 288:Generated_Source\PSoC4/cyfitter_cfg.c **** 	CY_SET_REG32((void *)(CYREG_PRT3_PC), 0x00000DB1u);
 213              		.loc 1 288 0
 214 00d0 0A4A     		ldr	r2, .L8+24
 215 00d2 0B4B     		ldr	r3, .L8+28
 216 00d4 1A60     		str	r2, [r3]
 289:Generated_Source\PSoC4/cyfitter_cfg.c **** 	CY_SET_REG32((void *)(CYREG_PRT3_PC2), 0x00000002u);
 217              		.loc 1 289 0
 218 00d6 0222     		movs	r2, #2
 219 00d8 0A4B     		ldr	r3, .L8+32
 220 00da 1A60     		str	r2, [r3]
 290:Generated_Source\PSoC4/cyfitter_cfg.c **** 
 291:Generated_Source\PSoC4/cyfitter_cfg.c **** 
ARM GAS  C:\Users\ottor\AppData\Local\Temp\ccnrZdPq.s 			page 10


 292:Generated_Source\PSoC4/cyfitter_cfg.c **** 	/* Setup clocks based on selections from Clock DWR */
 293:Generated_Source\PSoC4/cyfitter_cfg.c **** 	ClockSetup();
 221              		.loc 1 293 0
 222 00dc FFF790FF 		bl	ClockSetup
 223              	.LVL11:
 294:Generated_Source\PSoC4/cyfitter_cfg.c **** 
 295:Generated_Source\PSoC4/cyfitter_cfg.c **** 	/* Perform basic analog initialization to defaults */
 296:Generated_Source\PSoC4/cyfitter_cfg.c **** 	AnalogSetDefault();
 297:Generated_Source\PSoC4/cyfitter_cfg.c **** 
 298:Generated_Source\PSoC4/cyfitter_cfg.c **** }
 224              		.loc 1 298 0
 225              		@ sp needed
 226              	.LVL12:
 227 00e0 10BD     		pop	{r4, pc}
 228              	.L9:
 229 00e2 C046     		.align	2
 230              	.L8:
 231 00e4 00000000 		.word	.LANCHOR0
 232 00e8 99880000 		.word	34969
 233 00ec 0C000140 		.word	1073807372
 234 00f0 30500F40 		.word	1074745392
 235 00f4 00700F40 		.word	1074753536
 236 00f8 00030440 		.word	1074004736
 237 00fc B10D0000 		.word	3505
 238 0100 08030440 		.word	1074004744
 239 0104 18030440 		.word	1074004760
 240              		.cfi_endproc
 241              	.LFE5:
 242              		.size	cyfitter_cfg, .-cyfitter_cfg
 243              		.section	.rodata
 244              		.align	2
 245              		.set	.LANCHOR0,. + 0
 246              		.type	cfg_memset_list.4845, %object
 247              		.size	cfg_memset_list.4845, 12
 248              	cfg_memset_list.4845:
 249 0000 00300F40 		.word	1074737152
 250 0004 0004     		.short	1024
 251 0006 00400F40 		.4byte	1074741248
 252 000a 0004     		.short	1024
 253              		.text
 254              	.Letext0:
 255              		.file 2 "c:\\program files (x86)\\cypress\\psoc creator\\4.2\\psoc creator\\import\\gnu\\arm\\5.4.
 256              		.file 3 "Generated_Source\\PSoC4\\cytypes.h"
 257              		.file 4 "Generated_Source\\PSoC4\\CyLib.h"
 258              		.section	.debug_info,"",%progbits
 259              	.Ldebug_info0:
 260 0000 79020000 		.4byte	0x279
 261 0004 0400     		.2byte	0x4
 262 0006 00000000 		.4byte	.Ldebug_abbrev0
 263 000a 04       		.byte	0x4
 264 000b 01       		.uleb128 0x1
 265 000c EB000000 		.4byte	.LASF29
 266 0010 0C       		.byte	0xc
 267 0011 2C020000 		.4byte	.LASF30
 268 0015 D6010000 		.4byte	.LASF31
 269 0019 00000000 		.4byte	.Ldebug_ranges0+0
 270 001d 00000000 		.4byte	0
ARM GAS  C:\Users\ottor\AppData\Local\Temp\ccnrZdPq.s 			page 11


 271 0021 00000000 		.4byte	.Ldebug_line0
 272 0025 02       		.uleb128 0x2
 273 0026 04       		.byte	0x4
 274 0027 05       		.byte	0x5
 275 0028 696E7400 		.ascii	"int\000"
 276 002c 03       		.uleb128 0x3
 277 002d 06000000 		.4byte	.LASF12
 278 0031 02       		.byte	0x2
 279 0032 D8       		.byte	0xd8
 280 0033 37000000 		.4byte	0x37
 281 0037 04       		.uleb128 0x4
 282 0038 04       		.byte	0x4
 283 0039 07       		.byte	0x7
 284 003a B2000000 		.4byte	.LASF0
 285 003e 04       		.uleb128 0x4
 286 003f 08       		.byte	0x8
 287 0040 05       		.byte	0x5
 288 0041 9B010000 		.4byte	.LASF1
 289 0045 04       		.uleb128 0x4
 290 0046 08       		.byte	0x8
 291 0047 04       		.byte	0x4
 292 0048 86010000 		.4byte	.LASF2
 293 004c 04       		.uleb128 0x4
 294 004d 01       		.byte	0x1
 295 004e 06       		.byte	0x6
 296 004f 20020000 		.4byte	.LASF3
 297 0053 04       		.uleb128 0x4
 298 0054 01       		.byte	0x1
 299 0055 08       		.byte	0x8
 300 0056 7C000000 		.4byte	.LASF4
 301 005a 04       		.uleb128 0x4
 302 005b 02       		.byte	0x2
 303 005c 05       		.byte	0x5
 304 005d AE010000 		.4byte	.LASF5
 305 0061 04       		.uleb128 0x4
 306 0062 02       		.byte	0x2
 307 0063 07       		.byte	0x7
 308 0064 37000000 		.4byte	.LASF6
 309 0068 04       		.uleb128 0x4
 310 0069 04       		.byte	0x4
 311 006a 05       		.byte	0x5
 312 006b CD010000 		.4byte	.LASF7
 313 006f 04       		.uleb128 0x4
 314 0070 04       		.byte	0x4
 315 0071 07       		.byte	0x7
 316 0072 5A000000 		.4byte	.LASF8
 317 0076 04       		.uleb128 0x4
 318 0077 08       		.byte	0x8
 319 0078 07       		.byte	0x7
 320 0079 D4000000 		.4byte	.LASF9
 321 007d 04       		.uleb128 0x4
 322 007e 04       		.byte	0x4
 323 007f 07       		.byte	0x7
 324 0080 92010000 		.4byte	.LASF10
 325 0084 05       		.uleb128 0x5
 326 0085 04       		.byte	0x4
 327 0086 04       		.uleb128 0x4
ARM GAS  C:\Users\ottor\AppData\Local\Temp\ccnrZdPq.s 			page 12


 328 0087 01       		.byte	0x1
 329 0088 08       		.byte	0x8
 330 0089 A9010000 		.4byte	.LASF11
 331 008d 06       		.uleb128 0x6
 332 008e 6C000000 		.4byte	.LASF13
 333 0092 03       		.byte	0x3
 334 0093 9801     		.2byte	0x198
 335 0095 53000000 		.4byte	0x53
 336 0099 06       		.uleb128 0x6
 337 009a A4000000 		.4byte	.LASF14
 338 009e 03       		.byte	0x3
 339 009f 9901     		.2byte	0x199
 340 00a1 61000000 		.4byte	0x61
 341 00a5 06       		.uleb128 0x6
 342 00a6 AB000000 		.4byte	.LASF15
 343 00aa 03       		.byte	0x3
 344 00ab 9A01     		.2byte	0x19a
 345 00ad 6F000000 		.4byte	0x6f
 346 00b1 04       		.uleb128 0x4
 347 00b2 04       		.byte	0x4
 348 00b3 04       		.byte	0x4
 349 00b4 4A000000 		.4byte	.LASF16
 350 00b8 04       		.uleb128 0x4
 351 00b9 08       		.byte	0x8
 352 00ba 04       		.byte	0x4
 353 00bb 91000000 		.4byte	.LASF17
 354 00bf 06       		.uleb128 0x6
 355 00c0 55000000 		.4byte	.LASF18
 356 00c4 03       		.byte	0x3
 357 00c5 4202     		.2byte	0x242
 358 00c7 CB000000 		.4byte	0xcb
 359 00cb 07       		.uleb128 0x7
 360 00cc 8D000000 		.4byte	0x8d
 361 00d0 06       		.uleb128 0x6
 362 00d1 00000000 		.4byte	.LASF19
 363 00d5 03       		.byte	0x3
 364 00d6 4402     		.2byte	0x244
 365 00d8 DC000000 		.4byte	0xdc
 366 00dc 07       		.uleb128 0x7
 367 00dd A5000000 		.4byte	0xa5
 368 00e1 08       		.uleb128 0x8
 369 00e2 72000000 		.4byte	.LASF20
 370 00e6 01       		.byte	0x1
 371 00e7 4C       		.byte	0x4c
 372 00e8 00000000 		.4byte	.LFB0
 373 00ec 0C000000 		.4byte	.LFE0-.LFB0
 374 00f0 01       		.uleb128 0x1
 375 00f1 9C       		.byte	0x9c
 376 00f2 2E010000 		.4byte	0x12e
 377 00f6 09       		.uleb128 0x9
 378 00f7 7300     		.ascii	"s\000"
 379 00f9 01       		.byte	0x1
 380 00fa 4C       		.byte	0x4c
 381 00fb 84000000 		.4byte	0x84
 382 00ff 00000000 		.4byte	.LLST0
 383 0103 09       		.uleb128 0x9
 384 0104 6E00     		.ascii	"n\000"
ARM GAS  C:\Users\ottor\AppData\Local\Temp\ccnrZdPq.s 			page 13


 385 0106 01       		.byte	0x1
 386 0107 4C       		.byte	0x4c
 387 0108 2C000000 		.4byte	0x2c
 388 010c 21000000 		.4byte	.LLST1
 389 0110 0A       		.uleb128 0xa
 390 0111 0A000000 		.4byte	.LVL2
 391 0115 52020000 		.4byte	0x252
 392 0119 0B       		.uleb128 0xb
 393 011a 01       		.uleb128 0x1
 394 011b 50       		.byte	0x50
 395 011c 03       		.uleb128 0x3
 396 011d F3       		.byte	0xf3
 397 011e 01       		.uleb128 0x1
 398 011f 50       		.byte	0x50
 399 0120 0B       		.uleb128 0xb
 400 0121 01       		.uleb128 0x1
 401 0122 51       		.byte	0x51
 402 0123 01       		.uleb128 0x1
 403 0124 30       		.byte	0x30
 404 0125 0B       		.uleb128 0xb
 405 0126 01       		.uleb128 0x1
 406 0127 52       		.byte	0x52
 407 0128 03       		.uleb128 0x3
 408 0129 F3       		.byte	0xf3
 409 012a 01       		.uleb128 0x1
 410 012b 51       		.byte	0x51
 411 012c 00       		.byte	0
 412 012d 00       		.byte	0
 413 012e 08       		.uleb128 0x8
 414 012f 2C000000 		.4byte	.LASF21
 415 0133 01       		.byte	0x1
 416 0134 AC       		.byte	0xac
 417 0135 00000000 		.4byte	.LFB3
 418 0139 84000000 		.4byte	.LFE3-.LFB3
 419 013d 01       		.uleb128 0x1
 420 013e 9C       		.byte	0x9c
 421 013f 7A010000 		.4byte	0x17a
 422 0143 0C       		.uleb128 0xc
 423 0144 14000000 		.4byte	.LVL3
 424 0148 5B020000 		.4byte	0x25b
 425 014c 57010000 		.4byte	0x157
 426 0150 0B       		.uleb128 0xb
 427 0151 01       		.uleb128 0x1
 428 0152 50       		.byte	0x50
 429 0153 02       		.uleb128 0x2
 430 0154 08       		.byte	0x8
 431 0155 30       		.byte	0x30
 432 0156 00       		.byte	0
 433 0157 0C       		.uleb128 0xc
 434 0158 44000000 		.4byte	.LVL4
 435 015c 66020000 		.4byte	0x266
 436 0160 6A010000 		.4byte	0x16a
 437 0164 0B       		.uleb128 0xb
 438 0165 01       		.uleb128 0x1
 439 0166 50       		.byte	0x50
 440 0167 01       		.uleb128 0x1
 441 0168 39       		.byte	0x39
ARM GAS  C:\Users\ottor\AppData\Local\Temp\ccnrZdPq.s 			page 14


 442 0169 00       		.byte	0
 443 016a 0A       		.uleb128 0xa
 444 016b 4A000000 		.4byte	.LVL5
 445 016f 71020000 		.4byte	0x271
 446 0173 0B       		.uleb128 0xb
 447 0174 01       		.uleb128 0x1
 448 0175 50       		.byte	0x50
 449 0176 01       		.uleb128 0x1
 450 0177 39       		.byte	0x39
 451 0178 00       		.byte	0
 452 0179 00       		.byte	0
 453 017a 0D       		.uleb128 0xd
 454 017b BF000000 		.4byte	.LASF32
 455 017f 01       		.byte	0x1
 456 0180 F8       		.byte	0xf8
 457 0181 84000000 		.4byte	.LFB5
 458 0185 84000000 		.4byte	.LFE5-.LFB5
 459 0189 01       		.uleb128 0x1
 460 018a 9C       		.byte	0x9c
 461 018b 52020000 		.4byte	0x252
 462 018f 0E       		.uleb128 0xe
 463 0190 88000000 		.4byte	.LBB2
 464 0194 42000000 		.4byte	.LBE2-.LBB2
 465 0198 48020000 		.4byte	0x248
 466 019c 0F       		.uleb128 0xf
 467 019d 06       		.byte	0x6
 468 019e 01       		.byte	0x1
 469 019f FF       		.byte	0xff
 470 01a0 BF010000 		.4byte	0x1bf
 471 01a4 10       		.uleb128 0x10
 472 01a5 CC000000 		.4byte	.LASF22
 473 01a9 01       		.byte	0x1
 474 01aa 0001     		.2byte	0x100
 475 01ac 84000000 		.4byte	0x84
 476 01b0 00       		.byte	0
 477 01b1 10       		.uleb128 0x10
 478 01b2 50000000 		.4byte	.LASF23
 479 01b6 01       		.byte	0x1
 480 01b7 0101     		.2byte	0x101
 481 01b9 99000000 		.4byte	0x99
 482 01bd 04       		.byte	0x4
 483 01be 00       		.byte	0
 484 01bf 06       		.uleb128 0x6
 485 01c0 79010000 		.4byte	.LASF24
 486 01c4 01       		.byte	0x1
 487 01c5 0201     		.2byte	0x102
 488 01c7 9C010000 		.4byte	0x19c
 489 01cb 11       		.uleb128 0x11
 490 01cc DB010000 		.4byte	0x1db
 491 01d0 DB010000 		.4byte	0x1db
 492 01d4 12       		.uleb128 0x12
 493 01d5 7D000000 		.4byte	0x7d
 494 01d9 01       		.byte	0x1
 495 01da 00       		.byte	0
 496 01db 13       		.uleb128 0x13
 497 01dc BF010000 		.4byte	0x1bf
 498 01e0 14       		.uleb128 0x14
ARM GAS  C:\Users\ottor\AppData\Local\Temp\ccnrZdPq.s 			page 15


 499 01e1 1C000000 		.4byte	.LASF25
 500 01e5 01       		.byte	0x1
 501 01e6 0401     		.2byte	0x104
 502 01e8 F2010000 		.4byte	0x1f2
 503 01ec 05       		.uleb128 0x5
 504 01ed 03       		.byte	0x3
 505 01ee 00000000 		.4byte	cfg_memset_list.4845
 506 01f2 13       		.uleb128 0x13
 507 01f3 CB010000 		.4byte	0x1cb
 508 01f7 15       		.uleb128 0x15
 509 01f8 6900     		.ascii	"i\000"
 510 01fa 01       		.byte	0x1
 511 01fb 0A01     		.2byte	0x10a
 512 01fd 8D000000 		.4byte	0x8d
 513 0201 4D000000 		.4byte	.LLST2
 514 0205 16       		.uleb128 0x16
 515 0206 8C000000 		.4byte	.LBB3
 516 020a 1C000000 		.4byte	.LBE3-.LBB3
 517 020e 15       		.uleb128 0x15
 518 020f 6D7300   		.ascii	"ms\000"
 519 0212 01       		.byte	0x1
 520 0213 0F01     		.2byte	0x10f
 521 0215 1D020000 		.4byte	0x21d
 522 0219 77000000 		.4byte	.LLST3
 523 021d 17       		.uleb128 0x17
 524 021e 04       		.byte	0x4
 525 021f DB010000 		.4byte	0x1db
 526 0223 0A       		.uleb128 0xa
 527 0224 A8000000 		.4byte	.LVL8
 528 0228 E1000000 		.4byte	0xe1
 529 022c 0B       		.uleb128 0xb
 530 022d 01       		.uleb128 0x1
 531 022e 51       		.byte	0x51
 532 022f 15       		.uleb128 0x15
 533 0230 74       		.byte	0x74
 534 0231 00       		.sleb128 0
 535 0232 31       		.byte	0x31
 536 0233 24       		.byte	0x24
 537 0234 74       		.byte	0x74
 538 0235 00       		.sleb128 0
 539 0236 22       		.byte	0x22
 540 0237 31       		.byte	0x31
 541 0238 24       		.byte	0x24
 542 0239 03       		.byte	0x3
 543 023a 04000000 		.4byte	.LANCHOR0+4
 544 023e 22       		.byte	0x22
 545 023f 94       		.byte	0x94
 546 0240 02       		.byte	0x2
 547 0241 0A       		.byte	0xa
 548 0242 FFFF     		.2byte	0xffff
 549 0244 1A       		.byte	0x1a
 550 0245 00       		.byte	0
 551 0246 00       		.byte	0
 552 0247 00       		.byte	0
 553 0248 18       		.uleb128 0x18
 554 0249 E0000000 		.4byte	.LVL11
 555 024d 2E010000 		.4byte	0x12e
ARM GAS  C:\Users\ottor\AppData\Local\Temp\ccnrZdPq.s 			page 16


 556 0251 00       		.byte	0
 557 0252 19       		.uleb128 0x19
 558 0253 8A000000 		.4byte	.LASF33
 559 0257 8A000000 		.4byte	.LASF33
 560 025b 1A       		.uleb128 0x1a
 561 025c B8010000 		.4byte	.LASF26
 562 0260 B8010000 		.4byte	.LASF26
 563 0264 04       		.byte	0x4
 564 0265 6C       		.byte	0x6c
 565 0266 1A       		.uleb128 0x1a
 566 0267 0D000000 		.4byte	.LASF27
 567 026b 0D000000 		.4byte	.LASF27
 568 026f 04       		.byte	0x4
 569 0270 BB       		.byte	0xbb
 570 0271 1A       		.uleb128 0x1a
 571 0272 98000000 		.4byte	.LASF28
 572 0276 98000000 		.4byte	.LASF28
 573 027a 04       		.byte	0x4
 574 027b C1       		.byte	0xc1
 575 027c 00       		.byte	0
 576              		.section	.debug_abbrev,"",%progbits
 577              	.Ldebug_abbrev0:
 578 0000 01       		.uleb128 0x1
 579 0001 11       		.uleb128 0x11
 580 0002 01       		.byte	0x1
 581 0003 25       		.uleb128 0x25
 582 0004 0E       		.uleb128 0xe
 583 0005 13       		.uleb128 0x13
 584 0006 0B       		.uleb128 0xb
 585 0007 03       		.uleb128 0x3
 586 0008 0E       		.uleb128 0xe
 587 0009 1B       		.uleb128 0x1b
 588 000a 0E       		.uleb128 0xe
 589 000b 55       		.uleb128 0x55
 590 000c 17       		.uleb128 0x17
 591 000d 11       		.uleb128 0x11
 592 000e 01       		.uleb128 0x1
 593 000f 10       		.uleb128 0x10
 594 0010 17       		.uleb128 0x17
 595 0011 00       		.byte	0
 596 0012 00       		.byte	0
 597 0013 02       		.uleb128 0x2
 598 0014 24       		.uleb128 0x24
 599 0015 00       		.byte	0
 600 0016 0B       		.uleb128 0xb
 601 0017 0B       		.uleb128 0xb
 602 0018 3E       		.uleb128 0x3e
 603 0019 0B       		.uleb128 0xb
 604 001a 03       		.uleb128 0x3
 605 001b 08       		.uleb128 0x8
 606 001c 00       		.byte	0
 607 001d 00       		.byte	0
 608 001e 03       		.uleb128 0x3
 609 001f 16       		.uleb128 0x16
 610 0020 00       		.byte	0
 611 0021 03       		.uleb128 0x3
 612 0022 0E       		.uleb128 0xe
ARM GAS  C:\Users\ottor\AppData\Local\Temp\ccnrZdPq.s 			page 17


 613 0023 3A       		.uleb128 0x3a
 614 0024 0B       		.uleb128 0xb
 615 0025 3B       		.uleb128 0x3b
 616 0026 0B       		.uleb128 0xb
 617 0027 49       		.uleb128 0x49
 618 0028 13       		.uleb128 0x13
 619 0029 00       		.byte	0
 620 002a 00       		.byte	0
 621 002b 04       		.uleb128 0x4
 622 002c 24       		.uleb128 0x24
 623 002d 00       		.byte	0
 624 002e 0B       		.uleb128 0xb
 625 002f 0B       		.uleb128 0xb
 626 0030 3E       		.uleb128 0x3e
 627 0031 0B       		.uleb128 0xb
 628 0032 03       		.uleb128 0x3
 629 0033 0E       		.uleb128 0xe
 630 0034 00       		.byte	0
 631 0035 00       		.byte	0
 632 0036 05       		.uleb128 0x5
 633 0037 0F       		.uleb128 0xf
 634 0038 00       		.byte	0
 635 0039 0B       		.uleb128 0xb
 636 003a 0B       		.uleb128 0xb
 637 003b 00       		.byte	0
 638 003c 00       		.byte	0
 639 003d 06       		.uleb128 0x6
 640 003e 16       		.uleb128 0x16
 641 003f 00       		.byte	0
 642 0040 03       		.uleb128 0x3
 643 0041 0E       		.uleb128 0xe
 644 0042 3A       		.uleb128 0x3a
 645 0043 0B       		.uleb128 0xb
 646 0044 3B       		.uleb128 0x3b
 647 0045 05       		.uleb128 0x5
 648 0046 49       		.uleb128 0x49
 649 0047 13       		.uleb128 0x13
 650 0048 00       		.byte	0
 651 0049 00       		.byte	0
 652 004a 07       		.uleb128 0x7
 653 004b 35       		.uleb128 0x35
 654 004c 00       		.byte	0
 655 004d 49       		.uleb128 0x49
 656 004e 13       		.uleb128 0x13
 657 004f 00       		.byte	0
 658 0050 00       		.byte	0
 659 0051 08       		.uleb128 0x8
 660 0052 2E       		.uleb128 0x2e
 661 0053 01       		.byte	0x1
 662 0054 03       		.uleb128 0x3
 663 0055 0E       		.uleb128 0xe
 664 0056 3A       		.uleb128 0x3a
 665 0057 0B       		.uleb128 0xb
 666 0058 3B       		.uleb128 0x3b
 667 0059 0B       		.uleb128 0xb
 668 005a 27       		.uleb128 0x27
 669 005b 19       		.uleb128 0x19
ARM GAS  C:\Users\ottor\AppData\Local\Temp\ccnrZdPq.s 			page 18


 670 005c 11       		.uleb128 0x11
 671 005d 01       		.uleb128 0x1
 672 005e 12       		.uleb128 0x12
 673 005f 06       		.uleb128 0x6
 674 0060 40       		.uleb128 0x40
 675 0061 18       		.uleb128 0x18
 676 0062 9742     		.uleb128 0x2117
 677 0064 19       		.uleb128 0x19
 678 0065 01       		.uleb128 0x1
 679 0066 13       		.uleb128 0x13
 680 0067 00       		.byte	0
 681 0068 00       		.byte	0
 682 0069 09       		.uleb128 0x9
 683 006a 05       		.uleb128 0x5
 684 006b 00       		.byte	0
 685 006c 03       		.uleb128 0x3
 686 006d 08       		.uleb128 0x8
 687 006e 3A       		.uleb128 0x3a
 688 006f 0B       		.uleb128 0xb
 689 0070 3B       		.uleb128 0x3b
 690 0071 0B       		.uleb128 0xb
 691 0072 49       		.uleb128 0x49
 692 0073 13       		.uleb128 0x13
 693 0074 02       		.uleb128 0x2
 694 0075 17       		.uleb128 0x17
 695 0076 00       		.byte	0
 696 0077 00       		.byte	0
 697 0078 0A       		.uleb128 0xa
 698 0079 898201   		.uleb128 0x4109
 699 007c 01       		.byte	0x1
 700 007d 11       		.uleb128 0x11
 701 007e 01       		.uleb128 0x1
 702 007f 31       		.uleb128 0x31
 703 0080 13       		.uleb128 0x13
 704 0081 00       		.byte	0
 705 0082 00       		.byte	0
 706 0083 0B       		.uleb128 0xb
 707 0084 8A8201   		.uleb128 0x410a
 708 0087 00       		.byte	0
 709 0088 02       		.uleb128 0x2
 710 0089 18       		.uleb128 0x18
 711 008a 9142     		.uleb128 0x2111
 712 008c 18       		.uleb128 0x18
 713 008d 00       		.byte	0
 714 008e 00       		.byte	0
 715 008f 0C       		.uleb128 0xc
 716 0090 898201   		.uleb128 0x4109
 717 0093 01       		.byte	0x1
 718 0094 11       		.uleb128 0x11
 719 0095 01       		.uleb128 0x1
 720 0096 31       		.uleb128 0x31
 721 0097 13       		.uleb128 0x13
 722 0098 01       		.uleb128 0x1
 723 0099 13       		.uleb128 0x13
 724 009a 00       		.byte	0
 725 009b 00       		.byte	0
 726 009c 0D       		.uleb128 0xd
ARM GAS  C:\Users\ottor\AppData\Local\Temp\ccnrZdPq.s 			page 19


 727 009d 2E       		.uleb128 0x2e
 728 009e 01       		.byte	0x1
 729 009f 3F       		.uleb128 0x3f
 730 00a0 19       		.uleb128 0x19
 731 00a1 03       		.uleb128 0x3
 732 00a2 0E       		.uleb128 0xe
 733 00a3 3A       		.uleb128 0x3a
 734 00a4 0B       		.uleb128 0xb
 735 00a5 3B       		.uleb128 0x3b
 736 00a6 0B       		.uleb128 0xb
 737 00a7 27       		.uleb128 0x27
 738 00a8 19       		.uleb128 0x19
 739 00a9 11       		.uleb128 0x11
 740 00aa 01       		.uleb128 0x1
 741 00ab 12       		.uleb128 0x12
 742 00ac 06       		.uleb128 0x6
 743 00ad 40       		.uleb128 0x40
 744 00ae 18       		.uleb128 0x18
 745 00af 9742     		.uleb128 0x2117
 746 00b1 19       		.uleb128 0x19
 747 00b2 01       		.uleb128 0x1
 748 00b3 13       		.uleb128 0x13
 749 00b4 00       		.byte	0
 750 00b5 00       		.byte	0
 751 00b6 0E       		.uleb128 0xe
 752 00b7 0B       		.uleb128 0xb
 753 00b8 01       		.byte	0x1
 754 00b9 11       		.uleb128 0x11
 755 00ba 01       		.uleb128 0x1
 756 00bb 12       		.uleb128 0x12
 757 00bc 06       		.uleb128 0x6
 758 00bd 01       		.uleb128 0x1
 759 00be 13       		.uleb128 0x13
 760 00bf 00       		.byte	0
 761 00c0 00       		.byte	0
 762 00c1 0F       		.uleb128 0xf
 763 00c2 13       		.uleb128 0x13
 764 00c3 01       		.byte	0x1
 765 00c4 0B       		.uleb128 0xb
 766 00c5 0B       		.uleb128 0xb
 767 00c6 3A       		.uleb128 0x3a
 768 00c7 0B       		.uleb128 0xb
 769 00c8 3B       		.uleb128 0x3b
 770 00c9 0B       		.uleb128 0xb
 771 00ca 01       		.uleb128 0x1
 772 00cb 13       		.uleb128 0x13
 773 00cc 00       		.byte	0
 774 00cd 00       		.byte	0
 775 00ce 10       		.uleb128 0x10
 776 00cf 0D       		.uleb128 0xd
 777 00d0 00       		.byte	0
 778 00d1 03       		.uleb128 0x3
 779 00d2 0E       		.uleb128 0xe
 780 00d3 3A       		.uleb128 0x3a
 781 00d4 0B       		.uleb128 0xb
 782 00d5 3B       		.uleb128 0x3b
 783 00d6 05       		.uleb128 0x5
ARM GAS  C:\Users\ottor\AppData\Local\Temp\ccnrZdPq.s 			page 20


 784 00d7 49       		.uleb128 0x49
 785 00d8 13       		.uleb128 0x13
 786 00d9 38       		.uleb128 0x38
 787 00da 0B       		.uleb128 0xb
 788 00db 00       		.byte	0
 789 00dc 00       		.byte	0
 790 00dd 11       		.uleb128 0x11
 791 00de 01       		.uleb128 0x1
 792 00df 01       		.byte	0x1
 793 00e0 49       		.uleb128 0x49
 794 00e1 13       		.uleb128 0x13
 795 00e2 01       		.uleb128 0x1
 796 00e3 13       		.uleb128 0x13
 797 00e4 00       		.byte	0
 798 00e5 00       		.byte	0
 799 00e6 12       		.uleb128 0x12
 800 00e7 21       		.uleb128 0x21
 801 00e8 00       		.byte	0
 802 00e9 49       		.uleb128 0x49
 803 00ea 13       		.uleb128 0x13
 804 00eb 2F       		.uleb128 0x2f
 805 00ec 0B       		.uleb128 0xb
 806 00ed 00       		.byte	0
 807 00ee 00       		.byte	0
 808 00ef 13       		.uleb128 0x13
 809 00f0 26       		.uleb128 0x26
 810 00f1 00       		.byte	0
 811 00f2 49       		.uleb128 0x49
 812 00f3 13       		.uleb128 0x13
 813 00f4 00       		.byte	0
 814 00f5 00       		.byte	0
 815 00f6 14       		.uleb128 0x14
 816 00f7 34       		.uleb128 0x34
 817 00f8 00       		.byte	0
 818 00f9 03       		.uleb128 0x3
 819 00fa 0E       		.uleb128 0xe
 820 00fb 3A       		.uleb128 0x3a
 821 00fc 0B       		.uleb128 0xb
 822 00fd 3B       		.uleb128 0x3b
 823 00fe 05       		.uleb128 0x5
 824 00ff 49       		.uleb128 0x49
 825 0100 13       		.uleb128 0x13
 826 0101 02       		.uleb128 0x2
 827 0102 18       		.uleb128 0x18
 828 0103 00       		.byte	0
 829 0104 00       		.byte	0
 830 0105 15       		.uleb128 0x15
 831 0106 34       		.uleb128 0x34
 832 0107 00       		.byte	0
 833 0108 03       		.uleb128 0x3
 834 0109 08       		.uleb128 0x8
 835 010a 3A       		.uleb128 0x3a
 836 010b 0B       		.uleb128 0xb
 837 010c 3B       		.uleb128 0x3b
 838 010d 05       		.uleb128 0x5
 839 010e 49       		.uleb128 0x49
 840 010f 13       		.uleb128 0x13
ARM GAS  C:\Users\ottor\AppData\Local\Temp\ccnrZdPq.s 			page 21


 841 0110 02       		.uleb128 0x2
 842 0111 17       		.uleb128 0x17
 843 0112 00       		.byte	0
 844 0113 00       		.byte	0
 845 0114 16       		.uleb128 0x16
 846 0115 0B       		.uleb128 0xb
 847 0116 01       		.byte	0x1
 848 0117 11       		.uleb128 0x11
 849 0118 01       		.uleb128 0x1
 850 0119 12       		.uleb128 0x12
 851 011a 06       		.uleb128 0x6
 852 011b 00       		.byte	0
 853 011c 00       		.byte	0
 854 011d 17       		.uleb128 0x17
 855 011e 0F       		.uleb128 0xf
 856 011f 00       		.byte	0
 857 0120 0B       		.uleb128 0xb
 858 0121 0B       		.uleb128 0xb
 859 0122 49       		.uleb128 0x49
 860 0123 13       		.uleb128 0x13
 861 0124 00       		.byte	0
 862 0125 00       		.byte	0
 863 0126 18       		.uleb128 0x18
 864 0127 898201   		.uleb128 0x4109
 865 012a 00       		.byte	0
 866 012b 11       		.uleb128 0x11
 867 012c 01       		.uleb128 0x1
 868 012d 31       		.uleb128 0x31
 869 012e 13       		.uleb128 0x13
 870 012f 00       		.byte	0
 871 0130 00       		.byte	0
 872 0131 19       		.uleb128 0x19
 873 0132 2E       		.uleb128 0x2e
 874 0133 00       		.byte	0
 875 0134 3F       		.uleb128 0x3f
 876 0135 19       		.uleb128 0x19
 877 0136 3C       		.uleb128 0x3c
 878 0137 19       		.uleb128 0x19
 879 0138 6E       		.uleb128 0x6e
 880 0139 0E       		.uleb128 0xe
 881 013a 03       		.uleb128 0x3
 882 013b 0E       		.uleb128 0xe
 883 013c 00       		.byte	0
 884 013d 00       		.byte	0
 885 013e 1A       		.uleb128 0x1a
 886 013f 2E       		.uleb128 0x2e
 887 0140 00       		.byte	0
 888 0141 3F       		.uleb128 0x3f
 889 0142 19       		.uleb128 0x19
 890 0143 3C       		.uleb128 0x3c
 891 0144 19       		.uleb128 0x19
 892 0145 6E       		.uleb128 0x6e
 893 0146 0E       		.uleb128 0xe
 894 0147 03       		.uleb128 0x3
 895 0148 0E       		.uleb128 0xe
 896 0149 3A       		.uleb128 0x3a
 897 014a 0B       		.uleb128 0xb
ARM GAS  C:\Users\ottor\AppData\Local\Temp\ccnrZdPq.s 			page 22


 898 014b 3B       		.uleb128 0x3b
 899 014c 0B       		.uleb128 0xb
 900 014d 00       		.byte	0
 901 014e 00       		.byte	0
 902 014f 00       		.byte	0
 903              		.section	.debug_loc,"",%progbits
 904              	.Ldebug_loc0:
 905              	.LLST0:
 906 0000 00000000 		.4byte	.LVL0
 907 0004 09000000 		.4byte	.LVL2-1
 908 0008 0100     		.2byte	0x1
 909 000a 50       		.byte	0x50
 910 000b 09000000 		.4byte	.LVL2-1
 911 000f 0C000000 		.4byte	.LFE0
 912 0013 0400     		.2byte	0x4
 913 0015 F3       		.byte	0xf3
 914 0016 01       		.uleb128 0x1
 915 0017 50       		.byte	0x50
 916 0018 9F       		.byte	0x9f
 917 0019 00000000 		.4byte	0
 918 001d 00000000 		.4byte	0
 919              	.LLST1:
 920 0021 00000000 		.4byte	.LVL0
 921 0025 06000000 		.4byte	.LVL1
 922 0029 0100     		.2byte	0x1
 923 002b 51       		.byte	0x51
 924 002c 06000000 		.4byte	.LVL1
 925 0030 09000000 		.4byte	.LVL2-1
 926 0034 0100     		.2byte	0x1
 927 0036 52       		.byte	0x52
 928 0037 09000000 		.4byte	.LVL2-1
 929 003b 0C000000 		.4byte	.LFE0
 930 003f 0400     		.2byte	0x4
 931 0041 F3       		.byte	0xf3
 932 0042 01       		.uleb128 0x1
 933 0043 51       		.byte	0x51
 934 0044 9F       		.byte	0x9f
 935 0045 00000000 		.4byte	0
 936 0049 00000000 		.4byte	0
 937              	.LLST2:
 938 004d 88000000 		.4byte	.LVL6
 939 0051 8C000000 		.4byte	.LVL7
 940 0055 0200     		.2byte	0x2
 941 0057 30       		.byte	0x30
 942 0058 9F       		.byte	0x9f
 943 0059 8C000000 		.4byte	.LVL7
 944 005d AA000000 		.4byte	.LVL9
 945 0061 0100     		.2byte	0x1
 946 0063 54       		.byte	0x54
 947 0064 AC000000 		.4byte	.LVL10
 948 0068 E0000000 		.4byte	.LVL12
 949 006c 0100     		.2byte	0x1
 950 006e 54       		.byte	0x54
 951 006f 00000000 		.4byte	0
 952 0073 00000000 		.4byte	0
 953              	.LLST3:
 954 0077 8C000000 		.4byte	.LVL7
ARM GAS  C:\Users\ottor\AppData\Local\Temp\ccnrZdPq.s 			page 23


 955 007b AA000000 		.4byte	.LVL9
 956 007f 0B00     		.2byte	0xb
 957 0081 74       		.byte	0x74
 958 0082 00       		.sleb128 0
 959 0083 36       		.byte	0x36
 960 0084 1E       		.byte	0x1e
 961 0085 03       		.byte	0x3
 962 0086 00000000 		.4byte	cfg_memset_list.4845
 963 008a 22       		.byte	0x22
 964 008b 9F       		.byte	0x9f
 965 008c AA000000 		.4byte	.LVL9
 966 0090 AC000000 		.4byte	.LVL10
 967 0094 0B00     		.2byte	0xb
 968 0096 74       		.byte	0x74
 969 0097 7F       		.sleb128 -1
 970 0098 36       		.byte	0x36
 971 0099 1E       		.byte	0x1e
 972 009a 03       		.byte	0x3
 973 009b 00000000 		.4byte	cfg_memset_list.4845
 974 009f 22       		.byte	0x22
 975 00a0 9F       		.byte	0x9f
 976 00a1 00000000 		.4byte	0
 977 00a5 00000000 		.4byte	0
 978              		.section	.debug_aranges,"",%progbits
 979 0000 2C000000 		.4byte	0x2c
 980 0004 0200     		.2byte	0x2
 981 0006 00000000 		.4byte	.Ldebug_info0
 982 000a 04       		.byte	0x4
 983 000b 00       		.byte	0
 984 000c 0000     		.2byte	0
 985 000e 0000     		.2byte	0
 986 0010 00000000 		.4byte	.LFB0
 987 0014 0C000000 		.4byte	.LFE0-.LFB0
 988 0018 00000000 		.4byte	.LFB3
 989 001c 84000000 		.4byte	.LFE3-.LFB3
 990 0020 84000000 		.4byte	.LFB5
 991 0024 84000000 		.4byte	.LFE5-.LFB5
 992 0028 00000000 		.4byte	0
 993 002c 00000000 		.4byte	0
 994              		.section	.debug_ranges,"",%progbits
 995              	.Ldebug_ranges0:
 996 0000 00000000 		.4byte	.LFB0
 997 0004 0C000000 		.4byte	.LFE0
 998 0008 00000000 		.4byte	.LFB3
 999 000c 84000000 		.4byte	.LFE3
 1000 0010 84000000 		.4byte	.LFB5
 1001 0014 08010000 		.4byte	.LFE5
 1002 0018 00000000 		.4byte	0
 1003 001c 00000000 		.4byte	0
 1004              		.section	.debug_line,"",%progbits
 1005              	.Ldebug_line0:
 1006 0000 2C010000 		.section	.debug_str,"MS",%progbits,1
 1006      0200D600 
 1006      00000201 
 1006      FB0E0D00 
 1006      01010101 
 1007              	.LASF19:
ARM GAS  C:\Users\ottor\AppData\Local\Temp\ccnrZdPq.s 			page 24


 1008 0000 72656733 		.ascii	"reg32\000"
 1008      3200
 1009              	.LASF12:
 1010 0006 73697A65 		.ascii	"size_t\000"
 1010      5F7400
 1011              	.LASF27:
 1012 000d 4379496E 		.ascii	"CyIntSetVector\000"
 1012      74536574 
 1012      56656374 
 1012      6F7200
 1013              	.LASF25:
 1014 001c 6366675F 		.ascii	"cfg_memset_list\000"
 1014      6D656D73 
 1014      65745F6C 
 1014      69737400 
 1015              	.LASF21:
 1016 002c 436C6F63 		.ascii	"ClockSetup\000"
 1016      6B536574 
 1016      757000
 1017              	.LASF6:
 1018 0037 73686F72 		.ascii	"short unsigned int\000"
 1018      7420756E 
 1018      7369676E 
 1018      65642069 
 1018      6E7400
 1019              	.LASF16:
 1020 004a 666C6F61 		.ascii	"float\000"
 1020      7400
 1021              	.LASF23:
 1022 0050 73697A65 		.ascii	"size\000"
 1022      00
 1023              	.LASF18:
 1024 0055 72656738 		.ascii	"reg8\000"
 1024      00
 1025              	.LASF8:
 1026 005a 6C6F6E67 		.ascii	"long unsigned int\000"
 1026      20756E73 
 1026      69676E65 
 1026      6420696E 
 1026      7400
 1027              	.LASF13:
 1028 006c 75696E74 		.ascii	"uint8\000"
 1028      3800
 1029              	.LASF20:
 1030 0072 43594D45 		.ascii	"CYMEMZERO\000"
 1030      4D5A4552 
 1030      4F00
 1031              	.LASF4:
 1032 007c 756E7369 		.ascii	"unsigned char\000"
 1032      676E6564 
 1032      20636861 
 1032      7200
 1033              	.LASF33:
 1034 008a 6D656D73 		.ascii	"memset\000"
 1034      657400
 1035              	.LASF17:
 1036 0091 646F7562 		.ascii	"double\000"
ARM GAS  C:\Users\ottor\AppData\Local\Temp\ccnrZdPq.s 			page 25


 1036      6C6500
 1037              	.LASF28:
 1038 0098 4379496E 		.ascii	"CyIntEnable\000"
 1038      74456E61 
 1038      626C6500 
 1039              	.LASF14:
 1040 00a4 75696E74 		.ascii	"uint16\000"
 1040      313600
 1041              	.LASF15:
 1042 00ab 75696E74 		.ascii	"uint32\000"
 1042      333200
 1043              	.LASF0:
 1044 00b2 756E7369 		.ascii	"unsigned int\000"
 1044      676E6564 
 1044      20696E74 
 1044      00
 1045              	.LASF32:
 1046 00bf 63796669 		.ascii	"cyfitter_cfg\000"
 1046      74746572 
 1046      5F636667 
 1046      00
 1047              	.LASF22:
 1048 00cc 61646472 		.ascii	"address\000"
 1048      65737300 
 1049              	.LASF9:
 1050 00d4 6C6F6E67 		.ascii	"long long unsigned int\000"
 1050      206C6F6E 
 1050      6720756E 
 1050      7369676E 
 1050      65642069 
 1051              	.LASF29:
 1052 00eb 474E5520 		.ascii	"GNU C11 5.4.1 20160609 (release) [ARM/embedded-5-br"
 1052      43313120 
 1052      352E342E 
 1052      31203230 
 1052      31363036 
 1053 011e 616E6368 		.ascii	"anch revision 237715] -mcpu=cortex-m0 -mthumb -g -O"
 1053      20726576 
 1053      6973696F 
 1053      6E203233 
 1053      37373135 
 1054 0151 67202D66 		.ascii	"g -ffunction-sections -ffat-lto-objects\000"
 1054      66756E63 
 1054      74696F6E 
 1054      2D736563 
 1054      74696F6E 
 1055              	.LASF24:
 1056 0179 6366675F 		.ascii	"cfg_memset_t\000"
 1056      6D656D73 
 1056      65745F74 
 1056      00
 1057              	.LASF2:
 1058 0186 6C6F6E67 		.ascii	"long double\000"
 1058      20646F75 
 1058      626C6500 
 1059              	.LASF10:
 1060 0192 73697A65 		.ascii	"sizetype\000"
ARM GAS  C:\Users\ottor\AppData\Local\Temp\ccnrZdPq.s 			page 26


 1060      74797065 
 1060      00
 1061              	.LASF1:
 1062 019b 6C6F6E67 		.ascii	"long long int\000"
 1062      206C6F6E 
 1062      6720696E 
 1062      7400
 1063              	.LASF11:
 1064 01a9 63686172 		.ascii	"char\000"
 1064      00
 1065              	.LASF5:
 1066 01ae 73686F72 		.ascii	"short int\000"
 1066      7420696E 
 1066      7400
 1067              	.LASF26:
 1068 01b8 43795379 		.ascii	"CySysClkWriteImoFreq\000"
 1068      73436C6B 
 1068      57726974 
 1068      65496D6F 
 1068      46726571 
 1069              	.LASF7:
 1070 01cd 6C6F6E67 		.ascii	"long int\000"
 1070      20696E74 
 1070      00
 1071              	.LASF31:
 1072 01d6 443A5C72 		.ascii	"D:\\repositories\\Tarocco\\Bootloader\\cncboot_no_o"
 1072      65706F73 
 1072      69746F72 
 1072      6965735C 
 1072      5461726F 
 1073 0205 7074696D 		.ascii	"ptimizations\\cncboot.cydsn\000"
 1073      697A6174 
 1073      696F6E73 
 1073      5C636E63 
 1073      626F6F74 
 1074              	.LASF3:
 1075 0220 7369676E 		.ascii	"signed char\000"
 1075      65642063 
 1075      68617200 
 1076              	.LASF30:
 1077 022c 47656E65 		.ascii	"Generated_Source\\PSoC4\\cyfitter_cfg.c\000"
 1077      72617465 
 1077      645F536F 
 1077      75726365 
 1077      5C50536F 
 1078              		.ident	"GCC: (GNU Tools for ARM Embedded Processors) 5.4.1 20160609 (release) [ARM/embedded-5-bran
