ARM GAS  C:\Users\g\AppData\Local\Temp\ccXkORIc.s 			page 1


   1              		.cpu cortex-m0
   2              		.fpu softvfp
   3              		.eabi_attribute 20, 1
   4              		.eabi_attribute 21, 1
   5              		.eabi_attribute 23, 3
   6              		.eabi_attribute 24, 1
   7              		.eabi_attribute 25, 1
   8              		.eabi_attribute 26, 1
   9              		.eabi_attribute 30, 1
  10              		.eabi_attribute 34, 0
  11              		.eabi_attribute 18, 4
  12              		.code	16
  13              		.file	"cyfitter_cfg.c"
  14              		.text
  15              	.Ltext0:
  16              		.cfi_sections	.debug_frame
  17              		.section	.text.cfg_write_bytes32,"ax",%progbits
  18              		.align	2
  19              		.code	16
  20              		.thumb_func
  21              		.type	cfg_write_bytes32, %function
  22              	cfg_write_bytes32:
  23              	.LFB3:
  24              		.file 1 ".\\Generated_Source\\PSoC4\\cyfitter_cfg.c"
   1:.\Generated_Source\PSoC4/cyfitter_cfg.c **** /*******************************************************************************
   2:.\Generated_Source\PSoC4/cyfitter_cfg.c **** * File Name: cyfitter_cfg.c
   3:.\Generated_Source\PSoC4/cyfitter_cfg.c **** * 
   4:.\Generated_Source\PSoC4/cyfitter_cfg.c **** * PSoC Creator  3.3 CP3
   5:.\Generated_Source\PSoC4/cyfitter_cfg.c **** *
   6:.\Generated_Source\PSoC4/cyfitter_cfg.c **** * Description:
   7:.\Generated_Source\PSoC4/cyfitter_cfg.c **** * This file contains device initialization code.
   8:.\Generated_Source\PSoC4/cyfitter_cfg.c **** * Except for the user defined sections in CyClockStartupError(), this file should not be modified.
   9:.\Generated_Source\PSoC4/cyfitter_cfg.c **** * This file is automatically generated by PSoC Creator.
  10:.\Generated_Source\PSoC4/cyfitter_cfg.c **** *
  11:.\Generated_Source\PSoC4/cyfitter_cfg.c **** ********************************************************************************
  12:.\Generated_Source\PSoC4/cyfitter_cfg.c **** * Copyright (c) 2007-2016 Cypress Semiconductor.  All rights reserved.
  13:.\Generated_Source\PSoC4/cyfitter_cfg.c **** * You may use this file only in accordance with the license, terms, conditions, 
  14:.\Generated_Source\PSoC4/cyfitter_cfg.c **** * disclaimers, and limitations in the end user license agreement accompanying 
  15:.\Generated_Source\PSoC4/cyfitter_cfg.c **** * the software package with which this file was provided.
  16:.\Generated_Source\PSoC4/cyfitter_cfg.c **** ********************************************************************************/
  17:.\Generated_Source\PSoC4/cyfitter_cfg.c **** 
  18:.\Generated_Source\PSoC4/cyfitter_cfg.c **** #include <string.h>
  19:.\Generated_Source\PSoC4/cyfitter_cfg.c **** #include "cytypes.h"
  20:.\Generated_Source\PSoC4/cyfitter_cfg.c **** #include "cydevice_trm.h"
  21:.\Generated_Source\PSoC4/cyfitter_cfg.c **** #include "cyfitter.h"
  22:.\Generated_Source\PSoC4/cyfitter_cfg.c **** #include "CyLib.h"
  23:.\Generated_Source\PSoC4/cyfitter_cfg.c **** #include "CyLFClk.h"
  24:.\Generated_Source\PSoC4/cyfitter_cfg.c **** #include "cyfitter_cfg.h"
  25:.\Generated_Source\PSoC4/cyfitter_cfg.c **** 
  26:.\Generated_Source\PSoC4/cyfitter_cfg.c **** 
  27:.\Generated_Source\PSoC4/cyfitter_cfg.c **** #if defined(__GNUC__) || defined(__ARMCC_VERSION)
  28:.\Generated_Source\PSoC4/cyfitter_cfg.c ****     #define CYPACKED 
  29:.\Generated_Source\PSoC4/cyfitter_cfg.c ****     #define CYPACKED_ATTR __attribute__ ((packed))
  30:.\Generated_Source\PSoC4/cyfitter_cfg.c ****     #define CYALIGNED __attribute__ ((aligned))
  31:.\Generated_Source\PSoC4/cyfitter_cfg.c ****     #define CY_CFG_UNUSED __attribute__ ((unused))
  32:.\Generated_Source\PSoC4/cyfitter_cfg.c ****     #ifndef CY_CFG_SECTION
  33:.\Generated_Source\PSoC4/cyfitter_cfg.c ****         #define CY_CFG_SECTION __attribute__ ((section(".psocinit")))
ARM GAS  C:\Users\g\AppData\Local\Temp\ccXkORIc.s 			page 2


  34:.\Generated_Source\PSoC4/cyfitter_cfg.c ****     #endif
  35:.\Generated_Source\PSoC4/cyfitter_cfg.c ****     
  36:.\Generated_Source\PSoC4/cyfitter_cfg.c ****     #if defined(__ARMCC_VERSION)
  37:.\Generated_Source\PSoC4/cyfitter_cfg.c ****         #define CY_CFG_MEMORY_BARRIER() __memory_changed()
  38:.\Generated_Source\PSoC4/cyfitter_cfg.c ****     #else
  39:.\Generated_Source\PSoC4/cyfitter_cfg.c ****         #define CY_CFG_MEMORY_BARRIER() __sync_synchronize()
  40:.\Generated_Source\PSoC4/cyfitter_cfg.c ****     #endif
  41:.\Generated_Source\PSoC4/cyfitter_cfg.c ****     
  42:.\Generated_Source\PSoC4/cyfitter_cfg.c **** #elif defined(__ICCARM__)
  43:.\Generated_Source\PSoC4/cyfitter_cfg.c ****     #include <intrinsics.h>
  44:.\Generated_Source\PSoC4/cyfitter_cfg.c **** 
  45:.\Generated_Source\PSoC4/cyfitter_cfg.c ****     #define CYPACKED __packed
  46:.\Generated_Source\PSoC4/cyfitter_cfg.c ****     #define CYPACKED_ATTR 
  47:.\Generated_Source\PSoC4/cyfitter_cfg.c ****     #define CYALIGNED _Pragma("data_alignment=4")
  48:.\Generated_Source\PSoC4/cyfitter_cfg.c ****     #define CY_CFG_UNUSED _Pragma("diag_suppress=Pe177")
  49:.\Generated_Source\PSoC4/cyfitter_cfg.c ****     #define CY_CFG_SECTION _Pragma("location=\".psocinit\"")
  50:.\Generated_Source\PSoC4/cyfitter_cfg.c ****     
  51:.\Generated_Source\PSoC4/cyfitter_cfg.c ****     #define CY_CFG_MEMORY_BARRIER() __DMB()
  52:.\Generated_Source\PSoC4/cyfitter_cfg.c ****     
  53:.\Generated_Source\PSoC4/cyfitter_cfg.c **** #else
  54:.\Generated_Source\PSoC4/cyfitter_cfg.c ****     #error Unsupported toolchain
  55:.\Generated_Source\PSoC4/cyfitter_cfg.c **** #endif
  56:.\Generated_Source\PSoC4/cyfitter_cfg.c **** 
  57:.\Generated_Source\PSoC4/cyfitter_cfg.c **** 
  58:.\Generated_Source\PSoC4/cyfitter_cfg.c **** CY_CFG_UNUSED
  59:.\Generated_Source\PSoC4/cyfitter_cfg.c **** static void CYMEMZERO(void *s, size_t n);
  60:.\Generated_Source\PSoC4/cyfitter_cfg.c **** CY_CFG_UNUSED
  61:.\Generated_Source\PSoC4/cyfitter_cfg.c **** static void CYMEMZERO(void *s, size_t n)
  62:.\Generated_Source\PSoC4/cyfitter_cfg.c **** {
  63:.\Generated_Source\PSoC4/cyfitter_cfg.c **** 	(void)memset(s, 0, n);
  64:.\Generated_Source\PSoC4/cyfitter_cfg.c **** }
  65:.\Generated_Source\PSoC4/cyfitter_cfg.c **** CY_CFG_UNUSED
  66:.\Generated_Source\PSoC4/cyfitter_cfg.c **** static void CYCONFIGCPY(void *dest, const void *src, size_t n);
  67:.\Generated_Source\PSoC4/cyfitter_cfg.c **** CY_CFG_UNUSED
  68:.\Generated_Source\PSoC4/cyfitter_cfg.c **** static void CYCONFIGCPY(void *dest, const void *src, size_t n)
  69:.\Generated_Source\PSoC4/cyfitter_cfg.c **** {
  70:.\Generated_Source\PSoC4/cyfitter_cfg.c **** 	(void)memcpy(dest, src, n);
  71:.\Generated_Source\PSoC4/cyfitter_cfg.c **** }
  72:.\Generated_Source\PSoC4/cyfitter_cfg.c **** CY_CFG_UNUSED
  73:.\Generated_Source\PSoC4/cyfitter_cfg.c **** static void CYCONFIGCPYCODE(void *dest, const void *src, size_t n);
  74:.\Generated_Source\PSoC4/cyfitter_cfg.c **** CY_CFG_UNUSED
  75:.\Generated_Source\PSoC4/cyfitter_cfg.c **** static void CYCONFIGCPYCODE(void *dest, const void *src, size_t n)
  76:.\Generated_Source\PSoC4/cyfitter_cfg.c **** {
  77:.\Generated_Source\PSoC4/cyfitter_cfg.c **** 	(void)memcpy(dest, src, n);
  78:.\Generated_Source\PSoC4/cyfitter_cfg.c **** }
  79:.\Generated_Source\PSoC4/cyfitter_cfg.c **** 
  80:.\Generated_Source\PSoC4/cyfitter_cfg.c **** 
  81:.\Generated_Source\PSoC4/cyfitter_cfg.c **** 
  82:.\Generated_Source\PSoC4/cyfitter_cfg.c **** /* Clock startup error codes                                                   */
  83:.\Generated_Source\PSoC4/cyfitter_cfg.c **** #define CYCLOCKSTART_NO_ERROR    0u
  84:.\Generated_Source\PSoC4/cyfitter_cfg.c **** #define CYCLOCKSTART_XTAL_ERROR  1u
  85:.\Generated_Source\PSoC4/cyfitter_cfg.c **** #define CYCLOCKSTART_32KHZ_ERROR 2u
  86:.\Generated_Source\PSoC4/cyfitter_cfg.c **** #define CYCLOCKSTART_PLL_ERROR   3u
  87:.\Generated_Source\PSoC4/cyfitter_cfg.c **** 
  88:.\Generated_Source\PSoC4/cyfitter_cfg.c **** #ifdef CY_NEED_CYCLOCKSTARTUPERROR
  89:.\Generated_Source\PSoC4/cyfitter_cfg.c **** /*******************************************************************************
  90:.\Generated_Source\PSoC4/cyfitter_cfg.c **** * Function Name: CyClockStartupError
ARM GAS  C:\Users\g\AppData\Local\Temp\ccXkORIc.s 			page 3


  91:.\Generated_Source\PSoC4/cyfitter_cfg.c **** ********************************************************************************
  92:.\Generated_Source\PSoC4/cyfitter_cfg.c **** * Summary:
  93:.\Generated_Source\PSoC4/cyfitter_cfg.c **** *  If an error is encountered during clock configuration (crystal startup error,
  94:.\Generated_Source\PSoC4/cyfitter_cfg.c **** *  PLL lock error, etc.), the system will end up here.  Unless reimplemented by
  95:.\Generated_Source\PSoC4/cyfitter_cfg.c **** *  the customer, this function will stop in an infinite loop.
  96:.\Generated_Source\PSoC4/cyfitter_cfg.c **** *
  97:.\Generated_Source\PSoC4/cyfitter_cfg.c **** * Parameters:
  98:.\Generated_Source\PSoC4/cyfitter_cfg.c **** *   void
  99:.\Generated_Source\PSoC4/cyfitter_cfg.c **** *
 100:.\Generated_Source\PSoC4/cyfitter_cfg.c **** * Return:
 101:.\Generated_Source\PSoC4/cyfitter_cfg.c **** *   void
 102:.\Generated_Source\PSoC4/cyfitter_cfg.c **** *
 103:.\Generated_Source\PSoC4/cyfitter_cfg.c **** *******************************************************************************/
 104:.\Generated_Source\PSoC4/cyfitter_cfg.c **** CY_CFG_UNUSED
 105:.\Generated_Source\PSoC4/cyfitter_cfg.c **** static void CyClockStartupError(uint8 errorCode);
 106:.\Generated_Source\PSoC4/cyfitter_cfg.c **** CY_CFG_UNUSED
 107:.\Generated_Source\PSoC4/cyfitter_cfg.c **** static void CyClockStartupError(uint8 errorCode)
 108:.\Generated_Source\PSoC4/cyfitter_cfg.c **** {
 109:.\Generated_Source\PSoC4/cyfitter_cfg.c ****     /* To remove the compiler warning if errorCode not used.                */
 110:.\Generated_Source\PSoC4/cyfitter_cfg.c ****     errorCode = errorCode;
 111:.\Generated_Source\PSoC4/cyfitter_cfg.c **** 
 112:.\Generated_Source\PSoC4/cyfitter_cfg.c ****     /* `#START CyClockStartupError` */
 113:.\Generated_Source\PSoC4/cyfitter_cfg.c **** 
 114:.\Generated_Source\PSoC4/cyfitter_cfg.c ****     /* If we have a clock startup error (bad MHz crystal, PLL lock, etc.),  */
 115:.\Generated_Source\PSoC4/cyfitter_cfg.c ****     /* we will end up here to allow the customer to implement something to  */
 116:.\Generated_Source\PSoC4/cyfitter_cfg.c ****     /* deal with the clock condition.                                       */
 117:.\Generated_Source\PSoC4/cyfitter_cfg.c **** 
 118:.\Generated_Source\PSoC4/cyfitter_cfg.c ****     /* `#END` */
 119:.\Generated_Source\PSoC4/cyfitter_cfg.c **** 
 120:.\Generated_Source\PSoC4/cyfitter_cfg.c ****     /* If nothing else, stop here since the clocks have not started         */
 121:.\Generated_Source\PSoC4/cyfitter_cfg.c ****     /* correctly.                                                           */
 122:.\Generated_Source\PSoC4/cyfitter_cfg.c ****     while(1) {}
 123:.\Generated_Source\PSoC4/cyfitter_cfg.c **** }
 124:.\Generated_Source\PSoC4/cyfitter_cfg.c **** #endif
 125:.\Generated_Source\PSoC4/cyfitter_cfg.c **** 
 126:.\Generated_Source\PSoC4/cyfitter_cfg.c **** #define CY_CFG_BASE_ADDR_COUNT 1u
 127:.\Generated_Source\PSoC4/cyfitter_cfg.c **** CYPACKED typedef struct
 128:.\Generated_Source\PSoC4/cyfitter_cfg.c **** {
 129:.\Generated_Source\PSoC4/cyfitter_cfg.c **** 	uint8 offset;
 130:.\Generated_Source\PSoC4/cyfitter_cfg.c **** 	uint8 value;
 131:.\Generated_Source\PSoC4/cyfitter_cfg.c **** } CYPACKED_ATTR cy_cfg_addrvalue_t;
 132:.\Generated_Source\PSoC4/cyfitter_cfg.c **** 
 133:.\Generated_Source\PSoC4/cyfitter_cfg.c **** 
 134:.\Generated_Source\PSoC4/cyfitter_cfg.c **** 
 135:.\Generated_Source\PSoC4/cyfitter_cfg.c **** /*******************************************************************************
 136:.\Generated_Source\PSoC4/cyfitter_cfg.c **** * Function Name: cfg_write_bytes32
 137:.\Generated_Source\PSoC4/cyfitter_cfg.c **** ********************************************************************************
 138:.\Generated_Source\PSoC4/cyfitter_cfg.c **** * Summary:
 139:.\Generated_Source\PSoC4/cyfitter_cfg.c **** *  This function is used for setting up the chip configuration areas that
 140:.\Generated_Source\PSoC4/cyfitter_cfg.c **** *  contain relatively sparse data.
 141:.\Generated_Source\PSoC4/cyfitter_cfg.c **** *
 142:.\Generated_Source\PSoC4/cyfitter_cfg.c **** * Parameters:
 143:.\Generated_Source\PSoC4/cyfitter_cfg.c **** *   void
 144:.\Generated_Source\PSoC4/cyfitter_cfg.c **** *
 145:.\Generated_Source\PSoC4/cyfitter_cfg.c **** * Return:
 146:.\Generated_Source\PSoC4/cyfitter_cfg.c **** *   void
 147:.\Generated_Source\PSoC4/cyfitter_cfg.c **** *
ARM GAS  C:\Users\g\AppData\Local\Temp\ccXkORIc.s 			page 4


 148:.\Generated_Source\PSoC4/cyfitter_cfg.c **** *******************************************************************************/
 149:.\Generated_Source\PSoC4/cyfitter_cfg.c **** static void cfg_write_bytes32(const uint32 addr_table[], const cy_cfg_addrvalue_t data_table[]);
 150:.\Generated_Source\PSoC4/cyfitter_cfg.c **** static void cfg_write_bytes32(const uint32 addr_table[], const cy_cfg_addrvalue_t data_table[])
 151:.\Generated_Source\PSoC4/cyfitter_cfg.c **** {
  25              		.loc 1 151 0
  26              		.cfi_startproc
  27              	.LVL0:
  28 0000 F0B5     		push	{r4, r5, r6, r7, lr}
  29              		.cfi_def_cfa_offset 20
  30              		.cfi_offset 4, -20
  31              		.cfi_offset 5, -16
  32              		.cfi_offset 6, -12
  33              		.cfi_offset 7, -8
  34              		.cfi_offset 14, -4
  35              	.LVL1:
 152:.\Generated_Source\PSoC4/cyfitter_cfg.c **** 	/* For 32-bit little-endian architectures */
 153:.\Generated_Source\PSoC4/cyfitter_cfg.c **** 	uint32 i, j = 0u;
  36              		.loc 1 153 0
  37 0002 0025     		mov	r5, #0
 154:.\Generated_Source\PSoC4/cyfitter_cfg.c **** 	for (i = 0u; i < CY_CFG_BASE_ADDR_COUNT; i++)
  38              		.loc 1 154 0
  39 0004 0027     		mov	r7, #0
  40 0006 11E0     		b	.L2
  41              	.LVL2:
  42              	.L5:
  43              	.LBB2:
 155:.\Generated_Source\PSoC4/cyfitter_cfg.c **** 	{
 156:.\Generated_Source\PSoC4/cyfitter_cfg.c **** 		uint32 baseAddr = addr_table[i];
  44              		.loc 1 156 0
  45 0008 BB00     		lsl	r3, r7, #2
  46 000a C658     		ldr	r6, [r0, r3]
  47              	.LVL3:
 157:.\Generated_Source\PSoC4/cyfitter_cfg.c **** 		uint8 count = (uint8)baseAddr;
  48              		.loc 1 157 0
  49 000c F3B2     		uxtb	r3, r6
  50              	.LVL4:
 158:.\Generated_Source\PSoC4/cyfitter_cfg.c **** 		baseAddr &= 0xFFFFFF00u;
  51              		.loc 1 158 0
  52 000e FF22     		mov	r2, #255
  53 0010 9643     		bic	r6, r2
  54              	.LVL5:
 159:.\Generated_Source\PSoC4/cyfitter_cfg.c **** 		while (count != 0u)
  55              		.loc 1 159 0
  56 0012 08E0     		b	.L3
  57              	.L4:
 160:.\Generated_Source\PSoC4/cyfitter_cfg.c **** 		{
 161:.\Generated_Source\PSoC4/cyfitter_cfg.c **** 			CY_SET_XTND_REG8((void CYFAR *)(baseAddr + data_table[j].offset), data_table[j].value);
  58              		.loc 1 161 0
  59 0014 6A00     		lsl	r2, r5, #1
  60 0016 8A18     		add	r2, r1, r2
  61 0018 1478     		ldrb	r4, [r2]
  62 001a A419     		add	r4, r4, r6
  63 001c 5278     		ldrb	r2, [r2, #1]
  64 001e 2270     		strb	r2, [r4]
 162:.\Generated_Source\PSoC4/cyfitter_cfg.c **** 			j++;
  65              		.loc 1 162 0
  66 0020 0135     		add	r5, r5, #1
ARM GAS  C:\Users\g\AppData\Local\Temp\ccXkORIc.s 			page 5


  67              	.LVL6:
 163:.\Generated_Source\PSoC4/cyfitter_cfg.c **** 			count--;
  68              		.loc 1 163 0
  69 0022 013B     		sub	r3, r3, #1
  70              	.LVL7:
  71 0024 DBB2     		uxtb	r3, r3
  72              	.LVL8:
  73              	.L3:
 159:.\Generated_Source\PSoC4/cyfitter_cfg.c **** 		{
  74              		.loc 1 159 0
  75 0026 002B     		cmp	r3, #0
  76 0028 F4D1     		bne	.L4
  77              	.LBE2:
 154:.\Generated_Source\PSoC4/cyfitter_cfg.c **** 	{
  78              		.loc 1 154 0 discriminator 2
  79 002a 0137     		add	r7, r7, #1
  80              	.LVL9:
  81              	.L2:
 154:.\Generated_Source\PSoC4/cyfitter_cfg.c **** 	{
  82              		.loc 1 154 0 is_stmt 0 discriminator 1
  83 002c 002F     		cmp	r7, #0
  84 002e EBD0     		beq	.L5
 164:.\Generated_Source\PSoC4/cyfitter_cfg.c **** 		}
 165:.\Generated_Source\PSoC4/cyfitter_cfg.c **** 	}
 166:.\Generated_Source\PSoC4/cyfitter_cfg.c **** }
  85              		.loc 1 166 0 is_stmt 1
  86              		@ sp needed
  87              	.LVL10:
  88              	.LVL11:
  89 0030 F0BD     		pop	{r4, r5, r6, r7, pc}
  90              		.cfi_endproc
  91              	.LFE3:
  92              		.size	cfg_write_bytes32, .-cfg_write_bytes32
  93 0032 C046     		.section	.text.CYMEMZERO,"ax",%progbits
  94              		.align	2
  95              		.code	16
  96              		.thumb_func
  97              		.type	CYMEMZERO, %function
  98              	CYMEMZERO:
  99              	.LFB0:
  62:.\Generated_Source\PSoC4/cyfitter_cfg.c **** 	(void)memset(s, 0, n);
 100              		.loc 1 62 0
 101              		.cfi_startproc
 102              	.LVL12:
 103 0000 08B5     		push	{r3, lr}
 104              		.cfi_def_cfa_offset 8
 105              		.cfi_offset 3, -8
 106              		.cfi_offset 14, -4
 107 0002 0A1C     		mov	r2, r1
  63:.\Generated_Source\PSoC4/cyfitter_cfg.c **** }
 108              		.loc 1 63 0
 109 0004 0021     		mov	r1, #0
 110              	.LVL13:
 111 0006 FFF7FEFF 		bl	memset
 112              	.LVL14:
  64:.\Generated_Source\PSoC4/cyfitter_cfg.c **** CY_CFG_UNUSED
 113              		.loc 1 64 0
ARM GAS  C:\Users\g\AppData\Local\Temp\ccXkORIc.s 			page 6


 114              		@ sp needed
 115 000a 08BD     		pop	{r3, pc}
 116              		.cfi_endproc
 117              	.LFE0:
 118              		.size	CYMEMZERO, .-CYMEMZERO
 119              		.section	.psocinit,"ax",%progbits
 120              		.align	2
 121              		.code	16
 122              		.thumb_func
 123              		.type	ClockSetup, %function
 124              	ClockSetup:
 125              	.LFB4:
 167:.\Generated_Source\PSoC4/cyfitter_cfg.c **** 
 168:.\Generated_Source\PSoC4/cyfitter_cfg.c **** 
 169:.\Generated_Source\PSoC4/cyfitter_cfg.c **** /*******************************************************************************
 170:.\Generated_Source\PSoC4/cyfitter_cfg.c **** * Function Name: ClockSetup
 171:.\Generated_Source\PSoC4/cyfitter_cfg.c **** ********************************************************************************
 172:.\Generated_Source\PSoC4/cyfitter_cfg.c **** *
 173:.\Generated_Source\PSoC4/cyfitter_cfg.c **** * Summary:
 174:.\Generated_Source\PSoC4/cyfitter_cfg.c **** *   Performs the initialization of all of the clocks in the device based on the
 175:.\Generated_Source\PSoC4/cyfitter_cfg.c **** *   settings in the Clock tab of the DWR.  This includes enabling the requested
 176:.\Generated_Source\PSoC4/cyfitter_cfg.c **** *   clocks and setting the necessary dividers to produce the desired frequency. 
 177:.\Generated_Source\PSoC4/cyfitter_cfg.c **** *
 178:.\Generated_Source\PSoC4/cyfitter_cfg.c **** * Parameters:
 179:.\Generated_Source\PSoC4/cyfitter_cfg.c **** *   void
 180:.\Generated_Source\PSoC4/cyfitter_cfg.c **** *
 181:.\Generated_Source\PSoC4/cyfitter_cfg.c **** * Return:
 182:.\Generated_Source\PSoC4/cyfitter_cfg.c **** *   void
 183:.\Generated_Source\PSoC4/cyfitter_cfg.c **** *
 184:.\Generated_Source\PSoC4/cyfitter_cfg.c **** *******************************************************************************/
 185:.\Generated_Source\PSoC4/cyfitter_cfg.c **** static void ClockSetup(void);
 186:.\Generated_Source\PSoC4/cyfitter_cfg.c **** CY_CFG_SECTION
 187:.\Generated_Source\PSoC4/cyfitter_cfg.c **** static void ClockSetup(void)
 188:.\Generated_Source\PSoC4/cyfitter_cfg.c **** {
 126              		.loc 1 188 0
 127              		.cfi_startproc
 128 0000 38B5     		push	{r3, r4, r5, lr}
 129              		.cfi_def_cfa_offset 16
 130              		.cfi_offset 3, -16
 131              		.cfi_offset 4, -12
 132              		.cfi_offset 5, -8
 133              		.cfi_offset 14, -4
 189:.\Generated_Source\PSoC4/cyfitter_cfg.c **** 	/* Enable HALF_EN before trimming for the flash accelerator. */
 190:.\Generated_Source\PSoC4/cyfitter_cfg.c **** 	CY_SET_REG32((void CYXDATA *)(CYREG_CLK_SELECT), (CY_GET_REG32((void *)CYREG_CLK_SELECT) | 0x00040
 134              		.loc 1 190 0
 135 0002 164C     		ldr	r4, .L8
 136 0004 2368     		ldr	r3, [r4]
 137 0006 8022     		mov	r2, #128
 138 0008 D202     		lsl	r2, r2, #11
 139 000a 1343     		orr	r3, r2
 140 000c 2360     		str	r3, [r4]
 191:.\Generated_Source\PSoC4/cyfitter_cfg.c **** 
 192:.\Generated_Source\PSoC4/cyfitter_cfg.c **** 	/* Setup and trim IMO based on desired frequency. */
 193:.\Generated_Source\PSoC4/cyfitter_cfg.c **** 	CySysClkWriteImoFreq(24u);
 141              		.loc 1 193 0
 142 000e 1820     		mov	r0, #24
 143 0010 FFF7FEFF 		bl	CySysClkWriteImoFreq
ARM GAS  C:\Users\g\AppData\Local\Temp\ccXkORIc.s 			page 7


 144              	.LVL15:
 194:.\Generated_Source\PSoC4/cyfitter_cfg.c **** 
 195:.\Generated_Source\PSoC4/cyfitter_cfg.c **** 	/* Disable HALF_EN since it is not required at this IMO frequency. */
 196:.\Generated_Source\PSoC4/cyfitter_cfg.c **** 	CY_SET_REG32((void CYXDATA *)(CYREG_CLK_SELECT), (CY_GET_REG32((void *)CYREG_CLK_SELECT) & 0xFFFBF
 145              		.loc 1 196 0
 146 0014 2268     		ldr	r2, [r4]
 147 0016 124B     		ldr	r3, .L8+4
 148 0018 1340     		and	r3, r2
 149 001a 2360     		str	r3, [r4]
 197:.\Generated_Source\PSoC4/cyfitter_cfg.c **** 	/* CYDEV_CLK_ILO_CONFIG Starting address: CYDEV_CLK_ILO_CONFIG */
 198:.\Generated_Source\PSoC4/cyfitter_cfg.c **** 	CY_SET_XTND_REG32((void CYFAR *)(CYREG_CLK_ILO_CONFIG), 0x80000006u);
 150              		.loc 1 198 0
 151 001c 114A     		ldr	r2, .L8+8
 152 001e 124B     		ldr	r3, .L8+12
 153 0020 1A60     		str	r2, [r3]
 199:.\Generated_Source\PSoC4/cyfitter_cfg.c **** 
 200:.\Generated_Source\PSoC4/cyfitter_cfg.c **** 
 201:.\Generated_Source\PSoC4/cyfitter_cfg.c **** 	/* CYDEV_CLK_SELECT00 Starting address: CYDEV_CLK_SELECT00 */
 202:.\Generated_Source\PSoC4/cyfitter_cfg.c **** 	CY_SET_XTND_REG32((void CYFAR *)(CYREG_CLK_SELECT03), 0x00000020u);
 154              		.loc 1 202 0
 155 0022 2022     		mov	r2, #32
 156 0024 114B     		ldr	r3, .L8+16
 157 0026 1A60     		str	r2, [r3]
 203:.\Generated_Source\PSoC4/cyfitter_cfg.c **** 	CY_SET_XTND_REG32((void CYFAR *)(CYREG_CLK_SELECT08), 0x00000010u);
 158              		.loc 1 203 0
 159 0028 103A     		sub	r2, r2, #16
 160 002a 114B     		ldr	r3, .L8+20
 161 002c 1A60     		str	r2, [r3]
 204:.\Generated_Source\PSoC4/cyfitter_cfg.c **** 
 205:.\Generated_Source\PSoC4/cyfitter_cfg.c **** 	/* CYDEV_CLK_IMO_CONFIG Starting address: CYDEV_CLK_IMO_CONFIG */
 206:.\Generated_Source\PSoC4/cyfitter_cfg.c **** 	CY_SET_XTND_REG32((void CYFAR *)(CYREG_CLK_IMO_CONFIG), 0x80000000u);
 162              		.loc 1 206 0
 163 002e 8022     		mov	r2, #128
 164 0030 1206     		lsl	r2, r2, #24
 165 0032 104B     		ldr	r3, .L8+24
 166 0034 1A60     		str	r2, [r3]
 207:.\Generated_Source\PSoC4/cyfitter_cfg.c **** 
 208:.\Generated_Source\PSoC4/cyfitter_cfg.c **** 	/* CYDEV_CLK_SELECT Starting address: CYDEV_CLK_SELECT */
 209:.\Generated_Source\PSoC4/cyfitter_cfg.c **** 	CY_SET_XTND_REG32((void CYFAR *)(CYREG_CLK_SELECT), 0x00000000u);
 167              		.loc 1 209 0
 168 0036 0025     		mov	r5, #0
 169 0038 2560     		str	r5, [r4]
 210:.\Generated_Source\PSoC4/cyfitter_cfg.c **** 
 211:.\Generated_Source\PSoC4/cyfitter_cfg.c **** 	/* CYDEV_CLK_DIVIDER_A00 Starting address: CYDEV_CLK_DIVIDER_A00 */
 212:.\Generated_Source\PSoC4/cyfitter_cfg.c **** 	CY_SET_XTND_REG32((void CYFAR *)(CYREG_CLK_DIVIDER_A00), 0x80000007u);
 170              		.loc 1 212 0
 171 003a 0F4A     		ldr	r2, .L8+28
 172 003c 0F4B     		ldr	r3, .L8+32
 173 003e 1A60     		str	r2, [r3]
 213:.\Generated_Source\PSoC4/cyfitter_cfg.c **** 
 214:.\Generated_Source\PSoC4/cyfitter_cfg.c **** 	/* CYDEV_CLK_DIVIDER_B00 Starting address: CYDEV_CLK_DIVIDER_B00 */
 215:.\Generated_Source\PSoC4/cyfitter_cfg.c **** 	CY_SET_XTND_REG32((void CYFAR *)(CYREG_CLK_DIVIDER_B00), 0x80000010u);
 174              		.loc 1 215 0
 175 0040 0F4A     		ldr	r2, .L8+36
 176 0042 104B     		ldr	r3, .L8+40
 177 0044 1A60     		str	r2, [r3]
 216:.\Generated_Source\PSoC4/cyfitter_cfg.c **** 
ARM GAS  C:\Users\g\AppData\Local\Temp\ccXkORIc.s 			page 8


 217:.\Generated_Source\PSoC4/cyfitter_cfg.c **** 	(void)CyIntSetVector(9u, &CySysWdtIsr);
 178              		.loc 1 217 0
 179 0046 0920     		mov	r0, #9
 180 0048 0F49     		ldr	r1, .L8+44
 181 004a FFF7FEFF 		bl	CyIntSetVector
 182              	.LVL16:
 218:.\Generated_Source\PSoC4/cyfitter_cfg.c **** 	CyIntEnable(9u);
 183              		.loc 1 218 0
 184 004e 0920     		mov	r0, #9
 185 0050 FFF7FEFF 		bl	CyIntEnable
 186              	.LVL17:
 219:.\Generated_Source\PSoC4/cyfitter_cfg.c **** 	CY_SET_XTND_REG32((void CYFAR *)(CYREG_WDT_CONFIG), 0x00000000u);
 187              		.loc 1 219 0
 188 0054 0D4B     		ldr	r3, .L8+48
 189 0056 1D60     		str	r5, [r3]
 220:.\Generated_Source\PSoC4/cyfitter_cfg.c **** }
 190              		.loc 1 220 0
 191              		@ sp needed
 192 0058 38BD     		pop	{r3, r4, r5, pc}
 193              	.L9:
 194 005a C046     		.align	2
 195              	.L8:
 196 005c 00010B40 		.word	1074462976
 197 0060 FFFFFBFF 		.word	-262145
 198 0064 06000080 		.word	-2147483642
 199 0068 04010B40 		.word	1074462980
 200 006c 0C020240 		.word	1073873420
 201 0070 20020240 		.word	1073873440
 202 0074 08010B40 		.word	1074462984
 203 0078 07000080 		.word	-2147483641
 204 007c 00000240 		.word	1073872896
 205 0080 10000080 		.word	-2147483632
 206 0084 40000240 		.word	1073872960
 207 0088 00000000 		.word	CySysWdtIsr
 208 008c 0C020B40 		.word	1074463244
 209              		.cfi_endproc
 210              	.LFE4:
 211              		.size	ClockSetup, .-ClockSetup
 212              		.align	2
 213              		.global	cyfitter_cfg
 214              		.code	16
 215              		.thumb_func
 216              		.type	cyfitter_cfg, %function
 217              	cyfitter_cfg:
 218              	.LFB6:
 221:.\Generated_Source\PSoC4/cyfitter_cfg.c **** 
 222:.\Generated_Source\PSoC4/cyfitter_cfg.c **** 
 223:.\Generated_Source\PSoC4/cyfitter_cfg.c **** /* Analog API Functions */
 224:.\Generated_Source\PSoC4/cyfitter_cfg.c **** 
 225:.\Generated_Source\PSoC4/cyfitter_cfg.c **** 
 226:.\Generated_Source\PSoC4/cyfitter_cfg.c **** /*******************************************************************************
 227:.\Generated_Source\PSoC4/cyfitter_cfg.c **** * Function Name: AnalogSetDefault
 228:.\Generated_Source\PSoC4/cyfitter_cfg.c **** ********************************************************************************
 229:.\Generated_Source\PSoC4/cyfitter_cfg.c **** *
 230:.\Generated_Source\PSoC4/cyfitter_cfg.c **** * Summary:
 231:.\Generated_Source\PSoC4/cyfitter_cfg.c **** *  Sets up the analog portions of the chip to default values based on chip
 232:.\Generated_Source\PSoC4/cyfitter_cfg.c **** *  configuration options from the project.
ARM GAS  C:\Users\g\AppData\Local\Temp\ccXkORIc.s 			page 9


 233:.\Generated_Source\PSoC4/cyfitter_cfg.c **** *
 234:.\Generated_Source\PSoC4/cyfitter_cfg.c **** * Parameters:
 235:.\Generated_Source\PSoC4/cyfitter_cfg.c **** *  void
 236:.\Generated_Source\PSoC4/cyfitter_cfg.c **** *
 237:.\Generated_Source\PSoC4/cyfitter_cfg.c **** * Return:
 238:.\Generated_Source\PSoC4/cyfitter_cfg.c **** *  void
 239:.\Generated_Source\PSoC4/cyfitter_cfg.c **** *
 240:.\Generated_Source\PSoC4/cyfitter_cfg.c **** *******************************************************************************/
 241:.\Generated_Source\PSoC4/cyfitter_cfg.c **** static void AnalogSetDefault(void);
 242:.\Generated_Source\PSoC4/cyfitter_cfg.c **** static void AnalogSetDefault(void)
 243:.\Generated_Source\PSoC4/cyfitter_cfg.c **** {
 244:.\Generated_Source\PSoC4/cyfitter_cfg.c **** }
 245:.\Generated_Source\PSoC4/cyfitter_cfg.c **** 
 246:.\Generated_Source\PSoC4/cyfitter_cfg.c **** #define CY_AMUX_UNUSED CYREG_CM0_ROM_DWT
 247:.\Generated_Source\PSoC4/cyfitter_cfg.c **** 
 248:.\Generated_Source\PSoC4/cyfitter_cfg.c **** 
 249:.\Generated_Source\PSoC4/cyfitter_cfg.c **** /*******************************************************************************
 250:.\Generated_Source\PSoC4/cyfitter_cfg.c **** * Function Name: cyfitter_cfg
 251:.\Generated_Source\PSoC4/cyfitter_cfg.c **** ********************************************************************************
 252:.\Generated_Source\PSoC4/cyfitter_cfg.c **** * Summary:
 253:.\Generated_Source\PSoC4/cyfitter_cfg.c **** *  This function is called by the start-up code for the selected device. It
 254:.\Generated_Source\PSoC4/cyfitter_cfg.c **** *  performs all of the necessary device configuration based on the design
 255:.\Generated_Source\PSoC4/cyfitter_cfg.c **** *  settings.  This includes settings from the Design Wide Resources (DWR) such
 256:.\Generated_Source\PSoC4/cyfitter_cfg.c **** *  as Clocks and Pins as well as any component configuration that is necessary.
 257:.\Generated_Source\PSoC4/cyfitter_cfg.c **** *
 258:.\Generated_Source\PSoC4/cyfitter_cfg.c **** * Parameters:  
 259:.\Generated_Source\PSoC4/cyfitter_cfg.c **** *   void
 260:.\Generated_Source\PSoC4/cyfitter_cfg.c **** *
 261:.\Generated_Source\PSoC4/cyfitter_cfg.c **** * Return:
 262:.\Generated_Source\PSoC4/cyfitter_cfg.c **** *   void
 263:.\Generated_Source\PSoC4/cyfitter_cfg.c **** *
 264:.\Generated_Source\PSoC4/cyfitter_cfg.c **** *******************************************************************************/
 265:.\Generated_Source\PSoC4/cyfitter_cfg.c **** CY_CFG_SECTION
 266:.\Generated_Source\PSoC4/cyfitter_cfg.c **** void cyfitter_cfg(void)
 267:.\Generated_Source\PSoC4/cyfitter_cfg.c **** {
 219              		.loc 1 267 0
 220              		.cfi_startproc
 221 0090 10B5     		push	{r4, lr}
 222              		.cfi_def_cfa_offset 8
 223              		.cfi_offset 4, -8
 224              		.cfi_offset 14, -4
 268:.\Generated_Source\PSoC4/cyfitter_cfg.c **** 	/* Disable interrupts by default. Let user enable if/when they want. */
 269:.\Generated_Source\PSoC4/cyfitter_cfg.c **** 	CyGlobalIntDisable;
 225              		.loc 1 269 0
 226              	@ 269 ".\Generated_Source\PSoC4\cyfitter_cfg.c" 1
 227 0092 72B6     		CPSID   i
 228              	@ 0 "" 2
 229              	.LVL18:
 230              		.code	16
 231              	.LBB3:
 270:.\Generated_Source\PSoC4/cyfitter_cfg.c **** 
 271:.\Generated_Source\PSoC4/cyfitter_cfg.c **** 	{
 272:.\Generated_Source\PSoC4/cyfitter_cfg.c **** 		static const uint32 CYCODE cy_cfg_addr_table[] = {
 273:.\Generated_Source\PSoC4/cyfitter_cfg.c **** 			0x400F4307u, /* Base address: 0x400F4300 Count: 7 */
 274:.\Generated_Source\PSoC4/cyfitter_cfg.c **** 		};
 275:.\Generated_Source\PSoC4/cyfitter_cfg.c **** 
 276:.\Generated_Source\PSoC4/cyfitter_cfg.c **** 		static const cy_cfg_addrvalue_t CYCODE cy_cfg_data_table[] = {
ARM GAS  C:\Users\g\AppData\Local\Temp\ccXkORIc.s 			page 10


 277:.\Generated_Source\PSoC4/cyfitter_cfg.c **** 			{0x18u, 0x20u},
 278:.\Generated_Source\PSoC4/cyfitter_cfg.c **** 			{0x20u, 0x08u},
 279:.\Generated_Source\PSoC4/cyfitter_cfg.c **** 			{0x50u, 0x10u},
 280:.\Generated_Source\PSoC4/cyfitter_cfg.c **** 			{0x54u, 0x04u},
 281:.\Generated_Source\PSoC4/cyfitter_cfg.c **** 			{0xC6u, 0x08u},
 282:.\Generated_Source\PSoC4/cyfitter_cfg.c **** 			{0xC8u, 0x08u},
 283:.\Generated_Source\PSoC4/cyfitter_cfg.c **** 			{0xD4u, 0x06u},
 284:.\Generated_Source\PSoC4/cyfitter_cfg.c **** 		};
 285:.\Generated_Source\PSoC4/cyfitter_cfg.c **** 
 286:.\Generated_Source\PSoC4/cyfitter_cfg.c **** 
 287:.\Generated_Source\PSoC4/cyfitter_cfg.c **** 
 288:.\Generated_Source\PSoC4/cyfitter_cfg.c **** 		CYPACKED typedef struct {
 289:.\Generated_Source\PSoC4/cyfitter_cfg.c **** 			void CYFAR *address;
 290:.\Generated_Source\PSoC4/cyfitter_cfg.c **** 			uint16 size;
 291:.\Generated_Source\PSoC4/cyfitter_cfg.c **** 		} CYPACKED_ATTR cfg_memset_t;
 292:.\Generated_Source\PSoC4/cyfitter_cfg.c **** 
 293:.\Generated_Source\PSoC4/cyfitter_cfg.c **** 		static const cfg_memset_t CYCODE cfg_memset_list [] = {
 294:.\Generated_Source\PSoC4/cyfitter_cfg.c **** 			/* address, size */
 295:.\Generated_Source\PSoC4/cyfitter_cfg.c **** 			{(void CYFAR *)(CYDEV_UDB_P0_U0_BASE), 1024u},
 296:.\Generated_Source\PSoC4/cyfitter_cfg.c **** 			{(void CYFAR *)(CYDEV_UDB_DSI0_BASE), 1024u},
 297:.\Generated_Source\PSoC4/cyfitter_cfg.c **** 		};
 298:.\Generated_Source\PSoC4/cyfitter_cfg.c **** 
 299:.\Generated_Source\PSoC4/cyfitter_cfg.c **** 		uint8 CYDATA i;
 300:.\Generated_Source\PSoC4/cyfitter_cfg.c **** 
 301:.\Generated_Source\PSoC4/cyfitter_cfg.c **** 		/* Zero out critical memory blocks before beginning configuration */
 302:.\Generated_Source\PSoC4/cyfitter_cfg.c **** 		for (i = 0u; i < (sizeof(cfg_memset_list)/sizeof(cfg_memset_list[0])); i++)
 232              		.loc 1 302 0
 233 0094 0024     		mov	r4, #0
 234 0096 10E0     		b	.L11
 235              	.LVL19:
 236              	.L12:
 237              	.LBB4:
 303:.\Generated_Source\PSoC4/cyfitter_cfg.c **** 		{
 304:.\Generated_Source\PSoC4/cyfitter_cfg.c **** 			const cfg_memset_t CYCODE * CYDATA ms = &cfg_memset_list[i];
 305:.\Generated_Source\PSoC4/cyfitter_cfg.c **** 			CYMEMZERO(ms->address, (size_t)(uint32)(ms->size));
 238              		.loc 1 305 0 discriminator 3
 239 0098 1F48     		ldr	r0, .L13
 240 009a 6300     		lsl	r3, r4, #1
 241 009c 1A19     		add	r2, r3, r4
 242 009e 5200     		lsl	r2, r2, #1
 243 00a0 8218     		add	r2, r0, r2
 244 00a2 9188     		ldrh	r1, [r2, #4]
 245 00a4 1B19     		add	r3, r3, r4
 246 00a6 5B00     		lsl	r3, r3, #1
 247 00a8 1A5A     		ldrh	r2, [r3, r0]
 248 00aa C318     		add	r3, r0, r3
 249 00ac 5888     		ldrh	r0, [r3, #2]
 250 00ae 0004     		lsl	r0, r0, #16
 251 00b0 1043     		orr	r0, r2
 252 00b2 FFF7FEFF 		bl	CYMEMZERO
 253              	.LVL20:
 254              	.LBE4:
 302:.\Generated_Source\PSoC4/cyfitter_cfg.c **** 		{
 255              		.loc 1 302 0 discriminator 3
 256 00b6 0134     		add	r4, r4, #1
 257              	.LVL21:
 258 00b8 E4B2     		uxtb	r4, r4
ARM GAS  C:\Users\g\AppData\Local\Temp\ccXkORIc.s 			page 11


 259              	.LVL22:
 260              	.L11:
 302:.\Generated_Source\PSoC4/cyfitter_cfg.c **** 		{
 261              		.loc 1 302 0 is_stmt 0 discriminator 1
 262 00ba 012C     		cmp	r4, #1
 263 00bc ECD9     		bls	.L12
 306:.\Generated_Source\PSoC4/cyfitter_cfg.c **** 		}
 307:.\Generated_Source\PSoC4/cyfitter_cfg.c **** 
 308:.\Generated_Source\PSoC4/cyfitter_cfg.c **** 		cfg_write_bytes32(cy_cfg_addr_table, cy_cfg_data_table);
 264              		.loc 1 308 0 is_stmt 1
 265 00be 1649     		ldr	r1, .L13
 266 00c0 081C     		mov	r0, r1
 267 00c2 0C30     		add	r0, r0, #12
 268 00c4 1031     		add	r1, r1, #16
 269 00c6 FFF7FEFF 		bl	cfg_write_bytes32
 270              	.LVL23:
 309:.\Generated_Source\PSoC4/cyfitter_cfg.c **** 
 310:.\Generated_Source\PSoC4/cyfitter_cfg.c **** 		/* HSIOM Starting address: CYDEV_HSIOM_BASE */
 311:.\Generated_Source\PSoC4/cyfitter_cfg.c **** 		CY_SET_XTND_REG32((void CYFAR *)(CYREG_HSIOM_PORT_SEL3), 0x00003399u);
 271              		.loc 1 311 0
 272 00ca 144A     		ldr	r2, .L13+4
 273 00cc 144B     		ldr	r3, .L13+8
 274 00ce 1A60     		str	r2, [r3]
 312:.\Generated_Source\PSoC4/cyfitter_cfg.c **** 
 313:.\Generated_Source\PSoC4/cyfitter_cfg.c **** 		/* UDB_PA_3 Starting address: CYDEV_UDB_PA3_BASE */
 314:.\Generated_Source\PSoC4/cyfitter_cfg.c **** 		CY_SET_XTND_REG32((void CYFAR *)(CYDEV_UDB_PA3_BASE), 0x00990000u);
 275              		.loc 1 314 0
 276 00d0 9922     		mov	r2, #153
 277 00d2 1204     		lsl	r2, r2, #16
 278 00d4 134B     		ldr	r3, .L13+12
 279 00d6 1A60     		str	r2, [r3]
 315:.\Generated_Source\PSoC4/cyfitter_cfg.c **** 		CY_SET_XTND_REG32((void CYFAR *)(CYREG_UDB_PA3_CFG8), 0x004A0000u);
 280              		.loc 1 315 0
 281 00d8 9422     		mov	r2, #148
 282 00da D203     		lsl	r2, r2, #15
 283 00dc 124B     		ldr	r3, .L13+16
 284 00de 1A60     		str	r2, [r3]
 316:.\Generated_Source\PSoC4/cyfitter_cfg.c **** 
 317:.\Generated_Source\PSoC4/cyfitter_cfg.c **** 		/* Enable digital routing */
 318:.\Generated_Source\PSoC4/cyfitter_cfg.c **** 		CY_SET_XTND_REG8((void *)CYREG_UDB_UDBIF_BANK_CTL, CY_GET_XTND_REG8((void *)CYREG_UDB_UDBIF_BANK_
 285              		.loc 1 318 0
 286 00e0 124B     		ldr	r3, .L13+20
 287 00e2 1978     		ldrb	r1, [r3]
 288 00e4 0222     		mov	r2, #2
 289 00e6 0A43     		orr	r2, r1
 290 00e8 1A70     		strb	r2, [r3]
 319:.\Generated_Source\PSoC4/cyfitter_cfg.c **** 
 320:.\Generated_Source\PSoC4/cyfitter_cfg.c **** 		/* Enable UDB array */
 321:.\Generated_Source\PSoC4/cyfitter_cfg.c **** 		CY_SET_XTND_REG8((void *)CYREG_UDB_UDBIF_WAIT_CFG, (uint8)((CY_GET_XTND_REG8((void *)CYREG_UDB_UD
 291              		.loc 1 321 0
 292 00ea 1148     		ldr	r0, .L13+24
 293 00ec 0278     		ldrb	r2, [r0]
 294 00ee 3C21     		mov	r1, #60
 295 00f0 8A43     		bic	r2, r1
 296 00f2 2839     		sub	r1, r1, #40
 297 00f4 0A43     		orr	r2, r1
 298 00f6 0270     		strb	r2, [r0]
ARM GAS  C:\Users\g\AppData\Local\Temp\ccXkORIc.s 			page 12


 322:.\Generated_Source\PSoC4/cyfitter_cfg.c **** 		CY_SET_XTND_REG8((void *)CYREG_UDB_UDBIF_BANK_CTL, (uint8)(CY_GET_XTND_REG8((void *)CYREG_UDB_UDB
 299              		.loc 1 322 0
 300 00f8 1978     		ldrb	r1, [r3]
 301 00fa 1622     		mov	r2, #22
 302 00fc 0A43     		orr	r2, r1
 303 00fe 1A70     		strb	r2, [r3]
 304              	.LBE3:
 323:.\Generated_Source\PSoC4/cyfitter_cfg.c **** 	}
 324:.\Generated_Source\PSoC4/cyfitter_cfg.c **** 
 325:.\Generated_Source\PSoC4/cyfitter_cfg.c **** 	/* Perform second pass device configuration. These items must be configured in specific order afte
 326:.\Generated_Source\PSoC4/cyfitter_cfg.c **** 	/* IOPINS0_3 Starting address: CYDEV_PRT3_BASE */
 327:.\Generated_Source\PSoC4/cyfitter_cfg.c **** 	CY_SET_XTND_REG32((void CYFAR *)(CYDEV_PRT3_BASE), 0x0000000Eu);
 305              		.loc 1 327 0
 306 0100 0E22     		mov	r2, #14
 307 0102 0C4B     		ldr	r3, .L13+28
 308 0104 1A60     		str	r2, [r3]
 328:.\Generated_Source\PSoC4/cyfitter_cfg.c **** 	CY_SET_XTND_REG32((void CYFAR *)(CYREG_PRT3_PC), 0x00000DB1u);
 309              		.loc 1 328 0
 310 0106 0C4A     		ldr	r2, .L13+32
 311 0108 0C4B     		ldr	r3, .L13+36
 312 010a 1A60     		str	r2, [r3]
 329:.\Generated_Source\PSoC4/cyfitter_cfg.c **** 	CY_SET_XTND_REG32((void CYFAR *)(CYREG_PRT3_PC2), 0x00000002u);
 313              		.loc 1 329 0
 314 010c 0C4B     		ldr	r3, .L13+40
 315 010e 0222     		mov	r2, #2
 316 0110 1A60     		str	r2, [r3]
 330:.\Generated_Source\PSoC4/cyfitter_cfg.c **** 
 331:.\Generated_Source\PSoC4/cyfitter_cfg.c **** 
 332:.\Generated_Source\PSoC4/cyfitter_cfg.c **** 	/* Setup clocks based on selections from Clock DWR */
 333:.\Generated_Source\PSoC4/cyfitter_cfg.c **** 	ClockSetup();
 317              		.loc 1 333 0
 318 0112 FFF775FF 		bl	ClockSetup
 319              	.LVL24:
 334:.\Generated_Source\PSoC4/cyfitter_cfg.c **** 
 335:.\Generated_Source\PSoC4/cyfitter_cfg.c **** 	/* Perform basic analog initialization to defaults */
 336:.\Generated_Source\PSoC4/cyfitter_cfg.c **** 	AnalogSetDefault();
 337:.\Generated_Source\PSoC4/cyfitter_cfg.c **** 
 338:.\Generated_Source\PSoC4/cyfitter_cfg.c **** }
 320              		.loc 1 338 0
 321              		@ sp needed
 322              	.LVL25:
 323 0116 10BD     		pop	{r4, pc}
 324              	.L14:
 325              		.align	2
 326              	.L13:
 327 0118 00000000 		.word	.LANCHOR0
 328 011c 99330000 		.word	13209
 329 0120 0C000140 		.word	1073807372
 330 0124 30500F40 		.word	1074745392
 331 0128 38500F40 		.word	1074745400
 332 012c 00700F40 		.word	1074753536
 333 0130 01700F40 		.word	1074753537
 334 0134 00030440 		.word	1074004736
 335 0138 B10D0000 		.word	3505
 336 013c 08030440 		.word	1074004744
 337 0140 18030440 		.word	1074004760
 338              		.cfi_endproc
ARM GAS  C:\Users\g\AppData\Local\Temp\ccXkORIc.s 			page 13


 339              	.LFE6:
 340              		.size	cyfitter_cfg, .-cyfitter_cfg
 341              		.section	.rodata
 342              		.align	2
 343              		.set	.LANCHOR0,. + 0
 344              		.type	cfg_memset_list.4746, %object
 345              		.size	cfg_memset_list.4746, 12
 346              	cfg_memset_list.4746:
 347 0000 00300F40 		.word	1074737152
 348 0004 0004     		.short	1024
 349 0006 00400F40 		.4byte	1074741248
 350 000a 0004     		.short	1024
 351              		.type	cy_cfg_addr_table.4740, %object
 352              		.size	cy_cfg_addr_table.4740, 4
 353              	cy_cfg_addr_table.4740:
 354 000c 07430F40 		.word	1074742023
 355              		.type	cy_cfg_data_table.4741, %object
 356              		.size	cy_cfg_data_table.4741, 14
 357              	cy_cfg_data_table.4741:
 358 0010 18       		.byte	24
 359 0011 20       		.byte	32
 360 0012 20       		.byte	32
 361 0013 08       		.byte	8
 362 0014 50       		.byte	80
 363 0015 10       		.byte	16
 364 0016 54       		.byte	84
 365 0017 04       		.byte	4
 366 0018 C6       		.byte	-58
 367 0019 08       		.byte	8
 368 001a C8       		.byte	-56
 369 001b 08       		.byte	8
 370 001c D4       		.byte	-44
 371 001d 06       		.byte	6
 372 001e 0000     		.text
 373              	.Letext0:
 374              		.file 2 "c:\\program files (x86)\\cypress\\psoc creator\\3.3\\psoc creator\\import\\gnu\\arm\\4.9.
 375              		.file 3 ".\\Generated_Source\\PSoC4\\cytypes.h"
 376              		.file 4 ".\\Generated_Source\\PSoC4\\CyLib.h"
 377              		.section	.debug_info,"",%progbits
 378              	.Ldebug_info0:
 379 0000 B9030000 		.4byte	0x3b9
 380 0004 0400     		.2byte	0x4
 381 0006 00000000 		.4byte	.Ldebug_abbrev0
 382 000a 04       		.byte	0x4
 383 000b 01       		.uleb128 0x1
 384 000c D7010000 		.4byte	.LASF38
 385 0010 01       		.byte	0x1
 386 0011 6F010000 		.4byte	.LASF39
 387 0015 A5010000 		.4byte	.LASF40
 388 0019 00000000 		.4byte	.Ldebug_ranges0+0
 389 001d 00000000 		.4byte	0
 390 0021 00000000 		.4byte	.Ldebug_line0
 391 0025 02       		.uleb128 0x2
 392 0026 04       		.byte	0x4
 393 0027 05       		.byte	0x5
 394 0028 696E7400 		.ascii	"int\000"
 395 002c 03       		.uleb128 0x3
ARM GAS  C:\Users\g\AppData\Local\Temp\ccXkORIc.s 			page 14


 396 002d 06000000 		.4byte	.LASF11
 397 0031 02       		.byte	0x2
 398 0032 D4       		.byte	0xd4
 399 0033 37000000 		.4byte	0x37
 400 0037 04       		.uleb128 0x4
 401 0038 04       		.byte	0x4
 402 0039 07       		.byte	0x7
 403 003a 0A010000 		.4byte	.LASF0
 404 003e 04       		.uleb128 0x4
 405 003f 01       		.byte	0x1
 406 0040 06       		.byte	0x6
 407 0041 94020000 		.4byte	.LASF1
 408 0045 04       		.uleb128 0x4
 409 0046 01       		.byte	0x1
 410 0047 08       		.byte	0x8
 411 0048 AC000000 		.4byte	.LASF2
 412 004c 04       		.uleb128 0x4
 413 004d 02       		.byte	0x2
 414 004e 05       		.byte	0x5
 415 004f 6C020000 		.4byte	.LASF3
 416 0053 04       		.uleb128 0x4
 417 0054 02       		.byte	0x2
 418 0055 07       		.byte	0x7
 419 0056 A0020000 		.4byte	.LASF4
 420 005a 04       		.uleb128 0x4
 421 005b 04       		.byte	0x4
 422 005c 05       		.byte	0x5
 423 005d 8B020000 		.4byte	.LASF5
 424 0061 04       		.uleb128 0x4
 425 0062 04       		.byte	0x4
 426 0063 07       		.byte	0x7
 427 0064 8A000000 		.4byte	.LASF6
 428 0068 04       		.uleb128 0x4
 429 0069 08       		.byte	0x8
 430 006a 05       		.byte	0x5
 431 006b 97010000 		.4byte	.LASF7
 432 006f 04       		.uleb128 0x4
 433 0070 08       		.byte	0x8
 434 0071 07       		.byte	0x7
 435 0072 2C010000 		.4byte	.LASF8
 436 0076 04       		.uleb128 0x4
 437 0077 04       		.byte	0x4
 438 0078 07       		.byte	0x7
 439 0079 66010000 		.4byte	.LASF9
 440 007d 05       		.uleb128 0x5
 441 007e 04       		.byte	0x4
 442 007f 06       		.uleb128 0x6
 443 0080 04       		.byte	0x4
 444 0081 85000000 		.4byte	0x85
 445 0085 07       		.uleb128 0x7
 446 0086 04       		.uleb128 0x4
 447 0087 01       		.byte	0x1
 448 0088 08       		.byte	0x8
 449 0089 D2010000 		.4byte	.LASF10
 450 008d 08       		.uleb128 0x8
 451 008e 9C000000 		.4byte	.LASF12
 452 0092 03       		.byte	0x3
ARM GAS  C:\Users\g\AppData\Local\Temp\ccXkORIc.s 			page 15


 453 0093 9801     		.2byte	0x198
 454 0095 45000000 		.4byte	0x45
 455 0099 08       		.uleb128 0x8
 456 009a F1000000 		.4byte	.LASF13
 457 009e 03       		.byte	0x3
 458 009f 9901     		.2byte	0x199
 459 00a1 53000000 		.4byte	0x53
 460 00a5 08       		.uleb128 0x8
 461 00a6 03010000 		.4byte	.LASF14
 462 00aa 03       		.byte	0x3
 463 00ab 9A01     		.2byte	0x19a
 464 00ad 61000000 		.4byte	0x61
 465 00b1 04       		.uleb128 0x4
 466 00b2 04       		.byte	0x4
 467 00b3 04       		.byte	0x4
 468 00b4 6A000000 		.4byte	.LASF15
 469 00b8 04       		.uleb128 0x4
 470 00b9 08       		.byte	0x8
 471 00ba 04       		.byte	0x4
 472 00bb C1000000 		.4byte	.LASF16
 473 00bf 08       		.uleb128 0x8
 474 00c0 85000000 		.4byte	.LASF17
 475 00c4 03       		.byte	0x3
 476 00c5 4202     		.2byte	0x242
 477 00c7 CB000000 		.4byte	0xcb
 478 00cb 09       		.uleb128 0x9
 479 00cc 8D000000 		.4byte	0x8d
 480 00d0 08       		.uleb128 0x8
 481 00d1 00000000 		.4byte	.LASF18
 482 00d5 03       		.byte	0x3
 483 00d6 4402     		.2byte	0x244
 484 00d8 DC000000 		.4byte	0xdc
 485 00dc 09       		.uleb128 0x9
 486 00dd A5000000 		.4byte	0xa5
 487 00e1 08       		.uleb128 0x8
 488 00e2 43010000 		.4byte	.LASF19
 489 00e6 03       		.byte	0x3
 490 00e7 5402     		.2byte	0x254
 491 00e9 7F000000 		.4byte	0x7f
 492 00ed 0A       		.uleb128 0xa
 493 00ee 02       		.byte	0x2
 494 00ef 01       		.byte	0x1
 495 00f0 7F       		.byte	0x7f
 496 00f1 0E010000 		.4byte	0x10e
 497 00f5 0B       		.uleb128 0xb
 498 00f6 65020000 		.4byte	.LASF20
 499 00fa 01       		.byte	0x1
 500 00fb 81       		.byte	0x81
 501 00fc 8D000000 		.4byte	0x8d
 502 0100 00       		.byte	0
 503 0101 0B       		.uleb128 0xb
 504 0102 1C000000 		.4byte	.LASF21
 505 0106 01       		.byte	0x1
 506 0107 82       		.byte	0x82
 507 0108 8D000000 		.4byte	0x8d
 508 010c 01       		.byte	0x1
 509 010d 00       		.byte	0
ARM GAS  C:\Users\g\AppData\Local\Temp\ccXkORIc.s 			page 16


 510 010e 03       		.uleb128 0x3
 511 010f 57000000 		.4byte	.LASF22
 512 0113 01       		.byte	0x1
 513 0114 83       		.byte	0x83
 514 0115 ED000000 		.4byte	0xed
 515 0119 0C       		.uleb128 0xc
 516 011a C8000000 		.4byte	.LASF27
 517 011e 01       		.byte	0x1
 518 011f 96       		.byte	0x96
 519 0120 00000000 		.4byte	.LFB3
 520 0124 32000000 		.4byte	.LFE3-.LFB3
 521 0128 01       		.uleb128 0x1
 522 0129 9C       		.byte	0x9c
 523 012a 8B010000 		.4byte	0x18b
 524 012e 0D       		.uleb128 0xd
 525 012f E6000000 		.4byte	.LASF23
 526 0133 01       		.byte	0x1
 527 0134 96       		.byte	0x96
 528 0135 8B010000 		.4byte	0x18b
 529 0139 01       		.uleb128 0x1
 530 013a 50       		.byte	0x50
 531 013b 0D       		.uleb128 0xd
 532 013c F8000000 		.4byte	.LASF24
 533 0140 01       		.byte	0x1
 534 0141 96       		.byte	0x96
 535 0142 96010000 		.4byte	0x196
 536 0146 01       		.uleb128 0x1
 537 0147 51       		.byte	0x51
 538 0148 0E       		.uleb128 0xe
 539 0149 6900     		.ascii	"i\000"
 540 014b 01       		.byte	0x1
 541 014c 99       		.byte	0x99
 542 014d A5000000 		.4byte	0xa5
 543 0151 00000000 		.4byte	.LLST0
 544 0155 0E       		.uleb128 0xe
 545 0156 6A00     		.ascii	"j\000"
 546 0158 01       		.byte	0x1
 547 0159 99       		.byte	0x99
 548 015a A5000000 		.4byte	0xa5
 549 015e 1F000000 		.4byte	.LLST1
 550 0162 0F       		.uleb128 0xf
 551 0163 08000000 		.4byte	.LBB2
 552 0167 22000000 		.4byte	.LBE2-.LBB2
 553 016b 10       		.uleb128 0x10
 554 016c 5D010000 		.4byte	.LASF25
 555 0170 01       		.byte	0x1
 556 0171 9C       		.byte	0x9c
 557 0172 A5000000 		.4byte	0xa5
 558 0176 3E000000 		.4byte	.LLST2
 559 017a 10       		.uleb128 0x10
 560 017b 22000000 		.4byte	.LASF26
 561 017f 01       		.byte	0x1
 562 0180 9D       		.byte	0x9d
 563 0181 8D000000 		.4byte	0x8d
 564 0185 51000000 		.4byte	.LLST3
 565 0189 00       		.byte	0
 566 018a 00       		.byte	0
ARM GAS  C:\Users\g\AppData\Local\Temp\ccXkORIc.s 			page 17


 567 018b 06       		.uleb128 0x6
 568 018c 04       		.byte	0x4
 569 018d 91010000 		.4byte	0x191
 570 0191 11       		.uleb128 0x11
 571 0192 A5000000 		.4byte	0xa5
 572 0196 06       		.uleb128 0x6
 573 0197 04       		.byte	0x4
 574 0198 9C010000 		.4byte	0x19c
 575 019c 11       		.uleb128 0x11
 576 019d 0E010000 		.4byte	0x10e
 577 01a1 0C       		.uleb128 0xc
 578 01a2 A2000000 		.4byte	.LASF28
 579 01a6 01       		.byte	0x1
 580 01a7 3D       		.byte	0x3d
 581 01a8 00000000 		.4byte	.LFB0
 582 01ac 0C000000 		.4byte	.LFE0-.LFB0
 583 01b0 01       		.uleb128 0x1
 584 01b1 9C       		.byte	0x9c
 585 01b2 EE010000 		.4byte	0x1ee
 586 01b6 12       		.uleb128 0x12
 587 01b7 7300     		.ascii	"s\000"
 588 01b9 01       		.byte	0x1
 589 01ba 3D       		.byte	0x3d
 590 01bb 7D000000 		.4byte	0x7d
 591 01bf 6F000000 		.4byte	.LLST4
 592 01c3 12       		.uleb128 0x12
 593 01c4 6E00     		.ascii	"n\000"
 594 01c6 01       		.byte	0x1
 595 01c7 3D       		.byte	0x3d
 596 01c8 2C000000 		.4byte	0x2c
 597 01cc 90000000 		.4byte	.LLST5
 598 01d0 13       		.uleb128 0x13
 599 01d1 0A000000 		.4byte	.LVL14
 600 01d5 67030000 		.4byte	0x367
 601 01d9 14       		.uleb128 0x14
 602 01da 01       		.uleb128 0x1
 603 01db 52       		.byte	0x52
 604 01dc 03       		.uleb128 0x3
 605 01dd F3       		.byte	0xf3
 606 01de 01       		.uleb128 0x1
 607 01df 51       		.byte	0x51
 608 01e0 14       		.uleb128 0x14
 609 01e1 01       		.uleb128 0x1
 610 01e2 51       		.byte	0x51
 611 01e3 01       		.uleb128 0x1
 612 01e4 30       		.byte	0x30
 613 01e5 14       		.uleb128 0x14
 614 01e6 01       		.uleb128 0x1
 615 01e7 50       		.byte	0x50
 616 01e8 03       		.uleb128 0x3
 617 01e9 F3       		.byte	0xf3
 618 01ea 01       		.uleb128 0x1
 619 01eb 50       		.byte	0x50
 620 01ec 00       		.byte	0
 621 01ed 00       		.byte	0
 622 01ee 0C       		.uleb128 0xc
 623 01ef 28000000 		.4byte	.LASF29
ARM GAS  C:\Users\g\AppData\Local\Temp\ccXkORIc.s 			page 18


 624 01f3 01       		.byte	0x1
 625 01f4 BB       		.byte	0xbb
 626 01f5 00000000 		.4byte	.LFB4
 627 01f9 90000000 		.4byte	.LFE4-.LFB4
 628 01fd 01       		.uleb128 0x1
 629 01fe 9C       		.byte	0x9c
 630 01ff 39020000 		.4byte	0x239
 631 0203 15       		.uleb128 0x15
 632 0204 14000000 		.4byte	.LVL15
 633 0208 84030000 		.4byte	0x384
 634 020c 16020000 		.4byte	0x216
 635 0210 14       		.uleb128 0x14
 636 0211 01       		.uleb128 0x1
 637 0212 50       		.byte	0x50
 638 0213 01       		.uleb128 0x1
 639 0214 48       		.byte	0x48
 640 0215 00       		.byte	0
 641 0216 15       		.uleb128 0x15
 642 0217 4E000000 		.4byte	.LVL16
 643 021b 95030000 		.4byte	0x395
 644 021f 29020000 		.4byte	0x229
 645 0223 14       		.uleb128 0x14
 646 0224 01       		.uleb128 0x1
 647 0225 50       		.byte	0x50
 648 0226 01       		.uleb128 0x1
 649 0227 39       		.byte	0x39
 650 0228 00       		.byte	0
 651 0229 13       		.uleb128 0x13
 652 022a 54000000 		.4byte	.LVL17
 653 022e AF030000 		.4byte	0x3af
 654 0232 14       		.uleb128 0x14
 655 0233 01       		.uleb128 0x1
 656 0234 50       		.byte	0x50
 657 0235 01       		.uleb128 0x1
 658 0236 39       		.byte	0x39
 659 0237 00       		.byte	0
 660 0238 00       		.byte	0
 661 0239 16       		.uleb128 0x16
 662 023a 17010000 		.4byte	.LASF41
 663 023e 01       		.byte	0x1
 664 023f 0A01     		.2byte	0x10a
 665 0241 90000000 		.4byte	.LFB6
 666 0245 B4000000 		.4byte	.LFE6-.LFB6
 667 0249 01       		.uleb128 0x1
 668 024a 9C       		.byte	0x9c
 669 024b 3D030000 		.4byte	0x33d
 670 024f 17       		.uleb128 0x17
 671 0250 94000000 		.4byte	.LBB3
 672 0254 6C000000 		.4byte	.LBE3-.LBB3
 673 0258 33030000 		.4byte	0x333
 674 025c 18       		.uleb128 0x18
 675 025d 33000000 		.4byte	.LASF30
 676 0261 01       		.byte	0x1
 677 0262 1001     		.2byte	0x110
 678 0264 4D030000 		.4byte	0x34d
 679 0268 05       		.uleb128 0x5
 680 0269 03       		.byte	0x3
ARM GAS  C:\Users\g\AppData\Local\Temp\ccXkORIc.s 			page 19


 681 026a 0C000000 		.4byte	cy_cfg_addr_table.4740
 682 026e 18       		.uleb128 0x18
 683 026f 45000000 		.4byte	.LASF31
 684 0273 01       		.byte	0x1
 685 0274 1401     		.2byte	0x114
 686 0276 62030000 		.4byte	0x362
 687 027a 05       		.uleb128 0x5
 688 027b 03       		.byte	0x3
 689 027c 10000000 		.4byte	cy_cfg_data_table.4741
 690 0280 19       		.uleb128 0x19
 691 0281 06       		.byte	0x6
 692 0282 01       		.byte	0x1
 693 0283 2001     		.2byte	0x120
 694 0285 A4020000 		.4byte	0x2a4
 695 0289 1A       		.uleb128 0x1a
 696 028a 24010000 		.4byte	.LASF32
 697 028e 01       		.byte	0x1
 698 028f 2101     		.2byte	0x121
 699 0291 7D000000 		.4byte	0x7d
 700 0295 00       		.byte	0
 701 0296 1A       		.uleb128 0x1a
 702 0297 80000000 		.4byte	.LASF33
 703 029b 01       		.byte	0x1
 704 029c 2201     		.2byte	0x122
 705 029e 99000000 		.4byte	0x99
 706 02a2 04       		.byte	0x4
 707 02a3 00       		.byte	0
 708 02a4 08       		.uleb128 0x8
 709 02a5 50010000 		.4byte	.LASF34
 710 02a9 01       		.byte	0x1
 711 02aa 2301     		.2byte	0x123
 712 02ac 80020000 		.4byte	0x280
 713 02b0 1B       		.uleb128 0x1b
 714 02b1 A4020000 		.4byte	0x2a4
 715 02b5 C0020000 		.4byte	0x2c0
 716 02b9 1C       		.uleb128 0x1c
 717 02ba 76000000 		.4byte	0x76
 718 02be 01       		.byte	0x1
 719 02bf 00       		.byte	0
 720 02c0 18       		.uleb128 0x18
 721 02c1 70000000 		.4byte	.LASF35
 722 02c5 01       		.byte	0x1
 723 02c6 2501     		.2byte	0x125
 724 02c8 D2020000 		.4byte	0x2d2
 725 02cc 05       		.uleb128 0x5
 726 02cd 03       		.byte	0x3
 727 02ce 00000000 		.4byte	cfg_memset_list.4746
 728 02d2 11       		.uleb128 0x11
 729 02d3 B0020000 		.4byte	0x2b0
 730 02d7 1D       		.uleb128 0x1d
 731 02d8 6900     		.ascii	"i\000"
 732 02da 01       		.byte	0x1
 733 02db 2B01     		.2byte	0x12b
 734 02dd 8D000000 		.4byte	0x8d
 735 02e1 BC000000 		.4byte	.LLST6
 736 02e5 17       		.uleb128 0x17
 737 02e6 98000000 		.4byte	.LBB4
ARM GAS  C:\Users\g\AppData\Local\Temp\ccXkORIc.s 			page 20


 738 02ea 1E000000 		.4byte	.LBE4-.LBB4
 739 02ee 16030000 		.4byte	0x316
 740 02f2 1D       		.uleb128 0x1d
 741 02f3 6D7300   		.ascii	"ms\000"
 742 02f6 01       		.byte	0x1
 743 02f7 3001     		.2byte	0x130
 744 02f9 01030000 		.4byte	0x301
 745 02fd E6000000 		.4byte	.LLST7
 746 0301 06       		.uleb128 0x6
 747 0302 04       		.byte	0x4
 748 0303 07030000 		.4byte	0x307
 749 0307 11       		.uleb128 0x11
 750 0308 A4020000 		.4byte	0x2a4
 751 030c 1E       		.uleb128 0x1e
 752 030d B6000000 		.4byte	.LVL20
 753 0311 A1010000 		.4byte	0x1a1
 754 0315 00       		.byte	0
 755 0316 13       		.uleb128 0x13
 756 0317 CA000000 		.4byte	.LVL23
 757 031b 19010000 		.4byte	0x119
 758 031f 14       		.uleb128 0x14
 759 0320 01       		.uleb128 0x1
 760 0321 51       		.byte	0x51
 761 0322 05       		.uleb128 0x5
 762 0323 03       		.byte	0x3
 763 0324 10000000 		.4byte	.LANCHOR0+16
 764 0328 14       		.uleb128 0x14
 765 0329 01       		.uleb128 0x1
 766 032a 50       		.byte	0x50
 767 032b 05       		.uleb128 0x5
 768 032c 03       		.byte	0x3
 769 032d 0C000000 		.4byte	.LANCHOR0+12
 770 0331 00       		.byte	0
 771 0332 00       		.byte	0
 772 0333 1E       		.uleb128 0x1e
 773 0334 16010000 		.4byte	.LVL24
 774 0338 EE010000 		.4byte	0x1ee
 775 033c 00       		.byte	0
 776 033d 1B       		.uleb128 0x1b
 777 033e A5000000 		.4byte	0xa5
 778 0342 4D030000 		.4byte	0x34d
 779 0346 1C       		.uleb128 0x1c
 780 0347 76000000 		.4byte	0x76
 781 034b 00       		.byte	0
 782 034c 00       		.byte	0
 783 034d 11       		.uleb128 0x11
 784 034e 3D030000 		.4byte	0x33d
 785 0352 1B       		.uleb128 0x1b
 786 0353 0E010000 		.4byte	0x10e
 787 0357 62030000 		.4byte	0x362
 788 035b 1C       		.uleb128 0x1c
 789 035c 76000000 		.4byte	0x76
 790 0360 06       		.byte	0x6
 791 0361 00       		.byte	0
 792 0362 11       		.uleb128 0x11
 793 0363 52030000 		.4byte	0x352
 794 0367 1F       		.uleb128 0x1f
ARM GAS  C:\Users\g\AppData\Local\Temp\ccXkORIc.s 			page 21


 795 0368 BA000000 		.4byte	.LASF36
 796 036c 7D000000 		.4byte	0x7d
 797 0370 84030000 		.4byte	0x384
 798 0374 20       		.uleb128 0x20
 799 0375 7D000000 		.4byte	0x7d
 800 0379 20       		.uleb128 0x20
 801 037a 25000000 		.4byte	0x25
 802 037e 20       		.uleb128 0x20
 803 037f 76000000 		.4byte	0x76
 804 0383 00       		.byte	0
 805 0384 21       		.uleb128 0x21
 806 0385 76020000 		.4byte	.LASF37
 807 0389 04       		.byte	0x4
 808 038a 6C       		.byte	0x6c
 809 038b 95030000 		.4byte	0x395
 810 038f 20       		.uleb128 0x20
 811 0390 A5000000 		.4byte	0xa5
 812 0394 00       		.byte	0
 813 0395 22       		.uleb128 0x22
 814 0396 0D000000 		.4byte	.LASF42
 815 039a 04       		.byte	0x4
 816 039b BB       		.byte	0xbb
 817 039c E1000000 		.4byte	0xe1
 818 03a0 AF030000 		.4byte	0x3af
 819 03a4 20       		.uleb128 0x20
 820 03a5 8D000000 		.4byte	0x8d
 821 03a9 20       		.uleb128 0x20
 822 03aa E1000000 		.4byte	0xe1
 823 03ae 00       		.byte	0
 824 03af 23       		.uleb128 0x23
 825 03b0 DA000000 		.4byte	.LASF43
 826 03b4 04       		.byte	0x4
 827 03b5 C1       		.byte	0xc1
 828 03b6 20       		.uleb128 0x20
 829 03b7 8D000000 		.4byte	0x8d
 830 03bb 00       		.byte	0
 831 03bc 00       		.byte	0
 832              		.section	.debug_abbrev,"",%progbits
 833              	.Ldebug_abbrev0:
 834 0000 01       		.uleb128 0x1
 835 0001 11       		.uleb128 0x11
 836 0002 01       		.byte	0x1
 837 0003 25       		.uleb128 0x25
 838 0004 0E       		.uleb128 0xe
 839 0005 13       		.uleb128 0x13
 840 0006 0B       		.uleb128 0xb
 841 0007 03       		.uleb128 0x3
 842 0008 0E       		.uleb128 0xe
 843 0009 1B       		.uleb128 0x1b
 844 000a 0E       		.uleb128 0xe
 845 000b 55       		.uleb128 0x55
 846 000c 17       		.uleb128 0x17
 847 000d 11       		.uleb128 0x11
 848 000e 01       		.uleb128 0x1
 849 000f 10       		.uleb128 0x10
 850 0010 17       		.uleb128 0x17
 851 0011 00       		.byte	0
ARM GAS  C:\Users\g\AppData\Local\Temp\ccXkORIc.s 			page 22


 852 0012 00       		.byte	0
 853 0013 02       		.uleb128 0x2
 854 0014 24       		.uleb128 0x24
 855 0015 00       		.byte	0
 856 0016 0B       		.uleb128 0xb
 857 0017 0B       		.uleb128 0xb
 858 0018 3E       		.uleb128 0x3e
 859 0019 0B       		.uleb128 0xb
 860 001a 03       		.uleb128 0x3
 861 001b 08       		.uleb128 0x8
 862 001c 00       		.byte	0
 863 001d 00       		.byte	0
 864 001e 03       		.uleb128 0x3
 865 001f 16       		.uleb128 0x16
 866 0020 00       		.byte	0
 867 0021 03       		.uleb128 0x3
 868 0022 0E       		.uleb128 0xe
 869 0023 3A       		.uleb128 0x3a
 870 0024 0B       		.uleb128 0xb
 871 0025 3B       		.uleb128 0x3b
 872 0026 0B       		.uleb128 0xb
 873 0027 49       		.uleb128 0x49
 874 0028 13       		.uleb128 0x13
 875 0029 00       		.byte	0
 876 002a 00       		.byte	0
 877 002b 04       		.uleb128 0x4
 878 002c 24       		.uleb128 0x24
 879 002d 00       		.byte	0
 880 002e 0B       		.uleb128 0xb
 881 002f 0B       		.uleb128 0xb
 882 0030 3E       		.uleb128 0x3e
 883 0031 0B       		.uleb128 0xb
 884 0032 03       		.uleb128 0x3
 885 0033 0E       		.uleb128 0xe
 886 0034 00       		.byte	0
 887 0035 00       		.byte	0
 888 0036 05       		.uleb128 0x5
 889 0037 0F       		.uleb128 0xf
 890 0038 00       		.byte	0
 891 0039 0B       		.uleb128 0xb
 892 003a 0B       		.uleb128 0xb
 893 003b 00       		.byte	0
 894 003c 00       		.byte	0
 895 003d 06       		.uleb128 0x6
 896 003e 0F       		.uleb128 0xf
 897 003f 00       		.byte	0
 898 0040 0B       		.uleb128 0xb
 899 0041 0B       		.uleb128 0xb
 900 0042 49       		.uleb128 0x49
 901 0043 13       		.uleb128 0x13
 902 0044 00       		.byte	0
 903 0045 00       		.byte	0
 904 0046 07       		.uleb128 0x7
 905 0047 15       		.uleb128 0x15
 906 0048 00       		.byte	0
 907 0049 27       		.uleb128 0x27
 908 004a 19       		.uleb128 0x19
ARM GAS  C:\Users\g\AppData\Local\Temp\ccXkORIc.s 			page 23


 909 004b 00       		.byte	0
 910 004c 00       		.byte	0
 911 004d 08       		.uleb128 0x8
 912 004e 16       		.uleb128 0x16
 913 004f 00       		.byte	0
 914 0050 03       		.uleb128 0x3
 915 0051 0E       		.uleb128 0xe
 916 0052 3A       		.uleb128 0x3a
 917 0053 0B       		.uleb128 0xb
 918 0054 3B       		.uleb128 0x3b
 919 0055 05       		.uleb128 0x5
 920 0056 49       		.uleb128 0x49
 921 0057 13       		.uleb128 0x13
 922 0058 00       		.byte	0
 923 0059 00       		.byte	0
 924 005a 09       		.uleb128 0x9
 925 005b 35       		.uleb128 0x35
 926 005c 00       		.byte	0
 927 005d 49       		.uleb128 0x49
 928 005e 13       		.uleb128 0x13
 929 005f 00       		.byte	0
 930 0060 00       		.byte	0
 931 0061 0A       		.uleb128 0xa
 932 0062 13       		.uleb128 0x13
 933 0063 01       		.byte	0x1
 934 0064 0B       		.uleb128 0xb
 935 0065 0B       		.uleb128 0xb
 936 0066 3A       		.uleb128 0x3a
 937 0067 0B       		.uleb128 0xb
 938 0068 3B       		.uleb128 0x3b
 939 0069 0B       		.uleb128 0xb
 940 006a 01       		.uleb128 0x1
 941 006b 13       		.uleb128 0x13
 942 006c 00       		.byte	0
 943 006d 00       		.byte	0
 944 006e 0B       		.uleb128 0xb
 945 006f 0D       		.uleb128 0xd
 946 0070 00       		.byte	0
 947 0071 03       		.uleb128 0x3
 948 0072 0E       		.uleb128 0xe
 949 0073 3A       		.uleb128 0x3a
 950 0074 0B       		.uleb128 0xb
 951 0075 3B       		.uleb128 0x3b
 952 0076 0B       		.uleb128 0xb
 953 0077 49       		.uleb128 0x49
 954 0078 13       		.uleb128 0x13
 955 0079 38       		.uleb128 0x38
 956 007a 0B       		.uleb128 0xb
 957 007b 00       		.byte	0
 958 007c 00       		.byte	0
 959 007d 0C       		.uleb128 0xc
 960 007e 2E       		.uleb128 0x2e
 961 007f 01       		.byte	0x1
 962 0080 03       		.uleb128 0x3
 963 0081 0E       		.uleb128 0xe
 964 0082 3A       		.uleb128 0x3a
 965 0083 0B       		.uleb128 0xb
ARM GAS  C:\Users\g\AppData\Local\Temp\ccXkORIc.s 			page 24


 966 0084 3B       		.uleb128 0x3b
 967 0085 0B       		.uleb128 0xb
 968 0086 27       		.uleb128 0x27
 969 0087 19       		.uleb128 0x19
 970 0088 11       		.uleb128 0x11
 971 0089 01       		.uleb128 0x1
 972 008a 12       		.uleb128 0x12
 973 008b 06       		.uleb128 0x6
 974 008c 40       		.uleb128 0x40
 975 008d 18       		.uleb128 0x18
 976 008e 9742     		.uleb128 0x2117
 977 0090 19       		.uleb128 0x19
 978 0091 01       		.uleb128 0x1
 979 0092 13       		.uleb128 0x13
 980 0093 00       		.byte	0
 981 0094 00       		.byte	0
 982 0095 0D       		.uleb128 0xd
 983 0096 05       		.uleb128 0x5
 984 0097 00       		.byte	0
 985 0098 03       		.uleb128 0x3
 986 0099 0E       		.uleb128 0xe
 987 009a 3A       		.uleb128 0x3a
 988 009b 0B       		.uleb128 0xb
 989 009c 3B       		.uleb128 0x3b
 990 009d 0B       		.uleb128 0xb
 991 009e 49       		.uleb128 0x49
 992 009f 13       		.uleb128 0x13
 993 00a0 02       		.uleb128 0x2
 994 00a1 18       		.uleb128 0x18
 995 00a2 00       		.byte	0
 996 00a3 00       		.byte	0
 997 00a4 0E       		.uleb128 0xe
 998 00a5 34       		.uleb128 0x34
 999 00a6 00       		.byte	0
 1000 00a7 03       		.uleb128 0x3
 1001 00a8 08       		.uleb128 0x8
 1002 00a9 3A       		.uleb128 0x3a
 1003 00aa 0B       		.uleb128 0xb
 1004 00ab 3B       		.uleb128 0x3b
 1005 00ac 0B       		.uleb128 0xb
 1006 00ad 49       		.uleb128 0x49
 1007 00ae 13       		.uleb128 0x13
 1008 00af 02       		.uleb128 0x2
 1009 00b0 17       		.uleb128 0x17
 1010 00b1 00       		.byte	0
 1011 00b2 00       		.byte	0
 1012 00b3 0F       		.uleb128 0xf
 1013 00b4 0B       		.uleb128 0xb
 1014 00b5 01       		.byte	0x1
 1015 00b6 11       		.uleb128 0x11
 1016 00b7 01       		.uleb128 0x1
 1017 00b8 12       		.uleb128 0x12
 1018 00b9 06       		.uleb128 0x6
 1019 00ba 00       		.byte	0
 1020 00bb 00       		.byte	0
 1021 00bc 10       		.uleb128 0x10
 1022 00bd 34       		.uleb128 0x34
ARM GAS  C:\Users\g\AppData\Local\Temp\ccXkORIc.s 			page 25


 1023 00be 00       		.byte	0
 1024 00bf 03       		.uleb128 0x3
 1025 00c0 0E       		.uleb128 0xe
 1026 00c1 3A       		.uleb128 0x3a
 1027 00c2 0B       		.uleb128 0xb
 1028 00c3 3B       		.uleb128 0x3b
 1029 00c4 0B       		.uleb128 0xb
 1030 00c5 49       		.uleb128 0x49
 1031 00c6 13       		.uleb128 0x13
 1032 00c7 02       		.uleb128 0x2
 1033 00c8 17       		.uleb128 0x17
 1034 00c9 00       		.byte	0
 1035 00ca 00       		.byte	0
 1036 00cb 11       		.uleb128 0x11
 1037 00cc 26       		.uleb128 0x26
 1038 00cd 00       		.byte	0
 1039 00ce 49       		.uleb128 0x49
 1040 00cf 13       		.uleb128 0x13
 1041 00d0 00       		.byte	0
 1042 00d1 00       		.byte	0
 1043 00d2 12       		.uleb128 0x12
 1044 00d3 05       		.uleb128 0x5
 1045 00d4 00       		.byte	0
 1046 00d5 03       		.uleb128 0x3
 1047 00d6 08       		.uleb128 0x8
 1048 00d7 3A       		.uleb128 0x3a
 1049 00d8 0B       		.uleb128 0xb
 1050 00d9 3B       		.uleb128 0x3b
 1051 00da 0B       		.uleb128 0xb
 1052 00db 49       		.uleb128 0x49
 1053 00dc 13       		.uleb128 0x13
 1054 00dd 02       		.uleb128 0x2
 1055 00de 17       		.uleb128 0x17
 1056 00df 00       		.byte	0
 1057 00e0 00       		.byte	0
 1058 00e1 13       		.uleb128 0x13
 1059 00e2 898201   		.uleb128 0x4109
 1060 00e5 01       		.byte	0x1
 1061 00e6 11       		.uleb128 0x11
 1062 00e7 01       		.uleb128 0x1
 1063 00e8 31       		.uleb128 0x31
 1064 00e9 13       		.uleb128 0x13
 1065 00ea 00       		.byte	0
 1066 00eb 00       		.byte	0
 1067 00ec 14       		.uleb128 0x14
 1068 00ed 8A8201   		.uleb128 0x410a
 1069 00f0 00       		.byte	0
 1070 00f1 02       		.uleb128 0x2
 1071 00f2 18       		.uleb128 0x18
 1072 00f3 9142     		.uleb128 0x2111
 1073 00f5 18       		.uleb128 0x18
 1074 00f6 00       		.byte	0
 1075 00f7 00       		.byte	0
 1076 00f8 15       		.uleb128 0x15
 1077 00f9 898201   		.uleb128 0x4109
 1078 00fc 01       		.byte	0x1
 1079 00fd 11       		.uleb128 0x11
ARM GAS  C:\Users\g\AppData\Local\Temp\ccXkORIc.s 			page 26


 1080 00fe 01       		.uleb128 0x1
 1081 00ff 31       		.uleb128 0x31
 1082 0100 13       		.uleb128 0x13
 1083 0101 01       		.uleb128 0x1
 1084 0102 13       		.uleb128 0x13
 1085 0103 00       		.byte	0
 1086 0104 00       		.byte	0
 1087 0105 16       		.uleb128 0x16
 1088 0106 2E       		.uleb128 0x2e
 1089 0107 01       		.byte	0x1
 1090 0108 3F       		.uleb128 0x3f
 1091 0109 19       		.uleb128 0x19
 1092 010a 03       		.uleb128 0x3
 1093 010b 0E       		.uleb128 0xe
 1094 010c 3A       		.uleb128 0x3a
 1095 010d 0B       		.uleb128 0xb
 1096 010e 3B       		.uleb128 0x3b
 1097 010f 05       		.uleb128 0x5
 1098 0110 27       		.uleb128 0x27
 1099 0111 19       		.uleb128 0x19
 1100 0112 11       		.uleb128 0x11
 1101 0113 01       		.uleb128 0x1
 1102 0114 12       		.uleb128 0x12
 1103 0115 06       		.uleb128 0x6
 1104 0116 40       		.uleb128 0x40
 1105 0117 18       		.uleb128 0x18
 1106 0118 9742     		.uleb128 0x2117
 1107 011a 19       		.uleb128 0x19
 1108 011b 01       		.uleb128 0x1
 1109 011c 13       		.uleb128 0x13
 1110 011d 00       		.byte	0
 1111 011e 00       		.byte	0
 1112 011f 17       		.uleb128 0x17
 1113 0120 0B       		.uleb128 0xb
 1114 0121 01       		.byte	0x1
 1115 0122 11       		.uleb128 0x11
 1116 0123 01       		.uleb128 0x1
 1117 0124 12       		.uleb128 0x12
 1118 0125 06       		.uleb128 0x6
 1119 0126 01       		.uleb128 0x1
 1120 0127 13       		.uleb128 0x13
 1121 0128 00       		.byte	0
 1122 0129 00       		.byte	0
 1123 012a 18       		.uleb128 0x18
 1124 012b 34       		.uleb128 0x34
 1125 012c 00       		.byte	0
 1126 012d 03       		.uleb128 0x3
 1127 012e 0E       		.uleb128 0xe
 1128 012f 3A       		.uleb128 0x3a
 1129 0130 0B       		.uleb128 0xb
 1130 0131 3B       		.uleb128 0x3b
 1131 0132 05       		.uleb128 0x5
 1132 0133 49       		.uleb128 0x49
 1133 0134 13       		.uleb128 0x13
 1134 0135 02       		.uleb128 0x2
 1135 0136 18       		.uleb128 0x18
 1136 0137 00       		.byte	0
ARM GAS  C:\Users\g\AppData\Local\Temp\ccXkORIc.s 			page 27


 1137 0138 00       		.byte	0
 1138 0139 19       		.uleb128 0x19
 1139 013a 13       		.uleb128 0x13
 1140 013b 01       		.byte	0x1
 1141 013c 0B       		.uleb128 0xb
 1142 013d 0B       		.uleb128 0xb
 1143 013e 3A       		.uleb128 0x3a
 1144 013f 0B       		.uleb128 0xb
 1145 0140 3B       		.uleb128 0x3b
 1146 0141 05       		.uleb128 0x5
 1147 0142 01       		.uleb128 0x1
 1148 0143 13       		.uleb128 0x13
 1149 0144 00       		.byte	0
 1150 0145 00       		.byte	0
 1151 0146 1A       		.uleb128 0x1a
 1152 0147 0D       		.uleb128 0xd
 1153 0148 00       		.byte	0
 1154 0149 03       		.uleb128 0x3
 1155 014a 0E       		.uleb128 0xe
 1156 014b 3A       		.uleb128 0x3a
 1157 014c 0B       		.uleb128 0xb
 1158 014d 3B       		.uleb128 0x3b
 1159 014e 05       		.uleb128 0x5
 1160 014f 49       		.uleb128 0x49
 1161 0150 13       		.uleb128 0x13
 1162 0151 38       		.uleb128 0x38
 1163 0152 0B       		.uleb128 0xb
 1164 0153 00       		.byte	0
 1165 0154 00       		.byte	0
 1166 0155 1B       		.uleb128 0x1b
 1167 0156 01       		.uleb128 0x1
 1168 0157 01       		.byte	0x1
 1169 0158 49       		.uleb128 0x49
 1170 0159 13       		.uleb128 0x13
 1171 015a 01       		.uleb128 0x1
 1172 015b 13       		.uleb128 0x13
 1173 015c 00       		.byte	0
 1174 015d 00       		.byte	0
 1175 015e 1C       		.uleb128 0x1c
 1176 015f 21       		.uleb128 0x21
 1177 0160 00       		.byte	0
 1178 0161 49       		.uleb128 0x49
 1179 0162 13       		.uleb128 0x13
 1180 0163 2F       		.uleb128 0x2f
 1181 0164 0B       		.uleb128 0xb
 1182 0165 00       		.byte	0
 1183 0166 00       		.byte	0
 1184 0167 1D       		.uleb128 0x1d
 1185 0168 34       		.uleb128 0x34
 1186 0169 00       		.byte	0
 1187 016a 03       		.uleb128 0x3
 1188 016b 08       		.uleb128 0x8
 1189 016c 3A       		.uleb128 0x3a
 1190 016d 0B       		.uleb128 0xb
 1191 016e 3B       		.uleb128 0x3b
 1192 016f 05       		.uleb128 0x5
 1193 0170 49       		.uleb128 0x49
ARM GAS  C:\Users\g\AppData\Local\Temp\ccXkORIc.s 			page 28


 1194 0171 13       		.uleb128 0x13
 1195 0172 02       		.uleb128 0x2
 1196 0173 17       		.uleb128 0x17
 1197 0174 00       		.byte	0
 1198 0175 00       		.byte	0
 1199 0176 1E       		.uleb128 0x1e
 1200 0177 898201   		.uleb128 0x4109
 1201 017a 00       		.byte	0
 1202 017b 11       		.uleb128 0x11
 1203 017c 01       		.uleb128 0x1
 1204 017d 31       		.uleb128 0x31
 1205 017e 13       		.uleb128 0x13
 1206 017f 00       		.byte	0
 1207 0180 00       		.byte	0
 1208 0181 1F       		.uleb128 0x1f
 1209 0182 2E       		.uleb128 0x2e
 1210 0183 01       		.byte	0x1
 1211 0184 3F       		.uleb128 0x3f
 1212 0185 19       		.uleb128 0x19
 1213 0186 03       		.uleb128 0x3
 1214 0187 0E       		.uleb128 0xe
 1215 0188 27       		.uleb128 0x27
 1216 0189 19       		.uleb128 0x19
 1217 018a 49       		.uleb128 0x49
 1218 018b 13       		.uleb128 0x13
 1219 018c 34       		.uleb128 0x34
 1220 018d 19       		.uleb128 0x19
 1221 018e 3C       		.uleb128 0x3c
 1222 018f 19       		.uleb128 0x19
 1223 0190 01       		.uleb128 0x1
 1224 0191 13       		.uleb128 0x13
 1225 0192 00       		.byte	0
 1226 0193 00       		.byte	0
 1227 0194 20       		.uleb128 0x20
 1228 0195 05       		.uleb128 0x5
 1229 0196 00       		.byte	0
 1230 0197 49       		.uleb128 0x49
 1231 0198 13       		.uleb128 0x13
 1232 0199 00       		.byte	0
 1233 019a 00       		.byte	0
 1234 019b 21       		.uleb128 0x21
 1235 019c 2E       		.uleb128 0x2e
 1236 019d 01       		.byte	0x1
 1237 019e 3F       		.uleb128 0x3f
 1238 019f 19       		.uleb128 0x19
 1239 01a0 03       		.uleb128 0x3
 1240 01a1 0E       		.uleb128 0xe
 1241 01a2 3A       		.uleb128 0x3a
 1242 01a3 0B       		.uleb128 0xb
 1243 01a4 3B       		.uleb128 0x3b
 1244 01a5 0B       		.uleb128 0xb
 1245 01a6 27       		.uleb128 0x27
 1246 01a7 19       		.uleb128 0x19
 1247 01a8 3C       		.uleb128 0x3c
 1248 01a9 19       		.uleb128 0x19
 1249 01aa 01       		.uleb128 0x1
 1250 01ab 13       		.uleb128 0x13
ARM GAS  C:\Users\g\AppData\Local\Temp\ccXkORIc.s 			page 29


 1251 01ac 00       		.byte	0
 1252 01ad 00       		.byte	0
 1253 01ae 22       		.uleb128 0x22
 1254 01af 2E       		.uleb128 0x2e
 1255 01b0 01       		.byte	0x1
 1256 01b1 3F       		.uleb128 0x3f
 1257 01b2 19       		.uleb128 0x19
 1258 01b3 03       		.uleb128 0x3
 1259 01b4 0E       		.uleb128 0xe
 1260 01b5 3A       		.uleb128 0x3a
 1261 01b6 0B       		.uleb128 0xb
 1262 01b7 3B       		.uleb128 0x3b
 1263 01b8 0B       		.uleb128 0xb
 1264 01b9 27       		.uleb128 0x27
 1265 01ba 19       		.uleb128 0x19
 1266 01bb 49       		.uleb128 0x49
 1267 01bc 13       		.uleb128 0x13
 1268 01bd 3C       		.uleb128 0x3c
 1269 01be 19       		.uleb128 0x19
 1270 01bf 01       		.uleb128 0x1
 1271 01c0 13       		.uleb128 0x13
 1272 01c1 00       		.byte	0
 1273 01c2 00       		.byte	0
 1274 01c3 23       		.uleb128 0x23
 1275 01c4 2E       		.uleb128 0x2e
 1276 01c5 01       		.byte	0x1
 1277 01c6 3F       		.uleb128 0x3f
 1278 01c7 19       		.uleb128 0x19
 1279 01c8 03       		.uleb128 0x3
 1280 01c9 0E       		.uleb128 0xe
 1281 01ca 3A       		.uleb128 0x3a
 1282 01cb 0B       		.uleb128 0xb
 1283 01cc 3B       		.uleb128 0x3b
 1284 01cd 0B       		.uleb128 0xb
 1285 01ce 27       		.uleb128 0x27
 1286 01cf 19       		.uleb128 0x19
 1287 01d0 3C       		.uleb128 0x3c
 1288 01d1 19       		.uleb128 0x19
 1289 01d2 00       		.byte	0
 1290 01d3 00       		.byte	0
 1291 01d4 00       		.byte	0
 1292              		.section	.debug_loc,"",%progbits
 1293              	.Ldebug_loc0:
 1294              	.LLST0:
 1295 0000 02000000 		.4byte	.LVL1
 1296 0004 08000000 		.4byte	.LVL2
 1297 0008 0200     		.2byte	0x2
 1298 000a 30       		.byte	0x30
 1299 000b 9F       		.byte	0x9f
 1300 000c 08000000 		.4byte	.LVL2
 1301 0010 30000000 		.4byte	.LVL11
 1302 0014 0100     		.2byte	0x1
 1303 0016 57       		.byte	0x57
 1304 0017 00000000 		.4byte	0
 1305 001b 00000000 		.4byte	0
 1306              	.LLST1:
 1307 001f 02000000 		.4byte	.LVL1
ARM GAS  C:\Users\g\AppData\Local\Temp\ccXkORIc.s 			page 30


 1308 0023 08000000 		.4byte	.LVL2
 1309 0027 0200     		.2byte	0x2
 1310 0029 30       		.byte	0x30
 1311 002a 9F       		.byte	0x9f
 1312 002b 08000000 		.4byte	.LVL2
 1313 002f 30000000 		.4byte	.LVL10
 1314 0033 0100     		.2byte	0x1
 1315 0035 55       		.byte	0x55
 1316 0036 00000000 		.4byte	0
 1317 003a 00000000 		.4byte	0
 1318              	.LLST2:
 1319 003e 0C000000 		.4byte	.LVL3
 1320 0042 2C000000 		.4byte	.LVL9
 1321 0046 0100     		.2byte	0x1
 1322 0048 56       		.byte	0x56
 1323 0049 00000000 		.4byte	0
 1324 004d 00000000 		.4byte	0
 1325              	.LLST3:
 1326 0051 0E000000 		.4byte	.LVL4
 1327 0055 24000000 		.4byte	.LVL7
 1328 0059 0100     		.2byte	0x1
 1329 005b 53       		.byte	0x53
 1330 005c 26000000 		.4byte	.LVL8
 1331 0060 2C000000 		.4byte	.LVL9
 1332 0064 0100     		.2byte	0x1
 1333 0066 53       		.byte	0x53
 1334 0067 00000000 		.4byte	0
 1335 006b 00000000 		.4byte	0
 1336              	.LLST4:
 1337 006f 00000000 		.4byte	.LVL12
 1338 0073 09000000 		.4byte	.LVL14-1
 1339 0077 0100     		.2byte	0x1
 1340 0079 50       		.byte	0x50
 1341 007a 09000000 		.4byte	.LVL14-1
 1342 007e 0C000000 		.4byte	.LFE0
 1343 0082 0400     		.2byte	0x4
 1344 0084 F3       		.byte	0xf3
 1345 0085 01       		.uleb128 0x1
 1346 0086 50       		.byte	0x50
 1347 0087 9F       		.byte	0x9f
 1348 0088 00000000 		.4byte	0
 1349 008c 00000000 		.4byte	0
 1350              	.LLST5:
 1351 0090 00000000 		.4byte	.LVL12
 1352 0094 06000000 		.4byte	.LVL13
 1353 0098 0100     		.2byte	0x1
 1354 009a 51       		.byte	0x51
 1355 009b 06000000 		.4byte	.LVL13
 1356 009f 09000000 		.4byte	.LVL14-1
 1357 00a3 0100     		.2byte	0x1
 1358 00a5 52       		.byte	0x52
 1359 00a6 09000000 		.4byte	.LVL14-1
 1360 00aa 0C000000 		.4byte	.LFE0
 1361 00ae 0400     		.2byte	0x4
 1362 00b0 F3       		.byte	0xf3
 1363 00b1 01       		.uleb128 0x1
 1364 00b2 51       		.byte	0x51
ARM GAS  C:\Users\g\AppData\Local\Temp\ccXkORIc.s 			page 31


 1365 00b3 9F       		.byte	0x9f
 1366 00b4 00000000 		.4byte	0
 1367 00b8 00000000 		.4byte	0
 1368              	.LLST6:
 1369 00bc 94000000 		.4byte	.LVL18
 1370 00c0 98000000 		.4byte	.LVL19
 1371 00c4 0200     		.2byte	0x2
 1372 00c6 30       		.byte	0x30
 1373 00c7 9F       		.byte	0x9f
 1374 00c8 98000000 		.4byte	.LVL19
 1375 00cc B8000000 		.4byte	.LVL21
 1376 00d0 0100     		.2byte	0x1
 1377 00d2 54       		.byte	0x54
 1378 00d3 BA000000 		.4byte	.LVL22
 1379 00d7 16010000 		.4byte	.LVL25
 1380 00db 0100     		.2byte	0x1
 1381 00dd 54       		.byte	0x54
 1382 00de 00000000 		.4byte	0
 1383 00e2 00000000 		.4byte	0
 1384              	.LLST7:
 1385 00e6 98000000 		.4byte	.LVL19
 1386 00ea B8000000 		.4byte	.LVL21
 1387 00ee 0B00     		.2byte	0xb
 1388 00f0 74       		.byte	0x74
 1389 00f1 00       		.sleb128 0
 1390 00f2 36       		.byte	0x36
 1391 00f3 1E       		.byte	0x1e
 1392 00f4 03       		.byte	0x3
 1393 00f5 00000000 		.4byte	cfg_memset_list.4746
 1394 00f9 22       		.byte	0x22
 1395 00fa 9F       		.byte	0x9f
 1396 00fb B8000000 		.4byte	.LVL21
 1397 00ff BA000000 		.4byte	.LVL22
 1398 0103 0B00     		.2byte	0xb
 1399 0105 74       		.byte	0x74
 1400 0106 7F       		.sleb128 -1
 1401 0107 36       		.byte	0x36
 1402 0108 1E       		.byte	0x1e
 1403 0109 03       		.byte	0x3
 1404 010a 00000000 		.4byte	cfg_memset_list.4746
 1405 010e 22       		.byte	0x22
 1406 010f 9F       		.byte	0x9f
 1407 0110 00000000 		.4byte	0
 1408 0114 00000000 		.4byte	0
 1409              		.section	.debug_aranges,"",%progbits
 1410 0000 34000000 		.4byte	0x34
 1411 0004 0200     		.2byte	0x2
 1412 0006 00000000 		.4byte	.Ldebug_info0
 1413 000a 04       		.byte	0x4
 1414 000b 00       		.byte	0
 1415 000c 0000     		.2byte	0
 1416 000e 0000     		.2byte	0
 1417 0010 00000000 		.4byte	.LFB3
 1418 0014 32000000 		.4byte	.LFE3-.LFB3
 1419 0018 00000000 		.4byte	.LFB0
 1420 001c 0C000000 		.4byte	.LFE0-.LFB0
 1421 0020 00000000 		.4byte	.LFB4
ARM GAS  C:\Users\g\AppData\Local\Temp\ccXkORIc.s 			page 32


 1422 0024 90000000 		.4byte	.LFE4-.LFB4
 1423 0028 90000000 		.4byte	.LFB6
 1424 002c B4000000 		.4byte	.LFE6-.LFB6
 1425 0030 00000000 		.4byte	0
 1426 0034 00000000 		.4byte	0
 1427              		.section	.debug_ranges,"",%progbits
 1428              	.Ldebug_ranges0:
 1429 0000 00000000 		.4byte	.LFB3
 1430 0004 32000000 		.4byte	.LFE3
 1431 0008 00000000 		.4byte	.LFB0
 1432 000c 0C000000 		.4byte	.LFE0
 1433 0010 00000000 		.4byte	.LFB4
 1434 0014 90000000 		.4byte	.LFE4
 1435 0018 90000000 		.4byte	.LFB6
 1436 001c 44010000 		.4byte	.LFE6
 1437 0020 00000000 		.4byte	0
 1438 0024 00000000 		.4byte	0
 1439              		.section	.debug_line,"",%progbits
 1440              	.Ldebug_line0:
 1441 0000 5B010000 		.section	.debug_str,"MS",%progbits,1
 1441      0200D800 
 1441      00000201 
 1441      FB0E0D00 
 1441      01010101 
 1442              	.LASF18:
 1443 0000 72656733 		.ascii	"reg32\000"
 1443      3200
 1444              	.LASF11:
 1445 0006 73697A65 		.ascii	"size_t\000"
 1445      5F7400
 1446              	.LASF42:
 1447 000d 4379496E 		.ascii	"CyIntSetVector\000"
 1447      74536574 
 1447      56656374 
 1447      6F7200
 1448              	.LASF21:
 1449 001c 76616C75 		.ascii	"value\000"
 1449      6500
 1450              	.LASF26:
 1451 0022 636F756E 		.ascii	"count\000"
 1451      7400
 1452              	.LASF29:
 1453 0028 436C6F63 		.ascii	"ClockSetup\000"
 1453      6B536574 
 1453      757000
 1454              	.LASF30:
 1455 0033 63795F63 		.ascii	"cy_cfg_addr_table\000"
 1455      66675F61 
 1455      6464725F 
 1455      7461626C 
 1455      6500
 1456              	.LASF31:
 1457 0045 63795F63 		.ascii	"cy_cfg_data_table\000"
 1457      66675F64 
 1457      6174615F 
 1457      7461626C 
 1457      6500
ARM GAS  C:\Users\g\AppData\Local\Temp\ccXkORIc.s 			page 33


 1458              	.LASF22:
 1459 0057 63795F63 		.ascii	"cy_cfg_addrvalue_t\000"
 1459      66675F61 
 1459      64647276 
 1459      616C7565 
 1459      5F7400
 1460              	.LASF15:
 1461 006a 666C6F61 		.ascii	"float\000"
 1461      7400
 1462              	.LASF35:
 1463 0070 6366675F 		.ascii	"cfg_memset_list\000"
 1463      6D656D73 
 1463      65745F6C 
 1463      69737400 
 1464              	.LASF33:
 1465 0080 73697A65 		.ascii	"size\000"
 1465      00
 1466              	.LASF17:
 1467 0085 72656738 		.ascii	"reg8\000"
 1467      00
 1468              	.LASF6:
 1469 008a 6C6F6E67 		.ascii	"long unsigned int\000"
 1469      20756E73 
 1469      69676E65 
 1469      6420696E 
 1469      7400
 1470              	.LASF12:
 1471 009c 75696E74 		.ascii	"uint8\000"
 1471      3800
 1472              	.LASF28:
 1473 00a2 43594D45 		.ascii	"CYMEMZERO\000"
 1473      4D5A4552 
 1473      4F00
 1474              	.LASF2:
 1475 00ac 756E7369 		.ascii	"unsigned char\000"
 1475      676E6564 
 1475      20636861 
 1475      7200
 1476              	.LASF36:
 1477 00ba 6D656D73 		.ascii	"memset\000"
 1477      657400
 1478              	.LASF16:
 1479 00c1 646F7562 		.ascii	"double\000"
 1479      6C6500
 1480              	.LASF27:
 1481 00c8 6366675F 		.ascii	"cfg_write_bytes32\000"
 1481      77726974 
 1481      655F6279 
 1481      74657333 
 1481      3200
 1482              	.LASF43:
 1483 00da 4379496E 		.ascii	"CyIntEnable\000"
 1483      74456E61 
 1483      626C6500 
 1484              	.LASF23:
 1485 00e6 61646472 		.ascii	"addr_table\000"
 1485      5F746162 
ARM GAS  C:\Users\g\AppData\Local\Temp\ccXkORIc.s 			page 34


 1485      6C6500
 1486              	.LASF13:
 1487 00f1 75696E74 		.ascii	"uint16\000"
 1487      313600
 1488              	.LASF24:
 1489 00f8 64617461 		.ascii	"data_table\000"
 1489      5F746162 
 1489      6C6500
 1490              	.LASF14:
 1491 0103 75696E74 		.ascii	"uint32\000"
 1491      333200
 1492              	.LASF0:
 1493 010a 756E7369 		.ascii	"unsigned int\000"
 1493      676E6564 
 1493      20696E74 
 1493      00
 1494              	.LASF41:
 1495 0117 63796669 		.ascii	"cyfitter_cfg\000"
 1495      74746572 
 1495      5F636667 
 1495      00
 1496              	.LASF32:
 1497 0124 61646472 		.ascii	"address\000"
 1497      65737300 
 1498              	.LASF8:
 1499 012c 6C6F6E67 		.ascii	"long long unsigned int\000"
 1499      206C6F6E 
 1499      6720756E 
 1499      7369676E 
 1499      65642069 
 1500              	.LASF19:
 1501 0143 63796973 		.ascii	"cyisraddress\000"
 1501      72616464 
 1501      72657373 
 1501      00
 1502              	.LASF34:
 1503 0150 6366675F 		.ascii	"cfg_memset_t\000"
 1503      6D656D73 
 1503      65745F74 
 1503      00
 1504              	.LASF25:
 1505 015d 62617365 		.ascii	"baseAddr\000"
 1505      41646472 
 1505      00
 1506              	.LASF9:
 1507 0166 73697A65 		.ascii	"sizetype\000"
 1507      74797065 
 1507      00
 1508              	.LASF39:
 1509 016f 2E5C4765 		.ascii	".\\Generated_Source\\PSoC4\\cyfitter_cfg.c\000"
 1509      6E657261 
 1509      7465645F 
 1509      536F7572 
 1509      63655C50 
 1510              	.LASF7:
 1511 0197 6C6F6E67 		.ascii	"long long int\000"
 1511      206C6F6E 
ARM GAS  C:\Users\g\AppData\Local\Temp\ccXkORIc.s 			page 35


 1511      6720696E 
 1511      7400
 1512              	.LASF40:
 1513 01a5 443A5C63 		.ascii	"D:\\code\\cypress\\SCB_Bootloader\\cncboot.cydsn\000"
 1513      6F64655C 
 1513      63797072 
 1513      6573735C 
 1513      5343425F 
 1514              	.LASF10:
 1515 01d2 63686172 		.ascii	"char\000"
 1515      00
 1516              	.LASF38:
 1517 01d7 474E5520 		.ascii	"GNU C 4.9.3 20150303 (release) [ARM/embedded-4_9-br"
 1517      4320342E 
 1517      392E3320 
 1517      32303135 
 1517      30333033 
 1518 020a 616E6368 		.ascii	"anch revision 221220] -mcpu=cortex-m0 -mthumb -g -O"
 1518      20726576 
 1518      6973696F 
 1518      6E203232 
 1518      31323230 
 1519 023d 67202D66 		.ascii	"g -ffunction-sections -ffat-lto-objects\000"
 1519      66756E63 
 1519      74696F6E 
 1519      2D736563 
 1519      74696F6E 
 1520              	.LASF20:
 1521 0265 6F666673 		.ascii	"offset\000"
 1521      657400
 1522              	.LASF3:
 1523 026c 73686F72 		.ascii	"short int\000"
 1523      7420696E 
 1523      7400
 1524              	.LASF37:
 1525 0276 43795379 		.ascii	"CySysClkWriteImoFreq\000"
 1525      73436C6B 
 1525      57726974 
 1525      65496D6F 
 1525      46726571 
 1526              	.LASF5:
 1527 028b 6C6F6E67 		.ascii	"long int\000"
 1527      20696E74 
 1527      00
 1528              	.LASF1:
 1529 0294 7369676E 		.ascii	"signed char\000"
 1529      65642063 
 1529      68617200 
 1530              	.LASF4:
 1531 02a0 73686F72 		.ascii	"short unsigned int\000"
 1531      7420756E 
 1531      7369676E 
 1531      65642069 
 1531      6E7400
 1532              		.ident	"GCC: (GNU Tools for ARM Embedded Processors) 4.9.3 20150303 (release) [ARM/embedded-4_9-br
