#***************************************************************************

#sjplacer

#Version:            1.1

#Build Date:         Dec  5 2017 15:35:27

#File Generated:     Mar 21 2021 16:05:28

#Purpose:            

#Copyright (C) 2010-2011 by Softjin Technologies Pvt Ltd. All rights reserved.

#***************************************************************************

Executing : C:\Program Files (x86)\Cypress\PSoC Creator\4.2\PSoC Creator\bin/sjplacer.exe --proj-name Tarocco --netlist-vh2 Tarocco_p.vh2 --arch p4_udb2x2a --arch-file C:\Program Files (x86)\Cypress\PSoC Creator\4.2\PSoC Creator\dev\arch/udbdsi_2x2_04.cydata --ip-file C:\Program Files (x86)\Cypress\PSoC Creator\4.2\PSoC Creator\dev\psoc4/psoc4a/ip_blocks.cydata --rrg-file C:\Program Files (x86)\Cypress\PSoC Creator\4.2\PSoC Creator\dev\psoc4/psoc4a/route_arch-rrg.cydata --irq-file C:\Program Files (x86)\Cypress\PSoC Creator\4.2\PSoC Creator\dev\psoc4/psoc4a/irqconn.cydata --dsi-conn-file C:\Program Files (x86)\Cypress\PSoC Creator\4.2\PSoC Creator\dev\psoc4/psoc4a/dsiconn.cydata --pins-file pins_28-SSOP.xml --lib-file Tarocco_p.lib --sdc-file Tarocco.sdc --io-pcf Tarocco.pci --outdir .

		Softjin Techologies Placer, Version 1.1

Build Date : Dec  5 2017	15:33:41

D2004: Option and Settings Summary
=============================================================
Netlist vh2 file          - Tarocco_p.vh2
Architecture file         - C:\Program Files (x86)\Cypress\PSoC Creator\4.2\PSoC Creator\dev\arch/udbdsi_2x2_04.cydata
Package                   - 
Defparam file             - 
SDC file                  - Tarocco.sdc
Output directory          - .
Timing library            - Tarocco_p.lib
IO Placement file         - Tarocco.pci

D2050: Starting reading inputs for placer
=============================================================
D2065: Reading netlist file : "Tarocco_p.vh2"
D2065: Reading arch file : "C:\Program Files (x86)\Cypress\PSoC Creator\4.2\PSoC Creator\dev\arch/udbdsi_2x2_04.cydata"
D2051: Reading of inputs for placer completed successfully

D2053: Starting placement of the design
=============================================================

Phase 2
Phase 3

Design Statistics after Packing
    Number of Combinational MCs 	:	6
    Number of Sequential MCs    	:	11
    Number of DPs               	:	2
    Number of Controls          	:	1
    Number of Status            	:	2
    Number of SyncCells         	:	4
    Number of count7cells       	:	0

Device Utilization Summary after Packing
    Macrocells                  :	17/32
    UDBS                        :	4/4
    IOs                         :	17/36


D2088: Phase 3, elapsed time : 0.0 (sec)

Phase 4
D2088: Phase 4, elapsed time : 0.0 (sec)

Phase 6

######################################################################
Placement Timing Summary

The timing summary is based on estimated routing delays after
placement. For final timing report, please carry out the timing
analysis after routing.
======================================================================

######################################################################
                     Clock Summary 
======================================================================
Number of clocks: 15
Clock: ADC_intClock         | Frequency: N/A       | Target:  12.0 MHz
Clock: ADC_intClock(FFB)    | Frequency: N/A       | Target:  12.0 MHz
Clock: Clock_2              | Frequency:  63.9 MHz | Target:   3.0 MHz
Clock: CyHFCLK              | Frequency:  63.9 MHz | Target:  48.0 MHz
Clock: CyILO                | Frequency: N/A       | Target:   0.0 MHz
Clock: CyIMO                | Frequency: N/A       | Target:  48.0 MHz
Clock: CyLFCLK              | Frequency: N/A       | Target:   0.0 MHz
Clock: CyRouted1            | Frequency: N/A       | Target:  48.0 MHz
Clock: CySYSCLK             | Frequency: N/A       | Target:  48.0 MHz
Clock: Cyclk12              | Frequency:  38.0 MHz | Target:  12.0 MHz
Clock: Cyclk12(FFB)         | Frequency: N/A       | Target:  12.0 MHz
Clock: UART_SCBCLK          | Frequency: N/A       | Target:   0.2 MHz
Clock: UART_SCBCLK(FFB)     | Frequency: N/A       | Target:   0.2 MHz
Clock: pwmClk               | Frequency: N/A       | Target:  48.0 MHz
Clock: pwmClk(FFB)          | Frequency: N/A       | Target:  48.0 MHz

======================================================================
                     End of Clock Summary
######################################################################

D2088: Phase 6, elapsed time : 0.0 (sec)

Phase 7
######################################################################
                     Clock Summary 
======================================================================
Number of clocks: 15
Clock: ADC_intClock         | Frequency: N/A       | Target:  12.0 MHz
Clock: ADC_intClock(FFB)    | Frequency: N/A       | Target:  12.0 MHz
Clock: Clock_2              | Frequency:  69.1 MHz | Target:   3.0 MHz
Clock: CyHFCLK              | Frequency:  69.1 MHz | Target:  48.0 MHz
Clock: CyILO                | Frequency: N/A       | Target:   0.0 MHz
Clock: CyIMO                | Frequency: N/A       | Target:  48.0 MHz
Clock: CyLFCLK              | Frequency: N/A       | Target:   0.0 MHz
Clock: CyRouted1            | Frequency: N/A       | Target:  48.0 MHz
Clock: CySYSCLK             | Frequency: N/A       | Target:  48.0 MHz
Clock: Cyclk12              | Frequency:  37.1 MHz | Target:  12.0 MHz
Clock: Cyclk12(FFB)         | Frequency: N/A       | Target:  12.0 MHz
Clock: UART_SCBCLK          | Frequency: N/A       | Target:   0.2 MHz
Clock: UART_SCBCLK(FFB)     | Frequency: N/A       | Target:   0.2 MHz
Clock: pwmClk               | Frequency: N/A       | Target:  48.0 MHz
Clock: pwmClk(FFB)          | Frequency: N/A       | Target:  48.0 MHz

======================================================================
                     End of Clock Summary
######################################################################
D2088: Phase 7, elapsed time : 0.1 (sec)

Final Design Statistics
    Number of Combinational MCs 	:	6
    Number of Sequential MCs    	:	11
    Number of DPs               	:	2
    Number of Controls          	:	1
    Number of Status            	:	2
    Number of SyncCells         	:	4
    Number of count7cells       	:	0
    Number of IOs       	:	17

Device Utilization Summary
    Macrocells                  :	17/32
    IOs                         :	17/36



######################################################################
Placement Timing Summary

The timing summary is based on estimated routing delays after
placement. For final timing report, please carry out the timing
analysis after routing.
======================================================================


######################################################################
                     Clock Summary 
======================================================================
Number of clocks: 15
Clock: ADC_intClock         | Frequency: N/A       | Target:  12.0 MHz
Clock: ADC_intClock(FFB)    | Frequency: N/A       | Target:  12.0 MHz
Clock: Clock_2              | Frequency:  69.1 MHz | Target:   3.3 MHz
Clock: CyHFCLK              | Frequency:  69.1 MHz | Target:  52.6 MHz
Clock: CyILO                | Frequency: N/A       | Target:   0.0 MHz
Clock: CyIMO                | Frequency: N/A       | Target:  48.0 MHz
Clock: CyLFCLK              | Frequency: N/A       | Target:   0.0 MHz
Clock: CyRouted1            | Frequency: N/A       | Target:  48.0 MHz
Clock: CySYSCLK             | Frequency: N/A       | Target:  48.0 MHz
Clock: Cyclk12              | Frequency:  36.3 MHz | Target:  13.2 MHz
Clock: Cyclk12(FFB)         | Frequency: N/A       | Target:  12.0 MHz
Clock: UART_SCBCLK          | Frequency: N/A       | Target:   0.2 MHz
Clock: UART_SCBCLK(FFB)     | Frequency: N/A       | Target:   0.2 MHz
Clock: pwmClk               | Frequency: N/A       | Target:  48.0 MHz
Clock: pwmClk(FFB)          | Frequency: N/A       | Target:  48.0 MHz

======================================================================
                     End of Clock Summary
######################################################################

Phase 8
D2088: Phase 8, elapsed time : 0.0 (sec)

D2054: Placement of the design completed successfully

I2076: Total run-time: 0.4 sec.

